travis_fold:start:system_info[0K[33;1mBuild system information[0m
Build language: java
Build group: stable
Build dist: precise
Build id: ''
Job id: ''
Runtime kernel version: 4.15.0-109-generic
[34m[1mBuild image provisioning date and time[0m
Thu Feb  5 15:09:33 UTC 2015
[34m[1mOperating System Details[0m
Distributor ID:	Ubuntu
Description:	Ubuntu 12.04.5 LTS
Release:	12.04
Codename:	precise
[34m[1mLinux Version[0m
3.13.0-29-generic
[34m[1mCookbooks Version[0m
a68419e https://github.com/travis-ci/travis-cookbooks/tree/a68419e
[34m[1mGCC version[0m
gcc (Ubuntu/Linaro 4.6.3-1ubuntu5) 4.6.3
Copyright (C) 2011 Free Software Foundation, Inc.
This is free software; see the source for copying conditions.  There is NO
warranty; not even for MERCHANTABILITY or FITNESS FOR A PARTICULAR PURPOSE.

[34m[1mLLVM version[0m
clang version 3.4 (tags/RELEASE_34/final)
Target: x86_64-unknown-linux-gnu
Thread model: posix
[34m[1mPre-installed Ruby versions[0m
ruby-1.9.3-p551
[34m[1mPre-installed Node.js versions[0m
v0.10.36
[34m[1mPre-installed Go versions[0m
1.4.1
[34m[1mRedis version[0m
redis-server 2.8.19
[34m[1mriak version[0m
2.0.2
[34m[1mMongoDB version[0m
MongoDB 2.4.12
[34m[1mCouchDB version[0m
couchdb 1.6.1
[34m[1mNeo4j version[0m
1.9.4
[34m[1mRabbitMQ Version[0m
3.4.3
[34m[1mElasticSearch version[0m
1.4.0
[34m[1mInstalled Sphinx versions[0m
2.0.10
2.1.9
2.2.6
[34m[1mDefault Sphinx version[0m
2.2.6
[34m[1mInstalled Firefox version[0m
firefox 31.0esr
[34m[1mPhantomJS version[0m
1.9.8
[34m[1mant -version[0m
Apache Ant(TM) version 1.8.2 compiled on December 3 2011
[34m[1mmvn -version[0m
Apache Maven 3.2.5 (12a6b3acb947671f09b81f49094c53f426d8cea1; 2014-12-14T17:29:23+00:00)
Maven home: /usr/local/maven
Java version: 1.7.0_76, vendor: Oracle Corporation
Java home: /usr/lib/jvm/java-7-oracle/jre
Default locale: en_US, platform encoding: ANSI_X3.4-1968
OS name: "linux", version: "3.13.0-29-generic", arch: "amd64", family: "unix"
travis_fold:end:system_info[0K
[31;1mTimeout waiting for network availability.[0m
sed: cannot rename /etc/hosts: Device or resource busy
travis_fold:start:docker_mtu[0Ktee: /etc/docker/daemon.json: No such file or directory
docker: unrecognized service
travis_fold:end:docker_mtu[0K
travis_fold:start:install_jdk[0K[33;1mInstalling oraclejdk8[0m
$ jdk_switcher use "oraclejdk8"
Switching to Oracle JDK8 (java-8-oracle), JAVA_HOME will be set to /usr/lib/jvm/java-8-oracle
travis_fold:end:install_jdk[0K
$ cd failed/graphhopper/graphhopper


[33;1mSetting environment variables from .travis.yml[0m
$ export BASEURL=https://www-eu.apache.org/dist/maven/maven-3/VERSION/binaries/apache-maven-VERSION-bin.zip
$ export FILE=apache-maven-VERSION-bin.zip
$ export DIR=apache-maven-VERSION
$ export VERSION=3.3.9
$ export CI_DEPLOY_USERNAME=[secure]
$ export CI_DEPLOY_PASSWORD=[secure]

travis_fold:start:cache.1[0KSetting up build cache
$ export CASHER_DIR=${TRAVIS_HOME}/.casher
travis_time:start:11ed89e0[0K$ Installing caching utilities

[31;1mThe command "eval curl -sf  -o $CASHER_DIR/bin/casher https:///files/casher " failed. Retrying, 2 of 3.[0m


[31;1mThe command "eval curl -sf  -o $CASHER_DIR/bin/casher https:///files/casher " failed. Retrying, 3 of 3.[0m


[31;1mThe command "eval curl -sf  -o $CASHER_DIR/bin/casher https:///files/casher " failed 3 times.[0m

travis_time:end:11ed89e0:start=1639836177676108656,finish=1639836180771578665,duration=3095470009[0Ktravis_time:start:0ac39014[0K$ Installing caching utilities from the Travis CI server (https:///files/casher) failed, failing over to using GitHub (https://raw.githubusercontent.com/travis-ci/casher/bash/bin/casher)
travis_time:end:0ac39014:start=1639836180778222103,finish=1639836181054639595,duration=276417492[0Ktravis_time:start:0bf07fe8[0Ktravis_time:end:0bf07fe8:start=1639836181064387366,finish=1639836181070502808,duration=6115442[0Ktravis_time:start:121f9602[0KYAML safe loading is not available. Please upgrade psych to a version that supports safe loading (>= 2.0).
attempting to download cache archive[0m
[31;1mcould not download cache[0m
travis_time:end:121f9602:start=1639836181076908768,finish=1639836182480199927,duration=1403291159[0Ktravis_time:start:204a14fc[0Ktravis_time:end:204a14fc:start=1639836182488000104,finish=1639836182492807165,duration=4807061[0Ktravis_time:start:1a383e90[0KYAML safe loading is not available. Please upgrade psych to a version that supports safe loading (>= 2.0).
adding /home/travis/.m2 to cache[0m
travis_time:end:1a383e90:start=1639836182500542945,finish=1639836225904665452,duration=43404122507[0Ktravis_fold:end:cache.1[0K
$ java -Xmx32m -version
java version "1.8.0_31"
Java(TM) SE Runtime Environment (build 1.8.0_31-b13)
Java HotSpot(TM) 64-Bit Server VM (build 25.31-b07, mixed mode)
$ javac -J-Xmx32m -version
javac 1.8.0_31
travis_fold:start:before_install.1[0Ktravis_time:start:3d0197e4[0K$ if [ "$TRAVIS_OS_NAME" == "linux" ]; then wget --no-check-certificate $(echo -n $BASEURL | sed -e 's#VERSION#'$VERSION'#g'); unzip -qq $(echo -n $FILE | sed -e 's#VERSION#'$VERSION'#'); export M2_HOME=$PWD/$(echo -n $DIR | sed -e 's#VERSION#'$VERSION'#'); export PATH=$M2_HOME/bin:$PATH; fi
--2021-12-18 14:03:46--  https://www-eu.apache.org/dist/maven/maven-3/3.3.9/binaries/apache-maven-3.3.9-bin.zip
Resolving www-eu.apache.org (www-eu.apache.org)... 95.216.26.30, 2a01:4f9:2a:1a61::2
Connecting to www-eu.apache.org (www-eu.apache.org)|95.216.26.30|:443... connected.
WARNING: no certificate subject alternative name matches
	requested host name `www-eu.apache.org'.
HTTP request sent, awaiting response... 302 Found
Location: https://downloads.apache.org/maven/maven-3/3.3.9/binaries/apache-maven-3.3.9-bin.zip [following]
--2021-12-18 14:03:47--  https://downloads.apache.org/maven/maven-3/3.3.9/binaries/apache-maven-3.3.9-bin.zip
Resolving downloads.apache.org (downloads.apache.org)... 88.99.95.219, 135.181.214.104, 2a01:4f9:3a:2c57::2, ...
Connecting to downloads.apache.org (downloads.apache.org)|88.99.95.219|:443... connected.
HTTP request sent, awaiting response... 200 OK
Length: 8617253 (8.2M) [application/zip]
Saving to: `apache-maven-3.3.9-bin.zip'

     0K .......... .......... .......... .......... ..........  0%  151K 55s
    50K .......... .......... .......... .......... ..........  1%  311K 41s
   100K .......... .......... .......... .......... ..........  1% 4.97M 28s
   150K .......... .......... .......... .......... ..........  2% 4.77M 21s
   200K .......... .......... .......... .......... ..........  2%  336K 22s
   250K .......... .......... .......... .......... ..........  3% 5.20M 18s
   300K .......... .......... .......... .......... ..........  4% 4.89M 16s
   350K .......... .......... .......... .......... ..........  4% 4.15M 14s
   400K .......... .......... .......... .......... ..........  5%  401K 14s
   450K .......... .......... .......... .......... ..........  5% 4.14M 13s
   500K .......... .......... .......... .......... ..........  6% 4.82M 12s
   550K .......... .......... .......... .......... ..........  7% 8.67M 11s
   600K .......... .......... .......... .......... ..........  7% 6.56M 10s
   650K .......... .......... .......... .......... ..........  8% 7.01M 9s
   700K .......... .......... .......... .......... ..........  8% 7.20M 9s
   750K .......... .......... .......... .......... ..........  9% 6.62M 8s
   800K .......... .......... .......... .......... .......... 10% 4.39M 8s
   850K .......... .......... .......... .......... .......... 10%  532K 8s
   900K .......... .......... .......... .......... .......... 11% 9.58M 8s
   950K .......... .......... .......... .......... .......... 11% 8.16M 7s
  1000K .......... .......... .......... .......... .......... 12% 7.61M 7s
  1050K .......... .......... .......... .......... .......... 13% 10.8M 7s
  1100K .......... .......... .......... .......... .......... 13% 12.4M 6s
  1150K .......... .......... .......... .......... .......... 14% 17.7M 6s
  1200K .......... .......... .......... .......... .......... 14% 7.72M 6s
  1250K .......... .......... .......... .......... .......... 15% 10.6M 6s
  1300K .......... .......... .......... .......... .......... 16% 14.2M 5s
  1350K .......... .......... .......... .......... .......... 16% 14.8M 5s
  1400K .......... .......... .......... .......... .......... 17% 10.9M 5s
  1450K .......... .......... .......... .......... .......... 17% 17.4M 5s
  1500K .......... .......... .......... .......... .......... 18% 12.6M 5s
  1550K .......... .......... .......... .......... .......... 19% 11.7M 4s
  1600K .......... .......... .......... .......... .......... 19% 12.2M 4s
  1650K .......... .......... .......... .......... .......... 20% 11.0M 4s
  1700K .......... .......... .......... .......... .......... 20% 12.4M 4s
  1750K .......... .......... .......... .......... .......... 21%  581K 4s
  1800K .......... .......... .......... .......... .......... 21% 12.0M 4s
  1850K .......... .......... .......... .......... .......... 22% 14.7M 4s
  1900K .......... .......... .......... .......... .......... 23% 22.4M 4s
  1950K .......... .......... .......... .......... .......... 23% 12.6M 4s
  2000K .......... .......... .......... .......... .......... 24% 16.9M 4s
  2050K .......... .......... .......... .......... .......... 24% 17.4M 3s
  2100K .......... .......... .......... .......... .......... 25% 18.2M 3s
  2150K .......... .......... .......... .......... .......... 26% 13.3M 3s
  2200K .......... .......... .......... .......... .......... 26% 12.7M 3s
  2250K .......... .......... .......... .......... .......... 27% 13.9M 3s
  2300K .......... .......... .......... .......... .......... 27% 17.6M 3s
  2350K .......... .......... .......... .......... .......... 28% 50.3M 3s
  2400K .......... .......... .......... .......... .......... 29% 11.1M 3s
  2450K .......... .......... .......... .......... .......... 29% 42.6M 3s
  2500K .......... .......... .......... .......... .......... 30% 28.2M 3s
  2550K .......... .......... .......... .......... .......... 30% 11.3M 3s
  2600K .......... .......... .......... .......... .......... 31% 17.3M 3s
  2650K .......... .......... .......... .......... .......... 32% 27.8M 3s
  2700K .......... .......... .......... .......... .......... 32% 31.0M 2s
  2750K .......... .......... .......... .......... .......... 33% 22.6M 2s
  2800K .......... .......... .......... .......... .......... 33% 17.2M 2s
  2850K .......... .......... .......... .......... .......... 34% 18.7M 2s
  2900K .......... .......... .......... .......... .......... 35% 30.9M 2s
  2950K .......... .......... .......... .......... .......... 35% 23.0M 2s
  3000K .......... .......... .......... .......... .......... 36% 30.1M 2s
  3050K .......... .......... .......... .......... .......... 36% 17.3M 2s
  3100K .......... .......... .......... .......... .......... 37% 30.6M 2s
  3150K .......... .......... .......... .......... .......... 38% 29.7M 2s
  3200K .......... .......... .......... .......... .......... 38% 17.7M 2s
  3250K .......... .......... .......... .......... .......... 39% 29.9M 2s
  3300K .......... .......... .......... .......... .......... 39% 28.7M 2s
  3350K .......... .......... .......... .......... .......... 40% 31.7M 2s
  3400K .......... .......... .......... .......... .......... 40% 29.6M 2s
  3450K .......... .......... .......... .......... .......... 41% 31.7M 2s
  3500K .......... .......... .......... .......... .......... 42% 17.7M 2s
  3550K .......... .......... .......... .......... .......... 42%  676K 2s
  3600K .......... .......... .......... .......... .......... 43% 16.1M 2s
  3650K .......... .......... .......... .......... .......... 43% 25.4M 2s
  3700K .......... .......... .......... .......... .......... 44% 21.1M 2s
  3750K .......... .......... .......... .......... .......... 45% 9.43M 2s
  3800K .......... .......... .......... .......... .......... 45% 41.0M 2s
  3850K .......... .......... .......... .......... .......... 46% 30.6M 2s
  3900K .......... .......... .......... .......... .......... 46% 19.8M 1s
  3950K .......... .......... .......... .......... .......... 47% 11.5M 1s
  4000K .......... .......... .......... .......... .......... 48% 14.5M 1s
  4050K .......... .......... .......... .......... .......... 48% 24.4M 1s
  4100K .......... .......... .......... .......... .......... 49% 44.3M 1s
  4150K .......... .......... .......... .......... .......... 49% 27.9M 1s
  4200K .......... .......... .......... .......... .......... 50% 31.8M 1s
  4250K .......... .......... .......... .......... .......... 51% 29.4M 1s
  4300K .......... .......... .......... .......... .......... 51% 48.0M 1s
  4350K .......... .......... .......... .......... .......... 52% 19.1M 1s
  4400K .......... .......... .......... .......... .......... 52% 49.6M 1s
  4450K .......... .......... .......... .......... .......... 53% 14.8M 1s
  4500K .......... .......... .......... .......... .......... 54% 42.2M 1s
  4550K .......... .......... .......... .......... .......... 54% 22.2M 1s
  4600K .......... .......... .......... .......... .......... 55% 34.1M 1s
  4650K .......... .......... .......... .......... .......... 55% 29.3M 1s
  4700K .......... .......... .......... .......... .......... 56%  109M 1s
  4750K .......... .......... .......... .......... .......... 57% 31.2M 1s
  4800K .......... .......... .......... .......... .......... 57% 25.8M 1s
  4850K .......... .......... .......... .......... .......... 58% 32.4M 1s
  4900K .......... .......... .......... .......... .......... 58% 31.9M 1s
  4950K .......... .......... .......... .......... .......... 59% 49.6M 1s
  5000K .......... .......... .......... .......... .......... 60% 41.5M 1s
  5050K .......... .......... .......... .......... .......... 60% 98.2M 1s
  5100K .......... .......... .......... .......... .......... 61% 31.4M 1s
  5150K .......... .......... .......... .......... .......... 61% 47.6M 1s
  5200K .......... .......... .......... .......... .......... 62% 44.9M 1s
  5250K .......... .......... .......... .......... .......... 62% 21.3M 1s
  5300K .......... .......... .......... .......... .......... 63% 42.7M 1s
  5350K .......... .......... .......... .......... .......... 64% 35.4M 1s
  5400K .......... .......... .......... .......... .......... 64% 41.9M 1s
  5450K .......... .......... .......... .......... .......... 65% 31.1M 1s
  5500K .......... .......... .......... .......... .......... 65% 82.6M 1s
  5550K .......... .......... .......... .......... .......... 66% 32.7M 1s
  5600K .......... .......... .......... .......... .......... 67% 19.1M 1s
  5650K .......... .......... .......... .......... .......... 67% 75.9M 1s
  5700K .......... .......... .......... .......... .......... 68% 31.2M 1s
  5750K .......... .......... .......... .......... .......... 68%  116M 1s
  5800K .......... .......... .......... .......... .......... 69% 29.9M 1s
  5850K .......... .......... .......... .......... .......... 70% 29.4M 1s
  5900K .......... .......... .......... .......... .......... 70% 29.3M 1s
  5950K .......... .......... .......... .......... .......... 71%  104M 1s
  6000K .......... .......... .......... .......... .......... 71% 37.7M 1s
  6050K .......... .......... .......... .......... .......... 72% 30.4M 1s
  6100K .......... .......... .......... .......... .......... 73% 34.0M 1s
  6150K .......... .......... .......... .......... .......... 73% 28.3M 0s
  6200K .......... .......... .......... .......... .......... 74% 92.2M 0s
  6250K .......... .......... .......... .......... .......... 74% 29.0M 0s
  6300K .......... .......... .......... .......... .......... 75% 30.8M 0s
  6350K .......... .......... .......... .......... .......... 76% 31.4M 0s
  6400K .......... .......... .......... .......... .......... 76% 27.6M 0s
  6450K .......... .......... .......... .......... .......... 77% 84.9M 0s
  6500K .......... .......... .......... .......... .......... 77% 31.6M 0s
  6550K .......... .......... .......... .......... .......... 78%  571K 0s
  6600K .......... .......... .......... .......... .......... 79% 26.6M 0s
  6650K .......... .......... .......... .......... .......... 79% 11.5M 0s
  6700K .......... .......... .......... .......... .......... 80% 56.2M 0s
  6750K .......... .......... .......... .......... .......... 80% 11.5M 0s
  6800K .......... .......... .......... .......... .......... 81% 19.4M 0s
  6850K .......... .......... .......... .......... .......... 81% 79.9M 0s
  6900K .......... .......... .......... .......... .......... 82% 24.1M 0s
  6950K .......... .......... .......... .......... .......... 83% 39.3M 0s
  7000K .......... .......... .......... .......... .......... 83% 93.3M 0s
  7050K .......... .......... .......... .......... .......... 84% 97.4M 0s
  7100K .......... .......... .......... .......... .......... 84%  104M 0s
  7150K .......... .......... .......... .......... .......... 85%  133M 0s
  7200K .......... .......... .......... .......... .......... 86%  108M 0s
  7250K .......... .......... .......... .......... .......... 86% 43.0M 0s
  7300K .......... .......... .......... .......... .......... 87%  112M 0s
  7350K .......... .......... .......... .......... .......... 87% 35.4M 0s
  7400K .......... .......... .......... .......... .......... 88% 80.2M 0s
  7450K .......... .......... .......... .......... .......... 89%  107M 0s
  7500K .......... .......... .......... .......... .......... 89%  117M 0s
  7550K .......... .......... .......... .......... .......... 90% 16.0M 0s
  7600K .......... .......... .......... .......... .......... 90% 89.9M 0s
  7650K .......... .......... .......... .......... .......... 91%  115M 0s
  7700K .......... .......... .......... .......... .......... 92% 66.8M 0s
  7750K .......... .......... .......... .......... .......... 92%  108M 0s
  7800K .......... .......... .......... .......... .......... 93% 31.3M 0s
  7850K .......... .......... .......... .......... .......... 93% 30.6M 0s
  7900K .......... .......... .......... .......... .......... 94% 29.7M 0s
  7950K .......... .......... .......... .......... .......... 95%  101M 0s
  8000K .......... .......... .......... .......... .......... 95% 5.62M 0s
  8050K .......... .......... .......... .......... .......... 96% 93.0M 0s
  8100K .......... .......... .......... .......... .......... 96% 79.0M 0s
  8150K .......... .......... .......... .......... .......... 97% 55.0M 0s
  8200K .......... .......... .......... .......... .......... 98% 95.3M 0s
  8250K .......... .......... .......... .......... .......... 98% 50.2M 0s
  8300K .......... .......... .......... .......... .......... 99% 49.3M 0s
  8350K .......... .......... .......... .......... .......... 99% 43.8M 0s
  8400K .......... .....                                      100% 87.3M=1.5s

2021-12-18 14:03:49 (5.36 MB/s) - `apache-maven-3.3.9-bin.zip' saved [8617253/8617253]

travis_time:end:3d0197e4:start=1639836226203212944,finish=1639836229432763220,duration=3229550276[0Ktravis_fold:end:before_install.1[0Ktravis_fold:start:before_install.2[0Ktravis_time:start:061cb82a[0K$ if [ "$TRAVIS_OS_NAME" == "linux" ] && [ "$JVM" == "latest" ]; then sudo apt-get update -qq; sudo /bin/echo -e oracle-java9-installer shared/accepted-oracle-license-v1-1 select true | sudo debconf-set-selections; sudo apt-get -o Dpkg::Options::="--force-confnew" install -y oracle-java9-installer oracle-java9-set-default oracle-java9-unlimited-jce-policy; sudo update-java-alternatives -s java-9-oracle; fi
travis_time:end:061cb82a:start=1639836229439734822,finish=1639836229444506567,duration=4771745[0Ktravis_fold:end:before_install.2[0Ktravis_fold:start:install[0Ktravis_time:start:181b2543[0K$ true
travis_time:end:181b2543:start=1639836229451102746,finish=1639836229455212813,duration=4110067[0Ktravis_fold:end:install[0Ktravis_time:start:01529bca[0K$ mvn clean test verify -Dhttps.protocols=TLSv1.2 -B
Java HotSpot(TM) 64-Bit Server VM warning: ignoring option MaxPermSize=192m; support was removed in 8.0
[INFO] Scanning for projects...
[INFO] ------------------------------------------------------------------------
[INFO] Reactor Build Order:
[INFO] 
[INFO] GraphHopper Parent Project
[INFO] GraphHopper Core
[INFO] GraphHopper Reader for OpenStreetMap Data
[INFO] GraphHopper Reader for Gtfs Data
[INFO] GraphHopper Reader JSON
[INFO] GraphHopper Tools
[INFO] GraphHopper Web
[INFO] GraphHopper Reader for Shapefile Data
[INFO]                                                                         
[INFO] ------------------------------------------------------------------------
[INFO] Building GraphHopper Parent Project 0.9-SNAPSHOT
[INFO] ------------------------------------------------------------------------
[INFO] 
[INFO] --- maven-clean-plugin:2.5:clean (default-clean) @ graphhopper-parent ---
[INFO] 
[INFO] --- maven-failsafe-plugin:2.19.1:integration-test (default) @ graphhopper-parent ---
[INFO] No tests to run.
[INFO] 
[INFO] --- maven-failsafe-plugin:2.19.1:verify (default) @ graphhopper-parent ---
[INFO]                                                                         
[INFO] ------------------------------------------------------------------------
[INFO] Building GraphHopper Core 0.9-SNAPSHOT
[INFO] ------------------------------------------------------------------------
[INFO] 
[INFO] --- maven-clean-plugin:2.5:clean (default-clean) @ graphhopper-core ---
[INFO] 
[INFO] --- maven-resources-plugin:2.6:resources (default-resources) @ graphhopper-core ---
[INFO] Using 'UTF-8' encoding to copy filtered resources.
[INFO] Copying 2 resources
[INFO] Copying 46 resources
[INFO] 
[INFO] --- maven-compiler-plugin:3.5.1:compile (default-compile) @ graphhopper-core ---
[INFO] Changes detected - recompiling the module!
[INFO] Compiling 266 source files to /home/travis/build/failed/graphhopper/graphhopper/core/target/classes
[INFO] 
[INFO] --- maven-resources-plugin:2.6:testResources (default-testResources) @ graphhopper-core ---
[INFO] Using 'UTF-8' encoding to copy filtered resources.
[INFO] Copying 11 resources
[INFO] 
[INFO] --- maven-compiler-plugin:3.5.1:testCompile (default-testCompile) @ graphhopper-core ---
[INFO] Changes detected - recompiling the module!
[INFO] Compiling 130 source files to /home/travis/build/failed/graphhopper/graphhopper/core/target/test-classes
[INFO] 
[INFO] --- maven-surefire-plugin:2.19.1:test (default-test) @ graphhopper-core ---

-------------------------------------------------------
 T E S T S
-------------------------------------------------------
Running com.graphhopper.reader.OSMElementTest
Tests run: 2, Failures: 0, Errors: 0, Skipped: 0, Time elapsed: 0.031 sec - in com.graphhopper.reader.OSMElementTest
Running com.graphhopper.reader.osm.conditional.ConditionalParserTest
Tests run: 5, Failures: 0, Errors: 0, Skipped: 0, Time elapsed: 0.099 sec - in com.graphhopper.reader.osm.conditional.ConditionalParserTest
Running com.graphhopper.reader.osm.conditional.DateRangeParserTest
Tests run: 18, Failures: 0, Errors: 0, Skipped: 0, Time elapsed: 0.025 sec - in com.graphhopper.reader.osm.conditional.DateRangeParserTest
Running com.graphhopper.reader.osm.conditional.ConditionalOSMTagInspectorTest
Tests run: 7, Failures: 0, Errors: 0, Skipped: 0, Time elapsed: 0.012 sec - in com.graphhopper.reader.osm.conditional.ConditionalOSMTagInspectorTest
Running com.graphhopper.reader.dem.CGIARProviderTest
Tests run: 3, Failures: 0, Errors: 0, Skipped: 0, Time elapsed: 0.379 sec - in com.graphhopper.reader.dem.CGIARProviderTest
Running com.graphhopper.reader.dem.TunnelElevationInterpolatorTest
Tests run: 5, Failures: 0, Errors: 0, Skipped: 0, Time elapsed: 0.072 sec - in com.graphhopper.reader.dem.TunnelElevationInterpolatorTest
Running com.graphhopper.reader.dem.BridgeElevationInterpolatorTest
Tests run: 1, Failures: 0, Errors: 0, Skipped: 0, Time elapsed: 0.001 sec - in com.graphhopper.reader.dem.BridgeElevationInterpolatorTest
Running com.graphhopper.reader.dem.ElevationInterpolatorTest
Tests run: 3, Failures: 0, Errors: 0, Skipped: 0, Time elapsed: 0.001 sec - in com.graphhopper.reader.dem.ElevationInterpolatorTest
Running com.graphhopper.reader.dem.HeightTileTest
Tests run: 3, Failures: 0, Errors: 0, Skipped: 0, Time elapsed: 0.009 sec - in com.graphhopper.reader.dem.HeightTileTest
Running com.graphhopper.reader.dem.SRTMProviderTest
Tests run: 4, Failures: 0, Errors: 0, Skipped: 0, Time elapsed: 4.795 sec - in com.graphhopper.reader.dem.SRTMProviderTest
Running com.graphhopper.reader.OSMNodeTest
Tests run: 1, Failures: 0, Errors: 0, Skipped: 0, Time elapsed: 0.001 sec - in com.graphhopper.reader.OSMNodeTest
Running com.graphhopper.reader.PrinctonReaderTest
Tests run: 2, Failures: 0, Errors: 0, Skipped: 0, Time elapsed: 0.033 sec - in com.graphhopper.reader.PrinctonReaderTest
Running com.graphhopper.routing.util.MotorcycleFlagEncoderTest
Tests run: 4, Failures: 0, Errors: 0, Skipped: 0, Time elapsed: 0.005 sec - in com.graphhopper.routing.util.MotorcycleFlagEncoderTest
Running com.graphhopper.routing.util.BikeFlagEncoderTest
Tests run: 25, Failures: 0, Errors: 0, Skipped: 0, Time elapsed: 0.044 sec - in com.graphhopper.routing.util.BikeFlagEncoderTest
Running com.graphhopper.routing.util.Bike2WeightFlagEncoderTest
Tests run: 29, Failures: 0, Errors: 0, Skipped: 0, Time elapsed: 0.035 sec - in com.graphhopper.routing.util.Bike2WeightFlagEncoderTest
Running com.graphhopper.routing.util.FootFlagEncoderTest
Tests run: 12, Failures: 0, Errors: 0, Skipped: 0, Time elapsed: 0.009 sec - in com.graphhopper.routing.util.FootFlagEncoderTest
Running com.graphhopper.routing.util.MountainBikeFlagEncoderTest
Tests run: 17, Failures: 0, Errors: 0, Skipped: 0, Time elapsed: 0.009 sec - in com.graphhopper.routing.util.MountainBikeFlagEncoderTest
Running com.graphhopper.routing.util.spatialrules.SpatialRuleLookupArrayTest
Tests run: 5, Failures: 0, Errors: 0, Skipped: 0, Time elapsed: 0.03 sec - in com.graphhopper.routing.util.spatialrules.SpatialRuleLookupArrayTest
Running com.graphhopper.routing.util.spatialrules.PolygonTest
Tests run: 1, Failures: 0, Errors: 0, Skipped: 0, Time elapsed: 0.001 sec - in com.graphhopper.routing.util.spatialrules.PolygonTest
Running com.graphhopper.routing.util.AbstractFlagEncoderTest
Tests run: 1, Failures: 0, Errors: 0, Skipped: 0, Time elapsed: 0 sec - in com.graphhopper.routing.util.AbstractFlagEncoderTest
Running com.graphhopper.routing.util.HikeFlagEncoderTest
Tests run: 1, Failures: 0, Errors: 0, Skipped: 0, Time elapsed: 0 sec - in com.graphhopper.routing.util.HikeFlagEncoderTest
Running com.graphhopper.routing.util.CarFlagEncoderTest
Tests run: 21, Failures: 0, Errors: 0, Skipped: 0, Time elapsed: 0.008 sec - in com.graphhopper.routing.util.CarFlagEncoderTest
Running com.graphhopper.routing.util.Car4WDFlagEncoderTest
Tests run: 21, Failures: 0, Errors: 0, Skipped: 0, Time elapsed: 0.007 sec - in com.graphhopper.routing.util.Car4WDFlagEncoderTest
Running com.graphhopper.routing.util.tour.SinglePointTourTest
Tests run: 1, Failures: 0, Errors: 0, Skipped: 0, Time elapsed: 0.002 sec - in com.graphhopper.routing.util.tour.SinglePointTourTest
Running com.graphhopper.routing.util.DataFlagEncoderTest
Tests run: 18, Failures: 0, Errors: 0, Skipped: 0, Time elapsed: 0.02 sec - in com.graphhopper.routing.util.DataFlagEncoderTest
Running com.graphhopper.routing.util.EncodedValueTest
Tests run: 2, Failures: 0, Errors: 0, Skipped: 0, Time elapsed: 0 sec - in com.graphhopper.routing.util.EncodedValueTest
Running com.graphhopper.routing.util.NameSimilarityEdgeFilterTest
Tests run: 4, Failures: 0, Errors: 0, Skipped: 0, Time elapsed: 0.01 sec - in com.graphhopper.routing.util.NameSimilarityEdgeFilterTest
Running com.graphhopper.routing.util.RacingBikeFlagEncoderTest
Tests run: 18, Failures: 0, Errors: 0, Skipped: 0, Time elapsed: 0.006 sec - in com.graphhopper.routing.util.RacingBikeFlagEncoderTest
Running com.graphhopper.routing.util.EncodingManagerTest
Tests run: 10, Failures: 0, Errors: 0, Skipped: 0, Time elapsed: 0.01 sec - in com.graphhopper.routing.util.EncodingManagerTest
Running com.graphhopper.routing.util.EncodedDoubleValueTest
Tests run: 4, Failures: 0, Errors: 0, Skipped: 0, Time elapsed: 0 sec - in com.graphhopper.routing.util.EncodedDoubleValueTest
Running com.graphhopper.routing.ch.CHAlgoFactoryDecoratorTest
Tests run: 1, Failures: 0, Errors: 0, Skipped: 0, Time elapsed: 0.001 sec - in com.graphhopper.routing.ch.CHAlgoFactoryDecoratorTest
Running com.graphhopper.routing.ch.DijkstraBidirectionCHTest
Tests run: 27, Failures: 0, Errors: 0, Skipped: 0, Time elapsed: 0.387 sec - in com.graphhopper.routing.ch.DijkstraBidirectionCHTest
Running com.graphhopper.routing.ch.PrepareContractionHierarchiesTest
Tests run: 18, Failures: 0, Errors: 0, Skipped: 0, Time elapsed: 0.079 sec - in com.graphhopper.routing.ch.PrepareContractionHierarchiesTest
Running com.graphhopper.routing.ch.PrepareEncoderTest
Tests run: 1, Failures: 0, Errors: 0, Skipped: 0, Time elapsed: 0 sec - in com.graphhopper.routing.ch.PrepareEncoderTest
Running com.graphhopper.routing.weighting.AbstractWeightingTest
Tests run: 1, Failures: 0, Errors: 0, Skipped: 0, Time elapsed: 0.001 sec - in com.graphhopper.routing.weighting.AbstractWeightingTest
Running com.graphhopper.routing.weighting.ShortFastestWeightingTest
Tests run: 2, Failures: 0, Errors: 0, Skipped: 0, Time elapsed: 0 sec - in com.graphhopper.routing.weighting.ShortFastestWeightingTest
Running com.graphhopper.routing.weighting.GenericWeightingTest
Tests run: 6, Failures: 0, Errors: 0, Skipped: 0, Time elapsed: 0.019 sec - in com.graphhopper.routing.weighting.GenericWeightingTest
Running com.graphhopper.routing.weighting.FastestWeightingTest
Tests run: 4, Failures: 0, Errors: 0, Skipped: 0, Time elapsed: 0.007 sec - in com.graphhopper.routing.weighting.FastestWeightingTest
Running com.graphhopper.routing.lm.LandmarkStorageTest
2021-12-18 14:04:19,422 [main] WARN  com.graphhopper.routing.lm.LandmarkStorage - next start node not found in big enough network of size 2, first element is 5, 0.0,0.0
Tests run: 7, Failures: 0, Errors: 0, Skipped: 0, Time elapsed: 0.041 sec - in com.graphhopper.routing.lm.LandmarkStorageTest
Running com.graphhopper.routing.lm.PrepareLandmarksTest
Tests run: 2, Failures: 0, Errors: 0, Skipped: 0, Time elapsed: 0.048 sec - in com.graphhopper.routing.lm.PrepareLandmarksTest
Running com.graphhopper.routing.lm.LMAlgoFactoryDecoratorTest
Tests run: 1, Failures: 0, Errors: 0, Skipped: 0, Time elapsed: 0.001 sec - in com.graphhopper.routing.lm.LMAlgoFactoryDecoratorTest
Running com.graphhopper.routing.template.RoundTripRoutingTemplateTest
Tests run: 1, Failures: 0, Errors: 0, Skipped: 0, Time elapsed: 0.007 sec - in com.graphhopper.routing.template.RoundTripRoutingTemplateTest
Running com.graphhopper.routing.PathBidirRefTest
Tests run: 2, Failures: 0, Errors: 0, Skipped: 0, Time elapsed: 0.005 sec - in com.graphhopper.routing.PathBidirRefTest
Running com.graphhopper.routing.AStarTest
Tests run: 96, Failures: 0, Errors: 0, Skipped: 0, Time elapsed: 0.334 sec - in com.graphhopper.routing.AStarTest
Running com.graphhopper.routing.QueryGraphTest
Tests run: 17, Failures: 0, Errors: 0, Skipped: 0, Time elapsed: 0.043 sec - in com.graphhopper.routing.QueryGraphTest
Running com.graphhopper.routing.subnetwork.PrepareRoutingSubnetworksTest
Tests run: 9, Failures: 0, Errors: 0, Skipped: 0, Time elapsed: 0.025 sec - in com.graphhopper.routing.subnetwork.PrepareRoutingSubnetworksTest
Running com.graphhopper.routing.subnetwork.SubnetworkStorageTest
Tests run: 1, Failures: 0, Errors: 0, Skipped: 0, Time elapsed: 0 sec - in com.graphhopper.routing.subnetwork.SubnetworkStorageTest
Running com.graphhopper.routing.DijkstraTest
Tests run: 96, Failures: 0, Errors: 0, Skipped: 0, Time elapsed: 0.3 sec - in com.graphhopper.routing.DijkstraTest
Running com.graphhopper.routing.EdgeBasedRoutingAlgorithmTest
Tests run: 16, Failures: 0, Errors: 0, Skipped: 0, Time elapsed: 0.045 sec - in com.graphhopper.routing.EdgeBasedRoutingAlgorithmTest
Running com.graphhopper.routing.PathTest
Tests run: 19, Failures: 0, Errors: 0, Skipped: 0, Time elapsed: 0.076 sec - in com.graphhopper.routing.PathTest
Running com.graphhopper.routing.DijkstraOneToManyTest
Tests run: 30, Failures: 0, Errors: 0, Skipped: 0, Time elapsed: 0.138 sec - in com.graphhopper.routing.DijkstraOneToManyTest
Running com.graphhopper.routing.AStarBidirectionTest
Tests run: 100, Failures: 0, Errors: 0, Skipped: 0, Time elapsed: 0.408 sec - in com.graphhopper.routing.AStarBidirectionTest
Running com.graphhopper.routing.AlternativeRouteTest
Tests run: 6, Failures: 0, Errors: 0, Skipped: 0, Time elapsed: 0.014 sec - in com.graphhopper.routing.AlternativeRouteTest
Running com.graphhopper.routing.DijkstraBidirectionRefTest
Tests run: 96, Failures: 0, Errors: 0, Skipped: 0, Time elapsed: 0.299 sec - in com.graphhopper.routing.DijkstraBidirectionRefTest
Running com.graphhopper.storage.index.Location2IDQuadtreeTest
Tests run: 8, Failures: 0, Errors: 0, Skipped: 0, Time elapsed: 2.505 sec - in com.graphhopper.storage.index.Location2IDQuadtreeTest
Running com.graphhopper.storage.index.Location2IDFullIndexTest
Tests run: 8, Failures: 0, Errors: 0, Skipped: 0, Time elapsed: 0.156 sec - in com.graphhopper.storage.index.Location2IDFullIndexTest
Running com.graphhopper.storage.index.LocationIndexTreeCHTest
Tests run: 23, Failures: 0, Errors: 0, Skipped: 0, Time elapsed: 0.584 sec - in com.graphhopper.storage.index.LocationIndexTreeCHTest
Running com.graphhopper.storage.index.LocationIndexTreeTest
Tests run: 20, Failures: 0, Errors: 0, Skipped: 0, Time elapsed: 0.452 sec - in com.graphhopper.storage.index.LocationIndexTreeTest
Running com.graphhopper.storage.index.Location2IDFullWithEdgesIndexTest
Tests run: 8, Failures: 0, Errors: 0, Skipped: 0, Time elapsed: 0.205 sec - in com.graphhopper.storage.index.Location2IDFullWithEdgesIndexTest
Running com.graphhopper.storage.index.BresenhamLineTest
Tests run: 9, Failures: 0, Errors: 0, Skipped: 0, Time elapsed: 0 sec - in com.graphhopper.storage.index.BresenhamLineTest
Running com.graphhopper.storage.GraphEdgeIdFinderTest
Tests run: 1, Failures: 0, Errors: 0, Skipped: 0, Time elapsed: 0.017 sec - in com.graphhopper.storage.GraphEdgeIdFinderTest
Running com.graphhopper.storage.UnsafeDataAccessTest
Tests run: 15, Failures: 0, Errors: 0, Skipped: 0, Time elapsed: 0.015 sec - in com.graphhopper.storage.UnsafeDataAccessTest
Running com.graphhopper.storage.EdgeTest
Tests run: 1, Failures: 0, Errors: 0, Skipped: 0, Time elapsed: 0 sec - in com.graphhopper.storage.EdgeTest
Running com.graphhopper.storage.GraphHopperStorageCHTest
Tests run: 56, Failures: 0, Errors: 0, Skipped: 0, Time elapsed: 0.733 sec - in com.graphhopper.storage.GraphHopperStorageCHTest
Running com.graphhopper.storage.GraphHopperStorageTest
Tests run: 47, Failures: 0, Errors: 0, Skipped: 0, Time elapsed: 0.358 sec - in com.graphhopper.storage.GraphHopperStorageTest
Running com.graphhopper.storage.GraphStorageViaMMapTest
Tests run: 39, Failures: 0, Errors: 0, Skipped: 0, Time elapsed: 13.457 sec - in com.graphhopper.storage.GraphStorageViaMMapTest
Running com.graphhopper.storage.RAMDirectoryTest
Tests run: 2, Failures: 0, Errors: 0, Skipped: 0, Time elapsed: 0.003 sec - in com.graphhopper.storage.RAMDirectoryTest
Running com.graphhopper.storage.MMapDirectoryTest
Tests run: 2, Failures: 0, Errors: 0, Skipped: 0, Time elapsed: 0.41 sec - in com.graphhopper.storage.MMapDirectoryTest
Running com.graphhopper.storage.RAMDataAccessTest
Tests run: 14, Failures: 0, Errors: 0, Skipped: 0, Time elapsed: 0.006 sec - in com.graphhopper.storage.RAMDataAccessTest
Running com.graphhopper.storage.VLongStorageTest
Tests run: 2, Failures: 0, Errors: 0, Skipped: 0, Time elapsed: 0 sec - in com.graphhopper.storage.VLongStorageTest
Running com.graphhopper.storage.GraphHopperStorageWithTurnCostsTest
Tests run: 48, Failures: 0, Errors: 0, Skipped: 0, Time elapsed: 1.045 sec - in com.graphhopper.storage.GraphHopperStorageWithTurnCostsTest
Running com.graphhopper.storage.MMapDataAccessTest
Tests run: 16, Failures: 0, Errors: 0, Skipped: 0, Time elapsed: 6.826 sec - in com.graphhopper.storage.MMapDataAccessTest
Running com.graphhopper.storage.SimpleFSLockFactoryTest
Tests run: 2, Failures: 0, Errors: 0, Skipped: 0, Time elapsed: 0.002 sec - in com.graphhopper.storage.SimpleFSLockFactoryTest
Running com.graphhopper.storage.StorablePropertiesTest
Tests run: 3, Failures: 0, Errors: 0, Skipped: 0, Time elapsed: 0.001 sec - in com.graphhopper.storage.StorablePropertiesTest
Running com.graphhopper.storage.NativeFSLockFactoryTest
Tests run: 3, Failures: 0, Errors: 0, Skipped: 0, Time elapsed: 0.004 sec - in com.graphhopper.storage.NativeFSLockFactoryTest
Running com.graphhopper.storage.RAMIntDataAccessTest
Tests run: 14, Failures: 0, Errors: 0, Skipped: 0, Time elapsed: 0.005 sec - in com.graphhopper.storage.RAMIntDataAccessTest
Running com.graphhopper.storage.GraphHopperStorageForDataFlagEncoderTest
Tests run: 1, Failures: 0, Errors: 0, Skipped: 0, Time elapsed: 0.053 sec - in com.graphhopper.storage.GraphHopperStorageForDataFlagEncoderTest
Running com.graphhopper.util.shapes.GHPoint3DTest
Tests run: 1, Failures: 0, Errors: 0, Skipped: 0, Time elapsed: 0 sec - in com.graphhopper.util.shapes.GHPoint3DTest
Running com.graphhopper.util.shapes.BBoxTest
Tests run: 7, Failures: 0, Errors: 0, Skipped: 0, Time elapsed: 0.001 sec - in com.graphhopper.util.shapes.BBoxTest
Running com.graphhopper.util.shapes.GHPointTest
Tests run: 1, Failures: 0, Errors: 0, Skipped: 0, Time elapsed: 0 sec - in com.graphhopper.util.shapes.GHPointTest
Running com.graphhopper.util.shapes.CircleTest
Tests run: 5, Failures: 0, Errors: 0, Skipped: 0, Time elapsed: 0 sec - in com.graphhopper.util.shapes.CircleTest
Running com.graphhopper.util.BitUtilBigTest
Tests run: 10, Failures: 0, Errors: 0, Skipped: 0, Time elapsed: 0 sec - in com.graphhopper.util.BitUtilBigTest
Running com.graphhopper.util.SimpleIntDequeTest
Tests run: 3, Failures: 0, Errors: 0, Skipped: 0, Time elapsed: 0 sec - in com.graphhopper.util.SimpleIntDequeTest
Running com.graphhopper.util.TranslationMapTest
Tests run: 2, Failures: 0, Errors: 0, Skipped: 0, Time elapsed: 0 sec - in com.graphhopper.util.TranslationMapTest
Running com.graphhopper.util.DepthFirstSearchTest
Tests run: 2, Failures: 0, Errors: 0, Skipped: 0, Time elapsed: 0.031 sec - in com.graphhopper.util.DepthFirstSearchTest
Running com.graphhopper.util.BreadthFirstSearchTest
Tests run: 2, Failures: 0, Errors: 0, Skipped: 0, Time elapsed: 0.005 sec - in com.graphhopper.util.BreadthFirstSearchTest
Running com.graphhopper.util.GHUtilityTest
Tests run: 7, Failures: 0, Errors: 0, Skipped: 0, Time elapsed: 0.054 sec - in com.graphhopper.util.GHUtilityTest
Running com.graphhopper.util.ConfigMapTest
Tests run: 1, Failures: 0, Errors: 0, Skipped: 0, Time elapsed: 0 sec - in com.graphhopper.util.ConfigMapTest
Running com.graphhopper.util.FinishInstructionTest
Tests run: 1, Failures: 0, Errors: 0, Skipped: 0, Time elapsed: 0 sec - in com.graphhopper.util.FinishInstructionTest
Running com.graphhopper.util.PointListTest
Tests run: 4, Failures: 0, Errors: 0, Skipped: 0, Time elapsed: 0 sec - in com.graphhopper.util.PointListTest
Running com.graphhopper.util.DistanceCalcEarthTest
Tests run: 6, Failures: 0, Errors: 0, Skipped: 0, Time elapsed: 0.001 sec - in com.graphhopper.util.DistanceCalcEarthTest
Running com.graphhopper.util.InstructionTest
Tests run: 1, Failures: 0, Errors: 0, Skipped: 0, Time elapsed: 0 sec - in com.graphhopper.util.InstructionTest
Running com.graphhopper.util.CHEdgeIteratorTest
Tests run: 1, Failures: 0, Errors: 0, Skipped: 0, Time elapsed: 0.001 sec - in com.graphhopper.util.CHEdgeIteratorTest
Running com.graphhopper.util.DouglasPeuckerTest
Tests run: 4, Failures: 0, Errors: 0, Skipped: 0, Time elapsed: 0.003 sec - in com.graphhopper.util.DouglasPeuckerTest
Running com.graphhopper.util.BitUtilLittleTest
Tests run: 10, Failures: 0, Errors: 0, Skipped: 0, Time elapsed: 0 sec - in com.graphhopper.util.BitUtilLittleTest
Running com.graphhopper.util.AngleCalcTest
Tests run: 8, Failures: 0, Errors: 0, Skipped: 0, Time elapsed: 0 sec - in com.graphhopper.util.AngleCalcTest
Running com.graphhopper.util.PMapTest
Tests run: 6, Failures: 0, Errors: 0, Skipped: 0, Time elapsed: 0 sec - in com.graphhopper.util.PMapTest
Running com.graphhopper.util.HelperTest
Tests run: 9, Failures: 0, Errors: 0, Skipped: 0, Time elapsed: 0 sec - in com.graphhopper.util.HelperTest
Running com.graphhopper.util.InstructionListTest
Tests run: 11, Failures: 0, Errors: 0, Skipped: 0, Time elapsed: 0.155 sec - in com.graphhopper.util.InstructionListTest
Running com.graphhopper.coll.GHTreeMapComposedTest
Tests run: 1, Failures: 0, Errors: 0, Skipped: 0, Time elapsed: 0 sec - in com.graphhopper.coll.GHTreeMapComposedTest
Running com.graphhopper.coll.GHTBitSetTest
Tests run: 5, Failures: 0, Errors: 0, Skipped: 0, Time elapsed: 0 sec - in com.graphhopper.coll.GHTBitSetTest
Running com.graphhopper.coll.BitSetImplTest
Tests run: 5, Failures: 0, Errors: 0, Skipped: 0, Time elapsed: 0.001 sec - in com.graphhopper.coll.BitSetImplTest
Running com.graphhopper.coll.GHLongIntBTreeTest
Tests run: 6, Failures: 0, Errors: 0, Skipped: 0, Time elapsed: 0.01 sec - in com.graphhopper.coll.GHLongIntBTreeTest
Running com.graphhopper.coll.GHSortedCollectionTest
Tests run: 3, Failures: 0, Errors: 0, Skipped: 0, Time elapsed: 0 sec - in com.graphhopper.coll.GHSortedCollectionTest
Running com.graphhopper.coll.CompressedArrayTest
Tests run: 2, Failures: 0, Errors: 0, Skipped: 0, Time elapsed: 0.022 sec - in com.graphhopper.coll.CompressedArrayTest
Running com.graphhopper.coll.GHIntArrayListTest
Tests run: 3, Failures: 0, Errors: 0, Skipped: 0, Time elapsed: 0 sec - in com.graphhopper.coll.GHIntArrayListTest
Running com.graphhopper.coll.OSMIDMapTest
Tests run: 5, Failures: 0, Errors: 0, Skipped: 0, Time elapsed: 0 sec - in com.graphhopper.coll.OSMIDMapTest
Running com.graphhopper.geohash.LinearKeyAlgoTest
Tests run: 3, Failures: 0, Errors: 0, Skipped: 0, Time elapsed: 0 sec - in com.graphhopper.geohash.LinearKeyAlgoTest
Running com.graphhopper.geohash.SpatialKeyAlgoTest
Tests run: 10, Failures: 0, Errors: 0, Skipped: 0, Time elapsed: 0.001 sec - in com.graphhopper.geohash.SpatialKeyAlgoTest
Running com.graphhopper.GHRequestTest
Tests run: 2, Failures: 0, Errors: 0, Skipped: 0, Time elapsed: 0.001 sec - in com.graphhopper.GHRequestTest
Running com.graphhopper.GHResponseTest
Tests run: 2, Failures: 0, Errors: 0, Skipped: 0, Time elapsed: 0 sec - in com.graphhopper.GHResponseTest
Running com.graphhopper.search.NameIndexTest
Tests run: 5, Failures: 0, Errors: 0, Skipped: 0, Time elapsed: 0.011 sec - in com.graphhopper.search.NameIndexTest
Running com.graphhopper.apache.commons.lang3.StringUtilsTest
Tests run: 3, Failures: 0, Errors: 0, Skipped: 0, Time elapsed: 0.001 sec - in com.graphhopper.apache.commons.lang3.StringUtilsTest
Running com.graphhopper.apache.commons.collections.IntDoubleBinaryHeapTest
Tests run: 6, Failures: 0, Errors: 0, Skipped: 0, Time elapsed: 0.002 sec - in com.graphhopper.apache.commons.collections.IntDoubleBinaryHeapTest
Running com.graphhopper.GraphHopperAPITest
Tests run: 4, Failures: 0, Errors: 0, Skipped: 0, Time elapsed: 0.533 sec - in com.graphhopper.GraphHopperAPITest

Results :

Tests run: 1316, Failures: 0, Errors: 0, Skipped: 0

[INFO] 
[INFO] --- maven-resources-plugin:2.6:resources (default-resources) @ graphhopper-core ---
[INFO] Using 'UTF-8' encoding to copy filtered resources.
[INFO] Copying 2 resources
[INFO] Copying 46 resources
[INFO] 
[INFO] --- maven-compiler-plugin:3.5.1:compile (default-compile) @ graphhopper-core ---
[INFO] Nothing to compile - all classes are up to date
[INFO] 
[INFO] --- maven-resources-plugin:2.6:testResources (default-testResources) @ graphhopper-core ---
[INFO] Using 'UTF-8' encoding to copy filtered resources.
[INFO] Copying 11 resources
[INFO] 
[INFO] --- maven-compiler-plugin:3.5.1:testCompile (default-testCompile) @ graphhopper-core ---
[INFO] Nothing to compile - all classes are up to date
[INFO] 
[INFO] --- maven-surefire-plugin:2.19.1:test (default-test) @ graphhopper-core ---
[INFO] Skipping execution of surefire because it has already been run for this configuration
[INFO] 
[INFO] --- maven-jar-plugin:3.0.2:jar (default-jar) @ graphhopper-core ---
[INFO] Building jar: /home/travis/build/failed/graphhopper/graphhopper/core/target/graphhopper-core-0.9-SNAPSHOT.jar
[INFO] 
[INFO] --- maven-jar-plugin:3.0.2:test-jar (default) @ graphhopper-core ---
[INFO] Building jar: /home/travis/build/failed/graphhopper/graphhopper/core/target/graphhopper-core-0.9-SNAPSHOT-tests.jar
[INFO] 
[INFO] --- maven-failsafe-plugin:2.19.1:integration-test (default) @ graphhopper-core ---

-------------------------------------------------------
 T E S T S
-------------------------------------------------------
Running com.graphhopper.routing.RoutingAlgorithmIT
# RoutingAlgorithmIT algoEntry(astar):0.14536823, per run:0.01817103
# RoutingAlgorithmIT algoEntry(dijkstra):0.13041556, per run:0.016301945
# RoutingAlgorithmIT algoEntry(astarbi):0.07450817, per run:0.009313521
# RoutingAlgorithmIT algoEntry(dijkstrabi):0.06777558, per run:0.008471947
Tests run: 1, Failures: 0, Errors: 0, Skipped: 0, Time elapsed: 1.131 sec - in com.graphhopper.routing.RoutingAlgorithmIT

Results :

Tests run: 1, Failures: 0, Errors: 0, Skipped: 0

[INFO] 
[INFO] --- maven-failsafe-plugin:2.19.1:verify (default) @ graphhopper-core ---
[INFO]                                                                         
[INFO] ------------------------------------------------------------------------
[INFO] Building GraphHopper Reader for OpenStreetMap Data 0.9-SNAPSHOT
[INFO] ------------------------------------------------------------------------
[INFO] 
[INFO] --- maven-clean-plugin:2.5:clean (default-clean) @ graphhopper-reader-osm ---
[INFO] 
[INFO] --- maven-resources-plugin:2.6:resources (default-resources) @ graphhopper-reader-osm ---
[INFO] Using 'UTF-8' encoding to copy filtered resources.
[INFO] skip non existing resourceDirectory /home/travis/build/failed/graphhopper/graphhopper/reader-osm/src/main/resources
[INFO] 
[INFO] --- maven-compiler-plugin:3.5.1:compile (default-compile) @ graphhopper-reader-osm ---
[INFO] Changes detected - recompiling the module!
[INFO] Compiling 17 source files to /home/travis/build/failed/graphhopper/graphhopper/reader-osm/target/classes
[INFO] 
[INFO] --- maven-resources-plugin:2.6:testResources (default-testResources) @ graphhopper-reader-osm ---
[INFO] Using 'UTF-8' encoding to copy filtered resources.
[INFO] Copying 14 resources
[INFO] 
[INFO] --- maven-compiler-plugin:3.5.1:testCompile (default-testCompile) @ graphhopper-reader-osm ---
[INFO] Changes detected - recompiling the module!
[INFO] Compiling 6 source files to /home/travis/build/failed/graphhopper/graphhopper/reader-osm/target/test-classes
[INFO] 
[INFO] --- maven-surefire-plugin:2.19.1:test (default-test) @ graphhopper-reader-osm ---

-------------------------------------------------------
 T E S T S
-------------------------------------------------------
Running com.graphhopper.reader.osm.GraphHopperOSMTest
Tests run: 25, Failures: 0, Errors: 0, Skipped: 0, Time elapsed: 1.886 sec - in com.graphhopper.reader.osm.GraphHopperOSMTest
Running com.graphhopper.reader.osm.OSMReaderTest
2021-12-18 14:05:00,640 [main] WARN  com.graphhopper.reader.osm.OSMReader - Parsing error in way with OSMID=17 : Cannot parse duration tag value: P01:10
2021-12-18 14:05:00,643 [main] WARN  com.graphhopper.routing.util.AbstractFlagEncoder - Unrealistic long duration ignored in way with way ID=18 : Duration tag value=P1M (=44640 minutes)
2021-12-18 14:05:00,643 [main] WARN  com.graphhopper.routing.util.AbstractFlagEncoder - Unrealistic long duration ignored in way with way ID=18 : Duration tag value=P1M (=44640 minutes)
2021-12-18 14:05:00,643 [main] WARN  com.graphhopper.routing.util.AbstractFlagEncoder - Unrealistic long duration ignored in way with way ID=18 : Duration tag value=P1M (=44640 minutes)
2021-12-18 14:05:02,048 [main] WARN  com.graphhopper.reader.osm.OSMReader - Parsing error in way with OSMID=17 : Cannot parse duration tag value: P01:10
2021-12-18 14:05:02,048 [main] WARN  com.graphhopper.routing.util.AbstractFlagEncoder - Unrealistic long duration ignored in way with way ID=18 : Duration tag value=P1M (=44640 minutes)
2021-12-18 14:05:02,048 [main] WARN  com.graphhopper.routing.util.AbstractFlagEncoder - Unrealistic long duration ignored in way with way ID=18 : Duration tag value=P1M (=44640 minutes)
2021-12-18 14:05:02,048 [main] WARN  com.graphhopper.routing.util.AbstractFlagEncoder - Unrealistic long duration ignored in way with way ID=18 : Duration tag value=P1M (=44640 minutes)
2021-12-18 14:05:02,140 [main] WARN  com.graphhopper.reader.osm.OSMReader - Parsing error in way with OSMID=17 : Cannot parse duration tag value: P01:10
2021-12-18 14:05:02,141 [main] WARN  com.graphhopper.routing.util.AbstractFlagEncoder - Unrealistic long duration ignored in way with way ID=18 : Duration tag value=P1M (=44640 minutes)
2021-12-18 14:05:02,141 [main] WARN  com.graphhopper.routing.util.AbstractFlagEncoder - Unrealistic long duration ignored in way with way ID=18 : Duration tag value=P1M (=44640 minutes)
2021-12-18 14:05:02,141 [main] WARN  com.graphhopper.routing.util.AbstractFlagEncoder - Unrealistic long duration ignored in way with way ID=18 : Duration tag value=P1M (=44640 minutes)
Tests run: 22, Failures: 0, Errors: 0, Skipped: 0, Time elapsed: 1.751 sec - in com.graphhopper.reader.osm.OSMReaderTest
Running com.graphhopper.reader.osm.OSMTagParserTest
Tests run: 2, Failures: 0, Errors: 0, Skipped: 0, Time elapsed: 0.001 sec - in com.graphhopper.reader.osm.OSMTagParserTest
Running com.graphhopper.reader.osm.OSMTurnRelationTest
Tests run: 1, Failures: 0, Errors: 0, Skipped: 0, Time elapsed: 0.007 sec - in com.graphhopper.reader.osm.OSMTurnRelationTest

Results :

Tests run: 50, Failures: 0, Errors: 0, Skipped: 0

[INFO] 
[INFO] --- maven-resources-plugin:2.6:resources (default-resources) @ graphhopper-reader-osm ---
[INFO] Using 'UTF-8' encoding to copy filtered resources.
[INFO] skip non existing resourceDirectory /home/travis/build/failed/graphhopper/graphhopper/reader-osm/src/main/resources
[INFO] 
[INFO] --- maven-compiler-plugin:3.5.1:compile (default-compile) @ graphhopper-reader-osm ---
[INFO] Nothing to compile - all classes are up to date
[INFO] 
[INFO] --- maven-resources-plugin:2.6:testResources (default-testResources) @ graphhopper-reader-osm ---
[INFO] Using 'UTF-8' encoding to copy filtered resources.
[INFO] Copying 14 resources
[INFO] 
[INFO] --- maven-compiler-plugin:3.5.1:testCompile (default-testCompile) @ graphhopper-reader-osm ---
[INFO] Nothing to compile - all classes are up to date
[INFO] 
[INFO] --- maven-surefire-plugin:2.19.1:test (default-test) @ graphhopper-reader-osm ---
[INFO] Skipping execution of surefire because it has already been run for this configuration
[INFO] 
[INFO] --- maven-jar-plugin:3.0.2:jar (default-jar) @ graphhopper-reader-osm ---
[INFO] Building jar: /home/travis/build/failed/graphhopper/graphhopper/reader-osm/target/graphhopper-reader-osm-0.9-SNAPSHOT.jar
[INFO] 
[INFO] --- maven-failsafe-plugin:2.19.1:integration-test (default) @ graphhopper-reader-osm ---

-------------------------------------------------------
 T E S T S
-------------------------------------------------------
Running com.graphhopper.GraphHopperIT
Tests run: 23, Failures: 0, Errors: 0, Skipped: 0, Time elapsed: 16.047 sec - in com.graphhopper.GraphHopperIT
Running com.graphhopper.routing.RoutingAlgorithmWithOSMIT
testMonacoParallel takes a bit time...
Tests run: 27, Failures: 0, Errors: 0, Skipped: 0, Time elapsed: 38.733 sec - in com.graphhopper.routing.RoutingAlgorithmWithOSMIT

Results :

Tests run: 50, Failures: 0, Errors: 0, Skipped: 0

[INFO] 
[INFO] --- maven-failsafe-plugin:2.19.1:verify (default) @ graphhopper-reader-osm ---
[INFO]                                                                         
[INFO] ------------------------------------------------------------------------
[INFO] Building GraphHopper Reader for Gtfs Data 0.9-SNAPSHOT
[INFO] ------------------------------------------------------------------------
[INFO] 
[INFO] --- maven-clean-plugin:2.5:clean (default-clean) @ graphhopper-reader-gtfs ---
[INFO] 
[INFO] --- maven-resources-plugin:2.6:resources (default-resources) @ graphhopper-reader-gtfs ---
[INFO] Using 'UTF-8' encoding to copy filtered resources.
[INFO] skip non existing resourceDirectory /home/travis/build/failed/graphhopper/graphhopper/reader-gtfs/src/main/resources
[INFO] 
[INFO] --- maven-compiler-plugin:3.5.1:compile (default-compile) @ graphhopper-reader-gtfs ---
[INFO] Changes detected - recompiling the module!
[INFO] Compiling 26 source files to /home/travis/build/failed/graphhopper/graphhopper/reader-gtfs/target/classes
[INFO] 
[INFO] --- maven-resources-plugin:2.6:testResources (default-testResources) @ graphhopper-reader-gtfs ---
[INFO] Using 'UTF-8' encoding to copy filtered resources.
[INFO] skip non existing resourceDirectory /home/travis/build/failed/graphhopper/graphhopper/reader-gtfs/src/test/resources
[INFO] 
[INFO] --- maven-compiler-plugin:3.5.1:testCompile (default-testCompile) @ graphhopper-reader-gtfs ---
[INFO] Changes detected - recompiling the module!
[INFO] Compiling 3 source files to /home/travis/build/failed/graphhopper/graphhopper/reader-gtfs/target/test-classes
[INFO] 
[INFO] --- maven-surefire-plugin:2.19.1:test (default-test) @ graphhopper-reader-gtfs ---

-------------------------------------------------------
 T E S T S
-------------------------------------------------------
Running com.graphhopper.gtfs.fare.FareTest
Tests run: 5, Failures: 0, Errors: 0, Skipped: 0, Time elapsed: 10.383 sec - in com.graphhopper.gtfs.fare.FareTest

Results :

Tests run: 5, Failures: 0, Errors: 0, Skipped: 0

[INFO] 
[INFO] --- maven-resources-plugin:2.6:resources (default-resources) @ graphhopper-reader-gtfs ---
[INFO] Using 'UTF-8' encoding to copy filtered resources.
[INFO] skip non existing resourceDirectory /home/travis/build/failed/graphhopper/graphhopper/reader-gtfs/src/main/resources
[INFO] 
[INFO] --- maven-compiler-plugin:3.5.1:compile (default-compile) @ graphhopper-reader-gtfs ---
[INFO] Nothing to compile - all classes are up to date
[INFO] 
[INFO] --- maven-resources-plugin:2.6:testResources (default-testResources) @ graphhopper-reader-gtfs ---
[INFO] Using 'UTF-8' encoding to copy filtered resources.
[INFO] skip non existing resourceDirectory /home/travis/build/failed/graphhopper/graphhopper/reader-gtfs/src/test/resources
[INFO] 
[INFO] --- maven-compiler-plugin:3.5.1:testCompile (default-testCompile) @ graphhopper-reader-gtfs ---
[INFO] Nothing to compile - all classes are up to date
[INFO] 
[INFO] --- maven-surefire-plugin:2.19.1:test (default-test) @ graphhopper-reader-gtfs ---
[INFO] Skipping execution of surefire because it has already been run for this configuration
[INFO] 
[INFO] --- maven-jar-plugin:3.0.2:jar (default-jar) @ graphhopper-reader-gtfs ---
[INFO] Building jar: /home/travis/build/failed/graphhopper/graphhopper/reader-gtfs/target/graphhopper-reader-gtfs-0.9-SNAPSHOT.jar
[INFO] 
[INFO] --- maven-failsafe-plugin:2.19.1:integration-test (default) @ graphhopper-reader-gtfs ---

-------------------------------------------------------
 T E S T S
-------------------------------------------------------
Running com.graphhopper.RealtimeIT
Tests run: 4, Failures: 0, Errors: 4, Skipped: 0, Time elapsed: 5.521 sec <<< FAILURE! - in com.graphhopper.RealtimeIT
testSkipDepartureStop(com.graphhopper.RealtimeIT)  Time elapsed: 0.057 sec  <<< ERROR!
java.lang.NullPointerException: text
	at com.graphhopper.RealtimeIT.testSkipDepartureStop(RealtimeIT.java:75)

testBlockTrips(com.graphhopper.RealtimeIT)  Time elapsed: 0 sec  <<< ERROR!
java.lang.NullPointerException: text
	at com.graphhopper.RealtimeIT.testBlockTrips(RealtimeIT.java:167)

testSkipTransferStop(com.graphhopper.RealtimeIT)  Time elapsed: 0.001 sec  <<< ERROR!
java.lang.NullPointerException: text
	at com.graphhopper.RealtimeIT.testSkipTransferStop(RealtimeIT.java:137)

testSkipArrivalStop(com.graphhopper.RealtimeIT)  Time elapsed: 0.001 sec  <<< ERROR!
java.lang.NullPointerException: text
	at com.graphhopper.RealtimeIT.testSkipArrivalStop(RealtimeIT.java:106)

Running com.graphhopper.GraphHopperGtfsIT
Tests run: 15, Failures: 0, Errors: 15, Skipped: 0, Time elapsed: 5.04 sec <<< FAILURE! - in com.graphhopper.GraphHopperGtfsIT
testRoute1ProfileEarliestArrival(com.graphhopper.GraphHopperGtfsIT)  Time elapsed: 0.001 sec  <<< ERROR!
java.lang.NullPointerException: text
	at com.graphhopper.GraphHopperGtfsIT.testRoute1ProfileEarliestArrival(GraphHopperGtfsIT.java:144)

testRoute1GoesAt744(com.graphhopper.GraphHopperGtfsIT)  Time elapsed: 0 sec  <<< ERROR!
java.lang.NullPointerException: text
	at com.graphhopper.GraphHopperGtfsIT.testRoute1GoesAt744(GraphHopperGtfsIT.java:103)

testWeekendRouteWorksOnlyOnWeekend(com.graphhopper.GraphHopperGtfsIT)  Time elapsed: 0.001 sec  <<< ERROR!
java.lang.NullPointerException: text
	at com.graphhopper.GraphHopperGtfsIT.testWeekendRouteWorksOnlyOnWeekend(GraphHopperGtfsIT.java:249)

testTransferRules(com.graphhopper.GraphHopperGtfsIT)  Time elapsed: 0 sec  <<< ERROR!
java.lang.NullPointerException: text
	at com.graphhopper.GraphHopperGtfsIT.testTransferRules(GraphHopperGtfsIT.java:299)

testRoute1DoesNotGoAt654(com.graphhopper.GraphHopperGtfsIT)  Time elapsed: 0.001 sec  <<< ERROR!
java.lang.NullPointerException: text
	at com.graphhopper.GraphHopperGtfsIT.testRoute1DoesNotGoAt654(GraphHopperGtfsIT.java:85)

testBlockTrips(com.graphhopper.GraphHopperGtfsIT)  Time elapsed: 0 sec  <<< ERROR!
java.lang.NullPointerException: text
	at com.graphhopper.GraphHopperGtfsIT.testBlockTrips(GraphHopperGtfsIT.java:278)

testRoute1ProfileLatestDeparture(com.graphhopper.GraphHopperGtfsIT)  Time elapsed: 0 sec  <<< ERROR!
java.lang.NullPointerException: text
	at com.graphhopper.GraphHopperGtfsIT.testRoute1ProfileLatestDeparture(GraphHopperGtfsIT.java:171)

testRouteWithLaterDepartureTime(com.graphhopper.GraphHopperGtfsIT)  Time elapsed: 0.001 sec  <<< ERROR!
java.lang.NullPointerException: text
	at com.graphhopper.GraphHopperGtfsIT.assertTravelTimeIs(GraphHopperGtfsIT.java:351)
	at com.graphhopper.GraphHopperGtfsIT.testRouteWithLaterDepartureTime(GraphHopperGtfsIT.java:234)

testRoute1ArriveBy(com.graphhopper.GraphHopperGtfsIT)  Time elapsed: 0.001 sec  <<< ERROR!
java.lang.NullPointerException: text
	at com.graphhopper.GraphHopperGtfsIT.testRoute1ArriveBy(GraphHopperGtfsIT.java:123)

testRoute1(com.graphhopper.GraphHopperGtfsIT)  Time elapsed: 0 sec  <<< ERROR!
java.lang.NullPointerException: text
	at com.graphhopper.GraphHopperGtfsIT.testRoute1(GraphHopperGtfsIT.java:68)

testRoute2(com.graphhopper.GraphHopperGtfsIT)  Time elapsed: 0.001 sec  <<< ERROR!
java.lang.NullPointerException: text
	at com.graphhopper.GraphHopperGtfsIT.assertTravelTimeIs(GraphHopperGtfsIT.java:351)
	at com.graphhopper.GraphHopperGtfsIT.assertTravelTimeIs(GraphHopperGtfsIT.java:359)
	at com.graphhopper.GraphHopperGtfsIT.testRoute2(GraphHopperGtfsIT.java:186)

testRoute3(com.graphhopper.GraphHopperGtfsIT)  Time elapsed: 0 sec  <<< ERROR!
java.lang.NullPointerException: text
	at com.graphhopper.GraphHopperGtfsIT.assertTravelTimeIs(GraphHopperGtfsIT.java:351)
	at com.graphhopper.GraphHopperGtfsIT.assertTravelTimeIs(GraphHopperGtfsIT.java:359)
	at com.graphhopper.GraphHopperGtfsIT.testRoute3(GraphHopperGtfsIT.java:193)

testRoute4(com.graphhopper.GraphHopperGtfsIT)  Time elapsed: 0.001 sec  <<< ERROR!
java.lang.NullPointerException: text
	at com.graphhopper.GraphHopperGtfsIT.assertTravelTimeIs(GraphHopperGtfsIT.java:351)
	at com.graphhopper.GraphHopperGtfsIT.assertTravelTimeIs(GraphHopperGtfsIT.java:359)
	at com.graphhopper.GraphHopperGtfsIT.testRoute4(GraphHopperGtfsIT.java:200)

testRoute5(com.graphhopper.GraphHopperGtfsIT)  Time elapsed: 0 sec  <<< ERROR!
java.lang.NullPointerException: text
	at com.graphhopper.GraphHopperGtfsIT.testRoute5(GraphHopperGtfsIT.java:213)

testRoute6(com.graphhopper.GraphHopperGtfsIT)  Time elapsed: 0 sec  <<< ERROR!
java.lang.NullPointerException: text
	at com.graphhopper.GraphHopperGtfsIT.assertNoRoute(GraphHopperGtfsIT.java:370)
	at com.graphhopper.GraphHopperGtfsIT.testRoute6(GraphHopperGtfsIT.java:226)


Results :

Tests in error: 
  GraphHopperGtfsIT.testBlockTrips:278 » NullPointer text
  GraphHopperGtfsIT.testRoute1:68 » NullPointer text
  GraphHopperGtfsIT.testRoute1ArriveBy:123 » NullPointer text
  GraphHopperGtfsIT.testRoute1DoesNotGoAt654:85 » NullPointer text
  GraphHopperGtfsIT.testRoute1GoesAt744:103 » NullPointer text
  GraphHopperGtfsIT.testRoute1ProfileEarliestArrival:144 » NullPointer text
  GraphHopperGtfsIT.testRoute1ProfileLatestDeparture:171 » NullPointer text
  GraphHopperGtfsIT.testRoute2:186->assertTravelTimeIs:359->assertTravelTimeIs:351 » NullPointer
  GraphHopperGtfsIT.testRoute3:193->assertTravelTimeIs:359->assertTravelTimeIs:351 » NullPointer
  GraphHopperGtfsIT.testRoute4:200->assertTravelTimeIs:359->assertTravelTimeIs:351 » NullPointer
  GraphHopperGtfsIT.testRoute5:213 » NullPointer text
  GraphHopperGtfsIT.testRoute6:226->assertNoRoute:370 » NullPointer text
  GraphHopperGtfsIT.testRouteWithLaterDepartureTime:234->assertTravelTimeIs:351 » NullPointer
  GraphHopperGtfsIT.testTransferRules:299 » NullPointer text
  GraphHopperGtfsIT.testWeekendRouteWorksOnlyOnWeekend:249 » NullPointer text
  RealtimeIT.testBlockTrips:167 » NullPointer text
  RealtimeIT.testSkipArrivalStop:106 » NullPointer text
  RealtimeIT.testSkipDepartureStop:75 » NullPointer text
  RealtimeIT.testSkipTransferStop:137 » NullPointer text

Tests run: 19, Failures: 0, Errors: 19, Skipped: 0

[INFO] 
[INFO] --- maven-failsafe-plugin:2.19.1:verify (default) @ graphhopper-reader-gtfs ---
[INFO] ------------------------------------------------------------------------
[INFO] Reactor Summary:
[INFO] 
[INFO] GraphHopper Parent Project ......................... SUCCESS [  0.510 s]
[INFO] GraphHopper Core ................................... SUCCESS [01:00 min]
[INFO] GraphHopper Reader for OpenStreetMap Data .......... SUCCESS [01:05 min]
[INFO] GraphHopper Reader for Gtfs Data ................... FAILURE [ 27.937 s]
[INFO] GraphHopper Reader JSON ............................ SKIPPED
[INFO] GraphHopper Tools .................................. SKIPPED
[INFO] GraphHopper Web .................................... SKIPPED
[INFO] GraphHopper Reader for Shapefile Data .............. SKIPPED
[INFO] ------------------------------------------------------------------------
[INFO] BUILD FAILURE
[INFO] ------------------------------------------------------------------------
[INFO] Total time: 02:35 min
[INFO] Finished at: 2021-12-18T14:06:26+00:00
[INFO] Final Memory: 14M/290M
[INFO] ------------------------------------------------------------------------
[ERROR] Failed to execute goal org.apache.maven.plugins:maven-failsafe-plugin:2.19.1:verify (default) on project graphhopper-reader-gtfs: There are test failures.
[ERROR] 
[ERROR] Please refer to /home/travis/build/failed/graphhopper/graphhopper/reader-gtfs/target/failsafe-reports for the individual test results.
[ERROR] -> [Help 1]
[ERROR] 
[ERROR] To see the full stack trace of the errors, re-run Maven with the -e switch.
[ERROR] Re-run Maven using the -X switch to enable full debug logging.
[ERROR] 
[ERROR] For more information about the errors and possible solutions, please read the following articles:
[ERROR] [Help 1] http://cwiki.apache.org/confluence/display/MAVEN/MojoFailureException
[ERROR] 
[ERROR] After correcting the problems, you can resume the build with the command
[ERROR]   mvn <goals> -rf :graphhopper-reader-gtfs
travis_time:end:01529bca:start=1639836229461941452,finish=1639836386326451103,duration=156864509651[0K[31;1mThe command "mvn clean test verify -Dhttps.protocols=TLSv1.2 -B" exited with 1.[0m

travis_fold:start:cache.2[0Kstore build cache
travis_time:start:0ecc73b6[0Ktravis_time:end:0ecc73b6:start=1639836386332242175,finish=1639836386336025727,duration=3783552[0Ktravis_time:start:0aff3770[0KYAML safe loading is not available. Please upgrade psych to a version that supports safe loading (>= 2.0).
[32;1mchanges detected, packing new archive[0m
[32;1muploading /[0m
[31;1mfailed to upload cache[0m
travis_time:end:0aff3770:start=1639836386342260339,finish=1639836389646148461,duration=3303888122[0Ktravis_fold:end:cache.2[0K

Done. Your build exited with 1.
