travis_time:start:11fb01d2[0Ktravis_time:end:11fb01d2:start=1645246593427703303,finish=1645246593580975115,duration=153271812,event=no_world_writable_dirs[0Ktravis_time:start:0a263316[0Ktravis_time:end:0a263316:start=1645246593586754536,finish=1645246593590860496,duration=4105960,event=check_unsupported[0Ktravis_time:start:295f0f6b[0Ktravis_fold:start:system_info[0K[33;1mBuild system information[0m
Build language: java
Build group: stable
Build dist: precise
Build id: ''
Job id: ''
Runtime kernel version: 4.15.0-109-generic
[34m[1mBuild image provisioning date and time[0m
Thu Feb  5 15:09:33 UTC 2015
[34m[1mOperating System Details[0m
Distributor ID:	Ubuntu
Description:	Ubuntu 12.04.5 LTS
Release:	12.04
Codename:	precise
[34m[1mLinux Version[0m
3.13.0-29-generic
[34m[1mCookbooks Version[0m
a68419e https://github.com/travis-ci/travis-cookbooks/tree/a68419e
[34m[1mGCC version[0m
gcc (Ubuntu/Linaro 4.6.3-1ubuntu5) 4.6.3
Copyright (C) 2011 Free Software Foundation, Inc.
This is free software; see the source for copying conditions.  There is NO
warranty; not even for MERCHANTABILITY or FITNESS FOR A PARTICULAR PURPOSE.

[34m[1mLLVM version[0m
clang version 3.4 (tags/RELEASE_34/final)
Target: x86_64-unknown-linux-gnu
Thread model: posix
[34m[1mPre-installed Ruby versions[0m
ruby-1.9.3-p551
[34m[1mPre-installed Node.js versions[0m
v0.10.36
[34m[1mPre-installed Go versions[0m
1.4.1
[34m[1mRedis version[0m
redis-server 2.8.19
[34m[1mriak version[0m
2.0.2
[34m[1mMongoDB version[0m
MongoDB 2.4.12
[34m[1mCouchDB version[0m
couchdb 1.6.1
[34m[1mNeo4j version[0m
1.9.4
[34m[1mRabbitMQ Version[0m
3.4.3
[34m[1mElasticSearch version[0m
1.4.0
[34m[1mInstalled Sphinx versions[0m
2.0.10
2.1.9
2.2.6
[34m[1mDefault Sphinx version[0m
2.2.6
[34m[1mInstalled Firefox version[0m
firefox 31.0esr
[34m[1mPhantomJS version[0m
1.9.8
[34m[1mant -version[0m
Apache Ant(TM) version 1.8.2 compiled on December 3 2011
[34m[1mmvn -version[0m
Apache Maven 3.2.5 (12a6b3acb947671f09b81f49094c53f426d8cea1; 2014-12-14T17:29:23+00:00)
Maven home: /usr/local/maven
Java version: 1.7.0_76, vendor: Oracle Corporation
Java home: /usr/lib/jvm/java-7-oracle/jre
Default locale: en_US, platform encoding: ANSI_X3.4-1968
OS name: "linux", version: "3.13.0-29-generic", arch: "amd64", family: "unix"
travis_fold:end:system_info[0K
travis_time:end:295f0f6b:start=1645246593596196888,finish=1645246593604446632,duration=8249744,event=show_system_info[0Ktravis_time:start:08506604[0Ktravis_time:end:08506604:start=1645246593609931213,finish=1645246593626673766,duration=16742553,event=rm_riak_source[0Ktravis_time:start:0d2be470[0Ktravis_time:end:0d2be470:start=1645246593632152503,finish=1645246593641557367,duration=9404864,event=fix_rwky_redis[0Ktravis_time:start:01feedee[0K[31;1mTimeout waiting for network availability.[0m
travis_time:end:01feedee:start=1645246593647519399,finish=1645246614391072043,duration=20743552644,event=wait_for_network[0Ktravis_time:start:1e441a68[0Ktravis_time:end:1e441a68:start=1645246614398015429,finish=1645246705759985418,duration=91361969989,event=update_apt_keys[0Ktravis_time:start:20cffd12[0Ktravis_time:end:20cffd12:start=1645246705766249673,finish=1645246706053230887,duration=286981214,event=fix_hhvm_source[0Ktravis_time:start:003e7150[0Ktravis_time:end:003e7150:start=1645246706060100027,finish=1645246706066686913,duration=6586886,event=update_mongo_arch[0Ktravis_time:start:003918ba[0Ktravis_time:end:003918ba:start=1645246706073672972,finish=1645246706121253433,duration=47580461,event=fix_sudo_enabled_trusty[0Ktravis_time:start:0dade0eb[0Ktravis_time:end:0dade0eb:start=1645246706128348010,finish=1645246706144709197,duration=16361187,event=clean_up_path[0Ktravis_time:start:13b0fafe[0Ktravis_time:end:13b0fafe:start=1645246706150458107,finish=1645246706167191830,duration=16733723,event=fix_resolv_conf[0Ktravis_time:start:0024ab00[0Ktravis_time:end:0024ab00:start=1645246706174403649,finish=1645246706194001611,duration=19597962,event=fix_etc_hosts[0Ktravis_time:start:1534b4d0[0Ktravis_time:start:06644705[0Ktravis_time:end:06644705:start=1645246706220355210,finish=1645246706562127689,duration=341772479,event=no_ipv6_localhost[0Ktravis_time:start:027955b1[0Ktravis_time:end:027955b1:start=1645246706569199564,finish=1645246707672346727,duration=1103147163,event=fix_etc_mavenrc[0Ktravis_time:start:12cdcca0[0Ktravis_time:end:12cdcca0:start=1645246707679866463,finish=1645246707686969551,duration=7103088,event=fix_wwdr_certificate[0Ktravis_time:start:004a5e7b[0Ktravis_time:end:004a5e7b:start=1645246707693930480,finish=1645246707972511805,duration=278581325,event=put_localhost_first[0Ktravis_time:start:013f1130[0Ktravis_time:end:013f1130:start=1645246707979561392,finish=1645246707984215342,duration=4653950,event=home_paths[0Ktravis_time:start:26332acc[0Ktravis_time:end:26332acc:start=1645246707989633459,finish=1645246708665435968,duration=675802509,event=disable_initramfs[0Ktravis_time:start:03cef1e7[0Ktravis_time:end:03cef1e7:start=1645246708673120030,finish=1645246708954571431,duration=281451401,event=disable_ssh_roaming[0Ktravis_time:start:2945a7d0[0Ktravis_time:end:2945a7d0:start=1645246708961445728,finish=1645246708966338015,duration=4892287,event=debug_tools[0Ktravis_time:start:037c6a18[0Ktravis_time:end:037c6a18:start=1645246708973110298,finish=1645246708980853903,duration=7743605,event=uninstall_oclint[0Ktravis_time:start:00d7dcb1[0Ktravis_time:end:00d7dcb1:start=1645246708987955359,finish=1645246708994356426,duration=6401067,event=rvm_use[0Ktravis_time:start:002d69f6[0Ktravis_time:end:002d69f6:start=1645246709000847691,finish=1645246709015309084,duration=14461393,event=rm_etc_boto_cfg[0Ktravis_time:start:2557642b[0Ktravis_time:end:2557642b:start=1645246709021759548,finish=1645246709026620172,duration=4860624,event=rm_oraclejdk8_symlink[0Ktravis_time:start:214186b0[0Ktravis_time:end:214186b0:start=1645246709032969139,finish=1645246709083883657,duration=50914518,event=enable_i386[0Ktravis_time:start:0ba27100[0Ktravis_time:end:0ba27100:start=1645246709090599984,finish=1645246709383045988,duration=292446004,event=update_rubygems[0Ktravis_time:start:001fcbb0[0Ktravis_time:end:001fcbb0:start=1645246709391203723,finish=1645246709402802124,duration=11598401,event=ensure_path_components[0Ktravis_time:start:1443158a[0Ktravis_time:end:1443158a:start=1645246709408815065,finish=1645246709414185300,duration=5370235,event=redefine_curl[0Ktravis_time:start:08c47014[0Ktravis_time:end:08c47014:start=1645246709421233161,finish=1645246709427220412,duration=5987251,event=nonblock_pipe[0Ktravis_time:start:20859c72[0Ktravis_time:end:20859c72:start=1645246709434865400,finish=1645246712862296122,duration=3427430722,event=apt_get_update[0Ktravis_time:start:01848bc1[0Ktravis_time:end:01848bc1:start=1645246712869822555,finish=1645246712874410870,duration=4588315,event=deprecate_xcode_64[0Ktravis_time:start:05ae79c0[0Ktravis_time:end:05ae79c0:start=1645246712881117570,finish=1645246712889522691,duration=8405121,event=update_heroku[0Ktravis_time:start:1697352c[0Ktravis_time:end:1697352c:start=1645246712896885236,finish=1645246712901932407,duration=5047171,event=shell_session_update[0Ktravis_time:start:03aa3fe0[0Ktravis_fold:start:docker_mtu[0Ktee: /etc/docker/daemon.json: No such file or directory
docker: unrecognized service
travis_fold:end:docker_mtu[0Ktravis_time:end:03aa3fe0:start=1645246712909137471,finish=1645246712948878726,duration=39741255,event=set_docker_mtu[0Ktravis_time:start:20ea106c[0Ktravis_time:end:20ea106c:start=1645246712953987994,finish=1645246712967957748,duration=13969754,event=resolvconf[0K
travis_fold:start:install_jdk[0K[33;1mInstalling openjdk7[0m
$ jdk_switcher use "openjdk7"
Switching to OpenJDK7 (java-1.7.0-openjdk-amd64), JAVA_HOME will be set to /usr/lib/jvm/java-7-openjdk-amd64
travis_fold:end:install_jdk[0Ktravis_fold:start:apt[0Ktravis_time:start:24273f38[0K$ travis_apt_get_update
travis_time:end:24273f38:start=1645246712988313901,finish=1645246715745304892,duration=2756990991,event=prepare[0K[33;1mInstalling APT Packages[0m
travis_time:start:16209e2b[0K$ sudo -E apt-get -yq --no-install-suggests --no-install-recommends $(travis_apt_get_options) install git
Reading package lists...
Building dependency tree...
Reading state information...
git is already the newest version.
0 upgraded, 0 newly installed, 0 to remove and 0 not upgraded.
travis_time:end:16209e2b:start=1645246715753109684,finish=1645246716485787529,duration=732677845,event=prepare[0Ktravis_fold:end:apt[0Ktravis_time:start:05d242d6[0Ktravis_time:end:05d242d6:start=1645246716493614856,finish=1645246716499438231,duration=5823375,event=fix_ps4[0Ktravis_time:start:2f95af68[0K
$ cd failed/ome/bioformats

travis_time:end:2f95af68:start=1645246716505787330,finish=1645246716824997028,duration=319209698,event=checkout[0Ktravis_time:start:039973c2[0K
[33;1mSetting environment variables from .travis.yml[0m
$ export BUILD=maven

travis_time:end:039973c2:start=1645246716829675806,finish=1645246718298559761,duration=1468883955,event=env[0Ktravis_fold:start:cache.1[0KSetting up build cache
$ export CASHER_DIR=${TRAVIS_HOME}/.casher
travis_time:start:01b044b3[0K$ Installing caching utilities

[31;1mThe command "eval curl -sf  -o $CASHER_DIR/bin/casher https:///files/casher " failed. Retrying, 2 of 3.[0m


[31;1mThe command "eval curl -sf  -o $CASHER_DIR/bin/casher https:///files/casher " failed. Retrying, 3 of 3.[0m


[31;1mThe command "eval curl -sf  -o $CASHER_DIR/bin/casher https:///files/casher " failed 3 times.[0m

travis_time:end:01b044b3:start=1645246725624091297,finish=1645246728709792858,duration=3085701561,event=setup_casher[0Ktravis_time:start:1643b240[0K$ Installing caching utilities from the Travis CI server (https:///files/casher) failed, failing over to using GitHub (https://raw.githubusercontent.com/travis-ci/casher/bash/bin/casher)
travis_time:end:1643b240:start=1645246728718827639,finish=1645246728935392517,duration=216564878,event=setup_casher[0Ktravis_time:start:090ec190[0Ktravis_time:end:090ec190:start=1645246728947607427,finish=1645246728954039083,duration=6431656,event=setup_casher[0Ktravis_time:start:0bfc7c18[0KYAML safe loading is not available. Please upgrade psych to a version that supports safe loading (>= 2.0).
attempting to download cache archive[0m
[31;1mcould not download cache[0m
travis_time:end:0bfc7c18:start=1645246728963214737,finish=1645246730432300121,duration=1469085384,event=setup_casher[0Ktravis_time:start:03663ce4[0Ktravis_time:end:03663ce4:start=1645246730440678868,finish=1645246730447447041,duration=6768173,event=setup_casher[0Ktravis_time:start:02060d26[0KYAML safe loading is not available. Please upgrade psych to a version that supports safe loading (>= 2.0).
adding /home/travis/.m2 to cache[0m
travis_time:end:02060d26:start=1645246730455254568,finish=1645246824432289214,duration=93977034646,event=setup_casher[0Ktravis_fold:end:cache.1[0K
$ java -Xmx32m -version
java version "1.7.0_75"
OpenJDK Runtime Environment (IcedTea 2.5.4) (7u75-2.5.4-1~precise1)
OpenJDK 64-Bit Server VM (build 24.75-b04, mixed mode)
$ javac -J-Xmx32m -version
javac 1.7.0_75
travis_fold:start:before_install[0Ktravis_time:start:00976c24[0K$ if [[ $BUILD == 'ant' ]]; then pip install --user flake8 Sphinx; fi
travis_time:end:00976c24:start=1645246824651455393,finish=1645246824655439997,duration=3984604,event=before_install[0Ktravis_fold:end:before_install[0Ktravis_fold:start:install[0Ktravis_time:start:0df279bb[0K$ mvn -o install -Dhttps.protocols=TLSv1.2 -Dhttps.protocols=TLSv1.2 -DskipTests=true -Dmaven.javadoc.skip=true -B -V
Apache Maven 3.2.5 (12a6b3acb947671f09b81f49094c53f426d8cea1; 2014-12-14T17:29:23+00:00)
Maven home: /usr/local/maven
Java version: 1.7.0_75, vendor: Oracle Corporation
Java home: /usr/lib/jvm/java-7-openjdk-amd64/jre
Default locale: en_US, platform encoding: UTF-8
OS name: "linux", version: "4.15.0-109-generic", arch: "amd64", family: "unix"
[INFO] Scanning for projects...
[INFO] ------------------------------------------------------------------------
[INFO] Reactor Build Order:
[INFO] 
[INFO] Bio-Formats projects
[INFO] JAI Image I/O Tools
[INFO] libjpeg-turbo Java bindings
[INFO] Bio-Formats API
[INFO] BSD Bio-Formats readers and writers
[INFO] Bio-Formats library
[INFO] Bio-Formats code generator
[INFO] Bio-Formats Plugins for ImageJ
[INFO] Bio-Formats command line tools
[INFO] bioformats_package bundle
[INFO] LOCI Tools bundle
[INFO] Bio-Formats testing framework
[INFO] Bio-Formats Sphinx documentation
[INFO]                                                                         
[INFO] ------------------------------------------------------------------------
[INFO] Building Bio-Formats projects 5.6.0-SNAPSHOT
[INFO] ------------------------------------------------------------------------
[INFO] 
[INFO] --- buildnumber-maven-plugin:1.2:create (default) @ pom-bio-formats ---
[INFO] Checking for local modifications: skipped.
[INFO] maven is executed in offline mode, Updating project files from SCM: skipped.
[INFO] Executing: /bin/sh -c cd /home/travis/build/failed/ome/bioformats && git rev-parse --verify HEAD
[INFO] Working directory: /home/travis/build/failed/ome/bioformats
[INFO] Storing buildNumber: 0fc3989a22a79d249262d854ea0031e881d44e38 at timestamp: 1645246831737
[INFO] Executing: /bin/sh -c cd /home/travis/build/failed/ome/bioformats && git rev-parse --verify HEAD
[INFO] Working directory: /home/travis/build/failed/ome/bioformats
[INFO] Storing buildScmBranch: UNKNOWN
[INFO] 
[INFO] >>> maven-source-plugin:2.2.1:jar (default) > generate-sources @ pom-bio-formats >>>
[INFO] 
[INFO] --- buildnumber-maven-plugin:1.2:create (default) @ pom-bio-formats ---
[INFO] 
[INFO] <<< maven-source-plugin:2.2.1:jar (default) < generate-sources @ pom-bio-formats <<<
[INFO] 
[INFO] --- maven-source-plugin:2.2.1:jar (default) @ pom-bio-formats ---
[INFO] 
[INFO] --- maven-install-plugin:2.5.1:install (default-install) @ pom-bio-formats ---
[INFO] Installing /home/travis/build/failed/ome/bioformats/pom.xml to /home/travis/.m2/repository/ome/pom-bio-formats/5.6.0-SNAPSHOT/pom-bio-formats-5.6.0-SNAPSHOT.pom
[INFO]                                                                         
[INFO] ------------------------------------------------------------------------
[INFO] Building JAI Image I/O Tools 5.6.0-SNAPSHOT
[INFO] ------------------------------------------------------------------------
[INFO] 
[INFO] --- buildnumber-maven-plugin:1.2:create (default) @ jai_imageio ---
[INFO] 
[INFO] --- maven-resources-plugin:2.6:resources (default-resources) @ jai_imageio ---
[INFO] Using 'UTF-8' encoding to copy filtered resources.
[INFO] Copying 14 resources
[INFO] skip non existing resourceDirectory /home/travis/build/failed/ome/bioformats/components/forks/jai/lib
[INFO] Copying 0 resource
[INFO] Copying 0 resource
[INFO] 
[INFO] --- maven-compiler-plugin:3.1:compile (default-compile) @ jai_imageio ---
[INFO] Nothing to compile - all classes are up to date
[INFO] 
[INFO] --- maven-resources-plugin:2.6:testResources (default-testResources) @ jai_imageio ---
[INFO] Using 'UTF-8' encoding to copy filtered resources.
[INFO] skip non existing resourceDirectory /home/travis/build/failed/ome/bioformats/components/forks/jai/test
[INFO] 
[INFO] --- maven-compiler-plugin:3.1:testCompile (default-testCompile) @ jai_imageio ---
[INFO] No sources to compile
[INFO] 
[INFO] --- maven-surefire-plugin:2.16:test (default-test) @ jai_imageio ---
[INFO] Tests are skipped.
[INFO] 
[INFO] --- maven-jar-plugin:2.4:jar (default-jar) @ jai_imageio ---
[INFO] 
[INFO] >>> maven-source-plugin:2.2.1:jar (default) > generate-sources @ jai_imageio >>>
[INFO] 
[INFO] --- buildnumber-maven-plugin:1.2:create (default) @ jai_imageio ---
[INFO] 
[INFO] <<< maven-source-plugin:2.2.1:jar (default) < generate-sources @ jai_imageio <<<
[INFO] 
[INFO] --- maven-source-plugin:2.2.1:jar (default) @ jai_imageio ---
[INFO] Building jar: /home/travis/build/failed/ome/bioformats/components/forks/jai/target/jai_imageio-5.6.0-SNAPSHOT-sources.jar
[INFO] 
[INFO] --- maven-jar-plugin:2.4:test-jar (default) @ jai_imageio ---
[INFO] Skipping packaging of the test-jar
[INFO] 
[INFO] --- maven-install-plugin:2.5.1:install (default-install) @ jai_imageio ---
[INFO] Installing /home/travis/build/failed/ome/bioformats/components/forks/jai/target/jai_imageio-5.6.0-SNAPSHOT.jar to /home/travis/.m2/repository/ome/jai_imageio/5.6.0-SNAPSHOT/jai_imageio-5.6.0-SNAPSHOT.jar
[INFO] Installing /home/travis/build/failed/ome/bioformats/components/forks/jai/pom.xml to /home/travis/.m2/repository/ome/jai_imageio/5.6.0-SNAPSHOT/jai_imageio-5.6.0-SNAPSHOT.pom
[INFO] Installing /home/travis/build/failed/ome/bioformats/components/forks/jai/target/jai_imageio-5.6.0-SNAPSHOT-sources.jar to /home/travis/.m2/repository/ome/jai_imageio/5.6.0-SNAPSHOT/jai_imageio-5.6.0-SNAPSHOT-sources.jar
[INFO]                                                                         
[INFO] ------------------------------------------------------------------------
[INFO] Building libjpeg-turbo Java bindings 5.6.0-SNAPSHOT
[INFO] ------------------------------------------------------------------------
[INFO] 
[INFO] --- buildnumber-maven-plugin:1.2:create (default) @ turbojpeg ---
[INFO] 
[INFO] --- maven-resources-plugin:2.6:resources (default-resources) @ turbojpeg ---
[INFO] Using 'UTF-8' encoding to copy filtered resources.
[INFO] Copying 0 resource
[INFO] Copying 7 resources to META-INF/lib
[INFO] Copying 0 resource
[INFO] Copying 0 resource
[INFO] 
[INFO] --- maven-compiler-plugin:3.1:compile (default-compile) @ turbojpeg ---
[INFO] Nothing to compile - all classes are up to date
[INFO] 
[INFO] --- maven-resources-plugin:2.6:testResources (default-testResources) @ turbojpeg ---
[INFO] Using 'UTF-8' encoding to copy filtered resources.
[INFO] skip non existing resourceDirectory /home/travis/build/failed/ome/bioformats/components/forks/turbojpeg/test
[INFO] 
[INFO] --- maven-compiler-plugin:3.1:testCompile (default-testCompile) @ turbojpeg ---
[INFO] No sources to compile
[INFO] 
[INFO] --- maven-surefire-plugin:2.16:test (default-test) @ turbojpeg ---
[INFO] Tests are skipped.
[INFO] 
[INFO] --- maven-jar-plugin:2.4:jar (default-jar) @ turbojpeg ---
[INFO] 
[INFO] >>> maven-source-plugin:2.2.1:jar (default) > generate-sources @ turbojpeg >>>
[INFO] 
[INFO] --- buildnumber-maven-plugin:1.2:create (default) @ turbojpeg ---
[INFO] 
[INFO] <<< maven-source-plugin:2.2.1:jar (default) < generate-sources @ turbojpeg <<<
[INFO] 
[INFO] --- maven-source-plugin:2.2.1:jar (default) @ turbojpeg ---
[INFO] Building jar: /home/travis/build/failed/ome/bioformats/components/forks/turbojpeg/target/turbojpeg-5.6.0-SNAPSHOT-sources.jar
[INFO] 
[INFO] --- maven-jar-plugin:2.4:test-jar (default) @ turbojpeg ---
[INFO] Skipping packaging of the test-jar
[INFO] 
[INFO] --- maven-install-plugin:2.5.1:install (default-install) @ turbojpeg ---
[INFO] Installing /home/travis/build/failed/ome/bioformats/components/forks/turbojpeg/target/turbojpeg-5.6.0-SNAPSHOT.jar to /home/travis/.m2/repository/ome/turbojpeg/5.6.0-SNAPSHOT/turbojpeg-5.6.0-SNAPSHOT.jar
[INFO] Installing /home/travis/build/failed/ome/bioformats/components/forks/turbojpeg/pom.xml to /home/travis/.m2/repository/ome/turbojpeg/5.6.0-SNAPSHOT/turbojpeg-5.6.0-SNAPSHOT.pom
[INFO] Installing /home/travis/build/failed/ome/bioformats/components/forks/turbojpeg/target/turbojpeg-5.6.0-SNAPSHOT-sources.jar to /home/travis/.m2/repository/ome/turbojpeg/5.6.0-SNAPSHOT/turbojpeg-5.6.0-SNAPSHOT-sources.jar
[INFO]                                                                         
[INFO] ------------------------------------------------------------------------
[INFO] Building Bio-Formats API 5.6.0-SNAPSHOT
[INFO] ------------------------------------------------------------------------
[INFO] 
[INFO] --- buildnumber-maven-plugin:1.2:create (default) @ formats-api ---
[INFO] 
[INFO] --- maven-resources-plugin:2.6:resources (default-resources) @ formats-api ---
[INFO] Using 'UTF-8' encoding to copy filtered resources.
[INFO] Copying 2 resources
[INFO] Copying 0 resource
[INFO] Copying 0 resource
[INFO] 
[INFO] --- maven-compiler-plugin:3.1:compile (default-compile) @ formats-api ---
[INFO] Nothing to compile - all classes are up to date
[INFO] 
[INFO] --- maven-resources-plugin:2.6:testResources (default-testResources) @ formats-api ---
[INFO] Using 'UTF-8' encoding to copy filtered resources.
[INFO] Copying 2 resources
[INFO] 
[INFO] --- maven-compiler-plugin:3.1:testCompile (default-testCompile) @ formats-api ---
[INFO] Nothing to compile - all classes are up to date
[INFO] 
[INFO] --- maven-surefire-plugin:2.16:test (default-test) @ formats-api ---
[INFO] Tests are skipped.
[INFO] 
[INFO] --- maven-jar-plugin:2.4:jar (default-jar) @ formats-api ---
[INFO] 
[INFO] >>> maven-source-plugin:2.2.1:jar (default) > generate-sources @ formats-api >>>
[INFO] 
[INFO] --- buildnumber-maven-plugin:1.2:create (default) @ formats-api ---
[INFO] 
[INFO] <<< maven-source-plugin:2.2.1:jar (default) < generate-sources @ formats-api <<<
[INFO] 
[INFO] --- maven-source-plugin:2.2.1:jar (default) @ formats-api ---
[INFO] Building jar: /home/travis/build/failed/ome/bioformats/components/formats-api/target/formats-api-5.6.0-SNAPSHOT-sources.jar
[INFO] 
[INFO] --- maven-jar-plugin:2.4:test-jar (default) @ formats-api ---
[INFO] 
[INFO] --- maven-install-plugin:2.5.1:install (default-install) @ formats-api ---
[INFO] Installing /home/travis/build/failed/ome/bioformats/components/formats-api/target/formats-api-5.6.0-SNAPSHOT.jar to /home/travis/.m2/repository/ome/formats-api/5.6.0-SNAPSHOT/formats-api-5.6.0-SNAPSHOT.jar
[INFO] Installing /home/travis/build/failed/ome/bioformats/components/formats-api/pom.xml to /home/travis/.m2/repository/ome/formats-api/5.6.0-SNAPSHOT/formats-api-5.6.0-SNAPSHOT.pom
[INFO] Installing /home/travis/build/failed/ome/bioformats/components/formats-api/target/formats-api-5.6.0-SNAPSHOT-sources.jar to /home/travis/.m2/repository/ome/formats-api/5.6.0-SNAPSHOT/formats-api-5.6.0-SNAPSHOT-sources.jar
[INFO] Installing /home/travis/build/failed/ome/bioformats/components/formats-api/target/formats-api-5.6.0-SNAPSHOT-tests.jar to /home/travis/.m2/repository/ome/formats-api/5.6.0-SNAPSHOT/formats-api-5.6.0-SNAPSHOT-tests.jar
[INFO]                                                                         
[INFO] ------------------------------------------------------------------------
[INFO] Building BSD Bio-Formats readers and writers 5.6.0-SNAPSHOT
[INFO] ------------------------------------------------------------------------
[INFO] 
[INFO] --- buildnumber-maven-plugin:1.2:create (default) @ formats-bsd ---
[INFO] 
[INFO] --- maven-resources-plugin:2.6:resources (default-resources) @ formats-bsd ---
[INFO] Using 'UTF-8' encoding to copy filtered resources.
[INFO] Copying 0 resource
[INFO] Copying 0 resource
[INFO] 
[INFO] --- maven-compiler-plugin:3.1:compile (default-compile) @ formats-bsd ---
[INFO] Nothing to compile - all classes are up to date
[INFO] 
[INFO] --- maven-resources-plugin:2.6:testResources (default-testResources) @ formats-bsd ---
[INFO] Using 'UTF-8' encoding to copy filtered resources.
[INFO] Copying 11 resources
[INFO] 
[INFO] --- maven-compiler-plugin:3.1:testCompile (default-testCompile) @ formats-bsd ---
[INFO] Nothing to compile - all classes are up to date
[INFO] 
[INFO] --- maven-surefire-plugin:2.16:test (default-test) @ formats-bsd ---
[INFO] Tests are skipped.
[INFO] 
[INFO] --- maven-jar-plugin:2.4:jar (default-jar) @ formats-bsd ---
[INFO] 
[INFO] >>> maven-source-plugin:2.2.1:jar (default) > generate-sources @ formats-bsd >>>
[INFO] 
[INFO] --- buildnumber-maven-plugin:1.2:create (default) @ formats-bsd ---
[INFO] 
[INFO] <<< maven-source-plugin:2.2.1:jar (default) < generate-sources @ formats-bsd <<<
[INFO] 
[INFO] --- maven-source-plugin:2.2.1:jar (default) @ formats-bsd ---
[INFO] Building jar: /home/travis/build/failed/ome/bioformats/components/formats-bsd/target/formats-bsd-5.6.0-SNAPSHOT-sources.jar
[INFO] 
[INFO] --- maven-jar-plugin:2.4:test-jar (default) @ formats-bsd ---
[INFO] 
[INFO] --- maven-install-plugin:2.5.1:install (default-install) @ formats-bsd ---
[INFO] Installing /home/travis/build/failed/ome/bioformats/components/formats-bsd/target/formats-bsd-5.6.0-SNAPSHOT.jar to /home/travis/.m2/repository/ome/formats-bsd/5.6.0-SNAPSHOT/formats-bsd-5.6.0-SNAPSHOT.jar
[INFO] Installing /home/travis/build/failed/ome/bioformats/components/formats-bsd/pom.xml to /home/travis/.m2/repository/ome/formats-bsd/5.6.0-SNAPSHOT/formats-bsd-5.6.0-SNAPSHOT.pom
[INFO] Installing /home/travis/build/failed/ome/bioformats/components/formats-bsd/target/formats-bsd-5.6.0-SNAPSHOT-sources.jar to /home/travis/.m2/repository/ome/formats-bsd/5.6.0-SNAPSHOT/formats-bsd-5.6.0-SNAPSHOT-sources.jar
[INFO] Installing /home/travis/build/failed/ome/bioformats/components/formats-bsd/target/formats-bsd-5.6.0-SNAPSHOT-tests.jar to /home/travis/.m2/repository/ome/formats-bsd/5.6.0-SNAPSHOT/formats-bsd-5.6.0-SNAPSHOT-tests.jar
[INFO]                                                                         
[INFO] ------------------------------------------------------------------------
[INFO] Building Bio-Formats library 5.6.0-SNAPSHOT
[INFO] ------------------------------------------------------------------------
[INFO] 
[INFO] --- buildnumber-maven-plugin:1.2:create (default) @ formats-gpl ---
[INFO] 
[INFO] --- maven-resources-plugin:2.6:resources (default-resources) @ formats-gpl ---
[INFO] Using 'UTF-8' encoding to copy filtered resources.
[INFO] Copying 3 resources
[INFO] skip non existing resourceDirectory /home/travis/build/failed/ome/bioformats/components/formats-gpl/lib
[INFO] Copying 1 resource
[INFO] Copying 1 resource
[INFO] 
[INFO] --- maven-compiler-plugin:3.1:compile (default-compile) @ formats-gpl ---
[INFO] Nothing to compile - all classes are up to date
[INFO] 
[INFO] --- maven-resources-plugin:2.6:testResources (default-testResources) @ formats-gpl ---
[INFO] Using 'UTF-8' encoding to copy filtered resources.
[INFO] Copying 26 resources
[INFO] 
[INFO] --- maven-compiler-plugin:3.1:testCompile (default-testCompile) @ formats-gpl ---
[INFO] Nothing to compile - all classes are up to date
[INFO] 
[INFO] --- maven-surefire-plugin:2.16:test (default-test) @ formats-gpl ---
[INFO] Tests are skipped.
[INFO] 
[INFO] --- maven-surefire-plugin:2.16:test (missing-mdb-test) @ formats-gpl ---
[INFO] Tests are skipped.
[INFO] 
[INFO] --- maven-surefire-plugin:2.16:test (missing-poi-test) @ formats-gpl ---
[INFO] Tests are skipped.
[INFO] 
[INFO] --- maven-surefire-plugin:2.16:test (missing-netcdf-test) @ formats-gpl ---
[INFO] Tests are skipped.
[INFO] 
[INFO] --- maven-jar-plugin:2.4:jar (default-jar) @ formats-gpl ---
[INFO] 
[INFO] >>> maven-source-plugin:2.2.1:jar (default) > generate-sources @ formats-gpl >>>
[INFO] 
[INFO] --- buildnumber-maven-plugin:1.2:create (default) @ formats-gpl ---
[INFO] 
[INFO] <<< maven-source-plugin:2.2.1:jar (default) < generate-sources @ formats-gpl <<<
[INFO] 
[INFO] --- maven-source-plugin:2.2.1:jar (default) @ formats-gpl ---
[INFO] 
[INFO] --- maven-jar-plugin:2.4:test-jar (default) @ formats-gpl ---
[INFO] 
[INFO] --- maven-install-plugin:2.5.1:install (default-install) @ formats-gpl ---
[INFO] Installing /home/travis/build/failed/ome/bioformats/components/formats-gpl/target/formats-gpl-5.6.0-SNAPSHOT.jar to /home/travis/.m2/repository/ome/formats-gpl/5.6.0-SNAPSHOT/formats-gpl-5.6.0-SNAPSHOT.jar
[INFO] Installing /home/travis/build/failed/ome/bioformats/components/formats-gpl/pom.xml to /home/travis/.m2/repository/ome/formats-gpl/5.6.0-SNAPSHOT/formats-gpl-5.6.0-SNAPSHOT.pom
[INFO] Installing /home/travis/build/failed/ome/bioformats/components/formats-gpl/target/formats-gpl-5.6.0-SNAPSHOT-sources.jar to /home/travis/.m2/repository/ome/formats-gpl/5.6.0-SNAPSHOT/formats-gpl-5.6.0-SNAPSHOT-sources.jar
[INFO] Installing /home/travis/build/failed/ome/bioformats/components/formats-gpl/target/formats-gpl-5.6.0-SNAPSHOT-tests.jar to /home/travis/.m2/repository/ome/formats-gpl/5.6.0-SNAPSHOT/formats-gpl-5.6.0-SNAPSHOT-tests.jar
[INFO]                                                                         
[INFO] ------------------------------------------------------------------------
[INFO] Building Bio-Formats code generator 5.6.0-SNAPSHOT
[INFO] ------------------------------------------------------------------------
[INFO] 
[INFO] --- buildnumber-maven-plugin:1.2:create (default) @ bf-autogen ---
[INFO] 
[INFO] --- maven-resources-plugin:2.6:resources (default-resources) @ bf-autogen ---
[INFO] Using 'UTF-8' encoding to copy filtered resources.
[INFO] Copying 11 resources
[INFO] skip non existing resourceDirectory /home/travis/build/failed/ome/bioformats/components/autogen/lib
[INFO] Copying 0 resource
[INFO] Copying 0 resource
[INFO] 
[INFO] --- maven-compiler-plugin:3.1:compile (default-compile) @ bf-autogen ---
[INFO] Nothing to compile - all classes are up to date
[INFO] 
[INFO] --- maven-resources-plugin:2.6:testResources (default-testResources) @ bf-autogen ---
[INFO] Using 'UTF-8' encoding to copy filtered resources.
[INFO] skip non existing resourceDirectory /home/travis/build/failed/ome/bioformats/components/autogen/test
[INFO] 
[INFO] --- maven-compiler-plugin:3.1:testCompile (default-testCompile) @ bf-autogen ---
[INFO] No sources to compile
[INFO] 
[INFO] --- maven-surefire-plugin:2.16:test (default-test) @ bf-autogen ---
[INFO] Tests are skipped.
[INFO] 
[INFO] --- maven-jar-plugin:2.4:jar (default-jar) @ bf-autogen ---
[INFO] 
[INFO] >>> maven-source-plugin:2.2.1:jar (default) > generate-sources @ bf-autogen >>>
[INFO] 
[INFO] --- buildnumber-maven-plugin:1.2:create (default) @ bf-autogen ---
[INFO] 
[INFO] <<< maven-source-plugin:2.2.1:jar (default) < generate-sources @ bf-autogen <<<
[INFO] 
[INFO] --- maven-source-plugin:2.2.1:jar (default) @ bf-autogen ---
[INFO] Building jar: /home/travis/build/failed/ome/bioformats/components/autogen/target/bf-autogen-5.6.0-SNAPSHOT-sources.jar
[INFO] 
[INFO] --- maven-jar-plugin:2.4:test-jar (default) @ bf-autogen ---
[INFO] Skipping packaging of the test-jar
[INFO] 
[INFO] --- maven-install-plugin:2.5.1:install (default-install) @ bf-autogen ---
[INFO] Installing /home/travis/build/failed/ome/bioformats/components/autogen/target/bf-autogen-5.6.0-SNAPSHOT.jar to /home/travis/.m2/repository/ome/bf-autogen/5.6.0-SNAPSHOT/bf-autogen-5.6.0-SNAPSHOT.jar
[INFO] Installing /home/travis/build/failed/ome/bioformats/components/autogen/pom.xml to /home/travis/.m2/repository/ome/bf-autogen/5.6.0-SNAPSHOT/bf-autogen-5.6.0-SNAPSHOT.pom
[INFO] Installing /home/travis/build/failed/ome/bioformats/components/autogen/target/bf-autogen-5.6.0-SNAPSHOT-sources.jar to /home/travis/.m2/repository/ome/bf-autogen/5.6.0-SNAPSHOT/bf-autogen-5.6.0-SNAPSHOT-sources.jar
[INFO]                                                                         
[INFO] ------------------------------------------------------------------------
[INFO] Building Bio-Formats Plugins for ImageJ 5.6.0-SNAPSHOT
[INFO] ------------------------------------------------------------------------
[INFO] 
[INFO] --- buildnumber-maven-plugin:1.2:create (default) @ bio-formats_plugins ---
[INFO] 
[INFO] --- maven-resources-plugin:2.6:resources (default-resources) @ bio-formats_plugins ---
[INFO] Using 'UTF-8' encoding to copy filtered resources.
[INFO] Copying 3 resources
[INFO] skip non existing resourceDirectory /home/travis/build/failed/ome/bioformats/components/bio-formats-plugins/lib
[INFO] Copying 0 resource
[INFO] Copying 0 resource
[INFO] 
[INFO] --- maven-compiler-plugin:3.1:compile (default-compile) @ bio-formats_plugins ---
[INFO] Nothing to compile - all classes are up to date
[INFO] 
[INFO] --- maven-resources-plugin:2.6:testResources (default-testResources) @ bio-formats_plugins ---
[INFO] Using 'UTF-8' encoding to copy filtered resources.
[INFO] Copying 1 resource
[INFO] 
[INFO] --- maven-compiler-plugin:3.1:testCompile (default-testCompile) @ bio-formats_plugins ---
[INFO] Nothing to compile - all classes are up to date
[INFO] 
[INFO] --- maven-surefire-plugin:2.16:test (default-test) @ bio-formats_plugins ---
[INFO] Tests are skipped.
[INFO] 
[INFO] --- maven-jar-plugin:2.4:jar (default-jar) @ bio-formats_plugins ---
[INFO] 
[INFO] >>> maven-source-plugin:2.2.1:jar (default) > generate-sources @ bio-formats_plugins >>>
[INFO] 
[INFO] --- buildnumber-maven-plugin:1.2:create (default) @ bio-formats_plugins ---
[INFO] 
[INFO] <<< maven-source-plugin:2.2.1:jar (default) < generate-sources @ bio-formats_plugins <<<
[INFO] 
[INFO] --- maven-source-plugin:2.2.1:jar (default) @ bio-formats_plugins ---
[INFO] Building jar: /home/travis/build/failed/ome/bioformats/components/bio-formats-plugins/target/bio-formats_plugins-5.6.0-SNAPSHOT-sources.jar
[INFO] 
[INFO] --- maven-jar-plugin:2.4:test-jar (default) @ bio-formats_plugins ---
[INFO] 
[INFO] --- maven-install-plugin:2.5.1:install (default-install) @ bio-formats_plugins ---
[INFO] Installing /home/travis/build/failed/ome/bioformats/components/bio-formats-plugins/target/bio-formats_plugins-5.6.0-SNAPSHOT.jar to /home/travis/.m2/repository/ome/bio-formats_plugins/5.6.0-SNAPSHOT/bio-formats_plugins-5.6.0-SNAPSHOT.jar
[INFO] Installing /home/travis/build/failed/ome/bioformats/components/bio-formats-plugins/pom.xml to /home/travis/.m2/repository/ome/bio-formats_plugins/5.6.0-SNAPSHOT/bio-formats_plugins-5.6.0-SNAPSHOT.pom
[INFO] Installing /home/travis/build/failed/ome/bioformats/components/bio-formats-plugins/target/bio-formats_plugins-5.6.0-SNAPSHOT-sources.jar to /home/travis/.m2/repository/ome/bio-formats_plugins/5.6.0-SNAPSHOT/bio-formats_plugins-5.6.0-SNAPSHOT-sources.jar
[INFO] Installing /home/travis/build/failed/ome/bioformats/components/bio-formats-plugins/target/bio-formats_plugins-5.6.0-SNAPSHOT-tests.jar to /home/travis/.m2/repository/ome/bio-formats_plugins/5.6.0-SNAPSHOT/bio-formats_plugins-5.6.0-SNAPSHOT-tests.jar
[INFO]                                                                         
[INFO] ------------------------------------------------------------------------
[INFO] Building Bio-Formats command line tools 5.6.0-SNAPSHOT
[INFO] ------------------------------------------------------------------------
[INFO] 
[INFO] --- buildnumber-maven-plugin:1.2:create (default) @ bio-formats-tools ---
[INFO] 
[INFO] --- maven-resources-plugin:2.6:resources (default-resources) @ bio-formats-tools ---
[INFO] Using 'UTF-8' encoding to copy filtered resources.
[INFO] Copying 0 resource
[INFO] skip non existing resourceDirectory /home/travis/build/failed/ome/bioformats/components/bio-formats-tools/lib
[INFO] Copying 0 resource
[INFO] Copying 0 resource
[INFO] 
[INFO] --- maven-compiler-plugin:3.1:compile (default-compile) @ bio-formats-tools ---
[INFO] Nothing to compile - all classes are up to date
[INFO] 
[INFO] --- maven-resources-plugin:2.6:testResources (default-testResources) @ bio-formats-tools ---
[INFO] Using 'UTF-8' encoding to copy filtered resources.
[INFO] Copying 1 resource
[INFO] 
[INFO] --- maven-compiler-plugin:3.1:testCompile (default-testCompile) @ bio-formats-tools ---
[INFO] Nothing to compile - all classes are up to date
[INFO] 
[INFO] --- maven-surefire-plugin:2.16:test (default-test) @ bio-formats-tools ---
[INFO] Tests are skipped.
[INFO] 
[INFO] --- maven-jar-plugin:2.4:jar (default-jar) @ bio-formats-tools ---
[INFO] 
[INFO] >>> maven-source-plugin:2.2.1:jar (default) > generate-sources @ bio-formats-tools >>>
[INFO] 
[INFO] --- buildnumber-maven-plugin:1.2:create (default) @ bio-formats-tools ---
[INFO] 
[INFO] <<< maven-source-plugin:2.2.1:jar (default) < generate-sources @ bio-formats-tools <<<
[INFO] 
[INFO] --- maven-source-plugin:2.2.1:jar (default) @ bio-formats-tools ---
[INFO] Building jar: /home/travis/build/failed/ome/bioformats/components/bio-formats-tools/target/bio-formats-tools-5.6.0-SNAPSHOT-sources.jar
[INFO] 
[INFO] --- maven-jar-plugin:2.4:test-jar (default) @ bio-formats-tools ---
[INFO] 
[INFO] --- maven-install-plugin:2.5.1:install (default-install) @ bio-formats-tools ---
[INFO] Installing /home/travis/build/failed/ome/bioformats/components/bio-formats-tools/target/bio-formats-tools-5.6.0-SNAPSHOT.jar to /home/travis/.m2/repository/ome/bio-formats-tools/5.6.0-SNAPSHOT/bio-formats-tools-5.6.0-SNAPSHOT.jar
[INFO] Installing /home/travis/build/failed/ome/bioformats/components/bio-formats-tools/pom.xml to /home/travis/.m2/repository/ome/bio-formats-tools/5.6.0-SNAPSHOT/bio-formats-tools-5.6.0-SNAPSHOT.pom
[INFO] Installing /home/travis/build/failed/ome/bioformats/components/bio-formats-tools/target/bio-formats-tools-5.6.0-SNAPSHOT-sources.jar to /home/travis/.m2/repository/ome/bio-formats-tools/5.6.0-SNAPSHOT/bio-formats-tools-5.6.0-SNAPSHOT-sources.jar
[INFO] Installing /home/travis/build/failed/ome/bioformats/components/bio-formats-tools/target/bio-formats-tools-5.6.0-SNAPSHOT-tests.jar to /home/travis/.m2/repository/ome/bio-formats-tools/5.6.0-SNAPSHOT/bio-formats-tools-5.6.0-SNAPSHOT-tests.jar
[INFO]                                                                         
[INFO] ------------------------------------------------------------------------
[INFO] Building bioformats_package bundle 5.6.0-SNAPSHOT
[INFO] ------------------------------------------------------------------------
[INFO] 
[INFO] --- buildnumber-maven-plugin:1.2:create (default) @ bioformats_package ---
[INFO] 
[INFO] >>> maven-source-plugin:2.2.1:jar (default) > generate-sources @ bioformats_package >>>
[INFO] 
[INFO] --- buildnumber-maven-plugin:1.2:create (default) @ bioformats_package ---
[INFO] 
[INFO] <<< maven-source-plugin:2.2.1:jar (default) < generate-sources @ bioformats_package <<<
[INFO] 
[INFO] --- maven-source-plugin:2.2.1:jar (default) @ bioformats_package ---
[INFO] 
[INFO] --- maven-assembly-plugin:2.4:single (make-assembly) @ bioformats_package ---
[INFO] Reading assembly descriptor: assembly.xml
[WARNING] The following patterns were never triggered in this artifact exclusion filter:
o  'gov.nih.imagej:imagej'
o  'net.imagej:ij'
o  'org.springframework:spring*'
o  'aopalliance:aopalliance'
o  'org.aspectj:aspectj*'
o  'org.slf4j:slf4j-log4j12'
o  'log4j:log4j'
o  'org.testng:testng'
o  'com.beust:jcommander'
o  'org.yaml:snakeyaml'
o  'org.beanshell:bsh'
o  'edu.princeton.cup:java-cup'
o  'org.apache.bcel:bcel'
o  'commons-codec:commons-codec'
o  'regexp:regexp'
o  'org.apache.ant:ant-trax'
o  'edu.ucar:udunits'
o  'javax.servlet:servlet-api'

[INFO] Building jar: /home/travis/build/failed/ome/bioformats/components/bundles/bioformats_package/target/bioformats_package-5.6.0-SNAPSHOT.jar
[INFO] 
[INFO] --- maven-install-plugin:2.5.1:install (default-install) @ bioformats_package ---
[INFO] Installing /home/travis/build/failed/ome/bioformats/components/bundles/bioformats_package/pom.xml to /home/travis/.m2/repository/ome/bioformats_package/5.6.0-SNAPSHOT/bioformats_package-5.6.0-SNAPSHOT.pom
[INFO] Installing /home/travis/build/failed/ome/bioformats/components/bundles/bioformats_package/target/bioformats_package-5.6.0-SNAPSHOT.jar to /home/travis/.m2/repository/ome/bioformats_package/5.6.0-SNAPSHOT/bioformats_package-5.6.0-SNAPSHOT.jar
[INFO]                                                                         
[INFO] ------------------------------------------------------------------------
[INFO] Building LOCI Tools bundle 5.6.0-SNAPSHOT
[INFO] ------------------------------------------------------------------------
[INFO] 
[INFO] --- buildnumber-maven-plugin:1.2:create (default) @ loci_tools ---
[INFO] 
[INFO] >>> maven-source-plugin:2.2.1:jar (default) > generate-sources @ loci_tools >>>
[INFO] 
[INFO] --- buildnumber-maven-plugin:1.2:create (default) @ loci_tools ---
[INFO] 
[INFO] <<< maven-source-plugin:2.2.1:jar (default) < generate-sources @ loci_tools <<<
[INFO] 
[INFO] --- maven-source-plugin:2.2.1:jar (default) @ loci_tools ---
[INFO] 
[INFO] --- maven-assembly-plugin:2.4:single (make-assembly) @ loci_tools ---
[INFO] Reading assembly descriptor: assembly.xml
[WARNING] The following patterns were never triggered in this artifact exclusion filter:
o  'gov.nih.imagej:imagej'
o  'net.imagej:ij'
o  'org.testng:testng'
o  'com.beust:jcommander'
o  'org.yaml:snakeyaml'
o  'org.beanshell:bsh'
o  'edu.princeton.cup:java-cup'
o  'org.apache.bcel:bcel'
o  'commons-codec:commons-codec'
o  'regexp:regexp'
o  'org.apache.ant:ant-trax'
o  'edu.ucar:udunits'
o  'javax.servlet:servlet-api'

[INFO] Building jar: /home/travis/build/failed/ome/bioformats/components/bundles/loci_tools/target/loci_tools-5.6.0-SNAPSHOT.jar
[INFO] 
[INFO] --- maven-install-plugin:2.5.1:install (default-install) @ loci_tools ---
[INFO] Installing /home/travis/build/failed/ome/bioformats/components/bundles/loci_tools/pom.xml to /home/travis/.m2/repository/ome/loci_tools/5.6.0-SNAPSHOT/loci_tools-5.6.0-SNAPSHOT.pom
[INFO] Installing /home/travis/build/failed/ome/bioformats/components/bundles/loci_tools/target/loci_tools-5.6.0-SNAPSHOT.jar to /home/travis/.m2/repository/ome/loci_tools/5.6.0-SNAPSHOT/loci_tools-5.6.0-SNAPSHOT.jar
[INFO]                                                                         
[INFO] ------------------------------------------------------------------------
[INFO] Building Bio-Formats testing framework 5.6.0-SNAPSHOT
[INFO] ------------------------------------------------------------------------
[INFO] 
[INFO] --- buildnumber-maven-plugin:1.2:create (default) @ test-suite ---
[INFO] 
[INFO] --- maven-resources-plugin:2.6:resources (default-resources) @ test-suite ---
[INFO] Using 'UTF-8' encoding to copy filtered resources.
[INFO] Copying 0 resource
[INFO] skip non existing resourceDirectory /home/travis/build/failed/ome/bioformats/components/test-suite/lib
[INFO] Copying 0 resource
[INFO] Copying 0 resource
[INFO] 
[INFO] --- maven-compiler-plugin:3.1:compile (default-compile) @ test-suite ---
[INFO] Nothing to compile - all classes are up to date
[INFO] 
[INFO] --- maven-resources-plugin:2.6:testResources (default-testResources) @ test-suite ---
[INFO] Using 'UTF-8' encoding to copy filtered resources.
[INFO] skip non existing resourceDirectory /home/travis/build/failed/ome/bioformats/components/test-suite/test
[INFO] 
[INFO] --- maven-compiler-plugin:3.1:testCompile (default-testCompile) @ test-suite ---
[INFO] No sources to compile
[INFO] 
[INFO] --- maven-surefire-plugin:2.16:test (default-test) @ test-suite ---
[INFO] Tests are skipped.
[INFO] 
[INFO] --- maven-jar-plugin:2.4:jar (default-jar) @ test-suite ---
[INFO] 
[INFO] >>> maven-source-plugin:2.2.1:jar (default) > generate-sources @ test-suite >>>
[INFO] 
[INFO] --- buildnumber-maven-plugin:1.2:create (default) @ test-suite ---
[INFO] 
[INFO] <<< maven-source-plugin:2.2.1:jar (default) < generate-sources @ test-suite <<<
[INFO] 
[INFO] --- maven-source-plugin:2.2.1:jar (default) @ test-suite ---
[INFO] Building jar: /home/travis/build/failed/ome/bioformats/components/test-suite/target/test-suite-5.6.0-SNAPSHOT-sources.jar
[INFO] 
[INFO] --- maven-jar-plugin:2.4:test-jar (default) @ test-suite ---
[INFO] Skipping packaging of the test-jar
[INFO] 
[INFO] --- maven-install-plugin:2.5.1:install (default-install) @ test-suite ---
[INFO] Installing /home/travis/build/failed/ome/bioformats/components/test-suite/target/test-suite-5.6.0-SNAPSHOT.jar to /home/travis/.m2/repository/ome/test-suite/5.6.0-SNAPSHOT/test-suite-5.6.0-SNAPSHOT.jar
[INFO] Installing /home/travis/build/failed/ome/bioformats/components/test-suite/pom.xml to /home/travis/.m2/repository/ome/test-suite/5.6.0-SNAPSHOT/test-suite-5.6.0-SNAPSHOT.pom
[INFO] Installing /home/travis/build/failed/ome/bioformats/components/test-suite/target/test-suite-5.6.0-SNAPSHOT-sources.jar to /home/travis/.m2/repository/ome/test-suite/5.6.0-SNAPSHOT/test-suite-5.6.0-SNAPSHOT-sources.jar
[INFO]                                                                         
[INFO] ------------------------------------------------------------------------
[INFO] Building Bio-Formats Sphinx documentation 5.6.0-SNAPSHOT
[INFO] ------------------------------------------------------------------------
[INFO] 
[INFO] --- buildnumber-maven-plugin:1.2:create (default) @ formats-docs ---
[INFO] 
[INFO] --- maven-resources-plugin:2.6:resources (default-resources) @ formats-docs ---
[INFO] Using 'UTF-8' encoding to copy filtered resources.
[INFO] Copying 4 resources
[INFO] 
[INFO] --- maven-compiler-plugin:3.1:compile (default-compile) @ formats-docs ---
[INFO] Nothing to compile - all classes are up to date
[INFO] 
[INFO] --- maven-resources-plugin:2.6:testResources (default-testResources) @ formats-docs ---
[INFO] Using 'UTF-8' encoding to copy filtered resources.
[INFO] skip non existing resourceDirectory /home/travis/build/failed/ome/bioformats/docs/sphinx/test
[INFO] 
[INFO] --- maven-compiler-plugin:3.1:testCompile (default-testCompile) @ formats-docs ---
[INFO] No sources to compile
[INFO] 
[INFO] --- maven-surefire-plugin:2.16:test (default-test) @ formats-docs ---
[INFO] Tests are skipped.
[INFO] 
[INFO] >>> exec-maven-plugin:1.2.1:java (default) > validate @ formats-docs >>>
[INFO] 
[INFO] --- buildnumber-maven-plugin:1.2:create (default) @ formats-docs ---
[INFO] 
[INFO] <<< exec-maven-plugin:1.2.1:java (default) < validate @ formats-docs <<<
[INFO] 
[INFO] --- exec-maven-plugin:1.2.1:java (default) @ formats-docs ---
Executing ReadPhysicalSize
Physical calibration - Image: 0
	X = 1.0 nm = 0.001 Âµm
	Y = 0.1 Âµm = 0.1 Âµm
Success
Executing FileConvert
Success
Executing FileExport
Success
Executing FileExportSPW
Success
Executing SimpleTiledWriter
Success
Executing TiledReaderWriter
Success
Executing TiledReaderWriter
Success
Executing OverlappedTiledWriter
Success
Executing OverlappedTiledWriter
Success
Executing ReadWriteInMemory
Reading file into memory from disk...
0 bytes read.

Reading image data from memory...
Series count: 1
First series:
	Image count = 1
	SizeX = 512
	SizeY = 512
	SizeZ = 1
	SizeC = 1
	SizeT = 1

Writing planes to destination in memory: .

Flushing image data to disk...
Success
Executing OrthogonalReader
2022-02-19 05:08:57,622 [ExampleSuite.main()] INFO  loci.formats.ImageReader - FakeReader initializing /home/travis/build/failed/ome/bioformats/docs/sphinx/target/classes/test.fake
Success
[INFO] 
[INFO] --- maven-jar-plugin:2.4:jar (default-jar) @ formats-docs ---
[INFO] Building jar: /home/travis/build/failed/ome/bioformats/docs/sphinx/target/formats-docs-5.6.0-SNAPSHOT.jar
[INFO] 
[INFO] >>> maven-source-plugin:2.2.1:jar (default) > generate-sources @ formats-docs >>>
[INFO] 
[INFO] --- buildnumber-maven-plugin:1.2:create (default) @ formats-docs ---
[INFO] 
[INFO] <<< maven-source-plugin:2.2.1:jar (default) < generate-sources @ formats-docs <<<
[INFO] 
[INFO] --- maven-source-plugin:2.2.1:jar (default) @ formats-docs ---
[INFO] 
[INFO] --- maven-jar-plugin:2.4:test-jar (default) @ formats-docs ---
[INFO] Skipping packaging of the test-jar
[INFO] 
[INFO] --- maven-install-plugin:2.5.1:install (default-install) @ formats-docs ---
[INFO] Skipping artifact installation
[INFO] ------------------------------------------------------------------------
[INFO] Reactor Summary:
[INFO] 
[INFO] Bio-Formats projects ............................... SUCCESS [  1.396 s]
[INFO] JAI Image I/O Tools ................................ SUCCESS [02:53 min]
[INFO] libjpeg-turbo Java bindings ........................ SUCCESS [ 13.834 s]
[INFO] Bio-Formats API .................................... SUCCESS [ 33.594 s]
[INFO] BSD Bio-Formats readers and writers ................ SUCCESS [01:45 min]
[INFO] Bio-Formats library ................................ SUCCESS [01:58 min]
[INFO] Bio-Formats code generator ......................... SUCCESS [  3.296 s]
[INFO] Bio-Formats Plugins for ImageJ ..................... SUCCESS [ 12.414 s]
[INFO] Bio-Formats command line tools ..................... SUCCESS [  3.792 s]
[INFO] bioformats_package bundle .......................... SUCCESS [ 10.931 s]
[INFO] LOCI Tools bundle .................................. SUCCESS [  8.655 s]
[INFO] Bio-Formats testing framework ...................... SUCCESS [  9.035 s]
[INFO] Bio-Formats Sphinx documentation ................... SUCCESS [01:09 min]
[INFO] ------------------------------------------------------------------------
[INFO] BUILD SUCCESS
[INFO] ------------------------------------------------------------------------
[INFO] Total time: 09:28 min
[INFO] Finished at: 2022-02-19T05:09:54+00:00
[INFO] Final Memory: 18M/429M
[INFO] ------------------------------------------------------------------------
travis_time:end:0df279bb:start=1645246824840779417,finish=1645247394800465249,duration=569959685832,event=install[0Ktravis_fold:end:install[0Ktravis_time:start:1db2c889[0K$ ./tools/test-build $BUILD
+maven
+mvn
[INFO] Scanning for projects...
[INFO] ------------------------------------------------------------------------
[INFO] Reactor Build Order:
[INFO] 
[INFO] Bio-Formats projects
[INFO] JAI Image I/O Tools
[INFO] libjpeg-turbo Java bindings
[INFO] Bio-Formats API
[INFO] BSD Bio-Formats readers and writers
[INFO] Bio-Formats library
[INFO] Bio-Formats code generator
[INFO] Bio-Formats Plugins for ImageJ
[INFO] Bio-Formats command line tools
[INFO] bioformats_package bundle
[INFO] LOCI Tools bundle
[INFO] Bio-Formats testing framework
[INFO] Bio-Formats Sphinx documentation
[INFO]                                                                         
[INFO] ------------------------------------------------------------------------
[INFO] Building Bio-Formats projects 5.6.0-SNAPSHOT
[INFO] ------------------------------------------------------------------------
[INFO] 
[INFO] --- buildnumber-maven-plugin:1.2:create (default) @ pom-bio-formats ---
[INFO] Checking for local modifications: skipped.
[INFO] Updating project files from SCM: skipped.
[INFO] Executing: /bin/sh -c cd /home/travis/build/failed/ome/bioformats && git rev-parse --verify HEAD
[INFO] Working directory: /home/travis/build/failed/ome/bioformats
[INFO] Storing buildNumber: 0fc3989a22a79d249262d854ea0031e881d44e38 at timestamp: 1645247397051
[INFO] Executing: /bin/sh -c cd /home/travis/build/failed/ome/bioformats && git rev-parse --verify HEAD
[INFO] Working directory: /home/travis/build/failed/ome/bioformats
[INFO] Storing buildScmBranch: UNKNOWN
[INFO] 
[INFO] >>> maven-source-plugin:2.2.1:jar (default) > generate-sources @ pom-bio-formats >>>
[INFO] 
[INFO] --- buildnumber-maven-plugin:1.2:create (default) @ pom-bio-formats ---
[INFO] 
[INFO] <<< maven-source-plugin:2.2.1:jar (default) < generate-sources @ pom-bio-formats <<<
[INFO] 
[INFO] --- maven-source-plugin:2.2.1:jar (default) @ pom-bio-formats ---
[INFO] 
[INFO] --- maven-install-plugin:2.5.1:install (default-install) @ pom-bio-formats ---
[INFO] Installing /home/travis/build/failed/ome/bioformats/pom.xml to /home/travis/.m2/repository/ome/pom-bio-formats/5.6.0-SNAPSHOT/pom-bio-formats-5.6.0-SNAPSHOT.pom
[INFO]                                                                         
[INFO] ------------------------------------------------------------------------
[INFO] Building JAI Image I/O Tools 5.6.0-SNAPSHOT
[INFO] ------------------------------------------------------------------------
[INFO] 
[INFO] --- buildnumber-maven-plugin:1.2:create (default) @ jai_imageio ---
[INFO] 
[INFO] --- maven-resources-plugin:2.6:resources (default-resources) @ jai_imageio ---
[INFO] Using 'UTF-8' encoding to copy filtered resources.
[INFO] Copying 14 resources
[INFO] skip non existing resourceDirectory /home/travis/build/failed/ome/bioformats/components/forks/jai/lib
[INFO] Copying 0 resource
[INFO] Copying 0 resource
[INFO] 
[INFO] --- maven-compiler-plugin:3.1:compile (default-compile) @ jai_imageio ---
[INFO] Nothing to compile - all classes are up to date
[INFO] 
[INFO] --- maven-resources-plugin:2.6:testResources (default-testResources) @ jai_imageio ---
[INFO] Using 'UTF-8' encoding to copy filtered resources.
[INFO] skip non existing resourceDirectory /home/travis/build/failed/ome/bioformats/components/forks/jai/test
[INFO] 
[INFO] --- maven-compiler-plugin:3.1:testCompile (default-testCompile) @ jai_imageio ---
[INFO] No sources to compile
[INFO] 
[INFO] --- maven-surefire-plugin:2.16:test (default-test) @ jai_imageio ---
[INFO] No tests to run.
[INFO] 
[INFO] --- maven-jar-plugin:2.4:jar (default-jar) @ jai_imageio ---
[INFO] 
[INFO] >>> maven-source-plugin:2.2.1:jar (default) > generate-sources @ jai_imageio >>>
[INFO] 
[INFO] --- buildnumber-maven-plugin:1.2:create (default) @ jai_imageio ---
[INFO] 
[INFO] <<< maven-source-plugin:2.2.1:jar (default) < generate-sources @ jai_imageio <<<
[INFO] 
[INFO] --- maven-source-plugin:2.2.1:jar (default) @ jai_imageio ---
[INFO] Building jar: /home/travis/build/failed/ome/bioformats/components/forks/jai/target/jai_imageio-5.6.0-SNAPSHOT-sources.jar
[INFO] 
[INFO] --- maven-jar-plugin:2.4:test-jar (default) @ jai_imageio ---
[INFO] Skipping packaging of the test-jar
[INFO] 
[INFO] --- maven-install-plugin:2.5.1:install (default-install) @ jai_imageio ---
[INFO] Installing /home/travis/build/failed/ome/bioformats/components/forks/jai/target/jai_imageio-5.6.0-SNAPSHOT.jar to /home/travis/.m2/repository/ome/jai_imageio/5.6.0-SNAPSHOT/jai_imageio-5.6.0-SNAPSHOT.jar
[INFO] Installing /home/travis/build/failed/ome/bioformats/components/forks/jai/pom.xml to /home/travis/.m2/repository/ome/jai_imageio/5.6.0-SNAPSHOT/jai_imageio-5.6.0-SNAPSHOT.pom
[INFO] Installing /home/travis/build/failed/ome/bioformats/components/forks/jai/target/jai_imageio-5.6.0-SNAPSHOT-sources.jar to /home/travis/.m2/repository/ome/jai_imageio/5.6.0-SNAPSHOT/jai_imageio-5.6.0-SNAPSHOT-sources.jar
[INFO]                                                                         
[INFO] ------------------------------------------------------------------------
[INFO] Building libjpeg-turbo Java bindings 5.6.0-SNAPSHOT
[INFO] ------------------------------------------------------------------------
[INFO] 
[INFO] --- buildnumber-maven-plugin:1.2:create (default) @ turbojpeg ---
[INFO] 
[INFO] --- maven-resources-plugin:2.6:resources (default-resources) @ turbojpeg ---
[INFO] Using 'UTF-8' encoding to copy filtered resources.
[INFO] Copying 0 resource
[INFO] Copying 7 resources to META-INF/lib
[INFO] Copying 0 resource
[INFO] Copying 0 resource
[INFO] 
[INFO] --- maven-compiler-plugin:3.1:compile (default-compile) @ turbojpeg ---
[INFO] Nothing to compile - all classes are up to date
[INFO] 
[INFO] --- maven-resources-plugin:2.6:testResources (default-testResources) @ turbojpeg ---
[INFO] Using 'UTF-8' encoding to copy filtered resources.
[INFO] skip non existing resourceDirectory /home/travis/build/failed/ome/bioformats/components/forks/turbojpeg/test
[INFO] 
[INFO] --- maven-compiler-plugin:3.1:testCompile (default-testCompile) @ turbojpeg ---
[INFO] No sources to compile
[INFO] 
[INFO] --- maven-surefire-plugin:2.16:test (default-test) @ turbojpeg ---
[INFO] No tests to run.
[INFO] 
[INFO] --- maven-jar-plugin:2.4:jar (default-jar) @ turbojpeg ---
[INFO] 
[INFO] >>> maven-source-plugin:2.2.1:jar (default) > generate-sources @ turbojpeg >>>
[INFO] 
[INFO] --- buildnumber-maven-plugin:1.2:create (default) @ turbojpeg ---
[INFO] 
[INFO] <<< maven-source-plugin:2.2.1:jar (default) < generate-sources @ turbojpeg <<<
[INFO] 
[INFO] --- maven-source-plugin:2.2.1:jar (default) @ turbojpeg ---
[INFO] Building jar: /home/travis/build/failed/ome/bioformats/components/forks/turbojpeg/target/turbojpeg-5.6.0-SNAPSHOT-sources.jar
[INFO] 
[INFO] --- maven-jar-plugin:2.4:test-jar (default) @ turbojpeg ---
[INFO] Skipping packaging of the test-jar
[INFO] 
[INFO] --- maven-install-plugin:2.5.1:install (default-install) @ turbojpeg ---
[INFO] Installing /home/travis/build/failed/ome/bioformats/components/forks/turbojpeg/target/turbojpeg-5.6.0-SNAPSHOT.jar to /home/travis/.m2/repository/ome/turbojpeg/5.6.0-SNAPSHOT/turbojpeg-5.6.0-SNAPSHOT.jar
[INFO] Installing /home/travis/build/failed/ome/bioformats/components/forks/turbojpeg/pom.xml to /home/travis/.m2/repository/ome/turbojpeg/5.6.0-SNAPSHOT/turbojpeg-5.6.0-SNAPSHOT.pom
[INFO] Installing /home/travis/build/failed/ome/bioformats/components/forks/turbojpeg/target/turbojpeg-5.6.0-SNAPSHOT-sources.jar to /home/travis/.m2/repository/ome/turbojpeg/5.6.0-SNAPSHOT/turbojpeg-5.6.0-SNAPSHOT-sources.jar
[INFO]                                                                         
[INFO] ------------------------------------------------------------------------
[INFO] Building Bio-Formats API 5.6.0-SNAPSHOT
[INFO] ------------------------------------------------------------------------
[INFO] 
[INFO] --- buildnumber-maven-plugin:1.2:create (default) @ formats-api ---
[INFO] 
[INFO] --- maven-resources-plugin:2.6:resources (default-resources) @ formats-api ---
[INFO] Using 'UTF-8' encoding to copy filtered resources.
[INFO] Copying 2 resources
[INFO] Copying 0 resource
[INFO] Copying 0 resource
[INFO] 
[INFO] --- maven-compiler-plugin:3.1:compile (default-compile) @ formats-api ---
[INFO] Nothing to compile - all classes are up to date
[INFO] 
[INFO] --- maven-resources-plugin:2.6:testResources (default-testResources) @ formats-api ---
[INFO] Using 'UTF-8' encoding to copy filtered resources.
[INFO] Copying 2 resources
[INFO] 
[INFO] --- maven-compiler-plugin:3.1:testCompile (default-testCompile) @ formats-api ---
[INFO] Nothing to compile - all classes are up to date
[INFO] 
[INFO] --- maven-surefire-plugin:2.16:test (default-test) @ formats-api ---
[INFO] Surefire report directory: /home/travis/build/failed/ome/bioformats/components/formats-api/target/surefire-reports

-------------------------------------------------------
 T E S T S
-------------------------------------------------------
Running TestSuite
Configuring TestNG with: TestNG652Configurator
2022-02-19 05:10:01,200 [main] WARN  loci.formats.ClassList - Could not find invalid
2022-02-19 05:10:01,204 [main] WARN  loci.formats.ClassList - Could not find invalid
2022-02-19 05:10:01,319 [main] WARN  loci.formats.FormatTools - Invalid base unit: using default reference frame unit
2022-02-19 05:10:01,320 [main] WARN  loci.formats.FormatTools - Invalid base unit: using default reference frame unit
2022-02-19 05:10:01,320 [main] WARN  loci.formats.FormatTools - Invalid base unit: using default reference frame unit
2022-02-19 05:10:01,320 [main] WARN  loci.formats.FormatTools - Invalid base unit: using default reference frame unit
Tests run: 123, Failures: 0, Errors: 0, Skipped: 0, Time elapsed: 1.108 sec - in TestSuite

Results :

Tests run: 123, Failures: 0, Errors: 0, Skipped: 0

[INFO] 
[INFO] --- maven-jar-plugin:2.4:jar (default-jar) @ formats-api ---
[INFO] 
[INFO] >>> maven-source-plugin:2.2.1:jar (default) > generate-sources @ formats-api >>>
[INFO] 
[INFO] --- buildnumber-maven-plugin:1.2:create (default) @ formats-api ---
[INFO] 
[INFO] <<< maven-source-plugin:2.2.1:jar (default) < generate-sources @ formats-api <<<
[INFO] 
[INFO] --- maven-source-plugin:2.2.1:jar (default) @ formats-api ---
[INFO] Building jar: /home/travis/build/failed/ome/bioformats/components/formats-api/target/formats-api-5.6.0-SNAPSHOT-sources.jar
[INFO] 
[INFO] --- maven-jar-plugin:2.4:test-jar (default) @ formats-api ---
[INFO] 
[INFO] --- maven-install-plugin:2.5.1:install (default-install) @ formats-api ---
[INFO] Installing /home/travis/build/failed/ome/bioformats/components/formats-api/target/formats-api-5.6.0-SNAPSHOT.jar to /home/travis/.m2/repository/ome/formats-api/5.6.0-SNAPSHOT/formats-api-5.6.0-SNAPSHOT.jar
[INFO] Installing /home/travis/build/failed/ome/bioformats/components/formats-api/pom.xml to /home/travis/.m2/repository/ome/formats-api/5.6.0-SNAPSHOT/formats-api-5.6.0-SNAPSHOT.pom
[INFO] Installing /home/travis/build/failed/ome/bioformats/components/formats-api/target/formats-api-5.6.0-SNAPSHOT-sources.jar to /home/travis/.m2/repository/ome/formats-api/5.6.0-SNAPSHOT/formats-api-5.6.0-SNAPSHOT-sources.jar
[INFO] Installing /home/travis/build/failed/ome/bioformats/components/formats-api/target/formats-api-5.6.0-SNAPSHOT-tests.jar to /home/travis/.m2/repository/ome/formats-api/5.6.0-SNAPSHOT/formats-api-5.6.0-SNAPSHOT-tests.jar
[INFO]                                                                         
[INFO] ------------------------------------------------------------------------
[INFO] Building BSD Bio-Formats readers and writers 5.6.0-SNAPSHOT
[INFO] ------------------------------------------------------------------------
[INFO] 
[INFO] --- buildnumber-maven-plugin:1.2:create (default) @ formats-bsd ---
[INFO] 
[INFO] --- maven-resources-plugin:2.6:resources (default-resources) @ formats-bsd ---
[INFO] Using 'UTF-8' encoding to copy filtered resources.
[INFO] Copying 0 resource
[INFO] Copying 0 resource
[INFO] 
[INFO] --- maven-compiler-plugin:3.1:compile (default-compile) @ formats-bsd ---
[INFO] Nothing to compile - all classes are up to date
[INFO] 
[INFO] --- maven-resources-plugin:2.6:testResources (default-testResources) @ formats-bsd ---
[INFO] Using 'UTF-8' encoding to copy filtered resources.
[INFO] Copying 11 resources
[INFO] 
[INFO] --- maven-compiler-plugin:3.1:testCompile (default-testCompile) @ formats-bsd ---
[INFO] Nothing to compile - all classes are up to date
[INFO] 
[INFO] --- maven-surefire-plugin:2.16:test (default-test) @ formats-bsd ---
[INFO] Surefire report directory: /home/travis/build/failed/ome/bioformats/components/formats-bsd/target/surefire-reports

-------------------------------------------------------
 T E S T S
-------------------------------------------------------
Running TestSuite
2022-02-19 05:10:07,494 [main] ERROR loci.formats.ClassList - "loci.formats.out.WlzWriter" is not valid.
2022-02-19 05:10:07,499 [main] ERROR loci.formats.ClassList - "loci.formats.out.CellH5Writer" is not valid.
2022-02-19 05:10:07,955 [main] ERROR loci.formats.ClassList - "loci.formats.in.IPLabReader" is not valid.
2022-02-19 05:10:07,956 [main] ERROR loci.formats.ClassList - "loci.formats.in.IvisionReader" is not valid.
2022-02-19 05:10:07,956 [main] ERROR loci.formats.ClassList - "loci.formats.in.DeltavisionReader" is not valid.
2022-02-19 05:10:07,956 [main] ERROR loci.formats.ClassList - "loci.formats.in.MRCReader" is not valid.
2022-02-19 05:10:07,956 [main] ERROR loci.formats.ClassList - "loci.formats.in.GatanReader" is not valid.
2022-02-19 05:10:07,956 [main] ERROR loci.formats.ClassList - "loci.formats.in.GatanDM2Reader" is not valid.
2022-02-19 05:10:07,956 [main] ERROR loci.formats.ClassList - "loci.formats.in.ImarisReader" is not valid.
2022-02-19 05:10:07,957 [main] ERROR loci.formats.ClassList - "loci.formats.in.OpenlabRawReader" is not valid.
2022-02-19 05:10:07,958 [main] ERROR loci.formats.ClassList - "loci.formats.in.LIFReader" is not valid.
2022-02-19 05:10:07,962 [main] ERROR loci.formats.ClassList - "loci.formats.in.SDTReader" is not valid.
2022-02-19 05:10:07,962 [main] ERROR loci.formats.ClassList - "loci.formats.in.SPCReader" is not valid.
2022-02-19 05:10:07,963 [main] ERROR loci.formats.ClassList - "loci.formats.in.SlidebookReader" is not valid.
2022-02-19 05:10:07,963 [main] ERROR loci.formats.ClassList - "loci.formats.in.AliconaReader" is not valid.
2022-02-19 05:10:07,964 [main] ERROR loci.formats.ClassList - "loci.formats.in.KhorosReader" is not valid.
2022-02-19 05:10:07,964 [main] ERROR loci.formats.ClassList - "loci.formats.in.VisitechReader" is not valid.
2022-02-19 05:10:07,964 [main] ERROR loci.formats.ClassList - "loci.formats.in.LIMReader" is not valid.
2022-02-19 05:10:07,964 [main] ERROR loci.formats.ClassList - "loci.formats.in.PSDReader" is not valid.
2022-02-19 05:10:07,965 [main] ERROR loci.formats.ClassList - "loci.formats.in.InCellReader" is not valid.
2022-02-19 05:10:07,965 [main] ERROR loci.formats.ClassList - "loci.formats.in.L2DReader" is not valid.
2022-02-19 05:10:07,965 [main] ERROR loci.formats.ClassList - "loci.formats.in.FEIReader" is not valid.
2022-02-19 05:10:07,965 [main] ERROR loci.formats.ClassList - "loci.formats.in.NAFReader" is not valid.
2022-02-19 05:10:07,965 [main] ERROR loci.formats.ClassList - "loci.formats.in.MINCReader" is not valid.
2022-02-19 05:10:07,966 [main] ERROR loci.formats.ClassList - "loci.formats.in.MRWReader" is not valid.
2022-02-19 05:10:07,966 [main] ERROR loci.formats.ClassList - "loci.formats.in.TillVisionReader" is not valid.
2022-02-19 05:10:07,966 [main] ERROR loci.formats.ClassList - "loci.formats.in.ARFReader" is not valid.
2022-02-19 05:10:07,966 [main] ERROR loci.formats.ClassList - "loci.formats.in.CellomicsReader" is not valid.
2022-02-19 05:10:07,966 [main] ERROR loci.formats.ClassList - "loci.formats.in.LiFlimReader" is not valid.
2022-02-19 05:10:07,967 [main] ERROR loci.formats.ClassList - "loci.formats.in.TargaReader" is not valid.
2022-02-19 05:10:07,967 [main] ERROR loci.formats.ClassList - "loci.formats.in.OxfordInstrumentsReader" is not valid.
2022-02-19 05:10:07,967 [main] ERROR loci.formats.ClassList - "loci.formats.in.VGSAMReader" is not valid.
2022-02-19 05:10:07,967 [main] ERROR loci.formats.ClassList - "loci.formats.in.HISReader" is not valid.
2022-02-19 05:10:07,967 [main] ERROR loci.formats.ClassList - "loci.formats.in.WATOPReader" is not valid.
2022-02-19 05:10:07,967 [main] ERROR loci.formats.ClassList - "loci.formats.in.SeikoReader" is not valid.
2022-02-19 05:10:07,968 [main] ERROR loci.formats.ClassList - "loci.formats.in.TopometrixReader" is not valid.
2022-02-19 05:10:07,968 [main] ERROR loci.formats.ClassList - "loci.formats.in.UBMReader" is not valid.
2022-02-19 05:10:07,968 [main] ERROR loci.formats.ClassList - "loci.formats.in.QuesantReader" is not valid.
2022-02-19 05:10:07,968 [main] ERROR loci.formats.ClassList - "loci.formats.in.BioRadGelReader" is not valid.
2022-02-19 05:10:07,968 [main] ERROR loci.formats.ClassList - "loci.formats.in.RHKReader" is not valid.
2022-02-19 05:10:07,968 [main] ERROR loci.formats.ClassList - "loci.formats.in.MolecularImagingReader" is not valid.
2022-02-19 05:10:07,969 [main] ERROR loci.formats.ClassList - "loci.formats.in.CellWorxReader" is not valid.
2022-02-19 05:10:07,969 [main] ERROR loci.formats.ClassList - "loci.formats.in.Ecat7Reader" is not valid.
2022-02-19 05:10:07,969 [main] ERROR loci.formats.ClassList - "loci.formats.in.VarianFDFReader" is not valid.
2022-02-19 05:10:07,969 [main] ERROR loci.formats.ClassList - "loci.formats.in.AIMReader" is not valid.
2022-02-19 05:10:07,969 [main] ERROR loci.formats.ClassList - "loci.formats.in.InCell3000Reader" is not valid.
2022-02-19 05:10:07,969 [main] ERROR loci.formats.ClassList - "loci.formats.in.SpiderReader" is not valid.
2022-02-19 05:10:07,970 [main] ERROR loci.formats.ClassList - "loci.formats.in.VolocityReader" is not valid.
2022-02-19 05:10:07,970 [main] ERROR loci.formats.ClassList - "loci.formats.in.ImagicReader" is not valid.
2022-02-19 05:10:07,970 [main] ERROR loci.formats.ClassList - "loci.formats.in.HamamatsuVMSReader" is not valid.
2022-02-19 05:10:07,970 [main] ERROR loci.formats.ClassList - "loci.formats.in.CellSensReader" is not valid.
2022-02-19 05:10:07,970 [main] ERROR loci.formats.ClassList - "loci.formats.in.INRReader" is not valid.
2022-02-19 05:10:07,970 [main] ERROR loci.formats.ClassList - "loci.formats.in.KodakReader" is not valid.
2022-02-19 05:10:07,971 [main] ERROR loci.formats.ClassList - "loci.formats.in.VolocityClippingReader" is not valid.
2022-02-19 05:10:07,971 [main] ERROR loci.formats.ClassList - "loci.formats.in.ZeissCZIReader" is not valid.
2022-02-19 05:10:07,971 [main] ERROR loci.formats.ClassList - "loci.formats.in.SIFReader" is not valid.
2022-02-19 05:10:07,971 [main] ERROR loci.formats.ClassList - "loci.formats.in.NDPISReader" is not valid.
2022-02-19 05:10:07,971 [main] ERROR loci.formats.ClassList - "loci.formats.in.PovrayReader" is not valid.
2022-02-19 05:10:07,971 [main] ERROR loci.formats.ClassList - "loci.formats.in.IMODReader" is not valid.
2022-02-19 05:10:08,018 [main] ERROR loci.formats.ClassList - "loci.formats.in.AFIReader" is not valid.
2022-02-19 05:10:08,018 [main] ERROR loci.formats.ClassList - "loci.formats.in.ImspectorReader" is not valid.
2022-02-19 05:10:08,018 [main] ERROR loci.formats.ClassList - "loci.formats.in.BioRadSCNReader" is not valid.
2022-02-19 05:10:08,018 [main] ERROR loci.formats.ClassList - "loci.formats.in.ZeissLMSReader" is not valid.
2022-02-19 05:10:08,018 [main] ERROR loci.formats.ClassList - "loci.formats.in.PQBinReader" is not valid.
2022-02-19 05:10:08,021 [main] ERROR loci.formats.ClassList - "loci.formats.in.I2IReader" is not valid.
2022-02-19 05:10:08,021 [main] ERROR loci.formats.ClassList - "loci.formats.in.SPEReader" is not valid.
2022-02-19 05:10:08,021 [main] ERROR loci.formats.ClassList - "loci.formats.in.OIRReader" is not valid.
2022-02-19 05:10:08,022 [main] ERROR loci.formats.ClassList - "loci.formats.in.JEOLReader" is not valid.
2022-02-19 05:10:08,022 [main] ERROR loci.formats.ClassList - "loci.formats.in.NiftiReader" is not valid.
2022-02-19 05:10:08,022 [main] ERROR loci.formats.ClassList - "loci.formats.in.AnalyzeReader" is not valid.
2022-02-19 05:10:08,022 [main] ERROR loci.formats.ClassList - "loci.formats.in.APLReader" is not valid.
2022-02-19 05:10:08,025 [main] ERROR loci.formats.ClassList - "loci.formats.in.PerkinElmerReader" is not valid.
2022-02-19 05:10:08,025 [main] ERROR loci.formats.ClassList - "loci.formats.in.AmiraReader" is not valid.
2022-02-19 05:10:08,026 [main] ERROR loci.formats.ClassList - "loci.formats.in.ScanrReader" is not valid.
2022-02-19 05:10:08,026 [main] ERROR loci.formats.ClassList - "loci.formats.in.BDReader" is not valid.
2022-02-19 05:10:08,026 [main] ERROR loci.formats.ClassList - "loci.formats.in.UnisokuReader" is not valid.
2022-02-19 05:10:08,026 [main] ERROR loci.formats.ClassList - "loci.formats.in.PDSReader" is not valid.
2022-02-19 05:10:08,026 [main] ERROR loci.formats.ClassList - "loci.formats.in.FujiReader" is not valid.
2022-02-19 05:10:08,027 [main] ERROR loci.formats.ClassList - "loci.formats.in.OperettaReader" is not valid.
2022-02-19 05:10:08,027 [main] ERROR loci.formats.ClassList - "loci.formats.in.InveonReader" is not valid.
2022-02-19 05:10:08,027 [main] ERROR loci.formats.ClassList - "loci.formats.in.CellVoyagerReader" is not valid.
2022-02-19 05:10:08,027 [main] ERROR loci.formats.ClassList - "loci.formats.in.ColumbusReader" is not valid.
2022-02-19 05:10:08,027 [main] ERROR loci.formats.ClassList - "loci.formats.in.BioRadReader" is not valid.
2022-02-19 05:10:08,027 [main] ERROR loci.formats.ClassList - "loci.formats.in.FV1000Reader" is not valid.
2022-02-19 05:10:08,027 [main] ERROR loci.formats.ClassList - "loci.formats.in.ZeissZVIReader" is not valid.
2022-02-19 05:10:08,028 [main] ERROR loci.formats.ClassList - "loci.formats.in.IPWReader" is not valid.
2022-02-19 05:10:08,028 [main] ERROR loci.formats.ClassList - "loci.formats.in.JPXReader" is not valid.
2022-02-19 05:10:08,029 [main] ERROR loci.formats.ClassList - "loci.formats.in.ND2Reader" is not valid.
2022-02-19 05:10:08,029 [main] ERROR loci.formats.ClassList - "loci.formats.in.PCIReader" is not valid.
2022-02-19 05:10:08,029 [main] ERROR loci.formats.ClassList - "loci.formats.in.ImarisHDFReader" is not valid.
2022-02-19 05:10:08,029 [main] ERROR loci.formats.ClassList - "loci.formats.in.CellH5Reader" is not valid.
2022-02-19 05:10:08,029 [main] ERROR loci.formats.ClassList - "loci.formats.in.WlzReader" is not valid.
2022-02-19 05:10:08,029 [main] ERROR loci.formats.ClassList - "loci.formats.in.VeecoReader" is not valid.
2022-02-19 05:10:08,030 [main] ERROR loci.formats.ClassList - "loci.formats.in.ZeissLSMReader" is not valid.
2022-02-19 05:10:08,030 [main] ERROR loci.formats.ClassList - "loci.formats.in.SEQReader" is not valid.
2022-02-19 05:10:08,030 [main] ERROR loci.formats.ClassList - "loci.formats.in.GelReader" is not valid.
2022-02-19 05:10:08,030 [main] ERROR loci.formats.ClassList - "loci.formats.in.ImarisTiffReader" is not valid.
2022-02-19 05:10:08,030 [main] ERROR loci.formats.ClassList - "loci.formats.in.FlexReader" is not valid.
2022-02-19 05:10:08,030 [main] ERROR loci.formats.ClassList - "loci.formats.in.SVSReader" is not valid.
2022-02-19 05:10:08,031 [main] ERROR loci.formats.ClassList - "loci.formats.in.ImaconReader" is not valid.
2022-02-19 05:10:08,031 [main] ERROR loci.formats.ClassList - "loci.formats.in.LEOReader" is not valid.
2022-02-19 05:10:08,031 [main] ERROR loci.formats.ClassList - "loci.formats.in.JPKReader" is not valid.
2022-02-19 05:10:08,031 [main] ERROR loci.formats.ClassList - "loci.formats.in.NDPIReader" is not valid.
2022-02-19 05:10:08,031 [main] ERROR loci.formats.ClassList - "loci.formats.in.PCORAWReader" is not valid.
2022-02-19 05:10:08,033 [main] ERROR loci.formats.ClassList - "loci.formats.in.PyramidTiffReader" is not valid.
2022-02-19 05:10:08,033 [main] ERROR loci.formats.ClassList - "loci.formats.in.MIASReader" is not valid.
2022-02-19 05:10:08,033 [main] ERROR loci.formats.ClassList - "loci.formats.in.TCSReader" is not valid.
2022-02-19 05:10:08,034 [main] ERROR loci.formats.ClassList - "loci.formats.in.LeicaReader" is not valid.
2022-02-19 05:10:08,034 [main] ERROR loci.formats.ClassList - "loci.formats.in.NikonReader" is not valid.
2022-02-19 05:10:08,034 [main] ERROR loci.formats.ClassList - "loci.formats.in.FluoviewReader" is not valid.
2022-02-19 05:10:08,034 [main] ERROR loci.formats.ClassList - "loci.formats.in.PrairieReader" is not valid.
2022-02-19 05:10:08,034 [main] ERROR loci.formats.ClassList - "loci.formats.in.MetamorphReader" is not valid.
2022-02-19 05:10:08,036 [main] ERROR loci.formats.ClassList - "loci.formats.in.ImprovisionTiffReader" is not valid.
2022-02-19 05:10:08,036 [main] ERROR loci.formats.ClassList - "loci.formats.in.MetamorphTiffReader" is not valid.
2022-02-19 05:10:08,036 [main] ERROR loci.formats.ClassList - "loci.formats.in.NikonTiffReader" is not valid.
2022-02-19 05:10:08,037 [main] ERROR loci.formats.ClassList - "loci.formats.in.PhotoshopTiffReader" is not valid.
2022-02-19 05:10:08,037 [main] ERROR loci.formats.ClassList - "loci.formats.in.FEITiffReader" is not valid.
2022-02-19 05:10:08,037 [main] ERROR loci.formats.ClassList - "loci.formats.in.SimplePCITiffReader" is not valid.
2022-02-19 05:10:08,037 [main] ERROR loci.formats.ClassList - "loci.formats.in.NikonElementsTiffReader" is not valid.
2022-02-19 05:10:08,037 [main] ERROR loci.formats.ClassList - "loci.formats.in.TrestleReader" is not valid.
2022-02-19 05:10:08,037 [main] ERROR loci.formats.ClassList - "loci.formats.in.SISReader" is not valid.
2022-02-19 05:10:08,038 [main] ERROR loci.formats.ClassList - "loci.formats.in.DNGReader" is not valid.
2022-02-19 05:10:08,038 [main] ERROR loci.formats.ClassList - "loci.formats.in.ZeissTIFFReader" is not valid.
2022-02-19 05:10:08,038 [main] ERROR loci.formats.ClassList - "loci.formats.in.LeicaSCNReader" is not valid.
2022-02-19 05:10:08,038 [main] ERROR loci.formats.ClassList - "loci.formats.in.SlidebookTiffReader" is not valid.
2022-02-19 05:10:08,039 [main] ERROR loci.formats.ClassList - "loci.formats.in.BurleighReader" is not valid.
2022-02-19 05:10:08,039 [main] ERROR loci.formats.ClassList - "loci.formats.in.OpenlabReader" is not valid.
2022-02-19 05:10:08,050 [main] ERROR loci.formats.ClassList - "loci.formats.in.SMCameraReader" is not valid.
2022-02-19 05:10:08,051 [main] ERROR loci.formats.ClassList - "loci.formats.in.SBIGReader" is not valid.
2022-02-19 05:10:08,051 [main] ERROR loci.formats.ClassList - "loci.formats.in.HRDGDFReader" is not valid.
2022-02-19 05:10:08,051 [main] ERROR loci.formats.ClassList - "loci.formats.in.HitachiReader" is not valid.
2022-02-19 05:10:08,051 [main] ERROR loci.formats.ClassList - "loci.formats.in.BrukerReader" is not valid.
2022-02-19 05:10:08,051 [main] ERROR loci.formats.ClassList - "loci.formats.in.CanonRawReader" is not valid.
2022-02-19 05:10:08,081 [main] WARN  loci.formats.FormatHandler - Image ID 'Image:1': missing plane #1.  Using TiffReader to determine the number of planes.
2022-02-19 05:52:48,784 [main] WARN  loci.formats.Memoizer - skipping memo: directory not writeable - /tmp/loci.formats.utests.MemoizerTest.452566056662018597
2022-02-19 05:52:48,862 [main] WARN  loci.formats.Memoizer - skipping memo: directory not writeable - /tmp/loci.formats.utests.MemoizerTest.7782325244012356626
2022-02-19 05:52:48,906 [main] WARN  loci.formats.Memoizer - skipping memo: directory not writeable - /tmp/loci.formats.utests.MemoizerTest.7522314953604675553
2022-02-19 05:52:48,907 [main] WARN  loci.formats.Memoizer - skipping memo: directory not writeable - /tmp/loci.formats.utests.MemoizerTest.5078003630539751915
2022-02-19 05:52:48,907 [main] WARN  loci.formats.Memoizer - skipping memo: directory not writeable - /tmp/loci.formats.utests.MemoizerTest.1751092451755567075
2022-02-19 05:52:58,788 [main] WARN  ome.xml.model.enums.handlers.ExperimentTypeEnumHandler - Unknown ExperimentType value 'null' will be stored as "Other"
2022-02-19 05:52:58,908 [main] WARN  ome.xml.model.enums.handlers.ExperimentTypeEnumHandler - Unknown ExperimentType value 'null' will be stored as "Other"
2022-02-19 05:52:58,986 [main] WARN  ome.xml.model.enums.handlers.ExperimentTypeEnumHandler - Unknown ExperimentType value 'null' will be stored as "Other"
2022-02-19 05:52:59,054 [main] WARN  ome.xml.model.enums.handlers.ExperimentTypeEnumHandler - Unknown ExperimentType value 'null' will be stored as "Other"
2022-02-19 05:52:59,131 [main] WARN  ome.xml.model.enums.handlers.ExperimentTypeEnumHandler - Unknown ExperimentType value 'null' will be stored as "Other"
2022-02-19 05:52:59,242 [main] WARN  ome.xml.model.enums.handlers.ExperimentTypeEnumHandler - Unknown ExperimentType value 'null' will be stored as "Other"
2022-02-19 05:52:59,318 [main] WARN  ome.xml.model.enums.handlers.ExperimentTypeEnumHandler - Unknown ExperimentType value 'null' will be stored as "Other"
2022-02-19 05:52:59,383 [main] WARN  ome.xml.model.enums.handlers.ExperimentTypeEnumHandler - Unknown ExperimentType value 'null' will be stored as "Other"
2022-02-19 05:52:59,560 [main] WARN  ome.xml.model.enums.handlers.ExperimentTypeEnumHandler - Unknown ExperimentType value 'null' will be stored as "Other"
2022-02-19 05:52:59,722 [main] WARN  ome.xml.model.enums.handlers.ExperimentTypeEnumHandler - Unknown ExperimentType value 'null' will be stored as "Other"
2022-02-19 05:52:59,934 [main] WARN  ome.xml.model.enums.handlers.ExperimentTypeEnumHandler - Unknown ExperimentType value 'null' will be stored as "Other"
2022-02-19 05:53:00,054 [main] WARN  ome.xml.model.enums.handlers.ExperimentTypeEnumHandler - Unknown ExperimentType value 'null' will be stored as "Other"
2022-02-19 05:53:00,210 [main] WARN  ome.xml.model.enums.handlers.ExperimentTypeEnumHandler - Unknown ExperimentType value 'null' will be stored as "Other"
2022-02-19 05:53:00,361 [main] WARN  ome.xml.model.enums.handlers.ExperimentTypeEnumHandler - Unknown ExperimentType value 'null' will be stored as "Other"
2022-02-19 05:53:00,516 [main] WARN  ome.xml.model.enums.handlers.ExperimentTypeEnumHandler - Unknown ExperimentType value 'null' will be stored as "Other"
2022-02-19 05:53:00,640 [main] WARN  ome.xml.model.enums.handlers.ExperimentTypeEnumHandler - Unknown ExperimentType value 'null' will be stored as "Other"
2022-02-19 05:53:00,726 [main] WARN  ome.xml.model.enums.handlers.ExperimentTypeEnumHandler - Unknown ExperimentType value 'null' will be stored as "Other"
2022-02-19 05:53:00,847 [main] WARN  ome.xml.model.enums.handlers.ExperimentTypeEnumHandler - Unknown ExperimentType value 'null' will be stored as "Other"
2022-02-19 05:53:00,992 [main] WARN  ome.xml.model.enums.handlers.ExperimentTypeEnumHandler - Unknown ExperimentType value 'null' will be stored as "Other"
2022-02-19 05:53:01,130 [main] WARN  ome.xml.model.enums.handlers.ExperimentTypeEnumHandler - Unknown ExperimentType value 'null' will be stored as "Other"
2022-02-19 05:53:01,231 [main] WARN  ome.xml.model.enums.handlers.ExperimentTypeEnumHandler - Unknown ExperimentType value 'null' will be stored as "Other"
2022-02-19 05:53:01,333 [main] WARN  ome.xml.model.enums.handlers.ExperimentTypeEnumHandler - Unknown ExperimentType value 'null' will be stored as "Other"
2022-02-19 05:53:01,523 [main] WARN  ome.xml.model.enums.handlers.ExperimentTypeEnumHandler - Unknown ExperimentType value 'null' will be stored as "Other"
2022-02-19 05:53:01,689 [main] WARN  ome.xml.model.enums.handlers.ExperimentTypeEnumHandler - Unknown ExperimentType value 'null' will be stored as "Other"
2022-02-19 05:53:01,805 [main] WARN  ome.xml.model.enums.handlers.ExperimentTypeEnumHandler - Unknown ExperimentType value 'null' will be stored as "Other"
2022-02-19 05:53:02,058 [main] WARN  ome.xml.model.enums.handlers.ExperimentTypeEnumHandler - Unknown ExperimentType value 'null' will be stored as "Other"
2022-02-19 05:53:02,166 [main] WARN  ome.xml.model.enums.handlers.ExperimentTypeEnumHandler - Unknown ExperimentType value 'null' will be stored as "Other"
2022-02-19 05:53:02,350 [main] WARN  ome.xml.model.enums.handlers.ExperimentTypeEnumHandler - Unknown ExperimentType value 'null' will be stored as "Other"
Tests run: 1383, Failures: 0, Errors: 0, Skipped: 0, Time elapsed: 2,715.941 sec - in TestSuite

Results :

Tests run: 1383, Failures: 0, Errors: 0, Skipped: 0

[INFO] 
[INFO] --- maven-jar-plugin:2.4:jar (default-jar) @ formats-bsd ---
[INFO] 
[INFO] >>> maven-source-plugin:2.2.1:jar (default) > generate-sources @ formats-bsd >>>
[INFO] 
[INFO] --- buildnumber-maven-plugin:1.2:create (default) @ formats-bsd ---
[INFO] 
[INFO] <<< maven-source-plugin:2.2.1:jar (default) < generate-sources @ formats-bsd <<<
[INFO] 
[INFO] --- maven-source-plugin:2.2.1:jar (default) @ formats-bsd ---
[INFO] Building jar: /home/travis/build/failed/ome/bioformats/components/formats-bsd/target/formats-bsd-5.6.0-SNAPSHOT-sources.jar
[INFO] 
[INFO] --- maven-jar-plugin:2.4:test-jar (default) @ formats-bsd ---
[INFO] 
[INFO] --- maven-install-plugin:2.5.1:install (default-install) @ formats-bsd ---
[INFO] Installing /home/travis/build/failed/ome/bioformats/components/formats-bsd/target/formats-bsd-5.6.0-SNAPSHOT.jar to /home/travis/.m2/repository/ome/formats-bsd/5.6.0-SNAPSHOT/formats-bsd-5.6.0-SNAPSHOT.jar
[INFO] Installing /home/travis/build/failed/ome/bioformats/components/formats-bsd/pom.xml to /home/travis/.m2/repository/ome/formats-bsd/5.6.0-SNAPSHOT/formats-bsd-5.6.0-SNAPSHOT.pom
[INFO] Installing /home/travis/build/failed/ome/bioformats/components/formats-bsd/target/formats-bsd-5.6.0-SNAPSHOT-sources.jar to /home/travis/.m2/repository/ome/formats-bsd/5.6.0-SNAPSHOT/formats-bsd-5.6.0-SNAPSHOT-sources.jar
[INFO] Installing /home/travis/build/failed/ome/bioformats/components/formats-bsd/target/formats-bsd-5.6.0-SNAPSHOT-tests.jar to /home/travis/.m2/repository/ome/formats-bsd/5.6.0-SNAPSHOT/formats-bsd-5.6.0-SNAPSHOT-tests.jar
[INFO]                                                                         
[INFO] ------------------------------------------------------------------------
[INFO] Building Bio-Formats library 5.6.0-SNAPSHOT
[INFO] ------------------------------------------------------------------------
[INFO] 
[INFO] --- buildnumber-maven-plugin:1.2:create (default) @ formats-gpl ---
[INFO] 
[INFO] --- maven-resources-plugin:2.6:resources (default-resources) @ formats-gpl ---
[INFO] Using 'UTF-8' encoding to copy filtered resources.
[INFO] Copying 3 resources
[INFO] skip non existing resourceDirectory /home/travis/build/failed/ome/bioformats/components/formats-gpl/lib
[INFO] Copying 1 resource
[INFO] Copying 1 resource
[INFO] 
[INFO] --- maven-compiler-plugin:3.1:compile (default-compile) @ formats-gpl ---
[INFO] Nothing to compile - all classes are up to date
[INFO] 
[INFO] --- maven-resources-plugin:2.6:testResources (default-testResources) @ formats-gpl ---
[INFO] Using 'UTF-8' encoding to copy filtered resources.
[INFO] Copying 26 resources
[INFO] 
[INFO] --- maven-compiler-plugin:3.1:testCompile (default-testCompile) @ formats-gpl ---
[INFO] Nothing to compile - all classes are up to date
[INFO] 
[INFO] --- maven-surefire-plugin:2.16:test (default-test) @ formats-gpl ---
[INFO] Surefire report directory: /home/travis/build/failed/ome/bioformats/components/formats-gpl/target/surefire-reports

-------------------------------------------------------
 T E S T S
-------------------------------------------------------
Running TestSuite
2022-02-19 05:55:23,551 [main] WARN  ome.xml.model.OMEModelImpl - ome.xml.model.Laser@f75527 reference to urn:lsid:foo.bar.com:LightSource:123789 missing from object hierarchy.
2022-02-19 05:55:23,558 [main] WARN  ome.xml.model.OMEModelImpl - ome.xml.model.FilterSet@40160f3d reference to urn:lsid:foo.bar.com:Dichroic:123456 missing from object hierarchy.
2022-02-19 05:55:23,808 [main] WARN  ome.xml.model.OMEModelImpl - ome.xml.model.Laser@4bada6c3 reference to urn:lsid:foo.bar.com:LightSource:123789 missing from object hierarchy.
2022-02-19 05:55:23,808 [main] WARN  ome.xml.model.OMEModelImpl - ome.xml.model.FilterSet@759f7305 reference to urn:lsid:foo.bar.com:Dichroic:123456 missing from object hierarchy.
2022-02-19 05:55:23,990 [main] WARN  ome.xml.model.OMEModelImpl - ome.xml.model.FilterSet@362772da reference to urn:lsid:foo.bar.com:Dichroic:123456 missing from object hierarchy.
2022-02-19 05:55:23,991 [main] WARN  ome.xml.model.OMEModelImpl - ome.xml.model.Laser@4072e154 reference to urn:lsid:foo.bar.com:LightSource:123789 missing from object hierarchy.
2022-02-19 05:55:24,254 [main] WARN  ome.xml.model.OMEModelImpl - ome.xml.model.Laser@88f2363 reference to urn:lsid:foo.bar.com:LightSource:123789 missing from object hierarchy.
2022-02-19 05:55:24,254 [main] WARN  ome.xml.model.OMEModelImpl - ome.xml.model.FilterSet@6d5c3cf8 reference to urn:lsid:foo.bar.com:Dichroic:123456 missing from object hierarchy.
2022-02-19 05:55:24,736 [main] WARN  ome.xml.model.OMEModelImpl - ome.xml.model.FilterSet@48a41d36 reference to urn:lsid:foo.bar.com:Dichroic:123456 missing from object hierarchy.
2022-02-19 05:55:24,736 [main] WARN  ome.xml.model.OMEModelImpl - ome.xml.model.Laser@10820729 reference to urn:lsid:foo.bar.com:LightSource:123789 missing from object hierarchy.
2022-02-19 05:55:24,814 [main] WARN  ome.xml.model.OMEModelImpl - ome.xml.model.FilterSet@7f6a889d reference to urn:lsid:foo.bar.com:Dichroic:123456 missing from object hierarchy.
2022-02-19 05:55:24,814 [main] WARN  ome.xml.model.OMEModelImpl - ome.xml.model.Laser@46fccec3 reference to urn:lsid:foo.bar.com:LightSource:123789 missing from object hierarchy.
2022-02-19 05:55:24,889 [main] WARN  ome.xml.model.OMEModelImpl - ome.xml.model.FilterSet@523b58e0 reference to urn:lsid:foo.bar.com:Dichroic:123456 missing from object hierarchy.
2022-02-19 05:55:24,889 [main] WARN  ome.xml.model.OMEModelImpl - ome.xml.model.Laser@164beb27 reference to urn:lsid:foo.bar.com:LightSource:123789 missing from object hierarchy.
Tests run: 107, Failures: 0, Errors: 0, Skipped: 0, Time elapsed: 4.917 sec - in TestSuite

Results :

Tests run: 107, Failures: 0, Errors: 0, Skipped: 0

[INFO] 
[INFO] --- maven-surefire-plugin:2.16:test (missing-mdb-test) @ formats-gpl ---
[INFO] Surefire report directory: /home/travis/build/failed/ome/bioformats/components/formats-gpl/target/surefire-reports

-------------------------------------------------------
 T E S T S
-------------------------------------------------------
Running TestSuite
Tests run: 1, Failures: 0, Errors: 0, Skipped: 0, Time elapsed: 0.774 sec - in TestSuite

Results :

Tests run: 1, Failures: 0, Errors: 0, Skipped: 0

[INFO] 
[INFO] --- maven-surefire-plugin:2.16:test (missing-poi-test) @ formats-gpl ---
[INFO] Surefire report directory: /home/travis/build/failed/ome/bioformats/components/formats-gpl/target/surefire-reports

-------------------------------------------------------
 T E S T S
-------------------------------------------------------
Running TestSuite
Tests run: 1, Failures: 0, Errors: 0, Skipped: 0, Time elapsed: 0.926 sec - in TestSuite

Results :

Tests run: 1, Failures: 0, Errors: 0, Skipped: 0

[INFO] 
[INFO] --- maven-surefire-plugin:2.16:test (missing-netcdf-test) @ formats-gpl ---
[INFO] Surefire report directory: /home/travis/build/failed/ome/bioformats/components/formats-gpl/target/surefire-reports

-------------------------------------------------------
 T E S T S
-------------------------------------------------------
Running TestSuite
Tests run: 1, Failures: 0, Errors: 0, Skipped: 0, Time elapsed: 0.736 sec - in TestSuite

Results :

Tests run: 1, Failures: 0, Errors: 0, Skipped: 0

[INFO] 
[INFO] --- maven-jar-plugin:2.4:jar (default-jar) @ formats-gpl ---
[INFO] 
[INFO] >>> maven-source-plugin:2.2.1:jar (default) > generate-sources @ formats-gpl >>>
[INFO] 
[INFO] --- buildnumber-maven-plugin:1.2:create (default) @ formats-gpl ---
[INFO] 
[INFO] <<< maven-source-plugin:2.2.1:jar (default) < generate-sources @ formats-gpl <<<
[INFO] 
[INFO] --- maven-source-plugin:2.2.1:jar (default) @ formats-gpl ---
[INFO] 
[INFO] --- maven-jar-plugin:2.4:test-jar (default) @ formats-gpl ---
[INFO] 
[INFO] --- maven-install-plugin:2.5.1:install (default-install) @ formats-gpl ---
[INFO] Installing /home/travis/build/failed/ome/bioformats/components/formats-gpl/target/formats-gpl-5.6.0-SNAPSHOT.jar to /home/travis/.m2/repository/ome/formats-gpl/5.6.0-SNAPSHOT/formats-gpl-5.6.0-SNAPSHOT.jar
[INFO] Installing /home/travis/build/failed/ome/bioformats/components/formats-gpl/pom.xml to /home/travis/.m2/repository/ome/formats-gpl/5.6.0-SNAPSHOT/formats-gpl-5.6.0-SNAPSHOT.pom
[INFO] Installing /home/travis/build/failed/ome/bioformats/components/formats-gpl/target/formats-gpl-5.6.0-SNAPSHOT-sources.jar to /home/travis/.m2/repository/ome/formats-gpl/5.6.0-SNAPSHOT/formats-gpl-5.6.0-SNAPSHOT-sources.jar
[INFO] Installing /home/travis/build/failed/ome/bioformats/components/formats-gpl/target/formats-gpl-5.6.0-SNAPSHOT-tests.jar to /home/travis/.m2/repository/ome/formats-gpl/5.6.0-SNAPSHOT/formats-gpl-5.6.0-SNAPSHOT-tests.jar
[INFO]                                                                         
[INFO] ------------------------------------------------------------------------
[INFO] Building Bio-Formats code generator 5.6.0-SNAPSHOT
[INFO] ------------------------------------------------------------------------
[INFO] 
[INFO] --- buildnumber-maven-plugin:1.2:create (default) @ bf-autogen ---
[INFO] 
[INFO] --- maven-resources-plugin:2.6:resources (default-resources) @ bf-autogen ---
[INFO] Using 'UTF-8' encoding to copy filtered resources.
[INFO] Copying 11 resources
[INFO] skip non existing resourceDirectory /home/travis/build/failed/ome/bioformats/components/autogen/lib
[INFO] Copying 0 resource
[INFO] Copying 0 resource
[INFO] 
[INFO] --- maven-compiler-plugin:3.1:compile (default-compile) @ bf-autogen ---
[INFO] Nothing to compile - all classes are up to date
[INFO] 
[INFO] --- maven-resources-plugin:2.6:testResources (default-testResources) @ bf-autogen ---
[INFO] Using 'UTF-8' encoding to copy filtered resources.
[INFO] skip non existing resourceDirectory /home/travis/build/failed/ome/bioformats/components/autogen/test
[INFO] 
[INFO] --- maven-compiler-plugin:3.1:testCompile (default-testCompile) @ bf-autogen ---
[INFO] No sources to compile
[INFO] 
[INFO] --- maven-surefire-plugin:2.16:test (default-test) @ bf-autogen ---
[INFO] No tests to run.
[INFO] 
[INFO] --- maven-jar-plugin:2.4:jar (default-jar) @ bf-autogen ---
[INFO] 
[INFO] >>> maven-source-plugin:2.2.1:jar (default) > generate-sources @ bf-autogen >>>
[INFO] 
[INFO] --- buildnumber-maven-plugin:1.2:create (default) @ bf-autogen ---
[INFO] 
[INFO] <<< maven-source-plugin:2.2.1:jar (default) < generate-sources @ bf-autogen <<<
[INFO] 
[INFO] --- maven-source-plugin:2.2.1:jar (default) @ bf-autogen ---
[INFO] Building jar: /home/travis/build/failed/ome/bioformats/components/autogen/target/bf-autogen-5.6.0-SNAPSHOT-sources.jar
[INFO] 
[INFO] --- maven-jar-plugin:2.4:test-jar (default) @ bf-autogen ---
[INFO] Skipping packaging of the test-jar
[INFO] 
[INFO] --- maven-install-plugin:2.5.1:install (default-install) @ bf-autogen ---
[INFO] Installing /home/travis/build/failed/ome/bioformats/components/autogen/target/bf-autogen-5.6.0-SNAPSHOT.jar to /home/travis/.m2/repository/ome/bf-autogen/5.6.0-SNAPSHOT/bf-autogen-5.6.0-SNAPSHOT.jar
[INFO] Installing /home/travis/build/failed/ome/bioformats/components/autogen/pom.xml to /home/travis/.m2/repository/ome/bf-autogen/5.6.0-SNAPSHOT/bf-autogen-5.6.0-SNAPSHOT.pom
[INFO] Installing /home/travis/build/failed/ome/bioformats/components/autogen/target/bf-autogen-5.6.0-SNAPSHOT-sources.jar to /home/travis/.m2/repository/ome/bf-autogen/5.6.0-SNAPSHOT/bf-autogen-5.6.0-SNAPSHOT-sources.jar
[INFO]                                                                         
[INFO] ------------------------------------------------------------------------
[INFO] Building Bio-Formats Plugins for ImageJ 5.6.0-SNAPSHOT
[INFO] ------------------------------------------------------------------------
[INFO] 
[INFO] --- buildnumber-maven-plugin:1.2:create (default) @ bio-formats_plugins ---
[INFO] 
[INFO] --- maven-resources-plugin:2.6:resources (default-resources) @ bio-formats_plugins ---
[INFO] Using 'UTF-8' encoding to copy filtered resources.
[INFO] Copying 3 resources
[INFO] skip non existing resourceDirectory /home/travis/build/failed/ome/bioformats/components/bio-formats-plugins/lib
[INFO] Copying 0 resource
[INFO] Copying 0 resource
[INFO] 
[INFO] --- maven-compiler-plugin:3.1:compile (default-compile) @ bio-formats_plugins ---
[INFO] Nothing to compile - all classes are up to date
[INFO] 
[INFO] --- maven-resources-plugin:2.6:testResources (default-testResources) @ bio-formats_plugins ---
[INFO] Using 'UTF-8' encoding to copy filtered resources.
[INFO] Copying 1 resource
[INFO] 
[INFO] --- maven-compiler-plugin:3.1:testCompile (default-testCompile) @ bio-formats_plugins ---
[INFO] Nothing to compile - all classes are up to date
[INFO] 
[INFO] --- maven-surefire-plugin:2.16:test (default-test) @ bio-formats_plugins ---
[INFO] Surefire report directory: /home/travis/build/failed/ome/bioformats/components/bio-formats-plugins/target/surefire-reports

-------------------------------------------------------
 T E S T S
-------------------------------------------------------
Running TestSuite
Warning: Data has too many channels for Colorized color mode
Warning: Data has too many channels for Colorized color mode
Warning: Data has too many channels for Colorized color mode
Warning: Data has too many channels for Colorized color mode
Warning: Data has too many channels for Colorized color mode
Warning: Data has too many channels for Colorized color mode
Warning: Data has too many channels for Colorized color mode
Warning: Data has too many channels for Colorized color mode
Warning: Data has too many channels for Composite color mode
Warning: Data has too many channels for Composite color mode
Warning: Data has too many channels for Composite color mode
Warning: Data has too many channels for Composite color mode
Warning: Data has too many channels for Composite color mode
Warning: Data has too many channels for Composite color mode
Warning: Data has too many channels for Composite color mode
Warning: Data has too many channels for Composite color mode
Warning: Data has too many channels for Composite color mode
Warning: Data has too many channels for Composite color mode
Warning: Data has too many channels for Composite color mode
Warning: Data has too many channels for Composite color mode
Warning: Data has too many channels for Composite color mode
Warning: Data has too many channels for Composite color mode
Warning: Data has too many channels for Composite color mode
Warning: Data has too many channels for Composite color mode
Warning: Data has too many channels for Composite color mode
Warning: Data has too many channels for Composite color mode
Warning: Data has too many channels for Composite color mode
Warning: Data has too many channels for Composite color mode
Warning: Data has too many channels for Composite color mode
Warning: Data has too many channels for Composite color mode
Warning: Data has too many channels for Composite color mode
Warning: Data has too many channels for Composite color mode
Warning: Data has too many channels for Composite color mode
Warning: Data has too many channels for Composite color mode
Warning: Data has too many channels for Composite color mode
Warning: Data has too many channels for Composite color mode
Warning: Data has too many channels for Composite color mode
Warning: Data has too many channels for Composite color mode
Warning: Data has too many channels for Composite color mode
Warning: Data has too many channels for Composite color mode
Warning: Data has too many channels for Composite color mode
Warning: Data has too many channels for Composite color mode
Warning: Data has too many channels for Composite color mode
Warning: Data has too many channels for Composite color mode
Warning: Data has too many channels for Composite color mode
Warning: Data has too many channels for Composite color mode
Warning: Data has too many channels for Composite color mode
Warning: Data has too many channels for Composite color mode
Warning: Data has too many channels for Composite color mode
Warning: Data has too many channels for Composite color mode
Warning: Data has too many channels for Composite color mode
Warning: Data has too many channels for Composite color mode
Warning: Data has too many channels for Composite color mode
Warning: Data has too many channels for Composite color mode
Warning: Data has too many channels for Composite color mode
Warning: Data has too many channels for Composite color mode
Warning: Data has too many channels for Composite color mode
Warning: Data has too many channels for Composite color mode
Warning: Data has too many channels for Composite color mode
Warning: Data has too many channels for Composite color mode
Warning: Data has too many channels for Composite color mode
Warning: Data has too many channels for Composite color mode
Warning: Data has too many channels for Composite color mode
Warning: Data has too many channels for Composite color mode
Warning: Data has too many channels for Composite color mode
Warning: Data has too many channels for Composite color mode
Warning: Data has too many channels for Composite color mode
Warning: Data has too many channels for Composite color mode
Warning: Data has too many channels for Composite color mode
Warning: Data has too many channels for Composite color mode
Warning: Data has too many channels for Composite color mode
Warning: Data has too many channels for Composite color mode
Warning: Data has too many channels for Composite color mode
Warning: Data has too many channels for Composite color mode
Warning: Data has too many channels for Composite color mode
Warning: Data has too many channels for Composite color mode
Warning: Data has too many channels for Custom color mode
Warning: Data has too many channels for Custom color mode
Warning: Data has too many channels for Custom color mode
Warning: Data has too many channels for Custom color mode
Warning: Data has too many channels for Custom color mode
Warning: Data has too many channels for Custom color mode
Warning: Data has too many channels for Custom color mode
Warning: Data has too many channels for Custom color mode
Warning: Data has too many channels for Default color mode
Warning: Data has too many channels for Default color mode
Warning: Data has too many channels for Default color mode
Warning: Data has too many channels for Default color mode
Warning: Data has too many channels for Default color mode
Warning: Data has too many channels for Default color mode
Warning: Data has too many channels for Default color mode
Warning: Data has too many channels for Default color mode
Warning: Data has too many channels for Default color mode
Warning: Data has too many channels for Default color mode
Warning: Data has too many channels for Default color mode
Warning: Data has too many channels for Default color mode
Warning: Data has too many channels for Default color mode
Warning: Data has too many channels for Default color mode
Warning: Data has too many channels for Default color mode
Warning: Data has too many channels for Default color mode
Warning: Data has too many channels for Grayscale color mode
Warning: Data has too many channels for Grayscale color mode
Warning: Data has too many channels for Grayscale color mode
Warning: Data has too many channels for Grayscale color mode
Warning: Data has too many channels for Grayscale color mode
Warning: Data has too many channels for Grayscale color mode
Warning: Data has too many channels for Grayscale color mode
Warning: Data has too many channels for Grayscale color mode
Warning: Data has too many channels for Colorized color mode
Warning: Data has too many channels for Colorized color mode
Warning: Data has too many channels for Colorized color mode
Warning: Data has too many channels for Default color mode
Tests run: 30, Failures: 1, Errors: 0, Skipped: 0, Time elapsed: 10.38 sec <<< FAILURE! - in TestSuite
testDatasetGroupFiles(loci.plugins.in.ImporterTest)  Time elapsed: 0.041 sec  <<< FAILURE!
java.lang.NullPointerException: null
	at loci.plugins.in.ImagePlusReader.constructSliceLabel(ImagePlusReader.java:596)
	at loci.plugins.in.ImagePlusReader.readPlanes(ImagePlusReader.java:390)
	at loci.plugins.in.ImagePlusReader.readImage(ImagePlusReader.java:282)
	at loci.plugins.in.ImagePlusReader.readImages(ImagePlusReader.java:243)
	at loci.plugins.in.ImagePlusReader.readImages(ImagePlusReader.java:221)
	at loci.plugins.in.ImagePlusReader.openImagePlus(ImagePlusReader.java:116)
	at loci.plugins.BF.openImagePlus(BF.java:98)
	at loci.plugins.in.ImporterTest.datasetGroupFilesTester(ImporterTest.java:1035)
	at loci.plugins.in.ImporterTest.testDatasetGroupFiles(ImporterTest.java:2019)


Results :

Failed tests: 
  ImporterTest.testDatasetGroupFiles:2019->datasetGroupFilesTester:1035 Â» NullPointer

Tests run: 30, Failures: 1, Errors: 0, Skipped: 0

[INFO] ------------------------------------------------------------------------
[INFO] Reactor Summary:
[INFO] 
[INFO] Bio-Formats projects ............................... SUCCESS [  0.671 s]
[INFO] JAI Image I/O Tools ................................ SUCCESS [  2.280 s]
[INFO] libjpeg-turbo Java bindings ........................ SUCCESS [  0.441 s]
[INFO] Bio-Formats API .................................... SUCCESS [  3.346 s]
[INFO] BSD Bio-Formats readers and writers ................ SUCCESS [45:17 min]
[INFO] Bio-Formats library ................................ SUCCESS [  9.126 s]
[INFO] Bio-Formats code generator ......................... SUCCESS [  0.302 s]
[INFO] Bio-Formats Plugins for ImageJ ..................... FAILURE [ 10.802 s]
[INFO] Bio-Formats command line tools ..................... SKIPPED
[INFO] bioformats_package bundle .......................... SKIPPED
[INFO] LOCI Tools bundle .................................. SKIPPED
[INFO] Bio-Formats testing framework ...................... SKIPPED
[INFO] Bio-Formats Sphinx documentation ................... SKIPPED
[INFO] ------------------------------------------------------------------------
[INFO] BUILD FAILURE
[INFO] ------------------------------------------------------------------------
[INFO] Total time: 45:44 min
[INFO] Finished at: 2022-02-19T05:55:40+00:00
[INFO] Final Memory: 14M/487M
[INFO] ------------------------------------------------------------------------
[ERROR] Failed to execute goal org.apache.maven.plugins:maven-surefire-plugin:2.16:test (default-test) on project bio-formats_plugins: There are test failures.
[ERROR] 
[ERROR] Please refer to /home/travis/build/failed/ome/bioformats/components/bio-formats-plugins/target/surefire-reports for the individual test results.
[ERROR] -> [Help 1]
[ERROR] 
[ERROR] To see the full stack trace of the errors, re-run Maven with the -e switch.
[ERROR] Re-run Maven using the -X switch to enable full debug logging.
[ERROR] 
[ERROR] For more information about the errors and possible solutions, please read the following articles:
[ERROR] [Help 1] http://cwiki.apache.org/confluence/display/MAVEN/MojoFailureException
[ERROR] 
[ERROR] After correcting the problems, you can resume the build with the command
[ERROR]   mvn <goals> -rf :bio-formats_plugins
travis_time:end:1db2c889:start=1645247394808050086,finish=1645250141122638981,duration=2746314588895,event=script[0K[31;1mThe command "./tools/test-build $BUILD" exited with 1.[0m
travis_fold:start:cache.2[0Kstore build cache
travis_time:start:3b82f191[0Ktravis_time:end:3b82f191:start=1645250141130469977,finish=1645250141135653882,duration=5183905,event=cache[0Ktravis_time:start:08097272[0KYAML safe loading is not available. Please upgrade psych to a version that supports safe loading (>= 2.0).
[32;1mchanges detected, packing new archive[0m
[32;1muploading /[0m
[31;1mfailed to upload cache[0m
travis_time:end:08097272:start=1645250141142501365,finish=1645250147792616711,duration=6650115346,event=cache[0Ktravis_fold:end:cache.2[0K

Done. Your build exited with 1.
