travis_time:start:0167b4a6[0Ktravis_time:end:0167b4a6:start=1655815300657871464,finish=1655815300857189345,duration=199317881,event=no_world_writable_dirs[0Ktravis_time:start:26c55a6f[0Ktravis_time:end:26c55a6f:start=1655815300863575607,finish=1655815300867103726,duration=3528119,event=check_unsupported[0Ktravis_time:start:0e026c88[0Ktravis_fold:start:system_info[0K[33;1mBuild system information[0m
Build language: java
Build id: ''
Job id: ''
Runtime kernel version: 4.15.0-109-generic
[34m[1mBuild image provisioning date and time[0m
Thu Feb  5 15:09:33 UTC 2015
[34m[1mOperating System Details[0m
Distributor ID:	Ubuntu
Description:	Ubuntu 12.04.5 LTS
Release:	12.04
Codename:	precise
[34m[1mLinux Version[0m
3.13.0-29-generic
[34m[1mCookbooks Version[0m
a68419e https://github.com/travis-ci/travis-cookbooks/tree/a68419e
[34m[1mGCC version[0m
gcc (Ubuntu/Linaro 4.6.3-1ubuntu5) 4.6.3
Copyright (C) 2011 Free Software Foundation, Inc.
This is free software; see the source for copying conditions.  There is NO
warranty; not even for MERCHANTABILITY or FITNESS FOR A PARTICULAR PURPOSE.

[34m[1mLLVM version[0m
clang version 3.4 (tags/RELEASE_34/final)
Target: x86_64-unknown-linux-gnu
Thread model: posix
[34m[1mPre-installed Ruby versions[0m
ruby-1.9.3-p551
[34m[1mPre-installed Node.js versions[0m
v0.10.36
[34m[1mPre-installed Go versions[0m
1.4.1
[34m[1mRedis version[0m
redis-server 2.8.19
[34m[1mriak version[0m
2.0.2
[34m[1mMongoDB version[0m
MongoDB 2.4.12
[34m[1mCouchDB version[0m
couchdb 1.6.1
[34m[1mNeo4j version[0m
1.9.4
[34m[1mRabbitMQ Version[0m
3.4.3
[34m[1mElasticSearch version[0m
1.4.0
[34m[1mInstalled Sphinx versions[0m
2.0.10
2.1.9
2.2.6
[34m[1mDefault Sphinx version[0m
2.2.6
[34m[1mInstalled Firefox version[0m
firefox 31.0esr
[34m[1mPhantomJS version[0m
1.9.8
[34m[1mant -version[0m
Apache Ant(TM) version 1.8.2 compiled on December 3 2011
[34m[1mmvn -version[0m
Apache Maven 3.2.5 (12a6b3acb947671f09b81f49094c53f426d8cea1; 2014-12-14T17:29:23+00:00)
Maven home: /usr/local/maven
Java version: 1.7.0_76, vendor: Oracle Corporation
Java home: /usr/lib/jvm/java-7-oracle/jre
Default locale: en_US, platform encoding: ANSI_X3.4-1968
OS name: "linux", version: "3.13.0-29-generic", arch: "amd64", family: "unix"
travis_fold:end:system_info[0K
travis_time:end:0e026c88:start=1655815300872684648,finish=1655815300880974197,duration=8289549,event=show_system_info[0Ktravis_time:start:02c65318[0Ktravis_time:end:02c65318:start=1655815300886735661,finish=1655815301045603274,duration=158867613,event=rm_riak_source[0Ktravis_time:start:115a4987[0Ktravis_time:end:115a4987:start=1655815301051787142,finish=1655815301061038169,duration=9251027,event=fix_rwky_redis[0Ktravis_time:start:02e12f50[0K[31;1mTimeout waiting for network availability.[0m
travis_time:end:02e12f50:start=1655815301065925643,finish=1655815321991470745,duration=20925545102,event=wait_for_network[0Ktravis_time:start:0088e0e7[0Ktravis_time:end:0088e0e7:start=1655815321996316652,finish=1655815412696169683,duration=90699853031,event=update_apt_keys[0Ktravis_time:start:095a70c3[0Ktravis_time:end:095a70c3:start=1655815412702085869,finish=1655815412848831866,duration=146745997,event=fix_hhvm_source[0Ktravis_time:start:077bfc80[0Ktravis_time:end:077bfc80:start=1655815412854044515,finish=1655815412859879147,duration=5834632,event=update_mongo_arch[0Ktravis_time:start:1e76b44c[0Ktravis_time:end:1e76b44c:start=1655815412865534723,finish=1655815412916930891,duration=51396168,event=fix_sudo_enabled_trusty[0Ktravis_time:start:054dfb7a[0Ktravis_time:end:054dfb7a:start=1655815412921904088,finish=1655815412937015955,duration=15111867,event=clean_up_path[0Ktravis_time:start:02768784[0Ktravis_time:end:02768784:start=1655815412943178209,finish=1655815412956063199,duration=12884990,event=fix_resolv_conf[0Ktravis_time:start:259d55a7[0Ktravis_time:end:259d55a7:start=1655815412961724243,finish=1655815412979605992,duration=17881749,event=fix_etc_hosts[0Ktravis_time:start:00063e6a[0Ktravis_time:start:059c3072[0Ktravis_time:end:059c3072:start=1655815412997937632,finish=1655815413012841611,duration=14903979,event=no_ipv6_localhost[0Ktravis_time:start:00ed14df[0Ktravis_time:end:00ed14df:start=1655815413018219565,finish=1655815413177959855,duration=159740290,event=fix_etc_mavenrc[0Ktravis_time:start:22bfed08[0Ktravis_time:end:22bfed08:start=1655815413183187418,finish=1655815413188293088,duration=5105670,event=fix_wwdr_certificate[0Ktravis_time:start:2de6d0fc[0Ktravis_time:end:2de6d0fc:start=1655815413193335462,finish=1655815413227257638,duration=33922176,event=put_localhost_first[0Ktravis_time:start:0a2f2d44[0Ktravis_time:end:0a2f2d44:start=1655815413233183303,finish=1655815413239329236,duration=6145933,event=home_paths[0Ktravis_time:start:014342f4[0Ktravis_time:end:014342f4:start=1655815413244728670,finish=1655815413464531625,duration=219802955,event=disable_initramfs[0Ktravis_time:start:17c5e1e8[0Ktravis_time:end:17c5e1e8:start=1655815413470161128,finish=1655815413668203923,duration=198042795,event=disable_ssh_roaming[0Ktravis_time:start:007e225f[0Ktravis_time:end:007e225f:start=1655815413675037142,finish=1655815413678912919,duration=3875777,event=debug_tools[0Ktravis_time:start:01a5d4b7[0Ktravis_time:end:01a5d4b7:start=1655815413684323013,finish=1655815413689329739,duration=5006726,event=uninstall_oclint[0Ktravis_time:start:1435bc50[0Ktravis_time:end:1435bc50:start=1655815413694369913,finish=1655815413700085575,duration=5715662,event=rvm_use[0Ktravis_time:start:35cede83[0Ktravis_time:end:35cede83:start=1655815413705930694,finish=1655815413719610937,duration=13680243,event=rm_etc_boto_cfg[0Ktravis_time:start:05edae88[0Ktravis_time:end:05edae88:start=1655815413725168997,finish=1655815413729835501,duration=4666504,event=rm_oraclejdk8_symlink[0Ktravis_time:start:1226091e[0Ktravis_time:end:1226091e:start=1655815413736124205,finish=1655815413780982263,duration=44858058,event=enable_i386[0Ktravis_time:start:0f310860[0Ktravis_time:end:0f310860:start=1655815413787117050,finish=1655815413881804114,duration=94687064,event=update_rubygems[0Ktravis_time:start:0b6c5dd5[0Ktravis_time:end:0b6c5dd5:start=1655815413887402191,finish=1655815413894967258,duration=7565067,event=ensure_path_components[0Ktravis_time:start:001f77f0[0Ktravis_time:end:001f77f0:start=1655815413900507642,finish=1655815413904741460,duration=4233818,event=redefine_curl[0Ktravis_time:start:3e04f990[0Ktravis_time:end:3e04f990:start=1655815413910963113,finish=1655815413915179684,duration=4216571,event=nonblock_pipe[0Ktravis_time:start:1cb5072c[0Ktravis_time:end:1cb5072c:start=1655815413920730179,finish=1655815416721511445,duration=2800781266,event=apt_get_update[0Ktravis_time:start:1bb2d424[0Ktravis_time:end:1bb2d424:start=1655815416727874445,finish=1655815416732127907,duration=4253462,event=deprecate_xcode_64[0Ktravis_time:start:0083a9a0[0Ktravis_time:end:0083a9a0:start=1655815416738072090,finish=1655815416746541890,duration=8469800,event=update_heroku[0Ktravis_time:start:1e32ec68[0Ktravis_time:end:1e32ec68:start=1655815416752596449,finish=1655815416757264490,duration=4668041,event=shell_session_update[0Ktravis_time:start:1a555c7f[0Ktravis_fold:start:docker_mtu[0Ktee: /etc/docker/daemon.json: No such file or directory
docker: unrecognized service
travis_fold:end:docker_mtu[0Ktravis_time:end:1a555c7f:start=1655815416762889367,finish=1655815416792662464,duration=29773097,event=set_docker_mtu[0Ktravis_time:start:3dbcb682[0Ktravis_time:end:3dbcb682:start=1655815416799174772,finish=1655815416816044751,duration=16869979,event=resolvconf[0K
travis_fold:start:install_jdk[0K[33;1mInstalling openjdk7[0m
$ jdk_switcher use "openjdk7"
Switching to OpenJDK7 (java-1.7.0-openjdk-amd64), JAVA_HOME will be set to /usr/lib/jvm/java-7-openjdk-amd64
travis_fold:end:install_jdk[0Ktravis_time:start:01861944[0Ktravis_time:end:01861944:start=1655815416836192377,finish=1655815416840151792,duration=3959415,event=fix_ps4[0Ktravis_time:start:0373241d[0K
$ cd failed/rackerlabs/blueflood

travis_time:end:0373241d:start=1655815416845717515,finish=1655815417330701343,duration=484983828,event=checkout[0Ktravis_time:start:01d02d38[0Ktravis_time:end:01d02d38:start=1655815417336390530,finish=1655815417910900272,duration=574509742,event=env[0Ktravis_fold:start:cache.1[0KSetting up build cache
$ export CASHER_DIR=${TRAVIS_HOME}/.casher
travis_time:start:1559aecc[0K$ Installing caching utilities

[31;1mThe command "eval curl -sf  -o $CASHER_DIR/bin/casher https:///files/casher " failed. Retrying, 2 of 3.[0m


[31;1mThe command "eval curl -sf  -o $CASHER_DIR/bin/casher https:///files/casher " failed. Retrying, 3 of 3.[0m


[31;1mThe command "eval curl -sf  -o $CASHER_DIR/bin/casher https:///files/casher " failed 3 times.[0m

travis_time:end:1559aecc:start=1655815421812451997,finish=1655815424890480790,duration=3078028793,event=setup_casher[0Ktravis_time:start:005fdfbe[0K$ Installing caching utilities from the Travis CI server (https:///files/casher) failed, failing over to using GitHub (https://raw.githubusercontent.com/travis-ci/casher/bash/bin/casher)
travis_time:end:005fdfbe:start=1655815424897789871,finish=1655815425121894539,duration=224104668,event=setup_casher[0Ktravis_time:start:21c4af48[0Ktravis_time:end:21c4af48:start=1655815425131476645,finish=1655815425136469391,duration=4992746,event=setup_casher[0Ktravis_time:start:02b1933a[0KYAML safe loading is not available. Please upgrade psych to a version that supports safe loading (>= 2.0).
attempting to download cache archive[0m
[31;1mcould not download cache[0m
travis_time:end:02b1933a:start=1655815425141944105,finish=1655815426752542411,duration=1610598306,event=setup_casher[0Ktravis_time:start:34fc9afc[0Ktravis_time:end:34fc9afc:start=1655815426759106032,finish=1655815426764431710,duration=5325678,event=setup_casher[0Ktravis_time:start:298934fc[0KYAML safe loading is not available. Please upgrade psych to a version that supports safe loading (>= 2.0).
adding /home/travis/.m2 to cache[0m
travis_time:end:298934fc:start=1655815426770904365,finish=1655815457029145389,duration=30258241024,event=setup_casher[0Ktravis_fold:end:cache.1[0K
$ java -Xmx32m -version
java version "1.7.0_75"
OpenJDK Runtime Environment (IcedTea 2.5.4) (7u75-2.5.4-1~precise1)
OpenJDK 64-Bit Server VM (build 24.75-b04, mixed mode)
$ javac -J-Xmx32m -version
javac 1.7.0_75
travis_fold:start:install[0Ktravis_time:start:014855a0[0K$ mvn -o install dependency:resolve -Dhttps.protocols=TLSv1.2 -Dhttps.protocols=TLSv1.2 -Dhttps.protocols=TLSv1.2 -Dmaven.test.skip -Dmaven.javadoc.skip -Dcassandra.skip
[INFO] Scanning for projects...
[INFO] ------------------------------------------------------------------------
[INFO] Reactor Build Order:
[INFO] 
[INFO] Blueflood
[INFO] Blueflood Core Engine
[INFO] Blueflood UDP Ingestion
[INFO] Blueflood Elasticsearch Indexer and Discovery
[INFO] Blueflood HTTP Ingestion and Querying
[INFO] Blueflood Rollup Kafka Producer
[INFO] Blueflood Rollup Cloudfiles Exporter
[INFO] Blueflood IO Bindings for Datastax Java Driver
[INFO] Blueflood Out-of-band Rollup Tools
[INFO]                                                                         
[INFO] ------------------------------------------------------------------------
[INFO] Building Blueflood 2.0.0-SNAPSHOT
[INFO] ------------------------------------------------------------------------
[INFO] 
[INFO] --- maven-enforcer-plugin:1.0:enforce (enforce-maven) @ blueflood ---
[INFO] 
[INFO] --- jacoco-maven-plugin:0.7.2.201409121644:prepare-agent (prepare-agent) @ blueflood ---
[INFO] argLine set to -javaagent:/home/travis/.m2/repository/org/jacoco/org.jacoco.agent/0.7.2.201409121644/org.jacoco.agent-0.7.2.201409121644-runtime.jar=destfile=/home/travis/build/failed/rackerlabs/blueflood/target/jacoco.exec
[INFO] 
[INFO] --- build-helper-maven-plugin:1.8:reserve-network-port (reserve-network-port) @ blueflood ---
[INFO] Reserved port 44329 for cassandra.rpcPort
[INFO] Reserved port 43031 for cassandra.jmxPort
[INFO] Reserved port 42465 for cassandra.storagePort
[INFO] Reserved port 40349 for cassandra.stopPort
[INFO] 
[INFO] --- maven-source-plugin:2.2.1:jar-no-fork (attach-sources) @ blueflood ---
[INFO] 
[INFO] --- maven-javadoc-plugin:2.9.1:jar (attach-javadocs) @ blueflood ---
[INFO] Skipping javadoc generation
[INFO] 
[INFO] --- maven-jar-plugin:2.2:test-jar (default) @ blueflood ---
[INFO] Skipping packaging of the test-jar
[INFO] 
[INFO] --- jacoco-maven-plugin:0.7.2.201409121644:prepare-agent-integration (prepare-it-agent) @ blueflood ---
[INFO] jacoco.agent.it.argLine set to -javaagent:/home/travis/.m2/repository/org/jacoco/org.jacoco.agent/0.7.2.201409121644/org.jacoco.agent-0.7.2.201409121644-runtime.jar=destfile=/home/travis/build/failed/rackerlabs/blueflood/target/jacoco-it.exec
[INFO] 
[INFO] --- cassandra-maven-plugin:2.0.0-1:delete (delete-cassandra) @ blueflood ---
[INFO] Skipping cassandra: cassandra.skip==true
[INFO] 
[INFO] --- cassandra-maven-plugin:2.0.0-1:start (default) @ blueflood ---
[INFO] Skipping cassandra: cassandra.skip==true
[INFO] 
[INFO] --- cassandra-maven-plugin:2.0.0-1:stop (default) @ blueflood ---
[INFO] Skipping cassandra: cassandra.skip==true
[INFO] 
[INFO] --- maven-install-plugin:2.4:install (default-install) @ blueflood ---
[INFO] Installing /home/travis/build/failed/rackerlabs/blueflood/pom.xml to /home/travis/.m2/repository/com/rackspacecloud/blueflood/2.0.0-SNAPSHOT/blueflood-2.0.0-SNAPSHOT.pom
[INFO] 
[INFO] --- maven-dependency-plugin:2.8:resolve (default-cli) @ blueflood ---
[INFO] 
[INFO] The following files have been resolved:
[INFO]    none
[INFO] 
[INFO]                                                                         
[INFO] ------------------------------------------------------------------------
[INFO] Building Blueflood Core Engine 2.0.0-SNAPSHOT
[INFO] ------------------------------------------------------------------------
[INFO] 
[INFO] --- maven-enforcer-plugin:1.0:enforce (enforce-maven) @ blueflood-core ---
[INFO] 
[INFO] --- jacoco-maven-plugin:0.7.2.201409121644:prepare-agent (prepare-agent) @ blueflood-core ---
[INFO] argLine set to -javaagent:/home/travis/.m2/repository/org/jacoco/org.jacoco.agent/0.7.2.201409121644/org.jacoco.agent-0.7.2.201409121644-runtime.jar=destfile=/home/travis/build/failed/rackerlabs/blueflood/blueflood-core/target/jacoco.exec
[INFO] 
[INFO] --- maven-resources-plugin:2.6:resources (default-resources) @ blueflood-core ---
[INFO] Using 'UTF-8' encoding to copy filtered resources.
[INFO] Copying 1 resource
[INFO] 
[INFO] --- maven-compiler-plugin:3.1:compile (default-compile) @ blueflood-core ---
[INFO] Nothing to compile - all classes are up to date
[INFO] 
[INFO] --- build-helper-maven-plugin:1.8:add-test-source (add-integration-test-sources) @ blueflood-core ---
[INFO] Test Source directory: /home/travis/build/failed/rackerlabs/blueflood/blueflood-core/src/integration-test/java added.
[INFO] 
[INFO] --- maven-resources-plugin:2.6:testResources (default-testResources) @ blueflood-core ---
[INFO] Not copying test resources
[INFO] 
[INFO] --- build-helper-maven-plugin:1.8:reserve-network-port (reserve-network-port) @ blueflood-core ---
[INFO] Reserved port 39507 for cassandra.rpcPort
[INFO] Reserved port 37221 for cassandra.jmxPort
[INFO] Reserved port 46123 for cassandra.storagePort
[INFO] Reserved port 44541 for cassandra.stopPort
[INFO] 
[INFO] --- maven-compiler-plugin:3.1:testCompile (default-testCompile) @ blueflood-core ---
[INFO] Not compiling test sources
[INFO] 
[INFO] --- maven-surefire-plugin:2.14.1:test (default-test) @ blueflood-core ---
[INFO] Tests are skipped.
[INFO] 
[INFO] --- maven-jar-plugin:2.2:jar (default-jar) @ blueflood-core ---
[INFO] 
[INFO] --- maven-source-plugin:2.2.1:jar-no-fork (attach-sources) @ blueflood-core ---
[INFO] 
[INFO] --- maven-javadoc-plugin:2.9.1:jar (attach-javadocs) @ blueflood-core ---
[INFO] Skipping javadoc generation
[INFO] 
[INFO] --- maven-jar-plugin:2.2:test-jar (default) @ blueflood-core ---
[INFO] Skipping packaging of the test-jar
[INFO] 
[INFO] --- jacoco-maven-plugin:0.7.2.201409121644:prepare-agent-integration (prepare-it-agent) @ blueflood-core ---
[INFO] jacoco.agent.it.argLine set to -javaagent:/home/travis/.m2/repository/org/jacoco/org.jacoco.agent/0.7.2.201409121644/org.jacoco.agent-0.7.2.201409121644-runtime.jar=destfile=/home/travis/build/failed/rackerlabs/blueflood/blueflood-core/target/jacoco-it.exec
[INFO] 
[INFO] --- cassandra-maven-plugin:2.0.0-1:delete (delete-cassandra) @ blueflood-core ---
[INFO] Skipping cassandra: cassandra.skip==true
[INFO] 
[INFO] --- cassandra-maven-plugin:2.0.0-1:start (default) @ blueflood-core ---
[INFO] Skipping cassandra: cassandra.skip==true
[INFO] 
[INFO] --- maven-failsafe-plugin:2.15:integration-test (integration-tests) @ blueflood-core ---
[INFO] Tests are skipped.
[INFO] 
[INFO] --- cassandra-maven-plugin:2.0.0-1:stop (default) @ blueflood-core ---
[INFO] Skipping cassandra: cassandra.skip==true
[INFO] 
[INFO] --- maven-failsafe-plugin:2.15:verify (verify) @ blueflood-core ---
[INFO] Tests are skipped.
[INFO] 
[INFO] --- maven-install-plugin:2.4:install (default-install) @ blueflood-core ---
[INFO] Installing /home/travis/build/failed/rackerlabs/blueflood/blueflood-core/target/blueflood-core-2.0.0-SNAPSHOT.jar to /home/travis/.m2/repository/com/rackspacecloud/blueflood-core/2.0.0-SNAPSHOT/blueflood-core-2.0.0-SNAPSHOT.jar
[INFO] Installing /home/travis/build/failed/rackerlabs/blueflood/blueflood-core/pom.xml to /home/travis/.m2/repository/com/rackspacecloud/blueflood-core/2.0.0-SNAPSHOT/blueflood-core-2.0.0-SNAPSHOT.pom
[INFO] Installing /home/travis/build/failed/rackerlabs/blueflood/blueflood-core/target/blueflood-core-2.0.0-SNAPSHOT-sources.jar to /home/travis/.m2/repository/com/rackspacecloud/blueflood-core/2.0.0-SNAPSHOT/blueflood-core-2.0.0-SNAPSHOT-sources.jar
[INFO] 
[INFO] --- maven-dependency-plugin:2.8:resolve (default-cli) @ blueflood-core ---
[INFO] 
[INFO] The following files have been resolved:
[INFO]    org.clojure:clojure:jar:1.5.1:compile
[INFO]    org.mortbay.jetty:servlet-api:jar:2.5-20081211:compile
[INFO]    com.google.protobuf:protobuf-java:jar:2.5.0:compile
[INFO]    com.codahale.metrics:metrics-core:jar:3.0.1:compile
[INFO]    org.antlr:antlr-runtime:jar:3.2:compile
[INFO]    org.hamcrest:hamcrest-core:jar:1.1:compile
[INFO]    bigml:histogram:jar:3.2.1:compile
[INFO]    stax:stax-api:jar:1.0.1:compile
[INFO]    com.googlecode.json-simple:json-simple:jar:1.1:compile
[INFO]    com.yammer.metrics:metrics-core:jar:2.1.2:compile
[INFO]    commons-logging:commons-logging:jar:1.1.1:compile
[INFO]    com.codahale.metrics:metrics-log4j:jar:3.0.1:compile
[INFO]    com.netflix.astyanax:astyanax-core:jar:1.56.34:compile
[INFO]    org.apache.zookeeper:zookeeper:jar:3.4.5:compile
[INFO]    org.apache.servicemix.bundles:org.apache.servicemix.bundles.commons-csv:jar:1.0-r706900_3:compile
[INFO]    org.apache.cassandra:cassandra-all:jar:1.2.2:compile
[INFO]    org.apache.thrift:libthrift:jar:0.7.0:compile
[INFO]    org.mortbay.jetty:jetty-util:jar:6.1.22:compile
[INFO]    joda-time:joda-time:jar:1.6.2:compile
[INFO]    org.apache.cassandra:cassandra-thrift:jar:1.2.2:compile
[INFO]    junit:junit:jar:4.10:compile
[INFO]    org.codehaus.jettison:jettison:jar:1.2:compile
[INFO]    org.mindrot:jbcrypt:jar:0.3m:compile
[INFO]    org.apache.httpcomponents:httpclient:jar:4.0.1:compile
[INFO]    com.google.code.gson:gson:jar:2.2:compile
[INFO]    com.googlecode.concurrentlinkedhashmap:concurrentlinkedhashmap-lru:jar:1.3:compile
[INFO]    antlr:antlr:jar:2.7.7:compile
[INFO]    org.apache.curator:curator-client:jar:2.3.0:compile
[INFO]    org.codehaus.jackson:jackson-core-asl:jar:1.9.2:compile
[INFO]    commons-cli:commons-cli:jar:1.2:compile
[INFO]    org.apache.curator:curator-framework:jar:2.3.0:compile
[INFO]    com.codahale.metrics:metrics-jvm:jar:3.0.1:compile
[INFO]    org.codehaus.jackson:jackson-mapper-asl:jar:1.9.2:compile
[INFO]    commons-codec:commons-codec:jar:1.5:compile
[INFO]    com.ning:compress-lzf:jar:0.8.4:compile
[INFO]    com.github.stephenc.high-scale-lib:high-scale-lib:jar:1.1.2:compile
[INFO]    log4j:log4j:jar:1.2.16:compile
[INFO]    org.apache.cassandra.deps:avro:jar:1.4.0-cassandra-1:compile
[INFO]    org.slf4j:slf4j-log4j12:jar:1.7.6:compile
[INFO]    com.netflix.astyanax:astyanax-recipes:jar:1.56.34:compile
[INFO]    org.slf4j:slf4j-api:jar:1.6.4:compile
[INFO]    org.antlr:antlr:jar:3.2:compile
[INFO]    commons-lang:commons-lang:jar:2.4:compile
[INFO]    org.jboss.netty:netty:jar:3.2.4.Final:compile
[INFO]    javax.servlet:servlet-api:jar:2.5:compile
[INFO]    org.apache.curator:curator-recipes:jar:2.3.0:compile
[INFO]    com.codahale.metrics:metrics-graphite:jar:3.0.1:compile
[INFO]    io.netty:netty:jar:3.6.1.Final:compile
[INFO]    com.netflix.astyanax:astyanax-thrift:jar:1.56.34:compile
[INFO]    org.apache.httpcomponents:httpcore:jar:4.0.1:compile
[INFO]    jline:jline:jar:1.0:compile
[INFO]    org.antlr:stringtemplate:jar:3.2:compile
[INFO]    edu.stanford.ppl:snaptree:jar:0.1:compile
[INFO]    com.netflix.astyanax:astyanax-cassandra:jar:1.56.34:compile
[INFO]    net.jpountz.lz4:lz4:jar:1.1.0:compile
[INFO]    com.aphyr:riemann-java-client:jar:0.2.9:compile
[INFO]    com.github.stephenc:jamm:jar:0.2.5:compile
[INFO]    com.google.guava:guava:jar:15.0:compile
[INFO]    org.mortbay.jetty:jetty:jar:6.1.22:compile
[INFO]    org.xerial.snappy:snappy-java:jar:1.0.4.1:compile
[INFO]    org.mockito:mockito-all:jar:1.8.5:compile
[INFO]    org.yaml:snakeyaml:jar:1.6:compile
[INFO]    com.eaio.uuid:uuid:jar:3.2:compile
[INFO] 
[INFO]                                                                         
[INFO] ------------------------------------------------------------------------
[INFO] Building Blueflood UDP Ingestion 2.0.0-SNAPSHOT
[INFO] ------------------------------------------------------------------------
[INFO] 
[INFO] --- maven-enforcer-plugin:1.0:enforce (enforce-maven) @ blueflood-udp ---
[INFO] 
[INFO] --- jacoco-maven-plugin:0.7.2.201409121644:prepare-agent (prepare-agent) @ blueflood-udp ---
[INFO] argLine set to -javaagent:/home/travis/.m2/repository/org/jacoco/org.jacoco.agent/0.7.2.201409121644/org.jacoco.agent-0.7.2.201409121644-runtime.jar=destfile=/home/travis/build/failed/rackerlabs/blueflood/blueflood-udp/target/jacoco.exec
[INFO] 
[INFO] --- maven-resources-plugin:2.6:resources (default-resources) @ blueflood-udp ---
[INFO] Using 'UTF-8' encoding to copy filtered resources.
[INFO] skip non existing resourceDirectory /home/travis/build/failed/rackerlabs/blueflood/blueflood-udp/src/main/resources
[INFO] 
[INFO] --- maven-compiler-plugin:3.1:compile (default-compile) @ blueflood-udp ---
[INFO] Nothing to compile - all classes are up to date
[INFO] 
[INFO] --- maven-resources-plugin:2.6:testResources (default-testResources) @ blueflood-udp ---
[INFO] Not copying test resources
[INFO] 
[INFO] --- build-helper-maven-plugin:1.8:reserve-network-port (reserve-network-port) @ blueflood-udp ---
[INFO] Reserved port 45235 for cassandra.rpcPort
[INFO] Reserved port 46555 for cassandra.jmxPort
[INFO] Reserved port 40015 for cassandra.storagePort
[INFO] Reserved port 34841 for cassandra.stopPort
[INFO] 
[INFO] --- maven-compiler-plugin:3.1:testCompile (default-testCompile) @ blueflood-udp ---
[INFO] Not compiling test sources
[INFO] 
[INFO] --- maven-surefire-plugin:2.12.4:test (default-test) @ blueflood-udp ---
[INFO] Tests are skipped.
[INFO] 
[INFO] --- maven-jar-plugin:2.2:jar (default-jar) @ blueflood-udp ---
[INFO] 
[INFO] --- maven-source-plugin:2.2.1:jar-no-fork (attach-sources) @ blueflood-udp ---
[INFO] 
[INFO] --- maven-javadoc-plugin:2.9.1:jar (attach-javadocs) @ blueflood-udp ---
[INFO] Skipping javadoc generation
[INFO] 
[INFO] --- maven-jar-plugin:2.2:test-jar (default) @ blueflood-udp ---
[INFO] Skipping packaging of the test-jar
[INFO] 
[INFO] --- jacoco-maven-plugin:0.7.2.201409121644:prepare-agent-integration (prepare-it-agent) @ blueflood-udp ---
[INFO] jacoco.agent.it.argLine set to -javaagent:/home/travis/.m2/repository/org/jacoco/org.jacoco.agent/0.7.2.201409121644/org.jacoco.agent-0.7.2.201409121644-runtime.jar=destfile=/home/travis/build/failed/rackerlabs/blueflood/blueflood-udp/target/jacoco-it.exec
[INFO] 
[INFO] --- cassandra-maven-plugin:2.0.0-1:delete (delete-cassandra) @ blueflood-udp ---
[INFO] Skipping cassandra: cassandra.skip==true
[INFO] 
[INFO] --- cassandra-maven-plugin:2.0.0-1:start (default) @ blueflood-udp ---
[INFO] Skipping cassandra: cassandra.skip==true
[INFO] 
[INFO] --- cassandra-maven-plugin:2.0.0-1:stop (default) @ blueflood-udp ---
[INFO] Skipping cassandra: cassandra.skip==true
[INFO] 
[INFO] --- maven-install-plugin:2.4:install (default-install) @ blueflood-udp ---
[INFO] Installing /home/travis/build/failed/rackerlabs/blueflood/blueflood-udp/target/blueflood-udp-2.0.0-SNAPSHOT.jar to /home/travis/.m2/repository/com/rackspacecloud/blueflood-udp/2.0.0-SNAPSHOT/blueflood-udp-2.0.0-SNAPSHOT.jar
[INFO] Installing /home/travis/build/failed/rackerlabs/blueflood/blueflood-udp/pom.xml to /home/travis/.m2/repository/com/rackspacecloud/blueflood-udp/2.0.0-SNAPSHOT/blueflood-udp-2.0.0-SNAPSHOT.pom
[INFO] Installing /home/travis/build/failed/rackerlabs/blueflood/blueflood-udp/target/blueflood-udp-2.0.0-SNAPSHOT-sources.jar to /home/travis/.m2/repository/com/rackspacecloud/blueflood-udp/2.0.0-SNAPSHOT/blueflood-udp-2.0.0-SNAPSHOT-sources.jar
[INFO] 
[INFO] --- maven-dependency-plugin:2.8:resolve (default-cli) @ blueflood-udp ---
[INFO] 
[INFO] The following files have been resolved:
[INFO]    org.clojure:clojure:jar:1.5.1:compile
[INFO]    org.mortbay.jetty:servlet-api:jar:2.5-20081211:compile
[INFO]    com.google.protobuf:protobuf-java:jar:2.5.0:compile
[INFO]    com.codahale.metrics:metrics-core:jar:3.0.1:compile
[INFO]    org.antlr:antlr-runtime:jar:3.2:compile
[INFO]    org.hamcrest:hamcrest-core:jar:1.1:compile
[INFO]    com.rackspacecloud:blueflood-core:jar:2.0.0-SNAPSHOT:compile
[INFO]    bigml:histogram:jar:3.2.1:compile
[INFO]    stax:stax-api:jar:1.0.1:compile
[INFO]    com.googlecode.json-simple:json-simple:jar:1.1:compile
[INFO]    com.yammer.metrics:metrics-core:jar:2.1.2:compile
[INFO]    commons-logging:commons-logging:jar:1.1.1:compile
[INFO]    com.codahale.metrics:metrics-log4j:jar:3.0.1:compile
[INFO]    com.netflix.astyanax:astyanax-core:jar:1.56.34:compile
[INFO]    org.apache.zookeeper:zookeeper:jar:3.4.5:compile
[INFO]    org.apache.servicemix.bundles:org.apache.servicemix.bundles.commons-csv:jar:1.0-r706900_3:compile
[INFO]    org.apache.cassandra:cassandra-all:jar:1.2.2:compile
[INFO]    org.apache.thrift:libthrift:jar:0.7.0:compile
[INFO]    org.mortbay.jetty:jetty-util:jar:6.1.22:compile
[INFO]    joda-time:joda-time:jar:1.6.2:compile
[INFO]    org.apache.cassandra:cassandra-thrift:jar:1.2.2:compile
[INFO]    junit:junit:jar:4.10:compile
[INFO]    org.codehaus.jettison:jettison:jar:1.2:compile
[INFO]    org.mindrot:jbcrypt:jar:0.3m:compile
[INFO]    org.apache.httpcomponents:httpclient:jar:4.0.1:compile
[INFO]    com.google.code.gson:gson:jar:2.2:compile
[INFO]    com.googlecode.concurrentlinkedhashmap:concurrentlinkedhashmap-lru:jar:1.3:compile
[INFO]    antlr:antlr:jar:2.7.7:compile
[INFO]    org.apache.curator:curator-client:jar:2.3.0:compile
[INFO]    org.codehaus.jackson:jackson-core-asl:jar:1.9.2:compile
[INFO]    commons-cli:commons-cli:jar:1.2:compile
[INFO]    org.apache.curator:curator-framework:jar:2.3.0:compile
[INFO]    com.codahale.metrics:metrics-jvm:jar:3.0.1:compile
[INFO]    org.codehaus.jackson:jackson-mapper-asl:jar:1.9.2:compile
[INFO]    io.netty:netty-all:jar:4.0.8.Final:compile
[INFO]    commons-codec:commons-codec:jar:1.5:compile
[INFO]    com.ning:compress-lzf:jar:0.8.4:compile
[INFO]    com.github.stephenc.high-scale-lib:high-scale-lib:jar:1.1.2:compile
[INFO]    log4j:log4j:jar:1.2.16:compile
[INFO]    org.apache.cassandra.deps:avro:jar:1.4.0-cassandra-1:compile
[INFO]    org.slf4j:slf4j-log4j12:jar:1.7.6:compile
[INFO]    com.netflix.astyanax:astyanax-recipes:jar:1.56.34:compile
[INFO]    org.slf4j:slf4j-api:jar:1.6.4:compile
[INFO]    org.antlr:antlr:jar:3.2:compile
[INFO]    commons-lang:commons-lang:jar:2.4:compile
[INFO]    org.jboss.netty:netty:jar:3.2.4.Final:compile
[INFO]    javax.servlet:servlet-api:jar:2.5:compile
[INFO]    org.apache.curator:curator-recipes:jar:2.3.0:compile
[INFO]    com.codahale.metrics:metrics-graphite:jar:3.0.1:compile
[INFO]    io.netty:netty:jar:3.6.1.Final:compile
[INFO]    com.netflix.astyanax:astyanax-thrift:jar:1.56.34:compile
[INFO]    org.apache.httpcomponents:httpcore:jar:4.0.1:compile
[INFO]    jline:jline:jar:1.0:compile
[INFO]    org.antlr:stringtemplate:jar:3.2:compile
[INFO]    edu.stanford.ppl:snaptree:jar:0.1:compile
[INFO]    com.netflix.astyanax:astyanax-cassandra:jar:1.56.34:compile
[INFO]    net.jpountz.lz4:lz4:jar:1.1.0:compile
[INFO]    com.aphyr:riemann-java-client:jar:0.2.9:compile
[INFO]    com.github.stephenc:jamm:jar:0.2.5:compile
[INFO]    com.google.guava:guava:jar:15.0:compile
[INFO]    org.mortbay.jetty:jetty:jar:6.1.22:compile
[INFO]    org.xerial.snappy:snappy-java:jar:1.0.4.1:compile
[INFO]    org.mockito:mockito-all:jar:1.8.5:compile
[INFO]    org.yaml:snakeyaml:jar:1.6:compile
[INFO]    com.eaio.uuid:uuid:jar:3.2:compile
[INFO] 
[INFO]                                                                         
[INFO] ------------------------------------------------------------------------
[INFO] Building Blueflood Elasticsearch Indexer and Discovery 2.0.0-SNAPSHOT
[INFO] ------------------------------------------------------------------------
[INFO] 
[INFO] --- maven-enforcer-plugin:1.0:enforce (enforce-maven) @ blueflood-elasticsearch ---
[INFO] 
[INFO] --- jacoco-maven-plugin:0.7.2.201409121644:prepare-agent (prepare-agent) @ blueflood-elasticsearch ---
[INFO] argLine set to -javaagent:/home/travis/.m2/repository/org/jacoco/org.jacoco.agent/0.7.2.201409121644/org.jacoco.agent-0.7.2.201409121644-runtime.jar=destfile=/home/travis/build/failed/rackerlabs/blueflood/blueflood-elasticsearch/target/jacoco.exec
[INFO] 
[INFO] --- maven-resources-plugin:2.6:resources (default-resources) @ blueflood-elasticsearch ---
[INFO] Using 'UTF-8' encoding to copy filtered resources.
[INFO] Copying 4 resources
[INFO] 
[INFO] --- maven-compiler-plugin:3.1:compile (default-compile) @ blueflood-elasticsearch ---
[INFO] Nothing to compile - all classes are up to date
[INFO] 
[INFO] --- maven-resources-plugin:2.6:testResources (default-testResources) @ blueflood-elasticsearch ---
[INFO] Not copying test resources
[INFO] 
[INFO] --- build-helper-maven-plugin:1.8:reserve-network-port (reserve-network-port) @ blueflood-elasticsearch ---
[INFO] Reserved port 33991 for cassandra.rpcPort
[INFO] Reserved port 37579 for cassandra.jmxPort
[INFO] Reserved port 44255 for cassandra.storagePort
[INFO] Reserved port 33687 for cassandra.stopPort
[INFO] 
[INFO] --- maven-compiler-plugin:3.1:testCompile (default-testCompile) @ blueflood-elasticsearch ---
[INFO] Not compiling test sources
[INFO] 
[INFO] --- maven-surefire-plugin:2.12.4:test (default-test) @ blueflood-elasticsearch ---
[INFO] Tests are skipped.
[INFO] 
[INFO] --- maven-jar-plugin:2.2:jar (default-jar) @ blueflood-elasticsearch ---
[INFO] 
[INFO] --- maven-source-plugin:2.2.1:jar-no-fork (attach-sources) @ blueflood-elasticsearch ---
[INFO] 
[INFO] --- maven-javadoc-plugin:2.9.1:jar (attach-javadocs) @ blueflood-elasticsearch ---
[INFO] Skipping javadoc generation
[INFO] 
[INFO] --- maven-jar-plugin:2.2:test-jar (default) @ blueflood-elasticsearch ---
[INFO] Skipping packaging of the test-jar
[INFO] 
[INFO] --- jacoco-maven-plugin:0.7.2.201409121644:prepare-agent-integration (prepare-it-agent) @ blueflood-elasticsearch ---
[INFO] jacoco.agent.it.argLine set to -javaagent:/home/travis/.m2/repository/org/jacoco/org.jacoco.agent/0.7.2.201409121644/org.jacoco.agent-0.7.2.201409121644-runtime.jar=destfile=/home/travis/build/failed/rackerlabs/blueflood/blueflood-elasticsearch/target/jacoco-it.exec
[INFO] 
[INFO] --- cassandra-maven-plugin:2.0.0-1:delete (delete-cassandra) @ blueflood-elasticsearch ---
[INFO] Skipping cassandra: cassandra.skip==true
[INFO] 
[INFO] --- cassandra-maven-plugin:2.0.0-1:start (default) @ blueflood-elasticsearch ---
[INFO] Skipping cassandra: cassandra.skip==true
[INFO] 
[INFO] --- cassandra-maven-plugin:2.0.0-1:stop (default) @ blueflood-elasticsearch ---
[INFO] Skipping cassandra: cassandra.skip==true
[INFO] 
[INFO] --- maven-install-plugin:2.4:install (default-install) @ blueflood-elasticsearch ---
[INFO] Installing /home/travis/build/failed/rackerlabs/blueflood/blueflood-elasticsearch/target/blueflood-elasticsearch-2.0.0-SNAPSHOT.jar to /home/travis/.m2/repository/com/rackspacecloud/blueflood-elasticsearch/2.0.0-SNAPSHOT/blueflood-elasticsearch-2.0.0-SNAPSHOT.jar
[INFO] Installing /home/travis/build/failed/rackerlabs/blueflood/blueflood-elasticsearch/pom.xml to /home/travis/.m2/repository/com/rackspacecloud/blueflood-elasticsearch/2.0.0-SNAPSHOT/blueflood-elasticsearch-2.0.0-SNAPSHOT.pom
[INFO] Installing /home/travis/build/failed/rackerlabs/blueflood/blueflood-elasticsearch/target/blueflood-elasticsearch-2.0.0-SNAPSHOT-sources.jar to /home/travis/.m2/repository/com/rackspacecloud/blueflood-elasticsearch/2.0.0-SNAPSHOT/blueflood-elasticsearch-2.0.0-SNAPSHOT-sources.jar
[INFO] 
[INFO] --- maven-dependency-plugin:2.8:resolve (default-cli) @ blueflood-elasticsearch ---
[INFO] 
[INFO] The following files have been resolved:
[INFO]    org.clojure:clojure:jar:1.5.1:compile
[INFO]    org.mortbay.jetty:servlet-api:jar:2.5-20081211:compile
[INFO]    org.apache.lucene:lucene-queryparser:jar:4.10.4:compile
[INFO]    com.google.protobuf:protobuf-java:jar:2.5.0:compile
[INFO]    com.codahale.metrics:metrics-core:jar:3.0.1:compile
[INFO]    org.hamcrest:hamcrest-core:jar:1.1:test
[INFO]    com.rackspacecloud:blueflood-core:jar:2.0.0-SNAPSHOT:compile
[INFO]    bigml:histogram:jar:3.2.1:compile
[INFO]    stax:stax-api:jar:1.0.1:compile
[INFO]    org.yaml:snakeyaml:jar:1.12:compile
[INFO]    org.apache.lucene:lucene-highlighter:jar:4.10.4:compile
[INFO]    org.apache.lucene:lucene-queries:jar:4.10.4:compile
[INFO]    com.googlecode.json-simple:json-simple:jar:1.1:compile
[INFO]    com.yammer.metrics:metrics-core:jar:2.1.2:compile
[INFO]    commons-logging:commons-logging:jar:1.1.1:compile
[INFO]    org.elasticsearch:elasticsearch:jar:1.7.1:compile
[INFO]    com.codahale.metrics:metrics-log4j:jar:3.0.1:compile
[INFO]    com.netflix.astyanax:astyanax-core:jar:1.56.34:compile
[INFO]    org.apache.zookeeper:zookeeper:jar:3.4.5:compile
[INFO]    org.apache.servicemix.bundles:org.apache.servicemix.bundles.commons-csv:jar:1.0-r706900_3:compile
[INFO]    org.apache.lucene:lucene-join:jar:4.10.4:compile
[INFO]    org.apache.cassandra:cassandra-all:jar:1.2.2:compile
[INFO]    org.apache.lucene:lucene-memory:jar:4.10.4:compile
[INFO]    org.apache.thrift:libthrift:jar:0.7.0:compile
[INFO]    org.apache.lucene:lucene-analyzers-common:jar:4.10.4:compile
[INFO]    org.mortbay.jetty:jetty-util:jar:6.1.22:compile
[INFO]    joda-time:joda-time:jar:1.6.2:compile
[INFO]    org.apache.cassandra:cassandra-thrift:jar:1.2.2:compile
[INFO]    junit:junit:jar:4.10:test
[INFO]    org.codehaus.jettison:jettison:jar:1.2:compile
[INFO]    org.mindrot:jbcrypt:jar:0.3m:compile
[INFO]    org.apache.httpcomponents:httpclient:jar:4.0.1:compile
[INFO]    com.google.code.gson:gson:jar:2.2:compile
[INFO]    org.apache.lucene:lucene-sandbox:jar:4.10.4:compile
[INFO]    com.googlecode.concurrentlinkedhashmap:concurrentlinkedhashmap-lru:jar:1.3:compile
[INFO]    org.apache.curator:curator-client:jar:2.3.0:compile
[INFO]    org.apache.lucene:lucene-spatial:jar:4.10.4:compile
[INFO]    org.codehaus.jackson:jackson-core-asl:jar:1.9.2:compile
[INFO]    commons-cli:commons-cli:jar:1.2:compile
[INFO]    org.apache.curator:curator-framework:jar:2.3.0:compile
[INFO]    com.codahale.metrics:metrics-jvm:jar:3.0.1:compile
[INFO]    org.codehaus.jackson:jackson-mapper-asl:jar:1.9.2:compile
[INFO]    org.ow2.asm:asm-commons:jar:4.1:compile
[INFO]    commons-codec:commons-codec:jar:1.5:compile
[INFO]    org.slf4j:slf4j-api:jar:1.7.5:compile
[INFO]    com.ning:compress-lzf:jar:0.8.4:compile
[INFO]    com.github.tlrx:elasticsearch-test:jar:1.1.0:test
[INFO]    com.github.stephenc.high-scale-lib:high-scale-lib:jar:1.1.2:compile
[INFO]    com.spatial4j:spatial4j:jar:0.4.1:compile
[INFO]    log4j:log4j:jar:1.2.16:compile
[INFO]    org.apache.cassandra.deps:avro:jar:1.4.0-cassandra-1:compile
[INFO]    org.slf4j:slf4j-log4j12:jar:1.7.6:compile
[INFO]    com.netflix.astyanax:astyanax-recipes:jar:1.56.34:compile
[INFO]    org.apache.lucene:lucene-suggest:jar:4.10.4:compile
[INFO]    org.antlr:antlr:jar:3.2:compile
[INFO]    commons-lang:commons-lang:jar:2.4:compile
[INFO]    org.jboss.netty:netty:jar:3.2.4.Final:compile
[INFO]    javax.servlet:servlet-api:jar:2.5:compile
[INFO]    org.apache.curator:curator-recipes:jar:2.3.0:compile
[INFO]    com.codahale.metrics:metrics-graphite:jar:3.0.1:compile
[INFO]    org.ow2.asm:asm:jar:4.1:compile
[INFO]    io.netty:netty:jar:3.6.1.Final:compile
[INFO]    com.netflix.astyanax:astyanax-thrift:jar:1.56.34:compile
[INFO]    org.apache.httpcomponents:httpcore:jar:4.0.1:compile
[INFO]    jline:jline:jar:1.0:compile
[INFO]    org.apache.lucene:lucene-core:jar:4.10.4:compile
[INFO]    edu.stanford.ppl:snaptree:jar:0.1:compile
[INFO]    com.netflix.astyanax:astyanax-cassandra:jar:1.56.34:compile
[INFO]    net.jpountz.lz4:lz4:jar:1.1.0:compile
[INFO]    com.aphyr:riemann-java-client:jar:0.2.9:compile
[INFO]    com.github.stephenc:jamm:jar:0.2.5:compile
[INFO]    com.google.guava:guava:jar:15.0:compile
[INFO]    org.mortbay.jetty:jetty:jar:6.1.22:compile
[INFO]    org.apache.lucene:lucene-misc:jar:4.10.4:compile
[INFO]    org.xerial.snappy:snappy-java:jar:1.0.4.1:compile
[INFO]    org.antlr:antlr-runtime:jar:3.5:compile
[INFO]    org.mockito:mockito-all:jar:1.8.5:compile
[INFO]    org.apache.lucene:lucene-grouping:jar:4.10.4:compile
[INFO]    com.eaio.uuid:uuid:jar:3.2:compile
[INFO] 
[INFO]                                                                         
[INFO] ------------------------------------------------------------------------
[INFO] Building Blueflood HTTP Ingestion and Querying 2.0.0-SNAPSHOT
[INFO] ------------------------------------------------------------------------
[INFO] 
[INFO] --- maven-enforcer-plugin:1.0:enforce (enforce-maven) @ blueflood-http ---
[INFO] 
[INFO] --- jacoco-maven-plugin:0.7.2.201409121644:prepare-agent (prepare-agent) @ blueflood-http ---
[INFO] argLine set to -javaagent:/home/travis/.m2/repository/org/jacoco/org.jacoco.agent/0.7.2.201409121644/org.jacoco.agent-0.7.2.201409121644-runtime.jar=destfile=/home/travis/build/failed/rackerlabs/blueflood/blueflood-http/target/jacoco.exec
[INFO] 
[INFO] --- maven-resources-plugin:2.6:resources (default-resources) @ blueflood-http ---
[INFO] Using 'UTF-8' encoding to copy filtered resources.
[INFO] skip non existing resourceDirectory /home/travis/build/failed/rackerlabs/blueflood/blueflood-http/src/main/resources
[INFO] 
[INFO] --- maven-compiler-plugin:3.1:compile (default-compile) @ blueflood-http ---
[INFO] Nothing to compile - all classes are up to date
[INFO] 
[INFO] --- build-helper-maven-plugin:1.8:add-test-source (add-integration-test-sources) @ blueflood-http ---
[INFO] Test Source directory: /home/travis/build/failed/rackerlabs/blueflood/blueflood-http/src/integration-test/java added.
[INFO] 
[INFO] --- maven-resources-plugin:2.6:testResources (default-testResources) @ blueflood-http ---
[INFO] Not copying test resources
[INFO] 
[INFO] --- build-helper-maven-plugin:1.8:reserve-network-port (reserve-network-port) @ blueflood-http ---
[INFO] Reserved port 45123 for cassandra.rpcPort
[INFO] Reserved port 36045 for cassandra.jmxPort
[INFO] Reserved port 36311 for cassandra.storagePort
[INFO] Reserved port 42581 for cassandra.stopPort
[INFO] 
[INFO] --- maven-compiler-plugin:3.1:testCompile (default-testCompile) @ blueflood-http ---
[INFO] Not compiling test sources
[INFO] 
[INFO] --- maven-surefire-plugin:2.14.1:test (default-test) @ blueflood-http ---
[INFO] Tests are skipped.
[INFO] 
[INFO] --- maven-jar-plugin:2.2:jar (default-jar) @ blueflood-http ---
[INFO] 
[INFO] --- maven-source-plugin:2.2.1:jar-no-fork (attach-sources) @ blueflood-http ---
[INFO] 
[INFO] --- maven-javadoc-plugin:2.9.1:jar (attach-javadocs) @ blueflood-http ---
[INFO] Skipping javadoc generation
[INFO] 
[INFO] --- maven-jar-plugin:2.2:test-jar (default) @ blueflood-http ---
[INFO] Skipping packaging of the test-jar
[INFO] 
[INFO] --- jacoco-maven-plugin:0.7.2.201409121644:prepare-agent-integration (prepare-it-agent) @ blueflood-http ---
[INFO] jacoco.agent.it.argLine set to -javaagent:/home/travis/.m2/repository/org/jacoco/org.jacoco.agent/0.7.2.201409121644/org.jacoco.agent-0.7.2.201409121644-runtime.jar=destfile=/home/travis/build/failed/rackerlabs/blueflood/blueflood-http/target/jacoco-it.exec
[INFO] 
[INFO] --- cassandra-maven-plugin:2.0.0-1:delete (delete-cassandra) @ blueflood-http ---
[INFO] Skipping cassandra: cassandra.skip==true
[INFO] 
[INFO] --- cassandra-maven-plugin:2.0.0-1:start (default) @ blueflood-http ---
[INFO] Skipping cassandra: cassandra.skip==true
[INFO] 
[INFO] --- maven-failsafe-plugin:2.15:integration-test (integration-tests) @ blueflood-http ---
[INFO] Tests are skipped.
[INFO] 
[INFO] --- cassandra-maven-plugin:2.0.0-1:stop (default) @ blueflood-http ---
[INFO] Skipping cassandra: cassandra.skip==true
[INFO] 
[INFO] --- maven-failsafe-plugin:2.15:verify (verify) @ blueflood-http ---
[INFO] Tests are skipped.
[INFO] 
[INFO] --- maven-install-plugin:2.4:install (default-install) @ blueflood-http ---
[INFO] Installing /home/travis/build/failed/rackerlabs/blueflood/blueflood-http/target/blueflood-http-2.0.0-SNAPSHOT.jar to /home/travis/.m2/repository/com/rackspacecloud/blueflood-http/2.0.0-SNAPSHOT/blueflood-http-2.0.0-SNAPSHOT.jar
[INFO] Installing /home/travis/build/failed/rackerlabs/blueflood/blueflood-http/pom.xml to /home/travis/.m2/repository/com/rackspacecloud/blueflood-http/2.0.0-SNAPSHOT/blueflood-http-2.0.0-SNAPSHOT.pom
[INFO] Installing /home/travis/build/failed/rackerlabs/blueflood/blueflood-http/target/blueflood-http-2.0.0-SNAPSHOT-sources.jar to /home/travis/.m2/repository/com/rackspacecloud/blueflood-http/2.0.0-SNAPSHOT/blueflood-http-2.0.0-SNAPSHOT-sources.jar
[INFO] 
[INFO] --- maven-dependency-plugin:2.8:resolve (default-cli) @ blueflood-http ---
[INFO] 
[INFO] The following files have been resolved:
[INFO]    org.mortbay.jetty:servlet-api:jar:2.5-20081211:compile
[INFO]    org.clojure:clojure:jar:1.5.1:compile
[INFO]    org.apache.lucene:lucene-queryparser:jar:4.10.4:compile
[INFO]    com.google.protobuf:protobuf-java:jar:2.5.0:compile
[INFO]    com.codahale.metrics:metrics-core:jar:3.0.1:compile
[INFO]    org.apache.httpcomponents:httpclient:jar:4.3.3:compile
[INFO]    org.hamcrest:hamcrest-core:jar:1.1:test
[INFO]    com.rackspacecloud:blueflood-core:jar:2.0.0-SNAPSHOT:compile
[INFO]    stax:stax-api:jar:1.0.1:compile
[INFO]    bigml:histogram:jar:3.2.1:compile
[INFO]    org.yaml:snakeyaml:jar:1.12:compile
[INFO]    org.apache.lucene:lucene-highlighter:jar:4.10.4:compile
[INFO]    org.apache.lucene:lucene-queries:jar:4.10.4:compile
[INFO]    com.yammer.metrics:metrics-core:jar:2.1.2:compile
[INFO]    com.googlecode.json-simple:json-simple:jar:1.1:compile
[INFO]    org.mockito:mockito-all:jar:1.8.4:test
[INFO]    org.elasticsearch:elasticsearch:jar:1.7.1:compile
[INFO]    com.codahale.metrics:metrics-log4j:jar:3.0.1:compile
[INFO]    com.netflix.astyanax:astyanax-core:jar:1.56.34:compile
[INFO]    org.apache.zookeeper:zookeeper:jar:3.4.5:compile
[INFO]    org.apache.servicemix.bundles:org.apache.servicemix.bundles.commons-csv:jar:1.0-r706900_3:compile
[INFO]    org.apache.lucene:lucene-join:jar:4.10.4:compile
[INFO]    org.apache.cassandra:cassandra-all:jar:1.2.2:compile
[INFO]    org.apache.lucene:lucene-memory:jar:4.10.4:compile
[INFO]    org.apache.thrift:libthrift:jar:0.7.0:compile
[INFO]    org.apache.lucene:lucene-analyzers-common:jar:4.10.4:compile
[INFO]    org.mortbay.jetty:jetty-util:jar:6.1.22:compile
[INFO]    joda-time:joda-time:jar:1.6.2:compile
[INFO]    org.slf4j:slf4j-api:jar:1.7.6:compile
[INFO]    org.apache.cassandra:cassandra-thrift:jar:1.2.2:compile
[INFO]    junit:junit:jar:4.10:test
[INFO]    org.codehaus.jettison:jettison:jar:1.2:compile
[INFO]    org.mindrot:jbcrypt:jar:0.3m:compile
[INFO]    com.google.code.gson:gson:jar:2.2:compile
[INFO]    commons-logging:commons-logging:jar:1.1.3:compile
[INFO]    org.apache.lucene:lucene-sandbox:jar:4.10.4:compile
[INFO]    com.googlecode.concurrentlinkedhashmap:concurrentlinkedhashmap-lru:jar:1.3:compile
[INFO]    org.apache.curator:curator-client:jar:2.3.0:compile
[INFO]    org.apache.lucene:lucene-spatial:jar:4.10.4:compile
[INFO]    org.codehaus.jackson:jackson-core-asl:jar:1.9.2:compile
[INFO]    commons-cli:commons-cli:jar:1.2:compile
[INFO]    org.apache.curator:curator-framework:jar:2.3.0:compile
[INFO]    com.codahale.metrics:metrics-jvm:jar:3.0.1:compile
[INFO]    org.codehaus.jackson:jackson-mapper-asl:jar:1.9.2:compile
[INFO]    io.netty:netty-all:jar:4.0.8.Final:compile
[INFO]    org.ow2.asm:asm-commons:jar:4.1:compile
[INFO]    com.ning:compress-lzf:jar:0.8.4:compile
[INFO]    com.github.tlrx:elasticsearch-test:jar:1.1.0:test
[INFO]    com.github.stephenc.high-scale-lib:high-scale-lib:jar:1.1.2:compile
[INFO]    log4j:log4j:jar:1.2.16:compile
[INFO]    com.spatial4j:spatial4j:jar:0.4.1:compile
[INFO]    org.apache.cassandra.deps:avro:jar:1.4.0-cassandra-1:compile
[INFO]    org.slf4j:slf4j-log4j12:jar:1.7.6:compile
[INFO]    com.netflix.astyanax:astyanax-recipes:jar:1.56.34:compile
[INFO]    org.apache.httpcomponents:httpcore:jar:4.3.2:compile
[INFO]    org.apache.lucene:lucene-suggest:jar:4.10.4:compile
[INFO]    org.antlr:antlr:jar:3.2:compile
[INFO]    commons-lang:commons-lang:jar:2.4:compile
[INFO]    org.jboss.netty:netty:jar:3.2.4.Final:compile
[INFO]    javax.servlet:servlet-api:jar:2.5:compile
[INFO]    org.apache.curator:curator-recipes:jar:2.3.0:compile
[INFO]    com.rackspacecloud:blueflood-elasticsearch:jar:2.0.0-SNAPSHOT:compile
[INFO]    com.codahale.metrics:metrics-graphite:jar:3.0.1:compile
[INFO]    org.ow2.asm:asm:jar:4.1:compile
[INFO]    io.netty:netty:jar:3.6.1.Final:compile
[INFO]    com.netflix.astyanax:astyanax-thrift:jar:1.56.34:compile
[INFO]    jline:jline:jar:1.0:compile
[INFO]    org.apache.lucene:lucene-core:jar:4.10.4:compile
[INFO]    edu.stanford.ppl:snaptree:jar:0.1:compile
[INFO]    com.netflix.astyanax:astyanax-cassandra:jar:1.56.34:compile
[INFO]    net.jpountz.lz4:lz4:jar:1.1.0:compile
[INFO]    com.aphyr:riemann-java-client:jar:0.2.9:compile
[INFO]    com.github.stephenc:jamm:jar:0.2.5:compile
[INFO]    com.google.guava:guava:jar:15.0:compile
[INFO]    org.mortbay.jetty:jetty:jar:6.1.22:compile
[INFO]    org.apache.lucene:lucene-misc:jar:4.10.4:compile
[INFO]    org.xerial.snappy:snappy-java:jar:1.0.4.1:compile
[INFO]    org.antlr:antlr-runtime:jar:3.5:compile
[INFO]    org.apache.lucene:lucene-grouping:jar:4.10.4:compile
[INFO]    commons-codec:commons-codec:jar:1.6:compile
[INFO]    com.eaio.uuid:uuid:jar:3.2:compile
[INFO] 
[INFO]                                                                         
[INFO] ------------------------------------------------------------------------
[INFO] Building Blueflood Rollup Kafka Producer 2.0.0-SNAPSHOT
[INFO] ------------------------------------------------------------------------
[INFO] 
[INFO] --- maven-enforcer-plugin:1.0:enforce (enforce-maven) @ blueflood-kafka ---
[INFO] 
[INFO] --- jacoco-maven-plugin:0.7.2.201409121644:prepare-agent (prepare-agent) @ blueflood-kafka ---
[INFO] argLine set to -javaagent:/home/travis/.m2/repository/org/jacoco/org.jacoco.agent/0.7.2.201409121644/org.jacoco.agent-0.7.2.201409121644-runtime.jar=destfile=/home/travis/build/failed/rackerlabs/blueflood/blueflood-kafka/target/jacoco.exec
[INFO] 
[INFO] --- maven-resources-plugin:2.6:resources (default-resources) @ blueflood-kafka ---
[INFO] Using 'UTF-8' encoding to copy filtered resources.
[INFO] skip non existing resourceDirectory /home/travis/build/failed/rackerlabs/blueflood/blueflood-kafka/src/main/resources
[INFO] 
[INFO] --- maven-compiler-plugin:3.1:compile (default-compile) @ blueflood-kafka ---
[INFO] Nothing to compile - all classes are up to date
[INFO] 
[INFO] --- maven-resources-plugin:2.6:testResources (default-testResources) @ blueflood-kafka ---
[INFO] Not copying test resources
[INFO] 
[INFO] --- build-helper-maven-plugin:1.8:reserve-network-port (reserve-network-port) @ blueflood-kafka ---
[INFO] Reserved port 40503 for cassandra.rpcPort
[INFO] Reserved port 44553 for cassandra.jmxPort
[INFO] Reserved port 35629 for cassandra.storagePort
[INFO] Reserved port 32953 for cassandra.stopPort
[INFO] 
[INFO] --- maven-compiler-plugin:3.1:testCompile (default-testCompile) @ blueflood-kafka ---
[INFO] Not compiling test sources
[INFO] 
[INFO] --- maven-surefire-plugin:2.14.1:test (default-test) @ blueflood-kafka ---
[INFO] Tests are skipped.
[INFO] 
[INFO] --- maven-jar-plugin:2.2:jar (default-jar) @ blueflood-kafka ---
[INFO] 
[INFO] --- maven-source-plugin:2.2.1:jar-no-fork (attach-sources) @ blueflood-kafka ---
[INFO] 
[INFO] --- maven-javadoc-plugin:2.9.1:jar (attach-javadocs) @ blueflood-kafka ---
[INFO] Skipping javadoc generation
[INFO] 
[INFO] --- maven-jar-plugin:2.2:test-jar (default) @ blueflood-kafka ---
[INFO] Skipping packaging of the test-jar
[INFO] 
[INFO] --- jacoco-maven-plugin:0.7.2.201409121644:prepare-agent-integration (prepare-it-agent) @ blueflood-kafka ---
[INFO] jacoco.agent.it.argLine set to -javaagent:/home/travis/.m2/repository/org/jacoco/org.jacoco.agent/0.7.2.201409121644/org.jacoco.agent-0.7.2.201409121644-runtime.jar=destfile=/home/travis/build/failed/rackerlabs/blueflood/blueflood-kafka/target/jacoco-it.exec
[INFO] 
[INFO] --- cassandra-maven-plugin:2.0.0-1:delete (delete-cassandra) @ blueflood-kafka ---
[INFO] Skipping cassandra: cassandra.skip==true
[INFO] 
[INFO] --- cassandra-maven-plugin:2.0.0-1:start (default) @ blueflood-kafka ---
[INFO] Skipping cassandra: cassandra.skip==true
[INFO] 
[INFO] --- cassandra-maven-plugin:2.0.0-1:stop (default) @ blueflood-kafka ---
[INFO] Skipping cassandra: cassandra.skip==true
[INFO] 
[INFO] --- maven-install-plugin:2.4:install (default-install) @ blueflood-kafka ---
[INFO] Installing /home/travis/build/failed/rackerlabs/blueflood/blueflood-kafka/target/blueflood-kafka-2.0.0-SNAPSHOT.jar to /home/travis/.m2/repository/com/rackspacecloud/blueflood-kafka/2.0.0-SNAPSHOT/blueflood-kafka-2.0.0-SNAPSHOT.jar
[INFO] Installing /home/travis/build/failed/rackerlabs/blueflood/blueflood-kafka/pom.xml to /home/travis/.m2/repository/com/rackspacecloud/blueflood-kafka/2.0.0-SNAPSHOT/blueflood-kafka-2.0.0-SNAPSHOT.pom
[INFO] Installing /home/travis/build/failed/rackerlabs/blueflood/blueflood-kafka/target/blueflood-kafka-2.0.0-SNAPSHOT-sources.jar to /home/travis/.m2/repository/com/rackspacecloud/blueflood-kafka/2.0.0-SNAPSHOT/blueflood-kafka-2.0.0-SNAPSHOT-sources.jar
[INFO] 
[INFO] --- maven-dependency-plugin:2.8:resolve (default-cli) @ blueflood-kafka ---
[INFO] 
[INFO] The following files have been resolved:
[INFO]    org.clojure:clojure:jar:1.5.1:compile
[INFO]    org.mortbay.jetty:servlet-api:jar:2.5-20081211:compile
[INFO]    com.google.protobuf:protobuf-java:jar:2.5.0:compile
[INFO]    org.antlr:antlr-runtime:jar:3.2:compile
[INFO]    com.codahale.metrics:metrics-core:jar:3.0.1:compile
[INFO]    org.apache.zookeeper:zookeeper:jar:3.3.4:compile
[INFO]    org.hamcrest:hamcrest-core:jar:1.1:compile
[INFO]    com.rackspacecloud:blueflood-core:jar:2.0.0-SNAPSHOT:compile
[INFO]    net.sf.jopt-simple:jopt-simple:jar:3.2:compile
[INFO]    bigml:histogram:jar:3.2.1:compile
[INFO]    stax:stax-api:jar:1.0.1:compile
[INFO]    org.scala-lang:scala-reflect:jar:2.10.1:compile
[INFO]    com.googlecode.json-simple:json-simple:jar:1.1:compile
[INFO]    commons-logging:commons-logging:jar:1.1.1:compile
[INFO]    com.codahale.metrics:metrics-log4j:jar:3.0.1:compile
[INFO]    com.netflix.astyanax:astyanax-core:jar:1.56.34:compile
[INFO]    org.apache.servicemix.bundles:org.apache.servicemix.bundles.commons-csv:jar:1.0-r706900_3:compile
[INFO]    org.apache.cassandra:cassandra-all:jar:1.2.2:compile
[INFO]    jline:jline:jar:0.9.94:compile
[INFO]    org.apache.thrift:libthrift:jar:0.7.0:compile
[INFO]    org.mortbay.jetty:jetty-util:jar:6.1.22:compile
[INFO]    org.apache.kafka:kafka_2.10:jar:0.8.0:compile
[INFO]    joda-time:joda-time:jar:1.6.2:compile
[INFO]    org.apache.cassandra:cassandra-thrift:jar:1.2.2:compile
[INFO]    junit:junit:jar:4.10:compile
[INFO]    org.slf4j:slf4j-api:jar:1.7.2:compile
[INFO]    org.codehaus.jettison:jettison:jar:1.2:compile
[INFO]    com.yammer.metrics:metrics-annotation:jar:2.2.0:compile
[INFO]    org.mindrot:jbcrypt:jar:0.3m:compile
[INFO]    org.apache.httpcomponents:httpclient:jar:4.0.1:compile
[INFO]    com.google.code.gson:gson:jar:2.2:compile
[INFO]    com.googlecode.concurrentlinkedhashmap:concurrentlinkedhashmap-lru:jar:1.3:compile
[INFO]    antlr:antlr:jar:2.7.7:compile
[INFO]    org.apache.curator:curator-client:jar:2.3.0:compile
[INFO]    com.yammer.metrics:metrics-core:jar:2.2.0:compile
[INFO]    org.scala-lang:scala-compiler:jar:2.10.1:compile
[INFO]    org.codehaus.jackson:jackson-core-asl:jar:1.9.2:compile
[INFO]    commons-cli:commons-cli:jar:1.2:compile
[INFO]    org.apache.curator:curator-framework:jar:2.3.0:compile
[INFO]    com.codahale.metrics:metrics-jvm:jar:3.0.1:compile
[INFO]    org.codehaus.jackson:jackson-mapper-asl:jar:1.9.2:compile
[INFO]    commons-codec:commons-codec:jar:1.5:compile
[INFO]    com.ning:compress-lzf:jar:0.8.4:compile
[INFO]    com.github.stephenc.high-scale-lib:high-scale-lib:jar:1.1.2:compile
[INFO]    log4j:log4j:jar:1.2.16:compile
[INFO]    org.apache.cassandra.deps:avro:jar:1.4.0-cassandra-1:compile
[INFO]    org.slf4j:slf4j-log4j12:jar:1.7.6:compile
[INFO]    com.netflix.astyanax:astyanax-recipes:jar:1.56.34:compile
[INFO]    org.antlr:antlr:jar:3.2:compile
[INFO]    commons-lang:commons-lang:jar:2.4:compile
[INFO]    org.jboss.netty:netty:jar:3.2.4.Final:compile
[INFO]    javax.servlet:servlet-api:jar:2.5:compile
[INFO]    org.apache.curator:curator-recipes:jar:2.3.0:compile
[INFO]    com.codahale.metrics:metrics-graphite:jar:3.0.1:compile
[INFO]    io.netty:netty:jar:3.6.1.Final:compile
[INFO]    com.netflix.astyanax:astyanax-thrift:jar:1.56.34:compile
[INFO]    com.101tec:zkclient:jar:0.3:compile
[INFO]    org.apache.httpcomponents:httpcore:jar:4.0.1:compile
[INFO]    org.antlr:stringtemplate:jar:3.2:compile
[INFO]    edu.stanford.ppl:snaptree:jar:0.1:compile
[INFO]    org.scala-lang:scala-library:jar:2.10.1:compile
[INFO]    com.netflix.astyanax:astyanax-cassandra:jar:1.56.34:compile
[INFO]    com.yammer.metrics:metrics-graphite:jar:2.2.0:compile
[INFO]    net.jpountz.lz4:lz4:jar:1.1.0:compile
[INFO]    com.aphyr:riemann-java-client:jar:0.2.9:compile
[INFO]    com.github.stephenc:jamm:jar:0.2.5:compile
[INFO]    com.google.guava:guava:jar:15.0:compile
[INFO]    org.mortbay.jetty:jetty:jar:6.1.22:compile
[INFO]    org.xerial.snappy:snappy-java:jar:1.0.4.1:compile
[INFO]    org.mockito:mockito-all:jar:1.8.5:compile
[INFO]    org.yaml:snakeyaml:jar:1.6:compile
[INFO]    com.eaio.uuid:uuid:jar:3.2:compile
[INFO] 
[INFO]                                                                         
[INFO] ------------------------------------------------------------------------
[INFO] Building Blueflood Rollup Cloudfiles Exporter 2.0.0-SNAPSHOT
[INFO] ------------------------------------------------------------------------
[INFO] 
[INFO] --- maven-enforcer-plugin:1.0:enforce (enforce-maven) @ blueflood-cloudfiles ---
[INFO] 
[INFO] --- jacoco-maven-plugin:0.7.2.201409121644:prepare-agent (prepare-agent) @ blueflood-cloudfiles ---
[INFO] argLine set to -javaagent:/home/travis/.m2/repository/org/jacoco/org.jacoco.agent/0.7.2.201409121644/org.jacoco.agent-0.7.2.201409121644-runtime.jar=destfile=/home/travis/build/failed/rackerlabs/blueflood/blueflood-cloudfiles/target/jacoco.exec
[INFO] 
[INFO] --- maven-resources-plugin:2.6:resources (default-resources) @ blueflood-cloudfiles ---
[INFO] Using 'UTF-8' encoding to copy filtered resources.
[INFO] skip non existing resourceDirectory /home/travis/build/failed/rackerlabs/blueflood/blueflood-cloudfiles/src/main/resources
[INFO] 
[INFO] --- maven-compiler-plugin:3.1:compile (default-compile) @ blueflood-cloudfiles ---
[INFO] Nothing to compile - all classes are up to date
[INFO] 
[INFO] --- maven-resources-plugin:2.6:testResources (default-testResources) @ blueflood-cloudfiles ---
[INFO] Not copying test resources
[INFO] 
[INFO] --- build-helper-maven-plugin:1.8:reserve-network-port (reserve-network-port) @ blueflood-cloudfiles ---
[INFO] Reserved port 37375 for cassandra.rpcPort
[INFO] Reserved port 40475 for cassandra.jmxPort
[INFO] Reserved port 40449 for cassandra.storagePort
[INFO] Reserved port 45517 for cassandra.stopPort
[INFO] 
[INFO] --- maven-compiler-plugin:3.1:testCompile (default-testCompile) @ blueflood-cloudfiles ---
[INFO] Not compiling test sources
[INFO] 
[INFO] --- maven-surefire-plugin:2.14.1:test (default-test) @ blueflood-cloudfiles ---
[INFO] Tests are skipped.
[INFO] 
[INFO] --- maven-jar-plugin:2.2:jar (default-jar) @ blueflood-cloudfiles ---
[INFO] 
[INFO] --- maven-source-plugin:2.2.1:jar-no-fork (attach-sources) @ blueflood-cloudfiles ---
[INFO] 
[INFO] --- maven-javadoc-plugin:2.9.1:jar (attach-javadocs) @ blueflood-cloudfiles ---
[INFO] Skipping javadoc generation
[INFO] 
[INFO] --- maven-jar-plugin:2.2:test-jar (default) @ blueflood-cloudfiles ---
[INFO] Skipping packaging of the test-jar
[INFO] 
[INFO] --- jacoco-maven-plugin:0.7.2.201409121644:prepare-agent-integration (prepare-it-agent) @ blueflood-cloudfiles ---
[INFO] jacoco.agent.it.argLine set to -javaagent:/home/travis/.m2/repository/org/jacoco/org.jacoco.agent/0.7.2.201409121644/org.jacoco.agent-0.7.2.201409121644-runtime.jar=destfile=/home/travis/build/failed/rackerlabs/blueflood/blueflood-cloudfiles/target/jacoco-it.exec
[INFO] 
[INFO] --- cassandra-maven-plugin:2.0.0-1:delete (delete-cassandra) @ blueflood-cloudfiles ---
[INFO] Skipping cassandra: cassandra.skip==true
[INFO] 
[INFO] --- cassandra-maven-plugin:2.0.0-1:start (default) @ blueflood-cloudfiles ---
[INFO] Skipping cassandra: cassandra.skip==true
[INFO] 
[INFO] --- cassandra-maven-plugin:2.0.0-1:stop (default) @ blueflood-cloudfiles ---
[INFO] Skipping cassandra: cassandra.skip==true
[INFO] 
[INFO] --- maven-install-plugin:2.4:install (default-install) @ blueflood-cloudfiles ---
[INFO] Installing /home/travis/build/failed/rackerlabs/blueflood/blueflood-cloudfiles/target/blueflood-cloudfiles-2.0.0-SNAPSHOT.jar to /home/travis/.m2/repository/com/rackspacecloud/blueflood-cloudfiles/2.0.0-SNAPSHOT/blueflood-cloudfiles-2.0.0-SNAPSHOT.jar
[INFO] Installing /home/travis/build/failed/rackerlabs/blueflood/blueflood-cloudfiles/pom.xml to /home/travis/.m2/repository/com/rackspacecloud/blueflood-cloudfiles/2.0.0-SNAPSHOT/blueflood-cloudfiles-2.0.0-SNAPSHOT.pom
[INFO] Installing /home/travis/build/failed/rackerlabs/blueflood/blueflood-cloudfiles/target/blueflood-cloudfiles-2.0.0-SNAPSHOT-sources.jar to /home/travis/.m2/repository/com/rackspacecloud/blueflood-cloudfiles/2.0.0-SNAPSHOT/blueflood-cloudfiles-2.0.0-SNAPSHOT-sources.jar
[INFO] 
[INFO] --- maven-dependency-plugin:2.8:resolve (default-cli) @ blueflood-cloudfiles ---
[INFO] 
[INFO] The following files have been resolved:
[INFO]    org.clojure:clojure:jar:1.5.1:compile
[INFO]    org.mortbay.jetty:servlet-api:jar:2.5-20081211:compile
[INFO]    com.google.protobuf:protobuf-java:jar:2.5.0:compile
[INFO]    com.codahale.metrics:metrics-core:jar:3.0.1:compile
[INFO]    org.antlr:antlr-runtime:jar:3.2:compile
[INFO]    org.hamcrest:hamcrest-core:jar:1.1:compile
[INFO]    com.google.inject:guice:jar:3.0:compile
[INFO]    com.rackspacecloud:blueflood-core:jar:2.0.0-SNAPSHOT:compile
[INFO]    bigml:histogram:jar:3.2.1:compile
[INFO]    stax:stax-api:jar:1.0.1:compile
[INFO]    com.googlecode.json-simple:json-simple:jar:1.1:compile
[INFO]    com.yammer.metrics:metrics-core:jar:2.1.2:compile
[INFO]    commons-logging:commons-logging:jar:1.1.1:compile
[INFO]    com.codahale.metrics:metrics-log4j:jar:3.0.1:compile
[INFO]    org.apache.jclouds.common:openstack-common:jar:1.7.0:compile
[INFO]    com.netflix.astyanax:astyanax-core:jar:1.56.34:compile
[INFO]    org.apache.jclouds.api:cloudfiles:jar:1.7.0:compile
[INFO]    org.apache.jclouds.api:swift:jar:1.7.0:compile
[INFO]    org.apache.zookeeper:zookeeper:jar:3.4.5:compile
[INFO]    org.apache.servicemix.bundles:org.apache.servicemix.bundles.commons-csv:jar:1.0-r706900_3:compile
[INFO]    org.apache.cassandra:cassandra-all:jar:1.2.2:compile
[INFO]    org.apache.thrift:libthrift:jar:0.7.0:compile
[INFO]    org.mortbay.jetty:jetty-util:jar:6.1.22:compile
[INFO]    joda-time:joda-time:jar:1.6.2:compile
[INFO]    org.apache.jclouds.api:openstack-keystone:jar:1.7.0:compile
[INFO]    org.apache.cassandra:cassandra-thrift:jar:1.2.2:compile
[INFO]    junit:junit:jar:4.10:compile
[INFO]    org.codehaus.jettison:jettison:jar:1.2:compile
[INFO]    org.mindrot:jbcrypt:jar:0.3m:compile
[INFO]    org.apache.httpcomponents:httpclient:jar:4.0.1:compile
[INFO]    com.google.code.gson:gson:jar:2.2:compile
[INFO]    com.googlecode.concurrentlinkedhashmap:concurrentlinkedhashmap-lru:jar:1.3:compile
[INFO]    org.99soft.guice:rocoto:jar:6.2:compile
[INFO]    antlr:antlr:jar:2.7.7:compile
[INFO]    aopalliance:aopalliance:jar:1.0:compile
[INFO]    org.apache.curator:curator-client:jar:2.3.0:compile
[INFO]    javax.ws.rs:jsr311-api:jar:1.1.1:compile
[INFO]    org.codehaus.jackson:jackson-core-asl:jar:1.9.2:compile
[INFO]    commons-cli:commons-cli:jar:1.2:compile
[INFO]    org.apache.jclouds:jclouds-blobstore:jar:1.7.0:compile
[INFO]    org.apache.curator:curator-framework:jar:2.3.0:compile
[INFO]    com.codahale.metrics:metrics-jvm:jar:3.0.1:compile
[INFO]    org.codehaus.jackson:jackson-mapper-asl:jar:1.9.2:compile
[INFO]    commons-codec:commons-codec:jar:1.5:compile
[INFO]    com.ning:compress-lzf:jar:0.8.4:compile
[INFO]    com.github.stephenc.high-scale-lib:high-scale-lib:jar:1.1.2:compile
[INFO]    log4j:log4j:jar:1.2.16:compile
[INFO]    javax.annotation:jsr250-api:jar:1.0:compile
[INFO]    org.apache.cassandra.deps:avro:jar:1.4.0-cassandra-1:compile
[INFO]    org.slf4j:slf4j-log4j12:jar:1.7.6:compile
[INFO]    com.netflix.astyanax:astyanax-recipes:jar:1.56.34:compile
[INFO]    org.slf4j:slf4j-api:jar:1.6.4:compile
[INFO]    org.antlr:antlr:jar:3.2:compile
[INFO]    commons-lang:commons-lang:jar:2.4:compile
[INFO]    org.jboss.netty:netty:jar:3.2.4.Final:compile
[INFO]    javax.servlet:servlet-api:jar:2.5:compile
[INFO]    org.apache.curator:curator-recipes:jar:2.3.0:compile
[INFO]    org.apache.jclouds.provider:cloudfiles-us:jar:1.7.0:compile
[INFO]    com.codahale.metrics:metrics-graphite:jar:3.0.1:compile
[INFO]    io.netty:netty:jar:3.6.1.Final:compile
[INFO]    com.netflix.astyanax:astyanax-thrift:jar:1.56.34:compile
[INFO]    org.apache.httpcomponents:httpcore:jar:4.0.1:compile
[INFO]    jline:jline:jar:1.0:compile
[INFO]    org.antlr:stringtemplate:jar:3.2:compile
[INFO]    edu.stanford.ppl:snaptree:jar:0.1:compile
[INFO]    javax.inject:javax.inject:jar:1:compile
[INFO]    com.netflix.astyanax:astyanax-cassandra:jar:1.56.34:compile
[INFO]    net.jpountz.lz4:lz4:jar:1.1.0:compile
[INFO]    com.aphyr:riemann-java-client:jar:0.2.9:compile
[INFO]    com.github.stephenc:jamm:jar:0.2.5:compile
[INFO]    com.google.guava:guava:jar:15.0:compile
[INFO]    org.mortbay.jetty:jetty:jar:6.1.22:compile
[INFO]    org.apache.jclouds:jclouds-core:jar:1.7.0:compile
[INFO]    org.xerial.snappy:snappy-java:jar:1.0.4.1:compile
[INFO]    org.mockito:mockito-all:jar:1.8.5:compile
[INFO]    com.google.inject.extensions:guice-assistedinject:jar:3.0:compile
[INFO]    org.yaml:snakeyaml:jar:1.6:compile
[INFO]    com.eaio.uuid:uuid:jar:3.2:compile
[INFO] 
[INFO]                                                                         
[INFO] ------------------------------------------------------------------------
[INFO] Building Blueflood IO Bindings for Datastax Java Driver 2.0.0-SNAPSHOT
[INFO] ------------------------------------------------------------------------
[INFO] 
[INFO] --- maven-enforcer-plugin:1.0:enforce (enforce-maven) @ blueflood-io-datastax ---
[INFO] 
[INFO] --- jacoco-maven-plugin:0.7.2.201409121644:prepare-agent (prepare-agent) @ blueflood-io-datastax ---
[INFO] argLine set to -javaagent:/home/travis/.m2/repository/org/jacoco/org.jacoco.agent/0.7.2.201409121644/org.jacoco.agent-0.7.2.201409121644-runtime.jar=destfile=/home/travis/build/failed/rackerlabs/blueflood/blueflood-io-datastax/target/jacoco.exec
[INFO] 
[INFO] --- maven-resources-plugin:2.6:resources (default-resources) @ blueflood-io-datastax ---
[INFO] Using 'UTF-8' encoding to copy filtered resources.
[INFO] skip non existing resourceDirectory /home/travis/build/failed/rackerlabs/blueflood/blueflood-io-datastax/src/main/resources
[INFO] 
[INFO] --- maven-compiler-plugin:3.1:compile (default-compile) @ blueflood-io-datastax ---
[INFO] No sources to compile
[INFO] 
[INFO] --- maven-resources-plugin:2.6:testResources (default-testResources) @ blueflood-io-datastax ---
[INFO] Not copying test resources
[INFO] 
[INFO] --- build-helper-maven-plugin:1.8:reserve-network-port (reserve-network-port) @ blueflood-io-datastax ---
[INFO] Reserved port 44553 for cassandra.rpcPort
[INFO] Reserved port 44109 for cassandra.jmxPort
[INFO] Reserved port 45685 for cassandra.storagePort
[INFO] Reserved port 44299 for cassandra.stopPort
[INFO] 
[INFO] --- maven-compiler-plugin:3.1:testCompile (default-testCompile) @ blueflood-io-datastax ---
[INFO] Not compiling test sources
[INFO] 
[INFO] --- maven-surefire-plugin:2.12.4:test (default-test) @ blueflood-io-datastax ---
[INFO] Tests are skipped.
[INFO] 
[INFO] --- maven-jar-plugin:2.2:jar (default-jar) @ blueflood-io-datastax ---
[WARNING] JAR will be empty - no content was marked for inclusion!
[INFO] 
[INFO] --- maven-source-plugin:2.2.1:jar-no-fork (attach-sources) @ blueflood-io-datastax ---
[INFO] No sources in project. Archive not created.
[INFO] 
[INFO] --- maven-javadoc-plugin:2.9.1:jar (attach-javadocs) @ blueflood-io-datastax ---
[INFO] Skipping javadoc generation
[INFO] 
[INFO] --- maven-jar-plugin:2.2:test-jar (default) @ blueflood-io-datastax ---
[INFO] Skipping packaging of the test-jar
[INFO] 
[INFO] --- jacoco-maven-plugin:0.7.2.201409121644:prepare-agent-integration (prepare-it-agent) @ blueflood-io-datastax ---
[INFO] jacoco.agent.it.argLine set to -javaagent:/home/travis/.m2/repository/org/jacoco/org.jacoco.agent/0.7.2.201409121644/org.jacoco.agent-0.7.2.201409121644-runtime.jar=destfile=/home/travis/build/failed/rackerlabs/blueflood/blueflood-io-datastax/target/jacoco-it.exec
[INFO] 
[INFO] --- cassandra-maven-plugin:2.0.0-1:delete (delete-cassandra) @ blueflood-io-datastax ---
[INFO] Skipping cassandra: cassandra.skip==true
[INFO] 
[INFO] --- cassandra-maven-plugin:2.0.0-1:start (default) @ blueflood-io-datastax ---
[INFO] Skipping cassandra: cassandra.skip==true
[INFO] 
[INFO] --- cassandra-maven-plugin:2.0.0-1:stop (default) @ blueflood-io-datastax ---
[INFO] Skipping cassandra: cassandra.skip==true
[INFO] 
[INFO] --- maven-install-plugin:2.4:install (default-install) @ blueflood-io-datastax ---
[INFO] Installing /home/travis/build/failed/rackerlabs/blueflood/blueflood-io-datastax/target/blueflood-io-datastax-2.0.0-SNAPSHOT.jar to /home/travis/.m2/repository/com/rackspacecloud/blueflood-io-datastax/2.0.0-SNAPSHOT/blueflood-io-datastax-2.0.0-SNAPSHOT.jar
[INFO] Installing /home/travis/build/failed/rackerlabs/blueflood/blueflood-io-datastax/pom.xml to /home/travis/.m2/repository/com/rackspacecloud/blueflood-io-datastax/2.0.0-SNAPSHOT/blueflood-io-datastax-2.0.0-SNAPSHOT.pom
[INFO] 
[INFO] --- maven-dependency-plugin:2.8:resolve (default-cli) @ blueflood-io-datastax ---
[INFO] 
[INFO] The following files have been resolved:
[INFO]    org.clojure:clojure:jar:1.5.1:compile
[INFO]    org.mortbay.jetty:servlet-api:jar:2.5-20081211:compile
[INFO]    com.google.protobuf:protobuf-java:jar:2.5.0:compile
[INFO]    com.codahale.metrics:metrics-core:jar:3.0.1:compile
[INFO]    org.antlr:antlr-runtime:jar:3.2:compile
[INFO]    org.hamcrest:hamcrest-core:jar:1.1:compile
[INFO]    com.rackspacecloud:blueflood-core:jar:2.0.0-SNAPSHOT:compile
[INFO]    bigml:histogram:jar:3.2.1:compile
[INFO]    stax:stax-api:jar:1.0.1:compile
[INFO]    com.googlecode.json-simple:json-simple:jar:1.1:compile
[INFO]    com.yammer.metrics:metrics-core:jar:2.1.2:compile
[INFO]    commons-logging:commons-logging:jar:1.1.1:compile
[INFO]    com.codahale.metrics:metrics-log4j:jar:3.0.1:compile
[INFO]    com.netflix.astyanax:astyanax-core:jar:1.56.34:compile
[INFO]    org.apache.zookeeper:zookeeper:jar:3.4.5:compile
[INFO]    org.apache.servicemix.bundles:org.apache.servicemix.bundles.commons-csv:jar:1.0-r706900_3:compile
[INFO]    org.apache.cassandra:cassandra-all:jar:1.2.2:compile
[INFO]    org.apache.thrift:libthrift:jar:0.7.0:compile
[INFO]    org.mortbay.jetty:jetty-util:jar:6.1.22:compile
[INFO]    joda-time:joda-time:jar:1.6.2:compile
[INFO]    org.apache.cassandra:cassandra-thrift:jar:1.2.2:compile
[INFO]    junit:junit:jar:4.10:compile
[INFO]    org.codehaus.jettison:jettison:jar:1.2:compile
[INFO]    org.mindrot:jbcrypt:jar:0.3m:compile
[INFO]    org.apache.httpcomponents:httpclient:jar:4.0.1:compile
[INFO]    com.google.code.gson:gson:jar:2.2:compile
[INFO]    com.googlecode.concurrentlinkedhashmap:concurrentlinkedhashmap-lru:jar:1.3:compile
[INFO]    antlr:antlr:jar:2.7.7:compile
[INFO]    org.apache.curator:curator-client:jar:2.3.0:compile
[INFO]    org.codehaus.jackson:jackson-core-asl:jar:1.9.2:compile
[INFO]    commons-cli:commons-cli:jar:1.2:compile
[INFO]    org.apache.curator:curator-framework:jar:2.3.0:compile
[INFO]    com.codahale.metrics:metrics-jvm:jar:3.0.1:compile
[INFO]    org.codehaus.jackson:jackson-mapper-asl:jar:1.9.2:compile
[INFO]    commons-codec:commons-codec:jar:1.5:compile
[INFO]    com.ning:compress-lzf:jar:0.8.4:compile
[INFO]    com.github.stephenc.high-scale-lib:high-scale-lib:jar:1.1.2:compile
[INFO]    log4j:log4j:jar:1.2.16:compile
[INFO]    org.apache.cassandra.deps:avro:jar:1.4.0-cassandra-1:compile
[INFO]    org.slf4j:slf4j-log4j12:jar:1.7.6:compile
[INFO]    com.netflix.astyanax:astyanax-recipes:jar:1.56.34:compile
[INFO]    org.slf4j:slf4j-api:jar:1.6.4:compile
[INFO]    org.antlr:antlr:jar:3.2:compile
[INFO]    commons-lang:commons-lang:jar:2.4:compile
[INFO]    org.jboss.netty:netty:jar:3.2.4.Final:compile
[INFO]    javax.servlet:servlet-api:jar:2.5:compile
[INFO]    org.apache.curator:curator-recipes:jar:2.3.0:compile
[INFO]    com.codahale.metrics:metrics-graphite:jar:3.0.1:compile
[INFO]    io.netty:netty:jar:3.6.1.Final:compile
[INFO]    com.netflix.astyanax:astyanax-thrift:jar:1.56.34:compile
[INFO]    org.apache.httpcomponents:httpcore:jar:4.0.1:compile
[INFO]    jline:jline:jar:1.0:compile
[INFO]    org.antlr:stringtemplate:jar:3.2:compile
[INFO]    edu.stanford.ppl:snaptree:jar:0.1:compile
[INFO]    com.netflix.astyanax:astyanax-cassandra:jar:1.56.34:compile
[INFO]    net.jpountz.lz4:lz4:jar:1.1.0:compile
[INFO]    com.aphyr:riemann-java-client:jar:0.2.9:compile
[INFO]    com.github.stephenc:jamm:jar:0.2.5:compile
[INFO]    com.google.guava:guava:jar:15.0:compile
[INFO]    org.mortbay.jetty:jetty:jar:6.1.22:compile
[INFO]    org.xerial.snappy:snappy-java:jar:1.0.4.1:compile
[INFO]    org.mockito:mockito-all:jar:1.8.5:compile
[INFO]    org.yaml:snakeyaml:jar:1.6:compile
[INFO]    com.eaio.uuid:uuid:jar:3.2:compile
[INFO] 
[INFO]                                                                         
[INFO] ------------------------------------------------------------------------
[INFO] Building Blueflood Out-of-band Rollup Tools 2.0.0-SNAPSHOT
[INFO] ------------------------------------------------------------------------
[INFO] 
[INFO] --- maven-enforcer-plugin:1.0:enforce (enforce-maven) @ blueflood-rollupTools ---
[INFO] 
[INFO] --- jacoco-maven-plugin:0.7.2.201409121644:prepare-agent (prepare-agent) @ blueflood-rollupTools ---
[INFO] argLine set to -javaagent:/home/travis/.m2/repository/org/jacoco/org.jacoco.agent/0.7.2.201409121644/org.jacoco.agent-0.7.2.201409121644-runtime.jar=destfile=/home/travis/build/failed/rackerlabs/blueflood/blueflood-rollupTools/target/jacoco.exec
[INFO] 
[INFO] --- maven-resources-plugin:2.6:resources (default-resources) @ blueflood-rollupTools ---
[INFO] Using 'UTF-8' encoding to copy filtered resources.
[INFO] skip non existing resourceDirectory /home/travis/build/failed/rackerlabs/blueflood/blueflood-rollupTools/src/main/resources
[INFO] 
[INFO] --- maven-compiler-plugin:3.1:compile (default-compile) @ blueflood-rollupTools ---
[INFO] Nothing to compile - all classes are up to date
[INFO] 
[INFO] --- maven-resources-plugin:2.6:testResources (default-testResources) @ blueflood-rollupTools ---
[INFO] Not copying test resources
[INFO] 
[INFO] --- build-helper-maven-plugin:1.8:reserve-network-port (reserve-network-port) @ blueflood-rollupTools ---
[INFO] Reserved port 33161 for cassandra.rpcPort
[INFO] Reserved port 46029 for cassandra.jmxPort
[INFO] Reserved port 42559 for cassandra.storagePort
[INFO] Reserved port 39373 for cassandra.stopPort
[INFO] 
[INFO] --- maven-compiler-plugin:3.1:testCompile (default-testCompile) @ blueflood-rollupTools ---
[INFO] Not compiling test sources
[INFO] 
[INFO] --- maven-surefire-plugin:2.14.1:test (default-test) @ blueflood-rollupTools ---
[INFO] Tests are skipped.
[INFO] 
[INFO] --- maven-jar-plugin:2.2:jar (default-jar) @ blueflood-rollupTools ---
[INFO] 
[INFO] --- maven-source-plugin:2.2.1:jar-no-fork (attach-sources) @ blueflood-rollupTools ---
[INFO] 
[INFO] --- maven-javadoc-plugin:2.9.1:jar (attach-javadocs) @ blueflood-rollupTools ---
[INFO] Skipping javadoc generation
[INFO] 
[INFO] --- maven-jar-plugin:2.2:test-jar (default) @ blueflood-rollupTools ---
[INFO] Skipping packaging of the test-jar
[INFO] 
[INFO] --- jacoco-maven-plugin:0.7.2.201409121644:prepare-agent-integration (prepare-it-agent) @ blueflood-rollupTools ---
[INFO] jacoco.agent.it.argLine set to -javaagent:/home/travis/.m2/repository/org/jacoco/org.jacoco.agent/0.7.2.201409121644/org.jacoco.agent-0.7.2.201409121644-runtime.jar=destfile=/home/travis/build/failed/rackerlabs/blueflood/blueflood-rollupTools/target/jacoco-it.exec
[INFO] 
[INFO] --- cassandra-maven-plugin:2.0.0-1:delete (delete-cassandra) @ blueflood-rollupTools ---
[INFO] Skipping cassandra: cassandra.skip==true
[INFO] 
[INFO] --- cassandra-maven-plugin:2.0.0-1:start (default) @ blueflood-rollupTools ---
[INFO] Skipping cassandra: cassandra.skip==true
[INFO] 
[INFO] --- cassandra-maven-plugin:2.0.0-1:stop (default) @ blueflood-rollupTools ---
[INFO] Skipping cassandra: cassandra.skip==true
[INFO] 
[INFO] --- maven-install-plugin:2.4:install (default-install) @ blueflood-rollupTools ---
[INFO] Installing /home/travis/build/failed/rackerlabs/blueflood/blueflood-rollupTools/target/blueflood-rollupTools-2.0.0-SNAPSHOT.jar to /home/travis/.m2/repository/com/rackspacecloud/blueflood-rollupTools/2.0.0-SNAPSHOT/blueflood-rollupTools-2.0.0-SNAPSHOT.jar
[INFO] Installing /home/travis/build/failed/rackerlabs/blueflood/blueflood-rollupTools/pom.xml to /home/travis/.m2/repository/com/rackspacecloud/blueflood-rollupTools/2.0.0-SNAPSHOT/blueflood-rollupTools-2.0.0-SNAPSHOT.pom
[INFO] Installing /home/travis/build/failed/rackerlabs/blueflood/blueflood-rollupTools/target/blueflood-rollupTools-2.0.0-SNAPSHOT-sources.jar to /home/travis/.m2/repository/com/rackspacecloud/blueflood-rollupTools/2.0.0-SNAPSHOT/blueflood-rollupTools-2.0.0-SNAPSHOT-sources.jar
[INFO] 
[INFO] --- maven-dependency-plugin:2.8:resolve (default-cli) @ blueflood-rollupTools ---
[INFO] 
[INFO] The following files have been resolved:
[INFO]    org.clojure:clojure:jar:1.5.1:compile
[INFO]    org.mortbay.jetty:servlet-api:jar:2.5-20081211:compile
[INFO]    com.google.protobuf:protobuf-java:jar:2.5.0:compile
[INFO]    com.codahale.metrics:metrics-core:jar:3.0.1:compile
[INFO]    org.antlr:antlr-runtime:jar:3.2:compile
[INFO]    org.hamcrest:hamcrest-core:jar:1.1:compile
[INFO]    com.google.inject:guice:jar:3.0:compile
[INFO]    com.rackspacecloud:blueflood-core:jar:2.0.0-SNAPSHOT:compile
[INFO]    bigml:histogram:jar:3.2.1:compile
[INFO]    stax:stax-api:jar:1.0.1:compile
[INFO]    com.googlecode.json-simple:json-simple:jar:1.1:compile
[INFO]    com.yammer.metrics:metrics-core:jar:2.1.2:compile
[INFO]    commons-logging:commons-logging:jar:1.1.1:compile
[INFO]    com.codahale.metrics:metrics-log4j:jar:3.0.1:compile
[INFO]    com.netflix.astyanax:astyanax-core:jar:1.56.34:compile
[INFO]    org.apache.zookeeper:zookeeper:jar:3.4.5:compile
[INFO]    org.jclouds.api:cloudfiles:jar:1.6.0:compile
[INFO]    org.apache.servicemix.bundles:org.apache.servicemix.bundles.commons-csv:jar:1.0-r706900_3:compile
[INFO]    org.apache.cassandra:cassandra-all:jar:1.2.2:compile
[INFO]    org.apache.thrift:libthrift:jar:0.7.0:compile
[INFO]    org.mortbay.jetty:jetty-util:jar:6.1.22:compile
[INFO]    joda-time:joda-time:jar:1.6.2:compile
[INFO]    org.apache.cassandra:cassandra-thrift:jar:1.2.2:compile
[INFO]    junit:junit:jar:4.10:compile
[INFO]    org.codehaus.jettison:jettison:jar:1.2:compile
[INFO]    org.mindrot:jbcrypt:jar:0.3m:compile
[INFO]    org.tukaani:xz:jar:1.4:compile
[INFO]    org.apache.httpcomponents:httpclient:jar:4.0.1:compile
[INFO]    com.google.code.gson:gson:jar:2.2:compile
[INFO]    com.googlecode.concurrentlinkedhashmap:concurrentlinkedhashmap-lru:jar:1.3:compile
[INFO]    org.99soft.guice:rocoto:jar:6.2:compile
[INFO]    antlr:antlr:jar:2.7.7:compile
[INFO]    aopalliance:aopalliance:jar:1.0:compile
[INFO]    org.apache.curator:curator-client:jar:2.3.0:compile
[INFO]    javax.ws.rs:jsr311-api:jar:1.1.1:compile
[INFO]    org.codehaus.jackson:jackson-core-asl:jar:1.9.2:compile
[INFO]    commons-cli:commons-cli:jar:1.2:compile
[INFO]    org.apache.curator:curator-framework:jar:2.3.0:compile
[INFO]    com.codahale.metrics:metrics-jvm:jar:3.0.1:compile
[INFO]    com.google.guava:guava:jar:12.0.1:compile
[INFO]    org.codehaus.jackson:jackson-mapper-asl:jar:1.9.2:compile
[INFO]    org.jclouds.api:openstack-keystone:jar:1.6.0:compile
[INFO]    commons-codec:commons-codec:jar:1.5:compile
[INFO]    com.google.code.findbugs:jsr305:jar:1.3.9:compile
[INFO]    com.ning:compress-lzf:jar:0.8.4:compile
[INFO]    com.github.stephenc.high-scale-lib:high-scale-lib:jar:1.1.2:compile
[INFO]    log4j:log4j:jar:1.2.16:compile
[INFO]    javax.annotation:jsr250-api:jar:1.0:compile
[INFO]    org.apache.cassandra.deps:avro:jar:1.4.0-cassandra-1:compile
[INFO]    org.slf4j:slf4j-log4j12:jar:1.7.6:compile
[INFO]    com.netflix.astyanax:astyanax-recipes:jar:1.56.34:compile
[INFO]    org.jclouds.api:swift:jar:1.6.0:compile
[INFO]    org.slf4j:slf4j-api:jar:1.6.4:compile
[INFO]    org.antlr:antlr:jar:3.2:compile
[INFO]    commons-lang:commons-lang:jar:2.4:compile
[INFO]    org.jboss.netty:netty:jar:3.2.4.Final:compile
[INFO]    javax.servlet:servlet-api:jar:2.5:compile
[INFO]    org.apache.curator:curator-recipes:jar:2.3.0:compile
[INFO]    com.codahale.metrics:metrics-graphite:jar:3.0.1:compile
[INFO]    io.netty:netty:jar:3.6.1.Final:compile
[INFO]    org.jclouds.provider:cloudfiles-us:jar:1.6.0:compile
[INFO]    com.netflix.astyanax:astyanax-thrift:jar:1.56.34:compile
[INFO]    org.apache.httpcomponents:httpcore:jar:4.0.1:compile
[INFO]    jline:jline:jar:1.0:compile
[INFO]    org.antlr:stringtemplate:jar:3.2:compile
[INFO]    edu.stanford.ppl:snaptree:jar:0.1:compile
[INFO]    javax.inject:javax.inject:jar:1:compile
[INFO]    com.netflix.astyanax:astyanax-cassandra:jar:1.56.34:compile
[INFO]    net.jpountz.lz4:lz4:jar:1.1.0:compile
[INFO]    com.aphyr:riemann-java-client:jar:0.2.9:compile
[INFO]    org.jclouds.common:openstack-common:jar:1.6.0:compile
[INFO]    com.github.stephenc:jamm:jar:0.2.5:compile
[INFO]    org.mortbay.jetty:jetty:jar:6.1.22:compile
[INFO]    org.jclouds:jclouds-core:jar:1.6.0:compile
[INFO]    org.xerial.snappy:snappy-java:jar:1.0.4.1:compile
[INFO]    org.jclouds:jclouds-blobstore:jar:1.6.0:compile
[INFO]    org.mockito:mockito-all:jar:1.8.5:compile
[INFO]    org.apache.commons:commons-compress:jar:1.7:compile
[INFO]    com.google.inject.extensions:guice-assistedinject:jar:3.0:compile
[INFO]    org.yaml:snakeyaml:jar:1.6:compile
[INFO]    com.eaio.uuid:uuid:jar:3.2:compile
[INFO] 
[INFO] ------------------------------------------------------------------------
[INFO] Reactor Summary:
[INFO] 
[INFO] Blueflood .......................................... SUCCESS [  2.704 s]
[INFO] Blueflood Core Engine .............................. SUCCESS [  2.023 s]
[INFO] Blueflood UDP Ingestion ............................ SUCCESS [  0.403 s]
[INFO] Blueflood Elasticsearch Indexer and Discovery ...... SUCCESS [  0.534 s]
[INFO] Blueflood HTTP Ingestion and Querying .............. SUCCESS [  0.624 s]
[INFO] Blueflood Rollup Kafka Producer .................... SUCCESS [  0.222 s]
[INFO] Blueflood Rollup Cloudfiles Exporter ............... SUCCESS [  0.244 s]
[INFO] Blueflood IO Bindings for Datastax Java Driver ..... SUCCESS [  0.363 s]
[INFO] Blueflood Out-of-band Rollup Tools ................. SUCCESS [  0.934 s]
[INFO] ------------------------------------------------------------------------
[INFO] BUILD SUCCESS
[INFO] ------------------------------------------------------------------------
[INFO] Total time: 9.222 s
[INFO] Finished at: 2022-06-21T12:44:28+00:00
[INFO] Final Memory: 30M/491M
[INFO] ------------------------------------------------------------------------
travis_time:end:014855a0:start=1655815457313965121,finish=1655815468480776898,duration=11166811777,event=install[0Ktravis_fold:end:install[0Ktravis_time:start:0444d5c6[0K$ mvn verify -Dhttps.protocols=TLSv1.2 -Dhttps.protocols=TLSv1.2 -Dhttps.protocols=TLSv1.2 -Pcassandra-2.0 -Dmaven.javadoc.skip --quiet

-------------------------------------------------------
 T E S T S
-------------------------------------------------------
parallel='classes', perCoreThreadCount=true, threadCount=5, useUnlimitedThreads=false
Running com.rackspacecloud.blueflood.types.StatsTypeTest
Tests run: 4, Failures: 0, Errors: 0, Skipped: 0, Time elapsed: 0.287 sec
Running com.rackspacecloud.blueflood.service.ScheduleContextTest
Tests run: 6, Failures: 0, Errors: 0, Skipped: 0, Time elapsed: 8.712 sec
Running com.rackspacecloud.blueflood.io.serializers.SlotStateSerializerTest
Tests run: 5, Failures: 0, Errors: 0, Skipped: 0, Time elapsed: 0.797 sec
Running com.rackspacecloud.blueflood.inputs.processors.TypeAndUnitProcessorTest
Tests run: 1, Failures: 0, Errors: 0, Skipped: 0, Time elapsed: 2.719 sec
Running com.rackspacecloud.blueflood.types.BluefloodSetRollupTest
Tests run: 2, Failures: 0, Errors: 0, Skipped: 0, Time elapsed: 1.289 sec
Running com.rackspacecloud.blueflood.types.BluefloodCounterRollupTest
Tests run: 4, Failures: 0, Errors: 0, Skipped: 0, Time elapsed: 0.292 sec
Running com.rackspacecloud.blueflood.types.BluefloodTimerRollupTest
Tests run: 9, Failures: 0, Errors: 0, Skipped: 0, Time elapsed: 0.022 sec
Running com.rackspacecloud.blueflood.concurrent.ConcurrentStructuresTest
Tests run: 1, Failures: 0, Errors: 0, Skipped: 0, Time elapsed: 1.719 sec
Running com.rackspacecloud.blueflood.io.serializers.SerializationTest
Tests run: 14, Failures: 0, Errors: 0, Skipped: 0, Time elapsed: 6.847 sec
Running com.rackspacecloud.blueflood.types.SimpleNumberTest
Tests run: 1, Failures: 0, Errors: 0, Skipped: 0, Time elapsed: 0.011 sec
Running com.rackspacecloud.blueflood.types.MetricTest
Tests run: 4, Failures: 0, Errors: 0, Skipped: 0, Time elapsed: 1.698 sec
Running com.rackspacecloud.blueflood.inputs.processors.DiscoveryWriterTest
Tests run: 1, Failures: 0, Errors: 0, Skipped: 0, Time elapsed: 3.186 sec
Running com.rackspacecloud.blueflood.types.EventTest
Tests run: 3, Failures: 0, Errors: 0, Skipped: 0, Time elapsed: 0.034 sec
Running com.rackspacecloud.blueflood.service.SlotStateTest
Tests run: 3, Failures: 0, Errors: 0, Skipped: 0, Time elapsed: 0.687 sec
Running com.rackspacecloud.blueflood.io.serializers.CassandraModelTest
Tests run: 4, Failures: 0, Errors: 0, Skipped: 0, Time elapsed: 1.706 sec
Running com.rackspacecloud.blueflood.io.serializers.HistogramSerializationTest
Tests run: 2, Failures: 0, Errors: 0, Skipped: 0, Time elapsed: 1.021 sec
Running com.rackspacecloud.blueflood.service.ConfigurationTest
Tests run: 4, Failures: 0, Errors: 0, Skipped: 0, Time elapsed: 0.516 sec
Running com.rackspacecloud.blueflood.types.HistogramRollupTest
Tests run: 2, Failures: 0, Errors: 0, Skipped: 0, Time elapsed: 0.016 sec
Running com.rackspacecloud.blueflood.types.BluefloodGaugeRollupTest
Tests run: 1, Failures: 0, Errors: 0, Skipped: 0, Time elapsed: 1.285 sec
Running com.rackspacecloud.blueflood.io.serializers.TimerSerializationTest
Tests run: 2, Failures: 0, Errors: 0, Skipped: 0, Time elapsed: 1.437 sec
Running com.rackspacecloud.blueflood.concurrent.ThreadPoolBuilderTest
Tests run: 3, Failures: 0, Errors: 0, Skipped: 0, Time elapsed: 1.43 sec
Running com.rackspacecloud.blueflood.inputs.processors.IncomingMetricMetadataAnalyzerTest
Tests run: 5, Failures: 0, Errors: 0, Skipped: 0, Time elapsed: 0.568 sec
Running com.rackspacecloud.blueflood.types.VarianceTest
Tests run: 5, Failures: 0, Errors: 0, Skipped: 0, Time elapsed: 0.237 sec
Running com.rackspacecloud.blueflood.io.serializers.CounterRollupSerializationTest
Tests run: 1, Failures: 0, Errors: 0, Skipped: 0, Time elapsed: 1.291 sec
Running com.rackspacecloud.blueflood.outputs.serializers.RollupEventSerializerTest
Tests run: 7, Failures: 0, Errors: 0, Skipped: 0, Time elapsed: 1.235 sec
Running com.rackspacecloud.blueflood.rollup.UtilTest
Tests run: 4, Failures: 0, Errors: 0, Skipped: 0, Time elapsed: 0.647 sec
Running com.rackspacecloud.blueflood.service.ShardStateWorkerTest
Tests run: 1, Failures: 0, Errors: 0, Skipped: 0, Time elapsed: 7.29 sec
Running com.rackspacecloud.blueflood.types.AverageTest
Tests run: 8, Failures: 0, Errors: 0, Skipped: 0, Time elapsed: 0.088 sec
Running com.rackspacecloud.blueflood.eventemitter.RollupEventEmitterTest
Tests run: 2, Failures: 0, Errors: 0, Skipped: 0, Time elapsed: 2.851 sec
Running com.rackspacecloud.blueflood.cache.ConfigTtlProviderTest
log4j:WARN No appenders could be found for logger (com.rackspacecloud.blueflood.cache.ConfigTtlProvider).
log4j:WARN Please initialize the log4j system properly.
log4j:WARN See http://logging.apache.org/log4j/1.2/faq.html#noconfig for more info.
Tests run: 2, Failures: 0, Errors: 0, Skipped: 0, Time elapsed: 0.541 sec
Running com.rackspacecloud.blueflood.io.serializers.IMetricSerializerTest
Tests run: 6, Failures: 0, Errors: 0, Skipped: 0, Time elapsed: 1.821 sec
Running com.rackspacecloud.blueflood.service.AtomicCountingSetTest
Tests run: 4, Failures: 0, Errors: 0, Skipped: 0, Time elapsed: 2.385 sec
Running com.rackspacecloud.blueflood.types.MaxValueTest
Tests run: 4, Failures: 0, Errors: 0, Skipped: 0, Time elapsed: 0.005 sec
Running com.rackspacecloud.blueflood.io.serializers.StringMetadataSerializerTest
Tests run: 1, Failures: 0, Errors: 0, Skipped: 0, Time elapsed: 0.753 sec
Running com.rackspacecloud.blueflood.inputs.processors.BatchWriterTest
Tests run: 1, Failures: 0, Errors: 0, Skipped: 0, Time elapsed: 2.788 sec
Running com.rackspacecloud.blueflood.service.RollupExecutionContextTest
Tests run: 1, Failures: 0, Errors: 0, Skipped: 0, Time elapsed: 0.108 sec
Running com.rackspacecloud.blueflood.rollup.GranularityTest
Tests run: 14, Failures: 0, Errors: 0, Skipped: 0, Time elapsed: 1.112 sec
Running com.rackspacecloud.blueflood.inputs.processors.RollupTypeCacherTest
Tests run: 2, Failures: 0, Errors: 0, Skipped: 0, Time elapsed: 2.94 sec
Running com.rackspacecloud.blueflood.types.MinValueTest
Tests run: 4, Failures: 0, Errors: 0, Skipped: 0, Time elapsed: 0.016 sec
Running com.rackspacecloud.blueflood.rollup.SlotTest
Tests run: 12, Failures: 0, Errors: 0, Skipped: 0, Time elapsed: 0.438 sec
Running com.rackspacecloud.blueflood.rollup.RangeTest
Tests run: 5, Failures: 0, Errors: 0, Skipped: 0, Time elapsed: 0.361 sec
Running com.rackspacecloud.blueflood.rollup.SlotKeyTest
Tests run: 2, Failures: 0, Errors: 0, Skipped: 0, Time elapsed: 0.53 sec

Results :

Tests run: 167, Failures: 0, Errors: 0, Skipped: 0


-------------------------------------------------------
 T E S T S
-------------------------------------------------------
Running com.rackspacecloud.blueflood.cache.MetadataCacheBatchedModeIntegrationTest
Tests run: 2, Failures: 0, Errors: 0, Skipped: 0, Time elapsed: 8.316 sec - in com.rackspacecloud.blueflood.cache.MetadataCacheBatchedModeIntegrationTest
Running com.rackspacecloud.blueflood.cache.MetadataCacheIntegrationTest
Clearing interrupted thread: AstyanaxAllRowsReader-148
Tests run: 18, Failures: 0, Errors: 0, Skipped: 0, Time elapsed: 22.595 sec - in com.rackspacecloud.blueflood.cache.MetadataCacheIntegrationTest
Running com.rackspacecloud.blueflood.io.AstyanaxMetadataIOIntegrationTest
Tests run: 1, Failures: 0, Errors: 0, Skipped: 0, Time elapsed: 2.568 sec - in com.rackspacecloud.blueflood.io.AstyanaxMetadataIOIntegrationTest
Running com.rackspacecloud.blueflood.io.AstyanaxReaderIntegrationTest
Tests run: 8, Failures: 0, Errors: 0, Skipped: 0, Time elapsed: 4.961 sec - in com.rackspacecloud.blueflood.io.AstyanaxReaderIntegrationTest
Running com.rackspacecloud.blueflood.io.AstyanaxWriterIntegrationTest
Clearing interrupted thread: AstyanaxAllRowsReader-100
Clearing interrupted thread: AstyanaxAllRowsReader-33
Tests run: 3, Failures: 0, Errors: 0, Skipped: 0, Time elapsed: 3.346 sec - in com.rackspacecloud.blueflood.io.AstyanaxWriterIntegrationTest
Running com.rackspacecloud.blueflood.outputs.RollupHandlerIntegrationTest
Tests run: 3, Failures: 0, Errors: 0, Skipped: 0, Time elapsed: 9.293 sec - in com.rackspacecloud.blueflood.outputs.RollupHandlerIntegrationTest
Running com.rackspacecloud.blueflood.service.MetricsIntegrationTest
Tests run: 14, Failures: 0, Errors: 0, Skipped: 0, Time elapsed: 14.772 sec - in com.rackspacecloud.blueflood.service.MetricsIntegrationTest
Running com.rackspacecloud.blueflood.service.PreaggregatedMetricsIntegrationTest
Tests run: 3, Failures: 0, Errors: 0, Skipped: 0, Time elapsed: 3.7 sec - in com.rackspacecloud.blueflood.service.PreaggregatedMetricsIntegrationTest
Running com.rackspacecloud.blueflood.service.RollupRunnableIntegrationTest
Tests run: 5, Failures: 0, Errors: 0, Skipped: 0, Time elapsed: 2.897 sec - in com.rackspacecloud.blueflood.service.RollupRunnableIntegrationTest
Running com.rackspacecloud.blueflood.service.RollupThreadpoolIntegrationTest
Tests run: 1, Failures: 0, Errors: 0, Skipped: 0, Time elapsed: 2.255 sec - in com.rackspacecloud.blueflood.service.RollupThreadpoolIntegrationTest
Running com.rackspacecloud.blueflood.service.ShardStateIntegrationTest
Tests run: 1, Failures: 0, Errors: 0, Skipped: 1, Time elapsed: 0 sec - in com.rackspacecloud.blueflood.service.ShardStateIntegrationTest
Running com.rackspacecloud.blueflood.tools.RollupToolIntegrationTest
Calculating rollups for metrics_5m. Reading from: metrics_full. Writing to: metrics_5m
Rolled up 289 ranges of metrics_5m

Calculating rollups for metrics_20m. Reading from: metrics_5m. Writing to: metrics_20m
Rolled up 73 ranges of metrics_20m

Calculating rollups for metrics_60m. Reading from: metrics_20m. Writing to: metrics_60m
Rolled up 25 ranges of metrics_60m

Calculating rollups for metrics_240m. Reading from: metrics_60m. Writing to: metrics_240m
Rolled up 7 ranges of metrics_240m

Calculating rollups for metrics_1440m. Reading from: metrics_240m. Writing to: metrics_1440m
Rolled up 2 ranges of metrics_1440m

Tests run: 1, Failures: 0, Errors: 0, Skipped: 0, Time elapsed: 0.847 sec - in com.rackspacecloud.blueflood.tools.RollupToolIntegrationTest

Results :

Tests run: 60, Failures: 0, Errors: 0, Skipped: 1


-------------------------------------------------------
 T E S T S
-------------------------------------------------------
Running com.rackspacecloud.blueflood.io.EventElasticSearchIOTest
log4j:WARN No appenders could be found for logger (org.elasticsearch.node).
log4j:WARN Please initialize the log4j system properly.
log4j:WARN See http://logging.apache.org/log4j/1.2/faq.html#noconfig for more info.
Tests run: 5, Failures: 0, Errors: 0, Skipped: 0, Time elapsed: 9.432 sec
Running com.rackspacecloud.blueflood.service.ElasticIOTest
Tests run: 10, Failures: 0, Errors: 0, Skipped: 0, Time elapsed: 9.264 sec

Results :

Tests run: 15, Failures: 0, Errors: 0, Skipped: 0


-------------------------------------------------------
 T E S T S
-------------------------------------------------------
parallel='classes', perCoreThreadCount=true, threadCount=5, useUnlimitedThreads=false
Running com.rackspacecloud.blueflood.outputs.serializers.BatchedMetricsJSONOutputSerializerTest
Tests run: 1, Failures: 0, Errors: 0, Skipped: 0, Time elapsed: 0.068 sec
Running com.rackspacecloud.blueflood.outputs.handlers.HttpEventsQueryHandlerTest
Tests run: 3, Failures: 0, Errors: 0, Skipped: 0, Time elapsed: 0.087 sec
Running com.rackspacecloud.blueflood.inputs.handlers.TestIndexHandler
Tests run: 2, Failures: 0, Errors: 0, Skipped: 0, Time elapsed: 0.334 sec
Running com.rackspacecloud.blueflood.outputs.serializers.JSONBasicRollupOutputSerializerTest
Tests run: 7, Failures: 0, Errors: 0, Skipped: 0, Time elapsed: 0.212 sec
Running com.rackspacecloud.blueflood.utils.PlotRequestParserTest
Tests run: 2, Failures: 0, Errors: 0, Skipped: 0, Time elapsed: 0.214 sec
Running com.rackspacecloud.blueflood.outputs.serializers.JSONHistogramOutputSerializerTest
Tests run: 1, Failures: 0, Errors: 0, Skipped: 0, Time elapsed: 0.178 sec
Running com.rackspacecloud.blueflood.inputs.handlers.HttpAnnotationsEndToEndTest
Tests run: 2, Failures: 0, Errors: 2, Skipped: 0, Time elapsed: 0 sec <<< FAILURE!
com.rackspacecloud.blueflood.inputs.handlers.HttpAnnotationsEndToEndTest  Time elapsed: 0 sec  <<< ERROR!
com.github.tlrx.elasticsearch.test.EsSetupRuntimeException: Exception when executing request create index [index='events']
	at org.elasticsearch.index.mapper.DocumentMapperParser.parse(DocumentMapperParser.java:278)
	at org.elasticsearch.index.mapper.DocumentMapperParser.parseCompressed(DocumentMapperParser.java:192)
	at org.elasticsearch.index.mapper.MapperService.parse(MapperService.java:449)
	at org.elasticsearch.index.mapper.MapperService.merge(MapperService.java:307)
	at org.elasticsearch.cluster.metadata.MetaDataCreateIndexService$2.execute(MetaDataCreateIndexService.java:391)
	at org.elasticsearch.cluster.service.InternalClusterService$UpdateTask.run(InternalClusterService.java:374)
	at org.elasticsearch.common.util.concurrent.PrioritizedEsThreadPoolExecutor$TieBreakingPrioritizedRunnable.runAndClean(PrioritizedEsThreadPoolExecutor.java:196)
	at org.elasticsearch.common.util.concurrent.PrioritizedEsThreadPoolExecutor$TieBreakingPrioritizedRunnable.run(PrioritizedEsThreadPoolExecutor.java:162)
	at java.util.concurrent.ThreadPoolExecutor.runWorker(ThreadPoolExecutor.java:1145)
	at java.util.concurrent.ThreadPoolExecutor$Worker.run(ThreadPoolExecutor.java:615)
	at java.lang.Thread.run(Thread.java:745)

com.rackspacecloud.blueflood.inputs.handlers.HttpAnnotationsEndToEndTest  Time elapsed: 0 sec  <<< ERROR!
java.lang.NullPointerException: null
	at com.rackspacecloud.blueflood.inputs.handlers.HttpAnnotationsEndToEndTest.tearDownClass(HttpAnnotationsEndToEndTest.java:157)

Running com.rackspacecloud.blueflood.inputs.formats.JSONMetricsContainerTest
Tests run: 2, Failures: 0, Errors: 0, Skipped: 0, Time elapsed: 0.257 sec
Running com.rackspacecloud.blueflood.http.RouteMatcherTest
Tests run: 4, Failures: 0, Errors: 0, Skipped: 0, Time elapsed: 0.344 sec
Running com.rackspacecloud.blueflood.tracker.TrackerTest
SLF4J: The following set of substitute loggers may have been accessed
SLF4J: during the initialization phase. Logging calls during this
SLF4J: phase were not honored. However, subsequent logging calls to these
SLF4J: loggers will work as normally expected.
SLF4J: See also http://www.slf4j.org/codes.html#substituteLogger
SLF4J: com.rackspacecloud.blueflood.service.ScheduleContext
SLF4J: com.rackspacecloud.blueflood.utils.ModuleLoader
SLF4J: com.rackspacecloud.blueflood.http.RouteMatcher
SLF4J: com.rackspacecloud.blueflood.types.Locator
log4j:WARN No appenders could be found for logger (com.rackspacecloud.blueflood.tracker.Tracker).
log4j:WARN Please initialize the log4j system properly.
log4j:WARN See http://logging.apache.org/log4j/1.2/faq.html#noconfig for more info.
Tests run: 4, Failures: 0, Errors: 0, Skipped: 0, Time elapsed: 0.128 sec
Running com.rackspacecloud.blueflood.utils.ModuleLoaderTest
Tests run: 1, Failures: 0, Errors: 0, Skipped: 0, Time elapsed: 2.293 sec
Running com.rackspacecloud.blueflood.inputs.handlers.wrappers.TestGsonParsing
Tests run: 5, Failures: 0, Errors: 0, Skipped: 0, Time elapsed: 0.558 sec
Running com.rackspacecloud.blueflood.utils.DateTimeParserTest
Tests run: 12, Failures: 0, Errors: 0, Skipped: 0, Time elapsed: 0.441 sec
Running com.rackspacecloud.blueflood.http.HttpRequestWithDecodedQueryParamsTest
Tests run: 1, Failures: 0, Errors: 0, Skipped: 0, Time elapsed: 0.244 sec
Running com.rackspacecloud.blueflood.inputs.handlers.HttpEventsIngestionHandlerTest
Tests run: 4, Failures: 0, Errors: 0, Skipped: 0, Time elapsed: 0.091 sec

Results :

Tests in error: 
  HttpAnnotationsEndToEndTest.setUp:74 » EsSetupRuntime Exception when executing...
  HttpAnnotationsEndToEndTest.tearDownClass:157 NullPointer

Tests run: 51, Failures: 0, Errors: 2, Skipped: 0

[ERROR] Failed to execute goal org.apache.maven.plugins:maven-surefire-plugin:2.14.1:test (default-test) on project blueflood-http: There are test failures.
[ERROR] 
[ERROR] Please refer to /home/travis/build/failed/rackerlabs/blueflood/blueflood-http/target/surefire-reports for the individual test results.
[ERROR] -> [Help 1]
[ERROR] 
[ERROR] To see the full stack trace of the errors, re-run Maven with the -e switch.
[ERROR] Re-run Maven using the -X switch to enable full debug logging.
[ERROR] 
[ERROR] For more information about the errors and possible solutions, please read the following articles:
[ERROR] [Help 1] http://cwiki.apache.org/confluence/display/MAVEN/MojoFailureException
[ERROR] 
[ERROR] After correcting the problems, you can resume the build with the command
[ERROR]   mvn <goals> -rf :blueflood-http
travis_time:end:0444d5c6:start=1655815468488631895,finish=1655815609831596646,duration=141342964751,event=script[0K[31;1mThe command "mvn verify -Dhttps.protocols=TLSv1.2 -Dhttps.protocols=TLSv1.2 -Dhttps.protocols=TLSv1.2 -Pcassandra-2.0 -Dmaven.javadoc.skip --quiet" exited with 1.[0m
travis_fold:start:cache.2[0Kstore build cache
travis_time:start:05a357ef[0Ktravis_time:end:05a357ef:start=1655815609837478443,finish=1655815609841760166,duration=4281723,event=cache[0Ktravis_time:start:06ba8b2c[0KYAML safe loading is not available. Please upgrade psych to a version that supports safe loading (>= 2.0).
[32;1mchanges detected, packing new archive[0m
[32;1muploading /[0m
[31;1mfailed to upload cache[0m
travis_time:end:06ba8b2c:start=1655815609847224342,finish=1655815617552093358,duration=7704869016,event=cache[0Ktravis_fold:end:cache.2[0K

Done. Your build exited with 1.
