travis_time:start:056b1712[0Ktravis_time:end:056b1712:start=1650795865888593586,finish=1650795866250102891,duration=361509305,event=no_world_writable_dirs[0Ktravis_time:start:0b3e1ce2[0Ktravis_time:end:0b3e1ce2:start=1650795866257612855,finish=1650795866263124024,duration=5511169,event=check_unsupported[0Ktravis_time:start:03547790[0Ktravis_fold:start:system_info[0K[33;1mBuild system information[0m
Build language: java
Build dist: trusty
Build id: ''
Job id: ''
Runtime kernel version: 4.15.0-109-generic
[34m[1mBuild image provisioning date and time[0m
Tue Dec  5 20:11:19 UTC 2017
[34m[1mOperating System Details[0m
Distributor ID:	Ubuntu
Description:	Ubuntu 14.04.5 LTS
Release:	14.04
Codename:	trusty
[34m[1mCookbooks Version[0m
7c2c6a6 https://github.com/travis-ci/travis-cookbooks/tree/7c2c6a6
[34m[1mgit version[0m
git version 2.15.1
[34m[1mbash version[0m
GNU bash, version 4.3.11(1)-release (x86_64-pc-linux-gnu)
[34m[1mgcc version[0m
gcc (Ubuntu 4.8.4-2ubuntu1~14.04.3) 4.8.4
Copyright (C) 2013 Free Software Foundation, Inc.
This is free software; see the source for copying conditions.  There is NO
warranty; not even for MERCHANTABILITY or FITNESS FOR A PARTICULAR PURPOSE.

[34m[1mdocker version[0m
Client:
 Version:      17.09.0-ce
 API version:  1.32
 Go version:   go1.8.3
 Git commit:   afdb6d4
 Built:        Tue Sep 26 22:39:28 2017
 OS/Arch:      linux/amd64
[34m[1mclang version[0m
clang version 5.0.0 (tags/RELEASE_500/final)
Target: x86_64-unknown-linux-gnu
Thread model: posix
InstalledDir: /usr/local/clang-5.0.0/bin
[34m[1mjq version[0m
jq-1.5
[34m[1mbats version[0m
Bats 0.4.0
[34m[1mshellcheck version[0m
0.4.6
[34m[1mshfmt version[0m
v2.0.0
[34m[1mccache version[0m
ccache version 3.1.9

Copyright (C) 2002-2007 Andrew Tridgell
Copyright (C) 2009-2011 Joel Rosdahl

This program is free software; you can redistribute it and/or modify it under
the terms of the GNU General Public License as published by the Free Software
Foundation; either version 3 of the License, or (at your option) any later
version.
[34m[1mcmake version[0m
cmake version 3.9.2

CMake suite maintained and supported by Kitware (kitware.com/cmake).
[34m[1mheroku version[0m
heroku-cli/6.14.39-addc925 (linux-x64) node-v9.2.0
[34m[1mimagemagick version[0m
Version: ImageMagick 6.7.7-10 2017-07-31 Q16 http://www.imagemagick.org
[34m[1mmd5deep version[0m
4.2
[34m[1mmercurial version[0m
Mercurial Distributed SCM (version 4.2.2)
(see https://mercurial-scm.org for more information)

Copyright (C) 2005-2017 Matt Mackall and others
This is free software; see the source for copying conditions. There is NO
warranty; not even for MERCHANTABILITY or FITNESS FOR A PARTICULAR PURPOSE.
[34m[1mmysql version[0m
mysql  Ver 14.14 Distrib 5.6.33, for debian-linux-gnu (x86_64) using  EditLine wrapper
[34m[1mopenssl version[0m
OpenSSL 1.0.1f 6 Jan 2014
[34m[1mpacker version[0m
Packer v1.0.2

Your version of Packer is out of date! The latest version
is 1.1.2. You can update by downloading from www.packer.io
[34m[1mpostgresql client version[0m
psql (PostgreSQL) 9.6.6
[34m[1mragel version[0m
Ragel State Machine Compiler version 6.8 Feb 2013
Copyright (c) 2001-2009 by Adrian Thurston
[34m[1msubversion version[0m
svn, version 1.8.8 (r1568071)
   compiled Aug 10 2017, 17:20:39 on x86_64-pc-linux-gnu

Copyright (C) 2013 The Apache Software Foundation.
This software consists of contributions made by many people;
see the NOTICE file for more information.
Subversion is open source software, see http://subversion.apache.org/

The following repository access (RA) modules are available:

* ra_svn : Module for accessing a repository using the svn network protocol.
  - with Cyrus SASL authentication
  - handles 'svn' scheme
* ra_local : Module for accessing a repository on local disk.
  - handles 'file' scheme
* ra_serf : Module for accessing a repository via WebDAV protocol using serf.
  - using serf 1.3.3
  - handles 'http' scheme
  - handles 'https' scheme

[34m[1msudo version[0m
Sudo version 1.8.9p5
Configure options: --prefix=/usr -v --with-all-insults --with-pam --with-fqdn --with-logging=syslog --with-logfac=authpriv --with-env-editor --with-editor=/usr/bin/editor --with-timeout=15 --with-password-timeout=0 --with-passprompt=[sudo] password for %p:  --without-lecture --with-tty-tickets --disable-root-mailer --enable-admin-flag --with-sendmail=/usr/sbin/sendmail --with-timedir=/var/lib/sudo --mandir=/usr/share/man --libexecdir=/usr/lib/sudo --with-sssd --with-sssd-lib=/usr/lib/x86_64-linux-gnu --with-selinux
Sudoers policy plugin version 1.8.9p5
Sudoers file grammar version 43

Sudoers path: /etc/sudoers
Authentication methods: 'pam'
Syslog facility if syslog is being used for logging: authpriv
Syslog priority to use when user authenticates successfully: notice
Syslog priority to use when user authenticates unsuccessfully: alert
Send mail if the user is not in sudoers
Use a separate timestamp for each user/tty combo
Lecture user the first time they run sudo
Root may run sudo
Allow some information gathering to give useful error messages
Require fully-qualified hostnames in the sudoers file
Visudo will honor the EDITOR environment variable
Set the LOGNAME and USER environment variables
Length at which to wrap log file lines (0 for no wrap): 80
Authentication timestamp timeout: 15.0 minutes
Password prompt timeout: 0.0 minutes
Number of tries to enter a password: 3
Umask to use or 0777 to use user's: 022
Path to mail program: /usr/sbin/sendmail
Flags for mail program: -t
Address to send mail to: root
Subject line for mail messages: *** SECURITY information for %h ***
Incorrect password message: Sorry, try again.
Path to authentication timestamp dir: /var/lib/sudo
Default password prompt: [sudo] password for %p: 
Default user to run commands as: root
Value to override user's $PATH with: /usr/local/sbin:/usr/local/bin:/usr/sbin:/usr/bin:/sbin:/bin:/snap/bin
Path to the editor for use by visudo: /usr/bin/editor
When to require a password for 'list' pseudocommand: any
When to require a password for 'verify' pseudocommand: all
File descriptors >= 3 will be closed before executing a command
Environment variables to check for sanity:
	TZ
	TERM
	LINGUAS
	LC_*
	LANGUAGE
	LANG
	COLORTERM
Environment variables to remove:
	RUBYOPT
	RUBYLIB
	PYTHONUSERBASE
	PYTHONINSPECT
	PYTHONPATH
	PYTHONHOME
	TMPPREFIX
	ZDOTDIR
	READNULLCMD
	NULLCMD
	FPATH
	PERL5DB
	PERL5OPT
	PERL5LIB
	PERLLIB
	PERLIO_DEBUG 
	JAVA_TOOL_OPTIONS
	SHELLOPTS
	GLOBIGNORE
	PS4
	BASH_ENV
	ENV
	TERMCAP
	TERMPATH
	TERMINFO_DIRS
	TERMINFO
	_RLD*
	LD_*
	PATH_LOCALE
	NLSPATH
	HOSTALIASES
	RES_OPTIONS
	LOCALDOMAIN
	CDPATH
	IFS
Environment variables to preserve:
	JAVA_HOME
	TRAVIS
	CI
	DEBIAN_FRONTEND
	XAUTHORIZATION
	XAUTHORITY
	PS2
	PS1
	PATH
	LS_COLORS
	KRB5CCNAME
	HOSTNAME
	HOME
	DISPLAY
	COLORS
Locale to use while parsing sudoers: C
Directory in which to store input/output logs: /var/log/sudo-io
File in which to store the input/output log: %{seq}
Add an entry to the utmp/utmpx file when allocating a pty
PAM service name to use
PAM service name to use for login shells
Create a new PAM session for the command to run in
Maximum I/O log sequence number: 0

Local IP address and netmask pairs:
	172.17.0.2/255.255.0.0

Sudoers I/O plugin version 1.8.9p5
[34m[1mgzip version[0m
gzip 1.6
Copyright (C) 2007, 2010, 2011 Free Software Foundation, Inc.
Copyright (C) 1993 Jean-loup Gailly.
This is free software.  You may redistribute copies of it under the terms of
the GNU General Public License <http://www.gnu.org/licenses/gpl.html>.
There is NO WARRANTY, to the extent permitted by law.

Written by Jean-loup Gailly.
[34m[1mzip version[0m
Copyright (c) 1990-2008 Info-ZIP - Type 'zip "-L"' for software license.
This is Zip 3.0 (July 5th 2008), by Info-ZIP.
Currently maintained by E. Gordon.  Please send bug reports to
the authors using the web page at www.info-zip.org; see README for details.

Latest sources and executables are at ftp://ftp.info-zip.org/pub/infozip,
as of above date; see http://www.info-zip.org/ for other sites.

Compiled with gcc 4.8.2 for Unix (Linux ELF) on Oct 21 2013.

Zip special compilation options:
	USE_EF_UT_TIME       (store Universal Time)
	BZIP2_SUPPORT        (bzip2 library version 1.0.6, 6-Sept-2010)
	    bzip2 code and library copyright (c) Julian R Seward
	    (See the bzip2 license for terms of use)
	SYMLINK_SUPPORT      (symbolic links supported)
	LARGE_FILE_SUPPORT   (can read and write large files on file system)
	ZIP64_SUPPORT        (use Zip64 to store large files in archives)
	UNICODE_SUPPORT      (store and read UTF-8 Unicode paths)
	STORE_UNIX_UIDs_GIDs (store UID/GID sizes/values using new extra field)
	UIDGID_NOT_16BIT     (old Unix 16-bit UID/GID extra field not used)
	[encryption, version 2.91 of 05 Jan 2007] (modified for Zip 3)

Encryption notice:
	The encryption code of this program is not copyrighted and is
	put in the public domain.  It was originally written in Europe
	and, to the best of our knowledge, can be freely distributed
	in both source and object forms from any country, including
	the USA under License Exception TSU of the U.S. Export
	Administration Regulations (section 740.13(e)) of 6 June 2002.

Zip environment options:
             ZIP:  [none]
          ZIPOPT:  [none]
[34m[1mvim version[0m
VIM - Vi IMproved 7.4 (2013 Aug 10, compiled Nov 24 2016 16:43:18)
Included patches: 1-52
Extra patches: 8.0.0056
Modified by pkg-vim-maintainers@lists.alioth.debian.org
Compiled by buildd@
Huge version without GUI.  Features included (+) or not (-):
+acl             +farsi           +mouse_netterm   +syntax
+arabic          +file_in_path    +mouse_sgr       +tag_binary
+autocmd         +find_in_path    -mouse_sysmouse  +tag_old_static
-balloon_eval    +float           +mouse_urxvt     -tag_any_white
-browse          +folding         +mouse_xterm     -tcl
++builtin_terms  -footer          +multi_byte      +terminfo
+byte_offset     +fork()          +multi_lang      +termresponse
+cindent         +gettext         -mzscheme        +textobjects
-clientserver    -hangul_input    +netbeans_intg   +title
-clipboard       +iconv           +path_extra      -toolbar
+cmdline_compl   +insert_expand   -perl            +user_commands
+cmdline_hist    +jumplist        +persistent_undo +vertsplit
+cmdline_info    +keymap          +postscript      +virtualedit
+comments        +langmap         +printer         +visual
+conceal         +libcall         +profile         +visualextra
+cryptv          +linebreak       +python          +viminfo
+cscope          +lispindent      -python3         +vreplace
+cursorbind      +listcmds        +quickfix        +wildignore
+cursorshape     +localmap        +reltime         +wildmenu
+dialog_con      -lua             +rightleft       +windows
+diff            +menu            -ruby            +writebackup
+digraphs        +mksession       +scrollbind      -X11
-dnd             +modify_fname    +signs           -xfontset
-ebcdic          +mouse           +smartindent     -xim
+emacs_tags      -mouseshape      -sniff           -xsmp
+eval            +mouse_dec       +startuptime     -xterm_clipboard
+ex_extra        +mouse_gpm       +statusline      -xterm_save
+extra_search    -mouse_jsbterm   -sun_workshop    -xpm
   system vimrc file: "$VIM/vimrc"
     user vimrc file: "$HOME/.vimrc"
 2nd user vimrc file: "~/.vim/vimrc"
      user exrc file: "$HOME/.exrc"
  fall-back for $VIM: "/usr/share/vim"
Compilation: gcc -c -I. -Iproto -DHAVE_CONFIG_H     -g -O2 -fstack-protector --param=ssp-buffer-size=4 -Wformat -Werror=format-security -U_FORTIFY_SOURCE -D_FORTIFY_SOURCE=1      
Linking: gcc   -Wl,-Bsymbolic-functions -Wl,-z,relro -Wl,--as-needed -o vim        -lm -ltinfo -lnsl  -lselinux  -lacl -lattr -lgpm -ldl    -L/usr/lib/python2.7/config-x86_64-linux-gnu -lpython2.7 -lpthread -ldl -lutil -lm -Xlinker -export-dynamic -Wl,-O1 -Wl,-Bsymbolic-functions      
[34m[1miptables version[0m
iptables v1.4.21
[34m[1mcurl version[0m
curl 7.35.0 (x86_64-pc-linux-gnu) libcurl/7.35.0 OpenSSL/1.0.1f zlib/1.2.8 libidn/1.28 librtmp/2.3
[34m[1mwget version[0m
GNU Wget 1.15 built on linux-gnu.
[34m[1mrsync version[0m
rsync  version 3.1.0  protocol version 31
[34m[1mgimme version[0m
v1.2.0
[34m[1mnvm version[0m
0.33.6
[34m[1mperlbrew version[0m
/home/travis/perl5/perlbrew/bin/perlbrew  - App::perlbrew/0.80
[34m[1mphpenv version[0m
rbenv 1.1.1-25-g6aa70b6
[34m[1mrvm version[0m
rvm 1.29.3 (latest) by Michal Papis, Piotr Kuczynski, Wayne E. Seguin [https://rvm.io]
[34m[1mdefault ruby version[0m
ruby 2.4.1p111 (2017-03-22 revision 58053) [x86_64-linux]
[34m[1mCouchDB version[0m
couchdb 1.6.1
[34m[1mElasticSearch version[0m
5.5.0
[34m[1mInstalled Firefox version[0m
firefox 56.0.2
[34m[1mMongoDB version[0m
MongoDB 3.4.10
[34m[1mPhantomJS version[0m
2.1.1
[34m[1mPre-installed PostgreSQL versions[0m
9.2.24
9.3.20
9.4.15
9.5.10
9.6.6
[34m[1mRabbitMQ Version[0m
3.6.14
[34m[1mRedis version[0m
redis-server 4.0.6
[34m[1mriak version[0m
2.2.3
[34m[1mPre-installed Go versions[0m
1.7.4
[34m[1mant version[0m
Apache Ant(TM) version 1.9.3 compiled on April 8 2014
[34m[1mmvn version[0m
Apache Maven 3.5.2 (138edd61fd100ec658bfa2d307c43b76940a5d7d; 2017-10-18T07:58:13Z)
Maven home: /usr/local/maven-3.5.2
Java version: 1.8.0_151, vendor: Oracle Corporation
Java home: /usr/lib/jvm/java-8-oracle/jre
Default locale: en_US, platform encoding: UTF-8
OS name: "linux", version: "4.4.0-101-generic", arch: "amd64", family: "unix"
[34m[1mgradle version[0m

------------------------------------------------------------
Gradle 4.0.1
------------------------------------------------------------

Build time:   2017-07-07 14:02:41 UTC
Revision:     38e5dc0f772daecca1d2681885d3d85414eb6826

Groovy:       2.4.11
Ant:          Apache Ant(TM) version 1.9.6 compiled on June 29 2015
JVM:          1.8.0_151 (Oracle Corporation 25.151-b12)
OS:           Linux 4.4.0-101-generic amd64

[34m[1mlein version[0m
Leiningen 2.8.1 on Java 1.8.0_151 Java HotSpot(TM) 64-Bit Server VM
[34m[1mPre-installed Node.js versions[0m
v4.8.6
v6.12.0
v6.12.1
v8.9
v8.9.1
[34m[1mphpenv versions[0m
  system
  5.6
* 5.6.32 (set by /home/travis/.phpenv/version)
  7.0
  7.0.25
  7.1
  7.1.11
  hhvm
  hhvm-stable
[34m[1mcomposer --version[0m
Composer version 1.5.2 2017-09-11 16:59:25
[34m[1mPre-installed Ruby versions[0m
ruby-2.2.7
ruby-2.3.4
ruby-2.4.1
travis_fold:end:system_info[0K
travis_time:end:03547790:start=1650795866270200667,finish=1650795866278381620,duration=8180953,event=show_system_info[0Ktravis_time:start:0210fada[0Ktravis_time:end:0210fada:start=1650795866284265262,finish=1650795866436622805,duration=152357543,event=rm_riak_source[0Ktravis_time:start:1a840f85[0Ktravis_time:end:1a840f85:start=1650795866443933559,finish=1650795866455147552,duration=11213993,event=fix_rwky_redis[0Ktravis_time:start:0a04b9c2[0K[31;1mTimeout waiting for network availability.[0m
travis_time:end:0a04b9c2:start=1650795866461696176,finish=1650795887858178804,duration=21396482628,event=wait_for_network[0Ktravis_time:start:12c93df3[0Ktravis_time:end:12c93df3:start=1650795887865954111,finish=1650795939238524479,duration=51372570368,event=update_apt_keys[0Ktravis_time:start:127735aa[0Ktravis_time:end:127735aa:start=1650795939244749962,finish=1650795949455344396,duration=10210594434,event=fix_hhvm_source[0Ktravis_time:start:1df8366b[0Ktravis_time:end:1df8366b:start=1650795949463273238,finish=1650795949469231709,duration=5958471,event=update_mongo_arch[0Ktravis_time:start:2562cd20[0Ktravis_time:end:2562cd20:start=1650795949476488257,finish=1650795949538231770,duration=61743513,event=fix_sudo_enabled_trusty[0Ktravis_time:start:0422bb4b[0Ktravis_time:end:0422bb4b:start=1650795949546477600,finish=1650795949567368478,duration=20890878,event=clean_up_path[0Ktravis_time:start:0bfaca47[0Ktravis_time:end:0bfaca47:start=1650795949575320881,finish=1650795949594113415,duration=18792534,event=fix_resolv_conf[0Ktravis_time:start:0fd5b23b[0Ktravis_time:end:0fd5b23b:start=1650795949601890516,finish=1650795949624854560,duration=22964044,event=fix_etc_hosts[0Ktravis_time:start:16c5a6f0[0Ktravis_time:end:16c5a6f0:start=1650795949633783622,finish=1650795949653427130,duration=19643508,event=fix_mvn_settings_xml[0Ktravis_time:start:0288dd9e[0Ktravis_time:end:0288dd9e:start=1650795949662375433,finish=1650795949682843908,duration=20468475,event=no_ipv6_localhost[0Ktravis_time:start:1a872d20[0Ktravis_time:end:1a872d20:start=1650795949690150133,finish=1650795949695291604,duration=5141471,event=fix_etc_mavenrc[0Ktravis_time:start:0f6f93cf[0Ktravis_time:end:0f6f93cf:start=1650795949702303329,finish=1650795949708754079,duration=6450750,event=fix_wwdr_certificate[0Ktravis_time:start:0902c2fc[0Ktravis_time:end:0902c2fc:start=1650795949716355575,finish=1650795949855882122,duration=139526547,event=put_localhost_first[0Ktravis_time:start:011818c9[0Ktravis_time:end:011818c9:start=1650795949862935355,finish=1650795949867474773,duration=4539418,event=home_paths[0Ktravis_time:start:19200058[0Ktravis_time:end:19200058:start=1650795949873466512,finish=1650795950100717209,duration=227250697,event=disable_initramfs[0Ktravis_time:start:00e6aa7d[0Ktravis_time:end:00e6aa7d:start=1650795950107771091,finish=1650795950763958783,duration=656187692,event=disable_ssh_roaming[0Ktravis_time:start:252e17b9[0Ktravis_time:end:252e17b9:start=1650795950770648877,finish=1650795950775402413,duration=4753536,event=debug_tools[0Ktravis_time:start:138cd69a[0Ktravis_time:end:138cd69a:start=1650795950781913731,finish=1650795950788354320,duration=6440589,event=uninstall_oclint[0Ktravis_time:start:087323be[0Ktravis_time:end:087323be:start=1650795950794475700,finish=1650795950800964417,duration=6488717,event=rvm_use[0Ktravis_time:start:0f568f6f[0Ktravis_time:end:0f568f6f:start=1650795950808005845,finish=1650795950826554898,duration=18549053,event=rm_etc_boto_cfg[0Ktravis_time:start:1f67dbd3[0Ktravis_time:end:1f67dbd3:start=1650795950835185858,finish=1650795950841024207,duration=5838349,event=rm_oraclejdk8_symlink[0Ktravis_time:start:1c5c75c0[0Ktravis_time:end:1c5c75c0:start=1650795950848586385,finish=1650795951619961723,duration=771375338,event=enable_i386[0Ktravis_time:start:019e178e[0Ktravis_time:end:019e178e:start=1650795951627304227,finish=1650795951635084272,duration=7780045,event=update_rubygems[0Ktravis_time:start:08acc871[0Ktravis_time:end:08acc871:start=1650795951641845882,finish=1650795952814184784,duration=1172338902,event=ensure_path_components[0Ktravis_time:start:04046496[0Ktravis_time:end:04046496:start=1650795952822390918,finish=1650795952828759636,duration=6368718,event=redefine_curl[0Ktravis_time:start:017a447f[0Ktravis_time:end:017a447f:start=1650795952836735564,finish=1650795952842250315,duration=5514751,event=nonblock_pipe[0Ktravis_time:start:0e44c056[0Ktravis_time:end:0e44c056:start=1650795952850625302,finish=1650795962331922095,duration=9481296793,event=apt_get_update[0Ktravis_time:start:043cf436[0Ktravis_time:end:043cf436:start=1650795962338831794,finish=1650795962343374756,duration=4542962,event=deprecate_xcode_64[0Ktravis_time:start:060564f0[0Ktravis_time:end:060564f0:start=1650795962350984345,finish=1650796027985238720,duration=65634254375,event=update_heroku[0Ktravis_time:start:194f110d[0Ktravis_time:end:194f110d:start=1650796027992337174,finish=1650796027997701214,duration=5364040,event=shell_session_update[0Ktravis_time:start:199dba56[0Ktravis_fold:start:docker_mtu[0Ktee: /etc/docker/daemon.json: No such file or directory
docker: unrecognized service
travis_fold:end:docker_mtu[0Ktravis_time:end:199dba56:start=1650796028004740110,finish=1650796028047770316,duration=43030206,event=set_docker_mtu[0Ktravis_time:start:0569deba[0Ktravis_fold:start:resolvconf[0Kinitctl: Unable to connect to Upstart: Failed to connect to socket /com/ubuntu/upstart: Connection refused
 * Restarting resolvconf...
   ...done.
travis_fold:end:resolvconf[0Ktravis_time:end:0569deba:start=1650796028054325247,finish=1650796028630116268,duration=575791021,event=resolvconf[0Ktravis_time:start:2796e633[0Ktravis_time:end:2796e633:start=1650796028636894876,finish=1650796031116417833,duration=2479522957,event=maven_https[0K
travis_fold:start:install_jdk[0K[33;1mInstalling openjdk8[0m
$ jdk_switcher use "openjdk8"
Switching to OpenJDK8 (java-1.8.0-openjdk-amd64), JAVA_HOME will be set to /usr/lib/jvm/java-8-openjdk-amd64
update-java-alternatives: plugin alternative does not exist: /usr/lib/jvm/java-8-openjdk-amd64/jre/lib/amd64/IcedTeaPlugin.so
travis_fold:end:install_jdk[0Ktravis_time:start:04ad939f[0Ktravis_time:end:04ad939f:start=1650796059689360452,finish=1650796059695130000,duration=5769548,event=fix_ps4[0Ktravis_time:start:0ce5ae4e[0K
$ cd failed/ibissource/iaf

travis_time:end:0ce5ae4e:start=1650796059702995451,finish=1650796059983038500,duration=280043049,event=checkout[0Ktravis_time:start:157fb9b3[0Ktravis_time:end:157fb9b3:start=1650796059992907480,finish=1650796062082689112,duration=2089781632,event=env[0Ktravis_fold:start:cache.1[0KSetting up build cache
$ export CASHER_DIR=${TRAVIS_HOME}/.casher
travis_time:start:02721928[0K$ Installing caching utilities
curl: (6) Could not resolve host: https

[31;1mThe command "eval curl -sf  -o $CASHER_DIR/bin/casher https:///files/casher " failed. Retrying, 2 of 3.[0m

curl: (6) Could not resolve host: https

[31;1mThe command "eval curl -sf  -o $CASHER_DIR/bin/casher https:///files/casher " failed. Retrying, 3 of 3.[0m

curl: (6) Could not resolve host: https

[31;1mThe command "eval curl -sf  -o $CASHER_DIR/bin/casher https:///files/casher " failed 3 times.[0m

travis_time:end:02721928:start=1650796065884709953,finish=1650796078104246957,duration=12219537004,event=setup_casher[0Ktravis_time:start:22546f1d[0K$ Installing caching utilities from the Travis CI server (https:///files/casher) failed, failing over to using GitHub (https://raw.githubusercontent.com/travis-ci/casher/bash/bin/casher)
travis_time:end:22546f1d:start=1650796078113296881,finish=1650796078317607966,duration=204311085,event=setup_casher[0Ktravis_time:start:15dfed04[0Ktravis_time:end:15dfed04:start=1650796078327260882,finish=1650796078332447134,duration=5186252,event=setup_casher[0Ktravis_time:start:016fb831[0Kattempting to download cache archive[0m
[31;1mcould not download cache[0m
travis_time:end:016fb831:start=1650796078339870272,finish=1650796079704838052,duration=1364967780,event=setup_casher[0Ktravis_time:start:01e8293d[0Ktravis_time:end:01e8293d:start=1650796079712663464,finish=1650796079718211399,duration=5547935,event=setup_casher[0Ktravis_time:start:019ba4df[0Kadding /home/travis/.m2 to cache[0m
travis_time:end:019ba4df:start=1650796079734380076,finish=1650796342270853466,duration=262536473390,event=setup_casher[0Ktravis_fold:end:cache.1[0K
$ java -Xmx32m -version
openjdk version "1.8.0_141"
OpenJDK Runtime Environment (build 1.8.0_141-8u141-b15-3~14.04-b15)
OpenJDK 64-Bit Server VM (build 25.141-b15, mixed mode)
$ javac -J-Xmx32m -version
javac 9.0.1
travis_fold:start:install[0Ktravis_time:start:15ab6dc8[0K$ echo 'Skipping separate install phase'
Skipping separate install phase
travis_time:end:15ab6dc8:start=1650796342616937819,finish=1650796342621679882,duration=4742063,event=install[0Ktravis_fold:end:install[0Ktravis_time:start:00b7d402[0K$ mvn -o install -B -V -T1 -Dmaven.javadoc.skip=true -Pibissource
Apache Maven 3.5.2 (138edd61fd100ec658bfa2d307c43b76940a5d7d; 2017-10-18T07:58:13Z)
Maven home: /usr/local/maven-3.5.2
Java version: 1.8.0_141, vendor: Oracle Corporation
Java home: /usr/lib/jvm/java-8-openjdk-amd64/jre
Default locale: en_US, platform encoding: UTF-8
OS name: "linux", version: "4.15.0-109-generic", arch: "amd64", family: "unix"
[INFO] Scanning for projects...
[INFO] ------------------------------------------------------------------------
[INFO] Reactor Build Order:
[INFO] 
[INFO] Ibis AdapterFramework parent
[INFO] Ibis AdapterFramework core
[INFO] Ibis AdapterFramework Larva
[INFO] Ibis AdapterFramework support for Akamai
[INFO] Ibis AdapterFramework Ladybug
[INFO] Ibis AdapterFramework support for Cmis
[INFO] Ibis AdapterFramework webapp
[INFO] Ibis AdapterFramework Test
[INFO] Ibis AdapterFramework iaf-test-ear
[INFO] Ibis AdapterFramework example
[INFO] Ibis AdapterFramework example-ear
[INFO] 
[INFO] ------------------------------------------------------------------------
[INFO] Building Ibis AdapterFramework parent 7.6-SNAPSHOT
[INFO] ------------------------------------------------------------------------
[INFO] 
[INFO] --- maven-javadoc-plugin:2.10.4:jar (attach-javadocs) @ ibis-adapterframework-parent ---
[INFO] Skipping javadoc generation
[INFO] 
[INFO] --- maven-source-plugin:2.4:jar-no-fork (attach-sources) @ ibis-adapterframework-parent ---
[INFO] 
[INFO] --- maven-install-plugin:2.4:install (default-install) @ ibis-adapterframework-parent ---
[INFO] Installing /home/travis/build/failed/ibissource/iaf/pom.xml to /home/travis/.m2/failed/org/ibissource/ibis-adapterframework-parent/7.6-SNAPSHOT/ibis-adapterframework-parent-7.6-SNAPSHOT.pom
[INFO] 
[INFO] ------------------------------------------------------------------------
[INFO] Building Ibis AdapterFramework core 7.6-SNAPSHOT
[INFO] ------------------------------------------------------------------------
[INFO] 
[INFO] --- maven-resources-plugin:2.6:resources (default-resources) @ ibis-adapterframework-core ---
[INFO] Using 'UTF-8' encoding to copy filtered resources.
[INFO] Copying 120 resources
[INFO] 
[INFO] --- maven-compiler-plugin:3.1:compile (default-compile) @ ibis-adapterframework-core ---
[INFO] Nothing to compile - all classes are up to date
[INFO] 
[INFO] --- maven-resources-plugin:2.6:testResources (default-testResources) @ ibis-adapterframework-core ---
[INFO] Using 'UTF-8' encoding to copy filtered resources.
[INFO] Copying 562 resources
[INFO] 
[INFO] --- maven-compiler-plugin:3.1:testCompile (default-testCompile) @ ibis-adapterframework-core ---
[INFO] Nothing to compile - all classes are up to date
[INFO] 
[INFO] --- maven-surefire-plugin:2.22.2:test (default-test) @ ibis-adapterframework-core ---
[INFO] 
[INFO] -------------------------------------------------------
[INFO]  T E S T S
[INFO] -------------------------------------------------------
[INFO] Running nl.nn.adapterframework.align.OverridesMapTest
[INFO] Tests run: 1, Failures: 0, Errors: 0, Skipped: 0, Time elapsed: 3.923 s - in nl.nn.adapterframework.align.OverridesMapTest
[INFO] Running nl.nn.adapterframework.align.TestAlignXml
[INFO] Tests run: 18, Failures: 0, Errors: 0, Skipped: 0, Time elapsed: 5.867 s - in nl.nn.adapterframework.align.TestAlignXml
[INFO] Running nl.nn.adapterframework.align.TestDomTreeAligner
[WARNING] Tests run: 28, Failures: 0, Errors: 0, Skipped: 2, Time elapsed: 3.713 s - in nl.nn.adapterframework.align.TestDomTreeAligner
[INFO] Running nl.nn.adapterframework.align.TestJson2Xml
[INFO] Tests run: 33, Failures: 0, Errors: 0, Skipped: 0, Time elapsed: 13.664 s - in nl.nn.adapterframework.align.TestJson2Xml
[INFO] Running nl.nn.adapterframework.align.TestMap2Xml
[WARNING] Tests run: 28, Failures: 0, Errors: 0, Skipped: 13, Time elapsed: 2.083 s - in nl.nn.adapterframework.align.TestMap2Xml
[INFO] Running nl.nn.adapterframework.align.TestValidations
[INFO] Tests run: 2, Failures: 0, Errors: 0, Skipped: 0, Time elapsed: 0.522 s - in nl.nn.adapterframework.align.TestValidations
[INFO] Running nl.nn.adapterframework.align.TestXml2Json
[WARNING] Tests run: 28, Failures: 0, Errors: 0, Skipped: 1, Time elapsed: 0.598 s - in nl.nn.adapterframework.align.TestXml2Json
[INFO] Running nl.nn.adapterframework.align.TestXml2Map
[WARNING] Tests run: 27, Failures: 0, Errors: 0, Skipped: 2, Time elapsed: 1.466 s - in nl.nn.adapterframework.align.TestXml2Map
[INFO] Running nl.nn.adapterframework.align.TestXmlSchema2JsonSchema
[INFO] Tests run: 27, Failures: 0, Errors: 0, Skipped: 0, Time elapsed: 9.451 s - in nl.nn.adapterframework.align.TestXmlSchema2JsonSchema
[INFO] Running nl.nn.adapterframework.align.content.JsonElementContainerTest
[INFO] Tests run: 1, Failures: 0, Errors: 0, Skipped: 0, Time elapsed: 0 s - in nl.nn.adapterframework.align.content.JsonElementContainerTest
[INFO] Running nl.nn.adapterframework.configuration.ClassLoaderManagerTest
[INFO] Tests run: 112, Failures: 0, Errors: 0, Skipped: 0, Time elapsed: 8.95 s - in nl.nn.adapterframework.configuration.ClassLoaderManagerTest
[INFO] Running nl.nn.adapterframework.configuration.ConfigurationUtilsTest
[INFO] Tests run: 10, Failures: 0, Errors: 0, Skipped: 0, Time elapsed: 0.797 s - in nl.nn.adapterframework.configuration.ConfigurationUtilsTest
[INFO] Running nl.nn.adapterframework.configuration.DirectoryScanningAdapterServiceImplTest
[INFO] Tests run: 1, Failures: 0, Errors: 0, Skipped: 0, Time elapsed: 15.467 s - in nl.nn.adapterframework.configuration.DirectoryScanningAdapterServiceImplTest
[INFO] Running nl.nn.adapterframework.configuration.classloaders.DatabaseClassLoaderTest
[INFO] Tests run: 22, Failures: 0, Errors: 0, Skipped: 0, Time elapsed: 0.163 s - in nl.nn.adapterframework.configuration.classloaders.DatabaseClassLoaderTest
[INFO] Running nl.nn.adapterframework.configuration.classloaders.DirectoryClassLoaderTest
[INFO] Tests run: 18, Failures: 0, Errors: 0, Skipped: 0, Time elapsed: 0.009 s - in nl.nn.adapterframework.configuration.classloaders.DirectoryClassLoaderTest
[INFO] Running nl.nn.adapterframework.configuration.classloaders.JarFileClassLoaderTest
[INFO] Tests run: 20, Failures: 0, Errors: 0, Skipped: 0, Time elapsed: 0.008 s - in nl.nn.adapterframework.configuration.classloaders.JarFileClassLoaderTest
[INFO] Running nl.nn.adapterframework.configuration.classloaders.ResolveConfigurationFileTest
[INFO] Tests run: 10, Failures: 0, Errors: 0, Skipped: 0, Time elapsed: 0.001 s - in nl.nn.adapterframework.configuration.classloaders.ResolveConfigurationFileTest
[INFO] Running nl.nn.adapterframework.core.PipeLineSessionBaseTest
[INFO] Tests run: 6, Failures: 0, Errors: 0, Skipped: 0, Time elapsed: 0 s - in nl.nn.adapterframework.core.PipeLineSessionBaseTest
[INFO] Running nl.nn.adapterframework.core.PipeLineTest
[INFO] Tests run: 1, Failures: 0, Errors: 0, Skipped: 0, Time elapsed: 0.001 s - in nl.nn.adapterframework.core.PipeLineTest
[INFO] Running nl.nn.adapterframework.core.ResourceTest
[INFO] Tests run: 6, Failures: 0, Errors: 0, Skipped: 0, Time elapsed: 0 s - in nl.nn.adapterframework.core.ResourceTest
[INFO] Running nl.nn.adapterframework.extensions.graphviz.FormatTest
[INFO] Tests run: 8, Failures: 0, Errors: 0, Skipped: 0, Time elapsed: 0 s - in nl.nn.adapterframework.extensions.graphviz.FormatTest
[INFO] Running nl.nn.adapterframework.extensions.graphviz.GraphvizEngineTest
[INFO] Tests run: 11, Failures: 0, Errors: 0, Skipped: 0, Time elapsed: 8.809 s - in nl.nn.adapterframework.extensions.graphviz.GraphvizEngineTest
[INFO] Running nl.nn.adapterframework.extensions.graphviz.OptionsTest
[INFO] Tests run: 9, Failures: 0, Errors: 0, Skipped: 0, Time elapsed: 0 s - in nl.nn.adapterframework.extensions.graphviz.OptionsTest
[INFO] Running nl.nn.adapterframework.extensions.javascript.J2V8CallbackTest
[INFO] Tests run: 2, Failures: 0, Errors: 0, Skipped: 0, Time elapsed: 0.428 s - in nl.nn.adapterframework.extensions.javascript.J2V8CallbackTest
[INFO] Running nl.nn.adapterframework.extensions.javascript.JavascriptSenderTest
[WARNING] Tests run: 28, Failures: 0, Errors: 0, Skipped: 2, Time elapsed: 1.053 s - in nl.nn.adapterframework.extensions.javascript.JavascriptSenderTest
[INFO] Running nl.nn.adapterframework.filesystem.DirectoryListenerTest
[INFO] Tests run: 21, Failures: 0, Errors: 0, Skipped: 0, Time elapsed: 1.122 s - in nl.nn.adapterframework.filesystem.DirectoryListenerTest
[INFO] Running nl.nn.adapterframework.filesystem.LocalFileSystemListenerTest
[INFO] Tests run: 21, Failures: 0, Errors: 0, Skipped: 0, Time elapsed: 0.005 s - in nl.nn.adapterframework.filesystem.LocalFileSystemListenerTest
[INFO] Running nl.nn.adapterframework.filesystem.LocalFileSystemTest
[WARNING] Tests run: 35, Failures: 0, Errors: 0, Skipped: 2, Time elapsed: 5.275 s - in nl.nn.adapterframework.filesystem.LocalFileSystemTest
[INFO] Running nl.nn.adapterframework.filesystem.MockFileSystemActorTest
[INFO] Tests run: 37, Failures: 0, Errors: 0, Skipped: 0, Time elapsed: 0.804 s - in nl.nn.adapterframework.filesystem.MockFileSystemActorTest
[INFO] Running nl.nn.adapterframework.filesystem.MockFileSystemListenerTest
[INFO] Tests run: 22, Failures: 0, Errors: 0, Skipped: 0, Time elapsed: 0.001 s - in nl.nn.adapterframework.filesystem.MockFileSystemListenerTest
[INFO] Running nl.nn.adapterframework.filesystem.MockFileSystemPipeTest
[INFO] Tests run: 22, Failures: 0, Errors: 0, Skipped: 0, Time elapsed: 0.018 s - in nl.nn.adapterframework.filesystem.MockFileSystemPipeTest
[INFO] Running nl.nn.adapterframework.filesystem.MockFileSystemSenderTest
[INFO] Tests run: 23, Failures: 0, Errors: 0, Skipped: 0, Time elapsed: 0.024 s - in nl.nn.adapterframework.filesystem.MockFileSystemSenderTest
[INFO] Running nl.nn.adapterframework.filesystem.MockFileSystemTest
[INFO] Tests run: 32, Failures: 0, Errors: 0, Skipped: 0, Time elapsed: 5.003 s - in nl.nn.adapterframework.filesystem.MockFileSystemTest
[INFO] Running nl.nn.adapterframework.filesystem.MockFileSystemUtilTest
[INFO] Tests run: 7, Failures: 0, Errors: 0, Skipped: 0, Time elapsed: 0.001 s - in nl.nn.adapterframework.filesystem.MockFileSystemUtilTest
[INFO] Running nl.nn.adapterframework.filesystem.MockFileSystemWithAttachmentsTest
[INFO] Tests run: 19, Failures: 0, Errors: 0, Skipped: 0, Time elapsed: 4.879 s - in nl.nn.adapterframework.filesystem.MockFileSystemWithAttachmentsTest
[INFO] Running nl.nn.adapterframework.filesystem.MockForEachAttachmentPipeTest
[INFO] Tests run: 3, Failures: 0, Errors: 0, Skipped: 0, Time elapsed: 0.213 s - in nl.nn.adapterframework.filesystem.MockForEachAttachmentPipeTest
[INFO] Running nl.nn.adapterframework.http.HttpSenderResultTest
[INFO] Tests run: 10, Failures: 0, Errors: 0, Skipped: 0, Time elapsed: 6.992 s - in nl.nn.adapterframework.http.HttpSenderResultTest
[INFO] Running nl.nn.adapterframework.http.HttpSenderTest
[INFO] Tests run: 29, Failures: 0, Errors: 0, Skipped: 0, Time elapsed: 5.104 s - in nl.nn.adapterframework.http.HttpSenderTest
[INFO] Running nl.nn.adapterframework.http.MultipartHttpSenderTest
[INFO] Tests run: 6, Failures: 0, Errors: 0, Skipped: 0, Time elapsed: 1.22 s - in nl.nn.adapterframework.http.MultipartHttpSenderTest
[INFO] Running nl.nn.adapterframework.http.WebServiceSenderTest
[INFO] Tests run: 5, Failures: 0, Errors: 0, Skipped: 0, Time elapsed: 1.124 s - in nl.nn.adapterframework.http.WebServiceSenderTest
[INFO] Running nl.nn.adapterframework.http.cxf.SoapProviderTest
[INFO] Tests run: 6, Failures: 0, Errors: 0, Skipped: 0, Time elapsed: 12.28 s - in nl.nn.adapterframework.http.cxf.SoapProviderTest
[INFO] Running nl.nn.adapterframework.http.rest.ApiListenerPatternsTest
[INFO] Tests run: 30, Failures: 0, Errors: 0, Skipped: 0, Time elapsed: 0.252 s - in nl.nn.adapterframework.http.rest.ApiListenerPatternsTest
[INFO] Running nl.nn.adapterframework.http.rest.ApiListenerServletTest
[INFO] Tests run: 30, Failures: 0, Errors: 0, Skipped: 0, Time elapsed: 2.197 s - in nl.nn.adapterframework.http.rest.ApiListenerServletTest
[INFO] Running nl.nn.adapterframework.http.rest.ApiListenerTest
[INFO] Tests run: 13, Failures: 0, Errors: 0, Skipped: 0, Time elapsed: 0.001 s - in nl.nn.adapterframework.http.rest.ApiListenerTest
[INFO] Running nl.nn.adapterframework.http.rest.ApiServiceDispatcherTest
[INFO] Tests run: 1, Failures: 0, Errors: 0, Skipped: 0, Time elapsed: 0.013 s - in nl.nn.adapterframework.http.rest.ApiServiceDispatcherTest
[INFO] Running nl.nn.adapterframework.http.rest.MediaTypeTest
[INFO] Tests run: 6, Failures: 0, Errors: 0, Skipped: 0, Time elapsed: 0 s - in nl.nn.adapterframework.http.rest.MediaTypeTest
[INFO] Running nl.nn.adapterframework.http.rest.OpenApiTest
[INFO] Tests run: 2, Failures: 0, Errors: 0, Skipped: 0, Time elapsed: 6.138 s - in nl.nn.adapterframework.http.rest.OpenApiTest
[INFO] Running nl.nn.adapterframework.jdbc.dbms.GenericDbmsSupportTest
[INFO] Tests run: 1, Failures: 0, Errors: 0, Skipped: 0, Time elapsed: 0.001 s - in nl.nn.adapterframework.jdbc.dbms.GenericDbmsSupportTest
[INFO] Running nl.nn.adapterframework.jdbc.dbms.H2DbmsSupportTest
[INFO] Tests run: 3, Failures: 0, Errors: 0, Skipped: 0, Time elapsed: 0.37 s - in nl.nn.adapterframework.jdbc.dbms.H2DbmsSupportTest
[INFO] Running nl.nn.adapterframework.jdbc.dbms.MsSqlServerTest
[INFO] Tests run: 4, Failures: 0, Errors: 0, Skipped: 0, Time elapsed: 0 s - in nl.nn.adapterframework.jdbc.dbms.MsSqlServerTest
[INFO] Running nl.nn.adapterframework.jdbc.dbms.OracleToH2TranslatorTest
[INFO] Tests run: 17, Failures: 0, Errors: 0, Skipped: 0, Time elapsed: 0.001 s - in nl.nn.adapterframework.jdbc.dbms.OracleToH2TranslatorTest
[INFO] Running nl.nn.adapterframework.jdbc.dbms.OracleToMsSqlTranslatorTest
[INFO] Tests run: 4, Failures: 0, Errors: 0, Skipped: 0, Time elapsed: 0.253 s - in nl.nn.adapterframework.jdbc.dbms.OracleToMsSqlTranslatorTest
[INFO] Running nl.nn.adapterframework.jdbc.transformer.ToCsv
[ERROR] Tests run: 2, Failures: 0, Errors: 2, Skipped: 0, Time elapsed: 0.261 s <<< FAILURE! - in nl.nn.adapterframework.jdbc.transformer.ToCsv
[ERROR] doTest[0](nl.nn.adapterframework.jdbc.transformer.ToCsv)  Time elapsed: 0.26 s  <<< ERROR!
java.lang.NullPointerException: No parent for filter
	at nl.nn.adapterframework.jdbc.transformer.ToCsv.doTest(ToCsv.java:51)

[ERROR] doTest[1](nl.nn.adapterframework.jdbc.transformer.ToCsv)  Time elapsed: 0 s  <<< ERROR!
java.lang.NullPointerException: No parent for filter
	at nl.nn.adapterframework.jdbc.transformer.ToCsv.doTest(ToCsv.java:51)

[INFO] Running nl.nn.adapterframework.jdbc.transformer.ToJson
[ERROR] Tests run: 2, Failures: 0, Errors: 2, Skipped: 0, Time elapsed: 0.226 s <<< FAILURE! - in nl.nn.adapterframework.jdbc.transformer.ToJson
[ERROR] doTest[0](nl.nn.adapterframework.jdbc.transformer.ToJson)  Time elapsed: 0.212 s  <<< ERROR!
java.lang.NullPointerException: No parent for filter
	at nl.nn.adapterframework.jdbc.transformer.ToJson.doTest(ToJson.java:51)

[ERROR] doTest[1](nl.nn.adapterframework.jdbc.transformer.ToJson)  Time elapsed: 0.013 s  <<< ERROR!
java.lang.NullPointerException: No parent for filter
	at nl.nn.adapterframework.jdbc.transformer.ToJson.doTest(ToJson.java:51)

[INFO] Running nl.nn.adapterframework.jdbc.transformer.ToMap
[ERROR] Tests run: 2, Failures: 0, Errors: 2, Skipped: 0, Time elapsed: 0.177 s <<< FAILURE! - in nl.nn.adapterframework.jdbc.transformer.ToMap
[ERROR] doTest[0](nl.nn.adapterframework.jdbc.transformer.ToMap)  Time elapsed: 0.174 s  <<< ERROR!
java.lang.NullPointerException: No parent for filter
	at nl.nn.adapterframework.jdbc.transformer.ToMap.doTest(ToMap.java:56)

[ERROR] doTest[1](nl.nn.adapterframework.jdbc.transformer.ToMap)  Time elapsed: 0.002 s  <<< ERROR!
java.lang.NullPointerException: No parent for filter
	at nl.nn.adapterframework.jdbc.transformer.ToMap.doTest(ToMap.java:56)

[INFO] Running nl.nn.adapterframework.jms.JmsRealmFactoryTest
[INFO] Tests run: 5, Failures: 0, Errors: 0, Skipped: 0, Time elapsed: 0 s - in nl.nn.adapterframework.jms.JmsRealmFactoryTest
[INFO] Running nl.nn.adapterframework.ldap.LdapSenderTest
[INFO] Tests run: 4, Failures: 0, Errors: 0, Skipped: 0, Time elapsed: 4.366 s - in nl.nn.adapterframework.ldap.LdapSenderTest
[INFO] Running nl.nn.adapterframework.logging.IbisXmlLayoutTest
[INFO] Tests run: 6, Failures: 0, Errors: 0, Skipped: 0, Time elapsed: 1.004 s - in nl.nn.adapterframework.logging.IbisXmlLayoutTest
[INFO] Running nl.nn.adapterframework.logging.TestLogMessages
[INFO] Tests run: 10, Failures: 0, Errors: 0, Skipped: 0, Time elapsed: 0.313 s - in nl.nn.adapterframework.logging.TestLogMessages
[INFO] Running nl.nn.adapterframework.parameters.ParameterTest
[INFO] Tests run: 8, Failures: 0, Errors: 0, Skipped: 0, Time elapsed: 0.001 s - in nl.nn.adapterframework.parameters.ParameterTest
[INFO] Running nl.nn.adapterframework.pipes.Base64PipeTest
[INFO] Tests run: 27, Failures: 0, Errors: 0, Skipped: 0, Time elapsed: 0.242 s - in nl.nn.adapterframework.pipes.Base64PipeTest
[INFO] Running nl.nn.adapterframework.pipes.BytesOutputPipeTest
[INFO] Tests run: 1, Failures: 0, Errors: 0, Skipped: 0, Time elapsed: 0.164 s - in nl.nn.adapterframework.pipes.BytesOutputPipeTest
[INFO] Running nl.nn.adapterframework.pipes.ChecksumPipeTest
[INFO] Tests run: 16, Failures: 0, Errors: 0, Skipped: 0, Time elapsed: 0.013 s - in nl.nn.adapterframework.pipes.ChecksumPipeTest
[INFO] Running nl.nn.adapterframework.pipes.CleanupOldFilesPipeTest
[INFO] Tests run: 12, Failures: 0, Errors: 0, Skipped: 0, Time elapsed: 0.216 s - in nl.nn.adapterframework.pipes.CleanupOldFilesPipeTest
[INFO] Running nl.nn.adapterframework.pipes.CompareIntegerPipeTest
[INFO] Tests run: 6, Failures: 0, Errors: 0, Skipped: 0, Time elapsed: 0.178 s - in nl.nn.adapterframework.pipes.CompareIntegerPipeTest
[INFO] Running nl.nn.adapterframework.pipes.CompareStringPipeTest
[INFO] Tests run: 4, Failures: 0, Errors: 0, Skipped: 0, Time elapsed: 0.001 s - in nl.nn.adapterframework.pipes.CompareStringPipeTest
[INFO] Running nl.nn.adapterframework.pipes.CompressPipeTest
[INFO] Tests run: 17, Failures: 0, Errors: 0, Skipped: 0, Time elapsed: 0.001 s - in nl.nn.adapterframework.pipes.CompressPipeTest
[INFO] Running nl.nn.adapterframework.pipes.CounterSwitchPipeTest
[INFO] Tests run: 4, Failures: 0, Errors: 0, Skipped: 0, Time elapsed: 0.001 s - in nl.nn.adapterframework.pipes.CounterSwitchPipeTest
[INFO] Running nl.nn.adapterframework.pipes.CreateRestViewPipeTest
[INFO] Tests run: 1, Failures: 0, Errors: 0, Skipped: 0, Time elapsed: 0.001 s - in nl.nn.adapterframework.pipes.CreateRestViewPipeTest
[INFO] Running nl.nn.adapterframework.pipes.CredentialCheckingPipeTest
[INFO] Tests run: 13, Failures: 0, Errors: 0, Skipped: 0, Time elapsed: 0 s - in nl.nn.adapterframework.pipes.CredentialCheckingPipeTest
[INFO] Running nl.nn.adapterframework.pipes.DelayPipeTest
[INFO] Tests run: 2, Failures: 0, Errors: 0, Skipped: 0, Time elapsed: 0.635 s - in nl.nn.adapterframework.pipes.DelayPipeTest
[INFO] Running nl.nn.adapterframework.pipes.DigesterPipeTest
[INFO] Tests run: 4, Failures: 0, Errors: 0, Skipped: 0, Time elapsed: 0.015 s - in nl.nn.adapterframework.pipes.DigesterPipeTest
[INFO] Running nl.nn.adapterframework.pipes.EchoPipeTest
[INFO] Tests run: 1, Failures: 0, Errors: 0, Skipped: 0, Time elapsed: 0.001 s - in nl.nn.adapterframework.pipes.EchoPipeTest
[INFO] Running nl.nn.adapterframework.pipes.EscapePipeTest
[INFO] Tests run: 17, Failures: 0, Errors: 0, Skipped: 0, Time elapsed: 0.002 s - in nl.nn.adapterframework.pipes.EscapePipeTest
[INFO] Running nl.nn.adapterframework.pipes.EtagHandlerPipeTest
[INFO] Tests run: 10, Failures: 0, Errors: 0, Skipped: 0, Time elapsed: 0.002 s - in nl.nn.adapterframework.pipes.EtagHandlerPipeTest
[INFO] Running nl.nn.adapterframework.pipes.ForEachChildElementPipeTest
[WARNING] Tests run: 180, Failures: 0, Errors: 0, Skipped: 93, Time elapsed: 2.018 s - in nl.nn.adapterframework.pipes.ForEachChildElementPipeTest
[INFO] Running nl.nn.adapterframework.pipes.GetFromSessionTest
[INFO] Tests run: 7, Failures: 0, Errors: 0, Skipped: 0, Time elapsed: 0.001 s - in nl.nn.adapterframework.pipes.GetFromSessionTest
[INFO] Running nl.nn.adapterframework.pipes.HashPipeTest
[INFO] Tests run: 5, Failures: 0, Errors: 0, Skipped: 0, Time elapsed: 0.177 s - in nl.nn.adapterframework.pipes.HashPipeTest
[INFO] Running nl.nn.adapterframework.pipes.IsXmlIfPipeTest
[INFO] Tests run: 14, Failures: 0, Errors: 0, Skipped: 0, Time elapsed: 0.004 s - in nl.nn.adapterframework.pipes.IsXmlIfPipeTest
[INFO] Running nl.nn.adapterframework.pipes.IteratingPipeTest
[INFO] Tests run: 11, Failures: 0, Errors: 0, Skipped: 0, Time elapsed: 0.933 s - in nl.nn.adapterframework.pipes.IteratingPipeTest
[INFO] Running nl.nn.adapterframework.pipes.Json2WsdlXmlValidatorTest
[INFO] Tests run: 3, Failures: 0, Errors: 0, Skipped: 0, Time elapsed: 1.925 s - in nl.nn.adapterframework.pipes.Json2WsdlXmlValidatorTest
[INFO] Running nl.nn.adapterframework.pipes.Json2XmlValidatorTest
[INFO] Tests run: 6, Failures: 0, Errors: 0, Skipped: 0, Time elapsed: 1.238 s - in nl.nn.adapterframework.pipes.Json2XmlValidatorTest
[INFO] Running nl.nn.adapterframework.pipes.JsonPipeTest
[INFO] Tests run: 5, Failures: 0, Errors: 0, Skipped: 0, Time elapsed: 0.006 s - in nl.nn.adapterframework.pipes.JsonPipeTest
[INFO] Running nl.nn.adapterframework.pipes.JsonWellFormedCheckerTest
[INFO] Tests run: 3, Failures: 0, Errors: 0, Skipped: 0, Time elapsed: 0 s - in nl.nn.adapterframework.pipes.JsonWellFormedCheckerTest
[INFO] Running nl.nn.adapterframework.pipes.JsonXsltPipeTest
[INFO] Tests run: 3, Failures: 0, Errors: 0, Skipped: 0, Time elapsed: 0.517 s - in nl.nn.adapterframework.pipes.JsonXsltPipeTest
[INFO] Running nl.nn.adapterframework.pipes.PgpPipeTest
[INFO] Tests run: 10, Failures: 0, Errors: 0, Skipped: 0, Time elapsed: 5.098 s - in nl.nn.adapterframework.pipes.PgpPipeTest
[INFO] Running nl.nn.adapterframework.pipes.PutSystemDateInSessionTest
[INFO] Tests run: 9, Failures: 0, Errors: 0, Skipped: 0, Time elapsed: 1.277 s - in nl.nn.adapterframework.pipes.PutSystemDateInSessionTest
[INFO] Running nl.nn.adapterframework.pipes.SoapWrapperPipeTest
[INFO] Tests run: 16, Failures: 0, Errors: 0, Skipped: 0, Time elapsed: 0.044 s - in nl.nn.adapterframework.pipes.SoapWrapperPipeTest
[INFO] Running nl.nn.adapterframework.pipes.StreamLineIteratorPipeTest
[INFO] Tests run: 22, Failures: 0, Errors: 0, Skipped: 0, Time elapsed: 0.602 s - in nl.nn.adapterframework.pipes.StreamLineIteratorPipeTest
[INFO] Running nl.nn.adapterframework.pipes.StreamPipeTest
[INFO] Tests run: 4, Failures: 0, Errors: 0, Skipped: 0, Time elapsed: 0.364 s - in nl.nn.adapterframework.pipes.StreamPipeTest
[INFO] Running nl.nn.adapterframework.pipes.TimeoutGuardPipeTest
[INFO] Tests run: 3, Failures: 0, Errors: 0, Skipped: 0, Time elapsed: 2.503 s - in nl.nn.adapterframework.pipes.TimeoutGuardPipeTest
[INFO] Running nl.nn.adapterframework.pipes.UUIDGeneratorPipeTest
[INFO] Tests run: 5, Failures: 0, Errors: 0, Skipped: 0, Time elapsed: 0 s - in nl.nn.adapterframework.pipes.UUIDGeneratorPipeTest
[INFO] Running nl.nn.adapterframework.pipes.WsdlXmlValidatorMixedModeTest
[INFO] Tests run: 7, Failures: 0, Errors: 0, Skipped: 0, Time elapsed: 1.434 s - in nl.nn.adapterframework.pipes.WsdlXmlValidatorMixedModeTest
[INFO] Running nl.nn.adapterframework.pipes.WsdlXmlValidatorTest
[WARNING] Tests run: 11, Failures: 0, Errors: 0, Skipped: 1, Time elapsed: 1.503 s - in nl.nn.adapterframework.pipes.WsdlXmlValidatorTest
[INFO] Running nl.nn.adapterframework.pipes.XmlIfTest
[INFO] Tests run: 29, Failures: 0, Errors: 0, Skipped: 0, Time elapsed: 0.046 s - in nl.nn.adapterframework.pipes.XmlIfTest
[INFO] Running nl.nn.adapterframework.pipes.XmlSwitchTest
[INFO] Tests run: 7, Failures: 0, Errors: 0, Skipped: 0, Time elapsed: 0.159 s - in nl.nn.adapterframework.pipes.XmlSwitchTest
[INFO] Running nl.nn.adapterframework.pipes.XmlValidatorTest
[WARNING] Tests run: 34, Failures: 0, Errors: 0, Skipped: 2, Time elapsed: 3.212 s - in nl.nn.adapterframework.pipes.XmlValidatorTest
[INFO] Running nl.nn.adapterframework.scheduler.SchedulerAdapterTest
[INFO] Tests run: 9, Failures: 0, Errors: 0, Skipped: 0, Time elapsed: 0.726 s - in nl.nn.adapterframework.scheduler.SchedulerAdapterTest
[INFO] Running nl.nn.adapterframework.scheduler.SchedulerHelperTest
[INFO] Tests run: 13, Failures: 0, Errors: 0, Skipped: 0, Time elapsed: 0.005 s - in nl.nn.adapterframework.scheduler.SchedulerHelperTest
[INFO] Running nl.nn.adapterframework.scheduler.SchedulerSenderTest
[INFO] Tests run: 7, Failures: 0, Errors: 0, Skipped: 0, Time elapsed: 0.328 s - in nl.nn.adapterframework.scheduler.SchedulerSenderTest
[INFO] Running nl.nn.adapterframework.senders.EchoSenderTest
[INFO] Tests run: 1, Failures: 0, Errors: 0, Skipped: 0, Time elapsed: 0 s - in nl.nn.adapterframework.senders.EchoSenderTest
[INFO] Running nl.nn.adapterframework.senders.FixedResultSenderTest
[INFO] Tests run: 5, Failures: 0, Errors: 0, Skipped: 0, Time elapsed: 0.123 s - in nl.nn.adapterframework.senders.FixedResultSenderTest
[INFO] Running nl.nn.adapterframework.senders.JsonXsltSenderTest
[INFO] Tests run: 3, Failures: 0, Errors: 0, Skipped: 0, Time elapsed: 0.016 s - in nl.nn.adapterframework.senders.JsonXsltSenderTest
[INFO] Running nl.nn.adapterframework.senders.MailSenderTest
[INFO] Tests run: 16, Failures: 0, Errors: 0, Skipped: 0, Time elapsed: 1.993 s - in nl.nn.adapterframework.senders.MailSenderTest
[INFO] Running nl.nn.adapterframework.senders.XsltSenderTest
[WARNING] Tests run: 16, Failures: 0, Errors: 0, Skipped: 2, Time elapsed: 0.986 s - in nl.nn.adapterframework.senders.XsltSenderTest
[INFO] Running nl.nn.adapterframework.soap.SoapValidatorTest
[WARNING] Tests run: 10, Failures: 0, Errors: 0, Skipped: 2, Time elapsed: 1.836 s - in nl.nn.adapterframework.soap.SoapValidatorTest
[INFO] Running nl.nn.adapterframework.soap.SoapWrapperTest
[INFO] Tests run: 2, Failures: 0, Errors: 0, Skipped: 0, Time elapsed: 0.001 s - in nl.nn.adapterframework.soap.SoapWrapperTest
[INFO] Running nl.nn.adapterframework.soap.WsdlTest
[WARNING] Tests run: 22, Failures: 0, Errors: 0, Skipped: 2, Time elapsed: 3.99 s - in nl.nn.adapterframework.soap.WsdlTest
[INFO] Running nl.nn.adapterframework.soap.XSDTest
[WARNING] Tests run: 3, Failures: 0, Errors: 0, Skipped: 1, Time elapsed: 0.288 s - in nl.nn.adapterframework.soap.XSDTest
[INFO] Running nl.nn.adapterframework.stream.MessageOutputStreamTest
[WARNING] Tests run: 14, Failures: 0, Errors: 0, Skipped: 2, Time elapsed: 0.179 s - in nl.nn.adapterframework.stream.MessageOutputStreamTest
[INFO] Running nl.nn.adapterframework.stream.MessageStreamCapTest
[INFO] Tests run: 4, Failures: 0, Errors: 0, Skipped: 0, Time elapsed: 0 s - in nl.nn.adapterframework.stream.MessageStreamCapTest
[INFO] Running nl.nn.adapterframework.stream.MessageTest
[INFO] Tests run: 36, Failures: 0, Errors: 0, Skipped: 0, Time elapsed: 0.626 s - in nl.nn.adapterframework.stream.MessageTest
[INFO] Running nl.nn.adapterframework.stream.XmlWriterTest
[INFO] Tests run: 2, Failures: 0, Errors: 0, Skipped: 0, Time elapsed: 0 s - in nl.nn.adapterframework.stream.XmlWriterTest
[INFO] Running nl.nn.adapterframework.testutil.TestAssertions
[INFO] Tests run: 5, Failures: 0, Errors: 0, Skipped: 0, Time elapsed: 0 s - in nl.nn.adapterframework.testutil.TestAssertions
[INFO] Running nl.nn.adapterframework.util.AppConstantsTest
[INFO] Tests run: 22, Failures: 0, Errors: 0, Skipped: 0, Time elapsed: 0.267 s - in nl.nn.adapterframework.util.AppConstantsTest
[INFO] Running nl.nn.adapterframework.util.ClassUtilsTest
[INFO] Tests run: 36, Failures: 0, Errors: 0, Skipped: 0, Time elapsed: 0.359 s - in nl.nn.adapterframework.util.ClassUtilsTest
[INFO] Running nl.nn.adapterframework.util.EntityResolvingTest
[INFO] Tests run: 4, Failures: 0, Errors: 0, Skipped: 0, Time elapsed: 0.469 s - in nl.nn.adapterframework.util.EntityResolvingTest
[INFO] Running nl.nn.adapterframework.util.FileHandlerTest
[INFO] Tests run: 17, Failures: 0, Errors: 0, Skipped: 0, Time elapsed: 0.629 s - in nl.nn.adapterframework.util.FileHandlerTest
[INFO] Running nl.nn.adapterframework.util.FlowDiagramTest
[INFO] Tests run: 3, Failures: 0, Errors: 0, Skipped: 0, Time elapsed: 0.546 s - in nl.nn.adapterframework.util.FlowDiagramTest
[INFO] Running nl.nn.adapterframework.util.JdbcUtilTest
[INFO] Tests run: 1, Failures: 0, Errors: 0, Skipped: 0, Time elapsed: 0.886 s - in nl.nn.adapterframework.util.JdbcUtilTest
[INFO] Running nl.nn.adapterframework.util.MiscTest
[INFO] Tests run: 1, Failures: 0, Errors: 0, Skipped: 0, Time elapsed: 0 s - in nl.nn.adapterframework.util.MiscTest
[INFO] Running nl.nn.adapterframework.util.StreamUtilTest
[INFO] Tests run: 6, Failures: 0, Errors: 0, Skipped: 0, Time elapsed: 0.217 s - in nl.nn.adapterframework.util.StreamUtilTest
[INFO] Running nl.nn.adapterframework.util.StringResolverTest
[INFO] Tests run: 3, Failures: 0, Errors: 0, Skipped: 0, Time elapsed: 0 s - in nl.nn.adapterframework.util.StringResolverTest
[INFO] Running nl.nn.adapterframework.util.TransformerPoolTest
[INFO] Tests run: 5, Failures: 0, Errors: 0, Skipped: 0, Time elapsed: 0.239 s - in nl.nn.adapterframework.util.TransformerPoolTest
[INFO] Running nl.nn.adapterframework.util.XmlBuilderTest
[INFO] Tests run: 3, Failures: 0, Errors: 0, Skipped: 0, Time elapsed: 0.02 s - in nl.nn.adapterframework.util.XmlBuilderTest
[INFO] Running nl.nn.adapterframework.util.XmlUtilsTest
[INFO] Tests run: 6, Failures: 0, Errors: 0, Skipped: 0, Time elapsed: 0.189 s - in nl.nn.adapterframework.util.XmlUtilsTest
[INFO] Running nl.nn.adapterframework.util.XpathTest
[INFO] Tests run: 11, Failures: 0, Errors: 0, Skipped: 0, Time elapsed: 0.001 s - in nl.nn.adapterframework.util.XpathTest
[INFO] Running nl.nn.adapterframework.util.XsdUtilsTest
[INFO] Tests run: 3, Failures: 0, Errors: 0, Skipped: 0, Time elapsed: 0 s - in nl.nn.adapterframework.util.XsdUtilsTest
[INFO] Running nl.nn.adapterframework.util.XsltStreamingTest
[WARNING] Tests run: 1, Failures: 0, Errors: 0, Skipped: 1, Time elapsed: 0 s - in nl.nn.adapterframework.util.XsltStreamingTest
[INFO] Running nl.nn.adapterframework.validation.AllXmlValidatorTest
[WARNING] Tests run: 32, Failures: 0, Errors: 0, Skipped: 2, Time elapsed: 0.214 s - in nl.nn.adapterframework.validation.AllXmlValidatorTest
[INFO] Running nl.nn.adapterframework.validation.Json2XmlValidatorSmileyTest
[ERROR] Tests run: 6, Failures: 1, Errors: 0, Skipped: 0, Time elapsed: 0.167 s <<< FAILURE! - in nl.nn.adapterframework.validation.Json2XmlValidatorSmileyTest
[ERROR] testJson2Xml(nl.nn.adapterframework.validation.Json2XmlValidatorSmileyTest)  Time elapsed: 0.004 s  <<< FAILURE!
junit.framework.ComparisonFailure: expected:<<[?xml version="1.0" encoding="UTF-8"?><]x>😊</x>> but was:<<[]x>😊</x>>
	at nl.nn.adapterframework.validation.Json2XmlValidatorSmileyTest.testJson2Xml(Json2XmlValidatorSmileyTest.java:93)

[INFO] Running nl.nn.adapterframework.validation.Json2XmlValidatorTest
[WARNING] Tests run: 34, Failures: 0, Errors: 0, Skipped: 2, Time elapsed: 2.165 s - in nl.nn.adapterframework.validation.Json2XmlValidatorTest
[INFO] Running nl.nn.adapterframework.validation.SingleJson2XmlValidatorTest
[WARNING] Tests run: 17, Failures: 0, Errors: 0, Skipped: 1, Time elapsed: 0.211 s - in nl.nn.adapterframework.validation.SingleJson2XmlValidatorTest
[INFO] Running nl.nn.adapterframework.validation.SingleXmlValidatorEntityResolvingTest
[INFO] Tests run: 4, Failures: 0, Errors: 0, Skipped: 0, Time elapsed: 0.277 s - in nl.nn.adapterframework.validation.SingleXmlValidatorEntityResolvingTest
[INFO] Running nl.nn.adapterframework.validation.SingleXmlValidatorTest
[WARNING] Tests run: 16, Failures: 0, Errors: 0, Skipped: 1, Time elapsed: 0.1 s - in nl.nn.adapterframework.validation.SingleXmlValidatorTest
[INFO] Running nl.nn.adapterframework.validation.ValidatorEntityExpansionTest
[INFO] Tests run: 8, Failures: 0, Errors: 0, Skipped: 0, Time elapsed: 0.114 s - in nl.nn.adapterframework.validation.ValidatorEntityExpansionTest
[INFO] Running nl.nn.adapterframework.validation.XmlValidatorExtraTest
[INFO] Tests run: 8, Failures: 0, Errors: 0, Skipped: 0, Time elapsed: 1.781 s - in nl.nn.adapterframework.validation.XmlValidatorExtraTest
[INFO] Running nl.nn.adapterframework.webcontrol.api.ServerStatisticsTest
[INFO] Tests run: 3, Failures: 0, Errors: 0, Skipped: 0, Time elapsed: 0.701 s - in nl.nn.adapterframework.webcontrol.api.ServerStatisticsTest
[INFO] Running nl.nn.adapterframework.xml.ClassLoaderEntityResolverTest
[WARNING] Tests run: 6, Failures: 0, Errors: 0, Skipped: 1, Time elapsed: 0.001 s - in nl.nn.adapterframework.xml.ClassLoaderEntityResolverTest
[INFO] Running nl.nn.adapterframework.xml.ClassLoaderURIResolverTest
[INFO] Tests run: 24, Failures: 0, Errors: 0, Skipped: 0, Time elapsed: 0.378 s - in nl.nn.adapterframework.xml.ClassLoaderURIResolverTest
[INFO] Running nl.nn.adapterframework.xml.ClassLoaderXmlEntityResolverTest
[INFO] Tests run: 5, Failures: 0, Errors: 0, Skipped: 0, Time elapsed: 0.001 s - in nl.nn.adapterframework.xml.ClassLoaderXmlEntityResolverTest
[INFO] Running nl.nn.adapterframework.xml.NamespaceRemovingFilterTest
[INFO] Tests run: 3, Failures: 0, Errors: 0, Skipped: 0, Time elapsed: 0 s - in nl.nn.adapterframework.xml.NamespaceRemovingFilterTest
[INFO] Running nl.nn.adapterframework.xml.NodeSetFilterTest
[INFO] Tests run: 11, Failures: 0, Errors: 0, Skipped: 0, Time elapsed: 0.36 s - in nl.nn.adapterframework.xml.NodeSetFilterTest
[INFO] Running nl.nn.adapterframework.xml.SaxExceptionTest
[INFO] Tests run: 15, Failures: 0, Errors: 0, Skipped: 0, Time elapsed: 0.008 s - in nl.nn.adapterframework.xml.SaxExceptionTest
[INFO] Running nl.nn.adapterframework.xml.SkipEmptyTagsFilterTest
[INFO] Tests run: 1, Failures: 0, Errors: 0, Skipped: 0, Time elapsed: 0.141 s - in nl.nn.adapterframework.xml.SkipEmptyTagsFilterTest
[INFO] Running nl.nn.adapterframework.xml.StaxParserTest
[INFO] Tests run: 3, Failures: 0, Errors: 0, Skipped: 0, Time elapsed: 0.116 s - in nl.nn.adapterframework.xml.StaxParserTest
[INFO] Running nl.nn.adapterframework.xml.XmlPrettyPrintFilterTest
[INFO] Tests run: 3, Failures: 0, Errors: 0, Skipped: 0, Time elapsed: 0.137 s - in nl.nn.adapterframework.xml.XmlPrettyPrintFilterTest
[INFO] Running nl.nn.adapterframework.xml.XmlWriterTest
[INFO] Tests run: 5, Failures: 0, Errors: 0, Skipped: 0, Time elapsed: 0.092 s - in nl.nn.adapterframework.xml.XmlWriterTest
[INFO] Running nl.nn.adapterframework.xslt.ParallelXsltTest
[ERROR] Tests run: 117, Failures: 1, Errors: 0, Skipped: 3, Time elapsed: 7.121 s <<< FAILURE! - in nl.nn.adapterframework.xslt.ParallelXsltTest
[ERROR] importNotFoundXslt1[0: classic: provide [false] stream out [false]](nl.nn.adapterframework.xslt.ParallelXsltTest)  Time elapsed: 0.224 s  <<< FAILURE!
java.lang.AssertionError: 
number of alerts in logging
Expected: is <1>
     but: was <4>
	at nl.nn.adapterframework.xslt.ParallelXsltTest.checkTestAppender(ParallelXsltTest.java:131)

[INFO] Running nl.nn.adapterframework.xslt.XsltPipeTest
[WARNING] Tests run: 195, Failures: 0, Errors: 0, Skipped: 5, Time elapsed: 3.093 s - in nl.nn.adapterframework.xslt.XsltPipeTest
[INFO] Running nl.nn.adapterframework.xslt.XsltSenderTest
[WARNING] Tests run: 200, Failures: 0, Errors: 0, Skipped: 5, Time elapsed: 1.441 s - in nl.nn.adapterframework.xslt.XsltSenderTest
[INFO] 
[INFO] Results:
[INFO] 
[ERROR] Failures: 
[ERROR]   Json2XmlValidatorSmileyTest.testJson2Xml:93 expected:<<[?xml version="1.0" encoding="UTF-8"?><]x>😊</x>> but was:<<[]x>😊</x>>
[ERROR]   ParallelXsltTest>XsltErrorTestBase.importNotFoundXslt1:212->checkTestAppender:131->XsltErrorTestBase.checkTestAppender:93 number of alerts in logging
Expected: is <1>
     but: was <4>
[ERROR] Errors: 
[ERROR]   ToCsv.doTest:51 » NullPointer No parent for filter
[ERROR]   ToCsv.doTest:51 » NullPointer No parent for filter
[ERROR]   ToJson.doTest:51 » NullPointer No parent for filter
[ERROR]   ToJson.doTest:51 » NullPointer No parent for filter
[ERROR]   ToMap.doTest:56 » NullPointer No parent for filter
[ERROR]   ToMap.doTest:56 » NullPointer No parent for filter
[INFO] 
[ERROR] Tests run: 2440, Failures: 2, Errors: 6, Skipped: 148
[INFO] 
[INFO] ------------------------------------------------------------------------
[INFO] Reactor Summary:
[INFO] 
[INFO] Ibis AdapterFramework parent ....................... SUCCESS [  1.616 s]
[INFO] Ibis AdapterFramework core ......................... FAILURE [03:57 min]
[INFO] Ibis AdapterFramework Larva ........................ SKIPPED
[INFO] Ibis AdapterFramework support for Akamai ........... SKIPPED
[INFO] Ibis AdapterFramework Ladybug ...................... SKIPPED
[INFO] Ibis AdapterFramework support for Cmis ............. SKIPPED
[INFO] Ibis AdapterFramework webapp ....................... SKIPPED
[INFO] Ibis AdapterFramework Test ......................... SKIPPED
[INFO] Ibis AdapterFramework iaf-test-ear ................. SKIPPED
[INFO] Ibis AdapterFramework example ...................... SKIPPED
[INFO] Ibis AdapterFramework example-ear .................. SKIPPED
[INFO] ------------------------------------------------------------------------
[INFO] BUILD FAILURE
[INFO] ------------------------------------------------------------------------
[INFO] Total time: 04:01 min
[INFO] Finished at: 2022-04-24T10:36:25Z
[INFO] Final Memory: 31M/1631M
[INFO] ------------------------------------------------------------------------
[ERROR] Failed to execute goal org.apache.maven.plugins:maven-surefire-plugin:2.22.2:test (default-test) on project ibis-adapterframework-core: There are test failures.
[ERROR] 
[ERROR] Please refer to /home/travis/build/failed/ibissource/iaf/core/target/surefire-reports for the individual test results.
[ERROR] Please refer to dump files (if any exist) [date].dump, [date]-jvmRun[N].dump and [date].dumpstream.
[ERROR] -> [Help 1]
[ERROR] 
[ERROR] To see the full stack trace of the errors, re-run Maven with the -e switch.
[ERROR] Re-run Maven using the -X switch to enable full debug logging.
[ERROR] 
[ERROR] For more information about the errors and possible solutions, please read the following articles:
[ERROR] [Help 1] http://cwiki.apache.org/confluence/display/MAVEN/MojoFailureException
[ERROR] 
[ERROR] After correcting the problems, you can resume the build with the command
[ERROR]   mvn <goals> -rf :ibis-adapterframework-core
travis_time:end:00b7d402:start=1650796342630589776,finish=1650796585611987062,duration=242981397286,event=script[0K[31;1mThe command "mvn -o install -B -V -T1 -Dmaven.javadoc.skip=true -Pibissource" exited with 1.[0m
travis_fold:start:cache.2[0Kstore build cache
travis_time:start:0ec81f18[0Ktravis_time:end:0ec81f18:start=1650796585622543704,finish=1650796585629516615,duration=6972911,event=cache[0Ktravis_time:start:0b7cb71f[0K[32;1mchanges detected, packing new archive[0m
[32;1muploading /[0m
[31;1mfailed to upload cache[0m
travis_time:end:0b7cb71f:start=1650796585637520961,finish=1650796614469321206,duration=28831800245,event=cache[0Ktravis_fold:end:cache.2[0K

Done. Your build exited with 1.
