travis_time:start:07917b18[0Ktravis_time:end:07917b18:start=1650752340297478769,finish=1650752340689629638,duration=392150869,event=no_world_writable_dirs[0Ktravis_time:start:2aa763a6[0Ktravis_time:end:2aa763a6:start=1650752340697955097,finish=1650752340703214226,duration=5259129,event=check_unsupported[0Ktravis_time:start:23631c20[0Ktravis_fold:start:system_info[0K[33;1mBuild system information[0m
Build language: java
Build group: stable
Build dist: trusty
Build id: ''
Job id: ''
Runtime kernel version: 4.15.0-109-generic
[34m[1mBuild image provisioning date and time[0m
Tue Dec  5 20:11:19 UTC 2017
[34m[1mOperating System Details[0m
Distributor ID:	Ubuntu
Description:	Ubuntu 14.04.5 LTS
Release:	14.04
Codename:	trusty
[34m[1mCookbooks Version[0m
7c2c6a6 https://github.com/travis-ci/travis-cookbooks/tree/7c2c6a6
[34m[1mgit version[0m
git version 2.15.1
[34m[1mbash version[0m
GNU bash, version 4.3.11(1)-release (x86_64-pc-linux-gnu)
[34m[1mgcc version[0m
gcc (Ubuntu 4.8.4-2ubuntu1~14.04.3) 4.8.4
Copyright (C) 2013 Free Software Foundation, Inc.
This is free software; see the source for copying conditions.  There is NO
warranty; not even for MERCHANTABILITY or FITNESS FOR A PARTICULAR PURPOSE.

[34m[1mdocker version[0m
Client:
 Version:      17.09.0-ce
 API version:  1.32
 Go version:   go1.8.3
 Git commit:   afdb6d4
 Built:        Tue Sep 26 22:39:28 2017
 OS/Arch:      linux/amd64
[34m[1mclang version[0m
clang version 5.0.0 (tags/RELEASE_500/final)
Target: x86_64-unknown-linux-gnu
Thread model: posix
InstalledDir: /usr/local/clang-5.0.0/bin
[34m[1mjq version[0m
jq-1.5
[34m[1mbats version[0m
Bats 0.4.0
[34m[1mshellcheck version[0m
0.4.6
[34m[1mshfmt version[0m
v2.0.0
[34m[1mccache version[0m
ccache version 3.1.9

Copyright (C) 2002-2007 Andrew Tridgell
Copyright (C) 2009-2011 Joel Rosdahl

This program is free software; you can redistribute it and/or modify it under
the terms of the GNU General Public License as published by the Free Software
Foundation; either version 3 of the License, or (at your option) any later
version.
[34m[1mcmake version[0m
cmake version 3.9.2

CMake suite maintained and supported by Kitware (kitware.com/cmake).
[34m[1mheroku version[0m
heroku-cli/6.14.39-addc925 (linux-x64) node-v9.2.0
[34m[1mimagemagick version[0m
Version: ImageMagick 6.7.7-10 2017-07-31 Q16 http://www.imagemagick.org
[34m[1mmd5deep version[0m
4.2
[34m[1mmercurial version[0m
Mercurial Distributed SCM (version 4.2.2)
(see https://mercurial-scm.org for more information)

Copyright (C) 2005-2017 Matt Mackall and others
This is free software; see the source for copying conditions. There is NO
warranty; not even for MERCHANTABILITY or FITNESS FOR A PARTICULAR PURPOSE.
[34m[1mmysql version[0m
mysql  Ver 14.14 Distrib 5.6.33, for debian-linux-gnu (x86_64) using  EditLine wrapper
[34m[1mopenssl version[0m
OpenSSL 1.0.1f 6 Jan 2014
[34m[1mpacker version[0m
Packer v1.0.2

Your version of Packer is out of date! The latest version
is 1.1.2. You can update by downloading from www.packer.io
[34m[1mpostgresql client version[0m
psql (PostgreSQL) 9.6.6
[34m[1mragel version[0m
Ragel State Machine Compiler version 6.8 Feb 2013
Copyright (c) 2001-2009 by Adrian Thurston
[34m[1msubversion version[0m
svn, version 1.8.8 (r1568071)
   compiled Aug 10 2017, 17:20:39 on x86_64-pc-linux-gnu

Copyright (C) 2013 The Apache Software Foundation.
This software consists of contributions made by many people;
see the NOTICE file for more information.
Subversion is open source software, see http://subversion.apache.org/

The following repository access (RA) modules are available:

* ra_svn : Module for accessing a repository using the svn network protocol.
  - with Cyrus SASL authentication
  - handles 'svn' scheme
* ra_local : Module for accessing a repository on local disk.
  - handles 'file' scheme
* ra_serf : Module for accessing a repository via WebDAV protocol using serf.
  - using serf 1.3.3
  - handles 'http' scheme
  - handles 'https' scheme

[34m[1msudo version[0m
Sudo version 1.8.9p5
Configure options: --prefix=/usr -v --with-all-insults --with-pam --with-fqdn --with-logging=syslog --with-logfac=authpriv --with-env-editor --with-editor=/usr/bin/editor --with-timeout=15 --with-password-timeout=0 --with-passprompt=[sudo] password for %p:  --without-lecture --with-tty-tickets --disable-root-mailer --enable-admin-flag --with-sendmail=/usr/sbin/sendmail --with-timedir=/var/lib/sudo --mandir=/usr/share/man --libexecdir=/usr/lib/sudo --with-sssd --with-sssd-lib=/usr/lib/x86_64-linux-gnu --with-selinux
Sudoers policy plugin version 1.8.9p5
Sudoers file grammar version 43

Sudoers path: /etc/sudoers
Authentication methods: 'pam'
Syslog facility if syslog is being used for logging: authpriv
Syslog priority to use when user authenticates successfully: notice
Syslog priority to use when user authenticates unsuccessfully: alert
Send mail if the user is not in sudoers
Use a separate timestamp for each user/tty combo
Lecture user the first time they run sudo
Root may run sudo
Allow some information gathering to give useful error messages
Require fully-qualified hostnames in the sudoers file
Visudo will honor the EDITOR environment variable
Set the LOGNAME and USER environment variables
Length at which to wrap log file lines (0 for no wrap): 80
Authentication timestamp timeout: 15.0 minutes
Password prompt timeout: 0.0 minutes
Number of tries to enter a password: 3
Umask to use or 0777 to use user's: 022
Path to mail program: /usr/sbin/sendmail
Flags for mail program: -t
Address to send mail to: root
Subject line for mail messages: *** SECURITY information for %h ***
Incorrect password message: Sorry, try again.
Path to authentication timestamp dir: /var/lib/sudo
Default password prompt: [sudo] password for %p: 
Default user to run commands as: root
Value to override user's $PATH with: /usr/local/sbin:/usr/local/bin:/usr/sbin:/usr/bin:/sbin:/bin:/snap/bin
Path to the editor for use by visudo: /usr/bin/editor
When to require a password for 'list' pseudocommand: any
When to require a password for 'verify' pseudocommand: all
File descriptors >= 3 will be closed before executing a command
Environment variables to check for sanity:
	TZ
	TERM
	LINGUAS
	LC_*
	LANGUAGE
	LANG
	COLORTERM
Environment variables to remove:
	RUBYOPT
	RUBYLIB
	PYTHONUSERBASE
	PYTHONINSPECT
	PYTHONPATH
	PYTHONHOME
	TMPPREFIX
	ZDOTDIR
	READNULLCMD
	NULLCMD
	FPATH
	PERL5DB
	PERL5OPT
	PERL5LIB
	PERLLIB
	PERLIO_DEBUG 
	JAVA_TOOL_OPTIONS
	SHELLOPTS
	GLOBIGNORE
	PS4
	BASH_ENV
	ENV
	TERMCAP
	TERMPATH
	TERMINFO_DIRS
	TERMINFO
	_RLD*
	LD_*
	PATH_LOCALE
	NLSPATH
	HOSTALIASES
	RES_OPTIONS
	LOCALDOMAIN
	CDPATH
	IFS
Environment variables to preserve:
	JAVA_HOME
	TRAVIS
	CI
	DEBIAN_FRONTEND
	XAUTHORIZATION
	XAUTHORITY
	PS2
	PS1
	PATH
	LS_COLORS
	KRB5CCNAME
	HOSTNAME
	HOME
	DISPLAY
	COLORS
Locale to use while parsing sudoers: C
Directory in which to store input/output logs: /var/log/sudo-io
File in which to store the input/output log: %{seq}
Add an entry to the utmp/utmpx file when allocating a pty
PAM service name to use
PAM service name to use for login shells
Create a new PAM session for the command to run in
Maximum I/O log sequence number: 0

Local IP address and netmask pairs:
	172.17.0.2/255.255.0.0

Sudoers I/O plugin version 1.8.9p5
[34m[1mgzip version[0m
gzip 1.6
Copyright (C) 2007, 2010, 2011 Free Software Foundation, Inc.
Copyright (C) 1993 Jean-loup Gailly.
This is free software.  You may redistribute copies of it under the terms of
the GNU General Public License <http://www.gnu.org/licenses/gpl.html>.
There is NO WARRANTY, to the extent permitted by law.

Written by Jean-loup Gailly.
[34m[1mzip version[0m
Copyright (c) 1990-2008 Info-ZIP - Type 'zip "-L"' for software license.
This is Zip 3.0 (July 5th 2008), by Info-ZIP.
Currently maintained by E. Gordon.  Please send bug reports to
the authors using the web page at www.info-zip.org; see README for details.

Latest sources and executables are at ftp://ftp.info-zip.org/pub/infozip,
as of above date; see http://www.info-zip.org/ for other sites.

Compiled with gcc 4.8.2 for Unix (Linux ELF) on Oct 21 2013.

Zip special compilation options:
	USE_EF_UT_TIME       (store Universal Time)
	BZIP2_SUPPORT        (bzip2 library version 1.0.6, 6-Sept-2010)
	    bzip2 code and library copyright (c) Julian R Seward
	    (See the bzip2 license for terms of use)
	SYMLINK_SUPPORT      (symbolic links supported)
	LARGE_FILE_SUPPORT   (can read and write large files on file system)
	ZIP64_SUPPORT        (use Zip64 to store large files in archives)
	UNICODE_SUPPORT      (store and read UTF-8 Unicode paths)
	STORE_UNIX_UIDs_GIDs (store UID/GID sizes/values using new extra field)
	UIDGID_NOT_16BIT     (old Unix 16-bit UID/GID extra field not used)
	[encryption, version 2.91 of 05 Jan 2007] (modified for Zip 3)

Encryption notice:
	The encryption code of this program is not copyrighted and is
	put in the public domain.  It was originally written in Europe
	and, to the best of our knowledge, can be freely distributed
	in both source and object forms from any country, including
	the USA under License Exception TSU of the U.S. Export
	Administration Regulations (section 740.13(e)) of 6 June 2002.

Zip environment options:
             ZIP:  [none]
          ZIPOPT:  [none]
[34m[1mvim version[0m
VIM - Vi IMproved 7.4 (2013 Aug 10, compiled Nov 24 2016 16:43:18)
Included patches: 1-52
Extra patches: 8.0.0056
Modified by pkg-vim-maintainers@lists.alioth.debian.org
Compiled by buildd@
Huge version without GUI.  Features included (+) or not (-):
+acl             +farsi           +mouse_netterm   +syntax
+arabic          +file_in_path    +mouse_sgr       +tag_binary
+autocmd         +find_in_path    -mouse_sysmouse  +tag_old_static
-balloon_eval    +float           +mouse_urxvt     -tag_any_white
-browse          +folding         +mouse_xterm     -tcl
++builtin_terms  -footer          +multi_byte      +terminfo
+byte_offset     +fork()          +multi_lang      +termresponse
+cindent         +gettext         -mzscheme        +textobjects
-clientserver    -hangul_input    +netbeans_intg   +title
-clipboard       +iconv           +path_extra      -toolbar
+cmdline_compl   +insert_expand   -perl            +user_commands
+cmdline_hist    +jumplist        +persistent_undo +vertsplit
+cmdline_info    +keymap          +postscript      +virtualedit
+comments        +langmap         +printer         +visual
+conceal         +libcall         +profile         +visualextra
+cryptv          +linebreak       +python          +viminfo
+cscope          +lispindent      -python3         +vreplace
+cursorbind      +listcmds        +quickfix        +wildignore
+cursorshape     +localmap        +reltime         +wildmenu
+dialog_con      -lua             +rightleft       +windows
+diff            +menu            -ruby            +writebackup
+digraphs        +mksession       +scrollbind      -X11
-dnd             +modify_fname    +signs           -xfontset
-ebcdic          +mouse           +smartindent     -xim
+emacs_tags      -mouseshape      -sniff           -xsmp
+eval            +mouse_dec       +startuptime     -xterm_clipboard
+ex_extra        +mouse_gpm       +statusline      -xterm_save
+extra_search    -mouse_jsbterm   -sun_workshop    -xpm
   system vimrc file: "$VIM/vimrc"
     user vimrc file: "$HOME/.vimrc"
 2nd user vimrc file: "~/.vim/vimrc"
      user exrc file: "$HOME/.exrc"
  fall-back for $VIM: "/usr/share/vim"
Compilation: gcc -c -I. -Iproto -DHAVE_CONFIG_H     -g -O2 -fstack-protector --param=ssp-buffer-size=4 -Wformat -Werror=format-security -U_FORTIFY_SOURCE -D_FORTIFY_SOURCE=1      
Linking: gcc   -Wl,-Bsymbolic-functions -Wl,-z,relro -Wl,--as-needed -o vim        -lm -ltinfo -lnsl  -lselinux  -lacl -lattr -lgpm -ldl    -L/usr/lib/python2.7/config-x86_64-linux-gnu -lpython2.7 -lpthread -ldl -lutil -lm -Xlinker -export-dynamic -Wl,-O1 -Wl,-Bsymbolic-functions      
[34m[1miptables version[0m
iptables v1.4.21
[34m[1mcurl version[0m
curl 7.35.0 (x86_64-pc-linux-gnu) libcurl/7.35.0 OpenSSL/1.0.1f zlib/1.2.8 libidn/1.28 librtmp/2.3
[34m[1mwget version[0m
GNU Wget 1.15 built on linux-gnu.
[34m[1mrsync version[0m
rsync  version 3.1.0  protocol version 31
[34m[1mgimme version[0m
v1.2.0
[34m[1mnvm version[0m
0.33.6
[34m[1mperlbrew version[0m
/home/travis/perl5/perlbrew/bin/perlbrew  - App::perlbrew/0.80
[34m[1mphpenv version[0m
rbenv 1.1.1-25-g6aa70b6
[34m[1mrvm version[0m
rvm 1.29.3 (latest) by Michal Papis, Piotr Kuczynski, Wayne E. Seguin [https://rvm.io]
[34m[1mdefault ruby version[0m
ruby 2.4.1p111 (2017-03-22 revision 58053) [x86_64-linux]
[34m[1mCouchDB version[0m
couchdb 1.6.1
[34m[1mElasticSearch version[0m
5.5.0
[34m[1mInstalled Firefox version[0m
firefox 56.0.2
[34m[1mMongoDB version[0m
MongoDB 3.4.10
[34m[1mPhantomJS version[0m
2.1.1
[34m[1mPre-installed PostgreSQL versions[0m
9.2.24
9.3.20
9.4.15
9.5.10
9.6.6
[34m[1mRabbitMQ Version[0m
3.6.14
[34m[1mRedis version[0m
redis-server 4.0.6
[34m[1mriak version[0m
2.2.3
[34m[1mPre-installed Go versions[0m
1.7.4
[34m[1mant version[0m
Apache Ant(TM) version 1.9.3 compiled on April 8 2014
[34m[1mmvn version[0m
Apache Maven 3.5.2 (138edd61fd100ec658bfa2d307c43b76940a5d7d; 2017-10-18T07:58:13Z)
Maven home: /usr/local/maven-3.5.2
Java version: 1.8.0_151, vendor: Oracle Corporation
Java home: /usr/lib/jvm/java-8-oracle/jre
Default locale: en_US, platform encoding: UTF-8
OS name: "linux", version: "4.4.0-101-generic", arch: "amd64", family: "unix"
[34m[1mgradle version[0m

------------------------------------------------------------
Gradle 4.0.1
------------------------------------------------------------

Build time:   2017-07-07 14:02:41 UTC
Revision:     38e5dc0f772daecca1d2681885d3d85414eb6826

Groovy:       2.4.11
Ant:          Apache Ant(TM) version 1.9.6 compiled on June 29 2015
JVM:          1.8.0_151 (Oracle Corporation 25.151-b12)
OS:           Linux 4.4.0-101-generic amd64

[34m[1mlein version[0m
Leiningen 2.8.1 on Java 1.8.0_151 Java HotSpot(TM) 64-Bit Server VM
[34m[1mPre-installed Node.js versions[0m
v4.8.6
v6.12.0
v6.12.1
v8.9
v8.9.1
[34m[1mphpenv versions[0m
  system
  5.6
* 5.6.32 (set by /home/travis/.phpenv/version)
  7.0
  7.0.25
  7.1
  7.1.11
  hhvm
  hhvm-stable
[34m[1mcomposer --version[0m
Composer version 1.5.2 2017-09-11 16:59:25
[34m[1mPre-installed Ruby versions[0m
ruby-2.2.7
ruby-2.3.4
ruby-2.4.1
travis_fold:end:system_info[0K
travis_time:end:23631c20:start=1650752340710227716,finish=1650752340720959480,duration=10731764,event=show_system_info[0Ktravis_time:start:0b507ea2[0Ktravis_time:end:0b507ea2:start=1650752340728253263,finish=1650752340752629487,duration=24376224,event=rm_riak_source[0Ktravis_time:start:2a01890c[0Ktravis_time:end:2a01890c:start=1650752340759335180,finish=1650752340771108447,duration=11773267,event=fix_rwky_redis[0Ktravis_time:start:23b8b442[0K[31;1mTimeout waiting for network availability.[0m
travis_time:end:23b8b442:start=1650752340777492458,finish=1650752361515996610,duration=20738504152,event=wait_for_network[0Ktravis_time:start:02a2d93b[0Ktravis_time:end:02a2d93b:start=1650752361522344106,finish=1650752490951252230,duration=129428908124,event=update_apt_keys[0Ktravis_time:start:25db1666[0Ktravis_time:end:25db1666:start=1650752490958875460,finish=1650752500313681641,duration=9354806181,event=fix_hhvm_source[0Ktravis_time:start:0f22b480[0Ktravis_time:end:0f22b480:start=1650752500321636309,finish=1650752500328902950,duration=7266641,event=update_mongo_arch[0Ktravis_time:start:1d2d8fe9[0Ktravis_time:end:1d2d8fe9:start=1650752500336662801,finish=1650752500403596007,duration=66933206,event=fix_sudo_enabled_trusty[0Ktravis_time:start:046833b4[0Ktravis_time:end:046833b4:start=1650752500412510070,finish=1650752500432863095,duration=20353025,event=clean_up_path[0Ktravis_time:start:08370ed3[0Ktravis_time:end:08370ed3:start=1650752500441206396,finish=1650752500459929960,duration=18723564,event=fix_resolv_conf[0Ktravis_time:start:00495660[0Ktravis_time:end:00495660:start=1650752500467918712,finish=1650752500488350581,duration=20431869,event=fix_etc_hosts[0Ktravis_time:start:06689a63[0Ktravis_time:start:12c5ab7c[0Ktravis_time:end:12c5ab7c:start=1650752500646966314,finish=1650752500669689074,duration=22722760,event=no_ipv6_localhost[0Ktravis_time:start:2245140c[0Ktravis_time:end:2245140c:start=1650752500677257900,finish=1650752500683301825,duration=6043925,event=fix_etc_mavenrc[0Ktravis_time:start:1225c548[0Ktravis_time:end:1225c548:start=1650752500690656428,finish=1650752500698783610,duration=8127182,event=fix_wwdr_certificate[0Ktravis_time:start:1768a48b[0Ktravis_time:end:1768a48b:start=1650752500705722891,finish=1650752500750861602,duration=45138711,event=put_localhost_first[0Ktravis_time:start:075e0a70[0Ktravis_time:end:075e0a70:start=1650752500759105734,finish=1650752500765249418,duration=6143684,event=home_paths[0Ktravis_time:start:066fd4df[0Ktravis_time:end:066fd4df:start=1650752500773548194,finish=1650752501196827035,duration=423278841,event=disable_initramfs[0Ktravis_time:start:121a7030[0Ktravis_time:end:121a7030:start=1650752501205076452,finish=1650752501370341299,duration=165264847,event=disable_ssh_roaming[0Ktravis_time:start:16d42d22[0Ktravis_time:end:16d42d22:start=1650752501379780149,finish=1650752501386130734,duration=6350585,event=debug_tools[0Ktravis_time:start:034ea6b9[0Ktravis_time:end:034ea6b9:start=1650752501394648272,finish=1650752501402972679,duration=8324407,event=uninstall_oclint[0Ktravis_time:start:04c6282b[0Ktravis_time:end:04c6282b:start=1650752501411045681,finish=1650752501418368192,duration=7322511,event=rvm_use[0Ktravis_time:start:19c71a92[0Ktravis_time:end:19c71a92:start=1650752501426075420,finish=1650752501444593094,duration=18517674,event=rm_etc_boto_cfg[0Ktravis_time:start:203239c8[0Ktravis_time:end:203239c8:start=1650752501451722148,finish=1650752501457222241,duration=5500093,event=rm_oraclejdk8_symlink[0Ktravis_time:start:02a145c5[0Ktravis_time:end:02a145c5:start=1650752501464678284,finish=1650752502098086464,duration=633408180,event=enable_i386[0Ktravis_time:start:19e11e55[0Ktravis_time:end:19e11e55:start=1650752502107508879,finish=1650752502117095585,duration=9586706,event=update_rubygems[0Ktravis_time:start:157a6380[0Ktravis_time:end:157a6380:start=1650752502126264618,finish=1650752503378074652,duration=1251810034,event=ensure_path_components[0Ktravis_time:start:2de413da[0Ktravis_time:end:2de413da:start=1650752503387385345,finish=1650752503393601365,duration=6216020,event=redefine_curl[0Ktravis_time:start:046452a8[0Ktravis_time:end:046452a8:start=1650752503403056169,finish=1650752503409927026,duration=6870857,event=nonblock_pipe[0Ktravis_time:start:0c52d1e1[0Ktravis_time:end:0c52d1e1:start=1650752503419180386,finish=1650752512800113940,duration=9380933554,event=apt_get_update[0Ktravis_time:start:0e04549e[0Ktravis_time:end:0e04549e:start=1650752512808675552,finish=1650752512814511202,duration=5835650,event=deprecate_xcode_64[0Ktravis_time:start:3ac20d94[0Ktravis_time:end:3ac20d94:start=1650752512823948922,finish=1650752526022058284,duration=13198109362,event=update_heroku[0Ktravis_time:start:079ec4cc[0Ktravis_time:end:079ec4cc:start=1650752526030052584,finish=1650752526034475426,duration=4422842,event=shell_session_update[0Ktravis_time:start:14184fb8[0Ktravis_fold:start:docker_mtu[0Ktee: /etc/docker/daemon.json: No such file or directory
docker: unrecognized service
travis_fold:end:docker_mtu[0Ktravis_time:end:14184fb8:start=1650752526041319919,finish=1650752526082807189,duration=41487270,event=set_docker_mtu[0Ktravis_time:start:011ad8a3[0Ktravis_fold:start:resolvconf[0Kinitctl: Unable to connect to Upstart: Failed to connect to socket /com/ubuntu/upstart: Connection refused
 * Restarting resolvconf...
   ...done.
travis_fold:end:resolvconf[0Ktravis_time:end:011ad8a3:start=1650752526090721488,finish=1650752526177140497,duration=86419009,event=resolvconf[0Ktravis_time:start:2a7e0400[0Ktravis_time:end:2a7e0400:start=1650752526185904394,finish=1650752526279900029,duration=93995635,event=maven_https[0K
travis_fold:start:install_jdk[0K[33;1mInstalling openjdk7[0m
$ jdk_switcher use "openjdk7"
Switching to OpenJDK7 (java-1.7.0-openjdk-amd64), JAVA_HOME will be set to /usr/lib/jvm/java-7-openjdk-amd64
travis_fold:end:install_jdk[0Ktravis_time:start:0bef38cf[0Ktravis_fold:start:services[0Ktravis_time:start:090e1900[0K$ sudo service redis-server start
Starting redis-server: /etc/init.d/redis-server: 58: ulimit: error setting limit (Operation not permitted)
redis-server.
travis_time:end:090e1900:start=1650752539865078180,finish=1650752540327137400,duration=462059220,event=prepare[0Ktravis_fold:end:services[0Ktravis_time:end:090e1900:start=1650752539865078180,finish=1650752543336084175,duration=3471005995,event=services[0Ktravis_time:start:15968694[0Ktravis_time:end:15968694:start=1650752543342715729,finish=1650752543346942786,duration=4227057,event=fix_ps4[0Ktravis_time:start:00f90ab0[0K
$ cd failed/spring-projects/spring-security-oauth

travis_time:end:00f90ab0:start=1650752543352378405,finish=1650752543357320644,duration=4942239,event=checkout[0Ktravis_time:start:1562d388[0Ktravis_time:end:1562d388:start=1650752543364518723,finish=1650752543739246438,duration=374727715,event=env[0K$ java -Xmx32m -version
java version "1.7.0_151"
OpenJDK Runtime Environment (IcedTea 2.6.11) (7u151-2.6.11-2ubuntu0.14.04.1)
OpenJDK 64-Bit Server VM (build 24.151-b01, mixed mode)
$ javac -J-Xmx32m -version
javac 1.7.0_151
travis_fold:start:install[0Ktravis_time:start:0182ac20[0K$ ./mvnw -U install --quiet -DskipTests=true -P bootstrap
Deactivating "milestone" profile for version="2.3.5.BUILD-SNAPSHOT"
travis_time:end:0182ac20:start=1650752544210077021,finish=1650752714827631003,duration=170617553982,event=install[0Ktravis_fold:end:install[0Ktravis_time:start:01445e80[0K$ jdk_switcher use openjdk7
Switching to OpenJDK7 (java-1.7.0-openjdk-amd64), JAVA_HOME will be set to /usr/lib/jvm/java-7-openjdk-amd64
travis_time:end:01445e80:start=1650752714836532101,finish=1650752733744228062,duration=18907695961,event=script[0K[32;1mThe command "jdk_switcher use openjdk7" exited with 0.[0m
travis_time:start:0001bbe6[0K$ ./mvnw clean test -P bootstrap
Deactivating "milestone" profile for version="2.3.5.BUILD-SNAPSHOT"
[INFO] Scanning for projects...
[INFO] ------------------------------------------------------------------------
[INFO] Reactor Build Order:
[INFO] 
[INFO] OAuth for Spring Security
[INFO] OAuth 1(a) for Spring Security
[INFO] OAuth2 for Spring Security
[INFO] spring-oauth2-tests
[INFO] spring-oauth2-tests-common
[INFO] spring-oauth2-tests-vanilla
[INFO] spring-oauth2-tests-mappings
[INFO] spring-oauth2-tests-form
[INFO] spring-oauth2-tests-jwt
[INFO] spring-oauth2-tests-approval
[INFO] spring-oauth2-tests-jdbc
[INFO] spring-oauth2-tests-jpa
[INFO] spring-oauth2-tests-jaxb
[INFO] spring-oauth-tests-custom-grant
[INFO] spring-oauth2-tests-multi
[INFO] spring-oauth2-tests-client
[INFO] spring-oauth2-tests-resource
[INFO] spring-oauth2-tests-custom-authentication
[INFO] spring-oauth2-tests-xml
[INFO] spring-oauth2-tests-xml-common
[INFO] spring-oauth2-tests-xml-vanilla
[INFO] spring-oauth2-tests-xml-mappings
[INFO] spring-oauth2-tests-xml-form
[INFO] spring-oauth2-tests-xml-jwt
[INFO] spring-oauth2-tests-xml-approval
[INFO] spring-oauth2-tests-xml-jdbc
[INFO] spring-oauth2-tests-xml-client
[INFO] OAuth for Spring Security - Integration Tests
[INFO] OAuth for Spring Security - Sparklr (OAuth 1 Provider Example)
[INFO] OAuth for Spring Security - Tonr (OAuth 1 Consumer Example)
[INFO] OAuth for Spring Security - Sparklr2 (OAuth 2 Provider Example)
[INFO] OAuth for Spring Security - Tonr2 (OAuth 2 Client Example)
[INFO] OAuth for Spring Security - Samples
[INFO]                                                                         
[INFO] ------------------------------------------------------------------------
[INFO] Building OAuth for Spring Security 2.3.5.BUILD-SNAPSHOT
[INFO] ------------------------------------------------------------------------
[INFO] 
[INFO] --- maven-clean-plugin:2.5:clean (default-clean) @ spring-security-oauth-parent ---
[INFO]                                                                         
[INFO] ------------------------------------------------------------------------
[INFO] Building OAuth 1(a) for Spring Security 2.3.5.BUILD-SNAPSHOT
[INFO] ------------------------------------------------------------------------
[INFO] 
[INFO] --- maven-clean-plugin:2.5:clean (default-clean) @ spring-security-oauth ---
[INFO] Deleting /home/travis/build/failed/spring-projects/spring-security-oauth/spring-security-oauth/target
[INFO] 
[INFO] --- maven-resources-plugin:2.6:resources (default-resources) @ spring-security-oauth ---
[INFO] Using 'UTF-8' encoding to copy filtered resources.
[INFO] Copying 3 resources
[INFO] 
[INFO] --- maven-compiler-plugin:2.3.2:compile (default-compile) @ spring-security-oauth ---
[INFO] Compiling 108 source files to /home/travis/build/failed/spring-projects/spring-security-oauth/spring-security-oauth/target/classes
[WARNING] /home/travis/build/failed/spring-projects/spring-security-oauth/spring-security-oauth/src/main/java/org/springframework/security/oauth/consumer/net/OAuthOverHttpsURLStreamHandler.java:[36,78] Handler is internal proprietary API and may be removed in a future release
[WARNING] /home/travis/build/failed/spring-projects/spring-security-oauth/spring-security-oauth/src/main/java/org/springframework/security/oauth/consumer/net/OAuthOverHttpURLStreamHandler.java:[36,76] Handler is internal proprietary API and may be removed in a future release
[INFO] 
[INFO] --- maven-resources-plugin:2.6:testResources (default-testResources) @ spring-security-oauth ---
[INFO] Using 'UTF-8' encoding to copy filtered resources.
[INFO] Copying 8 resources
[INFO] 
[INFO] --- maven-compiler-plugin:2.3.2:testCompile (default-testCompile) @ spring-security-oauth ---
[INFO] Compiling 22 source files to /home/travis/build/failed/spring-projects/spring-security-oauth/spring-security-oauth/target/test-classes
[WARNING] /home/travis/build/failed/spring-projects/spring-security-oauth/spring-security-oauth/src/test/java/org/springframework/security/oauth/consumer/client/CoreOAuthConsumerSupportTests.java:[65,32] Handler is internal proprietary API and may be removed in a future release
[WARNING] /home/travis/build/failed/spring-projects/spring-security-oauth/spring-security-oauth/src/test/java/org/springframework/security/oauth/consumer/client/CoreOAuthConsumerSupportTests.java:[483,54] Handler is internal proprietary API and may be removed in a future release
[INFO] 
[INFO] --- maven-surefire-plugin:2.12.4:test (default-test) @ spring-security-oauth ---
[INFO] Surefire report directory: /home/travis/build/failed/spring-projects/spring-security-oauth/spring-security-oauth/target/surefire-reports

-------------------------------------------------------
 T E S T S
-------------------------------------------------------
Running org.springframework.security.oauth.config.ConsumerServiceBeanDefinitionParserTests
Tests run: 2, Failures: 0, Errors: 0, Skipped: 0, Time elapsed: 1.31 sec
Running org.springframework.security.oauth.config.FilterChainInitializationTests
Tests run: 1, Failures: 0, Errors: 0, Skipped: 0, Time elapsed: 0.186 sec
Running org.springframework.security.oauth.config.AuthorizationServerBeanDefinitionParserTests
Tests run: 2, Failures: 0, Errors: 0, Skipped: 0, Time elapsed: 0.206 sec
Running org.springframework.security.oauth.common.signature.HMAC_SHA1SignatureMethodTests
Tests run: 3, Failures: 0, Errors: 0, Skipped: 0, Time elapsed: 0.015 sec
Running org.springframework.security.oauth.common.signature.PlainTextSignatureMethodTests
Tests run: 1, Failures: 0, Errors: 0, Skipped: 0, Time elapsed: 0 sec
Running org.springframework.security.oauth.common.signature.RSA_SHA1SignatureMethodTests
Tests run: 2, Failures: 0, Errors: 0, Skipped: 0, Time elapsed: 0.191 sec
Running org.springframework.security.oauth.common.signature.CoreOAuthSignatureMethodFactoryTests
Tests run: 1, Failures: 0, Errors: 0, Skipped: 0, Time elapsed: 0.102 sec
Running org.springframework.security.oauth.common.OAuthCodecTests
Tests run: 1, Failures: 0, Errors: 0, Skipped: 0, Time elapsed: 0 sec
Running org.springframework.security.oauth.provider.filter.OAuthProcessingFilterTests
Tests run: 3, Failures: 0, Errors: 0, Skipped: 0, Time elapsed: 1.472 sec
Running org.springframework.security.oauth.provider.filter.ProtectedResourceProcessingFilterTests
Tests run: 1, Failures: 0, Errors: 0, Skipped: 0, Time elapsed: 0.009 sec
Running org.springframework.security.oauth.provider.filter.UserAuthorizationSuccessfulAuthenticationHandlerTests
Tests run: 1, Failures: 0, Errors: 0, Skipped: 0, Time elapsed: 0.003 sec
Running org.springframework.security.oauth.provider.filter.OAuthUserAuthorizationProcessingFilterTests
Tests run: 1, Failures: 0, Errors: 0, Skipped: 0, Time elapsed: 0.005 sec
Running org.springframework.security.oauth.provider.filter.AccessTokenProcessingFilterTests
Tests run: 2, Failures: 0, Errors: 0, Skipped: 0, Time elapsed: 0.001 sec
Running org.springframework.security.oauth.provider.filter.UnauthenticatedRequestTokenProcessingFilterTests
Tests run: 2, Failures: 0, Errors: 0, Skipped: 0, Time elapsed: 0.002 sec
Running org.springframework.security.oauth.provider.nonce.InMemoryNonceServicesTests
Tests run: 5, Failures: 0, Errors: 0, Skipped: 0, Time elapsed: 0.003 sec
Running org.springframework.security.oauth.provider.CoreOAuthProviderSupportTests
Tests run: 2, Failures: 0, Errors: 0, Skipped: 0, Time elapsed: 0.008 sec
Running org.springframework.security.oauth.consumer.filter.OAuthConsumerContextFilterTests
Tests run: 2, Failures: 0, Errors: 0, Skipped: 0, Time elapsed: 0.034 sec
Running org.springframework.security.oauth.consumer.client.OAuthRestTemplateTests
Tests run: 2, Failures: 0, Errors: 0, Skipped: 0, Time elapsed: 0.144 sec
Running org.springframework.security.oauth.consumer.client.CoreOAuthConsumerSupportTests
Tests run: 10, Failures: 0, Errors: 0, Skipped: 0, Time elapsed: 0.011 sec
Running org.springframework.security.oauth.consumer.rememberme.HttpSessionOAuthRememberMeServicesTests
Tests run: 4, Failures: 0, Errors: 0, Skipped: 0, Time elapsed: 0.008 sec
Running org.springframework.security.oauth.consumer.GoogleOAuthTests
Tests run: 1, Failures: 0, Errors: 0, Skipped: 0, Time elapsed: 0 sec
Running net.oauth.signature.GoogleCodeCompatibilityTests
Tests run: 2, Failures: 0, Errors: 0, Skipped: 0, Time elapsed: 0.167 sec

Results :

Tests run: 51, Failures: 0, Errors: 0, Skipped: 0

[INFO]                                                                         
[INFO] ------------------------------------------------------------------------
[INFO] Building OAuth2 for Spring Security 2.3.5.BUILD-SNAPSHOT
[INFO] ------------------------------------------------------------------------
[INFO] 
[INFO] --- maven-clean-plugin:2.5:clean (default-clean) @ spring-security-oauth2 ---
[INFO] Deleting /home/travis/build/failed/spring-projects/spring-security-oauth/spring-security-oauth2/target
[INFO] 
[INFO] --- maven-resources-plugin:2.6:resources (default-resources) @ spring-security-oauth2 ---
[INFO] Using 'UTF-8' encoding to copy filtered resources.
[INFO] Copying 4 resources
[INFO] 
[INFO] --- maven-compiler-plugin:2.3.2:compile (default-compile) @ spring-security-oauth2 ---
[INFO] Compiling 249 source files to /home/travis/build/failed/spring-projects/spring-security-oauth/spring-security-oauth2/target/classes
[INFO] 
[INFO] --- maven-resources-plugin:2.6:testResources (default-testResources) @ spring-security-oauth2 ---
[INFO] Using 'UTF-8' encoding to copy filtered resources.
[INFO] Copying 21 resources
[INFO] 
[INFO] --- maven-compiler-plugin:2.3.2:testCompile (default-testCompile) @ spring-security-oauth2 ---
[INFO] Compiling 119 source files to /home/travis/build/failed/spring-projects/spring-security-oauth/spring-security-oauth2/target/test-classes
[INFO] 
[INFO] --- maven-surefire-plugin:2.12.4:test (default-test) @ spring-security-oauth2 ---
[INFO] Surefire report directory: /home/travis/build/failed/spring-projects/spring-security-oauth/spring-security-oauth2/target/surefire-reports

-------------------------------------------------------
 T E S T S
-------------------------------------------------------
Running org.springframework.security.oauth2.config.xml.AuthorizationServerCustomGrantParserTests
Tests run: 1, Failures: 0, Errors: 0, Skipped: 0, Time elapsed: 0.584 sec
Running org.springframework.security.oauth2.config.xml.AuthorizationServerClientCredentialsPasswordValidXmlTests
Tests run: 2, Failures: 0, Errors: 0, Skipped: 0, Time elapsed: 1.386 sec
Running org.springframework.security.oauth2.config.xml.AuthorizationServerClientCredentialsPasswordInvalidXmlTests
[WARN] TokenEndpoint - Handling error: HttpMediaTypeNotSupportedException, Content type 'application/octet-stream' not supported
[WARN] TokenEndpoint - Handling error: HttpMediaTypeNotSupportedException, Content type 'application/octet-stream' not supported
Tests run: 2, Failures: 2, Errors: 0, Skipped: 0, Time elapsed: 0.415 sec <<< FAILURE!
clientAuthenticationPassesUsingUserCredentialsOnResourceOwnerPasswordGrantFlow(org.springframework.security.oauth2.config.xml.AuthorizationServerClientCredentialsPasswordInvalidXmlTests)  Time elapsed: 0.403 sec  <<< FAILURE!
java.lang.AssertionError: Status expected:<200> but was:<500>
	at org.springframework.test.util.AssertionErrors.fail(AssertionErrors.java:60)
	at org.springframework.test.util.AssertionErrors.assertEquals(AssertionErrors.java:89)
	at org.springframework.test.web.servlet.result.StatusResultMatchers$10.match(StatusResultMatchers.java:626)
	at org.springframework.test.web.servlet.MockMvc$1.andExpect(MockMvc.java:149)
	at org.springframework.security.oauth2.config.xml.AuthorizationServerClientCredentialsPasswordInvalidXmlTests.clientAuthenticationPassesUsingUserCredentialsOnResourceOwnerPasswordGrantFlow(AuthorizationServerClientCredentialsPasswordInvalidXmlTests.java:71)
	at sun.reflect.NativeMethodAccessorImpl.invoke0(Native Method)
	at sun.reflect.NativeMethodAccessorImpl.invoke(NativeMethodAccessorImpl.java:57)
	at sun.reflect.DelegatingMethodAccessorImpl.invoke(DelegatingMethodAccessorImpl.java:43)
	at java.lang.reflect.Method.invoke(Method.java:606)
	at org.junit.runners.model.FrameworkMethod$1.runReflectiveCall(FrameworkMethod.java:47)
	at org.junit.internal.runners.model.ReflectiveCallable.run(ReflectiveCallable.java:12)
	at org.junit.runners.model.FrameworkMethod.invokeExplosively(FrameworkMethod.java:44)
	at org.junit.internal.runners.statements.InvokeMethod.evaluate(InvokeMethod.java:17)
	at org.junit.internal.runners.statements.RunBefores.evaluate(RunBefores.java:26)
	at org.springframework.test.context.junit4.statements.RunBeforeTestMethodCallbacks.evaluate(RunBeforeTestMethodCallbacks.java:74)
	at org.springframework.test.context.junit4.statements.RunAfterTestMethodCallbacks.evaluate(RunAfterTestMethodCallbacks.java:83)
	at org.springframework.test.context.junit4.statements.SpringRepeat.evaluate(SpringRepeat.java:72)
	at org.springframework.test.context.junit4.SpringJUnit4ClassRunner.runChild(SpringJUnit4ClassRunner.java:233)
	at org.springframework.test.context.junit4.SpringJUnit4ClassRunner.runChild(SpringJUnit4ClassRunner.java:87)
	at org.junit.runners.ParentRunner$3.run(ParentRunner.java:238)
	at org.junit.runners.ParentRunner$1.schedule(ParentRunner.java:63)
	at org.junit.runners.ParentRunner.runChildren(ParentRunner.java:236)
	at org.junit.runners.ParentRunner.access$000(ParentRunner.java:53)
	at org.junit.runners.ParentRunner$2.evaluate(ParentRunner.java:229)
	at org.springframework.test.context.junit4.statements.RunBeforeTestClassCallbacks.evaluate(RunBeforeTestClassCallbacks.java:61)
	at org.springframework.test.context.junit4.statements.RunAfterTestClassCallbacks.evaluate(RunAfterTestClassCallbacks.java:71)
	at org.junit.runners.ParentRunner.run(ParentRunner.java:309)
	at org.springframework.test.context.junit4.SpringJUnit4ClassRunner.run(SpringJUnit4ClassRunner.java:176)
	at org.apache.maven.surefire.junit4.JUnit4Provider.execute(JUnit4Provider.java:252)
	at org.apache.maven.surefire.junit4.JUnit4Provider.executeTestSet(JUnit4Provider.java:141)
	at org.apache.maven.surefire.junit4.JUnit4Provider.invoke(JUnit4Provider.java:112)
	at sun.reflect.NativeMethodAccessorImpl.invoke0(Native Method)
	at sun.reflect.NativeMethodAccessorImpl.invoke(NativeMethodAccessorImpl.java:57)
	at sun.reflect.DelegatingMethodAccessorImpl.invoke(DelegatingMethodAccessorImpl.java:43)
	at java.lang.reflect.Method.invoke(Method.java:606)
	at org.apache.maven.surefire.util.ReflectionUtils.invokeMethodWithArray(ReflectionUtils.java:189)
	at org.apache.maven.surefire.booter.ProviderFactory$ProviderProxy.invoke(ProviderFactory.java:165)
	at org.apache.maven.surefire.booter.ProviderFactory.invokeProvider(ProviderFactory.java:85)
	at org.apache.maven.surefire.booter.ForkedBooter.runSuitesInProcess(ForkedBooter.java:115)
	at org.apache.maven.surefire.booter.ForkedBooter.main(ForkedBooter.java:75)

clientAuthenticationPassesUsingUserCredentialsOnClientCredentialsGrantFlow(org.springframework.security.oauth2.config.xml.AuthorizationServerClientCredentialsPasswordInvalidXmlTests)  Time elapsed: 0.009 sec  <<< FAILURE!
java.lang.AssertionError: Status expected:<200> but was:<500>
	at org.springframework.test.util.AssertionErrors.fail(AssertionErrors.java:60)
	at org.springframework.test.util.AssertionErrors.assertEquals(AssertionErrors.java:89)
	at org.springframework.test.web.servlet.result.StatusResultMatchers$10.match(StatusResultMatchers.java:626)
	at org.springframework.test.web.servlet.MockMvc$1.andExpect(MockMvc.java:149)
	at org.springframework.security.oauth2.config.xml.AuthorizationServerClientCredentialsPasswordInvalidXmlTests.clientAuthenticationPassesUsingUserCredentialsOnClientCredentialsGrantFlow(AuthorizationServerClientCredentialsPasswordInvalidXmlTests.java:63)
	at sun.reflect.NativeMethodAccessorImpl.invoke0(Native Method)
	at sun.reflect.NativeMethodAccessorImpl.invoke(NativeMethodAccessorImpl.java:57)
	at sun.reflect.DelegatingMethodAccessorImpl.invoke(DelegatingMethodAccessorImpl.java:43)
	at java.lang.reflect.Method.invoke(Method.java:606)
	at org.junit.runners.model.FrameworkMethod$1.runReflectiveCall(FrameworkMethod.java:47)
	at org.junit.internal.runners.model.ReflectiveCallable.run(ReflectiveCallable.java:12)
	at org.junit.runners.model.FrameworkMethod.invokeExplosively(FrameworkMethod.java:44)
	at org.junit.internal.runners.statements.InvokeMethod.evaluate(InvokeMethod.java:17)
	at org.junit.internal.runners.statements.RunBefores.evaluate(RunBefores.java:26)
	at org.springframework.test.context.junit4.statements.RunBeforeTestMethodCallbacks.evaluate(RunBeforeTestMethodCallbacks.java:74)
	at org.springframework.test.context.junit4.statements.RunAfterTestMethodCallbacks.evaluate(RunAfterTestMethodCallbacks.java:83)
	at org.springframework.test.context.junit4.statements.SpringRepeat.evaluate(SpringRepeat.java:72)
	at org.springframework.test.context.junit4.SpringJUnit4ClassRunner.runChild(SpringJUnit4ClassRunner.java:233)
	at org.springframework.test.context.junit4.SpringJUnit4ClassRunner.runChild(SpringJUnit4ClassRunner.java:87)
	at org.junit.runners.ParentRunner$3.run(ParentRunner.java:238)
	at org.junit.runners.ParentRunner$1.schedule(ParentRunner.java:63)
	at org.junit.runners.ParentRunner.runChildren(ParentRunner.java:236)
	at org.junit.runners.ParentRunner.access$000(ParentRunner.java:53)
	at org.junit.runners.ParentRunner$2.evaluate(ParentRunner.java:229)
	at org.springframework.test.context.junit4.statements.RunBeforeTestClassCallbacks.evaluate(RunBeforeTestClassCallbacks.java:61)
	at org.springframework.test.context.junit4.statements.RunAfterTestClassCallbacks.evaluate(RunAfterTestClassCallbacks.java:71)
	at org.junit.runners.ParentRunner.run(ParentRunner.java:309)
	at org.springframework.test.context.junit4.SpringJUnit4ClassRunner.run(SpringJUnit4ClassRunner.java:176)
	at org.apache.maven.surefire.junit4.JUnit4Provider.execute(JUnit4Provider.java:252)
	at org.apache.maven.surefire.junit4.JUnit4Provider.executeTestSet(JUnit4Provider.java:141)
	at org.apache.maven.surefire.junit4.JUnit4Provider.invoke(JUnit4Provider.java:112)
	at sun.reflect.NativeMethodAccessorImpl.invoke0(Native Method)
	at sun.reflect.NativeMethodAccessorImpl.invoke(NativeMethodAccessorImpl.java:57)
	at sun.reflect.DelegatingMethodAccessorImpl.invoke(DelegatingMethodAccessorImpl.java:43)
	at java.lang.reflect.Method.invoke(Method.java:606)
	at org.apache.maven.surefire.util.ReflectionUtils.invokeMethodWithArray(ReflectionUtils.java:189)
	at org.apache.maven.surefire.booter.ProviderFactory$ProviderProxy.invoke(ProviderFactory.java:165)
	at org.apache.maven.surefire.booter.ProviderFactory.invokeProvider(ProviderFactory.java:85)
	at org.apache.maven.surefire.booter.ForkedBooter.runSuitesInProcess(ForkedBooter.java:115)
	at org.apache.maven.surefire.booter.ForkedBooter.main(ForkedBooter.java:75)

Running org.springframework.security.oauth2.config.xml.ClientDetailsServiceBeanDefinitionParserTests
Tests run: 3, Failures: 0, Errors: 0, Skipped: 0, Time elapsed: 0.085 sec
Running org.springframework.security.oauth2.config.xml.ResourceBeanDefinitionParserTests
Tests run: 7, Failures: 0, Errors: 0, Skipped: 0, Time elapsed: 0.13 sec
Running org.springframework.security.oauth2.config.xml.InvalidResourceBeanDefinitionParserTests
Tests run: 5, Failures: 0, Errors: 0, Skipped: 0, Time elapsed: 0.133 sec
Running org.springframework.security.oauth2.config.xml.ResourceServerBeanDefinitionParserTests
Tests run: 2, Failures: 0, Errors: 0, Skipped: 0, Time elapsed: 0.149 sec
Running org.springframework.security.oauth2.config.xml.AuthorizationServerBeanDefinitionParserTests
Tests run: 12, Failures: 0, Errors: 0, Skipped: 0, Time elapsed: 0.419 sec
Running org.springframework.security.oauth2.config.xml.AuthorizationServerInvalidParserTests
Tests run: 1, Failures: 0, Errors: 0, Skipped: 0, Time elapsed: 0.011 sec
Running org.springframework.security.oauth2.config.annotation.Gh808EnableAuthorizationServerTests
Tests run: 2, Failures: 0, Errors: 0, Skipped: 0, Time elapsed: 0.531 sec
Running org.springframework.security.oauth2.config.annotation.TokenServicesMultipleBeansTests
Tests run: 1, Failures: 0, Errors: 0, Skipped: 0, Time elapsed: 0.157 sec
Running org.springframework.security.oauth2.config.annotation.AuthorizationServerConfigurationTests
[WARN] AnnotationConfigWebApplicationContext - Exception encountered during context initialization - cancelling refresh attempt <org.springframework.beans.factory.BeanCreationException: Error creating bean with name 'org.springframework.security.oauth2.config.annotation.web.configuration.AuthorizationServerEndpointsConfiguration': Injection of autowired dependencies failed; nested exception is org.springframework.beans.factory.BeanCreationException: Could not autowire field: private java.util.List org.springframework.security.oauth2.config.annotation.web.configuration.AuthorizationServerEndpointsConfiguration.configurers; nested exception is org.springframework.beans.factory.NoSuchBeanDefinitionException: No qualifying bean of type [org.springframework.security.oauth2.config.annotation.web.configuration.AuthorizationServerConfigurer] found for dependency [collection of org.springframework.security.oauth2.config.annotation.web.configuration.AuthorizationServerConfigurer]: expected at least 1 bean which qualifies as autowire candidate for this dependency. Dependency annotations: {@org.springframework.beans.factory.annotation.Autowired(required=true)}>org.springframework.beans.factory.BeanCreationException: Error creating bean with name 'org.springframework.security.oauth2.config.annotation.web.configuration.AuthorizationServerEndpointsConfiguration': Injection of autowired dependencies failed; nested exception is org.springframework.beans.factory.BeanCreationException: Could not autowire field: private java.util.List org.springframework.security.oauth2.config.annotation.web.configuration.AuthorizationServerEndpointsConfiguration.configurers; nested exception is org.springframework.beans.factory.NoSuchBeanDefinitionException: No qualifying bean of type [org.springframework.security.oauth2.config.annotation.web.configuration.AuthorizationServerConfigurer] found for dependency [collection of org.springframework.security.oauth2.config.annotation.web.configuration.AuthorizationServerConfigurer]: expected at least 1 bean which qualifies as autowire candidate for this dependency. Dependency annotations: {@org.springframework.beans.factory.annotation.Autowired(required=true)}
	at org.springframework.beans.factory.annotation.AutowiredAnnotationBeanPostProcessor.postProcessPropertyValues(AutowiredAnnotationBeanPostProcessor.java:301)
	at org.springframework.beans.factory.support.AbstractAutowireCapableBeanFactory.populateBean(AbstractAutowireCapableBeanFactory.java:1186)
	at org.springframework.beans.factory.support.AbstractAutowireCapableBeanFactory.doCreateBean(AbstractAutowireCapableBeanFactory.java:537)
	at org.springframework.beans.factory.support.AbstractAutowireCapableBeanFactory.createBean(AbstractAutowireCapableBeanFactory.java:475)
	at org.springframework.beans.factory.support.AbstractBeanFactory$1.getObject(AbstractBeanFactory.java:302)
	at org.springframework.beans.factory.support.DefaultSingletonBeanRegistry.getSingleton(DefaultSingletonBeanRegistry.java:229)
	at org.springframework.beans.factory.support.AbstractBeanFactory.doGetBean(AbstractBeanFactory.java:298)
	at org.springframework.beans.factory.support.AbstractBeanFactory.getBean(AbstractBeanFactory.java:193)
	at org.springframework.beans.factory.support.DefaultListableBeanFactory.preInstantiateSingletons(DefaultListableBeanFactory.java:706)
	at org.springframework.context.support.AbstractApplicationContext.finishBeanFactoryInitialization(AbstractApplicationContext.java:762)
	at org.springframework.context.support.AbstractApplicationContext.refresh(AbstractApplicationContext.java:482)
	at org.springframework.security.oauth2.config.annotation.AuthorizationServerConfigurationTests.testDefaults(AuthorizationServerConfigurationTests.java:139)
	at sun.reflect.NativeMethodAccessorImpl.invoke0(Native Method)
	at sun.reflect.NativeMethodAccessorImpl.invoke(NativeMethodAccessorImpl.java:57)
	at sun.reflect.DelegatingMethodAccessorImpl.invoke(DelegatingMethodAccessorImpl.java:43)
	at java.lang.reflect.Method.invoke(Method.java:606)
	at org.junit.runners.model.FrameworkMethod$1.runReflectiveCall(FrameworkMethod.java:47)
	at org.junit.internal.runners.model.ReflectiveCallable.run(ReflectiveCallable.java:12)
	at org.junit.runners.model.FrameworkMethod.invokeExplosively(FrameworkMethod.java:44)
	at org.junit.internal.runners.statements.InvokeMethod.evaluate(InvokeMethod.java:17)
	at org.junit.internal.runners.statements.RunAfters.evaluate(RunAfters.java:27)
	at org.junit.rules.ExpectedException$ExpectedExceptionStatement.evaluate(ExpectedException.java:168)
	at org.junit.rules.RunRules.evaluate(RunRules.java:20)
	at org.junit.runners.ParentRunner.runLeaf(ParentRunner.java:271)
	at org.junit.runners.BlockJUnit4ClassRunner.runChild(BlockJUnit4ClassRunner.java:70)
	at org.junit.runners.BlockJUnit4ClassRunner.runChild(BlockJUnit4ClassRunner.java:50)
	at org.junit.runners.ParentRunner$3.run(ParentRunner.java:238)
	at org.junit.runners.ParentRunner$1.schedule(ParentRunner.java:63)
	at org.junit.runners.ParentRunner.runChildren(ParentRunner.java:236)
	at org.junit.runners.ParentRunner.access$000(ParentRunner.java:53)
	at org.junit.runners.ParentRunner$2.evaluate(ParentRunner.java:229)
	at org.junit.runners.ParentRunner.run(ParentRunner.java:309)
	at org.junit.runners.Suite.runChild(Suite.java:127)
	at org.junit.runners.Suite.runChild(Suite.java:26)
	at org.junit.runners.ParentRunner$3.run(ParentRunner.java:238)
	at org.junit.runners.ParentRunner$1.schedule(ParentRunner.java:63)
	at org.junit.runners.ParentRunner.runChildren(ParentRunner.java:236)
	at org.junit.runners.ParentRunner.access$000(ParentRunner.java:53)
	at org.junit.runners.ParentRunner$2.evaluate(ParentRunner.java:229)
	at org.junit.runners.ParentRunner.run(ParentRunner.java:309)
	at org.apache.maven.surefire.junit4.JUnit4Provider.execute(JUnit4Provider.java:252)
	at org.apache.maven.surefire.junit4.JUnit4Provider.executeTestSet(JUnit4Provider.java:141)
	at org.apache.maven.surefire.junit4.JUnit4Provider.invoke(JUnit4Provider.java:112)
	at sun.reflect.NativeMethodAccessorImpl.invoke0(Native Method)
	at sun.reflect.NativeMethodAccessorImpl.invoke(NativeMethodAccessorImpl.java:57)
	at sun.reflect.DelegatingMethodAccessorImpl.invoke(DelegatingMethodAccessorImpl.java:43)
	at java.lang.reflect.Method.invoke(Method.java:606)
	at org.apache.maven.surefire.util.ReflectionUtils.invokeMethodWithArray(ReflectionUtils.java:189)
	at org.apache.maven.surefire.booter.ProviderFactory$ProviderProxy.invoke(ProviderFactory.java:165)
	at org.apache.maven.surefire.booter.ProviderFactory.invokeProvider(ProviderFactory.java:85)
	at org.apache.maven.surefire.booter.ForkedBooter.runSuitesInProcess(ForkedBooter.java:115)
	at org.apache.maven.surefire.booter.ForkedBooter.main(ForkedBooter.java:75)
Caused by: org.springframework.beans.factory.BeanCreationException: Could not autowire field: private java.util.List org.springframework.security.oauth2.config.annotation.web.configuration.AuthorizationServerEndpointsConfiguration.configurers; nested exception is org.springframework.beans.factory.NoSuchBeanDefinitionException: No qualifying bean of type [org.springframework.security.oauth2.config.annotation.web.configuration.AuthorizationServerConfigurer] found for dependency [collection of org.springframework.security.oauth2.config.annotation.web.configuration.AuthorizationServerConfigurer]: expected at least 1 bean which qualifies as autowire candidate for this dependency. Dependency annotations: {@org.springframework.beans.factory.annotation.Autowired(required=true)}
	at org.springframework.beans.factory.annotation.AutowiredAnnotationBeanPostProcessor$AutowiredFieldElement.inject(AutowiredAnnotationBeanPostProcessor.java:522)
	at org.springframework.beans.factory.annotation.InjectionMetadata.inject(InjectionMetadata.java:88)
	at org.springframework.beans.factory.annotation.AutowiredAnnotationBeanPostProcessor.postProcessPropertyValues(AutowiredAnnotationBeanPostProcessor.java:298)
	... 51 more
Caused by: org.springframework.beans.factory.NoSuchBeanDefinitionException: No qualifying bean of type [org.springframework.security.oauth2.config.annotation.web.configuration.AuthorizationServerConfigurer] found for dependency [collection of org.springframework.security.oauth2.config.annotation.web.configuration.AuthorizationServerConfigurer]: expected at least 1 bean which qualifies as autowire candidate for this dependency. Dependency annotations: {@org.springframework.beans.factory.annotation.Autowired(required=true)}
	at org.springframework.beans.factory.support.DefaultListableBeanFactory.raiseNoSuchBeanDefinitionException(DefaultListableBeanFactory.java:1118)
	at org.springframework.beans.factory.support.DefaultListableBeanFactory.doResolveDependency(DefaultListableBeanFactory.java:919)
	at org.springframework.beans.factory.support.DefaultListableBeanFactory.resolveDependency(DefaultListableBeanFactory.java:862)
	at org.springframework.beans.factory.annotation.AutowiredAnnotationBeanPostProcessor$AutowiredFieldElement.inject(AutowiredAnnotationBeanPostProcessor.java:494)
	... 53 more

[WARN] JwtAccessTokenConverter - Unable to create an RSA verifier from verifierKey (ignoreable if using MAC)
[WARN] AnnotationConfigWebApplicationContext - Exception encountered during context initialization - cancelling refresh attempt <org.springframework.beans.factory.BeanCreationException: Error creating bean with name 'authorizationServerConfigurationTests.AuthorizationServerTypes': Injection of autowired dependencies failed; nested exception is org.springframework.beans.factory.BeanCreationException: Could not autowire field: private org.springframework.security.oauth2.provider.token.AuthorizationServerTokenServices org.springframework.security.oauth2.config.annotation.AuthorizationServerConfigurationTests$AuthorizationServerTypes.tokenServices; nested exception is org.springframework.beans.factory.BeanCreationException: Error creating bean with name 'org.springframework.security.oauth2.config.annotation.web.configuration.AuthorizationServerEndpointsConfiguration': Invocation of init method failed; nested exception is java.lang.AssertionError>org.springframework.beans.factory.BeanCreationException: Error creating bean with name 'authorizationServerConfigurationTests.AuthorizationServerTypes': Injection of autowired dependencies failed; nested exception is org.springframework.beans.factory.BeanCreationException: Could not autowire field: private org.springframework.security.oauth2.provider.token.AuthorizationServerTokenServices org.springframework.security.oauth2.config.annotation.AuthorizationServerConfigurationTests$AuthorizationServerTypes.tokenServices; nested exception is org.springframework.beans.factory.BeanCreationException: Error creating bean with name 'org.springframework.security.oauth2.config.annotation.web.configuration.AuthorizationServerEndpointsConfiguration': Invocation of init method failed; nested exception is java.lang.AssertionError
	at org.springframework.beans.factory.annotation.AutowiredAnnotationBeanPostProcessor.postProcessPropertyValues(AutowiredAnnotationBeanPostProcessor.java:301)
	at org.springframework.beans.factory.support.AbstractAutowireCapableBeanFactory.populateBean(AbstractAutowireCapableBeanFactory.java:1186)
	at org.springframework.beans.factory.support.AbstractAutowireCapableBeanFactory.doCreateBean(AbstractAutowireCapableBeanFactory.java:537)
	at org.springframework.beans.factory.support.AbstractAutowireCapableBeanFactory.createBean(AbstractAutowireCapableBeanFactory.java:475)
	at org.springframework.beans.factory.support.AbstractBeanFactory$1.getObject(AbstractBeanFactory.java:302)
	at org.springframework.beans.factory.support.DefaultSingletonBeanRegistry.getSingleton(DefaultSingletonBeanRegistry.java:229)
	at org.springframework.beans.factory.support.AbstractBeanFactory.doGetBean(AbstractBeanFactory.java:298)
	at org.springframework.beans.factory.support.AbstractBeanFactory.getBean(AbstractBeanFactory.java:193)
	at org.springframework.beans.factory.support.DefaultListableBeanFactory.preInstantiateSingletons(DefaultListableBeanFactory.java:706)
	at org.springframework.context.support.AbstractApplicationContext.finishBeanFactoryInitialization(AbstractApplicationContext.java:762)
	at org.springframework.context.support.AbstractApplicationContext.refresh(AbstractApplicationContext.java:482)
	at org.springframework.security.oauth2.config.annotation.AuthorizationServerConfigurationTests.testDefaults(AuthorizationServerConfigurationTests.java:139)
	at sun.reflect.NativeMethodAccessorImpl.invoke0(Native Method)
	at sun.reflect.NativeMethodAccessorImpl.invoke(NativeMethodAccessorImpl.java:57)
	at sun.reflect.DelegatingMethodAccessorImpl.invoke(DelegatingMethodAccessorImpl.java:43)
	at java.lang.reflect.Method.invoke(Method.java:606)
	at org.junit.runners.model.FrameworkMethod$1.runReflectiveCall(FrameworkMethod.java:47)
	at org.junit.internal.runners.model.ReflectiveCallable.run(ReflectiveCallable.java:12)
	at org.junit.runners.model.FrameworkMethod.invokeExplosively(FrameworkMethod.java:44)
	at org.junit.internal.runners.statements.InvokeMethod.evaluate(InvokeMethod.java:17)
	at org.junit.internal.runners.statements.RunAfters.evaluate(RunAfters.java:27)
	at org.junit.rules.ExpectedException$ExpectedExceptionStatement.evaluate(ExpectedException.java:168)
	at org.junit.rules.RunRules.evaluate(RunRules.java:20)
	at org.junit.runners.ParentRunner.runLeaf(ParentRunner.java:271)
	at org.junit.runners.BlockJUnit4ClassRunner.runChild(BlockJUnit4ClassRunner.java:70)
	at org.junit.runners.BlockJUnit4ClassRunner.runChild(BlockJUnit4ClassRunner.java:50)
	at org.junit.runners.ParentRunner$3.run(ParentRunner.java:238)
	at org.junit.runners.ParentRunner$1.schedule(ParentRunner.java:63)
	at org.junit.runners.ParentRunner.runChildren(ParentRunner.java:236)
	at org.junit.runners.ParentRunner.access$000(ParentRunner.java:53)
	at org.junit.runners.ParentRunner$2.evaluate(ParentRunner.java:229)
	at org.junit.runners.ParentRunner.run(ParentRunner.java:309)
	at org.junit.runners.Suite.runChild(Suite.java:127)
	at org.junit.runners.Suite.runChild(Suite.java:26)
	at org.junit.runners.ParentRunner$3.run(ParentRunner.java:238)
	at org.junit.runners.ParentRunner$1.schedule(ParentRunner.java:63)
	at org.junit.runners.ParentRunner.runChildren(ParentRunner.java:236)
	at org.junit.runners.ParentRunner.access$000(ParentRunner.java:53)
	at org.junit.runners.ParentRunner$2.evaluate(ParentRunner.java:229)
	at org.junit.runners.ParentRunner.run(ParentRunner.java:309)
	at org.apache.maven.surefire.junit4.JUnit4Provider.execute(JUnit4Provider.java:252)
	at org.apache.maven.surefire.junit4.JUnit4Provider.executeTestSet(JUnit4Provider.java:141)
	at org.apache.maven.surefire.junit4.JUnit4Provider.invoke(JUnit4Provider.java:112)
	at sun.reflect.NativeMethodAccessorImpl.invoke0(Native Method)
	at sun.reflect.NativeMethodAccessorImpl.invoke(NativeMethodAccessorImpl.java:57)
	at sun.reflect.DelegatingMethodAccessorImpl.invoke(DelegatingMethodAccessorImpl.java:43)
	at java.lang.reflect.Method.invoke(Method.java:606)
	at org.apache.maven.surefire.util.ReflectionUtils.invokeMethodWithArray(ReflectionUtils.java:189)
	at org.apache.maven.surefire.booter.ProviderFactory$ProviderProxy.invoke(ProviderFactory.java:165)
	at org.apache.maven.surefire.booter.ProviderFactory.invokeProvider(ProviderFactory.java:85)
	at org.apache.maven.surefire.booter.ForkedBooter.runSuitesInProcess(ForkedBooter.java:115)
	at org.apache.maven.surefire.booter.ForkedBooter.main(ForkedBooter.java:75)
Caused by: org.springframework.beans.factory.BeanCreationException: Could not autowire field: private org.springframework.security.oauth2.provider.token.AuthorizationServerTokenServices org.springframework.security.oauth2.config.annotation.AuthorizationServerConfigurationTests$AuthorizationServerTypes.tokenServices; nested exception is org.springframework.beans.factory.BeanCreationException: Error creating bean with name 'org.springframework.security.oauth2.config.annotation.web.configuration.AuthorizationServerEndpointsConfiguration': Invocation of init method failed; nested exception is java.lang.AssertionError
	at org.springframework.beans.factory.annotation.AutowiredAnnotationBeanPostProcessor$AutowiredFieldElement.inject(AutowiredAnnotationBeanPostProcessor.java:522)
	at org.springframework.beans.factory.annotation.InjectionMetadata.inject(InjectionMetadata.java:88)
	at org.springframework.beans.factory.annotation.AutowiredAnnotationBeanPostProcessor.postProcessPropertyValues(AutowiredAnnotationBeanPostProcessor.java:298)
	... 51 more
Caused by: org.springframework.beans.factory.BeanCreationException: Error creating bean with name 'org.springframework.security.oauth2.config.annotation.web.configuration.AuthorizationServerEndpointsConfiguration': Invocation of init method failed; nested exception is java.lang.AssertionError
	at org.springframework.beans.factory.annotation.InitDestroyAnnotationBeanPostProcessor.postProcessBeforeInitialization(InitDestroyAnnotationBeanPostProcessor.java:136)
	at org.springframework.beans.factory.support.AbstractAutowireCapableBeanFactory.applyBeanPostProcessorsBeforeInitialization(AbstractAutowireCapableBeanFactory.java:407)
	at org.springframework.beans.factory.support.AbstractAutowireCapableBeanFactory.initializeBean(AbstractAutowireCapableBeanFactory.java:1546)
	at org.springframework.beans.factory.support.AbstractAutowireCapableBeanFactory.doCreateBean(AbstractAutowireCapableBeanFactory.java:539)
	at org.springframework.beans.factory.support.AbstractAutowireCapableBeanFactory.createBean(AbstractAutowireCapableBeanFactory.java:475)
	at org.springframework.beans.factory.support.AbstractBeanFactory$1.getObject(AbstractBeanFactory.java:302)
	at org.springframework.beans.factory.support.DefaultSingletonBeanRegistry.getSingleton(DefaultSingletonBeanRegistry.java:229)
	at org.springframework.beans.factory.support.AbstractBeanFactory.doGetBean(AbstractBeanFactory.java:298)
	at org.springframework.beans.factory.support.AbstractBeanFactory.getBean(AbstractBeanFactory.java:193)
	at org.springframework.beans.factory.support.ConstructorResolver.instantiateUsingFactoryMethod(ConstructorResolver.java:370)
	at org.springframework.beans.factory.support.AbstractAutowireCapableBeanFactory.instantiateUsingFactoryMethod(AbstractAutowireCapableBeanFactory.java:1095)
	at org.springframework.beans.factory.support.AbstractAutowireCapableBeanFactory.createBeanInstance(AbstractAutowireCapableBeanFactory.java:990)
	at org.springframework.beans.factory.support.AbstractAutowireCapableBeanFactory.doCreateBean(AbstractAutowireCapableBeanFactory.java:504)
	at org.springframework.beans.factory.support.AbstractAutowireCapableBeanFactory.createBean(AbstractAutowireCapableBeanFactory.java:475)
	at org.springframework.beans.factory.support.AbstractBeanFactory$1.getObject(AbstractBeanFactory.java:302)
	at org.springframework.beans.factory.support.DefaultSingletonBeanRegistry.getSingleton(DefaultSingletonBeanRegistry.java:229)
	at org.springframework.beans.factory.support.AbstractBeanFactory.doGetBean(AbstractBeanFactory.java:298)
	at org.springframework.beans.factory.support.AbstractBeanFactory.getBean(AbstractBeanFactory.java:193)
	at org.springframework.beans.factory.support.DefaultListableBeanFactory.findAutowireCandidates(DefaultListableBeanFactory.java:1021)
	at org.springframework.beans.factory.support.DefaultListableBeanFactory.doResolveDependency(DefaultListableBeanFactory.java:964)
	at org.springframework.beans.factory.support.DefaultListableBeanFactory.resolveDependency(DefaultListableBeanFactory.java:862)
	at org.springframework.beans.factory.annotation.AutowiredAnnotationBeanPostProcessor$AutowiredFieldElement.inject(AutowiredAnnotationBeanPostProcessor.java:494)
	... 53 more
Caused by: java.lang.AssertionError
	at org.junit.Assert.fail(Assert.java:86)
	at org.junit.Assert.assertTrue(Assert.java:41)
	at org.junit.Assert.assertTrue(Assert.java:52)
	at org.springframework.security.oauth2.config.annotation.AuthorizationServerConfigurationTests$AuthorizationServerTypes.configure(AuthorizationServerConfigurationTests.java:672)
	at org.springframework.security.oauth2.config.annotation.web.configuration.AuthorizationServerEndpointsConfiguration.init(AuthorizationServerEndpointsConfiguration.java:79)
	at sun.reflect.GeneratedMethodAccessor44.invoke(Unknown Source)
	at sun.reflect.DelegatingMethodAccessorImpl.invoke(DelegatingMethodAccessorImpl.java:43)
	at java.lang.reflect.Method.invoke(Method.java:606)
	at org.springframework.beans.factory.annotation.InitDestroyAnnotationBeanPostProcessor$LifecycleElement.invoke(InitDestroyAnnotationBeanPostProcessor.java:349)
	at org.springframework.beans.factory.annotation.InitDestroyAnnotationBeanPostProcessor$LifecycleMetadata.invokeInitMethods(InitDestroyAnnotationBeanPostProcessor.java:300)
	at org.springframework.beans.factory.annotation.InitDestroyAnnotationBeanPostProcessor.postProcessBeforeInitialization(InitDestroyAnnotationBeanPostProcessor.java:133)
	... 74 more

Tests run: 20, Failures: 0, Errors: 0, Skipped: 0, Time elapsed: 4.111 sec
Running org.springframework.security.oauth2.config.annotation.ClientConfigurationTests
Tests run: 1, Failures: 0, Errors: 0, Skipped: 0, Time elapsed: 0.109 sec
Running org.springframework.security.oauth2.config.annotation.ResourceServerConfigurationTests
[WARN] TokenEndpoint - Handling error: HttpMediaTypeNotSupportedException, Content type 'application/octet-stream' not supported
[WARN] PageNotFound - No mapping found for HTTP request with URI [/] in DispatcherServlet with name ''
[WARN] PageNotFound - No mapping found for HTTP request with URI [/] in DispatcherServlet with name ''
[WARN] PageNotFound - No mapping found for HTTP request with URI [/] in DispatcherServlet with name ''
[WARN] PageNotFound - No mapping found for HTTP request with URI [/] in DispatcherServlet with name ''
[WARN] TokenEndpoint - Handling error: HttpMediaTypeNotSupportedException, Content type 'application/octet-stream' not supported
Tests run: 9, Failures: 2, Errors: 0, Skipped: 0, Time elapsed: 0.724 sec <<< FAILURE!
testWithAuthServerCustomPath(org.springframework.security.oauth2.config.annotation.ResourceServerConfigurationTests)  Time elapsed: 0.125 sec  <<< FAILURE!
java.lang.AssertionError: Response content
Expected: a string containing "Missing grant type"
     but: was "{"error":"server_error","error_description":"Internal Server Error"}"
	at org.springframework.test.util.MatcherAssertionErrors.assertThat(MatcherAssertionErrors.java:76)
	at org.springframework.test.web.servlet.result.ContentResultMatchers$4.match(ContentResultMatchers.java:132)
	at org.springframework.test.web.servlet.MockMvc$1.andExpect(MockMvc.java:149)
	at org.springframework.security.oauth2.config.annotation.ResourceServerConfigurationTests.testWithAuthServerCustomPath(ResourceServerConfigurationTests.java:142)
	at sun.reflect.NativeMethodAccessorImpl.invoke0(Native Method)
	at sun.reflect.NativeMethodAccessorImpl.invoke(NativeMethodAccessorImpl.java:57)
	at sun.reflect.DelegatingMethodAccessorImpl.invoke(DelegatingMethodAccessorImpl.java:43)
	at java.lang.reflect.Method.invoke(Method.java:606)
	at org.junit.runners.model.FrameworkMethod$1.runReflectiveCall(FrameworkMethod.java:47)
	at org.junit.internal.runners.model.ReflectiveCallable.run(ReflectiveCallable.java:12)
	at org.junit.runners.model.FrameworkMethod.invokeExplosively(FrameworkMethod.java:44)
	at org.junit.internal.runners.statements.InvokeMethod.evaluate(InvokeMethod.java:17)
	at org.junit.internal.runners.statements.RunBefores.evaluate(RunBefores.java:26)
	at org.junit.rules.ExpectedException$ExpectedExceptionStatement.evaluate(ExpectedException.java:168)
	at org.junit.rules.RunRules.evaluate(RunRules.java:20)
	at org.junit.runners.ParentRunner.runLeaf(ParentRunner.java:271)
	at org.junit.runners.BlockJUnit4ClassRunner.runChild(BlockJUnit4ClassRunner.java:70)
	at org.junit.runners.BlockJUnit4ClassRunner.runChild(BlockJUnit4ClassRunner.java:50)
	at org.junit.runners.ParentRunner$3.run(ParentRunner.java:238)
	at org.junit.runners.ParentRunner$1.schedule(ParentRunner.java:63)
	at org.junit.runners.ParentRunner.runChildren(ParentRunner.java:236)
	at org.junit.runners.ParentRunner.access$000(ParentRunner.java:53)
	at org.junit.runners.ParentRunner$2.evaluate(ParentRunner.java:229)
	at org.junit.runners.ParentRunner.run(ParentRunner.java:309)
	at org.apache.maven.surefire.junit4.JUnit4Provider.execute(JUnit4Provider.java:252)
	at org.apache.maven.surefire.junit4.JUnit4Provider.executeTestSet(JUnit4Provider.java:141)
	at org.apache.maven.surefire.junit4.JUnit4Provider.invoke(JUnit4Provider.java:112)
	at sun.reflect.NativeMethodAccessorImpl.invoke0(Native Method)
	at sun.reflect.NativeMethodAccessorImpl.invoke(NativeMethodAccessorImpl.java:57)
	at sun.reflect.DelegatingMethodAccessorImpl.invoke(DelegatingMethodAccessorImpl.java:43)
	at java.lang.reflect.Method.invoke(Method.java:606)
	at org.apache.maven.surefire.util.ReflectionUtils.invokeMethodWithArray(ReflectionUtils.java:189)
	at org.apache.maven.surefire.booter.ProviderFactory$ProviderProxy.invoke(ProviderFactory.java:165)
	at org.apache.maven.surefire.booter.ProviderFactory.invokeProvider(ProviderFactory.java:85)
	at org.apache.maven.surefire.booter.ForkedBooter.runSuitesInProcess(ForkedBooter.java:115)
	at org.apache.maven.surefire.booter.ForkedBooter.main(ForkedBooter.java:75)

testWithAuthServer(org.springframework.security.oauth2.config.annotation.ResourceServerConfigurationTests)  Time elapsed: 0.11 sec  <<< FAILURE!
java.lang.AssertionError: Response content
Expected: a string containing "Missing grant type"
     but: was "{"error":"server_error","error_description":"Internal Server Error"}"
	at org.springframework.test.util.MatcherAssertionErrors.assertThat(MatcherAssertionErrors.java:76)
	at org.springframework.test.web.servlet.result.ContentResultMatchers$4.match(ContentResultMatchers.java:132)
	at org.springframework.test.web.servlet.MockMvc$1.andExpect(MockMvc.java:149)
	at org.springframework.security.oauth2.config.annotation.ResourceServerConfigurationTests.testWithAuthServer(ResourceServerConfigurationTests.java:123)
	at sun.reflect.NativeMethodAccessorImpl.invoke0(Native Method)
	at sun.reflect.NativeMethodAccessorImpl.invoke(NativeMethodAccessorImpl.java:57)
	at sun.reflect.DelegatingMethodAccessorImpl.invoke(DelegatingMethodAccessorImpl.java:43)
	at java.lang.reflect.Method.invoke(Method.java:606)
	at org.junit.runners.model.FrameworkMethod$1.runReflectiveCall(FrameworkMethod.java:47)
	at org.junit.internal.runners.model.ReflectiveCallable.run(ReflectiveCallable.java:12)
	at org.junit.runners.model.FrameworkMethod.invokeExplosively(FrameworkMethod.java:44)
	at org.junit.internal.runners.statements.InvokeMethod.evaluate(InvokeMethod.java:17)
	at org.junit.internal.runners.statements.RunBefores.evaluate(RunBefores.java:26)
	at org.junit.rules.ExpectedException$ExpectedExceptionStatement.evaluate(ExpectedException.java:168)
	at org.junit.rules.RunRules.evaluate(RunRules.java:20)
	at org.junit.runners.ParentRunner.runLeaf(ParentRunner.java:271)
	at org.junit.runners.BlockJUnit4ClassRunner.runChild(BlockJUnit4ClassRunner.java:70)
	at org.junit.runners.BlockJUnit4ClassRunner.runChild(BlockJUnit4ClassRunner.java:50)
	at org.junit.runners.ParentRunner$3.run(ParentRunner.java:238)
	at org.junit.runners.ParentRunner$1.schedule(ParentRunner.java:63)
	at org.junit.runners.ParentRunner.runChildren(ParentRunner.java:236)
	at org.junit.runners.ParentRunner.access$000(ParentRunner.java:53)
	at org.junit.runners.ParentRunner$2.evaluate(ParentRunner.java:229)
	at org.junit.runners.ParentRunner.run(ParentRunner.java:309)
	at org.apache.maven.surefire.junit4.JUnit4Provider.execute(JUnit4Provider.java:252)
	at org.apache.maven.surefire.junit4.JUnit4Provider.executeTestSet(JUnit4Provider.java:141)
	at org.apache.maven.surefire.junit4.JUnit4Provider.invoke(JUnit4Provider.java:112)
	at sun.reflect.NativeMethodAccessorImpl.invoke0(Native Method)
	at sun.reflect.NativeMethodAccessorImpl.invoke(NativeMethodAccessorImpl.java:57)
	at sun.reflect.DelegatingMethodAccessorImpl.invoke(DelegatingMethodAccessorImpl.java:43)
	at java.lang.reflect.Method.invoke(Method.java:606)
	at org.apache.maven.surefire.util.ReflectionUtils.invokeMethodWithArray(ReflectionUtils.java:189)
	at org.apache.maven.surefire.booter.ProviderFactory$ProviderProxy.invoke(ProviderFactory.java:165)
	at org.apache.maven.surefire.booter.ProviderFactory.invokeProvider(ProviderFactory.java:85)
	at org.apache.maven.surefire.booter.ForkedBooter.runSuitesInProcess(ForkedBooter.java:115)
	at org.apache.maven.surefire.booter.ForkedBooter.main(ForkedBooter.java:75)

Running org.springframework.security.oauth2.provider.token.store.JwtAccessTokenConverterTests
[WARN] JwtAccessTokenConverter - Unable to create an RSA verifier from verifierKey (ignoreable if using MAC)
[WARN] JwtAccessTokenConverter - Unable to create an RSA verifier from verifierKey (ignoreable if using MAC)
[WARN] JwtAccessTokenConverter - Unable to create an RSA verifier from verifierKey (ignoreable if using MAC)
Tests run: 14, Failures: 0, Errors: 0, Skipped: 0, Time elapsed: 1.264 sec
Running org.springframework.security.oauth2.provider.token.store.JdbcTokenStoreTests
Tests run: 14, Failures: 0, Errors: 0, Skipped: 0, Time elapsed: 4.072 sec
Running org.springframework.security.oauth2.provider.token.store.JwtTokenStoreTests
[WARN] JwtAccessTokenConverter - Unable to create an RSA verifier from verifierKey (ignoreable if using MAC)
[WARN] JwtAccessTokenConverter - Unable to create an RSA verifier from verifierKey (ignoreable if using MAC)
[WARN] JwtAccessTokenConverter - Unable to create an RSA verifier from verifierKey (ignoreable if using MAC)
[WARN] JwtAccessTokenConverter - Unable to create an RSA verifier from verifierKey (ignoreable if using MAC)
[WARN] JwtAccessTokenConverter - Unable to create an RSA verifier from verifierKey (ignoreable if using MAC)
[WARN] JwtAccessTokenConverter - Unable to create an RSA verifier from verifierKey (ignoreable if using MAC)
[WARN] JwtAccessTokenConverter - Unable to create an RSA verifier from verifierKey (ignoreable if using MAC)
[WARN] JwtAccessTokenConverter - Unable to create an RSA verifier from verifierKey (ignoreable if using MAC)
[WARN] JwtAccessTokenConverter - Unable to create an RSA verifier from verifierKey (ignoreable if using MAC)
[WARN] JwtAccessTokenConverter - Unable to create an RSA verifier from verifierKey (ignoreable if using MAC)
[WARN] JwtAccessTokenConverter - Unable to create an RSA verifier from verifierKey (ignoreable if using MAC)
[WARN] JwtAccessTokenConverter - Unable to create an RSA verifier from verifierKey (ignoreable if using MAC)
[WARN] JwtAccessTokenConverter - Unable to create an RSA verifier from verifierKey (ignoreable if using MAC)
[WARN] JwtAccessTokenConverter - Unable to create an RSA verifier from verifierKey (ignoreable if using MAC)
[WARN] JwtAccessTokenConverter - Unable to create an RSA verifier from verifierKey (ignoreable if using MAC)
[WARN] JwtAccessTokenConverter - Unable to create an RSA verifier from verifierKey (ignoreable if using MAC)
[WARN] JwtAccessTokenConverter - Unable to create an RSA verifier from verifierKey (ignoreable if using MAC)
[WARN] JwtAccessTokenConverter - Unable to create an RSA verifier from verifierKey (ignoreable if using MAC)
Tests run: 18, Failures: 0, Errors: 0, Skipped: 0, Time elapsed: 0.077 sec
Running org.springframework.security.oauth2.provider.token.store.redis.RedisTokenStoreMockTests
Tests run: 2, Failures: 0, Errors: 0, Skipped: 0, Time elapsed: 0.654 sec
Running org.springframework.security.oauth2.provider.token.store.redis.RedisTokenStorePrefixTests
Tests run: 15, Failures: 0, Errors: 0, Skipped: 0, Time elapsed: 3.495 sec
Running org.springframework.security.oauth2.provider.token.store.redis.RedisTokenStoreTests
Tests run: 16, Failures: 0, Errors: 0, Skipped: 0, Time elapsed: 3.062 sec
Running org.springframework.security.oauth2.provider.token.store.InMemoryTokenStoreTests
Tests run: 16, Failures: 0, Errors: 0, Skipped: 0, Time elapsed: 0.016 sec
Running org.springframework.security.oauth2.provider.token.TokenServicesWithTokenEnhancerTests
[WARN] JwtAccessTokenConverter - Unable to create an RSA verifier from verifierKey (ignoreable if using MAC)
[WARN] JwtAccessTokenConverter - Unable to create an RSA verifier from verifierKey (ignoreable if using MAC)
[WARN] JwtAccessTokenConverter - Unable to create an RSA verifier from verifierKey (ignoreable if using MAC)
[WARN] JwtAccessTokenConverter - Unable to create an RSA verifier from verifierKey (ignoreable if using MAC)
[WARN] JwtAccessTokenConverter - Unable to create an RSA verifier from verifierKey (ignoreable if using MAC)
Tests run: 5, Failures: 0, Errors: 0, Skipped: 0, Time elapsed: 0.024 sec
Running org.springframework.security.oauth2.provider.token.DefaultUserAuthenticationConverterTests
Tests run: 3, Failures: 0, Errors: 0, Skipped: 0, Time elapsed: 0.004 sec
Running org.springframework.security.oauth2.provider.token.DefaultTokenServicesWithJwtTests
[WARN] JwtAccessTokenConverter - Unable to create an RSA verifier from verifierKey (ignoreable if using MAC)
[WARN] JwtAccessTokenConverter - Unable to create an RSA verifier from verifierKey (ignoreable if using MAC)
[WARN] JwtAccessTokenConverter - Unable to create an RSA verifier from verifierKey (ignoreable if using MAC)
[WARN] JwtAccessTokenConverter - Unable to create an RSA verifier from verifierKey (ignoreable if using MAC)
[WARN] JwtAccessTokenConverter - Unable to create an RSA verifier from verifierKey (ignoreable if using MAC)
[WARN] JwtAccessTokenConverter - Unable to create an RSA verifier from verifierKey (ignoreable if using MAC)
[WARN] JwtAccessTokenConverter - Unable to create an RSA verifier from verifierKey (ignoreable if using MAC)
[WARN] JwtAccessTokenConverter - Unable to create an RSA verifier from verifierKey (ignoreable if using MAC)
[WARN] JwtAccessTokenConverter - Unable to create an RSA verifier from verifierKey (ignoreable if using MAC)
[WARN] JwtAccessTokenConverter - Unable to create an RSA verifier from verifierKey (ignoreable if using MAC)
[WARN] JwtAccessTokenConverter - Unable to create an RSA verifier from verifierKey (ignoreable if using MAC)
[WARN] JwtAccessTokenConverter - Unable to create an RSA verifier from verifierKey (ignoreable if using MAC)
[WARN] JwtAccessTokenConverter - Unable to create an RSA verifier from verifierKey (ignoreable if using MAC)
[WARN] JwtAccessTokenConverter - Unable to create an RSA verifier from verifierKey (ignoreable if using MAC)
[WARN] JwtAccessTokenConverter - Unable to create an RSA verifier from verifierKey (ignoreable if using MAC)
Tests run: 15, Failures: 0, Errors: 0, Skipped: 0, Time elapsed: 0.064 sec
Running org.springframework.security.oauth2.provider.token.DefaultTokenServicesAuthoritiesChangeTests
Tests run: 1, Failures: 0, Errors: 0, Skipped: 0, Time elapsed: 0 sec
Running org.springframework.security.oauth2.provider.token.DefaultTokenServicesWithJdbcTests
Tests run: 19, Failures: 0, Errors: 0, Skipped: 0, Time elapsed: 0.29 sec
Running org.springframework.security.oauth2.provider.token.DefaultAccessTokenConverterTests
Tests run: 15, Failures: 0, Errors: 0, Skipped: 0, Time elapsed: 0.002 sec
Running org.springframework.security.oauth2.provider.token.DefaultTokenServicesTests
Tests run: 1, Failures: 0, Errors: 0, Skipped: 0, Time elapsed: 0.004 sec
Running org.springframework.security.oauth2.provider.token.DefaultTokenServicesWithInMemoryTests
Tests run: 25, Failures: 0, Errors: 0, Skipped: 0, Time elapsed: 0.014 sec
Running org.springframework.security.oauth2.provider.client.JdbcClientDetailsServiceTests
Tests run: 14, Failures: 0, Errors: 0, Skipped: 0, Time elapsed: 0.308 sec
Running org.springframework.security.oauth2.provider.client.BaseClientDetailsTests
Tests run: 11, Failures: 0, Errors: 0, Skipped: 0, Time elapsed: 0.035 sec
Running org.springframework.security.oauth2.provider.client.ClientCredentialsTokenEndpointFilterTests
Tests run: 3, Failures: 0, Errors: 0, Skipped: 0, Time elapsed: 0.02 sec
Running org.springframework.security.oauth2.provider.client.ClientDetailsUserDetailsServiceTests
Tests run: 2, Failures: 0, Errors: 0, Skipped: 0, Time elapsed: 0.004 sec
Running org.springframework.security.oauth2.provider.error.OAuth2AuthenticationEntryPointTests
Tests run: 7, Failures: 0, Errors: 0, Skipped: 0, Time elapsed: 0.035 sec
Running org.springframework.security.oauth2.provider.error.OAuth2AccessDeniedHandlerTests
Tests run: 1, Failures: 0, Errors: 0, Skipped: 0, Time elapsed: 0.002 sec
Running org.springframework.security.oauth2.provider.error.DefaultWebResponseExceptionTranslatorTests
Tests run: 1, Failures: 0, Errors: 0, Skipped: 0, Time elapsed: 0.001 sec
Running org.springframework.security.oauth2.provider.code.InMemoryAuthorizationCodeServicesTests
Tests run: 3, Failures: 0, Errors: 0, Skipped: 0, Time elapsed: 0 sec
Running org.springframework.security.oauth2.provider.code.AuthorizationCodeTokenGranterTests
Tests run: 5, Failures: 0, Errors: 0, Skipped: 0, Time elapsed: 0.001 sec
Running org.springframework.security.oauth2.provider.code.JdbcAuthorizationCodeServicesTests
Tests run: 3, Failures: 0, Errors: 0, Skipped: 0, Time elapsed: 0.032 sec
Running org.springframework.security.oauth2.provider.code.SubdomainRedirectResolverTests
Tests run: 2, Failures: 0, Errors: 0, Skipped: 0, Time elapsed: 0 sec
Running org.springframework.security.oauth2.provider.authentication.OAuth2AuthenticationManagerTests
Tests run: 3, Failures: 0, Errors: 0, Skipped: 0, Time elapsed: 0.001 sec
Running org.springframework.security.oauth2.provider.authentication.OAuth2AuthenticationProcessingFilterTests
Tests run: 8, Failures: 0, Errors: 0, Skipped: 0, Time elapsed: 0.038 sec
Running org.springframework.security.oauth2.provider.authentication.OAuth2AuthenticationDetailsTests
Tests run: 1, Failures: 0, Errors: 0, Skipped: 0, Time elapsed: 0 sec
Running org.springframework.security.oauth2.provider.implicit.InMemoryImplicitGrantServiceTests
Tests run: 2, Failures: 0, Errors: 0, Skipped: 0, Time elapsed: 0 sec
Running org.springframework.security.oauth2.provider.expression.OAuth2WebSecurityExpressionHandlerTests
Tests run: 6, Failures: 0, Errors: 0, Skipped: 0, Time elapsed: 0 sec
Running org.springframework.security.oauth2.provider.expression.OAuth2ExpressionParserTests
Tests run: 3, Failures: 0, Errors: 0, Skipped: 0, Time elapsed: 0.02 sec
Running org.springframework.security.oauth2.provider.expression.OAuth2SecurityExpressionMethodsTests
Tests run: 10, Failures: 0, Errors: 0, Skipped: 0, Time elapsed: 0.001 sec
Running org.springframework.security.oauth2.provider.expression.OAuth2MethodSecurityExpressionHandlerTests
Tests run: 9, Failures: 0, Errors: 0, Skipped: 0, Time elapsed: 0.004 sec
Running org.springframework.security.oauth2.provider.approval.ApprovalStoreUserApprovalHandlerTests
Tests run: 10, Failures: 0, Errors: 0, Skipped: 0, Time elapsed: 0.001 sec
Running org.springframework.security.oauth2.provider.approval.DefaultUserApprovalHandlerTests
Tests run: 1, Failures: 0, Errors: 0, Skipped: 0, Time elapsed: 0 sec
Running org.springframework.security.oauth2.provider.approval.InMemoryApprovalStoreTests
Tests run: 5, Failures: 0, Errors: 0, Skipped: 0, Time elapsed: 0.001 sec
Running org.springframework.security.oauth2.provider.approval.JdbcApprovalStoreTests
Tests run: 6, Failures: 0, Errors: 0, Skipped: 0, Time elapsed: 0.075 sec
Running org.springframework.security.oauth2.provider.approval.TokenApprovalStoreTests
Tests run: 5, Failures: 0, Errors: 0, Skipped: 0, Time elapsed: 0.002 sec
Running org.springframework.security.oauth2.provider.approval.TokenStoreUserApprovalHandlerTests
Tests run: 3, Failures: 0, Errors: 0, Skipped: 0, Time elapsed: 0 sec
Running org.springframework.security.oauth2.provider.endpoint.FrameworkEndpointHandlerMappingTests
Tests run: 4, Failures: 0, Errors: 0, Skipped: 0, Time elapsed: 0.001 sec
Running org.springframework.security.oauth2.provider.endpoint.ExactMatchRedirectResolverTests
Tests run: 3, Failures: 0, Errors: 0, Skipped: 0, Time elapsed: 0 sec
Running org.springframework.security.oauth2.provider.endpoint.WhitelabelApprovalEndpointTests
Tests run: 6, Failures: 0, Errors: 0, Skipped: 0, Time elapsed: 0.001 sec
Running org.springframework.security.oauth2.provider.endpoint.AuthorizationEndpointTests
Tests run: 34, Failures: 0, Errors: 0, Skipped: 0, Time elapsed: 0.019 sec
Running org.springframework.security.oauth2.provider.endpoint.DefaultRedirectResolverTests
Tests run: 18, Failures: 0, Errors: 0, Skipped: 0, Time elapsed: 0.002 sec
Running org.springframework.security.oauth2.provider.endpoint.WhitelabelErrorEndpointTests
Tests run: 3, Failures: 0, Errors: 0, Skipped: 0, Time elapsed: 0.001 sec
Running org.springframework.security.oauth2.provider.endpoint.TokenEndpointAuthenticationFilterTests
Tests run: 3, Failures: 0, Errors: 0, Skipped: 0, Time elapsed: 0.015 sec
Running org.springframework.security.oauth2.provider.endpoint.TokenEndpointTests
Tests run: 6, Failures: 0, Errors: 0, Skipped: 0, Time elapsed: 0.009 sec
Running org.springframework.security.oauth2.provider.AuthorizationRequestTests
Tests run: 9, Failures: 0, Errors: 0, Skipped: 0, Time elapsed: 0.003 sec
Running org.springframework.security.oauth2.provider.vote.ScopeVoterTests
Tests run: 6, Failures: 0, Errors: 0, Skipped: 0, Time elapsed: 0.001 sec
Running org.springframework.security.oauth2.provider.vote.ClientScopeVoterTests
Tests run: 3, Failures: 0, Errors: 0, Skipped: 0, Time elapsed: 0.001 sec
Running org.springframework.security.oauth2.provider.request.DefaultOAuth2RequestValidatorTests
Tests run: 3, Failures: 0, Errors: 0, Skipped: 0, Time elapsed: 0 sec
Running org.springframework.security.oauth2.provider.request.DefaultAuthorizationRequestFactoryTests
Tests run: 9, Failures: 0, Errors: 0, Skipped: 0, Time elapsed: 0.001 sec
Running org.springframework.security.oauth2.provider.test.OAuth2RequestTests
Tests run: 4, Failures: 0, Errors: 0, Skipped: 0, Time elapsed: 0 sec
Running org.springframework.security.oauth2.provider.OAuth2RequestTests
Tests run: 4, Failures: 0, Errors: 0, Skipped: 0, Time elapsed: 0 sec
Running org.springframework.security.oauth2.provider.OAuth2AuthenticationTests
{"details":null,"authorities":[{"authority":"ROLE_USER"}],"authenticated":false,"userAuthentication":{"details":null,"authorities":[{"authority":"ROLE_USER"}],"authenticated":true,"principal":"foo","credentials":"bar","name":"foo"},"clientOnly":false,"oauth2Request":{"clientId":"id","scope":["read"],"requestParameters":{},"resourceIds":[],"authorities":[],"approved":false,"refresh":false,"redirectUri":null,"responseTypes":[],"extensions":{},"refreshTokenRequest":null,"grantType":null},"principal":"foo","credentials":"","name":"foo"}
Tests run: 8, Failures: 0, Errors: 0, Skipped: 0, Time elapsed: 0.014 sec
Running org.springframework.security.oauth2.provider.password.ResourceOwnerPasswordTokenGranterTests
Tests run: 7, Failures: 0, Errors: 0, Skipped: 0, Time elapsed: 0.003 sec
Running org.springframework.security.oauth2.client.token.grant.code.AuthorizationCodeAccessTokenProviderTests
Tests run: 5, Failures: 0, Errors: 0, Skipped: 0, Time elapsed: 0.001 sec
Running org.springframework.security.oauth2.client.token.grant.code.AuthorizationCodeAccessTokenProviderWithConversionTests
[WARN] RestTemplate - POST request for "http://localhost/oauth/token" resulted in 400 (Bad Request); invoking error handler
[WARN] RestTemplate - POST request for "http://localhost/oauth/token" resulted in 400 (Bad Request); invoking error handler
Tests run: 4, Failures: 0, Errors: 0, Skipped: 0, Time elapsed: 0.032 sec
Running org.springframework.security.oauth2.client.token.grant.code.AuthorizationCodeResourceDetailsTests
Tests run: 2, Failures: 0, Errors: 0, Skipped: 0, Time elapsed: 0 sec
Running org.springframework.security.oauth2.client.token.grant.implicit.ImplicitAccessTokenProviderTests
Tests run: 2, Failures: 0, Errors: 0, Skipped: 0, Time elapsed: 0 sec
Running org.springframework.security.oauth2.client.token.grant.password.ResourceOwnerPasswordAccessTokenProviderTests
Tests run: 3, Failures: 0, Errors: 0, Skipped: 0, Time elapsed: 0 sec
Running org.springframework.security.oauth2.client.token.OAuth2AccessTokenSupportTests
[WARN] RestTemplate - POST request for "http://nowhere/token" resulted in 400 (400); invoking error handler
Tests run: 5, Failures: 0, Errors: 0, Skipped: 0, Time elapsed: 0.022 sec
Running org.springframework.security.oauth2.client.token.AccessTokenProviderChainTests
Tests run: 15, Failures: 0, Errors: 0, Skipped: 0, Time elapsed: 0.024 sec
Running org.springframework.security.oauth2.client.token.JdbcClientTokenServicesTests
Tests run: 3, Failures: 0, Errors: 0, Skipped: 0, Time elapsed: 0.03 sec
Running org.springframework.security.oauth2.client.filter.OAuth2ClientAuthenticationProcessingFilterTests
Tests run: 5, Failures: 0, Errors: 0, Skipped: 0, Time elapsed: 0.014 sec
Running org.springframework.security.oauth2.client.filter.OAuth2ClientContextFilterTests
Tests run: 11, Failures: 0, Errors: 0, Skipped: 0, Time elapsed: 0.005 sec
Running org.springframework.security.oauth2.client.http.OAuth2ErrorHandlerTests
Tests run: 12, Failures: 0, Errors: 0, Skipped: 0, Time elapsed: 0.044 sec
Running org.springframework.security.oauth2.client.OAuth2RestTemplateTests
Tests run: 12, Failures: 0, Errors: 0, Skipped: 0, Time elapsed: 0.187 sec
Running org.springframework.security.oauth2.client.DefaultOAuth2RequestAuthenticatorTests
Tests run: 6, Failures: 0, Errors: 0, Skipped: 0, Time elapsed: 0.001 sec
Running org.springframework.security.oauth2.common.exception.OAuth2ExceptionDeserializerTests
Tests run: 13, Failures: 0, Errors: 0, Skipped: 0, Time elapsed: 0.007 sec
Running org.springframework.security.oauth2.common.exception.OAuth2ExceptionJackson2DeserializerTests
Tests run: 14, Failures: 0, Errors: 0, Skipped: 0, Time elapsed: 0.006 sec
Running org.springframework.security.oauth2.common.exception.OAuth2ExceptionSerializerTests
Tests run: 11, Failures: 0, Errors: 0, Skipped: 0, Time elapsed: 0.006 sec
Running org.springframework.security.oauth2.common.JsonSerializationTests
Tests run: 5, Failures: 0, Errors: 0, Skipped: 0, Time elapsed: 0.013 sec
Running org.springframework.security.oauth2.common.OAuth2AccessTokenJackson2SerializerTests
Tests run: 10, Failures: 0, Errors: 0, Skipped: 0, Time elapsed: 3.327 sec
Running org.springframework.security.oauth2.common.DefaultOAuth2SerializationServiceTests
Tests run: 2, Failures: 0, Errors: 0, Skipped: 0, Time elapsed: 0 sec
Running org.springframework.security.oauth2.common.OAuth2AccessTokenJackson2DeserializerTests
Tests run: 9, Failures: 0, Errors: 0, Skipped: 0, Time elapsed: 1.307 sec
Running org.springframework.security.oauth2.common.OAuth2AccessTokenJackson1SerializerTests
Tests run: 10, Failures: 0, Errors: 0, Skipped: 0, Time elapsed: 1.003 sec
Running org.springframework.security.oauth2.common.OAuth2AccessTokenJackson1DeserializerTests
Tests run: 8, Failures: 0, Errors: 0, Skipped: 0, Time elapsed: 1.012 sec
Running org.springframework.security.oauth2.http.converter.jaxb.JaxbOAuth2AccessTokenMessageConverterTests
Tests run: 8, Failures: 0, Errors: 0, Skipped: 0, Time elapsed: 0.886 sec
Running org.springframework.security.oauth2.http.converter.jaxb.JaxbOAuth2ExceptionMessageConverterTests
Tests run: 22, Failures: 0, Errors: 0, Skipped: 0, Time elapsed: 1.121 sec

Results :

Failed tests:   clientAuthenticationPassesUsingUserCredentialsOnResourceOwnerPasswordGrantFlow(org.springframework.security.oauth2.config.xml.AuthorizationServerClientCredentialsPasswordInvalidXmlTests): Status expected:<200> but was:<500>
  clientAuthenticationPassesUsingUserCredentialsOnClientCredentialsGrantFlow(org.springframework.security.oauth2.config.xml.AuthorizationServerClientCredentialsPasswordInvalidXmlTests): Status expected:<200> but was:<500>
  testWithAuthServerCustomPath(org.springframework.security.oauth2.config.annotation.ResourceServerConfigurationTests): Response content(..)
  testWithAuthServer(org.springframework.security.oauth2.config.annotation.ResourceServerConfigurationTests): Response content(..)

Tests run: 698, Failures: 4, Errors: 0, Skipped: 0

[INFO] ------------------------------------------------------------------------
[INFO] Reactor Summary:
[INFO] 
[INFO] OAuth for Spring Security .......................... SUCCESS [  0.244 s]
[INFO] OAuth 1(a) for Spring Security ..................... SUCCESS [ 11.006 s]
[INFO] OAuth2 for Spring Security ......................... FAILURE [ 40.260 s]
[INFO] spring-oauth2-tests ................................ SKIPPED
[INFO] spring-oauth2-tests-common ......................... SKIPPED
[INFO] spring-oauth2-tests-vanilla ........................ SKIPPED
[INFO] spring-oauth2-tests-mappings ....................... SKIPPED
[INFO] spring-oauth2-tests-form ........................... SKIPPED
[INFO] spring-oauth2-tests-jwt ............................ SKIPPED
[INFO] spring-oauth2-tests-approval ....................... SKIPPED
[INFO] spring-oauth2-tests-jdbc ........................... SKIPPED
[INFO] spring-oauth2-tests-jpa ............................ SKIPPED
[INFO] spring-oauth2-tests-jaxb ........................... SKIPPED
[INFO] spring-oauth-tests-custom-grant .................... SKIPPED
[INFO] spring-oauth2-tests-multi .......................... SKIPPED
[INFO] spring-oauth2-tests-client ......................... SKIPPED
[INFO] spring-oauth2-tests-resource ....................... SKIPPED
[INFO] spring-oauth2-tests-custom-authentication .......... SKIPPED
[INFO] spring-oauth2-tests-xml ............................ SKIPPED
[INFO] spring-oauth2-tests-xml-common ..................... SKIPPED
[INFO] spring-oauth2-tests-xml-vanilla .................... SKIPPED
[INFO] spring-oauth2-tests-xml-mappings ................... SKIPPED
[INFO] spring-oauth2-tests-xml-form ....................... SKIPPED
[INFO] spring-oauth2-tests-xml-jwt ........................ SKIPPED
[INFO] spring-oauth2-tests-xml-approval ................... SKIPPED
[INFO] spring-oauth2-tests-xml-jdbc ....................... SKIPPED
[INFO] spring-oauth2-tests-xml-client ..................... SKIPPED
[INFO] OAuth for Spring Security - Integration Tests ...... SKIPPED
[INFO] OAuth for Spring Security - Sparklr (OAuth 1 Provider Example) SKIPPED
[INFO] OAuth for Spring Security - Tonr (OAuth 1 Consumer Example) SKIPPED
[INFO] OAuth for Spring Security - Sparklr2 (OAuth 2 Provider Example) SKIPPED
[INFO] OAuth for Spring Security - Tonr2 (OAuth 2 Client Example) SKIPPED
[INFO] OAuth for Spring Security - Samples ................ SKIPPED
[INFO] ------------------------------------------------------------------------
[INFO] BUILD FAILURE
[INFO] ------------------------------------------------------------------------
[INFO] Total time: 54.407 s
[INFO] Finished at: 2022-04-23T22:26:29+00:00
[INFO] Final Memory: 69M/981M
[INFO] ------------------------------------------------------------------------
[WARNING] The requested profile "spring" could not be activated because it does not exist.
[ERROR] Failed to execute goal org.apache.maven.plugins:maven-surefire-plugin:2.12.4:test (default-test) on project spring-security-oauth2: There are test failures.
[ERROR] 
[ERROR] Please refer to /home/travis/build/failed/spring-projects/spring-security-oauth/spring-security-oauth2/target/surefire-reports for the individual test results.
[ERROR] -> [Help 1]
[ERROR] 
[ERROR] To see the full stack trace of the errors, re-run Maven with the -e switch.
[ERROR] Re-run Maven using the -X switch to enable full debug logging.
[ERROR] 
[ERROR] For more information about the errors and possible solutions, please read the following articles:
[ERROR] [Help 1] http://cwiki.apache.org/confluence/display/MAVEN/MojoFailureException
[ERROR] 
[ERROR] After correcting the problems, you can resume the build with the command
[ERROR]   mvn <goals> -rf :spring-security-oauth2
travis_time:end:0001bbe6:start=1650752733755124321,finish=1650752789876573569,duration=56121449248,event=script[0K[31;1mThe command "./mvnw clean test -P bootstrap" exited with 1.[0m
travis_time:start:011a6804[0K$ jdk_switcher use oraclejdk8
Switching to Oracle JDK8 (java-8-oracle), JAVA_HOME will be set to /usr/lib/jvm/java-8-oracle
travis_time:end:011a6804:start=1650752789886169671,finish=1650752827789878050,duration=37903708379,event=script[0K[32;1mThe command "jdk_switcher use oraclejdk8" exited with 0.[0m
travis_time:start:0071c410[0K$ ./mvnw -f spring-security-oauth2 -U clean test -P spring5
Deactivating "milestone" profile for version="2.3.5.BUILD-SNAPSHOT"
[INFO] Scanning for projects...
Downloading: https://repo.maven.apache.org/maven2/joda-time/joda-time/maven-metadata.xml
2/2 KB   2/2 KB            Downloaded: https://repo.maven.apache.org/maven2/joda-time/joda-time/maven-metadata.xml (2 KB at 5.0 KB/sec)
[INFO]                                                                         
[INFO] ------------------------------------------------------------------------
[INFO] Building OAuth2 for Spring Security 2.3.5.BUILD-SNAPSHOT
[INFO] ------------------------------------------------------------------------
[INFO] 
[INFO] --- maven-clean-plugin:2.5:clean (default-clean) @ spring-security-oauth2 ---
[INFO] Deleting /home/travis/build/failed/spring-projects/spring-security-oauth/spring-security-oauth2/target
[INFO] 
[INFO] --- maven-resources-plugin:2.6:resources (default-resources) @ spring-security-oauth2 ---
[INFO] Using 'UTF-8' encoding to copy filtered resources.
[INFO] Copying 4 resources
[INFO] 
[INFO] --- maven-compiler-plugin:2.3.2:compile (default-compile) @ spring-security-oauth2 ---
[INFO] Compiling 249 source files to /home/travis/build/failed/spring-projects/spring-security-oauth/spring-security-oauth2/target/classes
[INFO] 
[INFO] --- maven-resources-plugin:2.6:testResources (default-testResources) @ spring-security-oauth2 ---
[INFO] Using 'UTF-8' encoding to copy filtered resources.
[INFO] Copying 21 resources
[INFO] 
[INFO] --- maven-compiler-plugin:2.3.2:testCompile (default-testCompile) @ spring-security-oauth2 ---
[INFO] Compiling 119 source files to /home/travis/build/failed/spring-projects/spring-security-oauth/spring-security-oauth2/target/test-classes
[INFO] 
[INFO] --- maven-surefire-plugin:2.12.4:test (default-test) @ spring-security-oauth2 ---
[INFO] Surefire report directory: /home/travis/build/failed/spring-projects/spring-security-oauth/spring-security-oauth2/target/surefire-reports

-------------------------------------------------------
 T E S T S
-------------------------------------------------------
Running org.springframework.security.oauth2.config.xml.AuthorizationServerClientCredentialsPasswordValidXmlTests
SLF4J: Failed to load class "org.slf4j.impl.StaticLoggerBinder".
SLF4J: Defaulting to no-operation (NOP) logger implementation
SLF4J: See http://www.slf4j.org/codes.html#StaticLoggerBinder for further details.
Tests run: 2, Failures: 0, Errors: 0, Skipped: 0, Time elapsed: 11.964 sec
Running org.springframework.security.oauth2.config.xml.ClientDetailsServiceBeanDefinitionParserTests
Tests run: 3, Failures: 0, Errors: 0, Skipped: 0, Time elapsed: 0.083 sec
Running org.springframework.security.oauth2.config.xml.AuthorizationServerClientCredentialsPasswordInvalidXmlTests
Tests run: 2, Failures: 2, Errors: 0, Skipped: 0, Time elapsed: 0.628 sec <<< FAILURE!
clientAuthenticationPassesUsingUserCredentialsOnResourceOwnerPasswordGrantFlow(org.springframework.security.oauth2.config.xml.AuthorizationServerClientCredentialsPasswordInvalidXmlTests)  Time elapsed: 0.261 sec  <<< FAILURE!
java.lang.AssertionError: Status expected:<200> but was:<500>
	at org.springframework.test.util.AssertionErrors.fail(AssertionErrors.java:55)
	at org.springframework.test.util.AssertionErrors.assertEquals(AssertionErrors.java:82)
	at org.springframework.test.web.servlet.result.StatusResultMatchers.lambda$matcher$9(StatusResultMatchers.java:617)
	at org.springframework.test.web.servlet.MockMvc$1.andExpect(MockMvc.java:179)
	at org.springframework.security.oauth2.config.xml.AuthorizationServerClientCredentialsPasswordInvalidXmlTests.clientAuthenticationPassesUsingUserCredentialsOnResourceOwnerPasswordGrantFlow(AuthorizationServerClientCredentialsPasswordInvalidXmlTests.java:77)
	at sun.reflect.NativeMethodAccessorImpl.invoke0(Native Method)
	at sun.reflect.NativeMethodAccessorImpl.invoke(NativeMethodAccessorImpl.java:62)
	at sun.reflect.DelegatingMethodAccessorImpl.invoke(DelegatingMethodAccessorImpl.java:43)
	at java.lang.reflect.Method.invoke(Method.java:498)
	at org.junit.runners.model.FrameworkMethod$1.runReflectiveCall(FrameworkMethod.java:50)
	at org.junit.internal.runners.model.ReflectiveCallable.run(ReflectiveCallable.java:12)
	at org.junit.runners.model.FrameworkMethod.invokeExplosively(FrameworkMethod.java:47)
	at org.junit.internal.runners.statements.InvokeMethod.evaluate(InvokeMethod.java:17)
	at org.springframework.test.context.junit4.statements.RunBeforeTestExecutionCallbacks.evaluate(RunBeforeTestExecutionCallbacks.java:73)
	at org.springframework.test.context.junit4.statements.RunAfterTestExecutionCallbacks.evaluate(RunAfterTestExecutionCallbacks.java:83)
	at org.junit.internal.runners.statements.RunBefores.evaluate(RunBefores.java:26)
	at org.springframework.test.context.junit4.statements.RunBeforeTestMethodCallbacks.evaluate(RunBeforeTestMethodCallbacks.java:75)
	at org.springframework.test.context.junit4.statements.RunAfterTestMethodCallbacks.evaluate(RunAfterTestMethodCallbacks.java:86)
	at org.springframework.test.context.junit4.statements.SpringRepeat.evaluate(SpringRepeat.java:84)
	at org.junit.runners.ParentRunner.runLeaf(ParentRunner.java:325)
	at org.springframework.test.context.junit4.SpringJUnit4ClassRunner.runChild(SpringJUnit4ClassRunner.java:251)
	at org.springframework.test.context.junit4.SpringJUnit4ClassRunner.runChild(SpringJUnit4ClassRunner.java:97)
	at org.junit.runners.ParentRunner$3.run(ParentRunner.java:290)
	at org.junit.runners.ParentRunner$1.schedule(ParentRunner.java:71)
	at org.junit.runners.ParentRunner.runChildren(ParentRunner.java:288)
	at org.junit.runners.ParentRunner.access$000(ParentRunner.java:58)
	at org.junit.runners.ParentRunner$2.evaluate(ParentRunner.java:268)
	at org.springframework.test.context.junit4.statements.RunBeforeTestClassCallbacks.evaluate(RunBeforeTestClassCallbacks.java:61)
	at org.springframework.test.context.junit4.statements.RunAfterTestClassCallbacks.evaluate(RunAfterTestClassCallbacks.java:70)
	at org.junit.runners.ParentRunner.run(ParentRunner.java:363)
	at org.springframework.test.context.junit4.SpringJUnit4ClassRunner.run(SpringJUnit4ClassRunner.java:190)
	at org.apache.maven.surefire.junit4.JUnit4Provider.execute(JUnit4Provider.java:252)
	at org.apache.maven.surefire.junit4.JUnit4Provider.executeTestSet(JUnit4Provider.java:141)
	at org.apache.maven.surefire.junit4.JUnit4Provider.invoke(JUnit4Provider.java:112)
	at sun.reflect.NativeMethodAccessorImpl.invoke0(Native Method)
	at sun.reflect.NativeMethodAccessorImpl.invoke(NativeMethodAccessorImpl.java:62)
	at sun.reflect.DelegatingMethodAccessorImpl.invoke(DelegatingMethodAccessorImpl.java:43)
	at java.lang.reflect.Method.invoke(Method.java:498)
	at org.apache.maven.surefire.util.ReflectionUtils.invokeMethodWithArray(ReflectionUtils.java:189)
	at org.apache.maven.surefire.booter.ProviderFactory$ProviderProxy.invoke(ProviderFactory.java:165)
	at org.apache.maven.surefire.booter.ProviderFactory.invokeProvider(ProviderFactory.java:85)
	at org.apache.maven.surefire.booter.ForkedBooter.runSuitesInProcess(ForkedBooter.java:115)
	at org.apache.maven.surefire.booter.ForkedBooter.main(ForkedBooter.java:75)

clientAuthenticationPassesUsingUserCredentialsOnClientCredentialsGrantFlow(org.springframework.security.oauth2.config.xml.AuthorizationServerClientCredentialsPasswordInvalidXmlTests)  Time elapsed: 0.004 sec  <<< FAILURE!
java.lang.AssertionError: Status expected:<200> but was:<500>
	at org.springframework.test.util.AssertionErrors.fail(AssertionErrors.java:55)
	at org.springframework.test.util.AssertionErrors.assertEquals(AssertionErrors.java:82)
	at org.springframework.test.web.servlet.result.StatusResultMatchers.lambda$matcher$9(StatusResultMatchers.java:617)
	at org.springframework.test.web.servlet.MockMvc$1.andExpect(MockMvc.java:179)
	at org.springframework.security.oauth2.config.xml.AuthorizationServerClientCredentialsPasswordInvalidXmlTests.clientAuthenticationPassesUsingUserCredentialsOnClientCredentialsGrantFlow(AuthorizationServerClientCredentialsPasswordInvalidXmlTests.java:66)
	at sun.reflect.NativeMethodAccessorImpl.invoke0(Native Method)
	at sun.reflect.NativeMethodAccessorImpl.invoke(NativeMethodAccessorImpl.java:62)
	at sun.reflect.DelegatingMethodAccessorImpl.invoke(DelegatingMethodAccessorImpl.java:43)
	at java.lang.reflect.Method.invoke(Method.java:498)
	at org.junit.runners.model.FrameworkMethod$1.runReflectiveCall(FrameworkMethod.java:50)
	at org.junit.internal.runners.model.ReflectiveCallable.run(ReflectiveCallable.java:12)
	at org.junit.runners.model.FrameworkMethod.invokeExplosively(FrameworkMethod.java:47)
	at org.junit.internal.runners.statements.InvokeMethod.evaluate(InvokeMethod.java:17)
	at org.springframework.test.context.junit4.statements.RunBeforeTestExecutionCallbacks.evaluate(RunBeforeTestExecutionCallbacks.java:73)
	at org.springframework.test.context.junit4.statements.RunAfterTestExecutionCallbacks.evaluate(RunAfterTestExecutionCallbacks.java:83)
	at org.junit.internal.runners.statements.RunBefores.evaluate(RunBefores.java:26)
	at org.springframework.test.context.junit4.statements.RunBeforeTestMethodCallbacks.evaluate(RunBeforeTestMethodCallbacks.java:75)
	at org.springframework.test.context.junit4.statements.RunAfterTestMethodCallbacks.evaluate(RunAfterTestMethodCallbacks.java:86)
	at org.springframework.test.context.junit4.statements.SpringRepeat.evaluate(SpringRepeat.java:84)
	at org.junit.runners.ParentRunner.runLeaf(ParentRunner.java:325)
	at org.springframework.test.context.junit4.SpringJUnit4ClassRunner.runChild(SpringJUnit4ClassRunner.java:251)
	at org.springframework.test.context.junit4.SpringJUnit4ClassRunner.runChild(SpringJUnit4ClassRunner.java:97)
	at org.junit.runners.ParentRunner$3.run(ParentRunner.java:290)
	at org.junit.runners.ParentRunner$1.schedule(ParentRunner.java:71)
	at org.junit.runners.ParentRunner.runChildren(ParentRunner.java:288)
	at org.junit.runners.ParentRunner.access$000(ParentRunner.java:58)
	at org.junit.runners.ParentRunner$2.evaluate(ParentRunner.java:268)
	at org.springframework.test.context.junit4.statements.RunBeforeTestClassCallbacks.evaluate(RunBeforeTestClassCallbacks.java:61)
	at org.springframework.test.context.junit4.statements.RunAfterTestClassCallbacks.evaluate(RunAfterTestClassCallbacks.java:70)
	at org.junit.runners.ParentRunner.run(ParentRunner.java:363)
	at org.springframework.test.context.junit4.SpringJUnit4ClassRunner.run(SpringJUnit4ClassRunner.java:190)
	at org.apache.maven.surefire.junit4.JUnit4Provider.execute(JUnit4Provider.java:252)
	at org.apache.maven.surefire.junit4.JUnit4Provider.executeTestSet(JUnit4Provider.java:141)
	at org.apache.maven.surefire.junit4.JUnit4Provider.invoke(JUnit4Provider.java:112)
	at sun.reflect.NativeMethodAccessorImpl.invoke0(Native Method)
	at sun.reflect.NativeMethodAccessorImpl.invoke(NativeMethodAccessorImpl.java:62)
	at sun.reflect.DelegatingMethodAccessorImpl.invoke(DelegatingMethodAccessorImpl.java:43)
	at java.lang.reflect.Method.invoke(Method.java:498)
	at org.apache.maven.surefire.util.ReflectionUtils.invokeMethodWithArray(ReflectionUtils.java:189)
	at org.apache.maven.surefire.booter.ProviderFactory$ProviderProxy.invoke(ProviderFactory.java:165)
	at org.apache.maven.surefire.booter.ProviderFactory.invokeProvider(ProviderFactory.java:85)
	at org.apache.maven.surefire.booter.ForkedBooter.runSuitesInProcess(ForkedBooter.java:115)
	at org.apache.maven.surefire.booter.ForkedBooter.main(ForkedBooter.java:75)

Running org.springframework.security.oauth2.config.xml.ResourceServerBeanDefinitionParserTests
Tests run: 2, Failures: 0, Errors: 0, Skipped: 0, Time elapsed: 0.342 sec
Running org.springframework.security.oauth2.config.xml.InvalidResourceBeanDefinitionParserTests
Tests run: 5, Failures: 0, Errors: 0, Skipped: 0, Time elapsed: 0.096 sec
Running org.springframework.security.oauth2.config.xml.AuthorizationServerCustomGrantParserTests
Tests run: 1, Failures: 0, Errors: 0, Skipped: 0, Time elapsed: 0.053 sec
Running org.springframework.security.oauth2.config.xml.AuthorizationServerInvalidParserTests
Tests run: 1, Failures: 0, Errors: 0, Skipped: 0, Time elapsed: 0.016 sec
Running org.springframework.security.oauth2.config.xml.AuthorizationServerBeanDefinitionParserTests
Tests run: 12, Failures: 0, Errors: 0, Skipped: 0, Time elapsed: 0.492 sec
Running org.springframework.security.oauth2.config.xml.ResourceBeanDefinitionParserTests
Tests run: 7, Failures: 0, Errors: 0, Skipped: 0, Time elapsed: 0.861 sec
Running org.springframework.security.oauth2.config.annotation.TokenServicesMultipleBeansTests
Tests run: 1, Failures: 0, Errors: 0, Skipped: 0, Time elapsed: 0.932 sec
Running org.springframework.security.oauth2.config.annotation.ClientConfigurationTests
Tests run: 1, Failures: 0, Errors: 0, Skipped: 0, Time elapsed: 0.596 sec
Running org.springframework.security.oauth2.config.annotation.AuthorizationServerConfigurationTests
Tests run: 20, Failures: 0, Errors: 0, Skipped: 0, Time elapsed: 6.325 sec
Running org.springframework.security.oauth2.config.annotation.ResourceServerConfigurationTests
Tests run: 9, Failures: 2, Errors: 0, Skipped: 0, Time elapsed: 1.823 sec <<< FAILURE!
testWithAuthServerCustomPath(org.springframework.security.oauth2.config.annotation.ResourceServerConfigurationTests)  Time elapsed: 0.257 sec  <<< FAILURE!
java.lang.AssertionError: Response content
Expected: a string containing "Missing grant type"
     but: was "{"error":"server_error","error_description":"Internal Server Error"}"
	at org.hamcrest.MatcherAssert.assertThat(MatcherAssert.java:20)
	at org.springframework.test.web.servlet.result.ContentResultMatchers.lambda$string$3(ContentResultMatchers.java:129)
	at org.springframework.test.web.servlet.MockMvc$1.andExpect(MockMvc.java:179)
	at org.springframework.security.oauth2.config.annotation.ResourceServerConfigurationTests.testWithAuthServerCustomPath(ResourceServerConfigurationTests.java:144)
	at sun.reflect.NativeMethodAccessorImpl.invoke0(Native Method)
	at sun.reflect.NativeMethodAccessorImpl.invoke(NativeMethodAccessorImpl.java:62)
	at sun.reflect.DelegatingMethodAccessorImpl.invoke(DelegatingMethodAccessorImpl.java:43)
	at java.lang.reflect.Method.invoke(Method.java:498)
	at org.junit.runners.model.FrameworkMethod$1.runReflectiveCall(FrameworkMethod.java:50)
	at org.junit.internal.runners.model.ReflectiveCallable.run(ReflectiveCallable.java:12)
	at org.junit.runners.model.FrameworkMethod.invokeExplosively(FrameworkMethod.java:47)
	at org.junit.internal.runners.statements.InvokeMethod.evaluate(InvokeMethod.java:17)
	at org.junit.internal.runners.statements.RunBefores.evaluate(RunBefores.java:26)
	at org.junit.rules.ExpectedException$ExpectedExceptionStatement.evaluate(ExpectedException.java:239)
	at org.junit.rules.RunRules.evaluate(RunRules.java:20)
	at org.junit.runners.ParentRunner.runLeaf(ParentRunner.java:325)
	at org.junit.runners.BlockJUnit4ClassRunner.runChild(BlockJUnit4ClassRunner.java:78)
	at org.junit.runners.BlockJUnit4ClassRunner.runChild(BlockJUnit4ClassRunner.java:57)
	at org.junit.runners.ParentRunner$3.run(ParentRunner.java:290)
	at org.junit.runners.ParentRunner$1.schedule(ParentRunner.java:71)
	at org.junit.runners.ParentRunner.runChildren(ParentRunner.java:288)
	at org.junit.runners.ParentRunner.access$000(ParentRunner.java:58)
	at org.junit.runners.ParentRunner$2.evaluate(ParentRunner.java:268)
	at org.junit.runners.ParentRunner.run(ParentRunner.java:363)
	at org.apache.maven.surefire.junit4.JUnit4Provider.execute(JUnit4Provider.java:252)
	at org.apache.maven.surefire.junit4.JUnit4Provider.executeTestSet(JUnit4Provider.java:141)
	at org.apache.maven.surefire.junit4.JUnit4Provider.invoke(JUnit4Provider.java:112)
	at sun.reflect.NativeMethodAccessorImpl.invoke0(Native Method)
	at sun.reflect.NativeMethodAccessorImpl.invoke(NativeMethodAccessorImpl.java:62)
	at sun.reflect.DelegatingMethodAccessorImpl.invoke(DelegatingMethodAccessorImpl.java:43)
	at java.lang.reflect.Method.invoke(Method.java:498)
	at org.apache.maven.surefire.util.ReflectionUtils.invokeMethodWithArray(ReflectionUtils.java:189)
	at org.apache.maven.surefire.booter.ProviderFactory$ProviderProxy.invoke(ProviderFactory.java:165)
	at org.apache.maven.surefire.booter.ProviderFactory.invokeProvider(ProviderFactory.java:85)
	at org.apache.maven.surefire.booter.ForkedBooter.runSuitesInProcess(ForkedBooter.java:115)
	at org.apache.maven.surefire.booter.ForkedBooter.main(ForkedBooter.java:75)

testWithAuthServer(org.springframework.security.oauth2.config.annotation.ResourceServerConfigurationTests)  Time elapsed: 0.128 sec  <<< FAILURE!
java.lang.AssertionError: Response content
Expected: a string containing "Missing grant type"
     but: was "{"error":"server_error","error_description":"Internal Server Error"}"
	at org.hamcrest.MatcherAssert.assertThat(MatcherAssert.java:20)
	at org.springframework.test.web.servlet.result.ContentResultMatchers.lambda$string$3(ContentResultMatchers.java:129)
	at org.springframework.test.web.servlet.MockMvc$1.andExpect(MockMvc.java:179)
	at org.springframework.security.oauth2.config.annotation.ResourceServerConfigurationTests.testWithAuthServer(ResourceServerConfigurationTests.java:125)
	at sun.reflect.NativeMethodAccessorImpl.invoke0(Native Method)
	at sun.reflect.NativeMethodAccessorImpl.invoke(NativeMethodAccessorImpl.java:62)
	at sun.reflect.DelegatingMethodAccessorImpl.invoke(DelegatingMethodAccessorImpl.java:43)
	at java.lang.reflect.Method.invoke(Method.java:498)
	at org.junit.runners.model.FrameworkMethod$1.runReflectiveCall(FrameworkMethod.java:50)
	at org.junit.internal.runners.model.ReflectiveCallable.run(ReflectiveCallable.java:12)
	at org.junit.runners.model.FrameworkMethod.invokeExplosively(FrameworkMethod.java:47)
	at org.junit.internal.runners.statements.InvokeMethod.evaluate(InvokeMethod.java:17)
	at org.junit.internal.runners.statements.RunBefores.evaluate(RunBefores.java:26)
	at org.junit.rules.ExpectedException$ExpectedExceptionStatement.evaluate(ExpectedException.java:239)
	at org.junit.rules.RunRules.evaluate(RunRules.java:20)
	at org.junit.runners.ParentRunner.runLeaf(ParentRunner.java:325)
	at org.junit.runners.BlockJUnit4ClassRunner.runChild(BlockJUnit4ClassRunner.java:78)
	at org.junit.runners.BlockJUnit4ClassRunner.runChild(BlockJUnit4ClassRunner.java:57)
	at org.junit.runners.ParentRunner$3.run(ParentRunner.java:290)
	at org.junit.runners.ParentRunner$1.schedule(ParentRunner.java:71)
	at org.junit.runners.ParentRunner.runChildren(ParentRunner.java:288)
	at org.junit.runners.ParentRunner.access$000(ParentRunner.java:58)
	at org.junit.runners.ParentRunner$2.evaluate(ParentRunner.java:268)
	at org.junit.runners.ParentRunner.run(ParentRunner.java:363)
	at org.apache.maven.surefire.junit4.JUnit4Provider.execute(JUnit4Provider.java:252)
	at org.apache.maven.surefire.junit4.JUnit4Provider.executeTestSet(JUnit4Provider.java:141)
	at org.apache.maven.surefire.junit4.JUnit4Provider.invoke(JUnit4Provider.java:112)
	at sun.reflect.NativeMethodAccessorImpl.invoke0(Native Method)
	at sun.reflect.NativeMethodAccessorImpl.invoke(NativeMethodAccessorImpl.java:62)
	at sun.reflect.DelegatingMethodAccessorImpl.invoke(DelegatingMethodAccessorImpl.java:43)
	at java.lang.reflect.Method.invoke(Method.java:498)
	at org.apache.maven.surefire.util.ReflectionUtils.invokeMethodWithArray(ReflectionUtils.java:189)
	at org.apache.maven.surefire.booter.ProviderFactory$ProviderProxy.invoke(ProviderFactory.java:165)
	at org.apache.maven.surefire.booter.ProviderFactory.invokeProvider(ProviderFactory.java:85)
	at org.apache.maven.surefire.booter.ForkedBooter.runSuitesInProcess(ForkedBooter.java:115)
	at org.apache.maven.surefire.booter.ForkedBooter.main(ForkedBooter.java:75)

Running org.springframework.security.oauth2.config.annotation.Gh808EnableAuthorizationServerTests
Tests run: 2, Failures: 0, Errors: 0, Skipped: 0, Time elapsed: 0.119 sec
Running org.springframework.security.oauth2.provider.token.store.JdbcTokenStoreTests
Tests run: 14, Failures: 0, Errors: 0, Skipped: 0, Time elapsed: 1.728 sec
Running org.springframework.security.oauth2.provider.token.store.JwtAccessTokenConverterTests
Tests run: 14, Failures: 0, Errors: 0, Skipped: 0, Time elapsed: 0.378 sec
Running org.springframework.security.oauth2.provider.token.store.redis.RedisTokenStoreTests
Tests run: 16, Failures: 1, Errors: 0, Skipped: 0, Time elapsed: 4.956 sec <<< FAILURE!
testExpiringRefreshToken(org.springframework.security.oauth2.provider.token.store.redis.RedisTokenStoreTests)  Time elapsed: 3.282 sec  <<< FAILURE!
java.lang.AssertionError: expected:<33e65af7-14de-4642-aa9b-48d21918e612> but was:<null>
	at org.junit.Assert.fail(Assert.java:88)
	at org.junit.Assert.failNotEquals(Assert.java:834)
	at org.junit.Assert.assertEquals(Assert.java:118)
	at org.junit.Assert.assertEquals(Assert.java:144)
	at org.springframework.security.oauth2.provider.token.store.redis.RedisTokenStoreTests.testExpiringRefreshToken(RedisTokenStoreTests.java:65)
	at sun.reflect.NativeMethodAccessorImpl.invoke0(Native Method)
	at sun.reflect.NativeMethodAccessorImpl.invoke(NativeMethodAccessorImpl.java:62)
	at sun.reflect.DelegatingMethodAccessorImpl.invoke(DelegatingMethodAccessorImpl.java:43)
	at java.lang.reflect.Method.invoke(Method.java:498)
	at org.junit.runners.model.FrameworkMethod$1.runReflectiveCall(FrameworkMethod.java:50)
	at org.junit.internal.runners.model.ReflectiveCallable.run(ReflectiveCallable.java:12)
	at org.junit.runners.model.FrameworkMethod.invokeExplosively(FrameworkMethod.java:47)
	at org.junit.internal.runners.statements.InvokeMethod.evaluate(InvokeMethod.java:17)
	at org.junit.internal.runners.statements.RunBefores.evaluate(RunBefores.java:26)
	at org.junit.runners.ParentRunner.runLeaf(ParentRunner.java:325)
	at org.junit.runners.BlockJUnit4ClassRunner.runChild(BlockJUnit4ClassRunner.java:78)
	at org.junit.runners.BlockJUnit4ClassRunner.runChild(BlockJUnit4ClassRunner.java:57)
	at org.junit.runners.ParentRunner$3.run(ParentRunner.java:290)
	at org.junit.runners.ParentRunner$1.schedule(ParentRunner.java:71)
	at org.junit.runners.ParentRunner.runChildren(ParentRunner.java:288)
	at org.junit.runners.ParentRunner.access$000(ParentRunner.java:58)
	at org.junit.runners.ParentRunner$2.evaluate(ParentRunner.java:268)
	at org.junit.runners.ParentRunner.run(ParentRunner.java:363)
	at org.apache.maven.surefire.junit4.JUnit4Provider.execute(JUnit4Provider.java:252)
	at org.apache.maven.surefire.junit4.JUnit4Provider.executeTestSet(JUnit4Provider.java:141)
	at org.apache.maven.surefire.junit4.JUnit4Provider.invoke(JUnit4Provider.java:112)
	at sun.reflect.NativeMethodAccessorImpl.invoke0(Native Method)
	at sun.reflect.NativeMethodAccessorImpl.invoke(NativeMethodAccessorImpl.java:62)
	at sun.reflect.DelegatingMethodAccessorImpl.invoke(DelegatingMethodAccessorImpl.java:43)
	at java.lang.reflect.Method.invoke(Method.java:498)
	at org.apache.maven.surefire.util.ReflectionUtils.invokeMethodWithArray(ReflectionUtils.java:189)
	at org.apache.maven.surefire.booter.ProviderFactory$ProviderProxy.invoke(ProviderFactory.java:165)
	at org.apache.maven.surefire.booter.ProviderFactory.invokeProvider(ProviderFactory.java:85)
	at org.apache.maven.surefire.booter.ForkedBooter.runSuitesInProcess(ForkedBooter.java:115)
	at org.apache.maven.surefire.booter.ForkedBooter.main(ForkedBooter.java:75)

Running org.springframework.security.oauth2.provider.token.store.redis.RedisTokenStorePrefixTests
Tests run: 15, Failures: 0, Errors: 0, Skipped: 0, Time elapsed: 3.042 sec
Running org.springframework.security.oauth2.provider.token.store.redis.RedisTokenStoreMockTests
Tests run: 2, Failures: 0, Errors: 0, Skipped: 0, Time elapsed: 0.235 sec
Running org.springframework.security.oauth2.provider.token.store.InMemoryTokenStoreTests
Tests run: 16, Failures: 0, Errors: 0, Skipped: 0, Time elapsed: 0.008 sec
Running org.springframework.security.oauth2.provider.token.store.JwtTokenStoreTests
Tests run: 18, Failures: 0, Errors: 0, Skipped: 0, Time elapsed: 0.034 sec
Running org.springframework.security.oauth2.provider.token.DefaultUserAuthenticationConverterTests
Tests run: 3, Failures: 0, Errors: 0, Skipped: 0, Time elapsed: 0.003 sec
Running org.springframework.security.oauth2.provider.token.DefaultTokenServicesWithInMemoryTests
Tests run: 25, Failures: 0, Errors: 0, Skipped: 0, Time elapsed: 0.015 sec
Running org.springframework.security.oauth2.provider.token.DefaultTokenServicesWithJwtTests
Tests run: 15, Failures: 0, Errors: 0, Skipped: 0, Time elapsed: 0.036 sec
Running org.springframework.security.oauth2.provider.token.DefaultAccessTokenConverterTests
Tests run: 15, Failures: 0, Errors: 0, Skipped: 0, Time elapsed: 0.001 sec
Running org.springframework.security.oauth2.provider.token.DefaultTokenServicesWithJdbcTests
Tests run: 19, Failures: 0, Errors: 0, Skipped: 0, Time elapsed: 0.223 sec
Running org.springframework.security.oauth2.provider.token.DefaultTokenServicesAuthoritiesChangeTests
Tests run: 1, Failures: 0, Errors: 0, Skipped: 0, Time elapsed: 0.001 sec
Running org.springframework.security.oauth2.provider.token.DefaultTokenServicesTests
Tests run: 1, Failures: 0, Errors: 0, Skipped: 0, Time elapsed: 0.003 sec
Running org.springframework.security.oauth2.provider.token.TokenServicesWithTokenEnhancerTests
Tests run: 5, Failures: 0, Errors: 0, Skipped: 0, Time elapsed: 0.018 sec
Running org.springframework.security.oauth2.provider.vote.ScopeVoterTests
Tests run: 6, Failures: 0, Errors: 0, Skipped: 0, Time elapsed: 0.001 sec
Running org.springframework.security.oauth2.provider.vote.ClientScopeVoterTests
Tests run: 3, Failures: 0, Errors: 0, Skipped: 0, Time elapsed: 0.001 sec
Running org.springframework.security.oauth2.provider.endpoint.AuthorizationEndpointTests
Tests run: 34, Failures: 0, Errors: 0, Skipped: 0, Time elapsed: 0.019 sec
Running org.springframework.security.oauth2.provider.endpoint.TokenEndpointTests
Tests run: 6, Failures: 0, Errors: 0, Skipped: 0, Time elapsed: 0.163 sec
Running org.springframework.security.oauth2.provider.endpoint.DefaultRedirectResolverTests
Tests run: 18, Failures: 0, Errors: 0, Skipped: 0, Time elapsed: 0.002 sec
Running org.springframework.security.oauth2.provider.endpoint.ExactMatchRedirectResolverTests
Tests run: 3, Failures: 0, Errors: 0, Skipped: 0, Time elapsed: 0 sec
Running org.springframework.security.oauth2.provider.endpoint.TokenEndpointAuthenticationFilterTests
Tests run: 3, Failures: 0, Errors: 0, Skipped: 0, Time elapsed: 0.016 sec
Running org.springframework.security.oauth2.provider.endpoint.WhitelabelApprovalEndpointTests
Tests run: 6, Failures: 0, Errors: 0, Skipped: 0, Time elapsed: 0.002 sec
Running org.springframework.security.oauth2.provider.endpoint.WhitelabelErrorEndpointTests
Tests run: 3, Failures: 0, Errors: 0, Skipped: 0, Time elapsed: 0.001 sec
Running org.springframework.security.oauth2.provider.endpoint.FrameworkEndpointHandlerMappingTests
Tests run: 4, Failures: 0, Errors: 0, Skipped: 0, Time elapsed: 0 sec
Running org.springframework.security.oauth2.provider.client.JdbcClientDetailsServiceTests
Tests run: 14, Failures: 0, Errors: 0, Skipped: 0, Time elapsed: 1.527 sec
Running org.springframework.security.oauth2.provider.client.ClientDetailsUserDetailsServiceTests
Tests run: 2, Failures: 0, Errors: 0, Skipped: 0, Time elapsed: 0.005 sec
Running org.springframework.security.oauth2.provider.client.ClientCredentialsTokenEndpointFilterTests
Tests run: 3, Failures: 0, Errors: 0, Skipped: 0, Time elapsed: 0.025 sec
Running org.springframework.security.oauth2.provider.client.BaseClientDetailsTests
Tests run: 11, Failures: 0, Errors: 0, Skipped: 0, Time elapsed: 0.046 sec
Running org.springframework.security.oauth2.provider.code.InMemoryAuthorizationCodeServicesTests
Tests run: 3, Failures: 0, Errors: 0, Skipped: 0, Time elapsed: 0.001 sec
Running org.springframework.security.oauth2.provider.code.JdbcAuthorizationCodeServicesTests
Tests run: 3, Failures: 0, Errors: 0, Skipped: 0, Time elapsed: 0.026 sec
Running org.springframework.security.oauth2.provider.code.AuthorizationCodeTokenGranterTests
Tests run: 5, Failures: 0, Errors: 0, Skipped: 0, Time elapsed: 0.001 sec
Running org.springframework.security.oauth2.provider.code.SubdomainRedirectResolverTests
Tests run: 2, Failures: 0, Errors: 0, Skipped: 0, Time elapsed: 0 sec
Running org.springframework.security.oauth2.provider.request.DefaultOAuth2RequestValidatorTests
Tests run: 3, Failures: 0, Errors: 0, Skipped: 0, Time elapsed: 0.001 sec
Running org.springframework.security.oauth2.provider.request.DefaultAuthorizationRequestFactoryTests
Tests run: 9, Failures: 0, Errors: 0, Skipped: 0, Time elapsed: 0.001 sec
Running org.springframework.security.oauth2.provider.expression.OAuth2SecurityExpressionMethodsTests
Tests run: 10, Failures: 0, Errors: 0, Skipped: 0, Time elapsed: 0.001 sec
Running org.springframework.security.oauth2.provider.expression.OAuth2WebSecurityExpressionHandlerTests
Tests run: 6, Failures: 0, Errors: 0, Skipped: 0, Time elapsed: 0.003 sec
Running org.springframework.security.oauth2.provider.expression.OAuth2ExpressionParserTests
Tests run: 3, Failures: 0, Errors: 0, Skipped: 0, Time elapsed: 0.008 sec
Running org.springframework.security.oauth2.provider.expression.OAuth2MethodSecurityExpressionHandlerTests
Tests run: 9, Failures: 0, Errors: 0, Skipped: 0, Time elapsed: 0.006 sec
Running org.springframework.security.oauth2.provider.approval.TokenApprovalStoreTests
Tests run: 5, Failures: 0, Errors: 0, Skipped: 0, Time elapsed: 0.001 sec
Running org.springframework.security.oauth2.provider.approval.JdbcApprovalStoreTests
Tests run: 6, Failures: 0, Errors: 0, Skipped: 0, Time elapsed: 0.051 sec
Running org.springframework.security.oauth2.provider.approval.ApprovalStoreUserApprovalHandlerTests
Tests run: 10, Failures: 0, Errors: 0, Skipped: 0, Time elapsed: 0.002 sec
Running org.springframework.security.oauth2.provider.approval.DefaultUserApprovalHandlerTests
Tests run: 1, Failures: 0, Errors: 0, Skipped: 0, Time elapsed: 0.001 sec
Running org.springframework.security.oauth2.provider.approval.TokenStoreUserApprovalHandlerTests
Tests run: 3, Failures: 0, Errors: 0, Skipped: 0, Time elapsed: 0.001 sec
Running org.springframework.security.oauth2.provider.approval.InMemoryApprovalStoreTests
Tests run: 5, Failures: 0, Errors: 0, Skipped: 0, Time elapsed: 0 sec
Running org.springframework.security.oauth2.provider.error.DefaultWebResponseExceptionTranslatorTests
Tests run: 1, Failures: 0, Errors: 0, Skipped: 0, Time elapsed: 0 sec
Running org.springframework.security.oauth2.provider.error.OAuth2AuthenticationEntryPointTests
Tests run: 7, Failures: 0, Errors: 0, Skipped: 0, Time elapsed: 0.053 sec
Running org.springframework.security.oauth2.provider.error.OAuth2AccessDeniedHandlerTests
Tests run: 1, Failures: 0, Errors: 0, Skipped: 0, Time elapsed: 0.006 sec
Running org.springframework.security.oauth2.provider.authentication.OAuth2AuthenticationManagerTests
Tests run: 3, Failures: 0, Errors: 0, Skipped: 0, Time elapsed: 0.004 sec
Running org.springframework.security.oauth2.provider.authentication.OAuth2AuthenticationProcessingFilterTests
Tests run: 8, Failures: 0, Errors: 0, Skipped: 0, Time elapsed: 0.038 sec
Running org.springframework.security.oauth2.provider.authentication.OAuth2AuthenticationDetailsTests
Tests run: 1, Failures: 0, Errors: 0, Skipped: 0, Time elapsed: 0.001 sec
Running org.springframework.security.oauth2.provider.AuthorizationRequestTests
Tests run: 9, Failures: 0, Errors: 0, Skipped: 0, Time elapsed: 0.003 sec
Running org.springframework.security.oauth2.provider.implicit.InMemoryImplicitGrantServiceTests
Tests run: 2, Failures: 0, Errors: 0, Skipped: 0, Time elapsed: 0 sec
Running org.springframework.security.oauth2.provider.OAuth2AuthenticationTests
{"authorities":[{"authority":"ROLE_USER"}],"details":null,"authenticated":false,"userAuthentication":{"authorities":[{"authority":"ROLE_USER"}],"details":null,"authenticated":true,"principal":"foo","credentials":"bar","name":"foo"},"credentials":"","principal":"foo","clientOnly":false,"oauth2Request":{"clientId":"id","scope":["read"],"requestParameters":{},"resourceIds":[],"authorities":[],"approved":false,"refresh":false,"redirectUri":null,"responseTypes":[],"extensions":{},"refreshTokenRequest":null,"grantType":null},"name":"foo"}
Tests run: 8, Failures: 0, Errors: 0, Skipped: 0, Time elapsed: 0.017 sec
Running org.springframework.security.oauth2.provider.password.ResourceOwnerPasswordTokenGranterTests
Tests run: 7, Failures: 0, Errors: 0, Skipped: 0, Time elapsed: 0.002 sec
Running org.springframework.security.oauth2.provider.OAuth2RequestTests
Tests run: 4, Failures: 0, Errors: 0, Skipped: 0, Time elapsed: 0 sec
Running org.springframework.security.oauth2.provider.test.OAuth2RequestTests
Tests run: 4, Failures: 0, Errors: 0, Skipped: 0, Time elapsed: 0 sec
Running org.springframework.security.oauth2.common.OAuth2AccessTokenJackson1SerializerTests
Tests run: 10, Failures: 0, Errors: 0, Skipped: 0, Time elapsed: 2.506 sec
Running org.springframework.security.oauth2.common.exception.OAuth2ExceptionSerializerTests
Tests run: 11, Failures: 0, Errors: 0, Skipped: 0, Time elapsed: 0.005 sec
Running org.springframework.security.oauth2.common.exception.OAuth2ExceptionJackson2DeserializerTests
Tests run: 14, Failures: 0, Errors: 0, Skipped: 0, Time elapsed: 0.003 sec
Running org.springframework.security.oauth2.common.exception.OAuth2ExceptionDeserializerTests
Tests run: 13, Failures: 0, Errors: 0, Skipped: 0, Time elapsed: 0.004 sec
Running org.springframework.security.oauth2.common.DefaultOAuth2SerializationServiceTests
Tests run: 2, Failures: 0, Errors: 0, Skipped: 0, Time elapsed: 0 sec
Running org.springframework.security.oauth2.common.OAuth2AccessTokenJackson2SerializerTests
Tests run: 10, Failures: 0, Errors: 0, Skipped: 0, Time elapsed: 1.452 sec
Running org.springframework.security.oauth2.common.JsonSerializationTests
Tests run: 5, Failures: 0, Errors: 0, Skipped: 0, Time elapsed: 0.022 sec
Running org.springframework.security.oauth2.common.OAuth2AccessTokenJackson1DeserializerTests
Tests run: 8, Failures: 0, Errors: 0, Skipped: 0, Time elapsed: 1.432 sec
Running org.springframework.security.oauth2.common.OAuth2AccessTokenJackson2DeserializerTests
Tests run: 9, Failures: 0, Errors: 0, Skipped: 0, Time elapsed: 1.235 sec
Running org.springframework.security.oauth2.http.converter.jaxb.JaxbOAuth2ExceptionMessageConverterTests
SLF4J: Failed to load class "org.slf4j.impl.StaticLoggerBinder".
SLF4J: Defaulting to no-operation (NOP) logger implementation
SLF4J: See http://www.slf4j.org/codes.html#StaticLoggerBinder for further details.
Tests run: 22, Failures: 0, Errors: 0, Skipped: 0, Time elapsed: 1.185 sec
Running org.springframework.security.oauth2.http.converter.jaxb.JaxbOAuth2AccessTokenMessageConverterTests
SLF4J: Failed to load class "org.slf4j.impl.StaticLoggerBinder".
SLF4J: Defaulting to no-operation (NOP) logger implementation
SLF4J: See http://www.slf4j.org/codes.html#StaticLoggerBinder for further details.
Tests run: 8, Failures: 0, Errors: 0, Skipped: 0, Time elapsed: 0.849 sec
Running org.springframework.security.oauth2.client.token.grant.code.AuthorizationCodeAccessTokenProviderTests
Tests run: 5, Failures: 0, Errors: 0, Skipped: 0, Time elapsed: 0.001 sec
Running org.springframework.security.oauth2.client.token.grant.code.AuthorizationCodeAccessTokenProviderWithConversionTests
Tests run: 4, Failures: 0, Errors: 0, Skipped: 0, Time elapsed: 0.039 sec
Running org.springframework.security.oauth2.client.token.grant.code.AuthorizationCodeResourceDetailsTests
Tests run: 2, Failures: 0, Errors: 0, Skipped: 0, Time elapsed: 0 sec
Running org.springframework.security.oauth2.client.token.grant.implicit.ImplicitAccessTokenProviderTests
Tests run: 2, Failures: 0, Errors: 0, Skipped: 0, Time elapsed: 0 sec
Running org.springframework.security.oauth2.client.token.grant.password.ResourceOwnerPasswordAccessTokenProviderTests
Tests run: 3, Failures: 0, Errors: 0, Skipped: 0, Time elapsed: 0 sec
Running org.springframework.security.oauth2.client.token.AccessTokenProviderChainTests
Tests run: 15, Failures: 0, Errors: 0, Skipped: 0, Time elapsed: 0.023 sec
Running org.springframework.security.oauth2.client.token.JdbcClientTokenServicesTests
Tests run: 3, Failures: 0, Errors: 0, Skipped: 0, Time elapsed: 0.035 sec
Running org.springframework.security.oauth2.client.token.OAuth2AccessTokenSupportTests
Tests run: 5, Failures: 0, Errors: 0, Skipped: 0, Time elapsed: 0.07 sec
Running org.springframework.security.oauth2.client.OAuth2RestTemplateTests
Tests run: 12, Failures: 0, Errors: 0, Skipped: 0, Time elapsed: 0.109 sec
Running org.springframework.security.oauth2.client.DefaultOAuth2RequestAuthenticatorTests
Tests run: 6, Failures: 0, Errors: 0, Skipped: 0, Time elapsed: 0.001 sec
Running org.springframework.security.oauth2.client.filter.OAuth2ClientContextFilterTests
Tests run: 11, Failures: 0, Errors: 0, Skipped: 0, Time elapsed: 0.005 sec
Running org.springframework.security.oauth2.client.filter.OAuth2ClientAuthenticationProcessingFilterTests
Tests run: 5, Failures: 0, Errors: 0, Skipped: 0, Time elapsed: 0.011 sec
Running org.springframework.security.oauth2.client.http.OAuth2ErrorHandlerTests
Tests run: 12, Failures: 0, Errors: 0, Skipped: 0, Time elapsed: 0.03 sec

Results :

Failed tests:   clientAuthenticationPassesUsingUserCredentialsOnResourceOwnerPasswordGrantFlow(org.springframework.security.oauth2.config.xml.AuthorizationServerClientCredentialsPasswordInvalidXmlTests): Status expected:<200> but was:<500>
  clientAuthenticationPassesUsingUserCredentialsOnClientCredentialsGrantFlow(org.springframework.security.oauth2.config.xml.AuthorizationServerClientCredentialsPasswordInvalidXmlTests): Status expected:<200> but was:<500>
  testWithAuthServerCustomPath(org.springframework.security.oauth2.config.annotation.ResourceServerConfigurationTests): Response content(..)
  testWithAuthServer(org.springframework.security.oauth2.config.annotation.ResourceServerConfigurationTests): Response content(..)
  testExpiringRefreshToken(org.springframework.security.oauth2.provider.token.store.redis.RedisTokenStoreTests): expected:<33e65af7-14de-4642-aa9b-48d21918e612> but was:<null>

Tests run: 698, Failures: 5, Errors: 0, Skipped: 0

[INFO] ------------------------------------------------------------------------
[INFO] BUILD FAILURE
[INFO] ------------------------------------------------------------------------
[INFO] Total time: 01:27 min
[INFO] Finished at: 2022-04-23T22:28:36+00:00
[INFO] Final Memory: 36M/717M
[INFO] ------------------------------------------------------------------------
[WARNING] The requested profile "spring" could not be activated because it does not exist.
[ERROR] Failed to execute goal org.apache.maven.plugins:maven-surefire-plugin:2.12.4:test (default-test) on project spring-security-oauth2: There are test failures.
[ERROR] 
[ERROR] Please refer to /home/travis/build/failed/spring-projects/spring-security-oauth/spring-security-oauth2/target/surefire-reports for the individual test results.
[ERROR] -> [Help 1]
[ERROR] 
[ERROR] To see the full stack trace of the errors, re-run Maven with the -e switch.
[ERROR] Re-run Maven using the -X switch to enable full debug logging.
[ERROR] 
[ERROR] For more information about the errors and possible solutions, please read the following articles:
[ERROR] [Help 1] http://cwiki.apache.org/confluence/display/MAVEN/MojoFailureException
travis_time:end:0071c410:start=1650752827797528772,finish=1650752917044132539,duration=89246603767,event=script[0K[31;1mThe command "./mvnw -f spring-security-oauth2 -U clean test -P spring5" exited with 1.[0m


Done. Your build exited with 1.
