travis_fold:start:system_info[0K[33;1mBuild system information[0m
Build language: java
Build group: stable
Build dist: precise
Build id: ''
Job id: ''
[34m[1mBuild image provisioning date and time[0m
Thu Feb  5 15:09:33 UTC 2015
[34m[1mOperating System Details[0m
Distributor ID:	Ubuntu
Description:	Ubuntu 12.04.5 LTS
Release:	12.04
Codename:	precise
[34m[1mLinux Version[0m
3.13.0-29-generic
[34m[1mCookbooks Version[0m
a68419e https://github.com/travis-ci/travis-cookbooks/tree/a68419e
[34m[1mGCC version[0m
gcc (Ubuntu/Linaro 4.6.3-1ubuntu5) 4.6.3
Copyright (C) 2011 Free Software Foundation, Inc.
This is free software; see the source for copying conditions.  There is NO
warranty; not even for MERCHANTABILITY or FITNESS FOR A PARTICULAR PURPOSE.

[34m[1mLLVM version[0m
clang version 3.4 (tags/RELEASE_34/final)
Target: x86_64-unknown-linux-gnu
Thread model: posix
[34m[1mPre-installed Ruby versions[0m
ruby-1.9.3-p551
[34m[1mPre-installed Node.js versions[0m
v0.10.36
[34m[1mPre-installed Go versions[0m
1.4.1
[34m[1mRedis version[0m
redis-server 2.8.19
[34m[1mriak version[0m
2.0.2
[34m[1mMongoDB version[0m
MongoDB 2.4.12
[34m[1mCouchDB version[0m
couchdb 1.6.1
[34m[1mNeo4j version[0m
1.9.4
[34m[1mRabbitMQ Version[0m
3.4.3
[34m[1mElasticSearch version[0m
1.4.0
[34m[1mInstalled Sphinx versions[0m
2.0.10
2.1.9
2.2.6
[34m[1mDefault Sphinx version[0m
2.2.6
[34m[1mInstalled Firefox version[0m
firefox 31.0esr
[34m[1mPhantomJS version[0m
1.9.8
[34m[1mant -version[0m
Apache Ant(TM) version 1.8.2 compiled on December 3 2011
[34m[1mmvn -version[0m
Apache Maven 3.2.5 (12a6b3acb947671f09b81f49094c53f426d8cea1; 2014-12-14T17:29:23+00:00)
Maven home: /usr/local/maven
Java version: 1.7.0_76, vendor: Oracle Corporation
Java home: /usr/lib/jvm/java-7-oracle/jre
Default locale: en_US, platform encoding: ANSI_X3.4-1968
OS name: "linux", version: "3.13.0-29-generic", arch: "amd64", family: "unix"
travis_fold:end:system_info[0K
W: Failed to fetch http://us.archive.ubuntu.com/ubuntu/dists/precise/main/source/Sources  404  Not Found [IP: 91.189.91.38 80]

W: Failed to fetch http://us.archive.ubuntu.com/ubuntu/dists/precise/restricted/source/Sources  404  Not Found [IP: 91.189.91.38 80]

W: Failed to fetch http://us.archive.ubuntu.com/ubuntu/dists/precise/universe/source/Sources  404  Not Found [IP: 91.189.91.38 80]

W: Failed to fetch http://us.archive.ubuntu.com/ubuntu/dists/precise/multiverse/source/Sources  404  Not Found [IP: 91.189.91.38 80]

W: Failed to fetch http://us.archive.ubuntu.com/ubuntu/dists/precise/main/binary-amd64/Packages  404  Not Found [IP: 91.189.91.38 80]

W: Failed to fetch http://us.archive.ubuntu.com/ubuntu/dists/precise/restricted/binary-amd64/Packages  404  Not Found [IP: 91.189.91.38 80]

W: Failed to fetch http://us.archive.ubuntu.com/ubuntu/dists/precise/universe/binary-amd64/Packages  404  Not Found [IP: 91.189.91.38 80]

W: Failed to fetch http://us.archive.ubuntu.com/ubuntu/dists/precise/multiverse/binary-amd64/Packages  404  Not Found [IP: 91.189.91.38 80]

W: Failed to fetch http://us.archive.ubuntu.com/ubuntu/dists/precise/main/binary-i386/Packages  404  Not Found [IP: 91.189.91.38 80]

W: Failed to fetch http://us.archive.ubuntu.com/ubuntu/dists/precise/restricted/binary-i386/Packages  404  Not Found [IP: 91.189.91.38 80]

W: Failed to fetch http://us.archive.ubuntu.com/ubuntu/dists/precise/universe/binary-i386/Packages  404  Not Found [IP: 91.189.91.38 80]

W: Failed to fetch http://us.archive.ubuntu.com/ubuntu/dists/precise/multiverse/binary-i386/Packages  404  Not Found [IP: 91.189.91.38 80]

W: Failed to fetch http://us.archive.ubuntu.com/ubuntu/dists/precise-updates/main/source/Sources  404  Not Found [IP: 91.189.91.38 80]

W: Failed to fetch http://us.archive.ubuntu.com/ubuntu/dists/precise-updates/restricted/source/Sources  404  Not Found [IP: 91.189.91.38 80]

W: Failed to fetch http://us.archive.ubuntu.com/ubuntu/dists/precise-updates/universe/source/Sources  404  Not Found [IP: 91.189.91.38 80]

W: Failed to fetch http://us.archive.ubuntu.com/ubuntu/dists/precise-updates/multiverse/source/Sources  404  Not Found [IP: 91.189.91.38 80]

W: Failed to fetch http://us.archive.ubuntu.com/ubuntu/dists/precise-updates/main/binary-amd64/Packages  404  Not Found [IP: 91.189.91.38 80]

W: Failed to fetch http://us.archive.ubuntu.com/ubuntu/dists/precise-updates/restricted/binary-amd64/Packages  404  Not Found [IP: 91.189.91.38 80]

W: Failed to fetch http://us.archive.ubuntu.com/ubuntu/dists/precise-updates/universe/binary-amd64/Packages  404  Not Found [IP: 91.189.91.38 80]

W: Failed to fetch http://us.archive.ubuntu.com/ubuntu/dists/precise-updates/multiverse/binary-amd64/Packages  404  Not Found [IP: 91.189.91.38 80]

W: Failed to fetch http://us.archive.ubuntu.com/ubuntu/dists/precise-updates/main/binary-i386/Packages  404  Not Found [IP: 91.189.91.38 80]

W: Failed to fetch http://us.archive.ubuntu.com/ubuntu/dists/precise-updates/restricted/binary-i386/Packages  404  Not Found [IP: 91.189.91.38 80]

W: Failed to fetch http://us.archive.ubuntu.com/ubuntu/dists/precise-updates/universe/binary-i386/Packages  404  Not Found [IP: 91.189.91.38 80]

W: Failed to fetch http://us.archive.ubuntu.com/ubuntu/dists/precise-updates/multiverse/binary-i386/Packages  404  Not Found [IP: 91.189.91.38 80]

W: Failed to fetch http://us.archive.ubuntu.com/ubuntu/dists/precise-backports/main/source/Sources  404  Not Found [IP: 91.189.91.38 80]

W: Failed to fetch http://us.archive.ubuntu.com/ubuntu/dists/precise-backports/restricted/source/Sources  404  Not Found [IP: 91.189.91.38 80]

W: Failed to fetch http://us.archive.ubuntu.com/ubuntu/dists/precise-backports/universe/source/Sources  404  Not Found [IP: 91.189.91.38 80]

W: Failed to fetch http://us.archive.ubuntu.com/ubuntu/dists/precise-backports/multiverse/source/Sources  404  Not Found [IP: 91.189.91.38 80]

W: Failed to fetch http://us.archive.ubuntu.com/ubuntu/dists/precise-backports/main/binary-amd64/Packages  404  Not Found [IP: 91.189.91.38 80]

W: Failed to fetch http://us.archive.ubuntu.com/ubuntu/dists/precise-backports/restricted/binary-amd64/Packages  404  Not Found [IP: 91.189.91.38 80]

W: Failed to fetch http://us.archive.ubuntu.com/ubuntu/dists/precise-backports/universe/binary-amd64/Packages  404  Not Found [IP: 91.189.91.38 80]

W: Failed to fetch http://us.archive.ubuntu.com/ubuntu/dists/precise-backports/multiverse/binary-amd64/Packages  404  Not Found [IP: 91.189.91.38 80]

W: Failed to fetch http://us.archive.ubuntu.com/ubuntu/dists/precise-backports/main/binary-i386/Packages  404  Not Found [IP: 91.189.91.38 80]

W: Failed to fetch http://us.archive.ubuntu.com/ubuntu/dists/precise-backports/restricted/binary-i386/Packages  404  Not Found [IP: 91.189.91.38 80]

W: Failed to fetch http://us.archive.ubuntu.com/ubuntu/dists/precise-backports/universe/binary-i386/Packages  404  Not Found [IP: 91.189.91.38 80]

W: Failed to fetch http://us.archive.ubuntu.com/ubuntu/dists/precise-backports/multiverse/binary-i386/Packages  404  Not Found [IP: 91.189.91.38 80]

W: Failed to fetch http://security.ubuntu.com/ubuntu/dists/precise-security/main/source/Sources  404  Not Found [IP: 185.125.190.39 80]

W: Failed to fetch http://security.ubuntu.com/ubuntu/dists/precise-security/restricted/source/Sources  404  Not Found [IP: 185.125.190.39 80]

W: Failed to fetch http://security.ubuntu.com/ubuntu/dists/precise-security/universe/source/Sources  404  Not Found [IP: 185.125.190.39 80]

W: Failed to fetch http://security.ubuntu.com/ubuntu/dists/precise-security/multiverse/source/Sources  404  Not Found [IP: 185.125.190.39 80]

W: Failed to fetch http://security.ubuntu.com/ubuntu/dists/precise-security/main/binary-amd64/Packages  404  Not Found [IP: 185.125.190.39 80]

W: Failed to fetch http://security.ubuntu.com/ubuntu/dists/precise-security/restricted/binary-amd64/Packages  404  Not Found [IP: 185.125.190.39 80]

W: Failed to fetch http://security.ubuntu.com/ubuntu/dists/precise-security/universe/binary-amd64/Packages  404  Not Found [IP: 185.125.190.39 80]

W: Failed to fetch http://security.ubuntu.com/ubuntu/dists/precise-security/multiverse/binary-amd64/Packages  404  Not Found [IP: 185.125.190.39 80]

W: Failed to fetch http://security.ubuntu.com/ubuntu/dists/precise-security/main/binary-i386/Packages  404  Not Found [IP: 185.125.190.39 80]

W: Failed to fetch http://security.ubuntu.com/ubuntu/dists/precise-security/restricted/binary-i386/Packages  404  Not Found [IP: 185.125.190.39 80]

W: Failed to fetch http://security.ubuntu.com/ubuntu/dists/precise-security/universe/binary-i386/Packages  404  Not Found [IP: 185.125.190.39 80]

W: Failed to fetch http://security.ubuntu.com/ubuntu/dists/precise-security/multiverse/binary-i386/Packages  404  Not Found [IP: 185.125.190.39 80]

W: Failed to fetch http://apt.postgresql.org/pub/repos/apt/dists/precise-pgdg/main/binary-amd64/Packages  404  Not Found [IP: 147.75.85.69 80]

W: Failed to fetch http://apt.postgresql.org/pub/repos/apt/dists/precise-pgdg/main/binary-i386/Packages  404  Not Found [IP: 147.75.85.69 80]

W: Failed to fetch http://ppa.launchpad.net/rwky/ppa/ubuntu/dists/precise/main/binary-amd64/Packages  403  Forbidden

W: Failed to fetch http://ppa.launchpad.net/rwky/ppa/ubuntu/dists/precise/main/binary-i386/Packages  403  Forbidden

W: Failed to fetch http://ppa.launchpad.net/travis-ci/zero-mq/ubuntu/dists/precise/main/binary-amd64/Packages  403  Forbidden

W: Failed to fetch http://ppa.launchpad.net/travis-ci/zero-mq/ubuntu/dists/precise/main/binary-i386/Packages  403  Forbidden

W: Failed to fetch http://downloads-distro.mongodb.org/repo/debian-sysvinit/dists/dist/10gen/binary-amd64/Packages  Undetermined Error [IP: 52.206.222.245 80]

W: Failed to fetch http://downloads-distro.mongodb.org/repo/debian-sysvinit/dists/dist/10gen/binary-i386/Packages  Undetermined Error [IP: 52.206.222.245 80]

E: Some index files failed to download. They have been ignored, or old ones used instead.
sed: cannot rename /etc/hosts: Device or resource busy
sed: cannot rename /etc/hosts: Device or resource busy
$ jdk_switcher use oraclejdk8
Switching to Oracle JDK8 (java-8-oracle), JAVA_HOME will be set to /usr/lib/jvm/java-8-oracle
$ cd failed/yamcs/yamcs
travis_fold:start:cache.1[0KSetting up build cache
$ export CASHER_DIR=$HOME/.casher
travis_time:start:0bcffee0[0K
travis_time:end:0bcffee0:start=1653122829994769467,finish=1653122830004419103,duration=9649636[0Ktravis_time:start:01b89752[0K/home/travis/.casher/bin/casher:213:in `cache_archive_name': undefined method `[]' for nil:NilClass (NoMethodError)
	from /home/travis/.casher/bin/casher:65:in `block in fetch'
	from /home/travis/.casher/bin/casher:64:in `each'
	from /home/travis/.casher/bin/casher:64:in `fetch'
	from /home/travis/.casher/bin/casher:53:in `block in run'
	from /home/travis/.rvm/rubies/ruby-1.9.3-p551/lib/ruby/1.9.1/timeout.rb:69:in `timeout'
	from /home/travis/.casher/bin/casher:53:in `run'
	from /home/travis/.casher/bin/casher:263:in `<main>'
[32;1mattempting to download cache archive[0m

travis_time:end:01b89752:start=1653122830015673747,finish=1653122830796154624,duration=780480877[0Ktravis_time:start:090a12bc[0K
travis_time:end:090a12bc:start=1653122830807656425,finish=1653122830816391580,duration=8735155[0Ktravis_time:start:00ca86c2[0K[32;1madding /home/travis/.m2 to cache[0m
[32;1madding /home/travis/.sonar/cache to cache[0m

travis_time:end:00ca86c2:start=1653122830826216101,finish=1653122831711606365,duration=885390264[0Ktravis_fold:end:cache.1[0K$ java -Xmx32m -version
java version "1.8.0_31"
Java(TM) SE Runtime Environment (build 1.8.0_31-b13)
Java HotSpot(TM) 64-Bit Server VM (build 25.31-b07, mixed mode)
$ javac -J-Xmx32m -version
javac 1.8.0_31
travis_fold:start:install[0Ktravis_time:start:0dab55b5[0K$ mvn -o install -Dhttps.protocols=TLSv1.2 -DskipTests=true -Dmaven.javadoc.skip=true -B -V
Java HotSpot(TM) 64-Bit Server VM warning: ignoring option MaxPermSize=192m; support was removed in 8.0
Apache Maven 3.2.5 (12a6b3acb947671f09b81f49094c53f426d8cea1; 2014-12-14T17:29:23+00:00)
Maven home: /usr/local/maven
Java version: 1.8.0_31, vendor: Oracle Corporation
Java home: /usr/lib/jvm/java-8-oracle/jre
Default locale: en_US, platform encoding: UTF-8
OS name: "linux", version: "4.15.0-109-generic", arch: "amd64", family: "unix"
[INFO] Scanning for projects...
[INFO] ------------------------------------------------------------------------
[INFO] Reactor Build Order:
[INFO] 
[INFO] Yamcs
[INFO] Yamcs API
[INFO] Yamcs XTCE
[INFO] Yamcs Core
[INFO] Yamcs Simulation
[INFO]                                                                         
[INFO] ------------------------------------------------------------------------
[INFO] Building Yamcs 3.2.0-SNAPSHOT
[INFO] ------------------------------------------------------------------------
[INFO] 
[INFO] --- maven-source-plugin:2.2.1:jar-no-fork (attach-sources) @ yamcs ---
[INFO] 
[INFO] --- maven-install-plugin:2.4:install (default-install) @ yamcs ---
[INFO] Installing /home/travis/build/failed/yamcs/yamcs/pom.xml to /home/travis/.m2/repository/org/yamcs/yamcs/3.2.0-SNAPSHOT/yamcs-3.2.0-SNAPSHOT.pom
[INFO]                                                                         
[INFO] ------------------------------------------------------------------------
[INFO] Building Yamcs API 3.2.0-SNAPSHOT
[INFO] ------------------------------------------------------------------------
[INFO] 
[INFO] --- maven-resources-plugin:2.6:resources (default-resources) @ yamcs-api ---
[INFO] Using 'UTF-8' encoding to copy filtered resources.
[INFO] Copying 1 resource
[INFO] 
[INFO] --- maven-compiler-plugin:2.3.2:compile (default-compile) @ yamcs-api ---
[INFO] Nothing to compile - all classes are up to date
[INFO] 
[INFO] --- maven-resources-plugin:2.6:testResources (default-testResources) @ yamcs-api ---
[INFO] Using 'UTF-8' encoding to copy filtered resources.
[INFO] skip non existing resourceDirectory /home/travis/build/failed/yamcs/yamcs/yamcs-api/src/test/resources
[INFO] 
[INFO] --- maven-compiler-plugin:2.3.2:testCompile (default-testCompile) @ yamcs-api ---
[INFO] Nothing to compile - all classes are up to date
[INFO] 
[INFO] --- maven-surefire-plugin:2.19.1:test (default-test) @ yamcs-api ---
[INFO] Tests are skipped.
[INFO] 
[INFO] --- maven-jar-plugin:2.4:jar (default-jar) @ yamcs-api ---
[INFO] 
[INFO] --- maven-source-plugin:2.2.1:jar-no-fork (attach-sources) @ yamcs-api ---
[INFO] 
[INFO] --- maven-install-plugin:2.4:install (default-install) @ yamcs-api ---
[INFO] Installing /home/travis/build/failed/yamcs/yamcs/yamcs-api/target/yamcs-api-3.2.0-SNAPSHOT.jar to /home/travis/.m2/repository/org/yamcs/yamcs-api/3.2.0-SNAPSHOT/yamcs-api-3.2.0-SNAPSHOT.jar
[INFO] Installing /home/travis/build/failed/yamcs/yamcs/yamcs-api/pom.xml to /home/travis/.m2/repository/org/yamcs/yamcs-api/3.2.0-SNAPSHOT/yamcs-api-3.2.0-SNAPSHOT.pom
[INFO] Installing /home/travis/build/failed/yamcs/yamcs/yamcs-api/target/yamcs-api-3.2.0-SNAPSHOT-sources.jar to /home/travis/.m2/repository/org/yamcs/yamcs-api/3.2.0-SNAPSHOT/yamcs-api-3.2.0-SNAPSHOT-sources.jar
[INFO]                                                                         
[INFO] ------------------------------------------------------------------------
[INFO] Building Yamcs XTCE 3.2.0-SNAPSHOT
[INFO] ------------------------------------------------------------------------
[INFO] 
[INFO] --- maven-resources-plugin:2.6:resources (default-resources) @ yamcs-xtce ---
[INFO] Using 'UTF-8' encoding to copy filtered resources.
[INFO] Copying 1 resource
[INFO] 
[INFO] --- maven-compiler-plugin:2.3.2:compile (default-compile) @ yamcs-xtce ---
[INFO] Nothing to compile - all classes are up to date
[INFO] 
[INFO] --- maven-resources-plugin:2.6:testResources (default-testResources) @ yamcs-xtce ---
[INFO] Using 'UTF-8' encoding to copy filtered resources.
[INFO] Copying 1 resource
[INFO] 
[INFO] --- maven-compiler-plugin:2.3.2:testCompile (default-testCompile) @ yamcs-xtce ---
[INFO] Nothing to compile - all classes are up to date
[INFO] 
[INFO] --- maven-surefire-plugin:2.19.1:test (default-test) @ yamcs-xtce ---
[INFO] Tests are skipped.
[INFO] 
[INFO] --- maven-jar-plugin:2.4:jar (default-jar) @ yamcs-xtce ---
[INFO] Building jar: /home/travis/build/failed/yamcs/yamcs/yamcs-xtce/target/yamcs-xtce-3.2.0-SNAPSHOT.jar
[INFO] 
[INFO] --- maven-source-plugin:2.2.1:jar-no-fork (attach-sources) @ yamcs-xtce ---
[INFO] 
[INFO] --- maven-install-plugin:2.4:install (default-install) @ yamcs-xtce ---
[INFO] Installing /home/travis/build/failed/yamcs/yamcs/yamcs-xtce/target/yamcs-xtce-3.2.0-SNAPSHOT.jar to /home/travis/.m2/repository/org/yamcs/yamcs-xtce/3.2.0-SNAPSHOT/yamcs-xtce-3.2.0-SNAPSHOT.jar
[INFO] Installing /home/travis/build/failed/yamcs/yamcs/yamcs-xtce/pom.xml to /home/travis/.m2/repository/org/yamcs/yamcs-xtce/3.2.0-SNAPSHOT/yamcs-xtce-3.2.0-SNAPSHOT.pom
[INFO] Installing /home/travis/build/failed/yamcs/yamcs/yamcs-xtce/target/yamcs-xtce-3.2.0-SNAPSHOT-sources.jar to /home/travis/.m2/repository/org/yamcs/yamcs-xtce/3.2.0-SNAPSHOT/yamcs-xtce-3.2.0-SNAPSHOT-sources.jar
[INFO]                                                                         
[INFO] ------------------------------------------------------------------------
[INFO] Building Yamcs Core 3.2.0-SNAPSHOT
[INFO] ------------------------------------------------------------------------
[INFO] 
[INFO] --- build-helper-maven-plugin:1.11:add-source (add-source) @ yamcs-core ---
[INFO] Source directory: /home/travis/build/failed/yamcs/yamcs/yamcs-core/target/generated-sources/version added.
[INFO] 
[INFO] --- maven-antrun-plugin:1.3:run (generate-version) @ yamcs-core ---
[INFO] Executing tasks
[INFO] Executed tasks
[INFO] 
[INFO] --- maven-resources-plugin:2.6:resources (default-resources) @ yamcs-core ---
[INFO] Using 'UTF-8' encoding to copy filtered resources.
[INFO] Copying 31 resources
[INFO] 
[INFO] --- maven-compiler-plugin:2.3.2:compile (default-compile) @ yamcs-core ---
[INFO] Nothing to compile - all classes are up to date
[INFO] 
[INFO] --- maven-resources-plugin:2.6:testResources (default-testResources) @ yamcs-core ---
[INFO] Using 'UTF-8' encoding to copy filtered resources.
[INFO] Copying 37 resources
[INFO] Copying 19 resources
[INFO] 
[INFO] --- maven-compiler-plugin:2.3.2:testCompile (default-testCompile) @ yamcs-core ---
[INFO] Nothing to compile - all classes are up to date
[INFO] 
[INFO] --- maven-surefire-plugin:2.19.1:test (default-test) @ yamcs-core ---
[INFO] Tests are skipped.
[INFO] 
[INFO] --- maven-jar-plugin:2.4:jar (default-jar) @ yamcs-core ---
[INFO] 
[INFO] --- maven-dependency-plugin:2.8:copy-dependencies (copy-dependencies) @ yamcs-core ---
[INFO] Copying yamcs-xtce-3.2.0-SNAPSHOT.jar to /home/travis/build/failed/yamcs/yamcs/yamcs-core/lib/yamcs-xtce-3.2.0-SNAPSHOT.jar
[INFO] artemis-native-1.5.4.jar already exists in destination.
[INFO] netty-all-4.1.9.Final.jar already exists in destination.
[INFO] protobuf-java-2.5.0.jar already exists in destination.
[INFO] johnzon-core-0.9.5.jar already exists in destination.
[INFO] slf4j-jdk14-1.7.1.jar already exists in destination.
[INFO] janino-2.5.15.jar already exists in destination.
[INFO] commons-collections-3.2.1.jar already exists in destination.
[INFO] artemis-journal-1.5.4.jar already exists in destination.
[INFO] jcommander-1.48.jar already exists in destination.
[INFO] rocksdbjni-5.2.1.jar already exists in destination.
[INFO] javacsv-2.0.jar already exists in destination.
[INFO] protostuff-api-1.5.3.jar already exists in destination.
[INFO] artemis-core-client-1.5.4.jar already exists in destination.
[INFO] slf4j-api-1.7.1.jar already exists in destination.
[INFO] jgroups-3.6.9.Final.jar already exists in destination.
[INFO] jackson-core-2.7.1.jar already exists in destination.
[INFO] geronimo-json_1.0_spec-1.0-alpha-1.jar already exists in destination.
[INFO] yamcs-api-3.2.0-SNAPSHOT.jar already exists in destination.
[INFO] protostuff-json-1.5.3.jar already exists in destination.
[INFO] snakeyaml-1.9.jar already exists in destination.
[INFO] commons-logging-1.1.1.jar already exists in destination.
[INFO] commons-beanutils-1.9.2.jar already exists in destination.
[INFO] log4j-1.2.14.jar already exists in destination.
[INFO] artemis-jdbc-store-1.5.4.jar already exists in destination.
[INFO] jxl-2.6.10.jar already exists in destination.
[INFO] guava-18.0.jar already exists in destination.
[INFO] jdatepicker-1.3.2.jar already exists in destination.
[INFO] artemis-commons-1.5.4.jar already exists in destination.
[INFO] artemis-server-1.5.4.jar already exists in destination.
[INFO] jboss-logging-3.3.0.Final.jar already exists in destination.
[INFO] artemis-selector-1.5.4.jar already exists in destination.
[INFO] 
[INFO] --- maven-source-plugin:2.2.1:jar-no-fork (attach-sources) @ yamcs-core ---
[INFO] 
[INFO] --- maven-install-plugin:2.4:install (default-install) @ yamcs-core ---
[INFO] Installing /home/travis/build/failed/yamcs/yamcs/yamcs-core/target/yamcs-core-3.2.0-SNAPSHOT.jar to /home/travis/.m2/repository/org/yamcs/yamcs-core/3.2.0-SNAPSHOT/yamcs-core-3.2.0-SNAPSHOT.jar
[INFO] Installing /home/travis/build/failed/yamcs/yamcs/yamcs-core/pom.xml to /home/travis/.m2/repository/org/yamcs/yamcs-core/3.2.0-SNAPSHOT/yamcs-core-3.2.0-SNAPSHOT.pom
[INFO] Installing /home/travis/build/failed/yamcs/yamcs/yamcs-core/target/yamcs-core-3.2.0-SNAPSHOT-sources.jar to /home/travis/.m2/repository/org/yamcs/yamcs-core/3.2.0-SNAPSHOT/yamcs-core-3.2.0-SNAPSHOT-sources.jar
[INFO]                                                                         
[INFO] ------------------------------------------------------------------------
[INFO] Building Yamcs Simulation 3.2.0-SNAPSHOT
[INFO] ------------------------------------------------------------------------
[INFO] 
[INFO] --- maven-resources-plugin:2.6:resources (default-resources) @ yamcs-simulation ---
[INFO] Using 'UTF-8' encoding to copy filtered resources.
[INFO] Copying 2 resources
[INFO] 
[INFO] --- maven-compiler-plugin:2.3.2:compile (default-compile) @ yamcs-simulation ---
[INFO] Nothing to compile - all classes are up to date
[INFO] 
[INFO] --- maven-resources-plugin:2.6:testResources (default-testResources) @ yamcs-simulation ---
[INFO] Using 'UTF-8' encoding to copy filtered resources.
[INFO] Copying 5 resources
[INFO] 
[INFO] --- maven-compiler-plugin:2.3.2:testCompile (default-testCompile) @ yamcs-simulation ---
[INFO] Nothing to compile - all classes are up to date
[INFO] 
[INFO] --- maven-surefire-plugin:2.19.1:test (default-test) @ yamcs-simulation ---
[INFO] Tests are skipped.
[INFO] 
[INFO] --- maven-jar-plugin:2.4:jar (default-jar) @ yamcs-simulation ---
[INFO] 
[INFO] --- maven-source-plugin:2.2.1:jar-no-fork (attach-sources) @ yamcs-simulation ---
[INFO] 
[INFO] --- maven-install-plugin:2.4:install (default-install) @ yamcs-simulation ---
[INFO] Installing /home/travis/build/failed/yamcs/yamcs/yamcs-simulation/target/yamcs-simulation-3.2.0-SNAPSHOT.jar to /home/travis/.m2/repository/org/yamcs/yamcs-simulation/3.2.0-SNAPSHOT/yamcs-simulation-3.2.0-SNAPSHOT.jar
[INFO] Installing /home/travis/build/failed/yamcs/yamcs/yamcs-simulation/pom.xml to /home/travis/.m2/repository/org/yamcs/yamcs-simulation/3.2.0-SNAPSHOT/yamcs-simulation-3.2.0-SNAPSHOT.pom
[INFO] Installing /home/travis/build/failed/yamcs/yamcs/yamcs-simulation/target/yamcs-simulation-3.2.0-SNAPSHOT-sources.jar to /home/travis/.m2/repository/org/yamcs/yamcs-simulation/3.2.0-SNAPSHOT/yamcs-simulation-3.2.0-SNAPSHOT-sources.jar
[INFO] ------------------------------------------------------------------------
[INFO] Reactor Summary:
[INFO] 
[INFO] Yamcs .............................................. SUCCESS [  3.696 s]
[INFO] Yamcs API .......................................... SUCCESS [ 14.964 s]
[INFO] Yamcs XTCE ......................................... SUCCESS [  1.608 s]
[INFO] Yamcs Core ......................................... SUCCESS [ 28.290 s]
[INFO] Yamcs Simulation ................................... SUCCESS [  1.621 s]
[INFO] ------------------------------------------------------------------------
[INFO] BUILD SUCCESS
[INFO] ------------------------------------------------------------------------
[INFO] Total time: 50.509 s
[INFO] Finished at: 2022-05-21T08:48:03+00:00
[INFO] Final Memory: 18M/293M
[INFO] ------------------------------------------------------------------------

travis_time:end:0dab55b5:start=1653122831996572117,finish=1653122883892167335,duration=51895595218[0Ktravis_fold:end:install[0Ktravis_time:start:1d6b1a50[0K$ mvn -o -Dhttps.protocols=TLSv1.2 -Dsurefire.useFile=false test
Java HotSpot(TM) 64-Bit Server VM warning: ignoring option MaxPermSize=192m; support was removed in 8.0
[INFO] Scanning for projects...
[INFO] ------------------------------------------------------------------------
[INFO] Reactor Build Order:
[INFO] 
[INFO] Yamcs
[INFO] Yamcs API
[INFO] Yamcs XTCE
[INFO] Yamcs Core
[INFO] Yamcs Simulation
[INFO]                                                                         
[INFO] ------------------------------------------------------------------------
[INFO] Building Yamcs 3.2.0-SNAPSHOT
[INFO] ------------------------------------------------------------------------
[INFO]                                                                         
[INFO] ------------------------------------------------------------------------
[INFO] Building Yamcs API 3.2.0-SNAPSHOT
[INFO] ------------------------------------------------------------------------
[INFO] 
[INFO] --- maven-resources-plugin:2.6:resources (default-resources) @ yamcs-api ---
[INFO] Using 'UTF-8' encoding to copy filtered resources.
[INFO] Copying 1 resource
[INFO] 
[INFO] --- maven-compiler-plugin:2.3.2:compile (default-compile) @ yamcs-api ---
[INFO] Nothing to compile - all classes are up to date
[INFO] 
[INFO] --- maven-resources-plugin:2.6:testResources (default-testResources) @ yamcs-api ---
[INFO] Using 'UTF-8' encoding to copy filtered resources.
[INFO] skip non existing resourceDirectory /home/travis/build/failed/yamcs/yamcs/yamcs-api/src/test/resources
[INFO] 
[INFO] --- maven-compiler-plugin:2.3.2:testCompile (default-testCompile) @ yamcs-api ---
[INFO] Nothing to compile - all classes are up to date
[INFO] 
[INFO] --- maven-surefire-plugin:2.19.1:test (default-test) @ yamcs-api ---

-------------------------------------------------------
 T E S T S
-------------------------------------------------------
Running org.yamcs.api.AbstractEventProducerTest
Tests run: 5, Failures: 0, Errors: 0, Skipped: 0, Time elapsed: 0.796 sec - in org.yamcs.api.AbstractEventProducerTest
Running org.yamcs.utils.TaiUtcConverterTest
Tests run: 2, Failures: 0, Errors: 0, Skipped: 0, Time elapsed: 0 sec - in org.yamcs.utils.TaiUtcConverterTest
Running org.yamcs.utils.TimeEncodingTest
sdf,format:2010-12-31T23:59:59.000
d=Fri Dec 31 23:59:59 UTC 2010
cal=Fri Dec 31 23:59:59 UTC 2010
hod=23
s=2010-12-31T23:59:59.000
Tests run: 15, Failures: 0, Errors: 0, Skipped: 0, Time elapsed: 0.001 sec - in org.yamcs.utils.TimeEncodingTest

Results :

Tests run: 22, Failures: 0, Errors: 0, Skipped: 0

[INFO]                                                                         
[INFO] ------------------------------------------------------------------------
[INFO] Building Yamcs XTCE 3.2.0-SNAPSHOT
[INFO] ------------------------------------------------------------------------
[INFO] 
[INFO] --- maven-resources-plugin:2.6:resources (default-resources) @ yamcs-xtce ---
[INFO] Using 'UTF-8' encoding to copy filtered resources.
[INFO] Copying 1 resource
[INFO] 
[INFO] --- maven-compiler-plugin:2.3.2:compile (default-compile) @ yamcs-xtce ---
[INFO] Nothing to compile - all classes are up to date
[INFO] 
[INFO] --- maven-resources-plugin:2.6:testResources (default-testResources) @ yamcs-xtce ---
[INFO] Using 'UTF-8' encoding to copy filtered resources.
[INFO] Copying 1 resource
[INFO] 
[INFO] --- maven-compiler-plugin:2.3.2:testCompile (default-testCompile) @ yamcs-xtce ---
[INFO] Nothing to compile - all classes are up to date
[INFO] 
[INFO] --- maven-surefire-plugin:2.19.1:test (default-test) @ yamcs-xtce ---

-------------------------------------------------------
 T E S T S
-------------------------------------------------------
Running org.yamcs.xtce.HistoryTest
Tests run: 2, Failures: 0, Errors: 0, Skipped: 0, Time elapsed: 0.055 sec - in org.yamcs.xtce.HistoryTest
Running org.yamcs.xtce.XtceStaxReaderTest
May 21, 2022 8:48:11 AM org.yamcs.xtce.xml.XtceStaxReader skipXtceSection
INFO: Section <AuthorSet> skipped
May 21, 2022 8:48:11 AM org.yamcs.xtce.xml.XtceStaxReader skipXtceSection
INFO: Section <NoteSet> skipped
May 21, 2022 8:48:11 AM org.yamcs.xtce.xml.XtceStaxReader skipXtceSection
INFO: Section <AbsoluteTimeParameterType> skipped
May 21, 2022 8:48:11 AM org.yamcs.xtce.xml.XtceStaxReader skipXtceSection
INFO: Section <CommandMetaData> skipped
May 21, 2022 8:48:11 AM org.yamcs.xtce.xml.XtceStaxReader skipXtceSection
INFO: Section <ContextCalibratorList> skipped
May 21, 2022 8:48:11 AM org.yamcs.xtce.xml.XtceStaxReader skipXtceSection
INFO: Section <ContextCalibratorList> skipped
May 21, 2022 8:48:11 AM org.yamcs.xtce.xml.XtceStaxReader skipXtceSection
INFO: Section <SystemName> skipped
May 21, 2022 8:48:11 AM org.yamcs.xtce.xml.XtceStaxReader skipXtceSection
INFO: Section <SystemName> skipped
May 21, 2022 8:48:11 AM org.yamcs.xtce.xml.XtceStaxReader skipXtceSection
INFO: Section <SystemName> skipped
May 21, 2022 8:48:11 AM org.yamcs.xtce.xml.XtceStaxReader skipXtceSection
INFO: Section <SystemName> skipped
May 21, 2022 8:48:11 AM org.yamcs.xtce.xml.XtceStaxReader skipXtceSection
INFO: Section <SystemName> skipped
May 21, 2022 8:48:11 AM org.yamcs.xtce.xml.XtceStaxReader skipXtceSection
INFO: Section <SystemName> skipped
May 21, 2022 8:48:11 AM org.yamcs.xtce.xml.XtceStaxReader skipXtceSection
INFO: Section <SystemName> skipped
May 21, 2022 8:48:11 AM org.yamcs.xtce.xml.XtceStaxReader skipXtceSection
INFO: Section <SystemName> skipped
May 21, 2022 8:48:11 AM org.yamcs.xtce.xml.XtceStaxReader skipXtceSection
INFO: Section <SystemName> skipped
May 21, 2022 8:48:11 AM org.yamcs.xtce.xml.XtceStaxReader skipXtceSection
INFO: Section <SystemName> skipped
May 21, 2022 8:48:11 AM org.yamcs.xtce.xml.XtceStaxReader skipXtceSection
INFO: Section <SystemName> skipped
May 21, 2022 8:48:11 AM org.yamcs.xtce.xml.XtceStaxReader skipXtceSection
INFO: Section <PhysicalAddressSet> skipped
May 21, 2022 8:48:11 AM org.yamcs.xtce.xml.XtceStaxReader skipXtceSection
INFO: Section <SystemName> skipped
May 21, 2022 8:48:11 AM org.yamcs.xtce.xml.XtceStaxReader skipXtceSection
INFO: Section <PhysicalAddressSet> skipped
May 21, 2022 8:48:11 AM org.yamcs.xtce.xml.XtceStaxReader skipXtceSection
INFO: Section <SystemName> skipped
May 21, 2022 8:48:11 AM org.yamcs.xtce.xml.XtceStaxReader skipXtceSection
INFO: Section <PhysicalAddressSet> skipped
May 21, 2022 8:48:11 AM org.yamcs.xtce.xml.XtceStaxReader skipXtceSection
INFO: Section <AlgorithmSet> skipped
May 21, 2022 8:48:11 AM org.yamcs.xtce.xml.XtceStaxReader skipXtceSection
INFO: Section <SystemName> skipped
May 21, 2022 8:48:11 AM org.yamcs.xtce.xml.XtceStaxReader skipXtceSection
INFO: Section <SystemName> skipped
May 21, 2022 8:48:11 AM org.yamcs.xtce.xml.XtceStaxReader skipXtceSection
INFO: Section <SystemName> skipped
May 21, 2022 8:48:11 AM org.yamcs.xtce.xml.XtceStaxReader skipXtceSection
INFO: Section <SystemName> skipped
May 21, 2022 8:48:11 AM org.yamcs.xtce.xml.XtceStaxReader skipXtceSection
INFO: Section <SystemName> skipped
May 21, 2022 8:48:11 AM org.yamcs.xtce.xml.XtceStaxReader skipXtceSection
INFO: Section <SystemName> skipped
May 21, 2022 8:48:11 AM org.yamcs.xtce.xml.XtceStaxReader skipXtceSection
INFO: Section <SystemName> skipped
May 21, 2022 8:48:11 AM org.yamcs.xtce.xml.XtceStaxReader skipXtceSection
INFO: Section <SystemName> skipped
May 21, 2022 8:48:11 AM org.yamcs.xtce.xml.XtceStaxReader skipXtceSection
INFO: Section <SystemName> skipped
May 21, 2022 8:48:11 AM org.yamcs.xtce.xml.XtceStaxReader skipXtceSection
INFO: Section <SystemName> skipped
May 21, 2022 8:48:11 AM org.yamcs.xtce.xml.XtceStaxReader skipXtceSection
INFO: Section <SystemName> skipped
May 21, 2022 8:48:11 AM org.yamcs.xtce.xml.XtceStaxReader skipXtceSection
INFO: Section <SystemName> skipped
May 21, 2022 8:48:11 AM org.yamcs.xtce.xml.XtceStaxReader skipXtceSection
INFO: Section <SystemName> skipped
May 21, 2022 8:48:11 AM org.yamcs.xtce.xml.XtceStaxReader skipXtceSection
INFO: Section <SystemName> skipped
May 21, 2022 8:48:11 AM org.yamcs.xtce.xml.XtceStaxReader skipXtceSection
INFO: Section <SystemName> skipped
May 21, 2022 8:48:11 AM org.yamcs.xtce.xml.XtceStaxReader readXmlDocument
INFO: XTCE file parsing finished successfully
ss: SpaceSystem[BogusSAT]
Tests run: 1, Failures: 0, Errors: 0, Skipped: 0, Time elapsed: 0.377 sec - in org.yamcs.xtce.XtceStaxReaderTest

Results :

Tests run: 3, Failures: 0, Errors: 0, Skipped: 0

[INFO]                                                                         
[INFO] ------------------------------------------------------------------------
[INFO] Building Yamcs Core 3.2.0-SNAPSHOT
[INFO] ------------------------------------------------------------------------
[INFO] 
[INFO] --- build-helper-maven-plugin:1.11:add-source (add-source) @ yamcs-core ---
[INFO] Source directory: /home/travis/build/failed/yamcs/yamcs/yamcs-core/target/generated-sources/version added.
[INFO] 
[INFO] --- maven-antrun-plugin:1.3:run (generate-version) @ yamcs-core ---
[INFO] Executing tasks
[INFO] Executed tasks
[INFO] 
[INFO] --- maven-resources-plugin:2.6:resources (default-resources) @ yamcs-core ---
[INFO] Using 'UTF-8' encoding to copy filtered resources.
[INFO] Copying 31 resources
[INFO] 
[INFO] --- maven-compiler-plugin:2.3.2:compile (default-compile) @ yamcs-core ---
[INFO] Nothing to compile - all classes are up to date
[INFO] 
[INFO] --- maven-resources-plugin:2.6:testResources (default-testResources) @ yamcs-core ---
[INFO] Using 'UTF-8' encoding to copy filtered resources.
[INFO] Copying 37 resources
[INFO] Copying 19 resources
[INFO] 
[INFO] --- maven-compiler-plugin:2.3.2:testCompile (default-testCompile) @ yamcs-core ---
[INFO] Nothing to compile - all classes are up to date
[INFO] 
[INFO] --- maven-surefire-plugin:2.19.1:test (default-test) @ yamcs-core ---

-------------------------------------------------------
 T E S T S
-------------------------------------------------------
Running org.yamcs.AlarmTest
Tests run: 5, Failures: 0, Errors: 0, Skipped: 0, Time elapsed: 3.068 sec - in org.yamcs.AlarmTest
Running org.yamcs.ArchiveIntegrationTest
May 21 08:48:50.478 [38] org.yamcs.web.rest.archive.ArchiveParameterRestHandler listParameterHistory WARNING:No parameter id found in the parameter archive for /REFMDB/ccsds-apid
May 21 08:48:50.568 [41] org.yamcs.web.rest.archive.ArchiveParameterRestHandler listParameterHistory WARNING:No parameter id found in the parameter archive for /REFMDB/ccsds-apid
May 21 08:48:51.439 [51] org.yamcs.web.rest.archive.ArchiveTableRestHandler$TableLoader exceptionCaught WARNING:Exception caught in the table load pipeline, closing the connection: com.google.protobuf.InvalidProtocolBufferException: Protocol message contained an invalid tag (zero).
May 21 08:48:51.447 [51] org.yamcs.web.HttpRequestHandler sendResponse WARNING:POST /api/archive/IntegrationTest/tables/table2/data 400
pdata: parameter {
  id {
    name: "/REFMDB/SUBSYS1/processed_para_uint"
  }
  engValue {
    type: UINT32
    uint32Value: 60
  }
  generationTime: 1420106495030
  acquisitionStatus: ACQUIRED
  processingStatus: true
  generationTimeUTC: "2015-01-01T10:01:00.030"
}

May 21 08:48:55.301 [83] org.yamcs.web.HttpRequestHandler sendResponse WARNING:POST /api/archive/IntegrationTest/tables/table1/data 400
Tests run: 7, Failures: 0, Errors: 0, Skipped: 0, Time elapsed: 32.536 sec - in org.yamcs.ArchiveIntegrationTest
Running org.yamcs.ComVerifIntegrationTest
alg_verif_started:
  receivedCmdId: 25
  sentCmdId: 25
  receivedSeqNum: 5000
  sentSeqNum: 5000
  stage: 0
  result: 0
yep, this is our command
alg_verif_completed:
  receivedCmdId: 25
  sentCmdId: 25
  receivedSeqNum: 5000
  sentSeqNum: 5000
  stage: 0
  result: 0
alg_verif_completed:
  receivedCmdId: 25
  sentCmdId: 25
  receivedSeqNum: 5000
  sentSeqNum: 5000
  stage: 1
  result: 5
yep, this is our command
Tests run: 2, Failures: 0, Errors: 0, Skipped: 0, Time elapsed: 8.636 sec - in org.yamcs.ComVerifIntegrationTest
Running org.yamcs.ContainerRequestManagerTest
Tests run: 1, Failures: 0, Errors: 0, Skipped: 0, Time elapsed: 0.514 sec - in org.yamcs.ContainerRequestManagerTest
Running org.yamcs.EventCrashHandlerTest
Tests run: 1, Failures: 0, Errors: 0, Skipped: 0, Time elapsed: 0.149 sec - in org.yamcs.EventCrashHandlerTest
Running org.yamcs.IntegrationTest
May 21 08:49:11.227 [38] org.yamcs.web.rest.Router handleException WARNING:R1: Sending nominal exception 400 Bad Request back to client: Cannot find a local(software) parameter for 'name: "/REFMDB/SUBSYS1/IntegerPara1_1_6"
'
May 21 08:49:11.236 [38] org.yamcs.web.HttpRequestHandler sendResponse WARNING:POST /api/processors/IntegrationTest/realtime/parameters/mset 400
May 21 08:49:15.162 [61] org.yamcs.web.rest.Router handleException WARNING:R4: Sending nominal exception 400 Bad Request back to client: Invalid parameters: [name: "/REFMDB/SUBSYS1/InvalidParaName"
]
May 21 08:49:15.163 [61] org.yamcs.web.HttpRequestHandler sendResponse WARNING:GET /api/processors/IntegrationTest/realtime/parameters/mget 400
May 21 08:49:18.196 [39] org.yamcs.web.rest.Router lambda$dispatch$4 SEVERE:R6 blocking the netty thread for 2 seconds. uri: /api/processors/IntegrationTest/realtime/parameters/mget
May 21 08:49:22.564 [178] org.yamcs.web.rest.Router handleException WARNING:R25: Sending nominal exception 400 Bad Request back to client: Cannot assign integer from STRING
May 21 08:49:22.565 [178] org.yamcs.web.HttpRequestHandler sendResponse WARNING:POST /api/processors/IntegrationTest/realtime/parameters/mset 400
Tests run: 17, Failures: 0, Errors: 0, Skipped: 1, Time elapsed: 16.233 sec - in org.yamcs.IntegrationTest
Running org.yamcs.ParameterArchiveIntegrationTest
May 21 08:49:32.824 [38] org.yamcs.web.rest.archive.ArchiveParameterRestHandler listParameterHistory WARNING:No parameter id found in the parameter archive for /REFMDB/SUBSYS1/FloatPara1_1_2
May 21 08:49:32.927 [41] org.yamcs.web.rest.archive.ArchiveParameterRestHandler getParameterSamples WARNING:No parameter id found in the parameter archive for /REFMDB/SUBSYS1/FloatPara1_1_2
May 21 08:49:32.986 [1] org.yamcs.parameterarchive.ParameterArchive reprocess FINE:Scheduling a reprocess for interval [2015-01-02T10:00:00.000 - 2016-01-02T11:00:00.000]
May 21 08:49:32.994 [42] org.yamcs.parameterarchive.BackFiller runTask INFO:Starting an parameter archive fillup for interval [2015-01-02T09:34:59.400-2016-01-02T11:01:04.480)
May 21 08:49:33.217 [45] org.yamcs.parameterarchive.ArchiveFillerTask[IntegrationTest] updateItems FINE:Writing to archive the segment: [2015-01-02T09:34:59.400 - 2015-01-02T10:44:53.704)
May 21 08:49:33.510 [45] org.yamcs.parameterarchive.ArchiveFillerTask[IntegrationTest] updateItems FINE:Writing to archive the segment: [2015-01-02T10:44:53.704 - 2015-01-02T11:54:48.008)
May 21 08:49:33.539 [42] org.yamcs.parameterarchive.ArchiveFillerTask[IntegrationTest] flush INFO:Starting a consolidation process, number of intervals: 1
May 21 08:49:33.543 [42] org.yamcs.parameterarchive.BackFiller runTask INFO:Parameter archive fillup for interval [2015-01-02T09:34:59.400-2016-01-02T11:01:04.480) finished, number of processed parameter samples: 194400
May 21 08:49:33.600 [49] org.yamcs.parameterarchive.MultiParameterDataRetrieval retrieve FINE:Stoped early due to receiving ConsumerAbortException
May 21 08:49:33.627 [51] org.yamcs.parameterarchive.MultiParameterDataRetrieval retrieve FINE:Stoped early due to receiving ConsumerAbortException
May 21 08:49:33.669 [55] org.yamcs.parameterarchive.MultiParameterDataRetrieval retrieve FINE:Stoped early due to receiving ConsumerAbortException
May 21 08:49:33.733 [1] org.yamcs.parameterarchive.ParameterArchive doStop FINE:Stopping ParameterArchive service for instance IntegrationTest
Tests run: 2, Failures: 0, Errors: 0, Skipped: 1, Time elapsed: 9.566 sec - in org.yamcs.ParameterArchiveIntegrationTest
Running org.yamcs.PermissionsTest
May 21 08:49:38.691 [38] org.yamcs.web.rest.Router handleException WARNING:R1: Sending nominal exception 403 Forbidden back to client: User operator/***** has no 'set' permission for parameter /REFMDB/SUBSYS1/LocalPara1
May 21 08:49:38.699 [38] org.yamcs.web.HttpRequestHandler sendResponse WARNING:POST /api/processors/IntegrationTest/realtime/parameters/mset 403
May 21 08:49:38.762 [122] org.yamcs.security.YamlRealm getPrivileges WARNING:No privileges of type tm_parameter_privileges for role EmptyRole
May 21 08:49:38.764 [122] org.yamcs.security.YamlRealm getPrivileges WARNING:No privileges of type tm_parameter_set_privileges for role EmptyRole
May 21 08:49:38.764 [122] org.yamcs.security.YamlRealm getPrivileges WARNING:No privileges of type tm_packet_privileges for role EmptyRole
May 21 08:49:38.765 [122] org.yamcs.security.YamlRealm getPrivileges WARNING:No privileges of type tc_privileges for role EmptyRole
May 21 08:49:38.765 [122] org.yamcs.security.YamlRealm getPrivileges WARNING:No privileges of type system_privileges for role EmptyRole
May 21 08:49:39.053 [124] org.yamcs.web.rest.RestHandler verifyCommand WARNING:Command 'FLOAT_ARG_TC' (namespace: '/REFMDB/SUBSYS1') found, but withheld due to insufficient privileges. Returning 404 instead
May 21 08:49:39.054 [124] org.yamcs.web.rest.Router handleException WARNING:R3: Sending nominal exception 404 Not Found back to client: No resource named '/api/processors/IntegrationTest/realtime/commands/REFMDB/SUBSYS1/FLOAT_ARG_TC' (No such command)
May 21 08:49:39.055 [124] org.yamcs.web.HttpRequestHandler sendResponse WARNING:POST /api/processors/IntegrationTest/realtime/commands/REFMDB/SUBSYS1/FLOAT_ARG_TC 404
May 21 08:49:39.118 [128] org.yamcs.commanding.CommandingManager addToCommandHistory WARNING:Throwing InsufficientPrivileges for lack of COMMANDING privilege for user testuser/*****
May 21 08:49:39.118 [128] org.yamcs.web.rest.Router handleException WARNING:R4: Sending nominal exception 403 Forbidden back to client: Forbidden
May 21 08:49:39.119 [128] org.yamcs.web.HttpRequestHandler sendResponse WARNING:POST /api/processors/IntegrationTest/realtime/commandhistory/REFMDB/SUBSYS1/ONE_INT_ARG_TC 403
May 21 08:49:41.536 [136] org.yamcs.web.rest.archive.ArchiveParameterRestHandler listParameterHistory WARNING:No parameter id found in the parameter archive for /REFMDB/SUBSYS1/IntegerPara1_1_6
May 21 08:49:41.567 [138] org.yamcs.web.HttpRequestHandler sendResponse WARNING:GET /api/archive/IntegrationTest/REFMDB/SUBSYS1/FixedStringPara1_3_1?start=2015-03-02T10:10:00&stop=2015-03-02T10:10:02&order=asc 404
May 21 08:49:41.605 [220] org.yamcs.security.BasicAuthModule sendUnauthorized WARNING:GET /api/user 401 [realm="org.yamcs.security.BasicAuthModule"]: the realm could not authenticate the provided token
May 21 08:49:41.686 [305] org.yamcs.web.rest.Router handleException WARNING:R8: Sending nominal exception 403 Forbidden back to client: User testuser/***** has no permission for parameter /REFMDB/SUBSYS1/FloatPara1_1_3
May 21 08:49:41.686 [305] org.yamcs.web.HttpRequestHandler sendResponse WARNING:GET /api/processors/IntegrationTest/realtime/parameters/mget 403
Tests run: 6, Failures: 0, Errors: 0, Skipped: 0, Time elapsed: 7.062 sec - in org.yamcs.PermissionsTest
Running org.yamcs.RestClientTest
May 21 08:49:46.489 [205] org.yamcs.security.BasicAuthModule sendUnauthorized WARNING:GET /api/instances 401 [realm="org.yamcs.security.BasicAuthModule"]: No authorization header present
Tests run: 3, Failures: 0, Errors: 0, Skipped: 0, Time elapsed: 3.947 sec - in org.yamcs.RestClientTest
Running org.yamcs.YamcsServerArtemisTest
May 21 08:49:47.781 [1] org.yamcs.security.Privilege <clinit> WARNING:Privileges disabled, all connections are allowed and have full permissions
May 21 08:49:48.492 [1] org.apache.activemq.artemis.core.server internalStart INFO:AMQ221000: live Message Broker is starting with configuration Broker Configuration (clustered=false,journalDirectory=data/journal,bindingsDirectory=data/bindings,largeMessagesDirectory=data/largemessages,pagingDirectory=data/paging)
May 21 08:49:48.562 [1] org.apache.activemq.artemis.core.server <init> INFO:AMQ221043: Protocol module found: [artemis-server]. Adding protocol support for: CORE
log4j:WARN No appenders could be found for logger (org.apache.commons.beanutils.converters.BooleanConverter).
log4j:WARN Please initialize the log4j system properly.
May 21 08:49:48.794 [1] org.apache.activemq.artemis.core.server run INFO:AMQ221007: Server is now live
May 21 08:49:48.794 [1] org.apache.activemq.artemis.core.server internalStart INFO:AMQ221001: Apache ActiveMQ Artemis Message Broker version 1.5.4 [localhost, nodeID=f87cf529-d8e2-11ec-87e3-0242ac110002] 
May 21 08:49:49.165 [1] org.yamcs.StreamConfig <init> WARNING:No streamConfig defined for instance instance1
May 21 08:49:49.452 [33] org.apache.activemq.artemis.core.server checkDeadLetterAddressAndExpiryAddress WARNING:AMQ222165: No Dead Letter Address configured for queue tempRpcQueue.e0728c9d-c95b-460e-bb16-baa52297cfcb in AddressSettings
May 21 08:49:49.453 [33] org.apache.activemq.artemis.core.server checkDeadLetterAddressAndExpiryAddress WARNING:AMQ222166: No Expiry Address configured for queue tempRpcQueue.e0728c9d-c95b-460e-bb16-baa52297cfcb in AddressSettings
May 21 08:49:49.505 [33] org.apache.activemq.artemis.core.server checkDeadLetterAddressAndExpiryAddress WARNING:AMQ222165: No Dead Letter Address configured for queue tempDataQueue.e421109d-5962-4306-9b10-850829ef5e32 in AddressSettings
May 21 08:49:49.505 [33] org.apache.activemq.artemis.core.server checkDeadLetterAddressAndExpiryAddress WARNING:AMQ222166: No Expiry Address configured for queue tempDataQueue.e421109d-5962-4306-9b10-850829ef5e32 in AddressSettings
May 21 08:49:59.549 [1] org.apache.activemq.artemis.core.server stop INFO:AMQ221002: Apache ActiveMQ Artemis Message Broker version 1.5.4 [f87cf529-d8e2-11ec-87e3-0242ac110002] stopped, uptime 11.097 seconds
Tests run: 1, Failures: 0, Errors: 1, Skipped: 0, Time elapsed: 12.248 sec <<< FAILURE! - in org.yamcs.YamcsServerArtemisTest
testRetrieveMdb(org.yamcs.YamcsServerArtemisTest)  Time elapsed: 10.373 sec  <<< ERROR!
org.yamcs.api.YamcsApiException: did not receive a response to getMissionDatabase in 10000 milliseconds
	at org.yamcs.YamcsServerArtemisTest.testRetrieveMdb(YamcsServerArtemisTest.java:45)

Running org.yamcs.alarms.AlarmServerTest
Tests run: 6, Failures: 0, Errors: 0, Skipped: 0, Time elapsed: 0.132 sec - in org.yamcs.alarms.AlarmServerTest
Running org.yamcs.algorithms.AlgorithmManagerJavaTest
Tests run: 3, Failures: 0, Errors: 0, Skipped: 0, Time elapsed: 2.332 sec - in org.yamcs.algorithms.AlgorithmManagerJavaTest
Running org.yamcs.algorithms.AlgorithmManagerPyTest
Tests run: 3, Failures: 0, Errors: 0, Skipped: 0, Time elapsed: 2.715 sec - in org.yamcs.algorithms.AlgorithmManagerPyTest
Running org.yamcs.algorithms.AlgorithmManagerTest
Tests run: 14, Failures: 0, Errors: 0, Skipped: 1, Time elapsed: 13.361 sec - in org.yamcs.algorithms.AlgorithmManagerTest
Running org.yamcs.algorithms.AlgorithmWithContextTest
Tests run: 1, Failures: 0, Errors: 0, Skipped: 0, Time elapsed: 2.243 sec - in org.yamcs.algorithms.AlgorithmWithContextTest
Running org.yamcs.algorithms.WindowBufferTest
Tests run: 1, Failures: 0, Errors: 0, Skipped: 0, Time elapsed: 0.061 sec - in org.yamcs.algorithms.WindowBufferTest
Running org.yamcs.api.artemis.ArtemisEventProducerTest
May 21 08:50:24.837 [1] org.yamcs.security.Privilege <clinit> WARNING:Privileges disabled, all connections are allowed and have full permissions
May 21 08:50:25.199 [1] org.apache.activemq.artemis.core.server internalStart INFO:AMQ221000: live Message Broker is starting with configuration Broker Configuration (clustered=false,journalDirectory=data/journal,bindingsDirectory=data/bindings,largeMessagesDirectory=data/largemessages,pagingDirectory=data/paging)
May 21 08:50:25.240 [1] org.apache.activemq.artemis.core.server <init> INFO:AMQ221043: Protocol module found: [artemis-server]. Adding protocol support for: CORE
log4j:WARN No appenders could be found for logger (org.apache.commons.beanutils.converters.BooleanConverter).
log4j:WARN Please initialize the log4j system properly.
May 21 08:50:25.383 [1] org.apache.activemq.artemis.core.server run INFO:AMQ221007: Server is now live
May 21 08:50:25.384 [1] org.apache.activemq.artemis.core.server internalStart INFO:AMQ221001: Apache ActiveMQ Artemis Message Broker version 1.5.4 [localhost, nodeID=0e5e27fa-d8e3-11ec-94b6-0242ac110002] 
May 21 08:50:25.719 [33] org.apache.activemq.artemis.core.server checkDeadLetterAddressAndExpiryAddress WARNING:AMQ222165: No Dead Letter Address configured for queue tempDataQueue.1c0a395a-0686-4837-938b-bc68a5afa4dc in AddressSettings
May 21 08:50:25.719 [33] org.apache.activemq.artemis.core.server checkDeadLetterAddressAndExpiryAddress WARNING:AMQ222166: No Expiry Address configured for queue tempDataQueue.1c0a395a-0686-4837-938b-bc68a5afa4dc in AddressSettings
May 21 08:50:25.976 [1] org.apache.activemq.artemis.core.server stop INFO:AMQ221002: Apache ActiveMQ Artemis Message Broker version 1.5.4 [0e5e27fa-d8e3-11ec-94b6-0242ac110002] stopped, uptime 0.817 seconds
Tests run: 1, Failures: 0, Errors: 0, Skipped: 0, Time elapsed: 1.444 sec - in org.yamcs.api.artemis.ArtemisEventProducerTest
Running org.yamcs.api.rest.HttpClientTest
May 21 08:50:30.637 [38] org.yamcs.web.HttpRequestHandler sendResponse WARNING:GET /blaba 404
Tests run: 2, Failures: 0, Errors: 0, Skipped: 0, Time elapsed: 4.159 sec - in org.yamcs.api.rest.HttpClientTest
Running org.yamcs.archive.CcsdsTmIndexTest
Tests run: 3, Failures: 0, Errors: 0, Skipped: 1, Time elapsed: 0.51 sec - in org.yamcs.archive.CcsdsTmIndexTest
Running org.yamcs.archive.CmdHistoryRecordingTest
May 21 08:50:32.960 [1] org.yamcs.archive.CommandHistoryRecorder[yarchtest_CmdHistoryRecordingTest] doStart WARNING:The stream cmdhist_dump has not been found
Tests run: 1, Failures: 0, Errors: 0, Skipped: 0, Time elapsed: 0.898 sec - in org.yamcs.archive.CmdHistoryRecordingTest
Running org.yamcs.archive.EventRecordingTest
May 21 08:50:34.405 [1] org.yamcs.security.Privilege <clinit> WARNING:Privileges disabled, all connections are allowed and have full permissions
May 21 08:50:34.787 [1] org.apache.activemq.artemis.core.server internalStart INFO:AMQ221000: live Message Broker is starting with configuration Broker Configuration (clustered=false,journalDirectory=data/journal,bindingsDirectory=data/bindings,largeMessagesDirectory=data/largemessages,pagingDirectory=data/paging)
May 21 08:50:34.829 [1] org.apache.activemq.artemis.core.server <init> INFO:AMQ221043: Protocol module found: [artemis-server]. Adding protocol support for: CORE
log4j:WARN No appenders could be found for logger (org.apache.commons.beanutils.converters.BooleanConverter).
log4j:WARN Please initialize the log4j system properly.
May 21 08:50:34.966 [1] org.apache.activemq.artemis.core.server run INFO:AMQ221007: Server is now live
May 21 08:50:34.967 [1] org.apache.activemq.artemis.core.server internalStart INFO:AMQ221001: Apache ActiveMQ Artemis Message Broker version 1.5.4 [localhost, nodeID=14152af1-d8e3-11ec-bc91-0242ac110002] 
May 21 08:50:35.708 [34] org.apache.activemq.artemis.core.server checkDeadLetterAddressAndExpiryAddress WARNING:AMQ222165: No Dead Letter Address configured for queue yarchtest_EventRecordingTest.events_realtime-StreamAdapter in AddressSettings
May 21 08:50:35.709 [34] org.apache.activemq.artemis.core.server checkDeadLetterAddressAndExpiryAddress WARNING:AMQ222166: No Expiry Address configured for queue yarchtest_EventRecordingTest.events_realtime-StreamAdapter in AddressSettings
May 21 08:50:36.768 [34] org.apache.activemq.artemis.core.server checkDeadLetterAddressAndExpiryAddress WARNING:AMQ222165: No Dead Letter Address configured for queue tempDataQueue.213d242c-e74f-46cd-b0d7-e213a89b6d2a in AddressSettings
May 21 08:50:36.769 [34] org.apache.activemq.artemis.core.server checkDeadLetterAddressAndExpiryAddress WARNING:AMQ222166: No Expiry Address configured for queue tempDataQueue.213d242c-e74f-46cd-b0d7-e213a89b6d2a in AddressSettings
May 21 08:50:38.072 [40] org.apache.activemq.artemis.core.client fail WARNING:AMQ212037: Connection failure has been detected: AMQ119015: The connection was disconnected because of server shutdown [code=DISCONNECTED]
May 21 08:50:38.074 [1] org.apache.activemq.artemis.core.server stop INFO:AMQ221002: Apache ActiveMQ Artemis Message Broker version 1.5.4 [14152af1-d8e3-11ec-bc91-0242ac110002] stopped, uptime 3.324 seconds
Tests run: 1, Failures: 0, Errors: 0, Skipped: 0, Time elapsed: 3.875 sec - in org.yamcs.archive.EventRecordingTest
Running org.yamcs.archive.PpTupleTranslatorTest
May 21 08:50:39.150 [1] org.yamcs.security.Privilege <clinit> WARNING:Privileges disabled, all connections are allowed and have full permissions
May 21 08:50:39.544 [1] org.apache.activemq.artemis.core.server internalStart INFO:AMQ221000: live Message Broker is starting with configuration Broker Configuration (clustered=false,journalDirectory=data/journal,bindingsDirectory=data/bindings,largeMessagesDirectory=data/largemessages,pagingDirectory=data/paging)
May 21 08:50:39.586 [1] org.apache.activemq.artemis.core.server <init> INFO:AMQ221043: Protocol module found: [artemis-server]. Adding protocol support for: CORE
log4j:WARN No appenders could be found for logger (org.apache.commons.beanutils.converters.BooleanConverter).
log4j:WARN Please initialize the log4j system properly.
May 21 08:50:39.729 [1] org.apache.activemq.artemis.core.server run INFO:AMQ221007: Server is now live
May 21 08:50:39.730 [1] org.apache.activemq.artemis.core.server internalStart INFO:AMQ221001: Apache ActiveMQ Artemis Message Broker version 1.5.4 [localhost, nodeID=16eb072e-d8e3-11ec-9132-0242ac110002] 
May 21 08:50:40.484 [34] org.apache.activemq.artemis.core.server checkDeadLetterAddressAndExpiryAddress WARNING:AMQ222165: No Dead Letter Address configured for queue pp_realtime-StreamAdapter in AddressSettings
May 21 08:50:40.485 [34] org.apache.activemq.artemis.core.server checkDeadLetterAddressAndExpiryAddress WARNING:AMQ222166: No Expiry Address configured for queue pp_realtime-StreamAdapter in AddressSettings
May 21 08:50:40.546 [34] org.apache.activemq.artemis.core.server checkDeadLetterAddressAndExpiryAddress WARNING:AMQ222165: No Dead Letter Address configured for queue tempDataQueue.2f1fc78b-cca9-42cf-83c3-25234cfac08a in AddressSettings
May 21 08:50:40.547 [34] org.apache.activemq.artemis.core.server checkDeadLetterAddressAndExpiryAddress WARNING:AMQ222166: No Expiry Address configured for queue tempDataQueue.2f1fc78b-cca9-42cf-83c3-25234cfac08a in AddressSettings
May 21 08:50:43.913 [1] org.apache.activemq.artemis.core.server stop INFO:AMQ221002: Apache ActiveMQ Artemis Message Broker version 1.5.4 [16eb072e-d8e3-11ec-9132-0242ac110002] stopped, uptime 4.406 seconds
Tests run: 1, Failures: 0, Errors: 0, Skipped: 0, Time elapsed: 5.004 sec - in org.yamcs.archive.PpTupleTranslatorTest
Running org.yamcs.artemis.ProducerKillerTest
log4j:WARN No appenders could be found for logger (org.jboss.logging).
log4j:WARN Please initialize the log4j system properly.
May 21 08:51:47.518 [50] org.yamcs.api.artemis.Protocol onMessage WARNING:closing producer org.apache.activemq.artemis.core.client.impl.ClientProducerImpl@6a84a97d because the consumer to the address tempDataAddress.f7523f25-e961-4d4f-9e33-05df44b45273 has closed
org.yamcs.api.YamcsApiException: Failed to send message to tempDataAddress.f7523f25-e961-4d4f-9e33-05df44b45273
	at org.yamcs.api.artemis.YamcsClient.sendData(YamcsClient.java:449)
	at org.yamcs.artemis.ProducerKillerTest$2.run(ProducerKillerTest.java:59)
	at java.lang.Thread.run(Thread.java:745)
Caused by: ActiveMQObjectClosedException[errorType=OBJECT_CLOSED message=AMQ119018: Producer is closed]
	at org.apache.activemq.artemis.core.client.impl.ClientProducerImpl.checkClosed(ClientProducerImpl.java:292)
	at org.apache.activemq.artemis.core.client.impl.ClientProducerImpl.send(ClientProducerImpl.java:124)
	at org.yamcs.api.artemis.YamcsClient.sendData(YamcsClient.java:447)
	... 2 more
Tests run: 1, Failures: 0, Errors: 0, Skipped: 0, Time elapsed: 62.893 sec - in org.yamcs.artemis.ProducerKillerTest
Running org.yamcs.artemis.StreamAdapterTest
May 21 08:51:48.448 [1] org.yamcs.security.Privilege <clinit> WARNING:Privileges disabled, all connections are allowed and have full permissions
May 21 08:51:48.825 [1] org.apache.activemq.artemis.core.server internalStart INFO:AMQ221000: live Message Broker is starting with configuration Broker Configuration (clustered=false,journalDirectory=data/journal,bindingsDirectory=data/bindings,largeMessagesDirectory=data/largemessages,pagingDirectory=data/paging)
May 21 08:51:48.871 [1] org.apache.activemq.artemis.core.server <init> INFO:AMQ221043: Protocol module found: [artemis-server]. Adding protocol support for: CORE
log4j:WARN No appenders could be found for logger (org.apache.commons.beanutils.converters.BooleanConverter).
log4j:WARN Please initialize the log4j system properly.
May 21 08:51:49.012 [1] org.apache.activemq.artemis.core.server run INFO:AMQ221007: Server is now live
May 21 08:51:49.012 [1] org.apache.activemq.artemis.core.server internalStart INFO:AMQ221001: Apache ActiveMQ Artemis Message Broker version 1.5.4 [localhost, nodeID=403678cb-d8e3-11ec-83f3-0242ac110002] 
May 21 08:51:49.425 [32] org.apache.activemq.artemis.core.server checkDeadLetterAddressAndExpiryAddress WARNING:AMQ222165: No Dead Letter Address configured for queue tests2h-StreamAdapter in AddressSettings
May 21 08:51:49.426 [32] org.apache.activemq.artemis.core.server checkDeadLetterAddressAndExpiryAddress WARNING:AMQ222166: No Expiry Address configured for queue tests2h-StreamAdapter in AddressSettings
May 21 08:51:49.573 [32] org.apache.activemq.artemis.core.server checkDeadLetterAddressAndExpiryAddress WARNING:AMQ222165: No Dead Letter Address configured for queue tempDataQueue.b989558c-c034-4130-8a02-875cedb35aad in AddressSettings
May 21 08:51:49.573 [32] org.apache.activemq.artemis.core.server checkDeadLetterAddressAndExpiryAddress WARNING:AMQ222166: No Expiry Address configured for queue tempDataQueue.b989558c-c034-4130-8a02-875cedb35aad in AddressSettings
May 21 08:51:49.682 [32] org.apache.activemq.artemis.core.server checkDeadLetterAddressAndExpiryAddress WARNING:AMQ222165: No Dead Letter Address configured for queue tests2h-StreamAdapter in AddressSettings
May 21 08:51:49.682 [32] org.apache.activemq.artemis.core.server checkDeadLetterAddressAndExpiryAddress WARNING:AMQ222166: No Expiry Address configured for queue tests2h-StreamAdapter in AddressSettings
May 21 08:51:49.690 [32] org.apache.activemq.artemis.core.server checkDeadLetterAddressAndExpiryAddress WARNING:AMQ222165: No Dead Letter Address configured for queue tempDataQueue.200fb6ca-92c5-435f-95cd-467843dd9e89 in AddressSettings
May 21 08:51:49.690 [32] org.apache.activemq.artemis.core.server checkDeadLetterAddressAndExpiryAddress WARNING:AMQ222166: No Expiry Address configured for queue tempDataQueue.200fb6ca-92c5-435f-95cd-467843dd9e89 in AddressSettings
May 21 08:51:49.787 [1] org.apache.activemq.artemis.core.server stop INFO:AMQ221002: Apache ActiveMQ Artemis Message Broker version 1.5.4 [403678cb-d8e3-11ec-83f3-0242ac110002] stopped, uptime 1.002 seconds
Tests run: 2, Failures: 0, Errors: 0, Skipped: 0, Time elapsed: 1.529 sec - in org.yamcs.artemis.StreamAdapterTest
Running org.yamcs.cli.YamcsCliTest
Tests run: 1, Failures: 0, Errors: 0, Skipped: 0, Time elapsed: 3.721 sec - in org.yamcs.cli.YamcsCliTest
Running org.yamcs.commanding.CommandingManagerTest
Tests run: 10, Failures: 0, Errors: 0, Skipped: 0, Time elapsed: 0.419 sec - in org.yamcs.commanding.CommandingManagerTest
Running org.yamcs.management.ProcessorsTest
connecting to yamcs
May 21 08:51:57.784 [32] org.yamcs.security.Privilege <clinit> WARNING:Privileges disabled, all connections are allowed and have full permissions
connecting to yamcs
May 21 08:52:04.064 [49] org.yamcs.management.ManagementService createProcessor WARNING:createProcessor called with invalid client id:10; ignored.
May 21 08:52:04.065 [49] org.yamcs.management.ManagementService createProcessor WARNING:createProcessor called with invalid client id:14; ignored.
May 21 08:52:04.067 [49] org.yamcs.web.rest.Router handleException WARNING:R6: Sending nominal exception 400 Bad Request back to client: createProcessor invoked with a list full of invalid client ids
May 21 08:52:04.075 [49] org.yamcs.web.HttpRequestHandler sendResponse WARNING:POST /api/processors/yproctest0 400
log: Exception creating processor: createProcessor invoked with a list full of invalid client ids
Tests run: 2, Failures: 0, Errors: 0, Skipped: 0, Time elapsed: 8.378 sec - in org.yamcs.management.ProcessorsTest
Running org.yamcs.parameter.ParameterCacheTest
Tests run: 5, Failures: 0, Errors: 0, Skipped: 1, Time elapsed: 0.118 sec - in org.yamcs.parameter.ParameterCacheTest
Running org.yamcs.parameter.ParameterValueListTest
Tests run: 5, Failures: 0, Errors: 0, Skipped: 0, Time elapsed: 0.148 sec - in org.yamcs.parameter.ParameterValueListTest
Running org.yamcs.parameter.SoftwareParameterManagerTest
Tests run: 1, Failures: 0, Errors: 0, Skipped: 0, Time elapsed: 2.533 sec - in org.yamcs.parameter.SoftwareParameterManagerTest
Running org.yamcs.parameter.SubsriptionArrayTest
Tests run: 1, Failures: 0, Errors: 0, Skipped: 0, Time elapsed: 0.055 sec - in org.yamcs.parameter.SubsriptionArrayTest
Running org.yamcs.parameter.ValueTest
Tests run: 1, Failures: 0, Errors: 0, Skipped: 1, Time elapsed: 0.053 sec - in org.yamcs.parameter.ValueTest
Running org.yamcs.parameterarchive.BooleanValueSegmentTest
Tests run: 1, Failures: 0, Errors: 0, Skipped: 0, Time elapsed: 0.064 sec - in org.yamcs.parameterarchive.BooleanValueSegmentTest
Running org.yamcs.parameterarchive.DoubleValueSegmentTest
Tests run: 1, Failures: 0, Errors: 0, Skipped: 0, Time elapsed: 0.065 sec - in org.yamcs.parameterarchive.DoubleValueSegmentTest
Running org.yamcs.parameterarchive.FloatValueSegmentTest
Tests run: 2, Failures: 0, Errors: 0, Skipped: 0, Time elapsed: 0.071 sec - in org.yamcs.parameterarchive.FloatValueSegmentTest
Running org.yamcs.parameterarchive.GenericValueSegmentTest
Tests run: 1, Failures: 0, Errors: 0, Skipped: 0, Time elapsed: 0.093 sec - in org.yamcs.parameterarchive.GenericValueSegmentTest
Running org.yamcs.parameterarchive.IntValueSegmentTest
Tests run: 3, Failures: 0, Errors: 0, Skipped: 0, Time elapsed: 0.078 sec - in org.yamcs.parameterarchive.IntValueSegmentTest
Running org.yamcs.parameterarchive.LongValueSegmentTest
Tests run: 2, Failures: 0, Errors: 0, Skipped: 0, Time elapsed: 0.063 sec - in org.yamcs.parameterarchive.LongValueSegmentTest
Running org.yamcs.parameterarchive.ObjectSegmentTest
Tests run: 4, Failures: 0, Errors: 0, Skipped: 0, Time elapsed: 0.238 sec - in org.yamcs.parameterarchive.ObjectSegmentTest
Running org.yamcs.parameterarchive.ParameterArchiveTest
Tests run: 5, Failures: 0, Errors: 0, Skipped: 0, Time elapsed: 0.657 sec - in org.yamcs.parameterarchive.ParameterArchiveTest
Running org.yamcs.parameterarchive.ParameterGroupIdMapTest
Tests run: 1, Failures: 0, Errors: 0, Skipped: 0, Time elapsed: 0.189 sec - in org.yamcs.parameterarchive.ParameterGroupIdMapTest
Running org.yamcs.parameterarchive.ParameterIdMapTest
Tests run: 1, Failures: 0, Errors: 0, Skipped: 0, Time elapsed: 0.163 sec - in org.yamcs.parameterarchive.ParameterIdMapTest
Running org.yamcs.parameterarchive.StringValueSegmentTest
Tests run: 1, Failures: 0, Errors: 0, Skipped: 0, Time elapsed: 0.079 sec - in org.yamcs.parameterarchive.StringValueSegmentTest
Running org.yamcs.parameterarchive.TestCompression
Tests run: 1, Failures: 0, Errors: 0, Skipped: 1, Time elapsed: 0.052 sec - in org.yamcs.parameterarchive.TestCompression
Running org.yamcs.parameterarchive.TestStructure
Tests run: 2, Failures: 0, Errors: 0, Skipped: 2, Time elapsed: 0.046 sec - in org.yamcs.parameterarchive.TestStructure
Running org.yamcs.parameterarchive.TimeSegmentTest
Tests run: 1, Failures: 0, Errors: 0, Skipped: 0, Time elapsed: 0.056 sec - in org.yamcs.parameterarchive.TimeSegmentTest
Running org.yamcs.security.PasswordHashTest
1000:748961a415178d66dffbd4ef5f056808262308aef98cd44b:3793b9cfb80c3498528e6d89c6715ba0f4b0fc38389a017c
1000:f4890eb55551221b1c19cf10b966f1ead76c3b2ecf79ae2b:3e80573345383f8e71f61df1e52186b84c9ddbe1819b0664
1000:94000398b335b11550eb0dcef84bd3028f6471975f88c51a:2b9a7948f240afe0b0aed0a15663583c03304a4d378630ea
1000:ae8a31387cc544950d994c998ccf39ecee915d026bf3e6c0:8f4d605b9ce8cb053f7e7cfe7f5d5be270a7a170d8e4d858
1000:a8fef9d15ca242ac9ef87e665f572c615e7418f2c4cc6ce3:321fbc84e77601f484b136edb7b3838fc09fe988ca736b6e
1000:5bd01645bf09cd9c5465bee23e3e6e0a6452e838a366b45c:2bfdb649886a70e7e69120a4839a43df39b48ceb92b29ebf
1000:f772e005dd16de44e1b8a2c51cfeb22546125d8ec644a1e4:79c580d0d1ff5d4d238e8156340266ead13fe4c59e31d651
1000:ecb0307a7b35ec8976af1898f471a535bd5f2617fac946ad:e631d56f5f8b96d080765dec25b30bff4814993f04d433d5
1000:c9e523b7d5aac4a867a38eef820acb58d26efa1211ca9e9b:05a117944e3c092da9dd6addaeb5102e9f09294297d58211
1000:2361c9ebe1e2811ca02fa254ae3b87d41f2bb8e984f4eac1:67aac249e69b86787f29fc2b47c5e8a2e99eb0674c62d186
Running tests...
Tests run: 1, Failures: 0, Errors: 0, Skipped: 0, Time elapsed: 1.55 sec - in org.yamcs.security.PasswordHashTest
Running org.yamcs.tctm.TcpTcUplinkerTest
Tests run: 1, Failures: 0, Errors: 0, Skipped: 0, Time elapsed: 0.172 sec - in org.yamcs.tctm.TcpTcUplinkerTest
Running org.yamcs.tctm.TmFileReaderTest
Tests run: 2, Failures: 0, Errors: 0, Skipped: 0, Time elapsed: 0.1 sec - in org.yamcs.tctm.TmFileReaderTest
Running org.yamcs.ui.eventviewer.UtilsTest
Tests run: 3, Failures: 0, Errors: 0, Skipped: 0, Time elapsed: 0.054 sec - in org.yamcs.ui.eventviewer.UtilsTest
Running org.yamcs.utils.SortedIntArrayTest
s2 encoded: [-1, 5, 20]
Tests run: 10, Failures: 0, Errors: 0, Skipped: 1, Time elapsed: 0.058 sec - in org.yamcs.utils.SortedIntArrayTest
Running org.yamcs.utils.TestBitBuffer
Tests run: 3, Failures: 0, Errors: 0, Skipped: 0, Time elapsed: 0.053 sec - in org.yamcs.utils.TestBitBuffer
Running org.yamcs.utils.TimeEncodingTest
max = 185539080470436999
5881469-05-27T23:59:59.999
Tests run: 2, Failures: 0, Errors: 0, Skipped: 0, Time elapsed: 0.104 sec - in org.yamcs.utils.TimeEncodingTest
Running org.yamcs.utils.VarIntUtilTest
Tests run: 3, Failures: 0, Errors: 0, Skipped: 0, Time elapsed: 0.066 sec - in org.yamcs.utils.VarIntUtilTest
Running org.yamcs.web.rest.RestRequestTest
Tests run: 5, Failures: 0, Errors: 0, Skipped: 0, Time elapsed: 0.172 sec - in org.yamcs.web.rest.RestRequestTest
Running org.yamcs.web.rest.RouterTest
Tests run: 10, Failures: 0, Errors: 0, Skipped: 0, Time elapsed: 0.379 sec - in org.yamcs.web.rest.RouterTest
Running org.yamcs.web.rest.archive.RestDownsamplerTest
Tests run: 1, Failures: 0, Errors: 0, Skipped: 0, Time elapsed: 0.126 sec - in org.yamcs.web.rest.archive.RestDownsamplerTest
Running org.yamcs.web.rest.mdb.NameDescriptionSearchMatcherTest
Tests run: 1, Failures: 0, Errors: 0, Skipped: 0, Time elapsed: 0.427 sec - in org.yamcs.web.rest.mdb.NameDescriptionSearchMatcherTest
Running org.yamcs.web.rest.mdb.XtceToGpbAssemblerTest
Tests run: 3, Failures: 0, Errors: 0, Skipped: 0, Time elapsed: 0.534 sec - in org.yamcs.web.rest.mdb.XtceToGpbAssemblerTest
Running org.yamcs.xtce.SpreadsheetLoaderTest
Tests run: 5, Failures: 0, Errors: 0, Skipped: 0, Time elapsed: 0.618 sec - in org.yamcs.xtce.SpreadsheetLoaderTest
Running org.yamcs.xtceproc.XtceCommandEncodingTest
command buffer: 0B0A1200
Tests run: 11, Failures: 0, Errors: 0, Skipped: 0, Time elapsed: 0.837 sec - in org.yamcs.xtceproc.XtceCommandEncodingTest
Running org.yamcs.xtceproc.XtceDbFactoryTest
Tests run: 3, Failures: 0, Errors: 0, Skipped: 0, Time elapsed: 0.531 sec - in org.yamcs.xtceproc.XtceDbFactoryTest
Running org.yamcs.xtceproc.XtceTmExtractorTest
May 21 08:52:35.356 [1] org.yamcs.xtceproc.ParameterTypeProcessor calibrateInteger WARNING:StringIntTermPara1_5_2: failed to parse string 'invalidint' to long
May 21 08:52:35.377 [1] org.yamcs.xtceproc.ParameterTypeProcessor calibrateEnumerated WARNING:StringIntTermPara20_1: failed to parse string 'invalidlong' to long
May 21 08:52:35.381 [1] org.yamcs.xtceproc.ParameterTypeProcessor calibrateFloat WARNING:StringFloatTSCPara1_4_2: failed to parse string 'invalidfloat' to double
Tests run: 21, Failures: 0, Errors: 0, Skipped: 0, Time elapsed: 0.521 sec - in org.yamcs.xtceproc.XtceTmExtractorTest
Running org.yamcs.yarch.ConcurrencyTest
Tests run: 2, Failures: 0, Errors: 0, Skipped: 0, Time elapsed: 30.196 sec - in org.yamcs.yarch.ConcurrencyTest
Running org.yamcs.yarch.DynamicSchemaTableTest
Tests run: 4, Failures: 0, Errors: 0, Skipped: 0, Time elapsed: 0.536 sec - in org.yamcs.yarch.DynamicSchemaTableTest
Running org.yamcs.yarch.EnumTest
Tests run: 6, Failures: 0, Errors: 0, Skipped: 0, Time elapsed: 1.007 sec - in org.yamcs.yarch.EnumTest
Running org.yamcs.yarch.EnumWithPartitionTest
Tests run: 8, Failures: 0, Errors: 0, Skipped: 0, Time elapsed: 1.628 sec - in org.yamcs.yarch.EnumWithPartitionTest
Running org.yamcs.yarch.HistogramSegmentTest
Tests run: 10, Failures: 0, Errors: 0, Skipped: 0, Time elapsed: 0.139 sec - in org.yamcs.yarch.HistogramSegmentTest
Running org.yamcs.yarch.HistogramStreamTest
Tests run: 8, Failures: 0, Errors: 0, Skipped: 2, Time elapsed: 2.517 sec - in org.yamcs.yarch.HistogramStreamTest
Running org.yamcs.yarch.StandaloneStreamTest
Tests run: 1, Failures: 0, Errors: 0, Skipped: 0, Time elapsed: 0.312 sec - in org.yamcs.yarch.StandaloneStreamTest
Running org.yamcs.yarch.StarSelectTest
Tests run: 1, Failures: 0, Errors: 0, Skipped: 0, Time elapsed: 0.479 sec - in org.yamcs.yarch.StarSelectTest
Running org.yamcs.yarch.StreamMergeTest
Tests run: 4, Failures: 0, Errors: 0, Skipped: 0, Time elapsed: 1.835 sec - in org.yamcs.yarch.StreamMergeTest
Running org.yamcs.yarch.StreamSelect1Test
Tests run: 2, Failures: 0, Errors: 0, Skipped: 0, Time elapsed: 0.665 sec - in org.yamcs.yarch.StreamSelect1Test
Running org.yamcs.yarch.StreamSelect2Test
Tests run: 8, Failures: 0, Errors: 0, Skipped: 0, Time elapsed: 3.779 sec - in org.yamcs.yarch.StreamSelect2Test
Running org.yamcs.yarch.StreamSelectPerfTest
Tests run: 1, Failures: 0, Errors: 0, Skipped: 0, Time elapsed: 1.815 sec - in org.yamcs.yarch.StreamSelectPerfTest
Running org.yamcs.yarch.StreamSelectTest
Tests run: 3, Failures: 0, Errors: 0, Skipped: 0, Time elapsed: 0.756 sec - in org.yamcs.yarch.StreamSelectTest
Running org.yamcs.yarch.StreamSqlParserTest
Tests run: 3, Failures: 0, Errors: 0, Skipped: 0, Time elapsed: 0.369 sec - in org.yamcs.yarch.StreamSqlParserTest
Running org.yamcs.yarch.TableDefinitionSerializationTest
Tests run: 4, Failures: 0, Errors: 0, Skipped: 0, Time elapsed: 0.739 sec - in org.yamcs.yarch.TableDefinitionSerializationTest
Running org.yamcs.yarch.rocksdb.HistogramRebuilderTest
Tests run: 3, Failures: 0, Errors: 0, Skipped: 0, Time elapsed: 0.637 sec - in org.yamcs.yarch.rocksdb.HistogramRebuilderTest
Running org.yamcs.yarch.rocksdb.PartitionManagerTest
Tests run: 5, Failures: 0, Errors: 0, Skipped: 0, Time elapsed: 1.426 sec - in org.yamcs.yarch.rocksdb.PartitionManagerTest
Running org.yamcs.yarch.rocksdb.PartitioningTest
Tests run: 6, Failures: 0, Errors: 0, Skipped: 0, Time elapsed: 1.771 sec - in org.yamcs.yarch.rocksdb.PartitioningTest
Running org.yamcs.yarch.rocksdb.RDBFactoryTest
May 21 08:53:37.970 [24] org.yamcs.yarch.rocksdb.RDBFactory lambda$doBackup$85 WARNING:Got error when creating the backup: /tmp/rdb_backup_test//db1: Directory '/tmp/rdb_backup_test//db1' is not a backup directory 
Tests run: 2, Failures: 0, Errors: 0, Skipped: 0, Time elapsed: 13.833 sec - in org.yamcs.yarch.rocksdb.RDBFactoryTest
Running org.yamcs.yarch.rocksdb.RdbEngineTest
Tests run: 1, Failures: 0, Errors: 0, Skipped: 0, Time elapsed: 0.484 sec - in org.yamcs.yarch.rocksdb.RdbEngineTest
Running org.yamcs.yarch.rocksdb.RdbSelectPerfTest
Tests run: 1, Failures: 0, Errors: 0, Skipped: 1, Time elapsed: 0.019 sec - in org.yamcs.yarch.rocksdb.RdbSelectPerfTest
Running org.yamcs.yarch.rocksdb.RdbSelectTest
Tests run: 14, Failures: 0, Errors: 0, Skipped: 0, Time elapsed: 1.463 sec - in org.yamcs.yarch.rocksdb.RdbSelectTest
Running org.yamcs.yarch.rocksdb.TagsTest
Tests run: 1, Failures: 0, Errors: 0, Skipped: 0, Time elapsed: 0.409 sec - in org.yamcs.yarch.rocksdb.TagsTest

Results :

Tests in error: 
  YamcsServerArtemisTest.testRetrieveMdb:45 » YamcsApi did not receive a respons...

Tests run: 320, Failures: 0, Errors: 1, Skipped: 13

[INFO] ------------------------------------------------------------------------
[INFO] Reactor Summary:
[INFO] 
[INFO] Yamcs .............................................. SUCCESS [  0.063 s]
[INFO] Yamcs API .......................................... SUCCESS [  5.337 s]
[INFO] Yamcs XTCE ......................................... SUCCESS [  1.480 s]
[INFO] Yamcs Core ......................................... FAILURE [05:44 min]
[INFO] Yamcs Simulation ................................... SKIPPED
[INFO] ------------------------------------------------------------------------
[INFO] BUILD FAILURE
[INFO] ------------------------------------------------------------------------
[INFO] Total time: 05:51 min
[INFO] Finished at: 2022-05-21T08:53:56+00:00
[INFO] Final Memory: 11M/327M
[INFO] ------------------------------------------------------------------------
[ERROR] Failed to execute goal org.apache.maven.plugins:maven-surefire-plugin:2.19.1:test (default-test) on project yamcs-core: There are test failures.
[ERROR] 
[ERROR] Please refer to /home/travis/build/failed/yamcs/yamcs/yamcs-core/target/surefire-reports for the individual test results.
[ERROR] -> [Help 1]
[ERROR] 
[ERROR] To see the full stack trace of the errors, re-run Maven with the -e switch.
[ERROR] Re-run Maven using the -X switch to enable full debug logging.
[ERROR] 
[ERROR] For more information about the errors and possible solutions, please read the following articles:
[ERROR] [Help 1] http://cwiki.apache.org/confluence/display/MAVEN/MojoFailureException
[ERROR] 
[ERROR] After correcting the problems, you can resume the build with the command
[ERROR]   mvn <goals> -rf :yamcs-core

travis_time:end:1d6b1a50:start=1653122883903291256,finish=1653123236346797246,duration=352443505990[0K
[31;1mThe command "mvn -o -Dhttps.protocols=TLSv1.2 -Dsurefire.useFile=false test" exited with 1.[0m
travis_fold:start:cache.2[0Kstore build cache
travis_time:start:06807d9f[0K
travis_time:end:06807d9f:start=1653123236358687664,finish=1653123236368598910,duration=9911246[0Ktravis_time:start:26357c28[0K/home/travis/.casher/bin/casher:190: warning: Insecure world writable dir /home/travis/build/failed/yamcs/yamcs/. in PATH, mode 040777
[32;1mchanges detected, packing new archive[0m
/home/travis/.casher/bin/casher:213:in `cache_archive_name': undefined method `[]' for nil:NilClass (NoMethodError)
	from /home/travis/.casher/bin/casher:143:in `push'
	from /home/travis/.casher/bin/casher:53:in `block in run'
	from /home/travis/.rvm/rubies/ruby-1.9.3-p551/lib/ruby/1.9.1/timeout.rb:69:in `timeout'
	from /home/travis/.casher/bin/casher:53:in `run'
	from /home/travis/.casher/bin/casher:263:in `<main>'
.
.

travis_time:end:26357c28:start=1653123236379674861,finish=1653123247171609188,duration=10791934327[0Ktravis_fold:end:cache.2[0K
Done. Your build exited with 1.
