travis_fold:start:system_info[0K[33;1mBuild system information[0m
Build language: java
Build group: stable
Build dist: precise
Build id: ''
Job id: ''
[34m[1mBuild image provisioning date and time[0m
Thu Feb  5 15:09:33 UTC 2015
[34m[1mOperating System Details[0m
Distributor ID:	Ubuntu
Description:	Ubuntu 12.04.5 LTS
Release:	12.04
Codename:	precise
[34m[1mLinux Version[0m
3.13.0-29-generic
[34m[1mCookbooks Version[0m
a68419e https://github.com/travis-ci/travis-cookbooks/tree/a68419e
[34m[1mGCC version[0m
gcc (Ubuntu/Linaro 4.6.3-1ubuntu5) 4.6.3
Copyright (C) 2011 Free Software Foundation, Inc.
This is free software; see the source for copying conditions.  There is NO
warranty; not even for MERCHANTABILITY or FITNESS FOR A PARTICULAR PURPOSE.

[34m[1mLLVM version[0m
clang version 3.4 (tags/RELEASE_34/final)
Target: x86_64-unknown-linux-gnu
Thread model: posix
[34m[1mPre-installed Ruby versions[0m
ruby-1.9.3-p551
[34m[1mPre-installed Node.js versions[0m
v0.10.36
[34m[1mPre-installed Go versions[0m
1.4.1
[34m[1mRedis version[0m
redis-server 2.8.19
[34m[1mriak version[0m
2.0.2
[34m[1mMongoDB version[0m
MongoDB 2.4.12
[34m[1mCouchDB version[0m
couchdb 1.6.1
[34m[1mNeo4j version[0m
1.9.4
[34m[1mRabbitMQ Version[0m
3.4.3
[34m[1mElasticSearch version[0m
1.4.0
[34m[1mInstalled Sphinx versions[0m
2.0.10
2.1.9
2.2.6
[34m[1mDefault Sphinx version[0m
2.2.6
[34m[1mInstalled Firefox version[0m
firefox 31.0esr
[34m[1mPhantomJS version[0m
1.9.8
[34m[1mant -version[0m
Apache Ant(TM) version 1.8.2 compiled on December 3 2011
[34m[1mmvn -version[0m
Apache Maven 3.2.5 (12a6b3acb947671f09b81f49094c53f426d8cea1; 2014-12-14T17:29:23+00:00)
Maven home: /usr/local/maven
Java version: 1.7.0_76, vendor: Oracle Corporation
Java home: /usr/lib/jvm/java-7-oracle/jre
Default locale: en_US, platform encoding: ANSI_X3.4-1968
OS name: "linux", version: "3.13.0-29-generic", arch: "amd64", family: "unix"
travis_fold:end:system_info[0K
W: Failed to fetch http://security.ubuntu.com/ubuntu/dists/precise-security/main/source/Sources  404  Not Found [IP: 91.189.91.38 80]

W: Failed to fetch http://security.ubuntu.com/ubuntu/dists/precise-security/restricted/source/Sources  404  Not Found [IP: 91.189.91.38 80]

W: Failed to fetch http://security.ubuntu.com/ubuntu/dists/precise-security/universe/source/Sources  404  Not Found [IP: 91.189.91.38 80]

W: Failed to fetch http://security.ubuntu.com/ubuntu/dists/precise-security/multiverse/source/Sources  404  Not Found [IP: 91.189.91.38 80]

W: Failed to fetch http://security.ubuntu.com/ubuntu/dists/precise-security/main/binary-amd64/Packages  404  Not Found [IP: 91.189.91.38 80]

W: Failed to fetch http://security.ubuntu.com/ubuntu/dists/precise-security/restricted/binary-amd64/Packages  404  Not Found [IP: 91.189.91.38 80]

W: Failed to fetch http://security.ubuntu.com/ubuntu/dists/precise-security/universe/binary-amd64/Packages  404  Not Found [IP: 91.189.91.38 80]

W: Failed to fetch http://security.ubuntu.com/ubuntu/dists/precise-security/multiverse/binary-amd64/Packages  404  Not Found [IP: 91.189.91.38 80]

W: Failed to fetch http://security.ubuntu.com/ubuntu/dists/precise-security/main/binary-i386/Packages  404  Not Found [IP: 91.189.91.38 80]

W: Failed to fetch http://security.ubuntu.com/ubuntu/dists/precise-security/restricted/binary-i386/Packages  404  Not Found [IP: 91.189.91.38 80]

W: Failed to fetch http://security.ubuntu.com/ubuntu/dists/precise-security/universe/binary-i386/Packages  404  Not Found [IP: 91.189.91.38 80]

W: Failed to fetch http://security.ubuntu.com/ubuntu/dists/precise-security/multiverse/binary-i386/Packages  404  Not Found [IP: 91.189.91.38 80]

W: Failed to fetch http://us.archive.ubuntu.com/ubuntu/dists/precise/main/source/Sources  404  Not Found [IP: 91.189.91.38 80]

W: Failed to fetch http://us.archive.ubuntu.com/ubuntu/dists/precise/restricted/source/Sources  404  Not Found [IP: 91.189.91.38 80]

W: Failed to fetch http://us.archive.ubuntu.com/ubuntu/dists/precise/universe/source/Sources  404  Not Found [IP: 91.189.91.38 80]

W: Failed to fetch http://us.archive.ubuntu.com/ubuntu/dists/precise/multiverse/source/Sources  404  Not Found [IP: 91.189.91.38 80]

W: Failed to fetch http://us.archive.ubuntu.com/ubuntu/dists/precise/main/binary-amd64/Packages  404  Not Found [IP: 91.189.91.38 80]

W: Failed to fetch http://us.archive.ubuntu.com/ubuntu/dists/precise/restricted/binary-amd64/Packages  404  Not Found [IP: 91.189.91.38 80]

W: Failed to fetch http://us.archive.ubuntu.com/ubuntu/dists/precise/universe/binary-amd64/Packages  404  Not Found [IP: 91.189.91.38 80]

W: Failed to fetch http://us.archive.ubuntu.com/ubuntu/dists/precise/multiverse/binary-amd64/Packages  404  Not Found [IP: 91.189.91.38 80]

W: Failed to fetch http://us.archive.ubuntu.com/ubuntu/dists/precise/main/binary-i386/Packages  404  Not Found [IP: 91.189.91.38 80]

W: Failed to fetch http://us.archive.ubuntu.com/ubuntu/dists/precise/restricted/binary-i386/Packages  404  Not Found [IP: 91.189.91.38 80]

W: Failed to fetch http://us.archive.ubuntu.com/ubuntu/dists/precise/universe/binary-i386/Packages  404  Not Found [IP: 91.189.91.38 80]

W: Failed to fetch http://us.archive.ubuntu.com/ubuntu/dists/precise/multiverse/binary-i386/Packages  404  Not Found [IP: 91.189.91.38 80]

W: Failed to fetch http://us.archive.ubuntu.com/ubuntu/dists/precise-updates/main/source/Sources  404  Not Found [IP: 91.189.91.38 80]

W: Failed to fetch http://us.archive.ubuntu.com/ubuntu/dists/precise-updates/restricted/source/Sources  404  Not Found [IP: 91.189.91.38 80]

W: Failed to fetch http://us.archive.ubuntu.com/ubuntu/dists/precise-updates/universe/source/Sources  404  Not Found [IP: 91.189.91.38 80]

W: Failed to fetch http://us.archive.ubuntu.com/ubuntu/dists/precise-updates/multiverse/source/Sources  404  Not Found [IP: 91.189.91.38 80]

W: Failed to fetch http://us.archive.ubuntu.com/ubuntu/dists/precise-updates/main/binary-amd64/Packages  404  Not Found [IP: 91.189.91.38 80]

W: Failed to fetch http://us.archive.ubuntu.com/ubuntu/dists/precise-updates/restricted/binary-amd64/Packages  404  Not Found [IP: 91.189.91.38 80]

W: Failed to fetch http://us.archive.ubuntu.com/ubuntu/dists/precise-updates/universe/binary-amd64/Packages  404  Not Found [IP: 91.189.91.38 80]

W: Failed to fetch http://us.archive.ubuntu.com/ubuntu/dists/precise-updates/multiverse/binary-amd64/Packages  404  Not Found [IP: 91.189.91.38 80]

W: Failed to fetch http://us.archive.ubuntu.com/ubuntu/dists/precise-updates/main/binary-i386/Packages  404  Not Found [IP: 91.189.91.38 80]

W: Failed to fetch http://us.archive.ubuntu.com/ubuntu/dists/precise-updates/restricted/binary-i386/Packages  404  Not Found [IP: 91.189.91.38 80]

W: Failed to fetch http://us.archive.ubuntu.com/ubuntu/dists/precise-updates/universe/binary-i386/Packages  404  Not Found [IP: 91.189.91.38 80]

W: Failed to fetch http://us.archive.ubuntu.com/ubuntu/dists/precise-updates/multiverse/binary-i386/Packages  404  Not Found [IP: 91.189.91.38 80]

W: Failed to fetch http://us.archive.ubuntu.com/ubuntu/dists/precise-backports/main/source/Sources  404  Not Found [IP: 91.189.91.38 80]

W: Failed to fetch http://us.archive.ubuntu.com/ubuntu/dists/precise-backports/restricted/source/Sources  404  Not Found [IP: 91.189.91.38 80]

W: Failed to fetch http://us.archive.ubuntu.com/ubuntu/dists/precise-backports/universe/source/Sources  404  Not Found [IP: 91.189.91.38 80]

W: Failed to fetch http://us.archive.ubuntu.com/ubuntu/dists/precise-backports/multiverse/source/Sources  404  Not Found [IP: 91.189.91.38 80]

W: Failed to fetch http://us.archive.ubuntu.com/ubuntu/dists/precise-backports/main/binary-amd64/Packages  404  Not Found [IP: 91.189.91.38 80]

W: Failed to fetch http://us.archive.ubuntu.com/ubuntu/dists/precise-backports/restricted/binary-amd64/Packages  404  Not Found [IP: 91.189.91.38 80]

W: Failed to fetch http://us.archive.ubuntu.com/ubuntu/dists/precise-backports/universe/binary-amd64/Packages  404  Not Found [IP: 91.189.91.38 80]

W: Failed to fetch http://us.archive.ubuntu.com/ubuntu/dists/precise-backports/multiverse/binary-amd64/Packages  404  Not Found [IP: 91.189.91.38 80]

W: Failed to fetch http://us.archive.ubuntu.com/ubuntu/dists/precise-backports/main/binary-i386/Packages  404  Not Found [IP: 91.189.91.38 80]

W: Failed to fetch http://us.archive.ubuntu.com/ubuntu/dists/precise-backports/restricted/binary-i386/Packages  404  Not Found [IP: 91.189.91.38 80]

W: Failed to fetch http://us.archive.ubuntu.com/ubuntu/dists/precise-backports/universe/binary-i386/Packages  404  Not Found [IP: 91.189.91.38 80]

W: Failed to fetch http://us.archive.ubuntu.com/ubuntu/dists/precise-backports/multiverse/binary-i386/Packages  404  Not Found [IP: 91.189.91.38 80]

W: Failed to fetch http://apt.postgresql.org/pub/repos/apt/dists/precise-pgdg/main/binary-amd64/Packages  404  Not Found [IP: 147.75.85.69 80]

W: Failed to fetch http://apt.postgresql.org/pub/repos/apt/dists/precise-pgdg/main/binary-i386/Packages  404  Not Found [IP: 147.75.85.69 80]

W: Failed to fetch http://ppa.launchpad.net/rwky/ppa/ubuntu/dists/precise/main/binary-amd64/Packages  403  Forbidden

W: Failed to fetch http://ppa.launchpad.net/rwky/ppa/ubuntu/dists/precise/main/binary-i386/Packages  403  Forbidden

W: Failed to fetch http://ppa.launchpad.net/travis-ci/zero-mq/ubuntu/dists/precise/main/binary-amd64/Packages  403  Forbidden

W: Failed to fetch http://ppa.launchpad.net/travis-ci/zero-mq/ubuntu/dists/precise/main/binary-i386/Packages  403  Forbidden

W: Failed to fetch http://downloads-distro.mongodb.org/repo/debian-sysvinit/dists/dist/10gen/binary-amd64/Packages  Undetermined Error [IP: 52.206.222.245 80]

W: Failed to fetch http://downloads-distro.mongodb.org/repo/debian-sysvinit/dists/dist/10gen/binary-i386/Packages  Undetermined Error [IP: 52.206.222.245 80]

E: Some index files failed to download. They have been ignored, or old ones used instead.
sed: cannot rename /etc/hosts: Device or resource busy
sed: cannot rename /etc/hosts: Device or resource busy
$ jdk_switcher use oraclejdk8
Switching to Oracle JDK8 (java-8-oracle), JAVA_HOME will be set to /usr/lib/jvm/java-8-oracle
$ cd failed/yamcs/yamcs
travis_fold:start:cache.1[0KSetting up build cache
$ export CASHER_DIR=$HOME/.casher
travis_time:start:049c2a7d[0K
travis_time:end:049c2a7d:start=1646524551818901669,finish=1646524551826756683,duration=7855014[0Ktravis_time:start:0262533e[0K/home/travis/.casher/bin/casher:213:in `cache_archive_name': undefined method `[]' for nil:NilClass (NoMethodError)
	from /home/travis/.casher/bin/casher:65:in `block in fetch'
	from /home/travis/.casher/bin/casher:64:in `each'
	from /home/travis/.casher/bin/casher:64:in `fetch'
	from /home/travis/.casher/bin/casher:53:in `block in run'
	from /home/travis/.rvm/rubies/ruby-1.9.3-p551/lib/ruby/1.9.1/timeout.rb:69:in `timeout'
	from /home/travis/.casher/bin/casher:53:in `run'
	from /home/travis/.casher/bin/casher:263:in `<main>'
[32;1mattempting to download cache archive[0m

travis_time:end:0262533e:start=1646524551835944593,finish=1646524552639852448,duration=803907855[0Ktravis_time:start:049b3c87[0K
travis_time:end:049b3c87:start=1646524552651807333,finish=1646524552661404142,duration=9596809[0Ktravis_time:start:0dd6fa24[0K[32;1madding /home/travis/.m2 to cache[0m

travis_time:end:0dd6fa24:start=1646524552671833889,finish=1646524553540970085,duration=869136196[0Ktravis_fold:end:cache.1[0K$ java -Xmx32m -version
java version "1.8.0_31"
Java(TM) SE Runtime Environment (build 1.8.0_31-b13)
Java HotSpot(TM) 64-Bit Server VM (build 25.31-b07, mixed mode)
$ javac -J-Xmx32m -version
javac 1.8.0_31
travis_fold:start:install[0Ktravis_time:start:0dabb064[0K$ mvn -o install -Dhttps.protocols=TLSv1.2 -DskipTests=true -Dmaven.javadoc.skip=true -B -V
Java HotSpot(TM) 64-Bit Server VM warning: ignoring option MaxPermSize=192m; support was removed in 8.0
Apache Maven 3.2.5 (12a6b3acb947671f09b81f49094c53f426d8cea1; 2014-12-14T17:29:23+00:00)
Maven home: /usr/local/maven
Java version: 1.8.0_31, vendor: Oracle Corporation
Java home: /usr/lib/jvm/java-8-oracle/jre
Default locale: en_US, platform encoding: UTF-8
OS name: "linux", version: "4.15.0-109-generic", arch: "amd64", family: "unix"
[INFO] Scanning for projects...
[INFO] ------------------------------------------------------------------------
[INFO] Reactor Build Order:
[INFO] 
[INFO] Yamcs
[INFO] Yamcs API
[INFO] Yamcs XTCE
[INFO] Yamcs Core
[INFO] Yamcs Simulation
[INFO]                                                                         
[INFO] ------------------------------------------------------------------------
[INFO] Building Yamcs 0.30.0
[INFO] ------------------------------------------------------------------------
[INFO] 
[INFO] --- maven-source-plugin:2.2.1:jar-no-fork (attach-sources) @ yamcs ---
[INFO] 
[INFO] --- maven-install-plugin:2.4:install (default-install) @ yamcs ---
[INFO] Installing /home/travis/build/failed/yamcs/yamcs/pom.xml to /home/travis/.m2/repository/org/yamcs/yamcs/0.30.0/yamcs-0.30.0.pom
[INFO]                                                                         
[INFO] ------------------------------------------------------------------------
[INFO] Building Yamcs API 0.30.0
[INFO] ------------------------------------------------------------------------
[INFO] 
[INFO] --- maven-resources-plugin:2.6:resources (default-resources) @ yamcs-api ---
[INFO] Using 'UTF-8' encoding to copy filtered resources.
[INFO] Copying 1 resource
[INFO] 
[INFO] --- maven-compiler-plugin:2.3.2:compile (default-compile) @ yamcs-api ---
[INFO] Nothing to compile - all classes are up to date
[INFO] 
[INFO] --- maven-resources-plugin:2.6:testResources (default-testResources) @ yamcs-api ---
[INFO] Using 'UTF-8' encoding to copy filtered resources.
[INFO] skip non existing resourceDirectory /home/travis/build/failed/yamcs/yamcs/yamcs-api/src/test/resources
[INFO] 
[INFO] --- maven-compiler-plugin:2.3.2:testCompile (default-testCompile) @ yamcs-api ---
[INFO] Nothing to compile - all classes are up to date
[INFO] 
[INFO] --- maven-surefire-plugin:2.19.1:test (default-test) @ yamcs-api ---
[INFO] Tests are skipped.
[INFO] 
[INFO] --- maven-jar-plugin:2.4:jar (default-jar) @ yamcs-api ---
[INFO] 
[INFO] --- maven-source-plugin:2.2.1:jar-no-fork (attach-sources) @ yamcs-api ---
[INFO] 
[INFO] --- maven-install-plugin:2.4:install (default-install) @ yamcs-api ---
[INFO] Installing /home/travis/build/failed/yamcs/yamcs/yamcs-api/target/yamcs-api-0.30.0.jar to /home/travis/.m2/repository/org/yamcs/yamcs-api/0.30.0/yamcs-api-0.30.0.jar
[INFO] Installing /home/travis/build/failed/yamcs/yamcs/yamcs-api/pom.xml to /home/travis/.m2/repository/org/yamcs/yamcs-api/0.30.0/yamcs-api-0.30.0.pom
[INFO] Installing /home/travis/build/failed/yamcs/yamcs/yamcs-api/target/yamcs-api-0.30.0-sources.jar to /home/travis/.m2/repository/org/yamcs/yamcs-api/0.30.0/yamcs-api-0.30.0-sources.jar
[INFO]                                                                         
[INFO] ------------------------------------------------------------------------
[INFO] Building Yamcs XTCE 0.30.0
[INFO] ------------------------------------------------------------------------
[INFO] 
[INFO] --- maven-resources-plugin:2.6:resources (default-resources) @ yamcs-xtce ---
[INFO] Using 'UTF-8' encoding to copy filtered resources.
[INFO] Copying 1 resource
[INFO] 
[INFO] --- maven-compiler-plugin:2.3.2:compile (default-compile) @ yamcs-xtce ---
[INFO] Nothing to compile - all classes are up to date
[INFO] 
[INFO] --- maven-resources-plugin:2.6:testResources (default-testResources) @ yamcs-xtce ---
[INFO] Using 'UTF-8' encoding to copy filtered resources.
[INFO] skip non existing resourceDirectory /home/travis/build/failed/yamcs/yamcs/yamcs-xtce/src/test/resources
[INFO] 
[INFO] --- maven-compiler-plugin:2.3.2:testCompile (default-testCompile) @ yamcs-xtce ---
[INFO] Nothing to compile - all classes are up to date
[INFO] 
[INFO] --- maven-surefire-plugin:2.19.1:test (default-test) @ yamcs-xtce ---
[INFO] Tests are skipped.
[INFO] 
[INFO] --- maven-jar-plugin:2.4:jar (default-jar) @ yamcs-xtce ---
[INFO] Building jar: /home/travis/build/failed/yamcs/yamcs/yamcs-xtce/target/yamcs-xtce-0.30.0.jar
[INFO] 
[INFO] --- maven-source-plugin:2.2.1:jar-no-fork (attach-sources) @ yamcs-xtce ---
[INFO] 
[INFO] --- maven-install-plugin:2.4:install (default-install) @ yamcs-xtce ---
[INFO] Installing /home/travis/build/failed/yamcs/yamcs/yamcs-xtce/target/yamcs-xtce-0.30.0.jar to /home/travis/.m2/repository/org/yamcs/yamcs-xtce/0.30.0/yamcs-xtce-0.30.0.jar
[INFO] Installing /home/travis/build/failed/yamcs/yamcs/yamcs-xtce/pom.xml to /home/travis/.m2/repository/org/yamcs/yamcs-xtce/0.30.0/yamcs-xtce-0.30.0.pom
[INFO] Installing /home/travis/build/failed/yamcs/yamcs/yamcs-xtce/target/yamcs-xtce-0.30.0-sources.jar to /home/travis/.m2/repository/org/yamcs/yamcs-xtce/0.30.0/yamcs-xtce-0.30.0-sources.jar
[INFO]                                                                         
[INFO] ------------------------------------------------------------------------
[INFO] Building Yamcs Core 0.30.0
[INFO] ------------------------------------------------------------------------
[INFO] 
[INFO] --- build-helper-maven-plugin:1.11:add-source (add-source) @ yamcs-core ---
[INFO] Source directory: /home/travis/build/failed/yamcs/yamcs/yamcs-core/target/generated-sources/version added.
[INFO] 
[INFO] --- maven-antrun-plugin:1.3:run (generate-version) @ yamcs-core ---
[INFO] Executing tasks
[INFO] Executed tasks
[INFO] 
[INFO] --- maven-resources-plugin:2.6:resources (default-resources) @ yamcs-core ---
[INFO] Using 'UTF-8' encoding to copy filtered resources.
[INFO] Copying 31 resources
[INFO] 
[INFO] --- maven-compiler-plugin:2.3.2:compile (default-compile) @ yamcs-core ---
[INFO] Nothing to compile - all classes are up to date
[INFO] 
[INFO] --- maven-resources-plugin:2.6:testResources (default-testResources) @ yamcs-core ---
[INFO] Using 'UTF-8' encoding to copy filtered resources.
[INFO] Copying 37 resources
[INFO] Copying 20 resources
[INFO] 
[INFO] --- maven-compiler-plugin:2.3.2:testCompile (default-testCompile) @ yamcs-core ---
[INFO] Nothing to compile - all classes are up to date
[INFO] 
[INFO] --- maven-surefire-plugin:2.19.1:test (default-test) @ yamcs-core ---
[INFO] Tests are skipped.
[INFO] 
[INFO] --- maven-jar-plugin:2.4:jar (default-jar) @ yamcs-core ---
[INFO] 
[INFO] --- maven-dependency-plugin:2.8:copy-dependencies (copy-dependencies) @ yamcs-core ---
[INFO] Copying yamcs-xtce-0.30.0.jar to /home/travis/build/failed/yamcs/yamcs/yamcs-core/lib/yamcs-xtce-0.30.0.jar
[INFO] artemis-server-1.5.0.jar already exists in destination.
[INFO] artemis-core-client-1.5.0.jar already exists in destination.
[INFO] artemis-commons-1.5.0.jar already exists in destination.
[INFO] protobuf-java-2.5.0.jar already exists in destination.
[INFO] johnzon-core-0.9.5.jar already exists in destination.
[INFO] protostuff-json-1.4.0.jar already exists in destination.
[INFO] slf4j-jdk14-1.7.1.jar already exists in destination.
[INFO] janino-2.5.15.jar already exists in destination.
[INFO] commons-collections-3.2.1.jar already exists in destination.
[INFO] jcommander-1.48.jar already exists in destination.
[INFO] artemis-jdbc-store-1.5.0.jar already exists in destination.
[INFO] javacsv-2.0.jar already exists in destination.
[INFO] slf4j-api-1.7.1.jar already exists in destination.
[INFO] jgroups-3.6.9.Final.jar already exists in destination.
[INFO] netty-all-4.0.32.Final.jar already exists in destination.
[INFO] jackson-core-2.7.1.jar already exists in destination.
[INFO] geronimo-json_1.0_spec-1.0-alpha-1.jar already exists in destination.
[INFO] artemis-selector-1.5.0.jar already exists in destination.
[INFO] artemis-journal-1.5.0.jar already exists in destination.
[INFO] snakeyaml-1.9.jar already exists in destination.
[INFO] commons-logging-1.1.1.jar already exists in destination.
[INFO] commons-beanutils-1.9.2.jar already exists in destination.
[INFO] log4j-1.2.14.jar already exists in destination.
[INFO] artemis-native-1.5.0.jar already exists in destination.
[INFO] rocksdbjni-4.13.4.jar already exists in destination.
[INFO] jxl-2.6.10.jar already exists in destination.
[INFO] guava-18.0.jar already exists in destination.
[INFO] jdatepicker-1.3.2.jar already exists in destination.
[INFO] protostuff-api-1.4.0.jar already exists in destination.
[INFO] yamcs-api-0.30.0.jar already exists in destination.
[INFO] jboss-logging-3.3.0.Final.jar already exists in destination.
[INFO] 
[INFO] --- maven-source-plugin:2.2.1:jar-no-fork (attach-sources) @ yamcs-core ---
[INFO] 
[INFO] --- maven-install-plugin:2.4:install (default-install) @ yamcs-core ---
[INFO] Installing /home/travis/build/failed/yamcs/yamcs/yamcs-core/target/yamcs-core-0.30.0.jar to /home/travis/.m2/repository/org/yamcs/yamcs-core/0.30.0/yamcs-core-0.30.0.jar
[INFO] Installing /home/travis/build/failed/yamcs/yamcs/yamcs-core/pom.xml to /home/travis/.m2/repository/org/yamcs/yamcs-core/0.30.0/yamcs-core-0.30.0.pom
[INFO] Installing /home/travis/build/failed/yamcs/yamcs/yamcs-core/target/yamcs-core-0.30.0-sources.jar to /home/travis/.m2/repository/org/yamcs/yamcs-core/0.30.0/yamcs-core-0.30.0-sources.jar
[INFO]                                                                         
[INFO] ------------------------------------------------------------------------
[INFO] Building Yamcs Simulation 0.30.0
[INFO] ------------------------------------------------------------------------
[INFO] 
[INFO] --- maven-resources-plugin:2.6:resources (default-resources) @ yamcs-simulation ---
[INFO] Using 'UTF-8' encoding to copy filtered resources.
[INFO] Copying 2 resources
[INFO] 
[INFO] --- maven-compiler-plugin:2.3.2:compile (default-compile) @ yamcs-simulation ---
[INFO] Nothing to compile - all classes are up to date
[INFO] 
[INFO] --- maven-resources-plugin:2.6:testResources (default-testResources) @ yamcs-simulation ---
[INFO] Using 'UTF-8' encoding to copy filtered resources.
[INFO] Copying 5 resources
[INFO] 
[INFO] --- maven-compiler-plugin:2.3.2:testCompile (default-testCompile) @ yamcs-simulation ---
[INFO] Nothing to compile - all classes are up to date
[INFO] 
[INFO] --- maven-surefire-plugin:2.19.1:test (default-test) @ yamcs-simulation ---
[INFO] Tests are skipped.
[INFO] 
[INFO] --- maven-jar-plugin:2.4:jar (default-jar) @ yamcs-simulation ---
[INFO] 
[INFO] --- maven-source-plugin:2.2.1:jar-no-fork (attach-sources) @ yamcs-simulation ---
[INFO] 
[INFO] --- maven-install-plugin:2.4:install (default-install) @ yamcs-simulation ---
[INFO] Installing /home/travis/build/failed/yamcs/yamcs/yamcs-simulation/target/yamcs-simulation-0.30.0.jar to /home/travis/.m2/repository/org/yamcs/yamcs-simulation/0.30.0/yamcs-simulation-0.30.0.jar
[INFO] Installing /home/travis/build/failed/yamcs/yamcs/yamcs-simulation/pom.xml to /home/travis/.m2/repository/org/yamcs/yamcs-simulation/0.30.0/yamcs-simulation-0.30.0.pom
[INFO] Installing /home/travis/build/failed/yamcs/yamcs/yamcs-simulation/target/yamcs-simulation-0.30.0-sources.jar to /home/travis/.m2/repository/org/yamcs/yamcs-simulation/0.30.0/yamcs-simulation-0.30.0-sources.jar
[INFO] ------------------------------------------------------------------------
[INFO] Reactor Summary:
[INFO] 
[INFO] Yamcs .............................................. SUCCESS [  4.218 s]
[INFO] Yamcs API .......................................... SUCCESS [ 15.661 s]
[INFO] Yamcs XTCE ......................................... SUCCESS [  2.714 s]
[INFO] Yamcs Core ......................................... SUCCESS [ 33.980 s]
[INFO] Yamcs Simulation ................................... SUCCESS [  0.492 s]
[INFO] ------------------------------------------------------------------------
[INFO] BUILD SUCCESS
[INFO] ------------------------------------------------------------------------
[INFO] Total time: 57.436 s
[INFO] Finished at: 2022-03-05T23:56:52+00:00
[INFO] Final Memory: 17M/293M
[INFO] ------------------------------------------------------------------------

travis_time:end:0dabb064:start=1646524553849817311,finish=1646524612819416490,duration=58969599179[0Ktravis_fold:end:install[0Ktravis_time:start:00c889ac[0K$ mvn -Dhttps.protocols=TLSv1.2 -Dsurefire.useFile=false test
Java HotSpot(TM) 64-Bit Server VM warning: ignoring option MaxPermSize=192m; support was removed in 8.0
[INFO] Scanning for projects...
[INFO] ------------------------------------------------------------------------
[INFO] Reactor Build Order:
[INFO] 
[INFO] Yamcs
[INFO] Yamcs API
[INFO] Yamcs XTCE
[INFO] Yamcs Core
[INFO] Yamcs Simulation
[INFO]                                                                         
[INFO] ------------------------------------------------------------------------
[INFO] Building Yamcs 0.30.0
[INFO] ------------------------------------------------------------------------
[INFO]                                                                         
[INFO] ------------------------------------------------------------------------
[INFO] Building Yamcs API 0.30.0
[INFO] ------------------------------------------------------------------------
[INFO] 
[INFO] --- maven-resources-plugin:2.6:resources (default-resources) @ yamcs-api ---
[INFO] Using 'UTF-8' encoding to copy filtered resources.
[INFO] Copying 1 resource
[INFO] 
[INFO] --- maven-compiler-plugin:2.3.2:compile (default-compile) @ yamcs-api ---
[INFO] Nothing to compile - all classes are up to date
[INFO] 
[INFO] --- maven-resources-plugin:2.6:testResources (default-testResources) @ yamcs-api ---
[INFO] Using 'UTF-8' encoding to copy filtered resources.
[INFO] skip non existing resourceDirectory /home/travis/build/failed/yamcs/yamcs/yamcs-api/src/test/resources
[INFO] 
[INFO] --- maven-compiler-plugin:2.3.2:testCompile (default-testCompile) @ yamcs-api ---
[INFO] Nothing to compile - all classes are up to date
[INFO] 
[INFO] --- maven-surefire-plugin:2.19.1:test (default-test) @ yamcs-api ---

-------------------------------------------------------
 T E S T S
-------------------------------------------------------
Running org.yamcs.api.AbstractEventProducerTest
Tests run: 5, Failures: 0, Errors: 0, Skipped: 0, Time elapsed: 0.182 sec - in org.yamcs.api.AbstractEventProducerTest
Running org.yamcs.utils.TaiUtcConverterTest
Tests run: 2, Failures: 0, Errors: 0, Skipped: 0, Time elapsed: 0 sec - in org.yamcs.utils.TaiUtcConverterTest
Running org.yamcs.utils.TimeEncodingTest
sdf,format:2010-12-31T23:59:59.000
d=Fri Dec 31 23:59:59 UTC 2010
cal=Fri Dec 31 23:59:59 UTC 2010
hod=23
s=2010-12-31T23:59:59.000
Tests run: 15, Failures: 0, Errors: 0, Skipped: 0, Time elapsed: 0.028 sec - in org.yamcs.utils.TimeEncodingTest

Results :

Tests run: 22, Failures: 0, Errors: 0, Skipped: 0

[INFO]                                                                         
[INFO] ------------------------------------------------------------------------
[INFO] Building Yamcs XTCE 0.30.0
[INFO] ------------------------------------------------------------------------
[INFO] 
[INFO] --- maven-resources-plugin:2.6:resources (default-resources) @ yamcs-xtce ---
[INFO] Using 'UTF-8' encoding to copy filtered resources.
[INFO] Copying 1 resource
[INFO] 
[INFO] --- maven-compiler-plugin:2.3.2:compile (default-compile) @ yamcs-xtce ---
[INFO] Nothing to compile - all classes are up to date
[INFO] 
[INFO] --- maven-resources-plugin:2.6:testResources (default-testResources) @ yamcs-xtce ---
[INFO] Using 'UTF-8' encoding to copy filtered resources.
[INFO] skip non existing resourceDirectory /home/travis/build/failed/yamcs/yamcs/yamcs-xtce/src/test/resources
[INFO] 
[INFO] --- maven-compiler-plugin:2.3.2:testCompile (default-testCompile) @ yamcs-xtce ---
[INFO] Nothing to compile - all classes are up to date
[INFO] 
[INFO] --- maven-surefire-plugin:2.19.1:test (default-test) @ yamcs-xtce ---

-------------------------------------------------------
 T E S T S
-------------------------------------------------------
Running org.yamcs.xtce.HistoryTest
Tests run: 2, Failures: 0, Errors: 0, Skipped: 0, Time elapsed: 0.057 sec - in org.yamcs.xtce.HistoryTest

Results :

Tests run: 2, Failures: 0, Errors: 0, Skipped: 0

[INFO]                                                                         
[INFO] ------------------------------------------------------------------------
[INFO] Building Yamcs Core 0.30.0
[INFO] ------------------------------------------------------------------------
[INFO] 
[INFO] --- build-helper-maven-plugin:1.11:add-source (add-source) @ yamcs-core ---
[INFO] Source directory: /home/travis/build/failed/yamcs/yamcs/yamcs-core/target/generated-sources/version added.
[INFO] 
[INFO] --- maven-antrun-plugin:1.3:run (generate-version) @ yamcs-core ---
[INFO] Executing tasks
[INFO] Executed tasks
[INFO] 
[INFO] --- maven-resources-plugin:2.6:resources (default-resources) @ yamcs-core ---
[INFO] Using 'UTF-8' encoding to copy filtered resources.
[INFO] Copying 31 resources
[INFO] 
[INFO] --- maven-compiler-plugin:2.3.2:compile (default-compile) @ yamcs-core ---
[INFO] Nothing to compile - all classes are up to date
[INFO] 
[INFO] --- maven-resources-plugin:2.6:testResources (default-testResources) @ yamcs-core ---
[INFO] Using 'UTF-8' encoding to copy filtered resources.
[INFO] Copying 37 resources
[INFO] Copying 20 resources
[INFO] 
[INFO] --- maven-compiler-plugin:2.3.2:testCompile (default-testCompile) @ yamcs-core ---
[INFO] Nothing to compile - all classes are up to date
[INFO] 
[INFO] --- maven-surefire-plugin:2.19.1:test (default-test) @ yamcs-core ---

-------------------------------------------------------
 T E S T S
-------------------------------------------------------
Running org.yamcs.AlarmTest
Tests run: 5, Failures: 0, Errors: 0, Skipped: 0, Time elapsed: 1.139 sec - in org.yamcs.AlarmTest
Running org.yamcs.ArchiveIntegrationTest
Mar 05 23:57:13.149 [27] org.yamcs.web.rest.archive.ArchiveParameterRestHandler listParameterHistory WARNING:No parameter id found in the parameter archive for /REFMDB/ccsds-apid
Mar 05 23:57:13.251 [28] org.yamcs.web.rest.archive.ArchiveParameterRestHandler listParameterHistory WARNING:No parameter id found in the parameter archive for /REFMDB/ccsds-apid
Tests run: 4, Failures: 0, Errors: 0, Skipped: 0, Time elapsed: 14.725 sec - in org.yamcs.ArchiveIntegrationTest
Running org.yamcs.ComVerifIntegrationTest
alg_verif_started:
  receivedCmdId: 25
  sentCmdId: 25
  receivedSeqNum: 5000
  sentSeqNum: 5000
  stage: 0
  result: 0
yep, this is our command
alg_verif_completed:
  receivedCmdId: 25
  sentCmdId: 25
  receivedSeqNum: 5000
  sentSeqNum: 5000
  stage: 0
  result: 0
alg_verif_completed:
  receivedCmdId: 25
  sentCmdId: 25
  receivedSeqNum: 5000
  sentSeqNum: 5000
  stage: 1
  result: 5
yep, this is our command
Tests run: 2, Failures: 0, Errors: 0, Skipped: 0, Time elapsed: 4.597 sec - in org.yamcs.ComVerifIntegrationTest
Running org.yamcs.ContainerRequestManagerTest
Tests run: 1, Failures: 0, Errors: 0, Skipped: 0, Time elapsed: 0.547 sec - in org.yamcs.ContainerRequestManagerTest
Running org.yamcs.EventCrashHandlerTest
Tests run: 1, Failures: 0, Errors: 0, Skipped: 0, Time elapsed: 0.121 sec - in org.yamcs.EventCrashHandlerTest
Running org.yamcs.IntegrationTest
Mar 05 23:57:28.320 [27] org.yamcs.web.rest.Router handleException WARNING:R1: Sending nominal exception back to client: Cannot find a local(software) parameter for 'name: "/REFMDB/SUBSYS1/IntegerPara1_1_6"
'
Mar 05 23:57:28.329 [27] org.yamcs.web.HttpRequestHandler sendError WARNING:POST /api/processors/IntegrationTest/realtime/parameters/mset 400
Mar 05 23:57:32.381 [34] org.yamcs.web.rest.Router handleException WARNING:R4: Sending nominal exception back to client: Invalid parameters: [name: "/REFMDB/SUBSYS1/InvalidParaName"
]
Mar 05 23:57:32.382 [34] org.yamcs.web.HttpRequestHandler sendError WARNING:GET /api/processors/IntegrationTest/realtime/parameters/mget 400
Mar 05 23:57:35.439 [197] org.yamcs.web.rest.Router lambda$dispatch$3 SEVERE:R6 blocking the netty thread for 2 seconds. uri: /api/processors/IntegrationTest/realtime/parameters/mget
Mar 05 23:57:35.441 [1] org.yamcs.IntegrationTest testRestParameterGet SEVERE:GET  BACK                      { }

Mar 05 23:57:39.400 [62] org.yamcs.web.rest.Router handleException WARNING:R24: Sending nominal exception back to client: Cannot assign integer from STRING
Mar 05 23:57:39.400 [62] org.yamcs.web.HttpRequestHandler sendError WARNING:POST /api/processors/IntegrationTest/realtime/parameters/mset 400
Tests run: 15, Failures: 0, Errors: 0, Skipped: 1, Time elapsed: 15.627 sec - in org.yamcs.IntegrationTest
Running org.yamcs.ParameterArchiveIntegrationTest
Mar 05 23:57:47.007 [27] org.yamcs.web.HttpRequestHandler sendError WARNING:GET /api/archive/IntegrationTest/parameters2/REFMDB/SUBSYS1/FloatPara1_1_2?start=2015-01-02T10:00:00&stop=2015-01-02T11:00:00 404
Mar 05 23:57:47.035 [1] org.yamcs.parameterarchive.ParameterArchive doStop FINE:Stopping ParameterArchive service for instance IntegrationTest
Tests run: 2, Failures: 0, Errors: 1, Skipped: 1, Time elapsed: 5.861 sec <<< FAILURE! - in org.yamcs.ParameterArchiveIntegrationTest
testRestRetrieval(org.yamcs.ParameterArchiveIntegrationTest)  Time elapsed: 2.938 sec  <<< ERROR!
java.util.concurrent.ExecutionException: 
org.yamcs.api.YamcsApiException: 404 Not Found

	at org.yamcs.ParameterArchiveIntegrationTest.testRestRetrieval(ParameterArchiveIntegrationTest.java:67)
Caused by: org.yamcs.api.YamcsApiException: 
404 Not Found


Running org.yamcs.PermissionsTest
Mar 05 23:57:50.955 [27] org.yamcs.web.rest.Router handleException WARNING:R1: Sending nominal exception back to client: User operator/***** has no 'set' permission for parameter /REFMDB/SUBSYS1/LocalPara1
Mar 05 23:57:50.964 [27] org.yamcs.web.HttpRequestHandler sendError WARNING:POST /api/processors/IntegrationTest/realtime/parameters/mset 403
Mar 05 23:57:51.170 [29] org.yamcs.security.YamlRealm getPrivileges WARNING:No privileges of type tm_parameter_privileges for role EmptyRole
Mar 05 23:57:51.170 [29] org.yamcs.security.YamlRealm getPrivileges WARNING:No privileges of type tm_parameter_set_privileges for role EmptyRole
Mar 05 23:57:51.170 [29] org.yamcs.security.YamlRealm getPrivileges WARNING:No privileges of type tm_packet_privileges for role EmptyRole
Mar 05 23:57:51.171 [29] org.yamcs.security.YamlRealm getPrivileges WARNING:No privileges of type tc_privileges for role EmptyRole
Mar 05 23:57:51.171 [29] org.yamcs.security.YamlRealm getPrivileges WARNING:No privileges of type system_privileges for role EmptyRole
Mar 05 23:57:51.321 [30] org.yamcs.web.rest.RestHandler verifyCommand WARNING:Command 'FLOAT_ARG_TC' (namespace: '/REFMDB/SUBSYS1') found, but withheld due to insufficient privileges. Returning 404 instead
Mar 05 23:57:51.322 [30] org.yamcs.web.rest.Router handleException WARNING:R3: Sending nominal exception back to client: No resource named '/api/processors/IntegrationTest/realtime/commands/REFMDB/SUBSYS1/FLOAT_ARG_TC' (No such command)
Mar 05 23:57:51.322 [30] org.yamcs.web.HttpRequestHandler sendError WARNING:POST /api/processors/IntegrationTest/realtime/commands/REFMDB/SUBSYS1/FLOAT_ARG_TC 404
Mar 05 23:57:51.434 [32] org.yamcs.commanding.CommandingManager addToCommandHistory WARNING:Throwing InsufficientPrivileges for lack of COMMANDING privilege for user testuser/*****
Mar 05 23:57:51.435 [32] org.yamcs.web.rest.Router handleException WARNING:R4: Sending nominal exception back to client: Forbidden
Mar 05 23:57:51.435 [32] org.yamcs.web.HttpRequestHandler sendError WARNING:POST /api/processors/IntegrationTest/realtime/commandhistory/REFMDB/SUBSYS1/ONE_INT_ARG_TC 403
Mar 05 23:57:53.585 [35] org.yamcs.web.rest.archive.ArchiveParameterRestHandler listParameterHistory WARNING:No parameter id found in the parameter archive for /REFMDB/SUBSYS1/IntegerPara1_1_6
Mar 05 23:57:53.705 [37] org.yamcs.security.BasicAuthModule sendUnauthorized WARNING:GET /api/user 401 [realm="org.yamcs.security.BasicAuthModule"]
Mar 05 23:57:53.852 [40] org.yamcs.web.rest.Router handleException WARNING:R8: Sending nominal exception back to client: User testuser/***** has no permission for parameter /REFMDB/SUBSYS1/FloatPara1_1_3
Mar 05 23:57:53.853 [40] org.yamcs.web.HttpRequestHandler sendError WARNING:GET /api/processors/IntegrationTest/realtime/parameters/mget 403
Tests run: 6, Failures: 1, Errors: 0, Skipped: 0, Time elapsed: 6.187 sec <<< FAILURE! - in org.yamcs.PermissionsTest
testPermissionArchive(org.yamcs.PermissionsTest)  Time elapsed: 2.147 sec  <<< FAILURE!
java.lang.AssertionError: expected:<2> but was:<100>
	at org.yamcs.PermissionsTest.testPermissionArchive(PermissionsTest.java:56)

Running org.yamcs.RestClientTest
Mar 05 23:57:58.230 [31] org.yamcs.security.BasicAuthModule sendUnauthorized WARNING:GET /api/instances 401 [realm="org.yamcs.security.BasicAuthModule"]
Tests run: 3, Failures: 0, Errors: 0, Skipped: 0, Time elapsed: 3.65 sec - in org.yamcs.RestClientTest
Running org.yamcs.YamcsServerArtemisTest
Mar 05 23:57:59.280 [1] org.yamcs.security.Privilege <clinit> WARNING:Privileges disabled, all connections are allowed and have full permissions
Mar 05 23:57:59.807 [1] org.apache.activemq.artemis.core.server start INFO:AMQ221000: live Message Broker is starting with configuration Broker Configuration (clustered=false,journalDirectory=data/journal,bindingsDirectory=data/bindings,largeMessagesDirectory=data/largemessages,pagingDirectory=data/paging)
Mar 05 23:57:59.896 [1] org.apache.activemq.artemis.core.server <init> INFO:AMQ221043: Protocol module found: [artemis-server]. Adding protocol support for: CORE
log4j:WARN No appenders could be found for logger (org.apache.commons.beanutils.converters.BooleanConverter).
log4j:WARN Please initialize the log4j system properly.
Mar 05 23:58:00.083 [1] org.apache.activemq.artemis.core.server run INFO:AMQ221007: Server is now live
Mar 05 23:58:00.083 [1] org.apache.activemq.artemis.core.server start INFO:AMQ221001: Apache ActiveMQ Artemis Message Broker version 1.5.0 [localhost, nodeID=160730ac-9ce0-11ec-9758-0242ac11000c] 
Mar 05 23:58:00.287 [32] org.apache.activemq.artemis.core.server checkDeadLetterAddressAndExpiryAddress WARNING:AMQ222165: No Dead Letter Address configured for queue tempRpcQueue.2a391ba6-c808-458a-b67d-7ca2ef837824 in AddressSettings
Mar 05 23:58:00.287 [32] org.apache.activemq.artemis.core.server checkDeadLetterAddressAndExpiryAddress WARNING:AMQ222166: No Expiry Address configured for queue tempRpcQueue.2a391ba6-c808-458a-b67d-7ca2ef837824 in AddressSettings
Mar 05 23:58:00.624 [1] org.yamcs.StreamConfig <init> WARNING:No streamConfig defined for instance instance1
Mar 05 23:58:00.630 [35] org.apache.activemq.artemis.core.server checkDeadLetterAddressAndExpiryAddress WARNING:AMQ222165: No Dead Letter Address configured for queue tempRpcQueue.ce00ac33-f021-46f0-8094-7a3a219bbacf in AddressSettings
Mar 05 23:58:00.631 [35] org.apache.activemq.artemis.core.server checkDeadLetterAddressAndExpiryAddress WARNING:AMQ222166: No Expiry Address configured for queue tempRpcQueue.ce00ac33-f021-46f0-8094-7a3a219bbacf in AddressSettings
Mar 05 23:58:00.640 [35] org.apache.activemq.artemis.core.server checkDeadLetterAddressAndExpiryAddress WARNING:AMQ222165: No Dead Letter Address configured for queue tempDataQueue.fa54223f-6f95-411b-8404-e5422fae913c in AddressSettings
Mar 05 23:58:00.640 [35] org.apache.activemq.artemis.core.server checkDeadLetterAddressAndExpiryAddress WARNING:AMQ222166: No Expiry Address configured for queue tempDataQueue.fa54223f-6f95-411b-8404-e5422fae913c in AddressSettings
Mar 05 23:58:00.816 [39] org.apache.activemq.artemis.core.client fail WARNING:AMQ212037: Connection failure has been detected: AMQ119015: The connection was disconnected because of server shutdown [code=DISCONNECTED]
Mar 05 23:58:00.817 [1] org.apache.activemq.artemis.core.server stop INFO:AMQ221002: Apache ActiveMQ Artemis Message Broker version 1.5.0 [160730ac-9ce0-11ec-9758-0242ac11000c] stopped, uptime 1.065 seconds
Tests run: 1, Failures: 0, Errors: 0, Skipped: 0, Time elapsed: 1.919 sec - in org.yamcs.YamcsServerArtemisTest
Running org.yamcs.alarms.AlarmServerTest
Tests run: 6, Failures: 0, Errors: 0, Skipped: 0, Time elapsed: 0.182 sec - in org.yamcs.alarms.AlarmServerTest
Running org.yamcs.algorithms.AlgorithmManagerPyTest
Tests run: 3, Failures: 0, Errors: 0, Skipped: 0, Time elapsed: 2.62 sec - in org.yamcs.algorithms.AlgorithmManagerPyTest
Running org.yamcs.algorithms.AlgorithmManagerTest
Tests run: 14, Failures: 0, Errors: 0, Skipped: 1, Time elapsed: 15.82 sec - in org.yamcs.algorithms.AlgorithmManagerTest
Running org.yamcs.algorithms.AlgorithmWithContextTest
Tests run: 1, Failures: 0, Errors: 0, Skipped: 0, Time elapsed: 2.503 sec - in org.yamcs.algorithms.AlgorithmWithContextTest
Running org.yamcs.algorithms.WindowBufferTest
Tests run: 1, Failures: 0, Errors: 0, Skipped: 0, Time elapsed: 0.065 sec - in org.yamcs.algorithms.WindowBufferTest
Running org.yamcs.api.artemis.ArtemisEventProducerTest
Mar 05 23:58:25.779 [1] org.yamcs.security.Privilege <clinit> WARNING:Privileges disabled, all connections are allowed and have full permissions
Mar 05 23:58:26.111 [1] org.apache.activemq.artemis.core.server start INFO:AMQ221000: live Message Broker is starting with configuration Broker Configuration (clustered=false,journalDirectory=data/journal,bindingsDirectory=data/bindings,largeMessagesDirectory=data/largemessages,pagingDirectory=data/paging)
Mar 05 23:58:26.158 [1] org.apache.activemq.artemis.core.server <init> INFO:AMQ221043: Protocol module found: [artemis-server]. Adding protocol support for: CORE
log4j:WARN No appenders could be found for logger (org.apache.commons.beanutils.converters.BooleanConverter).
log4j:WARN Please initialize the log4j system properly.
Mar 05 23:58:26.318 [1] org.apache.activemq.artemis.core.server run INFO:AMQ221007: Server is now live
Mar 05 23:58:26.319 [1] org.apache.activemq.artemis.core.server start INFO:AMQ221001: Apache ActiveMQ Artemis Message Broker version 1.5.0 [localhost, nodeID=25b6ff8b-9ce0-11ec-8948-0242ac11000c] 
Mar 05 23:58:26.477 [31] org.apache.activemq.artemis.core.server checkDeadLetterAddressAndExpiryAddress WARNING:AMQ222165: No Dead Letter Address configured for queue tempRpcQueue.d3ecdd89-934e-4aae-8203-fb75f9ddad99 in AddressSettings
Mar 05 23:58:26.477 [31] org.apache.activemq.artemis.core.server checkDeadLetterAddressAndExpiryAddress WARNING:AMQ222166: No Expiry Address configured for queue tempRpcQueue.d3ecdd89-934e-4aae-8203-fb75f9ddad99 in AddressSettings
Mar 05 23:58:26.622 [35] org.apache.activemq.artemis.core.server checkDeadLetterAddressAndExpiryAddress WARNING:AMQ222165: No Dead Letter Address configured for queue tempDataQueue.657725d5-dc13-4e6e-9d79-9e365b54c91e in AddressSettings
Mar 05 23:58:26.623 [35] org.apache.activemq.artemis.core.server checkDeadLetterAddressAndExpiryAddress WARNING:AMQ222166: No Expiry Address configured for queue tempDataQueue.657725d5-dc13-4e6e-9d79-9e365b54c91e in AddressSettings
Mar 05 23:58:26.725 [36] org.apache.activemq.artemis.core.client fail WARNING:AMQ212037: Connection failure has been detected: AMQ119015: The connection was disconnected because of server shutdown [code=DISCONNECTED]
Mar 05 23:58:26.728 [1] org.apache.activemq.artemis.core.server stop INFO:AMQ221002: Apache ActiveMQ Artemis Message Broker version 1.5.0 [25b6ff8b-9ce0-11ec-8948-0242ac11000c] stopped, uptime 0.655 seconds
Tests run: 1, Failures: 0, Errors: 0, Skipped: 0, Time elapsed: 1.179 sec - in org.yamcs.api.artemis.ArtemisEventProducerTest
Running org.yamcs.api.rest.HttpClientTest
Mar 05 23:58:30.596 [27] org.yamcs.web.HttpRequestHandler sendError WARNING:GET /blaba 404
Tests run: 2, Failures: 0, Errors: 0, Skipped: 0, Time elapsed: 3.356 sec - in org.yamcs.api.rest.HttpClientTest
Running org.yamcs.archive.CcsdsTmIndexTest
Tests run: 3, Failures: 0, Errors: 0, Skipped: 1, Time elapsed: 0.393 sec - in org.yamcs.archive.CcsdsTmIndexTest
Running org.yamcs.archive.CmdHistoryRecordingTest
Mar 05 23:58:32.468 [1] org.yamcs.security.Privilege <clinit> WARNING:Privileges disabled, all connections are allowed and have full permissions
Mar 05 23:58:32.817 [1] org.apache.activemq.artemis.core.server start INFO:AMQ221000: live Message Broker is starting with configuration Broker Configuration (clustered=false,journalDirectory=data/journal,bindingsDirectory=data/bindings,largeMessagesDirectory=data/largemessages,pagingDirectory=data/paging)
Mar 05 23:58:32.859 [1] org.apache.activemq.artemis.core.server <init> INFO:AMQ221043: Protocol module found: [artemis-server]. Adding protocol support for: CORE
log4j:WARN No appenders could be found for logger (org.apache.commons.beanutils.converters.BooleanConverter).
log4j:WARN Please initialize the log4j system properly.
Mar 05 23:58:33.006 [1] org.apache.activemq.artemis.core.server run INFO:AMQ221007: Server is now live
Mar 05 23:58:33.007 [1] org.apache.activemq.artemis.core.server start INFO:AMQ221001: Apache ActiveMQ Artemis Message Broker version 1.5.0 [localhost, nodeID=29b64110-9ce0-11ec-84d8-0242ac11000c] 
Mar 05 23:58:33.164 [33] org.apache.activemq.artemis.core.server checkDeadLetterAddressAndExpiryAddress WARNING:AMQ222165: No Dead Letter Address configured for queue tempRpcQueue.2a82e946-9253-443e-afce-494784ea4e1a in AddressSettings
Mar 05 23:58:33.164 [33] org.apache.activemq.artemis.core.server checkDeadLetterAddressAndExpiryAddress WARNING:AMQ222166: No Expiry Address configured for queue tempRpcQueue.2a82e946-9253-443e-afce-494784ea4e1a in AddressSettings
Mar 05 23:58:33.384 [1] org.yamcs.archive.CommandHistoryRecorder[yarchtest_CmdHistoryRecordingTest] doStart SEVERE:The stream cmdhist_dump has not been found
Mar 05 23:58:33.563 [33] org.apache.activemq.artemis.core.server checkDeadLetterAddressAndExpiryAddress WARNING:AMQ222165: No Dead Letter Address configured for queue tempRpcQueue.66a18032-ae9f-470d-8513-52950c38ec45 in AddressSettings
Mar 05 23:58:33.564 [33] org.apache.activemq.artemis.core.server checkDeadLetterAddressAndExpiryAddress WARNING:AMQ222166: No Expiry Address configured for queue tempRpcQueue.66a18032-ae9f-470d-8513-52950c38ec45 in AddressSettings
Mar 05 23:58:33.590 [33] org.apache.activemq.artemis.core.server checkDeadLetterAddressAndExpiryAddress WARNING:AMQ222165: No Dead Letter Address configured for queue tempRpcQueue.4899a92c-8796-4c8f-afb9-54778a5dc483 in AddressSettings
Mar 05 23:58:33.591 [33] org.apache.activemq.artemis.core.server checkDeadLetterAddressAndExpiryAddress WARNING:AMQ222166: No Expiry Address configured for queue tempRpcQueue.4899a92c-8796-4c8f-afb9-54778a5dc483 in AddressSettings
Mar 05 23:58:33.599 [33] org.apache.activemq.artemis.core.server checkDeadLetterAddressAndExpiryAddress WARNING:AMQ222165: No Dead Letter Address configured for queue tempDataQueue.c67c67c7-d200-4385-a992-38eec28ac9fe in AddressSettings
Mar 05 23:58:33.599 [33] org.apache.activemq.artemis.core.server checkDeadLetterAddressAndExpiryAddress WARNING:AMQ222166: No Expiry Address configured for queue tempDataQueue.c67c67c7-d200-4385-a992-38eec28ac9fe in AddressSettings
Mar 05 23:58:33.655 [33] org.apache.activemq.artemis.core.server checkDeadLetterAddressAndExpiryAddress WARNING:AMQ222165: No Dead Letter Address configured for queue tempRpcQueue.572148ea-8209-4991-846c-9ca6e5b5f185 in AddressSettings
Mar 05 23:58:33.656 [33] org.apache.activemq.artemis.core.server checkDeadLetterAddressAndExpiryAddress WARNING:AMQ222166: No Expiry Address configured for queue tempRpcQueue.572148ea-8209-4991-846c-9ca6e5b5f185 in AddressSettings
Mar 05 23:58:33.665 [33] org.apache.activemq.artemis.core.server checkDeadLetterAddressAndExpiryAddress WARNING:AMQ222165: No Dead Letter Address configured for queue ProducerKiller in AddressSettings
Mar 05 23:58:33.666 [33] org.apache.activemq.artemis.core.server checkDeadLetterAddressAndExpiryAddress WARNING:AMQ222166: No Expiry Address configured for queue ProducerKiller in AddressSettings
Mar 05 23:58:34.120 [33] org.apache.activemq.artemis.core.server checkDeadLetterAddressAndExpiryAddress WARNING:AMQ222165: No Dead Letter Address configured for queue tempRpcQueue.b04f7daa-33eb-4591-983b-c33703313790 in AddressSettings
Mar 05 23:58:34.120 [33] org.apache.activemq.artemis.core.server checkDeadLetterAddressAndExpiryAddress WARNING:AMQ222166: No Expiry Address configured for queue tempRpcQueue.b04f7daa-33eb-4591-983b-c33703313790 in AddressSettings
Mar 05 23:58:34.393 [48] org.apache.activemq.artemis.core.client fail WARNING:AMQ212037: Connection failure has been detected: AMQ119015: The connection was disconnected because of server shutdown [code=DISCONNECTED]
Mar 05 23:58:34.393 [49] org.apache.activemq.artemis.core.client fail WARNING:AMQ212037: Connection failure has been detected: AMQ119015: The connection was disconnected because of server shutdown [code=DISCONNECTED]
Mar 05 23:58:34.393 [44] org.apache.activemq.artemis.core.client fail WARNING:AMQ212037: Connection failure has been detected: AMQ119015: The connection was disconnected because of server shutdown [code=DISCONNECTED]
Mar 05 23:58:34.393 [46] org.apache.activemq.artemis.core.client fail WARNING:AMQ212037: Connection failure has been detected: AMQ119015: The connection was disconnected because of server shutdown [code=DISCONNECTED]
Mar 05 23:58:34.397 [1] org.apache.activemq.artemis.core.server stop INFO:AMQ221002: Apache ActiveMQ Artemis Message Broker version 1.5.0 [29b64110-9ce0-11ec-84d8-0242ac11000c] stopped, uptime 1.619 seconds
Tests run: 1, Failures: 0, Errors: 0, Skipped: 0, Time elapsed: 2.152 sec - in org.yamcs.archive.CmdHistoryRecordingTest
Running org.yamcs.archive.EventRecordingTest
Mar 05 23:58:35.235 [1] org.yamcs.security.Privilege <clinit> WARNING:Privileges disabled, all connections are allowed and have full permissions
Mar 05 23:58:35.578 [1] org.apache.activemq.artemis.core.server start INFO:AMQ221000: live Message Broker is starting with configuration Broker Configuration (clustered=false,journalDirectory=data/journal,bindingsDirectory=data/bindings,largeMessagesDirectory=data/largemessages,pagingDirectory=data/paging)
Mar 05 23:58:35.622 [1] org.apache.activemq.artemis.core.server <init> INFO:AMQ221043: Protocol module found: [artemis-server]. Adding protocol support for: CORE
log4j:WARN No appenders could be found for logger (org.apache.commons.beanutils.converters.BooleanConverter).
log4j:WARN Please initialize the log4j system properly.
Mar 05 23:58:35.772 [1] org.apache.activemq.artemis.core.server run INFO:AMQ221007: Server is now live
Mar 05 23:58:35.772 [1] org.apache.activemq.artemis.core.server start INFO:AMQ221001: Apache ActiveMQ Artemis Message Broker version 1.5.0 [localhost, nodeID=2b5b65a9-9ce0-11ec-b5c7-0242ac11000c] 
Mar 05 23:58:35.935 [31] org.apache.activemq.artemis.core.server checkDeadLetterAddressAndExpiryAddress WARNING:AMQ222165: No Dead Letter Address configured for queue tempRpcQueue.a546e1b5-b503-41eb-94b6-beafef5e1a36 in AddressSettings
Mar 05 23:58:35.935 [31] org.apache.activemq.artemis.core.server checkDeadLetterAddressAndExpiryAddress WARNING:AMQ222166: No Expiry Address configured for queue tempRpcQueue.a546e1b5-b503-41eb-94b6-beafef5e1a36 in AddressSettings
Mar 05 23:58:36.753 [31] org.apache.activemq.artemis.core.server checkDeadLetterAddressAndExpiryAddress WARNING:AMQ222165: No Dead Letter Address configured for queue events_realtime-StreamAdapter in AddressSettings
Mar 05 23:58:36.754 [31] org.apache.activemq.artemis.core.server checkDeadLetterAddressAndExpiryAddress WARNING:AMQ222166: No Expiry Address configured for queue events_realtime-StreamAdapter in AddressSettings
Mar 05 23:58:36.763 [31] org.apache.activemq.artemis.core.server checkDeadLetterAddressAndExpiryAddress WARNING:AMQ222165: No Dead Letter Address configured for queue tempDataQueue.b79858d8-4a0e-43c6-92e6-7a13eab86bb2 in AddressSettings
Mar 05 23:58:36.763 [31] org.apache.activemq.artemis.core.server checkDeadLetterAddressAndExpiryAddress WARNING:AMQ222166: No Expiry Address configured for queue tempDataQueue.b79858d8-4a0e-43c6-92e6-7a13eab86bb2 in AddressSettings
Mar 05 23:58:39.906 [31] org.apache.activemq.artemis.core.server checkDeadLetterAddressAndExpiryAddress WARNING:AMQ222165: No Dead Letter Address configured for queue tempRpcQueue.065f13cc-b816-4480-bec6-cf1da47660fd in AddressSettings
Mar 05 23:58:39.907 [31] org.apache.activemq.artemis.core.server checkDeadLetterAddressAndExpiryAddress WARNING:AMQ222166: No Expiry Address configured for queue tempRpcQueue.065f13cc-b816-4480-bec6-cf1da47660fd in AddressSettings
Mar 05 23:58:39.922 [31] org.apache.activemq.artemis.core.server checkDeadLetterAddressAndExpiryAddress WARNING:AMQ222165: No Dead Letter Address configured for queue tempRpcQueue.98c838ad-7cd4-4ae5-b0af-9d8efc9ed9df in AddressSettings
Mar 05 23:58:39.923 [31] org.apache.activemq.artemis.core.server checkDeadLetterAddressAndExpiryAddress WARNING:AMQ222166: No Expiry Address configured for queue tempRpcQueue.98c838ad-7cd4-4ae5-b0af-9d8efc9ed9df in AddressSettings
Mar 05 23:58:39.931 [31] org.apache.activemq.artemis.core.server checkDeadLetterAddressAndExpiryAddress WARNING:AMQ222165: No Dead Letter Address configured for queue tempDataQueue.54521c9a-3c28-45cd-aff1-3c32e23fa676 in AddressSettings
Mar 05 23:58:39.932 [31] org.apache.activemq.artemis.core.server checkDeadLetterAddressAndExpiryAddress WARNING:AMQ222166: No Expiry Address configured for queue tempDataQueue.54521c9a-3c28-45cd-aff1-3c32e23fa676 in AddressSettings
Mar 05 23:58:39.976 [31] org.apache.activemq.artemis.core.server checkDeadLetterAddressAndExpiryAddress WARNING:AMQ222165: No Dead Letter Address configured for queue tempRpcQueue.c11eac37-a0b8-4995-8639-2bfb37ea1ca9 in AddressSettings
Mar 05 23:58:39.976 [31] org.apache.activemq.artemis.core.server checkDeadLetterAddressAndExpiryAddress WARNING:AMQ222166: No Expiry Address configured for queue tempRpcQueue.c11eac37-a0b8-4995-8639-2bfb37ea1ca9 in AddressSettings
Mar 05 23:58:39.987 [31] org.apache.activemq.artemis.core.server checkDeadLetterAddressAndExpiryAddress WARNING:AMQ222165: No Dead Letter Address configured for queue ProducerKiller in AddressSettings
Mar 05 23:58:39.988 [31] org.apache.activemq.artemis.core.server checkDeadLetterAddressAndExpiryAddress WARNING:AMQ222166: No Expiry Address configured for queue ProducerKiller in AddressSettings
Mar 05 23:58:40.339 [40] org.apache.activemq.artemis.core.client fail WARNING:AMQ212037: Connection failure has been detected: AMQ119015: The connection was disconnected because of server shutdown [code=DISCONNECTED]
Mar 05 23:58:40.339 [41] org.apache.activemq.artemis.core.client fail WARNING:AMQ212037: Connection failure has been detected: AMQ119015: The connection was disconnected because of server shutdown [code=DISCONNECTED]
Mar 05 23:58:40.339 [48] org.apache.activemq.artemis.core.client fail WARNING:AMQ212037: Connection failure has been detected: AMQ119015: The connection was disconnected because of server shutdown [code=DISCONNECTED]
Mar 05 23:58:40.348 [1] org.apache.activemq.artemis.core.server stop INFO:AMQ221002: Apache ActiveMQ Artemis Message Broker version 1.5.0 [2b5b65a9-9ce0-11ec-b5c7-0242ac11000c] stopped, uptime 4.809 seconds
Tests run: 1, Failures: 0, Errors: 0, Skipped: 0, Time elapsed: 5.342 sec - in org.yamcs.archive.EventRecordingTest
Running org.yamcs.archive.PpTupleTranslatorTest
Mar 05 23:58:41.189 [1] org.yamcs.security.Privilege <clinit> WARNING:Privileges disabled, all connections are allowed and have full permissions
Mar 05 23:58:41.583 [1] org.apache.activemq.artemis.core.server start INFO:AMQ221000: live Message Broker is starting with configuration Broker Configuration (clustered=false,journalDirectory=data/journal,bindingsDirectory=data/bindings,largeMessagesDirectory=data/largemessages,pagingDirectory=data/paging)
Mar 05 23:58:41.631 [1] org.apache.activemq.artemis.core.server <init> INFO:AMQ221043: Protocol module found: [artemis-server]. Adding protocol support for: CORE
log4j:WARN No appenders could be found for logger (org.apache.commons.beanutils.converters.BooleanConverter).
log4j:WARN Please initialize the log4j system properly.
Mar 05 23:58:41.804 [1] org.apache.activemq.artemis.core.server run INFO:AMQ221007: Server is now live
Mar 05 23:58:41.804 [1] org.apache.activemq.artemis.core.server start INFO:AMQ221001: Apache ActiveMQ Artemis Message Broker version 1.5.0 [localhost, nodeID=2eef8854-9ce0-11ec-83c0-0242ac11000c] 
Mar 05 23:58:41.959 [31] org.apache.activemq.artemis.core.server checkDeadLetterAddressAndExpiryAddress WARNING:AMQ222165: No Dead Letter Address configured for queue tempRpcQueue.e4224200-40bd-46a1-a2de-1193a3c1ffb8 in AddressSettings
Mar 05 23:58:41.960 [31] org.apache.activemq.artemis.core.server checkDeadLetterAddressAndExpiryAddress WARNING:AMQ222166: No Expiry Address configured for queue tempRpcQueue.e4224200-40bd-46a1-a2de-1193a3c1ffb8 in AddressSettings
Mar 05 23:58:42.961 [31] org.apache.activemq.artemis.core.server checkDeadLetterAddressAndExpiryAddress WARNING:AMQ222165: No Dead Letter Address configured for queue pp_realtime-StreamAdapter in AddressSettings
Mar 05 23:58:42.961 [31] org.apache.activemq.artemis.core.server checkDeadLetterAddressAndExpiryAddress WARNING:AMQ222166: No Expiry Address configured for queue pp_realtime-StreamAdapter in AddressSettings
Mar 05 23:58:42.969 [31] org.apache.activemq.artemis.core.server checkDeadLetterAddressAndExpiryAddress WARNING:AMQ222165: No Dead Letter Address configured for queue tempDataQueue.f9532fa3-3ca4-4f31-ada2-aaa3b71a2397 in AddressSettings
Mar 05 23:58:42.970 [31] org.apache.activemq.artemis.core.server checkDeadLetterAddressAndExpiryAddress WARNING:AMQ222166: No Expiry Address configured for queue tempDataQueue.f9532fa3-3ca4-4f31-ada2-aaa3b71a2397 in AddressSettings
Mar 05 23:58:46.521 [39] org.apache.activemq.artemis.core.client fail WARNING:AMQ212037: Connection failure has been detected: AMQ119015: The connection was disconnected because of server shutdown [code=DISCONNECTED]
Mar 05 23:58:46.523 [1] org.apache.activemq.artemis.core.server stop INFO:AMQ221002: Apache ActiveMQ Artemis Message Broker version 1.5.0 [2eef8854-9ce0-11ec-83c0-0242ac11000c] stopped, uptime 4.984 seconds
Tests run: 1, Failures: 0, Errors: 0, Skipped: 0, Time elapsed: 5.552 sec - in org.yamcs.archive.PpTupleTranslatorTest
Running org.yamcs.artemis.ProducerKillerTest
log4j:WARN No appenders could be found for logger (org.jboss.logging).
log4j:WARN Please initialize the log4j system properly.
Mar 05 23:58:49.291 [280] org.yamcs.api.artemis.Protocol onMessage WARNING:closing producer org.apache.activemq.artemis.core.client.impl.ClientProducerImpl@1d296da because the consumer to the address tempDataAddress.8a3b6d11-c027-4971-9ba1-c6d28c03617d has closed
ActiveMQObjectClosedException[errorType=OBJECT_CLOSED message=AMQ119018: Producer is closed]
	at org.apache.activemq.artemis.core.client.impl.ClientProducerImpl.checkClosed(ClientProducerImpl.java:292)
	at org.apache.activemq.artemis.core.client.impl.ClientProducerImpl.send(ClientProducerImpl.java:124)
	at org.yamcs.api.artemis.YamcsClient.sendData(YamcsClient.java:380)
	at org.yamcs.artemis.ProducerKillerTest$2.run(ProducerKillerTest.java:58)
	at java.lang.Thread.run(Thread.java:745)
Tests run: 1, Failures: 0, Errors: 0, Skipped: 0, Time elapsed: 2.185 sec - in org.yamcs.artemis.ProducerKillerTest
Running org.yamcs.artemis.StreamAdapterTest
Mar 05 23:58:50.142 [1] org.yamcs.security.Privilege <clinit> WARNING:Privileges disabled, all connections are allowed and have full permissions
Mar 05 23:58:50.463 [1] org.apache.activemq.artemis.core.server start INFO:AMQ221000: live Message Broker is starting with configuration Broker Configuration (clustered=false,journalDirectory=data/journal,bindingsDirectory=data/bindings,largeMessagesDirectory=data/largemessages,pagingDirectory=data/paging)
Mar 05 23:58:50.502 [1] org.apache.activemq.artemis.core.server <init> INFO:AMQ221043: Protocol module found: [artemis-server]. Adding protocol support for: CORE
log4j:WARN No appenders could be found for logger (org.apache.commons.beanutils.converters.BooleanConverter).
log4j:WARN Please initialize the log4j system properly.
Mar 05 23:58:50.636 [1] org.apache.activemq.artemis.core.server run INFO:AMQ221007: Server is now live
Mar 05 23:58:50.637 [1] org.apache.activemq.artemis.core.server start INFO:AMQ221001: Apache ActiveMQ Artemis Message Broker version 1.5.0 [localhost, nodeID=343ad23e-9ce0-11ec-a46c-0242ac11000c] 
Mar 05 23:58:50.785 [33] org.apache.activemq.artemis.core.server checkDeadLetterAddressAndExpiryAddress WARNING:AMQ222165: No Dead Letter Address configured for queue tempRpcQueue.d7b163ee-70b9-4b66-9593-ea2f5e0cd51e in AddressSettings
Mar 05 23:58:50.785 [33] org.apache.activemq.artemis.core.server checkDeadLetterAddressAndExpiryAddress WARNING:AMQ222166: No Expiry Address configured for queue tempRpcQueue.d7b163ee-70b9-4b66-9593-ea2f5e0cd51e in AddressSettings
Mar 05 23:58:51.134 [33] org.apache.activemq.artemis.core.server checkDeadLetterAddressAndExpiryAddress WARNING:AMQ222165: No Dead Letter Address configured for queue tests2h-StreamAdapter in AddressSettings
Mar 05 23:58:51.134 [33] org.apache.activemq.artemis.core.server checkDeadLetterAddressAndExpiryAddress WARNING:AMQ222166: No Expiry Address configured for queue tests2h-StreamAdapter in AddressSettings
Mar 05 23:58:51.260 [33] org.apache.activemq.artemis.core.server checkDeadLetterAddressAndExpiryAddress WARNING:AMQ222165: No Dead Letter Address configured for queue tempDataQueue.fcabeb9c-121a-4e06-90c8-e0014436634c in AddressSettings
Mar 05 23:58:51.260 [33] org.apache.activemq.artemis.core.server checkDeadLetterAddressAndExpiryAddress WARNING:AMQ222166: No Expiry Address configured for queue tempDataQueue.fcabeb9c-121a-4e06-90c8-e0014436634c in AddressSettings
Mar 05 23:58:51.507 [33] org.apache.activemq.artemis.core.server checkDeadLetterAddressAndExpiryAddress WARNING:AMQ222165: No Dead Letter Address configured for queue tests2h-StreamAdapter in AddressSettings
Mar 05 23:58:51.507 [33] org.apache.activemq.artemis.core.server checkDeadLetterAddressAndExpiryAddress WARNING:AMQ222166: No Expiry Address configured for queue tests2h-StreamAdapter in AddressSettings
Mar 05 23:58:51.516 [33] org.apache.activemq.artemis.core.server checkDeadLetterAddressAndExpiryAddress WARNING:AMQ222165: No Dead Letter Address configured for queue tempDataQueue.ad9c7565-f715-4cd3-a50b-e447b45eafaf in AddressSettings
Mar 05 23:58:51.516 [33] org.apache.activemq.artemis.core.server checkDeadLetterAddressAndExpiryAddress WARNING:AMQ222166: No Expiry Address configured for queue tempDataQueue.ad9c7565-f715-4cd3-a50b-e447b45eafaf in AddressSettings
Mar 05 23:58:51.734 [35] org.apache.activemq.artemis.core.client fail WARNING:AMQ212037: Connection failure has been detected: AMQ119015: The connection was disconnected because of server shutdown [code=DISCONNECTED]
Mar 05 23:58:51.738 [1] org.apache.activemq.artemis.core.server stop INFO:AMQ221002: Apache ActiveMQ Artemis Message Broker version 1.5.0 [343ad23e-9ce0-11ec-a46c-0242ac11000c] stopped, uptime 1.310 seconds
Tests run: 2, Failures: 0, Errors: 0, Skipped: 0, Time elapsed: 1.786 sec - in org.yamcs.artemis.StreamAdapterTest
Running org.yamcs.commanding.CommandingManagerTest
Tests run: 10, Failures: 0, Errors: 0, Skipped: 0, Time elapsed: 0.379 sec - in org.yamcs.commanding.CommandingManagerTest
Running org.yamcs.management.ProcessorsTest
connecting to yamcs
Mar 05 23:58:55.041 [26] org.yamcs.security.Privilege <clinit> WARNING:Privileges disabled, all connections are allowed and have full permissions
connecting to yamcs
Mar 05 23:59:01.425 [33] org.yamcs.management.ManagementService createProcessor WARNING:createProcessor called with invalid client id:10; ignored.
Mar 05 23:59:01.426 [33] org.yamcs.management.ManagementService createProcessor WARNING:createProcessor called with invalid client id:14; ignored.
Mar 05 23:59:01.428 [33] org.yamcs.web.rest.Router handleException WARNING:R6: Sending nominal exception back to client: createProcessor invoked with a list full of invalid client ids
Mar 05 23:59:01.430 [33] org.yamcs.web.HttpRequestHandler sendError WARNING:POST /api/processors/yproctest0 400
log: Exception creating processor: BadRequestException : createProcessor invoked with a list full of invalid client ids
Tests run: 3, Failures: 0, Errors: 0, Skipped: 0, Time elapsed: 8.175 sec - in org.yamcs.management.ProcessorsTest
Running org.yamcs.parameter.ParameterCacheTest
Tests run: 5, Failures: 0, Errors: 0, Skipped: 1, Time elapsed: 0.113 sec - in org.yamcs.parameter.ParameterCacheTest
Running org.yamcs.parameter.ParameterValueListTest
Tests run: 5, Failures: 0, Errors: 0, Skipped: 0, Time elapsed: 0.132 sec - in org.yamcs.parameter.ParameterValueListTest
Running org.yamcs.parameter.SoftwareParameterManagerTest
Tests run: 1, Failures: 0, Errors: 0, Skipped: 0, Time elapsed: 2.475 sec - in org.yamcs.parameter.SoftwareParameterManagerTest
Running org.yamcs.parameter.SubsriptionArrayTest
Tests run: 1, Failures: 0, Errors: 0, Skipped: 0, Time elapsed: 0.055 sec - in org.yamcs.parameter.SubsriptionArrayTest
Running org.yamcs.parameter.ValueTest
Tests run: 1, Failures: 0, Errors: 0, Skipped: 1, Time elapsed: 0.058 sec - in org.yamcs.parameter.ValueTest
Running org.yamcs.parameterarchive.BooleanValueSegmentTest
Tests run: 1, Failures: 0, Errors: 0, Skipped: 0, Time elapsed: 0.058 sec - in org.yamcs.parameterarchive.BooleanValueSegmentTest
Running org.yamcs.parameterarchive.DoubleValueSegmentTest
Tests run: 1, Failures: 0, Errors: 0, Skipped: 0, Time elapsed: 0.064 sec - in org.yamcs.parameterarchive.DoubleValueSegmentTest
Running org.yamcs.parameterarchive.FloatValueSegmentTest
Tests run: 2, Failures: 0, Errors: 0, Skipped: 0, Time elapsed: 0.065 sec - in org.yamcs.parameterarchive.FloatValueSegmentTest
Running org.yamcs.parameterarchive.GenericValueSegmentTest
Tests run: 1, Failures: 0, Errors: 0, Skipped: 0, Time elapsed: 0.073 sec - in org.yamcs.parameterarchive.GenericValueSegmentTest
Running org.yamcs.parameterarchive.IntValueSegmentTest
Tests run: 3, Failures: 0, Errors: 0, Skipped: 0, Time elapsed: 0.075 sec - in org.yamcs.parameterarchive.IntValueSegmentTest
Running org.yamcs.parameterarchive.LongValueSegmentTest
Tests run: 2, Failures: 0, Errors: 0, Skipped: 0, Time elapsed: 0.073 sec - in org.yamcs.parameterarchive.LongValueSegmentTest
Running org.yamcs.parameterarchive.ObjectSegmentTest
Tests run: 4, Failures: 0, Errors: 0, Skipped: 0, Time elapsed: 0.217 sec - in org.yamcs.parameterarchive.ObjectSegmentTest
Running org.yamcs.parameterarchive.ParameterArchiveTest
Tests run: 5, Failures: 0, Errors: 0, Skipped: 0, Time elapsed: 13.106 sec - in org.yamcs.parameterarchive.ParameterArchiveTest
Running org.yamcs.parameterarchive.ParameterGroupIdMapTest
Tests run: 1, Failures: 0, Errors: 0, Skipped: 0, Time elapsed: 1.316 sec - in org.yamcs.parameterarchive.ParameterGroupIdMapTest
Running org.yamcs.parameterarchive.ParameterIdMapTest
Tests run: 1, Failures: 0, Errors: 0, Skipped: 0, Time elapsed: 1.811 sec - in org.yamcs.parameterarchive.ParameterIdMapTest
Running org.yamcs.parameterarchive.StringValueSegmentTest
Tests run: 1, Failures: 0, Errors: 0, Skipped: 0, Time elapsed: 0.073 sec - in org.yamcs.parameterarchive.StringValueSegmentTest
Running org.yamcs.parameterarchive.TestCompression
Tests run: 1, Failures: 0, Errors: 0, Skipped: 1, Time elapsed: 0.052 sec - in org.yamcs.parameterarchive.TestCompression
Running org.yamcs.parameterarchive.TestStructure
Tests run: 2, Failures: 0, Errors: 0, Skipped: 2, Time elapsed: 0.046 sec - in org.yamcs.parameterarchive.TestStructure
Running org.yamcs.parameterarchive.TimeSegmentTest
Tests run: 1, Failures: 0, Errors: 0, Skipped: 0, Time elapsed: 0.056 sec - in org.yamcs.parameterarchive.TimeSegmentTest
Running org.yamcs.security.PasswordHashTest
1000:2b72860508298a86d634951d026af103019e774aedfebddd:4d55f608856e29b458a1b9f2a97b0a7861919677746f1aa8
1000:9328184d7c59ea0b6fa5c2fdbac43772a22838772f30d0aa:536d11a50c0c786c038e284e286b4c8ca48a04e308f9f156
1000:2ebbd18127c892b6f0d75ecdc3e76db517fa057e8e9d7497:c602683309a2cf8c3feac1262713c0625c629697c9cae9d7
1000:703b077d45f549600ad68890651085da78b72bd33a6c95cf:11fafcc7d3c050754d07d5af9bee45498a574f28c1398c54
1000:ae8e504581f6bd125c03c7b5ee448c0e64c8a69adb913d61:11f857f71e9d70c4b5553557202f6df974df63140ea40003
1000:94d5434c1882cddec869b0b309375ecd3760ed360cacc223:fe8ad4eb5fe351a6a7e798e004ae44df9415051befbcac58
1000:31b727e4ac88205a0ff47d1367f066b62baf8833599141bf:96b5c98aa46c80c8cb81a333376b6cbcc44d50e93352ac5b
1000:022e3960882f679647e0c4081351f684ba3653416e395bd2:5a6c69d5feeb3162987e09997b9bd95f087b5b647d6b15a4
1000:13a70ba54a93b1eb25e9aa2f8f7c9a88c7a2b7306cb3b23a:d1b9b6f801599c3136ae19be309ac507d91154d217c161b5
1000:ba78e96350565cab6ab50d78eddb93933019d16aacc85fd7:4308d8a37d814c7e34735b242e8fb959a8a5689463f9eee9
Running tests...
Tests run: 1, Failures: 0, Errors: 0, Skipped: 0, Time elapsed: 1.379 sec - in org.yamcs.security.PasswordHashTest
Running org.yamcs.tctm.TcpTcUplinkerTest
Tests run: 1, Failures: 0, Errors: 0, Skipped: 0, Time elapsed: 0.537 sec - in org.yamcs.tctm.TcpTcUplinkerTest
Running org.yamcs.tctm.TmFileReaderTest
Tests run: 2, Failures: 0, Errors: 0, Skipped: 0, Time elapsed: 0.158 sec - in org.yamcs.tctm.TmFileReaderTest
Running org.yamcs.ui.eventviewer.UtilsTest
Tests run: 3, Failures: 0, Errors: 0, Skipped: 0, Time elapsed: 0.057 sec - in org.yamcs.ui.eventviewer.UtilsTest
Running org.yamcs.utils.SortedIntArrayTest
s2 encoded: [-1, 5, 20]
Tests run: 10, Failures: 0, Errors: 0, Skipped: 1, Time elapsed: 0.063 sec - in org.yamcs.utils.SortedIntArrayTest
Running org.yamcs.utils.TestBitBuffer
Tests run: 3, Failures: 0, Errors: 0, Skipped: 0, Time elapsed: 0.041 sec - in org.yamcs.utils.TestBitBuffer
Running org.yamcs.utils.TimeEncodingTest
max = 185539080470436999
5881469-05-27T23:59:59.999
Tests run: 2, Failures: 0, Errors: 0, Skipped: 0, Time elapsed: 0.093 sec - in org.yamcs.utils.TimeEncodingTest
Running org.yamcs.utils.VarIntUtilTest
Tests run: 3, Failures: 0, Errors: 0, Skipped: 0, Time elapsed: 0.064 sec - in org.yamcs.utils.VarIntUtilTest
Running org.yamcs.web.rest.RestRequestTest
Tests run: 5, Failures: 0, Errors: 0, Skipped: 0, Time elapsed: 0.138 sec - in org.yamcs.web.rest.RestRequestTest
Running org.yamcs.web.rest.RouterTest
Tests run: 10, Failures: 0, Errors: 0, Skipped: 0, Time elapsed: 0.398 sec - in org.yamcs.web.rest.RouterTest
Running org.yamcs.web.rest.archive.RestDownsamplerTest
Tests run: 1, Failures: 0, Errors: 0, Skipped: 0, Time elapsed: 0.124 sec - in org.yamcs.web.rest.archive.RestDownsamplerTest
Running org.yamcs.web.rest.mdb.NameDescriptionSearchMatcherTest
Tests run: 1, Failures: 0, Errors: 0, Skipped: 0, Time elapsed: 0.42 sec - in org.yamcs.web.rest.mdb.NameDescriptionSearchMatcherTest
Running org.yamcs.web.rest.mdb.XtceToGpbAssemblerTest
Tests run: 3, Failures: 0, Errors: 0, Skipped: 0, Time elapsed: 0.51 sec - in org.yamcs.web.rest.mdb.XtceToGpbAssemblerTest
Running org.yamcs.xtce.SpreadsheetLoaderTest
Tests run: 5, Failures: 0, Errors: 0, Skipped: 0, Time elapsed: 0.588 sec - in org.yamcs.xtce.SpreadsheetLoaderTest
Running org.yamcs.xtceproc.XtceCommandEncodingTest
command buffer: 0B0A1200
Tests run: 11, Failures: 0, Errors: 0, Skipped: 0, Time elapsed: 0.923 sec - in org.yamcs.xtceproc.XtceCommandEncodingTest
Running org.yamcs.xtceproc.XtceDbFactoryTest
Tests run: 3, Failures: 0, Errors: 0, Skipped: 0, Time elapsed: 0.762 sec - in org.yamcs.xtceproc.XtceDbFactoryTest
Running org.yamcs.xtceproc.XtceTmExtractorTest
Mar 05 23:59:48.159 [1] org.yamcs.xtceproc.ParameterTypeProcessor calibrateInteger WARNING:StringIntTermPara1_5_2: failed to parse string 'invalidint' to long
Mar 05 23:59:48.180 [1] org.yamcs.xtceproc.ParameterTypeProcessor calibrateEnumerated WARNING:StringIntTermPara20_1: failed to parse string 'invalidlong' to long
Mar 05 23:59:48.184 [1] org.yamcs.xtceproc.ParameterTypeProcessor calibrateFloat WARNING:StringFloatTSCPara1_4_2: failed to parse string 'invalidfloat' to double
Tests run: 21, Failures: 0, Errors: 0, Skipped: 0, Time elapsed: 0.594 sec - in org.yamcs.xtceproc.XtceTmExtractorTest
Running org.yamcs.yarch.ConcurrencyTest
Tests run: 2, Failures: 0, Errors: 0, Skipped: 0, Time elapsed: 26.805 sec - in org.yamcs.yarch.ConcurrencyTest
Running org.yamcs.yarch.DynamicSchemaTableTest
values: [v1 INT, v2 INT, v3 INT]
Tests run: 4, Failures: 0, Errors: 0, Skipped: 0, Time elapsed: 0.597 sec - in org.yamcs.yarch.DynamicSchemaTableTest
Running org.yamcs.yarch.EnumTest
Tests run: 6, Failures: 0, Errors: 0, Skipped: 0, Time elapsed: 1.022 sec - in org.yamcs.yarch.EnumTest
Running org.yamcs.yarch.EnumWithPartitionTest
Tests run: 8, Failures: 0, Errors: 0, Skipped: 0, Time elapsed: 0.854 sec - in org.yamcs.yarch.EnumWithPartitionTest
Running org.yamcs.yarch.HistogramSegmentTest
Tests run: 10, Failures: 0, Errors: 0, Skipped: 0, Time elapsed: 0.166 sec - in org.yamcs.yarch.HistogramSegmentTest
Running org.yamcs.yarch.HistogramStreamTest
Tests run: 8, Failures: 0, Errors: 0, Skipped: 2, Time elapsed: 2.69 sec - in org.yamcs.yarch.HistogramStreamTest
Running org.yamcs.yarch.StandaloneStreamTest
Tests run: 1, Failures: 0, Errors: 0, Skipped: 0, Time elapsed: 0.3 sec - in org.yamcs.yarch.StandaloneStreamTest
Running org.yamcs.yarch.StarSelectTest
Tests run: 1, Failures: 0, Errors: 0, Skipped: 0, Time elapsed: 0.439 sec - in org.yamcs.yarch.StarSelectTest
Running org.yamcs.yarch.StreamMergeTest
Tests run: 4, Failures: 0, Errors: 0, Skipped: 0, Time elapsed: 2.614 sec - in org.yamcs.yarch.StreamMergeTest
Running org.yamcs.yarch.StreamSelect1Test
Tests run: 2, Failures: 0, Errors: 0, Skipped: 0, Time elapsed: 0.56 sec - in org.yamcs.yarch.StreamSelect1Test
Running org.yamcs.yarch.StreamSelect2Test
Tests run: 8, Failures: 0, Errors: 0, Skipped: 0, Time elapsed: 3.85 sec - in org.yamcs.yarch.StreamSelect2Test
Running org.yamcs.yarch.StreamSelectPerfTest
Tests run: 1, Failures: 0, Errors: 0, Skipped: 0, Time elapsed: 2.157 sec - in org.yamcs.yarch.StreamSelectPerfTest
Running org.yamcs.yarch.StreamSelectTest
Tests run: 3, Failures: 0, Errors: 0, Skipped: 0, Time elapsed: 0.767 sec - in org.yamcs.yarch.StreamSelectTest
Running org.yamcs.yarch.StreamSqlParserTest
Tests run: 3, Failures: 0, Errors: 0, Skipped: 0, Time elapsed: 0.393 sec - in org.yamcs.yarch.StreamSqlParserTest
Running org.yamcs.yarch.TableDefinitionSerializationTest
Tests run: 4, Failures: 0, Errors: 0, Skipped: 0, Time elapsed: 1.054 sec - in org.yamcs.yarch.TableDefinitionSerializationTest
Running org.yamcs.yarch.rocksdb.HistogramRebuilderTest
Tests run: 3, Failures: 0, Errors: 0, Skipped: 0, Time elapsed: 1.409 sec - in org.yamcs.yarch.rocksdb.HistogramRebuilderTest
Running org.yamcs.yarch.rocksdb.PartitionManagerTest
Tests run: 5, Failures: 0, Errors: 0, Skipped: 0, Time elapsed: 1.128 sec - in org.yamcs.yarch.rocksdb.PartitionManagerTest
Running org.yamcs.yarch.rocksdb.PartitioningTest
Tests run: 6, Failures: 0, Errors: 0, Skipped: 0, Time elapsed: 2.12 sec - in org.yamcs.yarch.rocksdb.PartitioningTest
Running org.yamcs.yarch.rocksdb.RDBFactoryTest
Tests run: 2, Failures: 0, Errors: 0, Skipped: 0, Time elapsed: 6.262 sec - in org.yamcs.yarch.rocksdb.RDBFactoryTest
Running org.yamcs.yarch.rocksdb.RdbEngineTest
Tests run: 1, Failures: 0, Errors: 0, Skipped: 0, Time elapsed: 0.355 sec - in org.yamcs.yarch.rocksdb.RdbEngineTest
Running org.yamcs.yarch.rocksdb.RdbSelectPerfTest
Tests run: 1, Failures: 0, Errors: 0, Skipped: 1, Time elapsed: 0.019 sec - in org.yamcs.yarch.rocksdb.RdbSelectPerfTest
Running org.yamcs.yarch.rocksdb.RdbSelectTest
Tests run: 14, Failures: 0, Errors: 0, Skipped: 0, Time elapsed: 2.398 sec - in org.yamcs.yarch.rocksdb.RdbSelectTest
Running org.yamcs.yarch.rocksdb.TagsTest
Tests run: 1, Failures: 0, Errors: 0, Skipped: 0, Time elapsed: 0.712 sec - in org.yamcs.yarch.rocksdb.TagsTest

Results :

Failed tests: 
  PermissionsTest.testPermissionArchive:56 expected:<2> but was:<100>
Tests in error: 
  ParameterArchiveIntegrationTest.testRestRetrieval:67 » Execution org.yamcs.api...

Tests run: 312, Failures: 1, Errors: 1, Skipped: 13

[INFO] ------------------------------------------------------------------------
[INFO] Reactor Summary:
[INFO] 
[INFO] Yamcs .............................................. SUCCESS [  0.048 s]
[INFO] Yamcs API .......................................... SUCCESS [  2.345 s]
[INFO] Yamcs XTCE ......................................... SUCCESS [  0.787 s]
[INFO] Yamcs Core ......................................... FAILURE [04:03 min]
[INFO] Yamcs Simulation ................................... SKIPPED
[INFO] ------------------------------------------------------------------------
[INFO] BUILD FAILURE
[INFO] ------------------------------------------------------------------------
[INFO] Total time: 04:07 min
[INFO] Finished at: 2022-03-06T00:01:01+00:00
[INFO] Final Memory: 12M/291M
[INFO] ------------------------------------------------------------------------
[ERROR] Failed to execute goal org.apache.maven.plugins:maven-surefire-plugin:2.19.1:test (default-test) on project yamcs-core: There are test failures.
[ERROR] 
[ERROR] Please refer to /home/travis/build/failed/yamcs/yamcs/yamcs-core/target/surefire-reports for the individual test results.
[ERROR] -> [Help 1]
[ERROR] 
[ERROR] To see the full stack trace of the errors, re-run Maven with the -e switch.
[ERROR] Re-run Maven using the -X switch to enable full debug logging.
[ERROR] 
[ERROR] For more information about the errors and possible solutions, please read the following articles:
[ERROR] [Help 1] http://cwiki.apache.org/confluence/display/MAVEN/MojoFailureException
[ERROR] 
[ERROR] After correcting the problems, you can resume the build with the command
[ERROR]   mvn <goals> -rf :yamcs-core

travis_time:end:00c889ac:start=1646524612832862290,finish=1646524861451957140,duration=248619094850[0K
[31;1mThe command "mvn -Dhttps.protocols=TLSv1.2 -Dsurefire.useFile=false test" exited with 1.[0m
travis_fold:start:cache.2[0Kstore build cache
travis_time:start:159411f4[0K
travis_time:end:159411f4:start=1646524861463864792,finish=1646524861472308684,duration=8443892[0Ktravis_time:start:0e81bc1a[0K/home/travis/.casher/bin/casher:190: warning: Insecure world writable dir /home/travis/build/failed/yamcs/yamcs/. in PATH, mode 040777
[32;1mchanges detected, packing new archive[0m
/home/travis/.casher/bin/casher:213:in `cache_archive_name': undefined method `[]' for nil:NilClass (NoMethodError)
	from /home/travis/.casher/bin/casher:143:in `push'
	from /home/travis/.casher/bin/casher:53:in `block in run'
	from /home/travis/.rvm/rubies/ruby-1.9.3-p551/lib/ruby/1.9.1/timeout.rb:69:in `timeout'
	from /home/travis/.casher/bin/casher:53:in `run'
	from /home/travis/.casher/bin/casher:263:in `<main>'
.

travis_time:end:0e81bc1a:start=1646524861482678581,finish=1646524871314125504,duration=9831446923[0Ktravis_fold:end:cache.2[0K
Done. Your build exited with 1.
