travis_time:start:250d0e38[0Ktravis_time:end:250d0e38:start=1641644538808014227,finish=1641644539136448426,duration=328434199,event=no_world_writable_dirs[0Ktravis_time:start:058c9cfb[0Ktravis_time:end:058c9cfb:start=1641644539146136630,finish=1641644539152257313,duration=6120683,event=check_unsupported[0Ktravis_time:start:007e83c6[0Ktravis_fold:start:system_info[0K[33;1mBuild system information[0m
Build language: java
Build group: stable
Build dist: xenial
Build id: ''
Job id: ''
Runtime kernel version: 4.15.0-109-generic
[34m[1mBuild image provisioning date and time[0m
Fri Aug  2 14:20:18 UTC 2019
[34m[1mOperating System Details[0m
Distributor ID:	Ubuntu
Description:	Ubuntu 16.04.6 LTS
Release:	16.04
Codename:	xenial
[34m[1mSystemd Version[0m
systemd 229
[34m[1mCookbooks Version[0m
790f512 https://github.com/travis-ci/travis-cookbooks/tree/790f512
[34m[1mgit version[0m
git version 2.22.0
[34m[1mbash version[0m
GNU bash, version 4.3.48(1)-release (x86_64-pc-linux-gnu)
[34m[1mgcc version[0m
gcc (Ubuntu 5.4.0-6ubuntu1~16.04.11) 5.4.0 20160609
[34m[1mdocker version[0m
Client:
 Version:           18.06.1-ce
 API version:       1.38
 Go version:        go1.10.3
 Git commit:        e68fc7a
 Built:             Tue Aug 21 17:20:43 2018
 OS/Arch:           linux/amd64
 Experimental:      false
[34m[1mclang version[0m
clang version 7.0.0 (tags/RELEASE_700/final)
[34m[1mjq version[0m
jq-1.5
[34m[1mbats version[0m
Bats 0.4.0
[34m[1mshellcheck version[0m
0.6.0
[34m[1mshfmt version[0m
v2.6.3
[34m[1mccache version[0m
3.2.4
[34m[1mcmake version[0m
cmake version 3.12.4
[34m[1mheroku version[0m
heroku/7.27.1 linux-x64 node-v11.14.0
[34m[1mimagemagick version[0m
Version: ImageMagick 6.8.9-9 Q16 x86_64 2019-06-15 http://www.imagemagick.org
[34m[1mmd5deep version[0m
4.4
[34m[1mmercurial version[0m
version 4.8
[34m[1mmysql version[0m
mysql  Ver 14.14 Distrib 5.7.27, for Linux (x86_64) using  EditLine wrapper
[34m[1mopenssl version[0m
OpenSSL 1.0.2g  1 Mar 2016
[34m[1mpacker version[0m
1.3.3
[34m[1mpostgresql client version[0m
psql (PostgreSQL) 10.9 (Ubuntu 10.9-1.pgdg16.04+1)
[34m[1mragel version[0m
Ragel State Machine Compiler version 6.8 Feb 2013
[34m[1msudo version[0m
1.8.16
[34m[1mgzip version[0m
gzip 1.6
[34m[1mzip version[0m
Zip 3.0
[34m[1mvim version[0m
VIM - Vi IMproved 7.4 (2013 Aug 10, compiled Jun 07 2019 15:35:43)
[34m[1miptables version[0m
iptables v1.6.0
[34m[1mcurl version[0m
curl 7.47.0 (x86_64-pc-linux-gnu) libcurl/7.47.0 GnuTLS/3.4.10 zlib/1.2.8 libidn/1.32 librtmp/2.3
[34m[1mwget version[0m
GNU Wget 1.17.1 built on linux-gnu.
[34m[1mrsync version[0m
rsync  version 3.1.1  protocol version 31
[34m[1mgimme version[0m
v1.5.3
[34m[1mnvm version[0m
0.34.0
[34m[1mperlbrew version[0m
/home/travis/perl5/perlbrew/bin/perlbrew  - App::perlbrew/0.86
[34m[1mphpenv version[0m
rbenv 1.1.2-2-g4e92322
[34m[1mrvm version[0m
rvm 1.29.9 (latest) by Michal Papis, Piotr Kuczynski, Wayne E. Seguin [https://rvm.io]
[34m[1mdefault ruby version[0m
ruby 2.5.3p105 (2018-10-18 revision 65156) [x86_64-linux]
[34m[1mCouchDB version[0m
couchdb 1.6.1
[34m[1mElasticSearch version[0m
5.5.0
[34m[1mInstalled Firefox version[0m
firefox 63.0.1
[34m[1mMongoDB version[0m
MongoDB 4.0.11
[34m[1mPhantomJS version[0m
2.1.1
[34m[1mPre-installed PostgreSQL versions[0m
9.4.23
9.5.18
9.6.14
[34m[1mRedis version[0m
redis-server 5.0.5
[34m[1mPre-installed Go versions[0m
1.11.1
[34m[1mant version[0m
Apache Ant(TM) version 1.9.6 compiled on July 20 2018
[34m[1mmvn version[0m
Apache Maven 3.6.0 (97c98ec64a1fdfee7767ce5ffb20918da4f719f3; 2018-10-24T18:41:47Z)
[34m[1mgradle version[0m
Gradle 5.1.1!
[34m[1mlein version[0m
Leiningen 2.9.1 on Java 11.0.2 OpenJDK 64-Bit Server VM
[34m[1mPre-installed Node.js versions[0m
v10.16.1
v11.0.0
v4.9.1
v6.17.1
v8.12.0
v8.16.0
v8.9
[34m[1mphpenv versions[0m
  system
  5.6
  5.6.40
  7.1
  7.1.27
  7.2
* 7.2.15 (set by /home/travis/.phpenv/version)
  hhvm
  hhvm-stable
[34m[1mcomposer --version[0m
Composer version 1.8.4 2019-02-11 10:52:10
[34m[1mPre-installed Ruby versions[0m
ruby-2.3.8
ruby-2.4.5
ruby-2.5.3
travis_fold:end:system_info[0K
travis_time:end:007e83c6:start=1641644539159394780,finish=1641644539168995447,duration=9600667,event=show_system_info[0Ktravis_time:start:22c444ad[0Ktravis_time:end:22c444ad:start=1641644539175790618,finish=1641644539200179184,duration=24388566,event=rm_riak_source[0Ktravis_time:start:173a0096[0Ktravis_time:end:173a0096:start=1641644539208020676,finish=1641644539222352880,duration=14332204,event=fix_rwky_redis[0Ktravis_time:start:0125a7b0[0K[31;1mTimeout waiting for network availability.[0m
travis_time:end:0125a7b0:start=1641644539230339285,finish=1641644559959316168,duration=20728976883,event=wait_for_network[0Ktravis_time:start:13d25a36[0Ktravis_time:end:13d25a36:start=1641644559965763330,finish=1641644560290591531,duration=324828201,event=update_apt_keys[0Ktravis_time:start:0046ca2b[0Ktravis_time:end:0046ca2b:start=1641644560299190999,finish=1641644560398031602,duration=98840603,event=fix_hhvm_source[0Ktravis_time:start:01dde858[0Ktravis_time:end:01dde858:start=1641644560406133363,finish=1641644560413467934,duration=7334571,event=update_mongo_arch[0Ktravis_time:start:0bcf31fc[0Ktravis_time:end:0bcf31fc:start=1641644560421545508,finish=1641644560493986198,duration=72440690,event=fix_sudo_enabled_trusty[0Ktravis_time:start:03ac6724[0Ktravis_time:end:03ac6724:start=1641644560502217328,finish=1641644560522224684,duration=20007356,event=clean_up_path[0Ktravis_time:start:11611ec9[0Ktravis_time:end:11611ec9:start=1641644560528428131,finish=1641644560543283285,duration=14855154,event=fix_resolv_conf[0Ktravis_time:start:29451d40[0Ktravis_time:end:29451d40:start=1641644560550104891,finish=1641644560569844361,duration=19739470,event=fix_etc_hosts[0Ktravis_time:start:07be4a87[0Ktravis_time:end:07be4a87:start=1641644560577352001,finish=1641644560956289799,duration=378937798,event=fix_mvn_settings_xml[0Ktravis_time:start:07bbf46d[0Ktravis_time:end:07bbf46d:start=1641644560964100290,finish=1641644560981062305,duration=16962015,event=no_ipv6_localhost[0Ktravis_time:start:09e8f01a[0Ktravis_time:end:09e8f01a:start=1641644560988302847,finish=1641644560992923667,duration=4620820,event=fix_etc_mavenrc[0Ktravis_time:start:01ec702a[0Ktravis_time:end:01ec702a:start=1641644560999391752,finish=1641644561005812829,duration=6421077,event=fix_wwdr_certificate[0Ktravis_time:start:1061e5a6[0Ktravis_time:end:1061e5a6:start=1641644561012253134,finish=1641644561057429597,duration=45176463,event=put_localhost_first[0Ktravis_time:start:1724a6e0[0Ktravis_time:end:1724a6e0:start=1641644561064608060,finish=1641644561069892901,duration=5284841,event=home_paths[0Ktravis_time:start:15f55c20[0Ktravis_time:end:15f55c20:start=1641644561076555063,finish=1641644561230078204,duration=153523141,event=disable_initramfs[0Ktravis_time:start:18f8ed0b[0Ktravis_time:end:18f8ed0b:start=1641644561236430932,finish=1641644561439662453,duration=203231521,event=disable_ssh_roaming[0Ktravis_time:start:1aa41a45[0Ktravis_time:end:1aa41a45:start=1641644561447152403,finish=1641644561452333868,duration=5181465,event=debug_tools[0Ktravis_time:start:08439f10[0Ktravis_time:end:08439f10:start=1641644561459760765,finish=1641644561467368895,duration=7608130,event=uninstall_oclint[0Ktravis_time:start:0a8f9210[0Ktravis_time:end:0a8f9210:start=1641644561473958639,finish=1641644561480588100,duration=6629461,event=rvm_use[0Ktravis_time:start:106c2fcb[0Ktravis_time:end:106c2fcb:start=1641644561487012093,finish=1641644561502644482,duration=15632389,event=rm_etc_boto_cfg[0Ktravis_time:start:12677f9c[0Ktravis_time:end:12677f9c:start=1641644561511392426,finish=1641644561516679254,duration=5286828,event=rm_oraclejdk8_symlink[0Ktravis_time:start:0cc3a788[0Ktravis_time:end:0cc3a788:start=1641644561523759468,finish=1641644561833261686,duration=309502218,event=enable_i386[0Ktravis_time:start:07f71cbc[0Ktravis_time:end:07f71cbc:start=1641644561839212705,finish=1641644561846512047,duration=7299342,event=update_rubygems[0Ktravis_time:start:2706aeea[0Ktravis_time:end:2706aeea:start=1641644561853261842,finish=1641644563029884237,duration=1176622395,event=ensure_path_components[0Ktravis_time:start:11a7b0f6[0Ktravis_time:end:11a7b0f6:start=1641644563037903129,finish=1641644563043554403,duration=5651274,event=redefine_curl[0Ktravis_time:start:09c7dd2c[0Ktravis_time:end:09c7dd2c:start=1641644563051842007,finish=1641644563057755257,duration=5913250,event=nonblock_pipe[0Ktravis_time:start:02faf07e[0Ktravis_time:end:02faf07e:start=1641644563065127991,finish=1641644576007639861,duration=12942511870,event=apt_get_update[0Ktravis_time:start:314d899c[0Ktravis_time:end:314d899c:start=1641644576015670507,finish=1641644576021398494,duration=5727987,event=deprecate_xcode_64[0Ktravis_time:start:03dfe72a[0Ktravis_time:end:03dfe72a:start=1641644576029151686,finish=1641644582203961828,duration=6174810142,event=update_heroku[0Ktravis_time:start:2a1fd7c4[0Ktravis_time:end:2a1fd7c4:start=1641644582211627635,finish=1641644582216683676,duration=5056041,event=shell_session_update[0Ktravis_time:start:03680008[0Ktravis_fold:start:docker_mtu[0Ktee: /etc/docker/daemon.json: No such file or directory
docker: unrecognized service
travis_fold:end:docker_mtu[0Ktravis_time:end:03680008:start=1641644582223772633,finish=1641644582263687614,duration=39914981,event=set_docker_mtu[0Ktravis_time:start:00cb3138[0Ktravis_time:end:00cb3138:start=1641644582269503994,finish=1641644582287203767,duration=17699773,event=resolvconf[0Ktravis_time:start:01acdc5e[0Ktravis_time:end:01acdc5e:start=1641644582293518541,finish=1641644582430124066,duration=136605525,event=maven_https[0K
travis_fold:start:install_jdk[0K[33;1mInstalling oraclejdk11[0m
$ export JAVA_HOME=~/oraclejdk11
$ export PATH="$JAVA_HOME/bin:$PATH"
$ ~/bin/install-jdk.sh --target "/home/travis/oraclejdk11" --workspace "/home/travis/.cache/install-jdk" --feature "11" --license "BCL"
Ignoring license option: BCL -- using GPLv2+CE by default
install-jdk.sh 2020-06-02
Variables:
  feature = 11
       os = linux-x64
      url = https://download.java.net/java/GA/jdk11/9/GPL/openjdk-11.0.2_linux-x64_bin.tar.gz
   status = 200
Downloading JDK from https://download.java.net/java/GA/jdk11/9/GPL/openjdk-11.0.2_linux-x64_bin.tar.gz...
Using custom target: /home/travis/oraclejdk11
Picked up _JAVA_OPTIONS: -Xmx2048m -Xms512m
openjdk version "11.0.2" 2019-01-15
OpenJDK Runtime Environment 18.9 (build 11.0.2+9)
OpenJDK 64-Bit Server VM 18.9 (build 11.0.2+9, mixed mode)
travis_fold:end:install_jdk[0Ktravis_time:start:00bf48f1[0Ktravis_time:end:00bf48f1:start=1641644593275925436,finish=1641644593280123045,duration=4197609,event=fix_ps4[0Ktravis_time:start:00081eb1[0K
$ cd failed/alibaba/canal

travis_time:end:00081eb1:start=1641644593285992728,finish=1641644593374340580,duration=88347852,event=checkout[0Ktravis_time:start:0e279037[0Ktravis_time:end:0e279037:start=1641644593381487325,finish=1641644593604839686,duration=223352361,event=env[0Ktravis_fold:start:cache.1[0KSetting up build cache
$ export CASHER_DIR=${TRAVIS_HOME}/.casher
travis_time:start:2201d3c0[0K$ Installing caching utilities
curl: (6) Could not resolve host: https

[31;1mThe command "eval curl -sf  -o $CASHER_DIR/bin/casher https:///files/casher " failed. Retrying, 2 of 3.[0m

curl: (6) Could not resolve host: https

[31;1mThe command "eval curl -sf  -o $CASHER_DIR/bin/casher https:///files/casher " failed. Retrying, 3 of 3.[0m

curl: (6) Could not resolve host: https

[31;1mThe command "eval curl -sf  -o $CASHER_DIR/bin/casher https:///files/casher " failed 3 times.[0m

travis_time:end:2201d3c0:start=1641644594801891906,finish=1641644606986480789,duration=12184588883,event=setup_casher[0Ktravis_time:start:179a2cb5[0K$ Installing caching utilities from the Travis CI server (https:///files/casher) failed, failing over to using GitHub (https://raw.githubusercontent.com/travis-ci/casher/bash/bin/casher)
travis_time:end:179a2cb5:start=1641644606994478620,finish=1641644607162511087,duration=168032467,event=setup_casher[0Ktravis_time:start:0c047b3e[0Ktravis_time:end:0c047b3e:start=1641644607173406173,finish=1641644607179476038,duration=6069865,event=setup_casher[0Ktravis_time:start:0f1d09c0[0Kattempting to download cache archive[0m
[31;1mcould not download cache[0m
travis_time:end:0f1d09c0:start=1641644607187624830,finish=1641644608801291277,duration=1613666447,event=setup_casher[0Ktravis_time:start:0d192e78[0Ktravis_time:end:0d192e78:start=1641644608809237180,finish=1641644608814780413,duration=5543233,event=setup_casher[0Ktravis_time:start:02eec9da[0Kadding /home/travis/.m2 to cache[0m
travis_time:end:02eec9da:start=1641644608822475912,finish=1641644680459625473,duration=71637149561,event=setup_casher[0Ktravis_fold:end:cache.1[0K
$ java -Xmx32m -version
Picked up _JAVA_OPTIONS: -Xmx2048m -Xms512m
openjdk version "11.0.2" 2019-01-15
OpenJDK Runtime Environment 18.9 (build 11.0.2+9)
OpenJDK 64-Bit Server VM 18.9 (build 11.0.2+9, mixed mode)
$ javac -J-Xmx32m -version
Picked up _JAVA_OPTIONS: -Xmx2048m -Xms512m
javac 11.0.2
travis_fold:start:install[0Ktravis_time:start:14d6e34c[0K$ true
travis_time:end:14d6e34c:start=1641644680784636947,finish=1641644680788577513,duration=3940566,event=install[0Ktravis_fold:end:install[0Ktravis_time:start:00edc580[0K$ travis_wait 30 ./mvnw clean install -DskipTests=false -Dcheckstyle.skip=true -Dmaven.javadoc.skip=true


Still running (1 of 30): ./mvnw clean install -DskipTests=false -Dcheckstyle.skip=true -Dmaven.javadoc.skip=true
[31;1mThe command ./mvnw clean install -DskipTests=false -Dcheckstyle.skip=true -Dmaven.javadoc.skip=true exited with 1.[0m

[32;1mLog:[0m

Picked up _JAVA_OPTIONS: -Xmx2048m -Xms512m
[[1;34mINFO[m] Scanning for projects...
WARNING: An illegal reflective access operation has occurred
WARNING: Illegal reflective access by org.codehaus.groovy.reflection.CachedClass (file:/home/travis/.m2/repository/org/codehaus/groovy/groovy-all/2.4.14/groovy-all-2.4.14.jar) to method java.lang.Object.finalize()
WARNING: Please consider reporting this to the maintainers of org.codehaus.groovy.reflection.CachedClass
WARNING: Use --illegal-access=warn to enable warnings of further illegal reflective access operations
WARNING: All illegal access operations will be denied in a future release
[[1;34mINFO[m] --- tiles-maven-plugin: Injecting 1 tiles as intermediary parent artifacts for com.alibaba.otter:canal-admin-server...
[[1;34mINFO[m] Mixed 'null:canal-admin-server:null' with tile 'io.ebean.tile:enhancement:11.41.1' as its new parent.
[[1;34mINFO[m] Explicitly set groupId to 'com.alibaba.otter' from original parent 'com.alibaba.otter:canal-admin:1.1.4-SNAPSHOT'.
[[1;34mINFO[m] Explicitly set version to '1.1.4-SNAPSHOT' from original parent 'com.alibaba.otter:canal-admin:1.1.4-SNAPSHOT'.
[[1;34mINFO[m] Mixed 'io.ebean.tile:enhancement:11.41.1' with original parent 'com.alibaba.otter:canal-admin:1.1.4-SNAPSHOT' as its new top level parent.
[[1;34mINFO[m] 
[[1;34mINFO[m] [1m------------------------------------------------------------------------[m
[[1;34mINFO[m] [1mReactor Build Order:[m
[[1;34mINFO[m] 
[[1;34mINFO[m] canal module for otter 1.1.4-SNAPSHOT
[[1;34mINFO[m] canal common module for otter 1.1.4-SNAPSHOT
[[1;34mINFO[m] canal protocol module for otter 1.1.4-SNAPSHOT
[[1;34mINFO[m] canal meta module for otter 1.1.4-SNAPSHOT
[[1;34mINFO[m] canal driver module for otter 1.1.4-SNAPSHOT
[[1;34mINFO[m] canal dbsync module for otter 1.1.4-SNAPSHOT
[[1;34mINFO[m] canal sink module for otter 1.1.4-SNAPSHOT
[[1;34mINFO[m] canal store module for otter 1.1.4-SNAPSHOT
[[1;34mINFO[m] canal sink module for otter 1.1.4-SNAPSHOT
[[1;34mINFO[m] canal parse module for otter 1.1.4-SNAPSHOT
[[1;34mINFO[m] canal instance core module for otter 1.1.4-SNAPSHOT
[[1;34mINFO[m] canal instance spring module for otter 1.1.4-SNAPSHOT
[[1;34mINFO[m] canal instance manager module for otter 1.1.4-SNAPSHOT
[[1;34mINFO[m] canal instance module for otter 1.1.4-SNAPSHOT
[[1;34mINFO[m] canal server module for otter 1.1.4-SNAPSHOT
[[1;34mINFO[m] canal client module for otter 1.1.4-SNAPSHOT
[[1;34mINFO[m] canal prometheus module for otter 1.1.4-SNAPSHOT
[[1;34mINFO[m] canal deployer module for otter 1.1.4-SNAPSHOT
[[1;34mINFO[m] canal example module for otter 1.1.4-SNAPSHOT
[[1;34mINFO[m] canal client adapter module for otter 1.1.4-SNAPSHOT
[[1;34mINFO[m] canal client adapter common module for otter 1.1.4-SNAPSHOT
[[1;34mINFO[m] canal client adapter logger example module for otter 1.1.4-SNAPSHOT
[[1;34mINFO[m] canal client adapter hbase module for otter 1.1.4-SNAPSHOT
[[1;34mINFO[m] canal client adapter elasticsearch module for otter 1.1.4-SNAPSHOT
[[1;34mINFO[m] canal client adapter rdb module for otter 1.1.4-SNAPSHOT
[[1;34mINFO[m] canal client adapter launcher module for otter 1.1.4-SNAPSHOT
[[1;34mINFO[m] canal-admin
[[1;34mINFO[m] canal-admin-ui
[[1;34mINFO[m] canal-admin-server
[[1;34mINFO[m] 
[[1;34mINFO[m] [1m------------------------------------------------------------------------[m
[[1;34mINFO[m] [1mBuilding canal module for otter 1.1.4-SNAPSHOT 1.1.4-SNAPSHOT[m
[[1;34mINFO[m] [1m------------------------------------------------------------------------[m
[[1;34mINFO[m] 
[[1;34mINFO[m] [1m--- [0;32mmaven-clean-plugin:2.5:clean[m [1m(default-clean)[m @ [36mcanal[0;1m ---[m
[[1;34mINFO[m] 
[[1;34mINFO[m] [1m--- [0;32mmaven-enforcer-plugin:1.0:enforce[m [1m(enforce-maven)[m @ [36mcanal[0;1m ---[m
[[1;34mINFO[m] 
[[1;34mINFO[m] [1m--- [0;32mjacoco-maven-plugin:0.8.3:prepare-agent[m [1m(jacoco-initialize)[m @ [36mcanal[0;1m ---[m
[[1;34mINFO[m] jacocoArgLine set to -javaagent:/home/travis/.m2/repository/org/jacoco/org.jacoco.agent/0.8.3/org.jacoco.agent-0.8.3-runtime.jar=destfile=/home/travis/build/failed/alibaba/canal/target/jacoco.exec
[[1;34mINFO[m] 
[[1;34mINFO[m] [1m>>> [0;32mmaven-source-plugin:2.4:jar[m [1m(attach-sources)[0;1m > [0;1mgenerate-sources[m @ [36mcanal[0;1m >>>[m
[[1;34mINFO[m] 
[[1;34mINFO[m] [1m--- [0;32mmaven-enforcer-plugin:1.0:enforce[m [1m(enforce-maven)[m @ [36mcanal[0;1m ---[m
[[1;34mINFO[m] 
[[1;34mINFO[m] [1m--- [0;32mjacoco-maven-plugin:0.8.3:prepare-agent[m [1m(jacoco-initialize)[m @ [36mcanal[0;1m ---[m
[[1;34mINFO[m] jacocoArgLine set to -javaagent:/home/travis/.m2/repository/org/jacoco/org.jacoco.agent/0.8.3/org.jacoco.agent-0.8.3-runtime.jar=destfile=/home/travis/build/failed/alibaba/canal/target/jacoco.exec
[[1;34mINFO[m] 
[[1;34mINFO[m] [1m<<< [0;32mmaven-source-plugin:2.4:jar[m [1m(attach-sources)[0;1m < [0;1mgenerate-sources[m @ [36mcanal[0;1m <<<[m
[[1;34mINFO[m] 
[[1;34mINFO[m] 
[[1;34mINFO[m] [1m--- [0;32mmaven-source-plugin:2.4:jar[m [1m(attach-sources)[m @ [36mcanal[0;1m ---[m
[[1;34mINFO[m] 
[[1;34mINFO[m] [1m--- [0;32mmaven-javadoc-plugin:2.9.1:jar[m [1m(attach-javadocs)[m @ [36mcanal[0;1m ---[m
[[1;34mINFO[m] Skipping javadoc generation
[[1;34mINFO[m] 
[[1;34mINFO[m] [1m--- [0;32mjacoco-maven-plugin:0.8.3:report-aggregate[m [1m(report-aggregate)[m @ [36mcanal[0;1m ---[m
[[1;34mINFO[m] 
[[1;34mINFO[m] [1m--- [0;32mmaven-install-plugin:2.4:install[m [1m(default-install)[m @ [36mcanal[0;1m ---[m
[[1;34mINFO[m] Installing /home/travis/build/failed/alibaba/canal/pom.xml to /home/travis/.m2/repository/com/alibaba/otter/canal/1.1.4-SNAPSHOT/canal-1.1.4-SNAPSHOT.pom
[[1;34mINFO[m] 
[[1;34mINFO[m] [1m------------------------------------------------------------------------[m
[[1;34mINFO[m] [1mBuilding canal common module for otter 1.1.4-SNAPSHOT 1.1.4-SNAPSHOT[m
[[1;34mINFO[m] [1m------------------------------------------------------------------------[m
[[1;34mINFO[m] 
[[1;34mINFO[m] [1m--- [0;32mmaven-clean-plugin:2.5:clean[m [1m(default-clean)[m @ [36mcanal.common[0;1m ---[m
[[1;34mINFO[m] 
[[1;34mINFO[m] [1m--- [0;32mmaven-enforcer-plugin:1.0:enforce[m [1m(enforce-maven)[m @ [36mcanal.common[0;1m ---[m
[[1;34mINFO[m] 
[[1;34mINFO[m] [1m--- [0;32mjacoco-maven-plugin:0.8.3:prepare-agent[m [1m(jacoco-initialize)[m @ [36mcanal.common[0;1m ---[m
[[1;34mINFO[m] jacocoArgLine set to -javaagent:/home/travis/.m2/repository/org/jacoco/org.jacoco.agent/0.8.3/org.jacoco.agent-0.8.3-runtime.jar=destfile=/home/travis/build/failed/alibaba/canal/common/target/jacoco.exec
[[1;34mINFO[m] 
[[1;34mINFO[m] [1m--- [0;32mmaven-resources-plugin:2.6:resources[m [1m(default-resources)[m @ [36mcanal.common[0;1m ---[m
[[1;34mINFO[m] Using 'UTF-8' encoding to copy filtered resources.
[[1;34mINFO[m] skip non existing resourceDirectory /home/travis/build/failed/alibaba/canal/common/src/main/resources
[[1;34mINFO[m] 
[[1;34mINFO[m] [1m--- [0;32mmaven-compiler-plugin:3.7.0:compile[m [1m(default-compile)[m @ [36mcanal.common[0;1m ---[m
[[1;34mINFO[m] Changes detected - recompiling the module!
[[1;34mINFO[m] Compiling 23 source files to /home/travis/build/failed/alibaba/canal/common/target/classes
[[1;34mINFO[m] /home/travis/build/failed/alibaba/canal/common/src/main/java/com/alibaba/otter/canal/common/utils/UriUtils.java: Some input files use unchecked or unsafe operations.
[[1;34mINFO[m] /home/travis/build/failed/alibaba/canal/common/src/main/java/com/alibaba/otter/canal/common/utils/UriUtils.java: Recompile with -Xlint:unchecked for details.
[[1;34mINFO[m] 
[[1;34mINFO[m] [1m--- [0;32mmaven-resources-plugin:2.6:testResources[m [1m(default-testResources)[m @ [36mcanal.common[0;1m ---[m
[[1;34mINFO[m] Using 'UTF-8' encoding to copy filtered resources.
[[1;34mINFO[m] skip non existing resourceDirectory /home/travis/build/failed/alibaba/canal/common/src/test/resources
[[1;34mINFO[m] 
[[1;34mINFO[m] [1m--- [0;32mmaven-compiler-plugin:3.7.0:testCompile[m [1m(default-testCompile)[m @ [36mcanal.common[0;1m ---[m
[[1;34mINFO[m] Changes detected - recompiling the module!
[[1;34mINFO[m] Compiling 2 source files to /home/travis/build/failed/alibaba/canal/common/target/test-classes
[[1;34mINFO[m] 
[[1;34mINFO[m] [1m--- [0;32mmaven-surefire-plugin:2.22.1:test[m [1m(default-test)[m @ [36mcanal.common[0;1m ---[m
[[1;34mINFO[m] 
[[1;34mINFO[m] -------------------------------------------------------
[[1;34mINFO[m]  T E S T S
[[1;34mINFO[m] -------------------------------------------------------
[[1;34mINFO[m] Running com.alibaba.otter.canal.common.[1mServerRunningTest[m
[[1;33mWARNING[m] [1;33mTests [0;1mrun: [0;1m1[m, Failures: 0, Errors: 0, [1;33mSkipped: [0;1;33m1[m, Time elapsed: 0.007 s - in com.alibaba.otter.canal.common.[1mServerRunningTest[m
[[1;34mINFO[m] 
[[1;34mINFO[m] Results:
[[1;34mINFO[m] 
[[1;33mWARNING[m] [1;33mTests run: 1, Failures: 0, Errors: 0, Skipped: 1[m
[[1;34mINFO[m] 
[[1;34mINFO[m] 
[[1;34mINFO[m] [1m--- [0;32mmaven-jar-plugin:3.0.2:jar[m [1m(default-jar)[m @ [36mcanal.common[0;1m ---[m
[[1;34mINFO[m] Building jar: /home/travis/build/failed/alibaba/canal/common/target/canal.common-1.1.4-SNAPSHOT.jar
[[1;34mINFO[m] 
[[1;34mINFO[m] [1m>>> [0;32mmaven-source-plugin:2.4:jar[m [1m(attach-sources)[0;1m > [0;1mgenerate-sources[m @ [36mcanal.common[0;1m >>>[m
[[1;34mINFO[m] 
[[1;34mINFO[m] [1m--- [0;32mmaven-enforcer-plugin:1.0:enforce[m [1m(enforce-maven)[m @ [36mcanal.common[0;1m ---[m
[[1;34mINFO[m] 
[[1;34mINFO[m] [1m--- [0;32mjacoco-maven-plugin:0.8.3:prepare-agent[m [1m(jacoco-initialize)[m @ [36mcanal.common[0;1m ---[m
[[1;34mINFO[m] jacocoArgLine set to -javaagent:/home/travis/.m2/repository/org/jacoco/org.jacoco.agent/0.8.3/org.jacoco.agent-0.8.3-runtime.jar=destfile=/home/travis/build/failed/alibaba/canal/common/target/jacoco.exec
[[1;34mINFO[m] 
[[1;34mINFO[m] [1m<<< [0;32mmaven-source-plugin:2.4:jar[m [1m(attach-sources)[0;1m < [0;1mgenerate-sources[m @ [36mcanal.common[0;1m <<<[m
[[1;34mINFO[m] 
[[1;34mINFO[m] 
[[1;34mINFO[m] [1m--- [0;32mmaven-source-plugin:2.4:jar[m [1m(attach-sources)[m @ [36mcanal.common[0;1m ---[m
[[1;34mINFO[m] Building jar: /home/travis/build/failed/alibaba/canal/common/target/canal.common-1.1.4-SNAPSHOT-sources.jar
[[1;34mINFO[m] 
[[1;34mINFO[m] [1m--- [0;32mmaven-javadoc-plugin:2.9.1:jar[m [1m(attach-javadocs)[m @ [36mcanal.common[0;1m ---[m
[[1;34mINFO[m] Skipping javadoc generation
[[1;34mINFO[m] 
[[1;34mINFO[m] [1m--- [0;32mjacoco-maven-plugin:0.8.3:report-aggregate[m [1m(report-aggregate)[m @ [36mcanal.common[0;1m ---[m
[[1;34mINFO[m] Loading execution data file /home/travis/build/failed/alibaba/canal/common/target/jacoco.exec
[[1;34mINFO[m] 
[[1;34mINFO[m] [1m--- [0;32mmaven-install-plugin:2.4:install[m [1m(default-install)[m @ [36mcanal.common[0;1m ---[m
[[1;34mINFO[m] Installing /home/travis/build/failed/alibaba/canal/common/target/canal.common-1.1.4-SNAPSHOT.jar to /home/travis/.m2/repository/com/alibaba/otter/canal.common/1.1.4-SNAPSHOT/canal.common-1.1.4-SNAPSHOT.jar
[[1;34mINFO[m] Installing /home/travis/build/failed/alibaba/canal/common/pom.xml to /home/travis/.m2/repository/com/alibaba/otter/canal.common/1.1.4-SNAPSHOT/canal.common-1.1.4-SNAPSHOT.pom
[[1;34mINFO[m] Installing /home/travis/build/failed/alibaba/canal/common/target/canal.common-1.1.4-SNAPSHOT-sources.jar to /home/travis/.m2/repository/com/alibaba/otter/canal.common/1.1.4-SNAPSHOT/canal.common-1.1.4-SNAPSHOT-sources.jar
[[1;34mINFO[m] 
[[1;34mINFO[m] [1m------------------------------------------------------------------------[m
[[1;34mINFO[m] [1mBuilding canal protocol module for otter 1.1.4-SNAPSHOT 1.1.4-SNAPSHOT[m
[[1;34mINFO[m] [1m------------------------------------------------------------------------[m
[[1;34mINFO[m] 
[[1;34mINFO[m] [1m--- [0;32mmaven-clean-plugin:2.5:clean[m [1m(default-clean)[m @ [36mcanal.protocol[0;1m ---[m
[[1;34mINFO[m] 
[[1;34mINFO[m] [1m--- [0;32mmaven-enforcer-plugin:1.0:enforce[m [1m(enforce-maven)[m @ [36mcanal.protocol[0;1m ---[m
[[1;34mINFO[m] 
[[1;34mINFO[m] [1m--- [0;32mjacoco-maven-plugin:0.8.3:prepare-agent[m [1m(jacoco-initialize)[m @ [36mcanal.protocol[0;1m ---[m
[[1;34mINFO[m] jacocoArgLine set to -javaagent:/home/travis/.m2/repository/org/jacoco/org.jacoco.agent/0.8.3/org.jacoco.agent-0.8.3-runtime.jar=destfile=/home/travis/build/failed/alibaba/canal/protocol/target/jacoco.exec
[[1;34mINFO[m] 
[[1;34mINFO[m] [1m--- [0;32mmaven-resources-plugin:2.6:resources[m [1m(default-resources)[m @ [36mcanal.protocol[0;1m ---[m
[[1;34mINFO[m] Using 'UTF-8' encoding to copy filtered resources.
[[1;34mINFO[m] skip non existing resourceDirectory /home/travis/build/failed/alibaba/canal/protocol/src/main/resources
[[1;34mINFO[m] 
[[1;34mINFO[m] [1m--- [0;32mmaven-compiler-plugin:3.7.0:compile[m [1m(default-compile)[m @ [36mcanal.protocol[0;1m ---[m
[[1;34mINFO[m] Changes detected - recompiling the module!
[[1;34mINFO[m] Compiling 15 source files to /home/travis/build/failed/alibaba/canal/protocol/target/classes
[[1;34mINFO[m] /home/travis/build/failed/alibaba/canal/protocol/src/main/java/com/alibaba/otter/canal/protocol/Message.java: /home/travis/build/failed/alibaba/canal/protocol/src/main/java/com/alibaba/otter/canal/protocol/Message.java uses unchecked or unsafe operations.
[[1;34mINFO[m] /home/travis/build/failed/alibaba/canal/protocol/src/main/java/com/alibaba/otter/canal/protocol/Message.java: Recompile with -Xlint:unchecked for details.
[[1;34mINFO[m] 
[[1;34mINFO[m] [1m--- [0;32mmaven-resources-plugin:2.6:testResources[m [1m(default-testResources)[m @ [36mcanal.protocol[0;1m ---[m
[[1;34mINFO[m] Using 'UTF-8' encoding to copy filtered resources.
[[1;34mINFO[m] skip non existing resourceDirectory /home/travis/build/failed/alibaba/canal/protocol/src/test/resources
[[1;34mINFO[m] 
[[1;34mINFO[m] [1m--- [0;32mmaven-compiler-plugin:3.7.0:testCompile[m [1m(default-testCompile)[m @ [36mcanal.protocol[0;1m ---[m
[[1;34mINFO[m] No sources to compile
[[1;34mINFO[m] 
[[1;34mINFO[m] [1m--- [0;32mmaven-surefire-plugin:2.22.1:test[m [1m(default-test)[m @ [36mcanal.protocol[0;1m ---[m
[[1;34mINFO[m] No tests to run.
[[1;34mINFO[m] 
[[1;34mINFO[m] [1m--- [0;32mmaven-jar-plugin:3.0.2:jar[m [1m(default-jar)[m @ [36mcanal.protocol[0;1m ---[m
[[1;34mINFO[m] Building jar: /home/travis/build/failed/alibaba/canal/protocol/target/canal.protocol-1.1.4-SNAPSHOT.jar
[[1;34mINFO[m] 
[[1;34mINFO[m] [1m>>> [0;32mmaven-source-plugin:2.4:jar[m [1m(attach-sources)[0;1m > [0;1mgenerate-sources[m @ [36mcanal.protocol[0;1m >>>[m
[[1;34mINFO[m] 
[[1;34mINFO[m] [1m--- [0;32mmaven-enforcer-plugin:1.0:enforce[m [1m(enforce-maven)[m @ [36mcanal.protocol[0;1m ---[m
[[1;34mINFO[m] 
[[1;34mINFO[m] [1m--- [0;32mjacoco-maven-plugin:0.8.3:prepare-agent[m [1m(jacoco-initialize)[m @ [36mcanal.protocol[0;1m ---[m
[[1;34mINFO[m] jacocoArgLine set to -javaagent:/home/travis/.m2/repository/org/jacoco/org.jacoco.agent/0.8.3/org.jacoco.agent-0.8.3-runtime.jar=destfile=/home/travis/build/failed/alibaba/canal/protocol/target/jacoco.exec
[[1;34mINFO[m] 
[[1;34mINFO[m] [1m<<< [0;32mmaven-source-plugin:2.4:jar[m [1m(attach-sources)[0;1m < [0;1mgenerate-sources[m @ [36mcanal.protocol[0;1m <<<[m
[[1;34mINFO[m] 
[[1;34mINFO[m] 
[[1;34mINFO[m] [1m--- [0;32mmaven-source-plugin:2.4:jar[m [1m(attach-sources)[m @ [36mcanal.protocol[0;1m ---[m
[[1;34mINFO[m] Building jar: /home/travis/build/failed/alibaba/canal/protocol/target/canal.protocol-1.1.4-SNAPSHOT-sources.jar
[[1;34mINFO[m] 
[[1;34mINFO[m] [1m--- [0;32mmaven-javadoc-plugin:2.9.1:jar[m [1m(attach-javadocs)[m @ [36mcanal.protocol[0;1m ---[m
[[1;34mINFO[m] Skipping javadoc generation
[[1;34mINFO[m] 
[[1;34mINFO[m] [1m--- [0;32mjacoco-maven-plugin:0.8.3:report-aggregate[m [1m(report-aggregate)[m @ [36mcanal.protocol[0;1m ---[m
[[1;34mINFO[m] Loading execution data file /home/travis/build/failed/alibaba/canal/common/target/jacoco.exec
[[1;34mINFO[m] Analyzed bundle 'canal.common' with 28 classes
[[1;34mINFO[m] 
[[1;34mINFO[m] [1m--- [0;32mmaven-install-plugin:2.4:install[m [1m(default-install)[m @ [36mcanal.protocol[0;1m ---[m
[[1;34mINFO[m] Installing /home/travis/build/failed/alibaba/canal/protocol/target/canal.protocol-1.1.4-SNAPSHOT.jar to /home/travis/.m2/repository/com/alibaba/otter/canal.protocol/1.1.4-SNAPSHOT/canal.protocol-1.1.4-SNAPSHOT.jar
[[1;34mINFO[m] Installing /home/travis/build/failed/alibaba/canal/protocol/pom.xml to /home/travis/.m2/repository/com/alibaba/otter/canal.protocol/1.1.4-SNAPSHOT/canal.protocol-1.1.4-SNAPSHOT.pom
[[1;34mINFO[m] Installing /home/travis/build/failed/alibaba/canal/protocol/target/canal.protocol-1.1.4-SNAPSHOT-sources.jar to /home/travis/.m2/repository/com/alibaba/otter/canal.protocol/1.1.4-SNAPSHOT/canal.protocol-1.1.4-SNAPSHOT-sources.jar
[[1;34mINFO[m] 
[[1;34mINFO[m] [1m------------------------------------------------------------------------[m
[[1;34mINFO[m] [1mBuilding canal meta module for otter 1.1.4-SNAPSHOT 1.1.4-SNAPSHOT[m
[[1;34mINFO[m] [1m------------------------------------------------------------------------[m
[[1;34mINFO[m] 
[[1;34mINFO[m] [1m--- [0;32mmaven-clean-plugin:2.5:clean[m [1m(default-clean)[m @ [36mcanal.meta[0;1m ---[m
[[1;34mINFO[m] 
[[1;34mINFO[m] [1m--- [0;32mmaven-enforcer-plugin:1.0:enforce[m [1m(enforce-maven)[m @ [36mcanal.meta[0;1m ---[m
[[1;34mINFO[m] 
[[1;34mINFO[m] [1m--- [0;32mjacoco-maven-plugin:0.8.3:prepare-agent[m [1m(jacoco-initialize)[m @ [36mcanal.meta[0;1m ---[m
[[1;34mINFO[m] jacocoArgLine set to -javaagent:/home/travis/.m2/repository/org/jacoco/org.jacoco.agent/0.8.3/org.jacoco.agent-0.8.3-runtime.jar=destfile=/home/travis/build/failed/alibaba/canal/meta/target/jacoco.exec
[[1;34mINFO[m] 
[[1;34mINFO[m] [1m--- [0;32mmaven-resources-plugin:2.6:resources[m [1m(default-resources)[m @ [36mcanal.meta[0;1m ---[m
[[1;34mINFO[m] Using 'UTF-8' encoding to copy filtered resources.
[[1;34mINFO[m] skip non existing resourceDirectory /home/travis/build/failed/alibaba/canal/meta/src/main/resources
[[1;34mINFO[m] 
[[1;34mINFO[m] [1m--- [0;32mmaven-compiler-plugin:3.7.0:compile[m [1m(default-compile)[m @ [36mcanal.meta[0;1m ---[m
[[1;34mINFO[m] Changes detected - recompiling the module!
[[1;34mINFO[m] Compiling 7 source files to /home/travis/build/failed/alibaba/canal/meta/target/classes
[[1;34mINFO[m] 
[[1;34mINFO[m] [1m--- [0;32mmaven-resources-plugin:2.6:testResources[m [1m(default-testResources)[m @ [36mcanal.meta[0;1m ---[m
[[1;34mINFO[m] Using 'UTF-8' encoding to copy filtered resources.
[[1;34mINFO[m] skip non existing resourceDirectory /home/travis/build/failed/alibaba/canal/meta/src/test/resources
[[1;34mINFO[m] 
[[1;34mINFO[m] [1m--- [0;32mmaven-compiler-plugin:3.7.0:testCompile[m [1m(default-testCompile)[m @ [36mcanal.meta[0;1m ---[m
[[1;34mINFO[m] Changes detected - recompiling the module!
[[1;34mINFO[m] Compiling 7 source files to /home/travis/build/failed/alibaba/canal/meta/target/test-classes
[[1;34mINFO[m] 
[[1;34mINFO[m] [1m--- [0;32mmaven-surefire-plugin:2.22.1:test[m [1m(default-test)[m @ [36mcanal.meta[0;1m ---[m
[[1;34mINFO[m] 
[[1;34mINFO[m] -------------------------------------------------------
[[1;34mINFO[m]  T E S T S
[[1;34mINFO[m] -------------------------------------------------------
[[1;34mINFO[m] Running com.alibaba.otter.canal.meta.[1mAbstractMetaManagerTest[m
[[1;33mWARNING[m] [1;33mTests [0;1mrun: [0;1m1[m, Failures: 0, Errors: 0, [1;33mSkipped: [0;1;33m1[m, Time elapsed: 0.024 s - in com.alibaba.otter.canal.meta.[1mAbstractMetaManagerTest[m
[[1;34mINFO[m] Running com.alibaba.otter.canal.meta.[1mMixedMetaManagerTest[m
[[1;33mWARNING[m] [1;33mTests [0;1mrun: [0;1m1[m, Failures: 0, Errors: 0, [1;33mSkipped: [0;1;33m1[m, Time elapsed: 0 s - in com.alibaba.otter.canal.meta.[1mMixedMetaManagerTest[m
[[1;34mINFO[m] Running com.alibaba.otter.canal.meta.[1mPeriodMixedMetaManagerTest[m
[[1;33mWARNING[m] [1;33mTests [0;1mrun: [0;1m1[m, Failures: 0, Errors: 0, [1;33mSkipped: [0;1;33m1[m, Time elapsed: 0.001 s - in com.alibaba.otter.canal.meta.[1mPeriodMixedMetaManagerTest[m
[[1;34mINFO[m] Running com.alibaba.otter.canal.meta.[1mZooKeeperMetaManagerTest[m
[[1;33mWARNING[m] [1;33mTests [0;1mrun: [0;1m1[m, Failures: 0, Errors: 0, [1;33mSkipped: [0;1;33m1[m, Time elapsed: 0.001 s - in com.alibaba.otter.canal.meta.[1mZooKeeperMetaManagerTest[m
[[1;34mINFO[m] Running com.alibaba.otter.canal.meta.[1mMemoryMetaManagerTest[m
[[1;33mWARNING[m] [1;33mTests [0;1mrun: [0;1m1[m, Failures: 0, Errors: 0, [1;33mSkipped: [0;1;33m1[m, Time elapsed: 0 s - in com.alibaba.otter.canal.meta.[1mMemoryMetaManagerTest[m
[[1;34mINFO[m] Running com.alibaba.otter.canal.meta.[1mFileMixedMetaManagerTest[m
[[1;33mWARNING[m] [1;33mTests [0;1mrun: [0;1m1[m, Failures: 0, Errors: 0, [1;33mSkipped: [0;1;33m1[m, Time elapsed: 0 s - in com.alibaba.otter.canal.meta.[1mFileMixedMetaManagerTest[m
[[1;34mINFO[m] 
[[1;34mINFO[m] Results:
[[1;34mINFO[m] 
[[1;33mWARNING[m] [1;33mTests run: 6, Failures: 0, Errors: 0, Skipped: 6[m
[[1;34mINFO[m] 
[[1;34mINFO[m] 
[[1;34mINFO[m] [1m--- [0;32mmaven-jar-plugin:3.0.2:jar[m [1m(default-jar)[m @ [36mcanal.meta[0;1m ---[m
[[1;34mINFO[m] Building jar: /home/travis/build/failed/alibaba/canal/meta/target/canal.meta-1.1.4-SNAPSHOT.jar
[[1;34mINFO[m] 
[[1;34mINFO[m] [1m>>> [0;32mmaven-source-plugin:2.4:jar[m [1m(attach-sources)[0;1m > [0;1mgenerate-sources[m @ [36mcanal.meta[0;1m >>>[m
[[1;34mINFO[m] 
[[1;34mINFO[m] [1m--- [0;32mmaven-enforcer-plugin:1.0:enforce[m [1m(enforce-maven)[m @ [36mcanal.meta[0;1m ---[m
[[1;34mINFO[m] 
[[1;34mINFO[m] [1m--- [0;32mjacoco-maven-plugin:0.8.3:prepare-agent[m [1m(jacoco-initialize)[m @ [36mcanal.meta[0;1m ---[m
[[1;34mINFO[m] jacocoArgLine set to -javaagent:/home/travis/.m2/repository/org/jacoco/org.jacoco.agent/0.8.3/org.jacoco.agent-0.8.3-runtime.jar=destfile=/home/travis/build/failed/alibaba/canal/meta/target/jacoco.exec
[[1;34mINFO[m] 
[[1;34mINFO[m] [1m<<< [0;32mmaven-source-plugin:2.4:jar[m [1m(attach-sources)[0;1m < [0;1mgenerate-sources[m @ [36mcanal.meta[0;1m <<<[m
[[1;34mINFO[m] 
[[1;34mINFO[m] 
[[1;34mINFO[m] [1m--- [0;32mmaven-source-plugin:2.4:jar[m [1m(attach-sources)[m @ [36mcanal.meta[0;1m ---[m
[[1;34mINFO[m] Building jar: /home/travis/build/failed/alibaba/canal/meta/target/canal.meta-1.1.4-SNAPSHOT-sources.jar
[[1;34mINFO[m] 
[[1;34mINFO[m] [1m--- [0;32mmaven-javadoc-plugin:2.9.1:jar[m [1m(attach-javadocs)[m @ [36mcanal.meta[0;1m ---[m
[[1;34mINFO[m] Skipping javadoc generation
[[1;34mINFO[m] 
[[1;34mINFO[m] [1m--- [0;32mjacoco-maven-plugin:0.8.3:report-aggregate[m [1m(report-aggregate)[m @ [36mcanal.meta[0;1m ---[m
[[1;34mINFO[m] Loading execution data file /home/travis/build/failed/alibaba/canal/meta/target/jacoco.exec
[[1;34mINFO[m] Loading execution data file /home/travis/build/failed/alibaba/canal/common/target/jacoco.exec
[[1;34mINFO[m] Analyzed bundle 'canal.common' with 28 classes
[[1;34mINFO[m] Analyzed bundle 'canal.protocol' with 131 classes
[[1;34mINFO[m] 
[[1;34mINFO[m] [1m--- [0;32mmaven-install-plugin:2.4:install[m [1m(default-install)[m @ [36mcanal.meta[0;1m ---[m
[[1;34mINFO[m] Installing /home/travis/build/failed/alibaba/canal/meta/target/canal.meta-1.1.4-SNAPSHOT.jar to /home/travis/.m2/repository/com/alibaba/otter/canal.meta/1.1.4-SNAPSHOT/canal.meta-1.1.4-SNAPSHOT.jar
[[1;34mINFO[m] Installing /home/travis/build/failed/alibaba/canal/meta/pom.xml to /home/travis/.m2/repository/com/alibaba/otter/canal.meta/1.1.4-SNAPSHOT/canal.meta-1.1.4-SNAPSHOT.pom
[[1;34mINFO[m] Installing /home/travis/build/failed/alibaba/canal/meta/target/canal.meta-1.1.4-SNAPSHOT-sources.jar to /home/travis/.m2/repository/com/alibaba/otter/canal.meta/1.1.4-SNAPSHOT/canal.meta-1.1.4-SNAPSHOT-sources.jar
[[1;34mINFO[m] 
[[1;34mINFO[m] [1m------------------------------------------------------------------------[m
[[1;34mINFO[m] [1mBuilding canal driver module for otter 1.1.4-SNAPSHOT 1.1.4-SNAPSHOT[m
[[1;34mINFO[m] [1m------------------------------------------------------------------------[m
[[1;34mINFO[m] 
[[1;34mINFO[m] [1m--- [0;32mmaven-clean-plugin:2.5:clean[m [1m(default-clean)[m @ [36mcanal.parse.driver[0;1m ---[m
[[1;34mINFO[m] 
[[1;34mINFO[m] [1m--- [0;32mmaven-enforcer-plugin:1.0:enforce[m [1m(enforce-maven)[m @ [36mcanal.parse.driver[0;1m ---[m
[[1;34mINFO[m] 
[[1;34mINFO[m] [1m--- [0;32mjacoco-maven-plugin:0.8.3:prepare-agent[m [1m(jacoco-initialize)[m @ [36mcanal.parse.driver[0;1m ---[m
[[1;34mINFO[m] jacocoArgLine set to -javaagent:/home/travis/.m2/repository/org/jacoco/org.jacoco.agent/0.8.3/org.jacoco.agent-0.8.3-runtime.jar=destfile=/home/travis/build/failed/alibaba/canal/driver/target/jacoco.exec
[[1;34mINFO[m] 
[[1;34mINFO[m] [1m--- [0;32mmaven-resources-plugin:2.6:resources[m [1m(default-resources)[m @ [36mcanal.parse.driver[0;1m ---[m
[[1;34mINFO[m] Using 'UTF-8' encoding to copy filtered resources.
[[1;34mINFO[m] skip non existing resourceDirectory /home/travis/build/failed/alibaba/canal/driver/src/main/resources
[[1;34mINFO[m] 
[[1;34mINFO[m] [1m--- [0;32mmaven-compiler-plugin:3.7.0:compile[m [1m(default-compile)[m @ [36mcanal.parse.driver[0;1m ---[m
[[1;34mINFO[m] Changes detected - recompiling the module!
[[1;34mINFO[m] Compiling 45 source files to /home/travis/build/failed/alibaba/canal/driver/target/classes
[[1;34mINFO[m] 
[[1;34mINFO[m] [1m--- [0;32mmaven-resources-plugin:2.6:testResources[m [1m(default-testResources)[m @ [36mcanal.parse.driver[0;1m ---[m
[[1;34mINFO[m] Using 'UTF-8' encoding to copy filtered resources.
[[1;34mINFO[m] skip non existing resourceDirectory /home/travis/build/failed/alibaba/canal/driver/src/test/resources
[[1;34mINFO[m] 
[[1;34mINFO[m] [1m--- [0;32mmaven-compiler-plugin:3.7.0:testCompile[m [1m(default-testCompile)[m @ [36mcanal.parse.driver[0;1m ---[m
[[1;34mINFO[m] Changes detected - recompiling the module!
[[1;34mINFO[m] Compiling 6 source files to /home/travis/build/failed/alibaba/canal/driver/target/test-classes
[[1;34mINFO[m] 
[[1;34mINFO[m] [1m--- [0;32mmaven-surefire-plugin:2.22.1:test[m [1m(default-test)[m @ [36mcanal.parse.driver[0;1m ---[m
[[1;34mINFO[m] 
[[1;34mINFO[m] -------------------------------------------------------
[[1;34mINFO[m]  T E S T S
[[1;34mINFO[m] -------------------------------------------------------
[[1;34mINFO[m] Running com.alibaba.otter.canal.parse.driver.mysql.[1mMysqlConnectorTest[m
12:25:13.325 [main] INFO  c.a.o.c.p.d.mysql.MysqlConnector - disConnect MysqlConnection to /127.0.0.1:3306...
12:25:13.334 [main] INFO  c.a.o.c.p.d.mysql.MysqlConnector - the channel /127.0.0.1:3306 is not connected
[[1;31mERROR[m] [1;31mTests [0;1mrun: [0;1m1[m, [1;31mFailures: [0;1;31m1[m, Errors: 0, Skipped: 0, Time elapsed: 0.274 s[1;31m <<< FAILURE![m - in com.alibaba.otter.canal.parse.driver.mysql.[1mMysqlConnectorTest[m
[[1;31mERROR[m] testQuery(com.alibaba.otter.canal.parse.driver.mysql.MysqlConnectorTest)  Time elapsed: 0.187 s  <<< FAILURE!
java.lang.AssertionError: connect /127.0.0.1:3306 failure
	at com.alibaba.otter.canal.parse.driver.mysql.MysqlConnectorTest.testQuery(MysqlConnectorTest.java:25)

[[1;34mINFO[m] Running com.alibaba.otter.canal.parse.driver.mysql.[1mUUIDSetTest[m
[[1;34mINFO[m] [1;32mTests run: [0;1;32m1[m, Failures: 0, Errors: 0, Skipped: 0, Time elapsed: 0 s - in com.alibaba.otter.canal.parse.driver.mysql.[1mUUIDSetTest[m
[[1;34mINFO[m] Running com.alibaba.otter.canal.parse.driver.mysql.[1mMysqlGTIDSetTest[m
[[1;34mINFO[m] [1;32mTests run: [0;1;32m2[m, Failures: 0, Errors: 0, Skipped: 0, Time elapsed: 0.002 s - in com.alibaba.otter.canal.parse.driver.mysql.[1mMysqlGTIDSetTest[m
[[1;34mINFO[m] Running com.alibaba.otter.canal.parse.driver.mysql.utils.[1mMySQLPasswordEncrypterTest[m
[[1;34mINFO[m] [1;32mTests run: [0;1;32m3[m, Failures: 0, Errors: 0, Skipped: 0, Time elapsed: 0.017 s - in com.alibaba.otter.canal.parse.driver.mysql.utils.[1mMySQLPasswordEncrypterTest[m
[[1;34mINFO[m] Running com.alibaba.otter.canal.parse.driver.mysql.utils.[1mByteHelperTest[m
[[1;34mINFO[m] [1;32mTests run: [0;1;32m20[m, Failures: 0, Errors: 0, Skipped: 0, Time elapsed: 0.072 s - in com.alibaba.otter.canal.parse.driver.mysql.utils.[1mByteHelperTest[m
[[1;34mINFO[m] Running com.alibaba.otter.canal.parse.driver.mysql.[1mCharsetUtilTest[m
[[1;34mINFO[m] [1;32mTests run: [0;1;32m6[m, Failures: 0, Errors: 0, Skipped: 0, Time elapsed: 0.003 s - in com.alibaba.otter.canal.parse.driver.mysql.[1mCharsetUtilTest[m
[[1;34mINFO[m] 
[[1;34mINFO[m] Results:
[[1;34mINFO[m] 
[[1;31mERROR[m] [1;31mFailures: [m
[[1;31mERROR[m] [1;31m  MysqlConnectorTest.testQuery:25 connect /127.0.0.1:3306 failure[m
[[1;34mINFO[m] 
[[1;31mERROR[m] [1;31mTests run: 33, Failures: 1, Errors: 0, Skipped: 0[m
[[1;34mINFO[m] 
[[1;34mINFO[m] [1m------------------------------------------------------------------------[m
[[1;34mINFO[m] [1mReactor Summary:[m
[[1;34mINFO[m] 
[[1;34mINFO[m] canal module for otter 1.1.4-SNAPSHOT .............. [1;32mSUCCESS[m [ 14.242 s]
[[1;34mINFO[m] canal common module for otter 1.1.4-SNAPSHOT ....... [1;32mSUCCESS[m [  3.685 s]
[[1;34mINFO[m] canal protocol module for otter 1.1.4-SNAPSHOT ..... [1;32mSUCCESS[m [  4.948 s]
[[1;34mINFO[m] canal meta module for otter 1.1.4-SNAPSHOT ......... [1;32mSUCCESS[m [  2.854 s]
[[1;34mINFO[m] canal driver module for otter 1.1.4-SNAPSHOT ....... [1;31mFAILURE[m [  2.693 s]
[[1;34mINFO[m] canal dbsync module for otter 1.1.4-SNAPSHOT ....... [1;33mSKIPPED[m
[[1;34mINFO[m] canal sink module for otter 1.1.4-SNAPSHOT ......... [1;33mSKIPPED[m
[[1;34mINFO[m] canal store module for otter 1.1.4-SNAPSHOT ........ [1;33mSKIPPED[m
[[1;34mINFO[m] canal sink module for otter 1.1.4-SNAPSHOT ......... [1;33mSKIPPED[m
[[1;34mINFO[m] canal parse module for otter 1.1.4-SNAPSHOT ........ [1;33mSKIPPED[m
[[1;34mINFO[m] canal instance core module for otter 1.1.4-SNAPSHOT  [1;33mSKIPPED[m
[[1;34mINFO[m] canal instance spring module for otter 1.1.4-SNAPSHOT [1;33mSKIPPED[m
[[1;34mINFO[m] canal instance manager module for otter 1.1.4-SNAPSHOT [1;33mSKIPPED[m
[[1;34mINFO[m] canal instance module for otter 1.1.4-SNAPSHOT ..... [1;33mSKIPPED[m
[[1;34mINFO[m] canal server module for otter 1.1.4-SNAPSHOT ....... [1;33mSKIPPED[m
[[1;34mINFO[m] canal client module for otter 1.1.4-SNAPSHOT ....... [1;33mSKIPPED[m
[[1;34mINFO[m] canal prometheus module for otter 1.1.4-SNAPSHOT ... [1;33mSKIPPED[m
[[1;34mINFO[m] canal deployer module for otter 1.1.4-SNAPSHOT ..... [1;33mSKIPPED[m
[[1;34mINFO[m] canal example module for otter 1.1.4-SNAPSHOT ...... [1;33mSKIPPED[m
[[1;34mINFO[m] canal client adapter module for otter 1.1.4-SNAPSHOT [1;33mSKIPPED[m
[[1;34mINFO[m] canal client adapter common module for otter 1.1.4-SNAPSHOT [1;33mSKIPPED[m
[[1;34mINFO[m] canal client adapter logger example module for otter 1.1.4-SNAPSHOT [1;33mSKIPPED[m
[[1;34mINFO[m] canal client adapter hbase module for otter 1.1.4-SNAPSHOT [1;33mSKIPPED[m
[[1;34mINFO[m] canal client adapter elasticsearch module for otter 1.1.4-SNAPSHOT [1;33mSKIPPED[m
[[1;34mINFO[m] canal client adapter rdb module for otter 1.1.4-SNAPSHOT [1;33mSKIPPED[m
[[1;34mINFO[m] canal client adapter launcher module for otter 1.1.4-SNAPSHOT [1;33mSKIPPED[m
[[1;34mINFO[m] canal-admin ........................................ [1;33mSKIPPED[m
[[1;34mINFO[m] canal-admin-ui ..................................... [1;33mSKIPPED[m
[[1;34mINFO[m] canal-admin-server ................................. [1;33mSKIPPED[m
[[1;34mINFO[m] [1m------------------------------------------------------------------------[m
[[1;34mINFO[m] [1;31mBUILD FAILURE[m
[[1;34mINFO[m] [1m------------------------------------------------------------------------[m
[[1;34mINFO[m] Total time: 31.683 s
[[1;34mINFO[m] Finished at: 2022-01-08T12:25:13Z
[[1;34mINFO[m] Final Memory: 50M/512M
[[1;34mINFO[m] [1m------------------------------------------------------------------------[m
[[1;31mERROR[m] Failed to execute goal [32morg.apache.maven.plugins:maven-surefire-plugin:2.22.1:test[m [1m(default-test)[m on project [36mcanal.parse.driver[m: [1;31mThere are test failures.[m
[[1;31mERROR[m] [1;31m[m
[[1;31mERROR[m] [1;31mPlease refer to /home/travis/build/failed/alibaba/canal/driver/target/surefire-reports for the individual test results.[m
[[1;31mERROR[m] [1;31mPlease refer to dump files (if any exist) [date].dump, [date]-jvmRun[N].dump and [date].dumpstream.[m
[[1;31mERROR[m] -> [1m[Help 1][m
[[1;31mERROR[m] 
[[1;31mERROR[m] To see the full stack trace of the errors, re-run Maven with the [1m-e[m switch.
[[1;31mERROR[m] Re-run Maven using the [1m-X[m switch to enable full debug logging.
[[1;31mERROR[m] 
[[1;31mERROR[m] For more information about the errors and possible solutions, please read the following articles:
[[1;31mERROR[m] [1m[Help 1][m http://cwiki.apache.org/confluence/display/MAVEN/MojoFailureException
[[1;31mERROR[m] 
[[1;31mERROR[m] After correcting the problems, you can resume the build with the command
[[1;31mERROR[m]   [1mmvn <goals> -rf :canal.parse.driver[m
/home/travis/.travis/functions: line 607:  2561 Terminated              travis_jigger "${!}" "${timeout}" "${cmd[@]}"
travis_time:end:00edc580:start=1641644680794646744,finish=1641644714020407682,duration=33225760938,event=script[0K[31;1mThe command "travis_wait 30 ./mvnw clean install -DskipTests=false -Dcheckstyle.skip=true -Dmaven.javadoc.skip=true" exited with 1.[0m
travis_fold:start:cache.2[0Kstore build cache
travis_time:start:0e230abe[0Ktravis_time:end:0e230abe:start=1641644714030226165,finish=1641644714037057273,duration=6831108,event=cache[0Ktravis_time:start:1f08b8ea[0K[32;1mchanges detected, packing new archive[0m
[32;1muploading /[0m
[31;1mfailed to upload cache[0m
travis_time:end:1f08b8ea:start=1641644714045976597,finish=1641644727511475477,duration=13465498880,event=cache[0Ktravis_fold:end:cache.2[0K
travis_fold:start:after_failure[0Ktravis_time:start:03b48bbc[0K$ if [ -f canal.log ]; then echo "------TAIL of canal.log------"; tail -n 1000 canal.log; echo "------END of canal.log------"; fi
travis_time:end:03b48bbc:start=1641644727520013109,finish=1641644727528403862,duration=8390753,event=after_failure[0Ktravis_fold:end:after_failure[0K
Done. Your build exited with 1.
