travis_fold:start:system_info[0K[33;1mBuild system information[0m
Build language: java
Build group: stable
Build dist: precise
Build id: ''
Job id: ''
Runtime kernel version: 4.15.0-109-generic
[34m[1mBuild image provisioning date and time[0m
Thu Feb  5 15:09:33 UTC 2015
[34m[1mOperating System Details[0m
Distributor ID:	Ubuntu
Description:	Ubuntu 12.04.5 LTS
Release:	12.04
Codename:	precise
[34m[1mLinux Version[0m
3.13.0-29-generic
[34m[1mCookbooks Version[0m
a68419e https://github.com/travis-ci/travis-cookbooks/tree/a68419e
[34m[1mGCC version[0m
gcc (Ubuntu/Linaro 4.6.3-1ubuntu5) 4.6.3
Copyright (C) 2011 Free Software Foundation, Inc.
This is free software; see the source for copying conditions.  There is NO
warranty; not even for MERCHANTABILITY or FITNESS FOR A PARTICULAR PURPOSE.

[34m[1mLLVM version[0m
clang version 3.4 (tags/RELEASE_34/final)
Target: x86_64-unknown-linux-gnu
Thread model: posix
[34m[1mPre-installed Ruby versions[0m
ruby-1.9.3-p551
[34m[1mPre-installed Node.js versions[0m
v0.10.36
[34m[1mPre-installed Go versions[0m
1.4.1
[34m[1mRedis version[0m
redis-server 2.8.19
[34m[1mriak version[0m
2.0.2
[34m[1mMongoDB version[0m
MongoDB 2.4.12
[34m[1mCouchDB version[0m
couchdb 1.6.1
[34m[1mNeo4j version[0m
1.9.4
[34m[1mRabbitMQ Version[0m
3.4.3
[34m[1mElasticSearch version[0m
1.4.0
[34m[1mInstalled Sphinx versions[0m
2.0.10
2.1.9
2.2.6
[34m[1mDefault Sphinx version[0m
2.2.6
[34m[1mInstalled Firefox version[0m
firefox 31.0esr
[34m[1mPhantomJS version[0m
1.9.8
[34m[1mant -version[0m
Apache Ant(TM) version 1.8.2 compiled on December 3 2011
[34m[1mmvn -version[0m
Apache Maven 3.2.5 (12a6b3acb947671f09b81f49094c53f426d8cea1; 2014-12-14T17:29:23+00:00)
Maven home: /usr/local/maven
Java version: 1.7.0_76, vendor: Oracle Corporation
Java home: /usr/lib/jvm/java-7-oracle/jre
Default locale: en_US, platform encoding: ANSI_X3.4-1968
OS name: "linux", version: "3.13.0-29-generic", arch: "amd64", family: "unix"
travis_fold:end:system_info[0K
[31;1mTimeout waiting for network availability.[0m
sed: cannot rename /etc/hosts: Device or resource busy
travis_fold:start:docker_mtu[0Ktee: /etc/docker/daemon.json: No such file or directory
docker: unrecognized service
travis_fold:end:docker_mtu[0K
travis_fold:start:install_jdk[0K[33;1mInstalling oraclejdk8[0m
$ jdk_switcher use "oraclejdk8"
Switching to Oracle JDK8 (java-8-oracle), JAVA_HOME will be set to /usr/lib/jvm/java-8-oracle
travis_fold:end:install_jdk[0K
$ cd failed/graphhopper/graphhopper


[33;1mSetting environment variables from .travis.yml[0m
$ export BASEURL=https://www-eu.apache.org/dist/maven/maven-3/VERSION/binaries/apache-maven-VERSION-bin.zip
$ export FILE=apache-maven-VERSION-bin.zip
$ export DIR=apache-maven-VERSION
$ export VERSION=3.3.9
$ export CI_DEPLOY_USERNAME=[secure]
$ export CI_DEPLOY_PASSWORD=[secure]

travis_fold:start:cache.1[0KSetting up build cache
$ export CASHER_DIR=${TRAVIS_HOME}/.casher
travis_time:start:0ae3f0a8[0K$ Installing caching utilities

[31;1mThe command "eval curl -sf  -o $CASHER_DIR/bin/casher https:///files/casher " failed. Retrying, 2 of 3.[0m


[31;1mThe command "eval curl -sf  -o $CASHER_DIR/bin/casher https:///files/casher " failed. Retrying, 3 of 3.[0m


[31;1mThe command "eval curl -sf  -o $CASHER_DIR/bin/casher https:///files/casher " failed 3 times.[0m

travis_time:end:0ae3f0a8:start=1641651351100646904,finish=1641651354178383769,duration=3077736865[0Ktravis_time:start:14f06100[0K$ Installing caching utilities from the Travis CI server (https:///files/casher) failed, failing over to using GitHub (https://raw.githubusercontent.com/travis-ci/casher/bash/bin/casher)
travis_time:end:14f06100:start=1641651354183272330,finish=1641651354235244649,duration=51972319[0Ktravis_time:start:2479b243[0Ktravis_time:end:2479b243:start=1641651354243465923,finish=1641651354248473520,duration=5007597[0Ktravis_time:start:084f40d0[0KYAML safe loading is not available. Please upgrade psych to a version that supports safe loading (>= 2.0).
attempting to download cache archive[0m
[31;1mcould not download cache[0m
travis_time:end:084f40d0:start=1641651354254827973,finish=1641651355634787046,duration=1379959073[0Ktravis_time:start:0dfab380[0Ktravis_time:end:0dfab380:start=1641651355640843544,finish=1641651355645839519,duration=4995975[0Ktravis_time:start:1ae685ac[0KYAML safe loading is not available. Please upgrade psych to a version that supports safe loading (>= 2.0).
adding /home/travis/.m2 to cache[0m
travis_time:end:1ae685ac:start=1641651355651765025,finish=1641651419199224249,duration=63547459224[0Ktravis_fold:end:cache.1[0K
$ java -Xmx32m -version
java version "1.8.0_31"
Java(TM) SE Runtime Environment (build 1.8.0_31-b13)
Java HotSpot(TM) 64-Bit Server VM (build 25.31-b07, mixed mode)
$ javac -J-Xmx32m -version
javac 1.8.0_31
travis_fold:start:before_install.1[0Ktravis_time:start:00b74374[0K$ if [ "$TRAVIS_OS_NAME" == "linux" ]; then wget --no-check-certificate $(echo -n $BASEURL | sed -e 's#VERSION#'$VERSION'#g'); unzip -qq $(echo -n $FILE | sed -e 's#VERSION#'$VERSION'#'); export M2_HOME=$PWD/$(echo -n $DIR | sed -e 's#VERSION#'$VERSION'#'); export PATH=$M2_HOME/bin:$PATH; fi
--2022-01-08 14:16:59--  https://www-eu.apache.org/dist/maven/maven-3/3.3.9/binaries/apache-maven-3.3.9-bin.zip
Resolving www-eu.apache.org (www-eu.apache.org)... 95.216.26.30, 2a01:4f9:2a:1a61::2
Connecting to www-eu.apache.org (www-eu.apache.org)|95.216.26.30|:443... connected.
WARNING: no certificate subject alternative name matches
	requested host name `www-eu.apache.org'.
HTTP request sent, awaiting response... 302 Found
Location: https://downloads.apache.org/maven/maven-3/3.3.9/binaries/apache-maven-3.3.9-bin.zip [following]
--2022-01-08 14:17:00--  https://downloads.apache.org/maven/maven-3/3.3.9/binaries/apache-maven-3.3.9-bin.zip
Resolving downloads.apache.org (downloads.apache.org)... 135.181.214.104, 88.99.95.219, 2a01:4f8:10a:201a::2, ...
Connecting to downloads.apache.org (downloads.apache.org)|135.181.214.104|:443... connected.
HTTP request sent, awaiting response... 200 OK
Length: 8617253 (8.2M) [application/zip]
Saving to: `apache-maven-3.3.9-bin.zip'

     0K .......... .......... .......... .......... ..........  0%  137K 61s
    50K .......... .......... .......... .......... ..........  1%  276K 45s
   100K .......... .......... .......... .......... ..........  1% 27.0M 30s
   150K .......... .......... .......... .......... ..........  2%  281K 30s
   200K .......... .......... .......... .......... ..........  2% 20.2M 24s
   250K .......... .......... .......... .......... ..........  3% 20.3M 20s
   300K .......... .......... .......... .......... ..........  4% 19.8M 17s
   350K .......... .......... .......... .......... ..........  4%  289K 18s
   400K .......... .......... .......... .......... ..........  5% 16.9M 16s
   450K .......... .......... .......... .......... ..........  5% 20.8M 14s
   500K .......... .......... .......... .......... ..........  6% 19.9M 13s
   550K .......... .......... .......... .......... ..........  7% 30.1M 12s
   600K .......... .......... .......... .......... ..........  7% 28.0M 11s
   650K .......... .......... .......... .......... ..........  8% 25.2M 10s
   700K .......... .......... .......... .......... ..........  8% 29.0M 9s
   750K .......... .......... .......... .......... ..........  9%  302K 10s
   800K .......... .......... .......... .......... .......... 10% 21.7M 10s
   850K .......... .......... .......... .......... .......... 10% 25.5M 9s
   900K .......... .......... .......... .......... .......... 11% 34.6M 9s
   950K .......... .......... .......... .......... .......... 11% 46.0M 8s
  1000K .......... .......... .......... .......... .......... 12% 21.5M 8s
  1050K .......... .......... .......... .......... .......... 13% 18.6M 7s
  1100K .......... .......... .......... .......... .......... 13% 34.6M 7s
  1150K .......... .......... .......... .......... .......... 14% 52.0M 7s
  1200K .......... .......... .......... .......... .......... 14% 44.8M 6s
  1250K .......... .......... .......... .......... .......... 15% 63.5M 6s
  1300K .......... .......... .......... .......... .......... 16%  122M 6s
  1350K .......... .......... .......... .......... .......... 16%  116M 6s
  1400K .......... .......... .......... .......... .......... 17%  114M 5s
  1450K .......... .......... .......... .......... .......... 17%  114M 5s
  1500K .......... .......... .......... .......... .......... 18%  117M 5s
  1550K .......... .......... .......... .......... .......... 19%  308K 5s
  1600K .......... .......... .......... .......... .......... 19% 36.5M 5s
  1650K .......... .......... .......... .......... .......... 20% 55.0M 5s
  1700K .......... .......... .......... .......... .......... 20% 59.6M 5s
  1750K .......... .......... .......... .......... .......... 21% 66.9M 5s
  1800K .......... .......... .......... .......... .......... 21% 59.0M 5s
  1850K .......... .......... .......... .......... .......... 22% 60.6M 4s
  1900K .......... .......... .......... .......... .......... 23% 65.9M 4s
  1950K .......... .......... .......... .......... .......... 23% 58.9M 4s
  2000K .......... .......... .......... .......... .......... 24% 61.9M 4s
  2050K .......... .......... .......... .......... .......... 24% 33.3M 4s
  2100K .......... .......... .......... .......... .......... 25% 24.1M 4s
  2150K .......... .......... .......... .......... .......... 26% 31.4M 4s
  2200K .......... .......... .......... .......... .......... 26% 47.3M 4s
  2250K .......... .......... .......... .......... .......... 27% 35.5M 3s
  2300K .......... .......... .......... .......... .......... 27% 64.0M 3s
  2350K .......... .......... .......... .......... .......... 28% 41.8M 3s
  2400K .......... .......... .......... .......... .......... 29% 36.7M 3s
  2450K .......... .......... .......... .......... .......... 29% 44.4M 3s
  2500K .......... .......... .......... .......... .......... 30% 45.4M 3s
  2550K .......... .......... .......... .......... .......... 30% 59.7M 3s
  2600K .......... .......... .......... .......... .......... 31% 50.8M 3s
  2650K .......... .......... .......... .......... .......... 32% 67.5M 3s
  2700K .......... .......... .......... .......... .......... 32% 80.9M 3s
  2750K .......... .......... .......... .......... .......... 33% 79.8M 3s
  2800K .......... .......... .......... .......... .......... 33% 49.0M 3s
  2850K .......... .......... .......... .......... .......... 34% 57.9M 2s
  2900K .......... .......... .......... .......... .......... 35% 70.5M 2s
  2950K .......... .......... .......... .......... .......... 35% 78.6M 2s
  3000K .......... .......... .......... .......... .......... 36% 78.6M 2s
  3050K .......... .......... .......... .......... .......... 36% 99.7M 2s
  3100K .......... .......... .......... .......... .......... 37%  330K 2s
  3150K .......... .......... .......... .......... .......... 38% 81.5M 2s
  3200K .......... .......... .......... .......... .......... 38% 59.7M 2s
  3250K .......... .......... .......... .......... .......... 39%  120M 2s
  3300K .......... .......... .......... .......... .......... 39% 96.7M 2s
  3350K .......... .......... .......... .......... .......... 40% 96.7M 2s
  3400K .......... .......... .......... .......... .......... 40% 86.7M 2s
  3450K .......... .......... .......... .......... .......... 41%  121M 2s
  3500K .......... .......... .......... .......... .......... 42% 98.5M 2s
  3550K .......... .......... .......... .......... .......... 42% 94.5M 2s
  3600K .......... .......... .......... .......... .......... 43% 95.2M 2s
  3650K .......... .......... .......... .......... .......... 43% 93.5M 2s
  3700K .......... .......... .......... .......... .......... 44%  117M 2s
  3750K .......... .......... .......... .......... .......... 45%  112M 2s
  3800K .......... .......... .......... .......... .......... 45% 97.4M 2s
  3850K .......... .......... .......... .......... .......... 46%  103M 2s
  3900K .......... .......... .......... .......... .......... 46%  110M 2s
  3950K .......... .......... .......... .......... .......... 47% 96.6M 2s
  4000K .......... .......... .......... .......... .......... 48% 69.0M 2s
  4050K .......... .......... .......... .......... .......... 48%  112M 2s
  4100K .......... .......... .......... .......... .......... 49% 82.4M 1s
  4150K .......... .......... .......... .......... .......... 49% 89.6M 1s
  4200K .......... .......... .......... .......... .......... 50%  110M 1s
  4250K .......... .......... .......... .......... .......... 51%  114M 1s
  4300K .......... .......... .......... .......... .......... 51%  113M 1s
  4350K .......... .......... .......... .......... .......... 52% 79.0M 1s
  4400K .......... .......... .......... .......... .......... 52% 90.2M 1s
  4450K .......... .......... .......... .......... .......... 53%  111M 1s
  4500K .......... .......... .......... .......... .......... 54% 45.0M 1s
  4550K .......... .......... .......... .......... .......... 54% 27.5M 1s
  4600K .......... .......... .......... .......... .......... 55% 39.4M 1s
  4650K .......... .......... .......... .......... .......... 55% 40.4M 1s
  4700K .......... .......... .......... .......... .......... 56% 51.7M 1s
  4750K .......... .......... .......... .......... .......... 57% 41.1M 1s
  4800K .......... .......... .......... .......... .......... 57% 45.8M 1s
  4850K .......... .......... .......... .......... .......... 58% 40.5M 1s
  4900K .......... .......... .......... .......... .......... 58% 50.5M 1s
  4950K .......... .......... .......... .......... .......... 59% 41.8M 1s
  5000K .......... .......... .......... .......... .......... 60% 56.2M 1s
  5050K .......... .......... .......... .......... .......... 60% 80.5M 1s
  5100K .......... .......... .......... .......... .......... 61%  108M 1s
  5150K .......... .......... .......... .......... .......... 61% 77.1M 1s
  5200K .......... .......... .......... .......... .......... 62% 81.2M 1s
  5250K .......... .......... .......... .......... .......... 62% 74.1M 1s
  5300K .......... .......... .......... .......... .......... 63%  117M 1s
  5350K .......... .......... .......... .......... .......... 64% 79.5M 1s
  5400K .......... .......... .......... .......... .......... 64%  104M 1s
  5450K .......... .......... .......... .......... .......... 65%  121M 1s
  5500K .......... .......... .......... .......... .......... 65%  107M 1s
  5550K .......... .......... .......... .......... .......... 66%  108M 1s
  5600K .......... .......... .......... .......... .......... 67% 98.4M 1s
  5650K .......... .......... .......... .......... .......... 67%  115M 1s
  5700K .......... .......... .......... .......... .......... 68% 84.3M 1s
  5750K .......... .......... .......... .......... .......... 68%  102M 1s
  5800K .......... .......... .......... .......... .......... 69%  107M 1s
  5850K .......... .......... .......... .......... .......... 70%  110M 1s
  5900K .......... .......... .......... .......... .......... 70%  120M 1s
  5950K .......... .......... .......... .......... .......... 71%  132M 1s
  6000K .......... .......... .......... .......... .......... 71% 91.4M 1s
  6050K .......... .......... .......... .......... .......... 72%  113M 1s
  6100K .......... .......... .......... .......... .......... 73%  337K 1s
  6150K .......... .......... .......... .......... .......... 73% 63.5M 1s
  6200K .......... .......... .......... .......... .......... 74%  108M 1s
  6250K .......... .......... .......... .......... .......... 74%  113M 1s
  6300K .......... .......... .......... .......... .......... 75%  133M 1s
  6350K .......... .......... .......... .......... .......... 76%  126M 1s
  6400K .......... .......... .......... .......... .......... 76%  106M 0s
  6450K .......... .......... .......... .......... .......... 77%  108M 0s
  6500K .......... .......... .......... .......... .......... 77% 96.9M 0s
  6550K .......... .......... .......... .......... .......... 78%  113M 0s
  6600K .......... .......... .......... .......... .......... 79% 98.9M 0s
  6650K .......... .......... .......... .......... .......... 79%  115M 0s
  6700K .......... .......... .......... .......... .......... 80%  113M 0s
  6750K .......... .......... .......... .......... .......... 80%  126M 0s
  6800K .......... .......... .......... .......... .......... 81% 68.4M 0s
  6850K .......... .......... .......... .......... .......... 81% 60.5M 0s
  6900K .......... .......... .......... .......... .......... 82% 69.9M 0s
  6950K .......... .......... .......... .......... .......... 83% 89.0M 0s
  7000K .......... .......... .......... .......... .......... 83% 91.3M 0s
  7050K .......... .......... .......... .......... .......... 84% 99.6M 0s
  7100K .......... .......... .......... .......... .......... 84%  117M 0s
  7150K .......... .......... .......... .......... .......... 85%  120M 0s
  7200K .......... .......... .......... .......... .......... 86% 79.3M 0s
  7250K .......... .......... .......... .......... .......... 86%  111M 0s
  7300K .......... .......... .......... .......... .......... 87% 32.0M 0s
  7350K .......... .......... .......... .......... .......... 87% 46.7M 0s
  7400K .......... .......... .......... .......... .......... 88% 79.4M 0s
  7450K .......... .......... .......... .......... .......... 89% 99.0M 0s
  7500K .......... .......... .......... .......... .......... 89% 94.6M 0s
  7550K .......... .......... .......... .......... .......... 90% 78.9M 0s
  7600K .......... .......... .......... .......... .......... 90% 9.55M 0s
  7650K .......... .......... .......... .......... .......... 91% 64.3M 0s
  7700K .......... .......... .......... .......... .......... 92% 66.6M 0s
  7750K .......... .......... .......... .......... .......... 92% 66.7M 0s
  7800K .......... .......... .......... .......... .......... 93% 61.4M 0s
  7850K .......... .......... .......... .......... .......... 93% 73.8M 0s
  7900K .......... .......... .......... .......... .......... 94% 63.2M 0s
  7950K .......... .......... .......... .......... .......... 95% 68.2M 0s
  8000K .......... .......... .......... .......... .......... 95% 55.1M 0s
  8050K .......... .......... .......... .......... .......... 96% 67.7M 0s
  8100K .......... .......... .......... .......... .......... 96% 68.5M 0s
  8150K .......... .......... .......... .......... .......... 97% 91.8M 0s
  8200K .......... .......... .......... .......... .......... 98%  187M 0s
  8250K .......... .......... .......... .......... .......... 98%  204M 0s
  8300K .......... .......... .......... .......... .......... 99%  203M 0s
  8350K .......... .......... .......... .......... .......... 99%  209M 0s
  8400K .......... .....                                      100%  138M=1.7s

2022-01-08 14:17:02 (4.94 MB/s) - `apache-maven-3.3.9-bin.zip' saved [8617253/8617253]

travis_time:end:00b74374:start=1641651419535048240,finish=1641651422873223168,duration=3338174928[0Ktravis_fold:end:before_install.1[0Ktravis_fold:start:before_install.2[0Ktravis_time:start:01062bcd[0K$ if [ "$TRAVIS_OS_NAME" == "linux" ] && [ "$JVM" == "latest" ]; then sudo apt-get update -qq; sudo /bin/echo -e oracle-java9-installer shared/accepted-oracle-license-v1-1 select true | sudo debconf-set-selections; sudo apt-get -o Dpkg::Options::="--force-confnew" install -y oracle-java9-installer oracle-java9-set-default oracle-java9-unlimited-jce-policy; sudo update-java-alternatives -s java-9-oracle; fi
travis_time:end:01062bcd:start=1641651422880444192,finish=1641651422886354142,duration=5909950[0Ktravis_fold:end:before_install.2[0Ktravis_fold:start:install[0Ktravis_time:start:0ec1f811[0K$ true
travis_time:end:0ec1f811:start=1641651422893584125,finish=1641651422898426437,duration=4842312[0Ktravis_fold:end:install[0Ktravis_time:start:0376d5f6[0K$ mvn clean test verify -Dhttps.protocols=TLSv1.2 -B
Java HotSpot(TM) 64-Bit Server VM warning: ignoring option MaxPermSize=192m; support was removed in 8.0
[INFO] Scanning for projects...
[INFO] ------------------------------------------------------------------------
[INFO] Reactor Build Order:
[INFO] 
[INFO] GraphHopper Parent Project
[INFO] GraphHopper Core
[INFO] GraphHopper Reader for OpenStreetMap Data
[INFO] GraphHopper Reader JSON
[INFO] GraphHopper Tools
[INFO] GraphHopper Web
[INFO] GraphHopper Reader for Shapefile Data
[INFO]                                                                         
[INFO] ------------------------------------------------------------------------
[INFO] Building GraphHopper Parent Project 0.9-SNAPSHOT
[INFO] ------------------------------------------------------------------------
[INFO] 
[INFO] --- maven-clean-plugin:2.5:clean (default-clean) @ graphhopper-parent ---
[INFO] 
[INFO] --- maven-failsafe-plugin:2.19.1:integration-test (default) @ graphhopper-parent ---
[INFO] No tests to run.
[INFO] 
[INFO] --- maven-failsafe-plugin:2.19.1:verify (default) @ graphhopper-parent ---
[INFO]                                                                         
[INFO] ------------------------------------------------------------------------
[INFO] Building GraphHopper Core 0.9-SNAPSHOT
[INFO] ------------------------------------------------------------------------
[INFO] 
[INFO] --- maven-clean-plugin:2.5:clean (default-clean) @ graphhopper-core ---
[INFO] 
[INFO] --- maven-resources-plugin:2.6:resources (default-resources) @ graphhopper-core ---
[INFO] Using 'UTF-8' encoding to copy filtered resources.
[INFO] Copying 2 resources
[INFO] Copying 46 resources
[INFO] 
[INFO] --- maven-compiler-plugin:3.5.1:compile (default-compile) @ graphhopper-core ---
[INFO] Changes detected - recompiling the module!
[INFO] Compiling 266 source files to /home/travis/build/failed/graphhopper/graphhopper/core/target/classes
[INFO] 
[INFO] --- maven-resources-plugin:2.6:testResources (default-testResources) @ graphhopper-core ---
[INFO] Using 'UTF-8' encoding to copy filtered resources.
[INFO] Copying 11 resources
[INFO] 
[INFO] --- maven-compiler-plugin:3.5.1:testCompile (default-testCompile) @ graphhopper-core ---
[INFO] Changes detected - recompiling the module!
[INFO] Compiling 132 source files to /home/travis/build/failed/graphhopper/graphhopper/core/target/test-classes
[INFO] 
[INFO] --- maven-surefire-plugin:2.19.1:test (default-test) @ graphhopper-core ---

-------------------------------------------------------
 T E S T S
-------------------------------------------------------
Running com.graphhopper.reader.OSMElementTest
Tests run: 2, Failures: 0, Errors: 0, Skipped: 0, Time elapsed: 0.03 sec - in com.graphhopper.reader.OSMElementTest
Running com.graphhopper.reader.osm.conditional.ConditionalParserTest
Tests run: 5, Failures: 0, Errors: 0, Skipped: 0, Time elapsed: 0.151 sec - in com.graphhopper.reader.osm.conditional.ConditionalParserTest
Running com.graphhopper.reader.osm.conditional.DateRangeParserTest
Tests run: 18, Failures: 0, Errors: 0, Skipped: 0, Time elapsed: 0.04 sec - in com.graphhopper.reader.osm.conditional.DateRangeParserTest
Running com.graphhopper.reader.osm.conditional.ConditionalOSMTagInspectorTest
Tests run: 7, Failures: 0, Errors: 0, Skipped: 0, Time elapsed: 0.007 sec - in com.graphhopper.reader.osm.conditional.ConditionalOSMTagInspectorTest
Running com.graphhopper.reader.dem.CGIARProviderTest
Tests run: 3, Failures: 0, Errors: 0, Skipped: 0, Time elapsed: 0.846 sec - in com.graphhopper.reader.dem.CGIARProviderTest
Running com.graphhopper.reader.dem.TunnelElevationInterpolatorTest
Tests run: 5, Failures: 0, Errors: 0, Skipped: 0, Time elapsed: 0.077 sec - in com.graphhopper.reader.dem.TunnelElevationInterpolatorTest
Running com.graphhopper.reader.dem.BridgeElevationInterpolatorTest
Tests run: 1, Failures: 0, Errors: 0, Skipped: 0, Time elapsed: 0.004 sec - in com.graphhopper.reader.dem.BridgeElevationInterpolatorTest
Running com.graphhopper.reader.dem.ElevationInterpolatorTest
Tests run: 3, Failures: 0, Errors: 0, Skipped: 0, Time elapsed: 0.001 sec - in com.graphhopper.reader.dem.ElevationInterpolatorTest
Running com.graphhopper.reader.dem.HeightTileTest
Tests run: 3, Failures: 0, Errors: 0, Skipped: 0, Time elapsed: 0.007 sec - in com.graphhopper.reader.dem.HeightTileTest
Running com.graphhopper.reader.dem.SRTMProviderTest
Tests run: 4, Failures: 0, Errors: 0, Skipped: 0, Time elapsed: 6.773 sec - in com.graphhopper.reader.dem.SRTMProviderTest
Running com.graphhopper.reader.OSMNodeTest
Tests run: 1, Failures: 0, Errors: 0, Skipped: 0, Time elapsed: 0 sec - in com.graphhopper.reader.OSMNodeTest
Running com.graphhopper.reader.PrinctonReaderTest
Tests run: 2, Failures: 0, Errors: 0, Skipped: 0, Time elapsed: 0.037 sec - in com.graphhopper.reader.PrinctonReaderTest
Running com.graphhopper.routing.util.MotorcycleFlagEncoderTest
Tests run: 4, Failures: 0, Errors: 0, Skipped: 0, Time elapsed: 0.005 sec - in com.graphhopper.routing.util.MotorcycleFlagEncoderTest
Running com.graphhopper.routing.util.BikeFlagEncoderTest
Tests run: 25, Failures: 0, Errors: 0, Skipped: 0, Time elapsed: 0.049 sec - in com.graphhopper.routing.util.BikeFlagEncoderTest
Running com.graphhopper.routing.util.spatialrules.SpatialRuleLookupQuadtreeTest
Tests run: 5, Failures: 0, Errors: 0, Skipped: 0, Time elapsed: 0.094 sec - in com.graphhopper.routing.util.spatialrules.SpatialRuleLookupQuadtreeTest
Running com.graphhopper.routing.util.spatialrules.SpatialRuleLookupArrayTest
Tests run: 5, Failures: 0, Errors: 0, Skipped: 0, Time elapsed: 0.019 sec - in com.graphhopper.routing.util.spatialrules.SpatialRuleLookupArrayTest
Running com.graphhopper.routing.util.spatialrules.PolygonTest
Tests run: 1, Failures: 0, Errors: 0, Skipped: 0, Time elapsed: 0 sec - in com.graphhopper.routing.util.spatialrules.PolygonTest
Running com.graphhopper.routing.util.Bike2WeightFlagEncoderTest
Tests run: 29, Failures: 0, Errors: 0, Skipped: 0, Time elapsed: 0.018 sec - in com.graphhopper.routing.util.Bike2WeightFlagEncoderTest
Running com.graphhopper.routing.util.FootFlagEncoderTest
Tests run: 12, Failures: 0, Errors: 0, Skipped: 0, Time elapsed: 0.029 sec - in com.graphhopper.routing.util.FootFlagEncoderTest
Running com.graphhopper.routing.util.MountainBikeFlagEncoderTest
Tests run: 17, Failures: 0, Errors: 0, Skipped: 0, Time elapsed: 0.008 sec - in com.graphhopper.routing.util.MountainBikeFlagEncoderTest
Running com.graphhopper.routing.util.AbstractFlagEncoderTest
Tests run: 1, Failures: 0, Errors: 0, Skipped: 0, Time elapsed: 0 sec - in com.graphhopper.routing.util.AbstractFlagEncoderTest
Running com.graphhopper.routing.util.HikeFlagEncoderTest
Tests run: 1, Failures: 0, Errors: 0, Skipped: 0, Time elapsed: 0 sec - in com.graphhopper.routing.util.HikeFlagEncoderTest
Running com.graphhopper.routing.util.CarFlagEncoderTest
Tests run: 21, Failures: 0, Errors: 0, Skipped: 0, Time elapsed: 0.01 sec - in com.graphhopper.routing.util.CarFlagEncoderTest
Running com.graphhopper.routing.util.Car4WDFlagEncoderTest
Tests run: 21, Failures: 0, Errors: 0, Skipped: 0, Time elapsed: 0.009 sec - in com.graphhopper.routing.util.Car4WDFlagEncoderTest
Running com.graphhopper.routing.util.tour.SinglePointTourTest
Tests run: 1, Failures: 0, Errors: 0, Skipped: 0, Time elapsed: 0 sec - in com.graphhopper.routing.util.tour.SinglePointTourTest
Running com.graphhopper.routing.util.DataFlagEncoderTest
Tests run: 17, Failures: 0, Errors: 1, Skipped: 0, Time elapsed: 0.048 sec <<< FAILURE! - in com.graphhopper.routing.util.DataFlagEncoderTest
testSpatialId(com.graphhopper.routing.util.DataFlagEncoderTest)  Time elapsed: 0.011 sec  <<< ERROR!
java.lang.RuntimeException: Error while parsing way Way id:27, nodes:0, tags:{highway=track, estimated_center=0.005,0.005}
	at com.graphhopper.routing.util.DataFlagEncoderTest.testSpatialId(DataFlagEncoderTest.java:377)
Caused by: java.lang.NullPointerException
	at com.graphhopper.routing.util.DataFlagEncoderTest.testSpatialId(DataFlagEncoderTest.java:377)

Running com.graphhopper.routing.util.EncodedValueTest
Tests run: 2, Failures: 0, Errors: 0, Skipped: 0, Time elapsed: 0 sec - in com.graphhopper.routing.util.EncodedValueTest
Running com.graphhopper.routing.util.NameSimilarityEdgeFilterTest
Tests run: 4, Failures: 0, Errors: 0, Skipped: 0, Time elapsed: 0.003 sec - in com.graphhopper.routing.util.NameSimilarityEdgeFilterTest
Running com.graphhopper.routing.util.RacingBikeFlagEncoderTest
Tests run: 18, Failures: 0, Errors: 0, Skipped: 0, Time elapsed: 0.009 sec - in com.graphhopper.routing.util.RacingBikeFlagEncoderTest
Running com.graphhopper.routing.util.EncodingManagerTest
Tests run: 10, Failures: 0, Errors: 0, Skipped: 0, Time elapsed: 0.009 sec - in com.graphhopper.routing.util.EncodingManagerTest
Running com.graphhopper.routing.util.EncodedDoubleValueTest
Tests run: 4, Failures: 0, Errors: 0, Skipped: 0, Time elapsed: 0 sec - in com.graphhopper.routing.util.EncodedDoubleValueTest
Running com.graphhopper.routing.ch.CHAlgoFactoryDecoratorTest
Tests run: 1, Failures: 0, Errors: 0, Skipped: 0, Time elapsed: 0 sec - in com.graphhopper.routing.ch.CHAlgoFactoryDecoratorTest
Running com.graphhopper.routing.ch.DijkstraBidirectionCHTest
Tests run: 27, Failures: 0, Errors: 0, Skipped: 0, Time elapsed: 0.621 sec - in com.graphhopper.routing.ch.DijkstraBidirectionCHTest
Running com.graphhopper.routing.ch.PrepareContractionHierarchiesTest
Tests run: 18, Failures: 0, Errors: 0, Skipped: 0, Time elapsed: 0.104 sec - in com.graphhopper.routing.ch.PrepareContractionHierarchiesTest
Running com.graphhopper.routing.ch.PrepareEncoderTest
Tests run: 1, Failures: 0, Errors: 0, Skipped: 0, Time elapsed: 0 sec - in com.graphhopper.routing.ch.PrepareEncoderTest
Running com.graphhopper.routing.weighting.AbstractWeightingTest
Tests run: 1, Failures: 0, Errors: 0, Skipped: 0, Time elapsed: 0 sec - in com.graphhopper.routing.weighting.AbstractWeightingTest
Running com.graphhopper.routing.weighting.ShortFastestWeightingTest
Tests run: 2, Failures: 0, Errors: 0, Skipped: 0, Time elapsed: 0.001 sec - in com.graphhopper.routing.weighting.ShortFastestWeightingTest
Running com.graphhopper.routing.weighting.GenericWeightingTest
Tests run: 6, Failures: 0, Errors: 0, Skipped: 0, Time elapsed: 0.028 sec - in com.graphhopper.routing.weighting.GenericWeightingTest
Running com.graphhopper.routing.weighting.FastestWeightingTest
Tests run: 4, Failures: 0, Errors: 0, Skipped: 0, Time elapsed: 0.006 sec - in com.graphhopper.routing.weighting.FastestWeightingTest
Running com.graphhopper.routing.lm.LandmarkStorageTest
2022-01-08 14:17:53,649 [main] WARN  com.graphhopper.routing.lm.LandmarkStorage - next start node not found in big enough network of size 2, first element is 5, 0.0,0.0
Tests run: 7, Failures: 0, Errors: 0, Skipped: 0, Time elapsed: 0.036 sec - in com.graphhopper.routing.lm.LandmarkStorageTest
Running com.graphhopper.routing.lm.PrepareLandmarksTest
Tests run: 2, Failures: 0, Errors: 0, Skipped: 0, Time elapsed: 0.056 sec - in com.graphhopper.routing.lm.PrepareLandmarksTest
Running com.graphhopper.routing.lm.LMAlgoFactoryDecoratorTest
Tests run: 1, Failures: 0, Errors: 0, Skipped: 0, Time elapsed: 0.002 sec - in com.graphhopper.routing.lm.LMAlgoFactoryDecoratorTest
Running com.graphhopper.routing.template.RoundTripRoutingTemplateTest
Tests run: 1, Failures: 0, Errors: 0, Skipped: 0, Time elapsed: 0.009 sec - in com.graphhopper.routing.template.RoundTripRoutingTemplateTest
Running com.graphhopper.routing.PathBidirRefTest
Tests run: 2, Failures: 0, Errors: 0, Skipped: 0, Time elapsed: 0.015 sec - in com.graphhopper.routing.PathBidirRefTest
Running com.graphhopper.routing.AStarTest
Tests run: 96, Failures: 0, Errors: 0, Skipped: 0, Time elapsed: 0.356 sec - in com.graphhopper.routing.AStarTest
Running com.graphhopper.routing.QueryGraphTest
Tests run: 17, Failures: 0, Errors: 0, Skipped: 0, Time elapsed: 0.041 sec - in com.graphhopper.routing.QueryGraphTest
Running com.graphhopper.routing.subnetwork.PrepareRoutingSubnetworksTest
Tests run: 9, Failures: 0, Errors: 0, Skipped: 0, Time elapsed: 0.035 sec - in com.graphhopper.routing.subnetwork.PrepareRoutingSubnetworksTest
Running com.graphhopper.routing.subnetwork.SubnetworkStorageTest
Tests run: 1, Failures: 0, Errors: 0, Skipped: 0, Time elapsed: 0 sec - in com.graphhopper.routing.subnetwork.SubnetworkStorageTest
Running com.graphhopper.routing.DijkstraTest
Tests run: 96, Failures: 0, Errors: 0, Skipped: 0, Time elapsed: 0.447 sec - in com.graphhopper.routing.DijkstraTest
Running com.graphhopper.routing.EdgeBasedRoutingAlgorithmTest
Tests run: 12, Failures: 0, Errors: 0, Skipped: 0, Time elapsed: 0.041 sec - in com.graphhopper.routing.EdgeBasedRoutingAlgorithmTest
Running com.graphhopper.routing.PathTest
Tests run: 8, Failures: 0, Errors: 0, Skipped: 0, Time elapsed: 0.038 sec - in com.graphhopper.routing.PathTest
Running com.graphhopper.routing.DijkstraOneToManyTest
Tests run: 30, Failures: 0, Errors: 0, Skipped: 0, Time elapsed: 0.101 sec - in com.graphhopper.routing.DijkstraOneToManyTest
Running com.graphhopper.routing.AStarBidirectionTest
Tests run: 100, Failures: 0, Errors: 0, Skipped: 0, Time elapsed: 0.328 sec - in com.graphhopper.routing.AStarBidirectionTest
Running com.graphhopper.routing.AlternativeRouteTest
Tests run: 6, Failures: 0, Errors: 0, Skipped: 0, Time elapsed: 0.011 sec - in com.graphhopper.routing.AlternativeRouteTest
Running com.graphhopper.routing.DijkstraBidirectionRefTest
Tests run: 96, Failures: 0, Errors: 0, Skipped: 0, Time elapsed: 0.281 sec - in com.graphhopper.routing.DijkstraBidirectionRefTest
Running com.graphhopper.storage.index.Location2IDQuadtreeTest
Tests run: 8, Failures: 0, Errors: 0, Skipped: 0, Time elapsed: 1.9 sec - in com.graphhopper.storage.index.Location2IDQuadtreeTest
Running com.graphhopper.storage.index.Location2IDFullIndexTest
Tests run: 8, Failures: 0, Errors: 0, Skipped: 0, Time elapsed: 0.258 sec - in com.graphhopper.storage.index.Location2IDFullIndexTest
Running com.graphhopper.storage.index.LocationIndexTreeCHTest
Tests run: 22, Failures: 0, Errors: 0, Skipped: 0, Time elapsed: 0.887 sec - in com.graphhopper.storage.index.LocationIndexTreeCHTest
Running com.graphhopper.storage.index.LocationIndexTreeTest
Tests run: 19, Failures: 0, Errors: 0, Skipped: 0, Time elapsed: 0.649 sec - in com.graphhopper.storage.index.LocationIndexTreeTest
Running com.graphhopper.storage.index.Location2IDFullWithEdgesIndexTest
Tests run: 8, Failures: 0, Errors: 0, Skipped: 0, Time elapsed: 0.237 sec - in com.graphhopper.storage.index.Location2IDFullWithEdgesIndexTest
Running com.graphhopper.storage.index.BresenhamLineTest
Tests run: 9, Failures: 0, Errors: 0, Skipped: 0, Time elapsed: 0.001 sec - in com.graphhopper.storage.index.BresenhamLineTest
Running com.graphhopper.storage.GraphEdgeIdFinderTest
Tests run: 1, Failures: 0, Errors: 0, Skipped: 0, Time elapsed: 0.012 sec - in com.graphhopper.storage.GraphEdgeIdFinderTest
Running com.graphhopper.storage.UnsafeDataAccessTest
Tests run: 15, Failures: 0, Errors: 0, Skipped: 0, Time elapsed: 0.012 sec - in com.graphhopper.storage.UnsafeDataAccessTest
Running com.graphhopper.storage.EdgeTest
Tests run: 1, Failures: 0, Errors: 0, Skipped: 0, Time elapsed: 0 sec - in com.graphhopper.storage.EdgeTest
Running com.graphhopper.storage.GraphHopperStorageCHTest
Tests run: 56, Failures: 0, Errors: 0, Skipped: 0, Time elapsed: 1.413 sec - in com.graphhopper.storage.GraphHopperStorageCHTest
Running com.graphhopper.storage.GraphHopperStorageTest
Tests run: 47, Failures: 0, Errors: 0, Skipped: 0, Time elapsed: 0.675 sec - in com.graphhopper.storage.GraphHopperStorageTest
Running com.graphhopper.storage.GraphStorageViaMMapTest
Tests run: 39, Failures: 0, Errors: 0, Skipped: 0, Time elapsed: 17.02 sec - in com.graphhopper.storage.GraphStorageViaMMapTest
Running com.graphhopper.storage.RAMDirectoryTest
Tests run: 4, Failures: 0, Errors: 0, Skipped: 0, Time elapsed: 0.004 sec - in com.graphhopper.storage.RAMDirectoryTest
Running com.graphhopper.storage.MMapDirectoryTest
Tests run: 4, Failures: 0, Errors: 0, Skipped: 0, Time elapsed: 0.282 sec - in com.graphhopper.storage.MMapDirectoryTest
Running com.graphhopper.storage.RAMDataAccessTest
Tests run: 14, Failures: 0, Errors: 0, Skipped: 0, Time elapsed: 0.004 sec - in com.graphhopper.storage.RAMDataAccessTest
Running com.graphhopper.storage.VLongStorageTest
Tests run: 2, Failures: 0, Errors: 0, Skipped: 0, Time elapsed: 0 sec - in com.graphhopper.storage.VLongStorageTest
Running com.graphhopper.storage.SynchedDAWrapperTest
Tests run: 14, Failures: 0, Errors: 0, Skipped: 0, Time elapsed: 0.003 sec - in com.graphhopper.storage.SynchedDAWrapperTest
Running com.graphhopper.storage.GraphHopperStorageWithTurnCostsTest
Tests run: 48, Failures: 0, Errors: 0, Skipped: 0, Time elapsed: 0.839 sec - in com.graphhopper.storage.GraphHopperStorageWithTurnCostsTest
Running com.graphhopper.storage.MMapDataAccessTest
Tests run: 16, Failures: 0, Errors: 0, Skipped: 0, Time elapsed: 5.661 sec - in com.graphhopper.storage.MMapDataAccessTest
Running com.graphhopper.storage.SimpleFSLockFactoryTest
Tests run: 2, Failures: 0, Errors: 0, Skipped: 0, Time elapsed: 0.002 sec - in com.graphhopper.storage.SimpleFSLockFactoryTest
Running com.graphhopper.storage.StorablePropertiesTest
Tests run: 3, Failures: 0, Errors: 0, Skipped: 0, Time elapsed: 0.001 sec - in com.graphhopper.storage.StorablePropertiesTest
Running com.graphhopper.storage.NativeFSLockFactoryTest
Tests run: 3, Failures: 0, Errors: 0, Skipped: 0, Time elapsed: 0.006 sec - in com.graphhopper.storage.NativeFSLockFactoryTest
Running com.graphhopper.storage.RAMIntDataAccessTest
Tests run: 14, Failures: 0, Errors: 0, Skipped: 0, Time elapsed: 0.009 sec - in com.graphhopper.storage.RAMIntDataAccessTest
Running com.graphhopper.storage.GraphHopperStorageForDataFlagEncoderTest
Tests run: 1, Failures: 0, Errors: 0, Skipped: 0, Time elapsed: 0.051 sec - in com.graphhopper.storage.GraphHopperStorageForDataFlagEncoderTest
Running com.graphhopper.util.shapes.GHPoint3DTest
Tests run: 1, Failures: 0, Errors: 0, Skipped: 0, Time elapsed: 0 sec - in com.graphhopper.util.shapes.GHPoint3DTest
Running com.graphhopper.util.shapes.BBoxTest
Tests run: 8, Failures: 0, Errors: 0, Skipped: 0, Time elapsed: 0.001 sec - in com.graphhopper.util.shapes.BBoxTest
Running com.graphhopper.util.shapes.GHPointTest
Tests run: 1, Failures: 0, Errors: 0, Skipped: 0, Time elapsed: 0 sec - in com.graphhopper.util.shapes.GHPointTest
Running com.graphhopper.util.shapes.CircleTest
Tests run: 5, Failures: 0, Errors: 0, Skipped: 0, Time elapsed: 0 sec - in com.graphhopper.util.shapes.CircleTest
Running com.graphhopper.util.BitUtilBigTest
Tests run: 10, Failures: 0, Errors: 0, Skipped: 0, Time elapsed: 0 sec - in com.graphhopper.util.BitUtilBigTest
Running com.graphhopper.util.SimpleIntDequeTest
Tests run: 3, Failures: 0, Errors: 0, Skipped: 0, Time elapsed: 0 sec - in com.graphhopper.util.SimpleIntDequeTest
Running com.graphhopper.util.TranslationMapTest
Tests run: 2, Failures: 0, Errors: 0, Skipped: 0, Time elapsed: 0 sec - in com.graphhopper.util.TranslationMapTest
Running com.graphhopper.util.DepthFirstSearchTest
Tests run: 2, Failures: 0, Errors: 0, Skipped: 0, Time elapsed: 0.024 sec - in com.graphhopper.util.DepthFirstSearchTest
Running com.graphhopper.util.BreadthFirstSearchTest
Tests run: 2, Failures: 0, Errors: 0, Skipped: 0, Time elapsed: 0.003 sec - in com.graphhopper.util.BreadthFirstSearchTest
Running com.graphhopper.util.GHUtilityTest
Tests run: 7, Failures: 0, Errors: 0, Skipped: 0, Time elapsed: 0.059 sec - in com.graphhopper.util.GHUtilityTest
Running com.graphhopper.util.ConfigMapTest
Tests run: 1, Failures: 0, Errors: 0, Skipped: 0, Time elapsed: 0 sec - in com.graphhopper.util.ConfigMapTest
Running com.graphhopper.util.FinishInstructionTest
Tests run: 1, Failures: 0, Errors: 0, Skipped: 0, Time elapsed: 0 sec - in com.graphhopper.util.FinishInstructionTest
Running com.graphhopper.util.PointListTest
Tests run: 4, Failures: 0, Errors: 0, Skipped: 0, Time elapsed: 0 sec - in com.graphhopper.util.PointListTest
Running com.graphhopper.util.DistanceCalcEarthTest
Tests run: 6, Failures: 0, Errors: 0, Skipped: 0, Time elapsed: 0 sec - in com.graphhopper.util.DistanceCalcEarthTest
Running com.graphhopper.util.InstructionTest
Tests run: 1, Failures: 0, Errors: 0, Skipped: 0, Time elapsed: 0 sec - in com.graphhopper.util.InstructionTest
Running com.graphhopper.util.CHEdgeIteratorTest
Tests run: 1, Failures: 0, Errors: 0, Skipped: 0, Time elapsed: 0 sec - in com.graphhopper.util.CHEdgeIteratorTest
Running com.graphhopper.util.DouglasPeuckerTest
Tests run: 4, Failures: 0, Errors: 0, Skipped: 0, Time elapsed: 0.001 sec - in com.graphhopper.util.DouglasPeuckerTest
Running com.graphhopper.util.BitUtilLittleTest
Tests run: 10, Failures: 0, Errors: 0, Skipped: 0, Time elapsed: 0 sec - in com.graphhopper.util.BitUtilLittleTest
Running com.graphhopper.util.AngleCalcTest
Tests run: 8, Failures: 0, Errors: 0, Skipped: 0, Time elapsed: 0 sec - in com.graphhopper.util.AngleCalcTest
Running com.graphhopper.util.PMapTest
Tests run: 6, Failures: 0, Errors: 0, Skipped: 0, Time elapsed: 0.001 sec - in com.graphhopper.util.PMapTest
Running com.graphhopper.util.HelperTest
Tests run: 9, Failures: 0, Errors: 0, Skipped: 0, Time elapsed: 0.003 sec - in com.graphhopper.util.HelperTest
Running com.graphhopper.util.InstructionListTest
Tests run: 11, Failures: 0, Errors: 0, Skipped: 0, Time elapsed: 0.173 sec - in com.graphhopper.util.InstructionListTest
Running com.graphhopper.coll.GHTreeMapComposedTest
Tests run: 1, Failures: 0, Errors: 0, Skipped: 0, Time elapsed: 0 sec - in com.graphhopper.coll.GHTreeMapComposedTest
Running com.graphhopper.coll.GHTBitSetTest
Tests run: 5, Failures: 0, Errors: 0, Skipped: 0, Time elapsed: 0 sec - in com.graphhopper.coll.GHTBitSetTest
Running com.graphhopper.coll.BitSetImplTest
Tests run: 5, Failures: 0, Errors: 0, Skipped: 0, Time elapsed: 0.001 sec - in com.graphhopper.coll.BitSetImplTest
Running com.graphhopper.coll.GHLongIntBTreeTest
Tests run: 6, Failures: 0, Errors: 0, Skipped: 0, Time elapsed: 0.006 sec - in com.graphhopper.coll.GHLongIntBTreeTest
Running com.graphhopper.coll.GHSortedCollectionTest
Tests run: 3, Failures: 0, Errors: 0, Skipped: 0, Time elapsed: 0 sec - in com.graphhopper.coll.GHSortedCollectionTest
Running com.graphhopper.coll.CompressedArrayTest
Tests run: 2, Failures: 0, Errors: 0, Skipped: 0, Time elapsed: 0.02 sec - in com.graphhopper.coll.CompressedArrayTest
Running com.graphhopper.coll.GHIntArrayListTest
Tests run: 3, Failures: 0, Errors: 0, Skipped: 0, Time elapsed: 0 sec - in com.graphhopper.coll.GHIntArrayListTest
Running com.graphhopper.coll.OSMIDMapTest
Tests run: 5, Failures: 0, Errors: 0, Skipped: 0, Time elapsed: 0.001 sec - in com.graphhopper.coll.OSMIDMapTest
Running com.graphhopper.geohash.LinearKeyAlgoTest
Tests run: 3, Failures: 0, Errors: 0, Skipped: 0, Time elapsed: 0 sec - in com.graphhopper.geohash.LinearKeyAlgoTest
Running com.graphhopper.geohash.SpatialKeyAlgoTest
Tests run: 10, Failures: 0, Errors: 0, Skipped: 0, Time elapsed: 0 sec - in com.graphhopper.geohash.SpatialKeyAlgoTest
Running com.graphhopper.GHRequestTest
Tests run: 2, Failures: 0, Errors: 0, Skipped: 0, Time elapsed: 0 sec - in com.graphhopper.GHRequestTest
Running com.graphhopper.GHResponseTest
Tests run: 2, Failures: 0, Errors: 0, Skipped: 0, Time elapsed: 0 sec - in com.graphhopper.GHResponseTest
Running com.graphhopper.search.NameIndexTest
Tests run: 5, Failures: 0, Errors: 0, Skipped: 0, Time elapsed: 0.006 sec - in com.graphhopper.search.NameIndexTest
Running com.graphhopper.apache.commons.lang3.StringUtilsTest
Tests run: 3, Failures: 0, Errors: 0, Skipped: 0, Time elapsed: 0 sec - in com.graphhopper.apache.commons.lang3.StringUtilsTest
Running com.graphhopper.apache.commons.collections.IntDoubleBinaryHeapTest
Tests run: 6, Failures: 0, Errors: 0, Skipped: 0, Time elapsed: 0.002 sec - in com.graphhopper.apache.commons.collections.IntDoubleBinaryHeapTest
Running com.graphhopper.GraphHopperAPITest
Tests run: 4, Failures: 0, Errors: 0, Skipped: 0, Time elapsed: 0.545 sec - in com.graphhopper.GraphHopperAPITest

Results :

Tests in error: 
  DataFlagEncoderTest.testSpatialId:377 Â» Runtime Error while parsing way Way id...

Tests run: 1322, Failures: 0, Errors: 1, Skipped: 0

[INFO] ------------------------------------------------------------------------
[INFO] Reactor Summary:
[INFO] 
[INFO] GraphHopper Parent Project ......................... SUCCESS [  0.472 s]
[INFO] GraphHopper Core ................................... FAILURE [01:21 min]
[INFO] GraphHopper Reader for OpenStreetMap Data .......... SKIPPED
[INFO] GraphHopper Reader JSON ............................ SKIPPED
[INFO] GraphHopper Tools .................................. SKIPPED
[INFO] GraphHopper Web .................................... SKIPPED
[INFO] GraphHopper Reader for Shapefile Data .............. SKIPPED
[INFO] ------------------------------------------------------------------------
[INFO] BUILD FAILURE
[INFO] ------------------------------------------------------------------------
[INFO] Total time: 01:22 min
[INFO] Finished at: 2022-01-08T14:18:26+00:00
[INFO] Final Memory: 11M/491M
[INFO] ------------------------------------------------------------------------
[ERROR] Failed to execute goal org.apache.maven.plugins:maven-surefire-plugin:2.19.1:test (default-test) on project graphhopper-core: There are test failures.
[ERROR] 
[ERROR] Please refer to /home/travis/build/failed/graphhopper/graphhopper/core/target/surefire-reports for the individual test results.
[ERROR] -> [Help 1]
[ERROR] 
[ERROR] To see the full stack trace of the errors, re-run Maven with the -e switch.
[ERROR] Re-run Maven using the -X switch to enable full debug logging.
[ERROR] 
[ERROR] For more information about the errors and possible solutions, please read the following articles:
[ERROR] [Help 1] http://cwiki.apache.org/confluence/display/MAVEN/MojoFailureException
[ERROR] 
[ERROR] After correcting the problems, you can resume the build with the command
[ERROR]   mvn <goals> -rf :graphhopper-core
travis_time:end:0376d5f6:start=1641651422906188397,finish=1641651506823722574,duration=83917534177[0K[31;1mThe command "mvn clean test verify -Dhttps.protocols=TLSv1.2 -B" exited with 1.[0m

travis_fold:start:cache.2[0Kstore build cache
travis_time:start:2d950ba0[0Ktravis_time:end:2d950ba0:start=1641651506830371561,finish=1641651506834600863,duration=4229302[0Ktravis_time:start:0024e787[0KYAML safe loading is not available. Please upgrade psych to a version that supports safe loading (>= 2.0).
[32;1mchanges detected, packing new archive[0m
[32;1muploading /[0m
[31;1mfailed to upload cache[0m
travis_time:end:0024e787:start=1641651506839921911,finish=1641651510080920046,duration=3240998135[0Ktravis_fold:end:cache.2[0K

Done. Your build exited with 1.
