travis_time:start:0d229996[0Ktravis_time:end:0d229996:start=1641701326462099477,finish=1641701326604539274,duration=142439797,event=no_world_writable_dirs[0Ktravis_time:start:28f08c2f[0Ktravis_time:end:28f08c2f:start=1641701326610762435,finish=1641701326615000326,duration=4237891,event=check_unsupported[0Ktravis_time:start:190ce3b8[0Ktravis_fold:start:system_info[0K[33;1mBuild system information[0m
Build language: java
Build id: ''
Job id: ''
Runtime kernel version: 4.15.0-109-generic
[34m[1mBuild image provisioning date and time[0m
Thu Feb  5 15:09:33 UTC 2015
[34m[1mOperating System Details[0m
Distributor ID:	Ubuntu
Description:	Ubuntu 12.04.5 LTS
Release:	12.04
Codename:	precise
[34m[1mLinux Version[0m
3.13.0-29-generic
[34m[1mCookbooks Version[0m
a68419e https://github.com/travis-ci/travis-cookbooks/tree/a68419e
[34m[1mGCC version[0m
gcc (Ubuntu/Linaro 4.6.3-1ubuntu5) 4.6.3
Copyright (C) 2011 Free Software Foundation, Inc.
This is free software; see the source for copying conditions.  There is NO
warranty; not even for MERCHANTABILITY or FITNESS FOR A PARTICULAR PURPOSE.

[34m[1mLLVM version[0m
clang version 3.4 (tags/RELEASE_34/final)
Target: x86_64-unknown-linux-gnu
Thread model: posix
[34m[1mPre-installed Ruby versions[0m
ruby-1.9.3-p551
[34m[1mPre-installed Node.js versions[0m
v0.10.36
[34m[1mPre-installed Go versions[0m
1.4.1
[34m[1mRedis version[0m
redis-server 2.8.19
[34m[1mriak version[0m
2.0.2
[34m[1mMongoDB version[0m
MongoDB 2.4.12
[34m[1mCouchDB version[0m
couchdb 1.6.1
[34m[1mNeo4j version[0m
1.9.4
[34m[1mRabbitMQ Version[0m
3.4.3
[34m[1mElasticSearch version[0m
1.4.0
[34m[1mInstalled Sphinx versions[0m
2.0.10
2.1.9
2.2.6
[34m[1mDefault Sphinx version[0m
2.2.6
[34m[1mInstalled Firefox version[0m
firefox 31.0esr
[34m[1mPhantomJS version[0m
1.9.8
[34m[1mant -version[0m
Apache Ant(TM) version 1.8.2 compiled on December 3 2011
[34m[1mmvn -version[0m
Apache Maven 3.2.5 (12a6b3acb947671f09b81f49094c53f426d8cea1; 2014-12-14T17:29:23+00:00)
Maven home: /usr/local/maven
Java version: 1.7.0_76, vendor: Oracle Corporation
Java home: /usr/lib/jvm/java-7-oracle/jre
Default locale: en_US, platform encoding: ANSI_X3.4-1968
OS name: "linux", version: "3.13.0-29-generic", arch: "amd64", family: "unix"
travis_fold:end:system_info[0K
travis_time:end:190ce3b8:start=1641701326620711129,finish=1641701326629759525,duration=9048396,event=show_system_info[0Ktravis_time:start:17ab66a3[0Ktravis_time:end:17ab66a3:start=1641701326636104553,finish=1641701326849583948,duration=213479395,event=rm_riak_source[0Ktravis_time:start:25f26723[0Ktravis_time:end:25f26723:start=1641701326854964808,finish=1641701326863982971,duration=9018163,event=fix_rwky_redis[0Ktravis_time:start:0f95d256[0K[31;1mTimeout waiting for network availability.[0m
travis_time:end:0f95d256:start=1641701326869493379,finish=1641701347509537810,duration=20640044431,event=wait_for_network[0Ktravis_time:start:00b2eb84[0Ktravis_time:end:00b2eb84:start=1641701347516292775,finish=1641701348517192477,duration=1000899702,event=update_apt_keys[0Ktravis_time:start:28213264[0Ktravis_time:end:28213264:start=1641701348522297739,finish=1641701348596814155,duration=74516416,event=fix_hhvm_source[0Ktravis_time:start:0028328c[0Ktravis_time:end:0028328c:start=1641701348602648064,finish=1641701348607019804,duration=4371740,event=update_mongo_arch[0Ktravis_time:start:0873e190[0Ktravis_time:end:0873e190:start=1641701348612217922,finish=1641701348660692605,duration=48474683,event=fix_sudo_enabled_trusty[0Ktravis_time:start:0f5a5afa[0Ktravis_time:end:0f5a5afa:start=1641701348667196337,finish=1641701348679882784,duration=12686447,event=clean_up_path[0Ktravis_time:start:06b51e78[0Ktravis_time:end:06b51e78:start=1641701348684955944,finish=1641701348699797929,duration=14841985,event=fix_resolv_conf[0Ktravis_time:start:18fccf18[0Ktravis_time:end:18fccf18:start=1641701348704955117,finish=1641701348721925576,duration=16970459,event=fix_etc_hosts[0Ktravis_time:start:0721929a[0Ktravis_time:start:030a02d0[0Ktravis_time:end:030a02d0:start=1641701348741823106,finish=1641701348757653274,duration=15830168,event=no_ipv6_localhost[0Ktravis_time:start:0a89c370[0Ktravis_time:end:0a89c370:start=1641701348763505191,finish=1641701348818724356,duration=55219165,event=fix_etc_mavenrc[0Ktravis_time:start:31005ae0[0Ktravis_time:end:31005ae0:start=1641701348824135121,finish=1641701348829811972,duration=5676851,event=fix_wwdr_certificate[0Ktravis_time:start:000752d0[0Ktravis_time:end:000752d0:start=1641701348835230401,finish=1641701348872567348,duration=37336947,event=put_localhost_first[0Ktravis_time:start:0051bf08[0Ktravis_time:end:0051bf08:start=1641701348878512223,finish=1641701348883615549,duration=5103326,event=home_paths[0Ktravis_time:start:1d49a177[0Ktravis_time:end:1d49a177:start=1641701348889713576,finish=1641701349031964897,duration=142251321,event=disable_initramfs[0Ktravis_time:start:12f85d2e[0Ktravis_time:end:12f85d2e:start=1641701349037335760,finish=1641701349075941781,duration=38606021,event=disable_ssh_roaming[0Ktravis_time:start:31e9baa2[0Ktravis_time:end:31e9baa2:start=1641701349081803595,finish=1641701349085753129,duration=3949534,event=debug_tools[0Ktravis_time:start:3796a960[0Ktravis_time:end:3796a960:start=1641701349090578158,finish=1641701349096174343,duration=5596185,event=uninstall_oclint[0Ktravis_time:start:03c9c80d[0Ktravis_time:end:03c9c80d:start=1641701349101772176,finish=1641701349108013009,duration=6240833,event=rvm_use[0Ktravis_time:start:029bd4c0[0Ktravis_time:end:029bd4c0:start=1641701349113895204,finish=1641701349128067143,duration=14171939,event=rm_etc_boto_cfg[0Ktravis_time:start:05493eb7[0Ktravis_time:end:05493eb7:start=1641701349133833459,finish=1641701349138111120,duration=4277661,event=rm_oraclejdk8_symlink[0Ktravis_time:start:1da34fb6[0Ktravis_time:end:1da34fb6:start=1641701349143931536,finish=1641701349193320604,duration=49389068,event=enable_i386[0Ktravis_time:start:263b3cf0[0Ktravis_time:end:263b3cf0:start=1641701349199493413,finish=1641701349207069026,duration=7575613,event=update_rubygems[0Ktravis_time:start:067a3612[0Ktravis_time:end:067a3612:start=1641701349213422312,finish=1641701349221969559,duration=8547247,event=ensure_path_components[0Ktravis_time:start:22f74302[0Ktravis_time:end:22f74302:start=1641701349228032284,finish=1641701349232772536,duration=4740252,event=redefine_curl[0Ktravis_time:start:06aec61e[0Ktravis_time:end:06aec61e:start=1641701349239781554,finish=1641701349244629945,duration=4848391,event=nonblock_pipe[0Ktravis_time:start:189d0aca[0Ktravis_time:end:189d0aca:start=1641701349250116350,finish=1641701351876526822,duration=2626410472,event=apt_get_update[0Ktravis_time:start:0419b1c0[0Ktravis_time:end:0419b1c0:start=1641701351882034618,finish=1641701351886037480,duration=4002862,event=deprecate_xcode_64[0Ktravis_time:start:04512f88[0Ktravis_time:end:04512f88:start=1641701351892039607,finish=1641701351899697022,duration=7657415,event=update_heroku[0Ktravis_time:start:0a8b387a[0Ktravis_time:end:0a8b387a:start=1641701351906042941,finish=1641701351910768303,duration=4725362,event=shell_session_update[0Ktravis_time:start:01e0c5cd[0Ktravis_fold:start:docker_mtu[0Ktee: /etc/docker/daemon.json: No such file or directory
docker: unrecognized service
travis_fold:end:docker_mtu[0Ktravis_time:end:01e0c5cd:start=1641701351917037834,finish=1641701351951467949,duration=34430115,event=set_docker_mtu[0Ktravis_time:start:154db619[0Ktravis_time:end:154db619:start=1641701351957916597,finish=1641701351976319919,duration=18403322,event=resolvconf[0K
travis_fold:start:install_jdk[0K[33;1mInstalling oraclejdk7[0m
$ jdk_switcher use "oraclejdk7"
Switching to Oracle JDK7 (java-7-oracle), JAVA_HOME will be set to /usr/lib/jvm/java-7-oracle
travis_fold:end:install_jdk[0Ktravis_time:start:03041d5d[0Ktravis_time:end:03041d5d:start=1641701351999751600,finish=1641701352004776978,duration=5025378,event=fix_ps4[0Ktravis_time:start:11b29966[0K
$ cd failed/rackerlabs/blueflood

travis_time:end:11b29966:start=1641701352011524807,finish=1641701352020404984,duration=8880177,event=checkout[0Ktravis_time:start:2b976ebc[0Ktravis_time:end:2b976ebc:start=1641701352026769804,finish=1641701352203670766,duration=176900962,event=env[0Ktravis_fold:start:cache.1[0KSetting up build cache
$ export CASHER_DIR=${TRAVIS_HOME}/.casher
travis_time:start:0d194d9e[0K$ Installing caching utilities

[31;1mThe command "eval curl -sf  -o $CASHER_DIR/bin/casher https:///files/casher " failed. Retrying, 2 of 3.[0m


[31;1mThe command "eval curl -sf  -o $CASHER_DIR/bin/casher https:///files/casher " failed. Retrying, 3 of 3.[0m


[31;1mThe command "eval curl -sf  -o $CASHER_DIR/bin/casher https:///files/casher " failed 3 times.[0m

travis_time:end:0d194d9e:start=1641701353876416931,finish=1641701356958547283,duration=3082130352,event=setup_casher[0Ktravis_time:start:304e5926[0K$ Installing caching utilities from the Travis CI server (https:///files/casher) failed, failing over to using GitHub (https://raw.githubusercontent.com/travis-ci/casher/bash/bin/casher)
travis_time:end:304e5926:start=1641701356964986036,finish=1641701357016897475,duration=51911439,event=setup_casher[0Ktravis_time:start:09b07b0c[0Ktravis_time:end:09b07b0c:start=1641701357025802938,finish=1641701357031561304,duration=5758366,event=setup_casher[0Ktravis_time:start:07466c07[0KYAML safe loading is not available. Please upgrade psych to a version that supports safe loading (>= 2.0).
attempting to download cache archive[0m
[31;1mcould not download cache[0m
travis_time:end:07466c07:start=1641701357037837026,finish=1641701358356148575,duration=1318311549,event=setup_casher[0Ktravis_time:start:0a94f846[0Ktravis_time:end:0a94f846:start=1641701358363477701,finish=1641701358369343441,duration=5865740,event=setup_casher[0Ktravis_time:start:056428ce[0KYAML safe loading is not available. Please upgrade psych to a version that supports safe loading (>= 2.0).
adding /home/travis/.m2 to cache[0m
travis_time:end:056428ce:start=1641701358377039724,finish=1641701389608285026,duration=31231245302,event=setup_casher[0Ktravis_fold:end:cache.1[0K
$ java -Xmx32m -version
java version "1.7.0_76"
Java(TM) SE Runtime Environment (build 1.7.0_76-b13)
Java HotSpot(TM) 64-Bit Server VM (build 24.76-b04, mixed mode)
$ javac -J-Xmx32m -version
javac 1.7.0_76
travis_fold:start:install[0Ktravis_time:start:0dca7e20[0K$ mvn -o install dependency:resolve -Dhttps.protocols=TLSv1.2 -Dhttps.protocols=TLSv1.2 -Dhttps.protocols=TLSv1.2 -Dmaven.test.skip -Dmaven.javadoc.skip -Dcassandra.skip
[INFO] Scanning for projects...
[INFO] ------------------------------------------------------------------------
[INFO] Reactor Build Order:
[INFO] 
[INFO] Blueflood
[INFO] Blueflood Core Engine
[INFO] Blueflood UDP Ingestion
[INFO] Blueflood Elasticsearch Indexer and Discovery
[INFO] Blueflood HTTP Ingestion and Querying
[INFO] Blueflood Rollup Kafka Producer
[INFO] Blueflood Rollup Cloudfiles Exporter
[INFO] Blueflood IO Bindings for Datastax Java Driver
[INFO] Blueflood Out-of-band Rollup Tools
[INFO]                                                                         
[INFO] ------------------------------------------------------------------------
[INFO] Building Blueflood 2.0.0-SNAPSHOT
[INFO] ------------------------------------------------------------------------
[INFO] 
[INFO] --- maven-enforcer-plugin:1.0:enforce (enforce-maven) @ blueflood ---
[INFO] 
[INFO] --- jacoco-maven-plugin:0.7.2.201409121644:prepare-agent (prepare-agent) @ blueflood ---
[INFO] argLine set to -javaagent:/home/travis/.m2/repository/org/jacoco/org.jacoco.agent/0.7.2.201409121644/org.jacoco.agent-0.7.2.201409121644-runtime.jar=destfile=/home/travis/build/failed/rackerlabs/blueflood/target/jacoco.exec
[INFO] 
[INFO] --- build-helper-maven-plugin:1.8:reserve-network-port (reserve-network-port) @ blueflood ---
[INFO] Reserved port 38947 for cassandra.rpcPort
[INFO] Reserved port 33427 for cassandra.jmxPort
[INFO] Reserved port 44603 for cassandra.storagePort
[INFO] Reserved port 35965 for cassandra.stopPort
[INFO] 
[INFO] --- maven-source-plugin:2.2.1:jar-no-fork (attach-sources) @ blueflood ---
[INFO] 
[INFO] --- maven-javadoc-plugin:2.9.1:jar (attach-javadocs) @ blueflood ---
[INFO] Skipping javadoc generation
[INFO] 
[INFO] --- maven-jar-plugin:2.2:test-jar (default) @ blueflood ---
[INFO] Skipping packaging of the test-jar
[INFO] 
[INFO] --- jacoco-maven-plugin:0.7.2.201409121644:prepare-agent-integration (prepare-it-agent) @ blueflood ---
[INFO] jacoco.agent.it.argLine set to -javaagent:/home/travis/.m2/repository/org/jacoco/org.jacoco.agent/0.7.2.201409121644/org.jacoco.agent-0.7.2.201409121644-runtime.jar=destfile=/home/travis/build/failed/rackerlabs/blueflood/target/jacoco-it.exec
[INFO] 
[INFO] --- cassandra-maven-plugin:2.0.0-1:delete (delete-cassandra) @ blueflood ---
[INFO] Skipping cassandra: cassandra.skip==true
[INFO] 
[INFO] --- cassandra-maven-plugin:2.0.0-1:start (default) @ blueflood ---
[INFO] Skipping cassandra: cassandra.skip==true
[INFO] 
[INFO] --- cassandra-maven-plugin:2.0.0-1:stop (default) @ blueflood ---
[INFO] Skipping cassandra: cassandra.skip==true
[INFO] 
[INFO] --- maven-install-plugin:2.4:install (default-install) @ blueflood ---
[INFO] Installing /home/travis/build/failed/rackerlabs/blueflood/pom.xml to /home/travis/.m2/repository/com/rackspacecloud/blueflood/2.0.0-SNAPSHOT/blueflood-2.0.0-SNAPSHOT.pom
[INFO] 
[INFO] --- maven-dependency-plugin:2.8:resolve (default-cli) @ blueflood ---
[INFO] 
[INFO] The following files have been resolved:
[INFO]    none
[INFO] 
[INFO]                                                                         
[INFO] ------------------------------------------------------------------------
[INFO] Building Blueflood Core Engine 2.0.0-SNAPSHOT
[INFO] ------------------------------------------------------------------------
[INFO] 
[INFO] --- maven-enforcer-plugin:1.0:enforce (enforce-maven) @ blueflood-core ---
[INFO] 
[INFO] --- jacoco-maven-plugin:0.7.2.201409121644:prepare-agent (prepare-agent) @ blueflood-core ---
[INFO] argLine set to -javaagent:/home/travis/.m2/repository/org/jacoco/org.jacoco.agent/0.7.2.201409121644/org.jacoco.agent-0.7.2.201409121644-runtime.jar=destfile=/home/travis/build/failed/rackerlabs/blueflood/blueflood-core/target/jacoco.exec
[INFO] 
[INFO] --- maven-resources-plugin:2.6:resources (default-resources) @ blueflood-core ---
[INFO] Using 'UTF-8' encoding to copy filtered resources.
[INFO] Copying 1 resource
[INFO] 
[INFO] --- maven-compiler-plugin:3.1:compile (default-compile) @ blueflood-core ---
[INFO] Nothing to compile - all classes are up to date
[INFO] 
[INFO] --- build-helper-maven-plugin:1.8:add-test-source (add-integration-test-sources) @ blueflood-core ---
[INFO] Test Source directory: /home/travis/build/failed/rackerlabs/blueflood/blueflood-core/src/integration-test/java added.
[INFO] 
[INFO] --- maven-resources-plugin:2.6:testResources (default-testResources) @ blueflood-core ---
[INFO] Not copying test resources
[INFO] 
[INFO] --- build-helper-maven-plugin:1.8:reserve-network-port (reserve-network-port) @ blueflood-core ---
[INFO] Reserved port 45647 for cassandra.rpcPort
[INFO] Reserved port 44557 for cassandra.jmxPort
[INFO] Reserved port 42599 for cassandra.storagePort
[INFO] Reserved port 34419 for cassandra.stopPort
[INFO] 
[INFO] --- maven-compiler-plugin:3.1:testCompile (default-testCompile) @ blueflood-core ---
[INFO] Not compiling test sources
[INFO] 
[INFO] --- maven-surefire-plugin:2.14.1:test (default-test) @ blueflood-core ---
[INFO] Tests are skipped.
[INFO] 
[INFO] --- maven-jar-plugin:2.2:jar (default-jar) @ blueflood-core ---
[INFO] 
[INFO] --- maven-source-plugin:2.2.1:jar-no-fork (attach-sources) @ blueflood-core ---
[INFO] 
[INFO] --- maven-javadoc-plugin:2.9.1:jar (attach-javadocs) @ blueflood-core ---
[INFO] Skipping javadoc generation
[INFO] 
[INFO] --- maven-jar-plugin:2.2:test-jar (default) @ blueflood-core ---
[INFO] Skipping packaging of the test-jar
[INFO] 
[INFO] --- jacoco-maven-plugin:0.7.2.201409121644:prepare-agent-integration (prepare-it-agent) @ blueflood-core ---
[INFO] jacoco.agent.it.argLine set to -javaagent:/home/travis/.m2/repository/org/jacoco/org.jacoco.agent/0.7.2.201409121644/org.jacoco.agent-0.7.2.201409121644-runtime.jar=destfile=/home/travis/build/failed/rackerlabs/blueflood/blueflood-core/target/jacoco-it.exec
[INFO] 
[INFO] --- cassandra-maven-plugin:2.0.0-1:delete (delete-cassandra) @ blueflood-core ---
[INFO] Skipping cassandra: cassandra.skip==true
[INFO] 
[INFO] --- cassandra-maven-plugin:2.0.0-1:start (default) @ blueflood-core ---
[INFO] Skipping cassandra: cassandra.skip==true
[INFO] 
[INFO] --- maven-failsafe-plugin:2.15:integration-test (integration-tests) @ blueflood-core ---
[INFO] Tests are skipped.
[INFO] 
[INFO] --- cassandra-maven-plugin:2.0.0-1:stop (default) @ blueflood-core ---
[INFO] Skipping cassandra: cassandra.skip==true
[INFO] 
[INFO] --- maven-failsafe-plugin:2.15:verify (verify) @ blueflood-core ---
[INFO] Tests are skipped.
[INFO] 
[INFO] --- maven-install-plugin:2.4:install (default-install) @ blueflood-core ---
[INFO] Installing /home/travis/build/failed/rackerlabs/blueflood/blueflood-core/target/blueflood-core-2.0.0-SNAPSHOT.jar to /home/travis/.m2/repository/com/rackspacecloud/blueflood-core/2.0.0-SNAPSHOT/blueflood-core-2.0.0-SNAPSHOT.jar
[INFO] Installing /home/travis/build/failed/rackerlabs/blueflood/blueflood-core/pom.xml to /home/travis/.m2/repository/com/rackspacecloud/blueflood-core/2.0.0-SNAPSHOT/blueflood-core-2.0.0-SNAPSHOT.pom
[INFO] Installing /home/travis/build/failed/rackerlabs/blueflood/blueflood-core/target/blueflood-core-2.0.0-SNAPSHOT-sources.jar to /home/travis/.m2/repository/com/rackspacecloud/blueflood-core/2.0.0-SNAPSHOT/blueflood-core-2.0.0-SNAPSHOT-sources.jar
[INFO] 
[INFO] --- maven-dependency-plugin:2.8:resolve (default-cli) @ blueflood-core ---
[INFO] 
[INFO] The following files have been resolved:
[INFO]    org.clojure:clojure:jar:1.5.1:compile
[INFO]    org.mortbay.jetty:servlet-api:jar:2.5-20081211:compile
[INFO]    com.google.protobuf:protobuf-java:jar:2.5.0:compile
[INFO]    com.codahale.metrics:metrics-core:jar:3.0.1:compile
[INFO]    org.antlr:antlr-runtime:jar:3.2:compile
[INFO]    org.hamcrest:hamcrest-core:jar:1.1:compile
[INFO]    bigml:histogram:jar:3.2.1:compile
[INFO]    stax:stax-api:jar:1.0.1:compile
[INFO]    com.googlecode.json-simple:json-simple:jar:1.1:compile
[INFO]    com.yammer.metrics:metrics-core:jar:2.1.2:compile
[INFO]    commons-logging:commons-logging:jar:1.1.1:compile
[INFO]    com.codahale.metrics:metrics-log4j:jar:3.0.1:compile
[INFO]    com.netflix.astyanax:astyanax-core:jar:1.56.34:compile
[INFO]    org.apache.zookeeper:zookeeper:jar:3.4.5:compile
[INFO]    org.apache.servicemix.bundles:org.apache.servicemix.bundles.commons-csv:jar:1.0-r706900_3:compile
[INFO]    org.apache.cassandra:cassandra-all:jar:1.2.2:compile
[INFO]    org.apache.thrift:libthrift:jar:0.7.0:compile
[INFO]    org.mortbay.jetty:jetty-util:jar:6.1.22:compile
[INFO]    joda-time:joda-time:jar:1.6.2:compile
[INFO]    org.apache.cassandra:cassandra-thrift:jar:1.2.2:compile
[INFO]    junit:junit:jar:4.10:compile
[INFO]    org.codehaus.jettison:jettison:jar:1.2:compile
[INFO]    org.mindrot:jbcrypt:jar:0.3m:compile
[INFO]    org.apache.httpcomponents:httpclient:jar:4.0.1:compile
[INFO]    com.google.code.gson:gson:jar:2.2:compile
[INFO]    com.googlecode.concurrentlinkedhashmap:concurrentlinkedhashmap-lru:jar:1.3:compile
[INFO]    antlr:antlr:jar:2.7.7:compile
[INFO]    org.apache.curator:curator-client:jar:2.3.0:compile
[INFO]    org.codehaus.jackson:jackson-core-asl:jar:1.9.2:compile
[INFO]    commons-cli:commons-cli:jar:1.2:compile
[INFO]    org.apache.curator:curator-framework:jar:2.3.0:compile
[INFO]    com.codahale.metrics:metrics-jvm:jar:3.0.1:compile
[INFO]    org.codehaus.jackson:jackson-mapper-asl:jar:1.9.2:compile
[INFO]    commons-codec:commons-codec:jar:1.5:compile
[INFO]    com.ning:compress-lzf:jar:0.8.4:compile
[INFO]    com.github.stephenc.high-scale-lib:high-scale-lib:jar:1.1.2:compile
[INFO]    log4j:log4j:jar:1.2.16:compile
[INFO]    org.apache.cassandra.deps:avro:jar:1.4.0-cassandra-1:compile
[INFO]    org.slf4j:slf4j-log4j12:jar:1.7.6:compile
[INFO]    com.netflix.astyanax:astyanax-recipes:jar:1.56.34:compile
[INFO]    org.slf4j:slf4j-api:jar:1.6.4:compile
[INFO]    org.antlr:antlr:jar:3.2:compile
[INFO]    commons-lang:commons-lang:jar:2.4:compile
[INFO]    org.jboss.netty:netty:jar:3.2.4.Final:compile
[INFO]    javax.servlet:servlet-api:jar:2.5:compile
[INFO]    org.apache.curator:curator-recipes:jar:2.3.0:compile
[INFO]    com.codahale.metrics:metrics-graphite:jar:3.0.1:compile
[INFO]    io.netty:netty:jar:3.6.1.Final:compile
[INFO]    com.netflix.astyanax:astyanax-thrift:jar:1.56.34:compile
[INFO]    org.apache.httpcomponents:httpcore:jar:4.0.1:compile
[INFO]    jline:jline:jar:1.0:compile
[INFO]    org.antlr:stringtemplate:jar:3.2:compile
[INFO]    edu.stanford.ppl:snaptree:jar:0.1:compile
[INFO]    com.netflix.astyanax:astyanax-cassandra:jar:1.56.34:compile
[INFO]    net.jpountz.lz4:lz4:jar:1.1.0:compile
[INFO]    com.aphyr:riemann-java-client:jar:0.2.9:compile
[INFO]    com.github.stephenc:jamm:jar:0.2.5:compile
[INFO]    com.google.guava:guava:jar:15.0:compile
[INFO]    org.mortbay.jetty:jetty:jar:6.1.22:compile
[INFO]    org.xerial.snappy:snappy-java:jar:1.0.4.1:compile
[INFO]    org.mockito:mockito-all:jar:1.8.5:compile
[INFO]    org.yaml:snakeyaml:jar:1.6:compile
[INFO]    com.eaio.uuid:uuid:jar:3.2:compile
[INFO] 
[INFO]                                                                         
[INFO] ------------------------------------------------------------------------
[INFO] Building Blueflood UDP Ingestion 2.0.0-SNAPSHOT
[INFO] ------------------------------------------------------------------------
[INFO] 
[INFO] --- maven-enforcer-plugin:1.0:enforce (enforce-maven) @ blueflood-udp ---
[INFO] 
[INFO] --- jacoco-maven-plugin:0.7.2.201409121644:prepare-agent (prepare-agent) @ blueflood-udp ---
[INFO] argLine set to -javaagent:/home/travis/.m2/repository/org/jacoco/org.jacoco.agent/0.7.2.201409121644/org.jacoco.agent-0.7.2.201409121644-runtime.jar=destfile=/home/travis/build/failed/rackerlabs/blueflood/blueflood-udp/target/jacoco.exec
[INFO] 
[INFO] --- maven-resources-plugin:2.6:resources (default-resources) @ blueflood-udp ---
[INFO] Using 'UTF-8' encoding to copy filtered resources.
[INFO] skip non existing resourceDirectory /home/travis/build/failed/rackerlabs/blueflood/blueflood-udp/src/main/resources
[INFO] 
[INFO] --- maven-compiler-plugin:3.1:compile (default-compile) @ blueflood-udp ---
[INFO] Nothing to compile - all classes are up to date
[INFO] 
[INFO] --- maven-resources-plugin:2.6:testResources (default-testResources) @ blueflood-udp ---
[INFO] Not copying test resources
[INFO] 
[INFO] --- build-helper-maven-plugin:1.8:reserve-network-port (reserve-network-port) @ blueflood-udp ---
[INFO] Reserved port 44129 for cassandra.rpcPort
[INFO] Reserved port 36733 for cassandra.jmxPort
[INFO] Reserved port 40217 for cassandra.storagePort
[INFO] Reserved port 44967 for cassandra.stopPort
[INFO] 
[INFO] --- maven-compiler-plugin:3.1:testCompile (default-testCompile) @ blueflood-udp ---
[INFO] Not compiling test sources
[INFO] 
[INFO] --- maven-surefire-plugin:2.12.4:test (default-test) @ blueflood-udp ---
[INFO] Tests are skipped.
[INFO] 
[INFO] --- maven-jar-plugin:2.2:jar (default-jar) @ blueflood-udp ---
[INFO] 
[INFO] --- maven-source-plugin:2.2.1:jar-no-fork (attach-sources) @ blueflood-udp ---
[INFO] 
[INFO] --- maven-javadoc-plugin:2.9.1:jar (attach-javadocs) @ blueflood-udp ---
[INFO] Skipping javadoc generation
[INFO] 
[INFO] --- maven-jar-plugin:2.2:test-jar (default) @ blueflood-udp ---
[INFO] Skipping packaging of the test-jar
[INFO] 
[INFO] --- jacoco-maven-plugin:0.7.2.201409121644:prepare-agent-integration (prepare-it-agent) @ blueflood-udp ---
[INFO] jacoco.agent.it.argLine set to -javaagent:/home/travis/.m2/repository/org/jacoco/org.jacoco.agent/0.7.2.201409121644/org.jacoco.agent-0.7.2.201409121644-runtime.jar=destfile=/home/travis/build/failed/rackerlabs/blueflood/blueflood-udp/target/jacoco-it.exec
[INFO] 
[INFO] --- cassandra-maven-plugin:2.0.0-1:delete (delete-cassandra) @ blueflood-udp ---
[INFO] Skipping cassandra: cassandra.skip==true
[INFO] 
[INFO] --- cassandra-maven-plugin:2.0.0-1:start (default) @ blueflood-udp ---
[INFO] Skipping cassandra: cassandra.skip==true
[INFO] 
[INFO] --- cassandra-maven-plugin:2.0.0-1:stop (default) @ blueflood-udp ---
[INFO] Skipping cassandra: cassandra.skip==true
[INFO] 
[INFO] --- maven-install-plugin:2.4:install (default-install) @ blueflood-udp ---
[INFO] Installing /home/travis/build/failed/rackerlabs/blueflood/blueflood-udp/target/blueflood-udp-2.0.0-SNAPSHOT.jar to /home/travis/.m2/repository/com/rackspacecloud/blueflood-udp/2.0.0-SNAPSHOT/blueflood-udp-2.0.0-SNAPSHOT.jar
[INFO] Installing /home/travis/build/failed/rackerlabs/blueflood/blueflood-udp/pom.xml to /home/travis/.m2/repository/com/rackspacecloud/blueflood-udp/2.0.0-SNAPSHOT/blueflood-udp-2.0.0-SNAPSHOT.pom
[INFO] Installing /home/travis/build/failed/rackerlabs/blueflood/blueflood-udp/target/blueflood-udp-2.0.0-SNAPSHOT-sources.jar to /home/travis/.m2/repository/com/rackspacecloud/blueflood-udp/2.0.0-SNAPSHOT/blueflood-udp-2.0.0-SNAPSHOT-sources.jar
[INFO] 
[INFO] --- maven-dependency-plugin:2.8:resolve (default-cli) @ blueflood-udp ---
[INFO] 
[INFO] The following files have been resolved:
[INFO]    org.clojure:clojure:jar:1.5.1:compile
[INFO]    org.mortbay.jetty:servlet-api:jar:2.5-20081211:compile
[INFO]    com.google.protobuf:protobuf-java:jar:2.5.0:compile
[INFO]    com.codahale.metrics:metrics-core:jar:3.0.1:compile
[INFO]    org.antlr:antlr-runtime:jar:3.2:compile
[INFO]    org.hamcrest:hamcrest-core:jar:1.1:compile
[INFO]    com.rackspacecloud:blueflood-core:jar:2.0.0-SNAPSHOT:compile
[INFO]    bigml:histogram:jar:3.2.1:compile
[INFO]    stax:stax-api:jar:1.0.1:compile
[INFO]    com.googlecode.json-simple:json-simple:jar:1.1:compile
[INFO]    com.yammer.metrics:metrics-core:jar:2.1.2:compile
[INFO]    commons-logging:commons-logging:jar:1.1.1:compile
[INFO]    com.codahale.metrics:metrics-log4j:jar:3.0.1:compile
[INFO]    com.netflix.astyanax:astyanax-core:jar:1.56.34:compile
[INFO]    org.apache.zookeeper:zookeeper:jar:3.4.5:compile
[INFO]    org.apache.servicemix.bundles:org.apache.servicemix.bundles.commons-csv:jar:1.0-r706900_3:compile
[INFO]    org.apache.cassandra:cassandra-all:jar:1.2.2:compile
[INFO]    org.apache.thrift:libthrift:jar:0.7.0:compile
[INFO]    org.mortbay.jetty:jetty-util:jar:6.1.22:compile
[INFO]    joda-time:joda-time:jar:1.6.2:compile
[INFO]    org.apache.cassandra:cassandra-thrift:jar:1.2.2:compile
[INFO]    junit:junit:jar:4.10:compile
[INFO]    org.codehaus.jettison:jettison:jar:1.2:compile
[INFO]    org.mindrot:jbcrypt:jar:0.3m:compile
[INFO]    org.apache.httpcomponents:httpclient:jar:4.0.1:compile
[INFO]    com.google.code.gson:gson:jar:2.2:compile
[INFO]    com.googlecode.concurrentlinkedhashmap:concurrentlinkedhashmap-lru:jar:1.3:compile
[INFO]    antlr:antlr:jar:2.7.7:compile
[INFO]    org.apache.curator:curator-client:jar:2.3.0:compile
[INFO]    org.codehaus.jackson:jackson-core-asl:jar:1.9.2:compile
[INFO]    commons-cli:commons-cli:jar:1.2:compile
[INFO]    org.apache.curator:curator-framework:jar:2.3.0:compile
[INFO]    com.codahale.metrics:metrics-jvm:jar:3.0.1:compile
[INFO]    org.codehaus.jackson:jackson-mapper-asl:jar:1.9.2:compile
[INFO]    io.netty:netty-all:jar:4.0.8.Final:compile
[INFO]    commons-codec:commons-codec:jar:1.5:compile
[INFO]    com.ning:compress-lzf:jar:0.8.4:compile
[INFO]    com.github.stephenc.high-scale-lib:high-scale-lib:jar:1.1.2:compile
[INFO]    log4j:log4j:jar:1.2.16:compile
[INFO]    org.apache.cassandra.deps:avro:jar:1.4.0-cassandra-1:compile
[INFO]    org.slf4j:slf4j-log4j12:jar:1.7.6:compile
[INFO]    com.netflix.astyanax:astyanax-recipes:jar:1.56.34:compile
[INFO]    org.slf4j:slf4j-api:jar:1.6.4:compile
[INFO]    org.antlr:antlr:jar:3.2:compile
[INFO]    commons-lang:commons-lang:jar:2.4:compile
[INFO]    org.jboss.netty:netty:jar:3.2.4.Final:compile
[INFO]    javax.servlet:servlet-api:jar:2.5:compile
[INFO]    org.apache.curator:curator-recipes:jar:2.3.0:compile
[INFO]    com.codahale.metrics:metrics-graphite:jar:3.0.1:compile
[INFO]    io.netty:netty:jar:3.6.1.Final:compile
[INFO]    com.netflix.astyanax:astyanax-thrift:jar:1.56.34:compile
[INFO]    org.apache.httpcomponents:httpcore:jar:4.0.1:compile
[INFO]    jline:jline:jar:1.0:compile
[INFO]    org.antlr:stringtemplate:jar:3.2:compile
[INFO]    edu.stanford.ppl:snaptree:jar:0.1:compile
[INFO]    com.netflix.astyanax:astyanax-cassandra:jar:1.56.34:compile
[INFO]    net.jpountz.lz4:lz4:jar:1.1.0:compile
[INFO]    com.aphyr:riemann-java-client:jar:0.2.9:compile
[INFO]    com.github.stephenc:jamm:jar:0.2.5:compile
[INFO]    com.google.guava:guava:jar:15.0:compile
[INFO]    org.mortbay.jetty:jetty:jar:6.1.22:compile
[INFO]    org.xerial.snappy:snappy-java:jar:1.0.4.1:compile
[INFO]    org.mockito:mockito-all:jar:1.8.5:compile
[INFO]    org.yaml:snakeyaml:jar:1.6:compile
[INFO]    com.eaio.uuid:uuid:jar:3.2:compile
[INFO] 
[INFO]                                                                         
[INFO] ------------------------------------------------------------------------
[INFO] Building Blueflood Elasticsearch Indexer and Discovery 2.0.0-SNAPSHOT
[INFO] ------------------------------------------------------------------------
[INFO] 
[INFO] --- maven-enforcer-plugin:1.0:enforce (enforce-maven) @ blueflood-elasticsearch ---
[INFO] 
[INFO] --- jacoco-maven-plugin:0.7.2.201409121644:prepare-agent (prepare-agent) @ blueflood-elasticsearch ---
[INFO] argLine set to -javaagent:/home/travis/.m2/repository/org/jacoco/org.jacoco.agent/0.7.2.201409121644/org.jacoco.agent-0.7.2.201409121644-runtime.jar=destfile=/home/travis/build/failed/rackerlabs/blueflood/blueflood-elasticsearch/target/jacoco.exec
[INFO] 
[INFO] --- maven-resources-plugin:2.6:resources (default-resources) @ blueflood-elasticsearch ---
[INFO] Using 'UTF-8' encoding to copy filtered resources.
[INFO] Copying 4 resources
[INFO] 
[INFO] --- maven-compiler-plugin:3.1:compile (default-compile) @ blueflood-elasticsearch ---
[INFO] Nothing to compile - all classes are up to date
[INFO] 
[INFO] --- maven-resources-plugin:2.6:testResources (default-testResources) @ blueflood-elasticsearch ---
[INFO] Not copying test resources
[INFO] 
[INFO] --- build-helper-maven-plugin:1.8:reserve-network-port (reserve-network-port) @ blueflood-elasticsearch ---
[INFO] Reserved port 44841 for cassandra.rpcPort
[INFO] Reserved port 41935 for cassandra.jmxPort
[INFO] Reserved port 45561 for cassandra.storagePort
[INFO] Reserved port 40357 for cassandra.stopPort
[INFO] 
[INFO] --- maven-compiler-plugin:3.1:testCompile (default-testCompile) @ blueflood-elasticsearch ---
[INFO] Not compiling test sources
[INFO] 
[INFO] --- maven-surefire-plugin:2.12.4:test (default-test) @ blueflood-elasticsearch ---
[INFO] Tests are skipped.
[INFO] 
[INFO] --- maven-jar-plugin:2.2:jar (default-jar) @ blueflood-elasticsearch ---
[INFO] 
[INFO] --- maven-source-plugin:2.2.1:jar-no-fork (attach-sources) @ blueflood-elasticsearch ---
[INFO] 
[INFO] --- maven-javadoc-plugin:2.9.1:jar (attach-javadocs) @ blueflood-elasticsearch ---
[INFO] Skipping javadoc generation
[INFO] 
[INFO] --- maven-jar-plugin:2.2:test-jar (default) @ blueflood-elasticsearch ---
[INFO] Skipping packaging of the test-jar
[INFO] 
[INFO] --- jacoco-maven-plugin:0.7.2.201409121644:prepare-agent-integration (prepare-it-agent) @ blueflood-elasticsearch ---
[INFO] jacoco.agent.it.argLine set to -javaagent:/home/travis/.m2/repository/org/jacoco/org.jacoco.agent/0.7.2.201409121644/org.jacoco.agent-0.7.2.201409121644-runtime.jar=destfile=/home/travis/build/failed/rackerlabs/blueflood/blueflood-elasticsearch/target/jacoco-it.exec
[INFO] 
[INFO] --- cassandra-maven-plugin:2.0.0-1:delete (delete-cassandra) @ blueflood-elasticsearch ---
[INFO] Skipping cassandra: cassandra.skip==true
[INFO] 
[INFO] --- cassandra-maven-plugin:2.0.0-1:start (default) @ blueflood-elasticsearch ---
[INFO] Skipping cassandra: cassandra.skip==true
[INFO] 
[INFO] --- cassandra-maven-plugin:2.0.0-1:stop (default) @ blueflood-elasticsearch ---
[INFO] Skipping cassandra: cassandra.skip==true
[INFO] 
[INFO] --- maven-install-plugin:2.4:install (default-install) @ blueflood-elasticsearch ---
[INFO] Installing /home/travis/build/failed/rackerlabs/blueflood/blueflood-elasticsearch/target/blueflood-elasticsearch-2.0.0-SNAPSHOT.jar to /home/travis/.m2/repository/com/rackspacecloud/blueflood-elasticsearch/2.0.0-SNAPSHOT/blueflood-elasticsearch-2.0.0-SNAPSHOT.jar
[INFO] Installing /home/travis/build/failed/rackerlabs/blueflood/blueflood-elasticsearch/pom.xml to /home/travis/.m2/repository/com/rackspacecloud/blueflood-elasticsearch/2.0.0-SNAPSHOT/blueflood-elasticsearch-2.0.0-SNAPSHOT.pom
[INFO] Installing /home/travis/build/failed/rackerlabs/blueflood/blueflood-elasticsearch/target/blueflood-elasticsearch-2.0.0-SNAPSHOT-sources.jar to /home/travis/.m2/repository/com/rackspacecloud/blueflood-elasticsearch/2.0.0-SNAPSHOT/blueflood-elasticsearch-2.0.0-SNAPSHOT-sources.jar
[INFO] 
[INFO] --- maven-dependency-plugin:2.8:resolve (default-cli) @ blueflood-elasticsearch ---
[INFO] 
[INFO] The following files have been resolved:
[INFO]    org.clojure:clojure:jar:1.5.1:compile
[INFO]    org.mortbay.jetty:servlet-api:jar:2.5-20081211:compile
[INFO]    org.apache.lucene:lucene-queryparser:jar:4.10.4:compile
[INFO]    com.google.protobuf:protobuf-java:jar:2.5.0:compile
[INFO]    com.codahale.metrics:metrics-core:jar:3.0.1:compile
[INFO]    org.hamcrest:hamcrest-core:jar:1.1:test
[INFO]    com.rackspacecloud:blueflood-core:jar:2.0.0-SNAPSHOT:compile
[INFO]    bigml:histogram:jar:3.2.1:compile
[INFO]    stax:stax-api:jar:1.0.1:compile
[INFO]    org.yaml:snakeyaml:jar:1.12:compile
[INFO]    org.apache.lucene:lucene-highlighter:jar:4.10.4:compile
[INFO]    org.apache.lucene:lucene-queries:jar:4.10.4:compile
[INFO]    com.googlecode.json-simple:json-simple:jar:1.1:compile
[INFO]    com.yammer.metrics:metrics-core:jar:2.1.2:compile
[INFO]    commons-logging:commons-logging:jar:1.1.1:compile
[INFO]    org.elasticsearch:elasticsearch:jar:1.7.1:compile
[INFO]    com.codahale.metrics:metrics-log4j:jar:3.0.1:compile
[INFO]    com.netflix.astyanax:astyanax-core:jar:1.56.34:compile
[INFO]    org.apache.zookeeper:zookeeper:jar:3.4.5:compile
[INFO]    org.apache.servicemix.bundles:org.apache.servicemix.bundles.commons-csv:jar:1.0-r706900_3:compile
[INFO]    org.apache.lucene:lucene-join:jar:4.10.4:compile
[INFO]    org.apache.cassandra:cassandra-all:jar:1.2.2:compile
[INFO]    org.apache.lucene:lucene-memory:jar:4.10.4:compile
[INFO]    org.apache.thrift:libthrift:jar:0.7.0:compile
[INFO]    org.apache.lucene:lucene-analyzers-common:jar:4.10.4:compile
[INFO]    org.mortbay.jetty:jetty-util:jar:6.1.22:compile
[INFO]    joda-time:joda-time:jar:1.6.2:compile
[INFO]    org.apache.cassandra:cassandra-thrift:jar:1.2.2:compile
[INFO]    junit:junit:jar:4.10:test
[INFO]    org.codehaus.jettison:jettison:jar:1.2:compile
[INFO]    org.mindrot:jbcrypt:jar:0.3m:compile
[INFO]    org.apache.httpcomponents:httpclient:jar:4.0.1:compile
[INFO]    com.google.code.gson:gson:jar:2.2:compile
[INFO]    org.apache.lucene:lucene-sandbox:jar:4.10.4:compile
[INFO]    com.googlecode.concurrentlinkedhashmap:concurrentlinkedhashmap-lru:jar:1.3:compile
[INFO]    org.apache.curator:curator-client:jar:2.3.0:compile
[INFO]    org.apache.lucene:lucene-spatial:jar:4.10.4:compile
[INFO]    org.codehaus.jackson:jackson-core-asl:jar:1.9.2:compile
[INFO]    commons-cli:commons-cli:jar:1.2:compile
[INFO]    org.apache.curator:curator-framework:jar:2.3.0:compile
[INFO]    com.codahale.metrics:metrics-jvm:jar:3.0.1:compile
[INFO]    org.codehaus.jackson:jackson-mapper-asl:jar:1.9.2:compile
[INFO]    org.ow2.asm:asm-commons:jar:4.1:compile
[INFO]    commons-codec:commons-codec:jar:1.5:compile
[INFO]    org.slf4j:slf4j-api:jar:1.7.5:compile
[INFO]    com.ning:compress-lzf:jar:0.8.4:compile
[INFO]    com.github.tlrx:elasticsearch-test:jar:1.1.0:test
[INFO]    com.github.stephenc.high-scale-lib:high-scale-lib:jar:1.1.2:compile
[INFO]    com.spatial4j:spatial4j:jar:0.4.1:compile
[INFO]    log4j:log4j:jar:1.2.16:compile
[INFO]    org.apache.cassandra.deps:avro:jar:1.4.0-cassandra-1:compile
[INFO]    org.slf4j:slf4j-log4j12:jar:1.7.6:compile
[INFO]    com.netflix.astyanax:astyanax-recipes:jar:1.56.34:compile
[INFO]    org.apache.lucene:lucene-suggest:jar:4.10.4:compile
[INFO]    org.antlr:antlr:jar:3.2:compile
[INFO]    commons-lang:commons-lang:jar:2.4:compile
[INFO]    org.jboss.netty:netty:jar:3.2.4.Final:compile
[INFO]    javax.servlet:servlet-api:jar:2.5:compile
[INFO]    org.apache.curator:curator-recipes:jar:2.3.0:compile
[INFO]    com.codahale.metrics:metrics-graphite:jar:3.0.1:compile
[INFO]    org.ow2.asm:asm:jar:4.1:compile
[INFO]    io.netty:netty:jar:3.6.1.Final:compile
[INFO]    com.netflix.astyanax:astyanax-thrift:jar:1.56.34:compile
[INFO]    org.apache.httpcomponents:httpcore:jar:4.0.1:compile
[INFO]    jline:jline:jar:1.0:compile
[INFO]    org.apache.lucene:lucene-core:jar:4.10.4:compile
[INFO]    edu.stanford.ppl:snaptree:jar:0.1:compile
[INFO]    com.netflix.astyanax:astyanax-cassandra:jar:1.56.34:compile
[INFO]    net.jpountz.lz4:lz4:jar:1.1.0:compile
[INFO]    com.aphyr:riemann-java-client:jar:0.2.9:compile
[INFO]    com.github.stephenc:jamm:jar:0.2.5:compile
[INFO]    com.google.guava:guava:jar:15.0:compile
[INFO]    org.mortbay.jetty:jetty:jar:6.1.22:compile
[INFO]    org.apache.lucene:lucene-misc:jar:4.10.4:compile
[INFO]    org.xerial.snappy:snappy-java:jar:1.0.4.1:compile
[INFO]    org.antlr:antlr-runtime:jar:3.5:compile
[INFO]    org.mockito:mockito-all:jar:1.8.5:compile
[INFO]    org.apache.lucene:lucene-grouping:jar:4.10.4:compile
[INFO]    com.eaio.uuid:uuid:jar:3.2:compile
[INFO] 
[INFO]                                                                         
[INFO] ------------------------------------------------------------------------
[INFO] Building Blueflood HTTP Ingestion and Querying 2.0.0-SNAPSHOT
[INFO] ------------------------------------------------------------------------
[INFO] 
[INFO] --- maven-enforcer-plugin:1.0:enforce (enforce-maven) @ blueflood-http ---
[INFO] 
[INFO] --- jacoco-maven-plugin:0.7.2.201409121644:prepare-agent (prepare-agent) @ blueflood-http ---
[INFO] argLine set to -javaagent:/home/travis/.m2/repository/org/jacoco/org.jacoco.agent/0.7.2.201409121644/org.jacoco.agent-0.7.2.201409121644-runtime.jar=destfile=/home/travis/build/failed/rackerlabs/blueflood/blueflood-http/target/jacoco.exec
[INFO] 
[INFO] --- maven-resources-plugin:2.6:resources (default-resources) @ blueflood-http ---
[INFO] Using 'UTF-8' encoding to copy filtered resources.
[INFO] skip non existing resourceDirectory /home/travis/build/failed/rackerlabs/blueflood/blueflood-http/src/main/resources
[INFO] 
[INFO] --- maven-compiler-plugin:3.1:compile (default-compile) @ blueflood-http ---
[INFO] Nothing to compile - all classes are up to date
[INFO] 
[INFO] --- build-helper-maven-plugin:1.8:add-test-source (add-integration-test-sources) @ blueflood-http ---
[INFO] Test Source directory: /home/travis/build/failed/rackerlabs/blueflood/blueflood-http/src/integration-test/java added.
[INFO] 
[INFO] --- maven-resources-plugin:2.6:testResources (default-testResources) @ blueflood-http ---
[INFO] Not copying test resources
[INFO] 
[INFO] --- build-helper-maven-plugin:1.8:reserve-network-port (reserve-network-port) @ blueflood-http ---
[INFO] Reserved port 45817 for cassandra.rpcPort
[INFO] Reserved port 46347 for cassandra.jmxPort
[INFO] Reserved port 41035 for cassandra.storagePort
[INFO] Reserved port 39427 for cassandra.stopPort
[INFO] 
[INFO] --- maven-compiler-plugin:3.1:testCompile (default-testCompile) @ blueflood-http ---
[INFO] Not compiling test sources
[INFO] 
[INFO] --- maven-surefire-plugin:2.14.1:test (default-test) @ blueflood-http ---
[INFO] Tests are skipped.
[INFO] 
[INFO] --- maven-jar-plugin:2.2:jar (default-jar) @ blueflood-http ---
[INFO] 
[INFO] --- maven-source-plugin:2.2.1:jar-no-fork (attach-sources) @ blueflood-http ---
[INFO] 
[INFO] --- maven-javadoc-plugin:2.9.1:jar (attach-javadocs) @ blueflood-http ---
[INFO] Skipping javadoc generation
[INFO] 
[INFO] --- maven-jar-plugin:2.2:test-jar (default) @ blueflood-http ---
[INFO] Skipping packaging of the test-jar
[INFO] 
[INFO] --- jacoco-maven-plugin:0.7.2.201409121644:prepare-agent-integration (prepare-it-agent) @ blueflood-http ---
[INFO] jacoco.agent.it.argLine set to -javaagent:/home/travis/.m2/repository/org/jacoco/org.jacoco.agent/0.7.2.201409121644/org.jacoco.agent-0.7.2.201409121644-runtime.jar=destfile=/home/travis/build/failed/rackerlabs/blueflood/blueflood-http/target/jacoco-it.exec
[INFO] 
[INFO] --- cassandra-maven-plugin:2.0.0-1:delete (delete-cassandra) @ blueflood-http ---
[INFO] Skipping cassandra: cassandra.skip==true
[INFO] 
[INFO] --- cassandra-maven-plugin:2.0.0-1:start (default) @ blueflood-http ---
[INFO] Skipping cassandra: cassandra.skip==true
[INFO] 
[INFO] --- maven-failsafe-plugin:2.15:integration-test (integration-tests) @ blueflood-http ---
[INFO] Tests are skipped.
[INFO] 
[INFO] --- cassandra-maven-plugin:2.0.0-1:stop (default) @ blueflood-http ---
[INFO] Skipping cassandra: cassandra.skip==true
[INFO] 
[INFO] --- maven-failsafe-plugin:2.15:verify (verify) @ blueflood-http ---
[INFO] Tests are skipped.
[INFO] 
[INFO] --- maven-install-plugin:2.4:install (default-install) @ blueflood-http ---
[INFO] Installing /home/travis/build/failed/rackerlabs/blueflood/blueflood-http/target/blueflood-http-2.0.0-SNAPSHOT.jar to /home/travis/.m2/repository/com/rackspacecloud/blueflood-http/2.0.0-SNAPSHOT/blueflood-http-2.0.0-SNAPSHOT.jar
[INFO] Installing /home/travis/build/failed/rackerlabs/blueflood/blueflood-http/pom.xml to /home/travis/.m2/repository/com/rackspacecloud/blueflood-http/2.0.0-SNAPSHOT/blueflood-http-2.0.0-SNAPSHOT.pom
[INFO] Installing /home/travis/build/failed/rackerlabs/blueflood/blueflood-http/target/blueflood-http-2.0.0-SNAPSHOT-sources.jar to /home/travis/.m2/repository/com/rackspacecloud/blueflood-http/2.0.0-SNAPSHOT/blueflood-http-2.0.0-SNAPSHOT-sources.jar
[INFO] 
[INFO] --- maven-dependency-plugin:2.8:resolve (default-cli) @ blueflood-http ---
[INFO] 
[INFO] The following files have been resolved:
[INFO]    org.mortbay.jetty:servlet-api:jar:2.5-20081211:compile
[INFO]    org.clojure:clojure:jar:1.5.1:compile
[INFO]    org.apache.lucene:lucene-queryparser:jar:4.10.4:compile
[INFO]    com.google.protobuf:protobuf-java:jar:2.5.0:compile
[INFO]    com.codahale.metrics:metrics-core:jar:3.0.1:compile
[INFO]    org.apache.httpcomponents:httpclient:jar:4.3.3:compile
[INFO]    org.hamcrest:hamcrest-core:jar:1.1:test
[INFO]    com.rackspacecloud:blueflood-core:jar:2.0.0-SNAPSHOT:compile
[INFO]    stax:stax-api:jar:1.0.1:compile
[INFO]    bigml:histogram:jar:3.2.1:compile
[INFO]    org.yaml:snakeyaml:jar:1.12:compile
[INFO]    org.apache.lucene:lucene-highlighter:jar:4.10.4:compile
[INFO]    org.apache.lucene:lucene-queries:jar:4.10.4:compile
[INFO]    com.yammer.metrics:metrics-core:jar:2.1.2:compile
[INFO]    com.googlecode.json-simple:json-simple:jar:1.1:compile
[INFO]    org.mockito:mockito-all:jar:1.8.4:test
[INFO]    org.elasticsearch:elasticsearch:jar:1.7.1:compile
[INFO]    com.codahale.metrics:metrics-log4j:jar:3.0.1:compile
[INFO]    com.netflix.astyanax:astyanax-core:jar:1.56.34:compile
[INFO]    org.apache.zookeeper:zookeeper:jar:3.4.5:compile
[INFO]    org.apache.servicemix.bundles:org.apache.servicemix.bundles.commons-csv:jar:1.0-r706900_3:compile
[INFO]    org.apache.lucene:lucene-join:jar:4.10.4:compile
[INFO]    org.apache.cassandra:cassandra-all:jar:1.2.2:compile
[INFO]    org.apache.lucene:lucene-memory:jar:4.10.4:compile
[INFO]    org.apache.thrift:libthrift:jar:0.7.0:compile
[INFO]    org.apache.lucene:lucene-analyzers-common:jar:4.10.4:compile
[INFO]    org.mortbay.jetty:jetty-util:jar:6.1.22:compile
[INFO]    joda-time:joda-time:jar:1.6.2:compile
[INFO]    org.slf4j:slf4j-api:jar:1.7.6:compile
[INFO]    org.apache.cassandra:cassandra-thrift:jar:1.2.2:compile
[INFO]    junit:junit:jar:4.10:test
[INFO]    org.codehaus.jettison:jettison:jar:1.2:compile
[INFO]    org.mindrot:jbcrypt:jar:0.3m:compile
[INFO]    com.google.code.gson:gson:jar:2.2:compile
[INFO]    commons-logging:commons-logging:jar:1.1.3:compile
[INFO]    org.apache.lucene:lucene-sandbox:jar:4.10.4:compile
[INFO]    com.googlecode.concurrentlinkedhashmap:concurrentlinkedhashmap-lru:jar:1.3:compile
[INFO]    org.apache.curator:curator-client:jar:2.3.0:compile
[INFO]    org.apache.lucene:lucene-spatial:jar:4.10.4:compile
[INFO]    org.codehaus.jackson:jackson-core-asl:jar:1.9.2:compile
[INFO]    commons-cli:commons-cli:jar:1.2:compile
[INFO]    org.apache.curator:curator-framework:jar:2.3.0:compile
[INFO]    com.codahale.metrics:metrics-jvm:jar:3.0.1:compile
[INFO]    org.codehaus.jackson:jackson-mapper-asl:jar:1.9.2:compile
[INFO]    io.netty:netty-all:jar:4.0.8.Final:compile
[INFO]    org.ow2.asm:asm-commons:jar:4.1:compile
[INFO]    com.ning:compress-lzf:jar:0.8.4:compile
[INFO]    com.github.tlrx:elasticsearch-test:jar:1.1.0:test
[INFO]    com.github.stephenc.high-scale-lib:high-scale-lib:jar:1.1.2:compile
[INFO]    log4j:log4j:jar:1.2.16:compile
[INFO]    com.spatial4j:spatial4j:jar:0.4.1:compile
[INFO]    org.apache.cassandra.deps:avro:jar:1.4.0-cassandra-1:compile
[INFO]    org.slf4j:slf4j-log4j12:jar:1.7.6:compile
[INFO]    com.netflix.astyanax:astyanax-recipes:jar:1.56.34:compile
[INFO]    org.apache.httpcomponents:httpcore:jar:4.3.2:compile
[INFO]    org.apache.lucene:lucene-suggest:jar:4.10.4:compile
[INFO]    org.antlr:antlr:jar:3.2:compile
[INFO]    commons-lang:commons-lang:jar:2.4:compile
[INFO]    org.jboss.netty:netty:jar:3.2.4.Final:compile
[INFO]    javax.servlet:servlet-api:jar:2.5:compile
[INFO]    org.apache.curator:curator-recipes:jar:2.3.0:compile
[INFO]    com.rackspacecloud:blueflood-elasticsearch:jar:2.0.0-SNAPSHOT:compile
[INFO]    com.codahale.metrics:metrics-graphite:jar:3.0.1:compile
[INFO]    org.ow2.asm:asm:jar:4.1:compile
[INFO]    io.netty:netty:jar:3.6.1.Final:compile
[INFO]    com.netflix.astyanax:astyanax-thrift:jar:1.56.34:compile
[INFO]    jline:jline:jar:1.0:compile
[INFO]    org.apache.lucene:lucene-core:jar:4.10.4:compile
[INFO]    edu.stanford.ppl:snaptree:jar:0.1:compile
[INFO]    com.netflix.astyanax:astyanax-cassandra:jar:1.56.34:compile
[INFO]    net.jpountz.lz4:lz4:jar:1.1.0:compile
[INFO]    com.aphyr:riemann-java-client:jar:0.2.9:compile
[INFO]    com.github.stephenc:jamm:jar:0.2.5:compile
[INFO]    com.google.guava:guava:jar:15.0:compile
[INFO]    org.mortbay.jetty:jetty:jar:6.1.22:compile
[INFO]    org.apache.lucene:lucene-misc:jar:4.10.4:compile
[INFO]    org.xerial.snappy:snappy-java:jar:1.0.4.1:compile
[INFO]    org.antlr:antlr-runtime:jar:3.5:compile
[INFO]    org.apache.lucene:lucene-grouping:jar:4.10.4:compile
[INFO]    commons-codec:commons-codec:jar:1.6:compile
[INFO]    com.eaio.uuid:uuid:jar:3.2:compile
[INFO] 
[INFO]                                                                         
[INFO] ------------------------------------------------------------------------
[INFO] Building Blueflood Rollup Kafka Producer 2.0.0-SNAPSHOT
[INFO] ------------------------------------------------------------------------
[INFO] 
[INFO] --- maven-enforcer-plugin:1.0:enforce (enforce-maven) @ blueflood-kafka ---
[INFO] 
[INFO] --- jacoco-maven-plugin:0.7.2.201409121644:prepare-agent (prepare-agent) @ blueflood-kafka ---
[INFO] argLine set to -javaagent:/home/travis/.m2/repository/org/jacoco/org.jacoco.agent/0.7.2.201409121644/org.jacoco.agent-0.7.2.201409121644-runtime.jar=destfile=/home/travis/build/failed/rackerlabs/blueflood/blueflood-kafka/target/jacoco.exec
[INFO] 
[INFO] --- maven-resources-plugin:2.6:resources (default-resources) @ blueflood-kafka ---
[INFO] Using 'UTF-8' encoding to copy filtered resources.
[INFO] skip non existing resourceDirectory /home/travis/build/failed/rackerlabs/blueflood/blueflood-kafka/src/main/resources
[INFO] 
[INFO] --- maven-compiler-plugin:3.1:compile (default-compile) @ blueflood-kafka ---
[INFO] Nothing to compile - all classes are up to date
[INFO] 
[INFO] --- maven-resources-plugin:2.6:testResources (default-testResources) @ blueflood-kafka ---
[INFO] Not copying test resources
[INFO] 
[INFO] --- build-helper-maven-plugin:1.8:reserve-network-port (reserve-network-port) @ blueflood-kafka ---
[INFO] Reserved port 40967 for cassandra.rpcPort
[INFO] Reserved port 35113 for cassandra.jmxPort
[INFO] Reserved port 44233 for cassandra.storagePort
[INFO] Reserved port 42029 for cassandra.stopPort
[INFO] 
[INFO] --- maven-compiler-plugin:3.1:testCompile (default-testCompile) @ blueflood-kafka ---
[INFO] Not compiling test sources
[INFO] 
[INFO] --- maven-surefire-plugin:2.14.1:test (default-test) @ blueflood-kafka ---
[INFO] Tests are skipped.
[INFO] 
[INFO] --- maven-jar-plugin:2.2:jar (default-jar) @ blueflood-kafka ---
[INFO] 
[INFO] --- maven-source-plugin:2.2.1:jar-no-fork (attach-sources) @ blueflood-kafka ---
[INFO] 
[INFO] --- maven-javadoc-plugin:2.9.1:jar (attach-javadocs) @ blueflood-kafka ---
[INFO] Skipping javadoc generation
[INFO] 
[INFO] --- maven-jar-plugin:2.2:test-jar (default) @ blueflood-kafka ---
[INFO] Skipping packaging of the test-jar
[INFO] 
[INFO] --- jacoco-maven-plugin:0.7.2.201409121644:prepare-agent-integration (prepare-it-agent) @ blueflood-kafka ---
[INFO] jacoco.agent.it.argLine set to -javaagent:/home/travis/.m2/repository/org/jacoco/org.jacoco.agent/0.7.2.201409121644/org.jacoco.agent-0.7.2.201409121644-runtime.jar=destfile=/home/travis/build/failed/rackerlabs/blueflood/blueflood-kafka/target/jacoco-it.exec
[INFO] 
[INFO] --- cassandra-maven-plugin:2.0.0-1:delete (delete-cassandra) @ blueflood-kafka ---
[INFO] Skipping cassandra: cassandra.skip==true
[INFO] 
[INFO] --- cassandra-maven-plugin:2.0.0-1:start (default) @ blueflood-kafka ---
[INFO] Skipping cassandra: cassandra.skip==true
[INFO] 
[INFO] --- cassandra-maven-plugin:2.0.0-1:stop (default) @ blueflood-kafka ---
[INFO] Skipping cassandra: cassandra.skip==true
[INFO] 
[INFO] --- maven-install-plugin:2.4:install (default-install) @ blueflood-kafka ---
[INFO] Installing /home/travis/build/failed/rackerlabs/blueflood/blueflood-kafka/target/blueflood-kafka-2.0.0-SNAPSHOT.jar to /home/travis/.m2/repository/com/rackspacecloud/blueflood-kafka/2.0.0-SNAPSHOT/blueflood-kafka-2.0.0-SNAPSHOT.jar
[INFO] Installing /home/travis/build/failed/rackerlabs/blueflood/blueflood-kafka/pom.xml to /home/travis/.m2/repository/com/rackspacecloud/blueflood-kafka/2.0.0-SNAPSHOT/blueflood-kafka-2.0.0-SNAPSHOT.pom
[INFO] Installing /home/travis/build/failed/rackerlabs/blueflood/blueflood-kafka/target/blueflood-kafka-2.0.0-SNAPSHOT-sources.jar to /home/travis/.m2/repository/com/rackspacecloud/blueflood-kafka/2.0.0-SNAPSHOT/blueflood-kafka-2.0.0-SNAPSHOT-sources.jar
[INFO] 
[INFO] --- maven-dependency-plugin:2.8:resolve (default-cli) @ blueflood-kafka ---
[INFO] 
[INFO] The following files have been resolved:
[INFO]    org.clojure:clojure:jar:1.5.1:compile
[INFO]    org.mortbay.jetty:servlet-api:jar:2.5-20081211:compile
[INFO]    com.google.protobuf:protobuf-java:jar:2.5.0:compile
[INFO]    org.antlr:antlr-runtime:jar:3.2:compile
[INFO]    com.codahale.metrics:metrics-core:jar:3.0.1:compile
[INFO]    org.apache.zookeeper:zookeeper:jar:3.3.4:compile
[INFO]    org.hamcrest:hamcrest-core:jar:1.1:compile
[INFO]    com.rackspacecloud:blueflood-core:jar:2.0.0-SNAPSHOT:compile
[INFO]    net.sf.jopt-simple:jopt-simple:jar:3.2:compile
[INFO]    bigml:histogram:jar:3.2.1:compile
[INFO]    stax:stax-api:jar:1.0.1:compile
[INFO]    org.scala-lang:scala-reflect:jar:2.10.1:compile
[INFO]    com.googlecode.json-simple:json-simple:jar:1.1:compile
[INFO]    commons-logging:commons-logging:jar:1.1.1:compile
[INFO]    com.codahale.metrics:metrics-log4j:jar:3.0.1:compile
[INFO]    com.netflix.astyanax:astyanax-core:jar:1.56.34:compile
[INFO]    org.apache.servicemix.bundles:org.apache.servicemix.bundles.commons-csv:jar:1.0-r706900_3:compile
[INFO]    org.apache.cassandra:cassandra-all:jar:1.2.2:compile
[INFO]    jline:jline:jar:0.9.94:compile
[INFO]    org.apache.thrift:libthrift:jar:0.7.0:compile
[INFO]    org.mortbay.jetty:jetty-util:jar:6.1.22:compile
[INFO]    org.apache.kafka:kafka_2.10:jar:0.8.0:compile
[INFO]    joda-time:joda-time:jar:1.6.2:compile
[INFO]    org.apache.cassandra:cassandra-thrift:jar:1.2.2:compile
[INFO]    junit:junit:jar:4.10:compile
[INFO]    org.slf4j:slf4j-api:jar:1.7.2:compile
[INFO]    org.codehaus.jettison:jettison:jar:1.2:compile
[INFO]    com.yammer.metrics:metrics-annotation:jar:2.2.0:compile
[INFO]    org.mindrot:jbcrypt:jar:0.3m:compile
[INFO]    org.apache.httpcomponents:httpclient:jar:4.0.1:compile
[INFO]    com.google.code.gson:gson:jar:2.2:compile
[INFO]    com.googlecode.concurrentlinkedhashmap:concurrentlinkedhashmap-lru:jar:1.3:compile
[INFO]    antlr:antlr:jar:2.7.7:compile
[INFO]    org.apache.curator:curator-client:jar:2.3.0:compile
[INFO]    com.yammer.metrics:metrics-core:jar:2.2.0:compile
[INFO]    org.scala-lang:scala-compiler:jar:2.10.1:compile
[INFO]    org.codehaus.jackson:jackson-core-asl:jar:1.9.2:compile
[INFO]    commons-cli:commons-cli:jar:1.2:compile
[INFO]    org.apache.curator:curator-framework:jar:2.3.0:compile
[INFO]    com.codahale.metrics:metrics-jvm:jar:3.0.1:compile
[INFO]    org.codehaus.jackson:jackson-mapper-asl:jar:1.9.2:compile
[INFO]    commons-codec:commons-codec:jar:1.5:compile
[INFO]    com.ning:compress-lzf:jar:0.8.4:compile
[INFO]    com.github.stephenc.high-scale-lib:high-scale-lib:jar:1.1.2:compile
[INFO]    log4j:log4j:jar:1.2.16:compile
[INFO]    org.apache.cassandra.deps:avro:jar:1.4.0-cassandra-1:compile
[INFO]    org.slf4j:slf4j-log4j12:jar:1.7.6:compile
[INFO]    com.netflix.astyanax:astyanax-recipes:jar:1.56.34:compile
[INFO]    org.antlr:antlr:jar:3.2:compile
[INFO]    commons-lang:commons-lang:jar:2.4:compile
[INFO]    org.jboss.netty:netty:jar:3.2.4.Final:compile
[INFO]    javax.servlet:servlet-api:jar:2.5:compile
[INFO]    org.apache.curator:curator-recipes:jar:2.3.0:compile
[INFO]    com.codahale.metrics:metrics-graphite:jar:3.0.1:compile
[INFO]    io.netty:netty:jar:3.6.1.Final:compile
[INFO]    com.netflix.astyanax:astyanax-thrift:jar:1.56.34:compile
[INFO]    com.101tec:zkclient:jar:0.3:compile
[INFO]    org.apache.httpcomponents:httpcore:jar:4.0.1:compile
[INFO]    org.antlr:stringtemplate:jar:3.2:compile
[INFO]    edu.stanford.ppl:snaptree:jar:0.1:compile
[INFO]    org.scala-lang:scala-library:jar:2.10.1:compile
[INFO]    com.netflix.astyanax:astyanax-cassandra:jar:1.56.34:compile
[INFO]    com.yammer.metrics:metrics-graphite:jar:2.2.0:compile
[INFO]    net.jpountz.lz4:lz4:jar:1.1.0:compile
[INFO]    com.aphyr:riemann-java-client:jar:0.2.9:compile
[INFO]    com.github.stephenc:jamm:jar:0.2.5:compile
[INFO]    com.google.guava:guava:jar:15.0:compile
[INFO]    org.mortbay.jetty:jetty:jar:6.1.22:compile
[INFO]    org.xerial.snappy:snappy-java:jar:1.0.4.1:compile
[INFO]    org.mockito:mockito-all:jar:1.8.5:compile
[INFO]    org.yaml:snakeyaml:jar:1.6:compile
[INFO]    com.eaio.uuid:uuid:jar:3.2:compile
[INFO] 
[INFO]                                                                         
[INFO] ------------------------------------------------------------------------
[INFO] Building Blueflood Rollup Cloudfiles Exporter 2.0.0-SNAPSHOT
[INFO] ------------------------------------------------------------------------
[INFO] 
[INFO] --- maven-enforcer-plugin:1.0:enforce (enforce-maven) @ blueflood-cloudfiles ---
[INFO] 
[INFO] --- jacoco-maven-plugin:0.7.2.201409121644:prepare-agent (prepare-agent) @ blueflood-cloudfiles ---
[INFO] argLine set to -javaagent:/home/travis/.m2/repository/org/jacoco/org.jacoco.agent/0.7.2.201409121644/org.jacoco.agent-0.7.2.201409121644-runtime.jar=destfile=/home/travis/build/failed/rackerlabs/blueflood/blueflood-cloudfiles/target/jacoco.exec
[INFO] 
[INFO] --- maven-resources-plugin:2.6:resources (default-resources) @ blueflood-cloudfiles ---
[INFO] Using 'UTF-8' encoding to copy filtered resources.
[INFO] skip non existing resourceDirectory /home/travis/build/failed/rackerlabs/blueflood/blueflood-cloudfiles/src/main/resources
[INFO] 
[INFO] --- maven-compiler-plugin:3.1:compile (default-compile) @ blueflood-cloudfiles ---
[INFO] Nothing to compile - all classes are up to date
[INFO] 
[INFO] --- maven-resources-plugin:2.6:testResources (default-testResources) @ blueflood-cloudfiles ---
[INFO] Not copying test resources
[INFO] 
[INFO] --- build-helper-maven-plugin:1.8:reserve-network-port (reserve-network-port) @ blueflood-cloudfiles ---
[INFO] Reserved port 42955 for cassandra.rpcPort
[INFO] Reserved port 35145 for cassandra.jmxPort
[INFO] Reserved port 45627 for cassandra.storagePort
[INFO] Reserved port 44293 for cassandra.stopPort
[INFO] 
[INFO] --- maven-compiler-plugin:3.1:testCompile (default-testCompile) @ blueflood-cloudfiles ---
[INFO] Not compiling test sources
[INFO] 
[INFO] --- maven-surefire-plugin:2.14.1:test (default-test) @ blueflood-cloudfiles ---
[INFO] Tests are skipped.
[INFO] 
[INFO] --- maven-jar-plugin:2.2:jar (default-jar) @ blueflood-cloudfiles ---
[INFO] 
[INFO] --- maven-source-plugin:2.2.1:jar-no-fork (attach-sources) @ blueflood-cloudfiles ---
[INFO] 
[INFO] --- maven-javadoc-plugin:2.9.1:jar (attach-javadocs) @ blueflood-cloudfiles ---
[INFO] Skipping javadoc generation
[INFO] 
[INFO] --- maven-jar-plugin:2.2:test-jar (default) @ blueflood-cloudfiles ---
[INFO] Skipping packaging of the test-jar
[INFO] 
[INFO] --- jacoco-maven-plugin:0.7.2.201409121644:prepare-agent-integration (prepare-it-agent) @ blueflood-cloudfiles ---
[INFO] jacoco.agent.it.argLine set to -javaagent:/home/travis/.m2/repository/org/jacoco/org.jacoco.agent/0.7.2.201409121644/org.jacoco.agent-0.7.2.201409121644-runtime.jar=destfile=/home/travis/build/failed/rackerlabs/blueflood/blueflood-cloudfiles/target/jacoco-it.exec
[INFO] 
[INFO] --- cassandra-maven-plugin:2.0.0-1:delete (delete-cassandra) @ blueflood-cloudfiles ---
[INFO] Skipping cassandra: cassandra.skip==true
[INFO] 
[INFO] --- cassandra-maven-plugin:2.0.0-1:start (default) @ blueflood-cloudfiles ---
[INFO] Skipping cassandra: cassandra.skip==true
[INFO] 
[INFO] --- cassandra-maven-plugin:2.0.0-1:stop (default) @ blueflood-cloudfiles ---
[INFO] Skipping cassandra: cassandra.skip==true
[INFO] 
[INFO] --- maven-install-plugin:2.4:install (default-install) @ blueflood-cloudfiles ---
[INFO] Installing /home/travis/build/failed/rackerlabs/blueflood/blueflood-cloudfiles/target/blueflood-cloudfiles-2.0.0-SNAPSHOT.jar to /home/travis/.m2/repository/com/rackspacecloud/blueflood-cloudfiles/2.0.0-SNAPSHOT/blueflood-cloudfiles-2.0.0-SNAPSHOT.jar
[INFO] Installing /home/travis/build/failed/rackerlabs/blueflood/blueflood-cloudfiles/pom.xml to /home/travis/.m2/repository/com/rackspacecloud/blueflood-cloudfiles/2.0.0-SNAPSHOT/blueflood-cloudfiles-2.0.0-SNAPSHOT.pom
[INFO] Installing /home/travis/build/failed/rackerlabs/blueflood/blueflood-cloudfiles/target/blueflood-cloudfiles-2.0.0-SNAPSHOT-sources.jar to /home/travis/.m2/repository/com/rackspacecloud/blueflood-cloudfiles/2.0.0-SNAPSHOT/blueflood-cloudfiles-2.0.0-SNAPSHOT-sources.jar
[INFO] 
[INFO] --- maven-dependency-plugin:2.8:resolve (default-cli) @ blueflood-cloudfiles ---
[INFO] 
[INFO] The following files have been resolved:
[INFO]    org.clojure:clojure:jar:1.5.1:compile
[INFO]    org.mortbay.jetty:servlet-api:jar:2.5-20081211:compile
[INFO]    com.google.protobuf:protobuf-java:jar:2.5.0:compile
[INFO]    com.codahale.metrics:metrics-core:jar:3.0.1:compile
[INFO]    org.antlr:antlr-runtime:jar:3.2:compile
[INFO]    org.hamcrest:hamcrest-core:jar:1.1:compile
[INFO]    com.google.inject:guice:jar:3.0:compile
[INFO]    com.rackspacecloud:blueflood-core:jar:2.0.0-SNAPSHOT:compile
[INFO]    bigml:histogram:jar:3.2.1:compile
[INFO]    stax:stax-api:jar:1.0.1:compile
[INFO]    com.googlecode.json-simple:json-simple:jar:1.1:compile
[INFO]    com.yammer.metrics:metrics-core:jar:2.1.2:compile
[INFO]    commons-logging:commons-logging:jar:1.1.1:compile
[INFO]    com.codahale.metrics:metrics-log4j:jar:3.0.1:compile
[INFO]    org.apache.jclouds.common:openstack-common:jar:1.7.0:compile
[INFO]    com.netflix.astyanax:astyanax-core:jar:1.56.34:compile
[INFO]    org.apache.jclouds.api:cloudfiles:jar:1.7.0:compile
[INFO]    org.apache.jclouds.api:swift:jar:1.7.0:compile
[INFO]    org.apache.zookeeper:zookeeper:jar:3.4.5:compile
[INFO]    org.apache.servicemix.bundles:org.apache.servicemix.bundles.commons-csv:jar:1.0-r706900_3:compile
[INFO]    org.apache.cassandra:cassandra-all:jar:1.2.2:compile
[INFO]    org.apache.thrift:libthrift:jar:0.7.0:compile
[INFO]    org.mortbay.jetty:jetty-util:jar:6.1.22:compile
[INFO]    joda-time:joda-time:jar:1.6.2:compile
[INFO]    org.apache.jclouds.api:openstack-keystone:jar:1.7.0:compile
[INFO]    org.apache.cassandra:cassandra-thrift:jar:1.2.2:compile
[INFO]    junit:junit:jar:4.10:compile
[INFO]    org.codehaus.jettison:jettison:jar:1.2:compile
[INFO]    org.mindrot:jbcrypt:jar:0.3m:compile
[INFO]    org.apache.httpcomponents:httpclient:jar:4.0.1:compile
[INFO]    com.google.code.gson:gson:jar:2.2:compile
[INFO]    com.googlecode.concurrentlinkedhashmap:concurrentlinkedhashmap-lru:jar:1.3:compile
[INFO]    org.99soft.guice:rocoto:jar:6.2:compile
[INFO]    antlr:antlr:jar:2.7.7:compile
[INFO]    aopalliance:aopalliance:jar:1.0:compile
[INFO]    org.apache.curator:curator-client:jar:2.3.0:compile
[INFO]    javax.ws.rs:jsr311-api:jar:1.1.1:compile
[INFO]    org.codehaus.jackson:jackson-core-asl:jar:1.9.2:compile
[INFO]    commons-cli:commons-cli:jar:1.2:compile
[INFO]    org.apache.jclouds:jclouds-blobstore:jar:1.7.0:compile
[INFO]    org.apache.curator:curator-framework:jar:2.3.0:compile
[INFO]    com.codahale.metrics:metrics-jvm:jar:3.0.1:compile
[INFO]    org.codehaus.jackson:jackson-mapper-asl:jar:1.9.2:compile
[INFO]    commons-codec:commons-codec:jar:1.5:compile
[INFO]    com.ning:compress-lzf:jar:0.8.4:compile
[INFO]    com.github.stephenc.high-scale-lib:high-scale-lib:jar:1.1.2:compile
[INFO]    log4j:log4j:jar:1.2.16:compile
[INFO]    javax.annotation:jsr250-api:jar:1.0:compile
[INFO]    org.apache.cassandra.deps:avro:jar:1.4.0-cassandra-1:compile
[INFO]    org.slf4j:slf4j-log4j12:jar:1.7.6:compile
[INFO]    com.netflix.astyanax:astyanax-recipes:jar:1.56.34:compile
[INFO]    org.slf4j:slf4j-api:jar:1.6.4:compile
[INFO]    org.antlr:antlr:jar:3.2:compile
[INFO]    commons-lang:commons-lang:jar:2.4:compile
[INFO]    org.jboss.netty:netty:jar:3.2.4.Final:compile
[INFO]    javax.servlet:servlet-api:jar:2.5:compile
[INFO]    org.apache.curator:curator-recipes:jar:2.3.0:compile
[INFO]    org.apache.jclouds.provider:cloudfiles-us:jar:1.7.0:compile
[INFO]    com.codahale.metrics:metrics-graphite:jar:3.0.1:compile
[INFO]    io.netty:netty:jar:3.6.1.Final:compile
[INFO]    com.netflix.astyanax:astyanax-thrift:jar:1.56.34:compile
[INFO]    org.apache.httpcomponents:httpcore:jar:4.0.1:compile
[INFO]    jline:jline:jar:1.0:compile
[INFO]    org.antlr:stringtemplate:jar:3.2:compile
[INFO]    edu.stanford.ppl:snaptree:jar:0.1:compile
[INFO]    javax.inject:javax.inject:jar:1:compile
[INFO]    com.netflix.astyanax:astyanax-cassandra:jar:1.56.34:compile
[INFO]    net.jpountz.lz4:lz4:jar:1.1.0:compile
[INFO]    com.aphyr:riemann-java-client:jar:0.2.9:compile
[INFO]    com.github.stephenc:jamm:jar:0.2.5:compile
[INFO]    com.google.guava:guava:jar:15.0:compile
[INFO]    org.mortbay.jetty:jetty:jar:6.1.22:compile
[INFO]    org.apache.jclouds:jclouds-core:jar:1.7.0:compile
[INFO]    org.xerial.snappy:snappy-java:jar:1.0.4.1:compile
[INFO]    org.mockito:mockito-all:jar:1.8.5:compile
[INFO]    com.google.inject.extensions:guice-assistedinject:jar:3.0:compile
[INFO]    org.yaml:snakeyaml:jar:1.6:compile
[INFO]    com.eaio.uuid:uuid:jar:3.2:compile
[INFO] 
[INFO]                                                                         
[INFO] ------------------------------------------------------------------------
[INFO] Building Blueflood IO Bindings for Datastax Java Driver 2.0.0-SNAPSHOT
[INFO] ------------------------------------------------------------------------
[INFO] 
[INFO] --- maven-enforcer-plugin:1.0:enforce (enforce-maven) @ blueflood-io-datastax ---
[INFO] 
[INFO] --- jacoco-maven-plugin:0.7.2.201409121644:prepare-agent (prepare-agent) @ blueflood-io-datastax ---
[INFO] argLine set to -javaagent:/home/travis/.m2/repository/org/jacoco/org.jacoco.agent/0.7.2.201409121644/org.jacoco.agent-0.7.2.201409121644-runtime.jar=destfile=/home/travis/build/failed/rackerlabs/blueflood/blueflood-io-datastax/target/jacoco.exec
[INFO] 
[INFO] --- maven-resources-plugin:2.6:resources (default-resources) @ blueflood-io-datastax ---
[INFO] Using 'UTF-8' encoding to copy filtered resources.
[INFO] skip non existing resourceDirectory /home/travis/build/failed/rackerlabs/blueflood/blueflood-io-datastax/src/main/resources
[INFO] 
[INFO] --- maven-compiler-plugin:3.1:compile (default-compile) @ blueflood-io-datastax ---
[INFO] No sources to compile
[INFO] 
[INFO] --- maven-resources-plugin:2.6:testResources (default-testResources) @ blueflood-io-datastax ---
[INFO] Not copying test resources
[INFO] 
[INFO] --- build-helper-maven-plugin:1.8:reserve-network-port (reserve-network-port) @ blueflood-io-datastax ---
[INFO] Reserved port 41937 for cassandra.rpcPort
[INFO] Reserved port 34231 for cassandra.jmxPort
[INFO] Reserved port 42847 for cassandra.storagePort
[INFO] Reserved port 38389 for cassandra.stopPort
[INFO] 
[INFO] --- maven-compiler-plugin:3.1:testCompile (default-testCompile) @ blueflood-io-datastax ---
[INFO] Not compiling test sources
[INFO] 
[INFO] --- maven-surefire-plugin:2.12.4:test (default-test) @ blueflood-io-datastax ---
[INFO] Tests are skipped.
[INFO] 
[INFO] --- maven-jar-plugin:2.2:jar (default-jar) @ blueflood-io-datastax ---
[WARNING] JAR will be empty - no content was marked for inclusion!
[INFO] 
[INFO] --- maven-source-plugin:2.2.1:jar-no-fork (attach-sources) @ blueflood-io-datastax ---
[INFO] No sources in project. Archive not created.
[INFO] 
[INFO] --- maven-javadoc-plugin:2.9.1:jar (attach-javadocs) @ blueflood-io-datastax ---
[INFO] Skipping javadoc generation
[INFO] 
[INFO] --- maven-jar-plugin:2.2:test-jar (default) @ blueflood-io-datastax ---
[INFO] Skipping packaging of the test-jar
[INFO] 
[INFO] --- jacoco-maven-plugin:0.7.2.201409121644:prepare-agent-integration (prepare-it-agent) @ blueflood-io-datastax ---
[INFO] jacoco.agent.it.argLine set to -javaagent:/home/travis/.m2/repository/org/jacoco/org.jacoco.agent/0.7.2.201409121644/org.jacoco.agent-0.7.2.201409121644-runtime.jar=destfile=/home/travis/build/failed/rackerlabs/blueflood/blueflood-io-datastax/target/jacoco-it.exec
[INFO] 
[INFO] --- cassandra-maven-plugin:2.0.0-1:delete (delete-cassandra) @ blueflood-io-datastax ---
[INFO] Skipping cassandra: cassandra.skip==true
[INFO] 
[INFO] --- cassandra-maven-plugin:2.0.0-1:start (default) @ blueflood-io-datastax ---
[INFO] Skipping cassandra: cassandra.skip==true
[INFO] 
[INFO] --- cassandra-maven-plugin:2.0.0-1:stop (default) @ blueflood-io-datastax ---
[INFO] Skipping cassandra: cassandra.skip==true
[INFO] 
[INFO] --- maven-install-plugin:2.4:install (default-install) @ blueflood-io-datastax ---
[INFO] Installing /home/travis/build/failed/rackerlabs/blueflood/blueflood-io-datastax/target/blueflood-io-datastax-2.0.0-SNAPSHOT.jar to /home/travis/.m2/repository/com/rackspacecloud/blueflood-io-datastax/2.0.0-SNAPSHOT/blueflood-io-datastax-2.0.0-SNAPSHOT.jar
[INFO] Installing /home/travis/build/failed/rackerlabs/blueflood/blueflood-io-datastax/pom.xml to /home/travis/.m2/repository/com/rackspacecloud/blueflood-io-datastax/2.0.0-SNAPSHOT/blueflood-io-datastax-2.0.0-SNAPSHOT.pom
[INFO] 
[INFO] --- maven-dependency-plugin:2.8:resolve (default-cli) @ blueflood-io-datastax ---
[INFO] 
[INFO] The following files have been resolved:
[INFO]    org.clojure:clojure:jar:1.5.1:compile
[INFO]    org.mortbay.jetty:servlet-api:jar:2.5-20081211:compile
[INFO]    com.google.protobuf:protobuf-java:jar:2.5.0:compile
[INFO]    com.codahale.metrics:metrics-core:jar:3.0.1:compile
[INFO]    org.antlr:antlr-runtime:jar:3.2:compile
[INFO]    org.hamcrest:hamcrest-core:jar:1.1:compile
[INFO]    com.rackspacecloud:blueflood-core:jar:2.0.0-SNAPSHOT:compile
[INFO]    bigml:histogram:jar:3.2.1:compile
[INFO]    stax:stax-api:jar:1.0.1:compile
[INFO]    com.googlecode.json-simple:json-simple:jar:1.1:compile
[INFO]    com.yammer.metrics:metrics-core:jar:2.1.2:compile
[INFO]    commons-logging:commons-logging:jar:1.1.1:compile
[INFO]    com.codahale.metrics:metrics-log4j:jar:3.0.1:compile
[INFO]    com.netflix.astyanax:astyanax-core:jar:1.56.34:compile
[INFO]    org.apache.zookeeper:zookeeper:jar:3.4.5:compile
[INFO]    org.apache.servicemix.bundles:org.apache.servicemix.bundles.commons-csv:jar:1.0-r706900_3:compile
[INFO]    org.apache.cassandra:cassandra-all:jar:1.2.2:compile
[INFO]    org.apache.thrift:libthrift:jar:0.7.0:compile
[INFO]    org.mortbay.jetty:jetty-util:jar:6.1.22:compile
[INFO]    joda-time:joda-time:jar:1.6.2:compile
[INFO]    org.apache.cassandra:cassandra-thrift:jar:1.2.2:compile
[INFO]    junit:junit:jar:4.10:compile
[INFO]    org.codehaus.jettison:jettison:jar:1.2:compile
[INFO]    org.mindrot:jbcrypt:jar:0.3m:compile
[INFO]    org.apache.httpcomponents:httpclient:jar:4.0.1:compile
[INFO]    com.google.code.gson:gson:jar:2.2:compile
[INFO]    com.googlecode.concurrentlinkedhashmap:concurrentlinkedhashmap-lru:jar:1.3:compile
[INFO]    antlr:antlr:jar:2.7.7:compile
[INFO]    org.apache.curator:curator-client:jar:2.3.0:compile
[INFO]    org.codehaus.jackson:jackson-core-asl:jar:1.9.2:compile
[INFO]    commons-cli:commons-cli:jar:1.2:compile
[INFO]    org.apache.curator:curator-framework:jar:2.3.0:compile
[INFO]    com.codahale.metrics:metrics-jvm:jar:3.0.1:compile
[INFO]    org.codehaus.jackson:jackson-mapper-asl:jar:1.9.2:compile
[INFO]    commons-codec:commons-codec:jar:1.5:compile
[INFO]    com.ning:compress-lzf:jar:0.8.4:compile
[INFO]    com.github.stephenc.high-scale-lib:high-scale-lib:jar:1.1.2:compile
[INFO]    log4j:log4j:jar:1.2.16:compile
[INFO]    org.apache.cassandra.deps:avro:jar:1.4.0-cassandra-1:compile
[INFO]    org.slf4j:slf4j-log4j12:jar:1.7.6:compile
[INFO]    com.netflix.astyanax:astyanax-recipes:jar:1.56.34:compile
[INFO]    org.slf4j:slf4j-api:jar:1.6.4:compile
[INFO]    org.antlr:antlr:jar:3.2:compile
[INFO]    commons-lang:commons-lang:jar:2.4:compile
[INFO]    org.jboss.netty:netty:jar:3.2.4.Final:compile
[INFO]    javax.servlet:servlet-api:jar:2.5:compile
[INFO]    org.apache.curator:curator-recipes:jar:2.3.0:compile
[INFO]    com.codahale.metrics:metrics-graphite:jar:3.0.1:compile
[INFO]    io.netty:netty:jar:3.6.1.Final:compile
[INFO]    com.netflix.astyanax:astyanax-thrift:jar:1.56.34:compile
[INFO]    org.apache.httpcomponents:httpcore:jar:4.0.1:compile
[INFO]    jline:jline:jar:1.0:compile
[INFO]    org.antlr:stringtemplate:jar:3.2:compile
[INFO]    edu.stanford.ppl:snaptree:jar:0.1:compile
[INFO]    com.netflix.astyanax:astyanax-cassandra:jar:1.56.34:compile
[INFO]    net.jpountz.lz4:lz4:jar:1.1.0:compile
[INFO]    com.aphyr:riemann-java-client:jar:0.2.9:compile
[INFO]    com.github.stephenc:jamm:jar:0.2.5:compile
[INFO]    com.google.guava:guava:jar:15.0:compile
[INFO]    org.mortbay.jetty:jetty:jar:6.1.22:compile
[INFO]    org.xerial.snappy:snappy-java:jar:1.0.4.1:compile
[INFO]    org.mockito:mockito-all:jar:1.8.5:compile
[INFO]    org.yaml:snakeyaml:jar:1.6:compile
[INFO]    com.eaio.uuid:uuid:jar:3.2:compile
[INFO] 
[INFO]                                                                         
[INFO] ------------------------------------------------------------------------
[INFO] Building Blueflood Out-of-band Rollup Tools 2.0.0-SNAPSHOT
[INFO] ------------------------------------------------------------------------
[INFO] 
[INFO] --- maven-enforcer-plugin:1.0:enforce (enforce-maven) @ blueflood-rollupTools ---
[INFO] 
[INFO] --- jacoco-maven-plugin:0.7.2.201409121644:prepare-agent (prepare-agent) @ blueflood-rollupTools ---
[INFO] argLine set to -javaagent:/home/travis/.m2/repository/org/jacoco/org.jacoco.agent/0.7.2.201409121644/org.jacoco.agent-0.7.2.201409121644-runtime.jar=destfile=/home/travis/build/failed/rackerlabs/blueflood/blueflood-rollupTools/target/jacoco.exec
[INFO] 
[INFO] --- maven-resources-plugin:2.6:resources (default-resources) @ blueflood-rollupTools ---
[INFO] Using 'UTF-8' encoding to copy filtered resources.
[INFO] skip non existing resourceDirectory /home/travis/build/failed/rackerlabs/blueflood/blueflood-rollupTools/src/main/resources
[INFO] 
[INFO] --- maven-compiler-plugin:3.1:compile (default-compile) @ blueflood-rollupTools ---
[INFO] Nothing to compile - all classes are up to date
[INFO] 
[INFO] --- maven-resources-plugin:2.6:testResources (default-testResources) @ blueflood-rollupTools ---
[INFO] Not copying test resources
[INFO] 
[INFO] --- build-helper-maven-plugin:1.8:reserve-network-port (reserve-network-port) @ blueflood-rollupTools ---
[INFO] Reserved port 40525 for cassandra.rpcPort
[INFO] Reserved port 39569 for cassandra.jmxPort
[INFO] Reserved port 42287 for cassandra.storagePort
[INFO] Reserved port 38401 for cassandra.stopPort
[INFO] 
[INFO] --- maven-compiler-plugin:3.1:testCompile (default-testCompile) @ blueflood-rollupTools ---
[INFO] Not compiling test sources
[INFO] 
[INFO] --- maven-surefire-plugin:2.14.1:test (default-test) @ blueflood-rollupTools ---
[INFO] Tests are skipped.
[INFO] 
[INFO] --- maven-jar-plugin:2.2:jar (default-jar) @ blueflood-rollupTools ---
[INFO] 
[INFO] --- maven-source-plugin:2.2.1:jar-no-fork (attach-sources) @ blueflood-rollupTools ---
[INFO] 
[INFO] --- maven-javadoc-plugin:2.9.1:jar (attach-javadocs) @ blueflood-rollupTools ---
[INFO] Skipping javadoc generation
[INFO] 
[INFO] --- maven-jar-plugin:2.2:test-jar (default) @ blueflood-rollupTools ---
[INFO] Skipping packaging of the test-jar
[INFO] 
[INFO] --- jacoco-maven-plugin:0.7.2.201409121644:prepare-agent-integration (prepare-it-agent) @ blueflood-rollupTools ---
[INFO] jacoco.agent.it.argLine set to -javaagent:/home/travis/.m2/repository/org/jacoco/org.jacoco.agent/0.7.2.201409121644/org.jacoco.agent-0.7.2.201409121644-runtime.jar=destfile=/home/travis/build/failed/rackerlabs/blueflood/blueflood-rollupTools/target/jacoco-it.exec
[INFO] 
[INFO] --- cassandra-maven-plugin:2.0.0-1:delete (delete-cassandra) @ blueflood-rollupTools ---
[INFO] Skipping cassandra: cassandra.skip==true
[INFO] 
[INFO] --- cassandra-maven-plugin:2.0.0-1:start (default) @ blueflood-rollupTools ---
[INFO] Skipping cassandra: cassandra.skip==true
[INFO] 
[INFO] --- cassandra-maven-plugin:2.0.0-1:stop (default) @ blueflood-rollupTools ---
[INFO] Skipping cassandra: cassandra.skip==true
[INFO] 
[INFO] --- maven-install-plugin:2.4:install (default-install) @ blueflood-rollupTools ---
[INFO] Installing /home/travis/build/failed/rackerlabs/blueflood/blueflood-rollupTools/target/blueflood-rollupTools-2.0.0-SNAPSHOT.jar to /home/travis/.m2/repository/com/rackspacecloud/blueflood-rollupTools/2.0.0-SNAPSHOT/blueflood-rollupTools-2.0.0-SNAPSHOT.jar
[INFO] Installing /home/travis/build/failed/rackerlabs/blueflood/blueflood-rollupTools/pom.xml to /home/travis/.m2/repository/com/rackspacecloud/blueflood-rollupTools/2.0.0-SNAPSHOT/blueflood-rollupTools-2.0.0-SNAPSHOT.pom
[INFO] Installing /home/travis/build/failed/rackerlabs/blueflood/blueflood-rollupTools/target/blueflood-rollupTools-2.0.0-SNAPSHOT-sources.jar to /home/travis/.m2/repository/com/rackspacecloud/blueflood-rollupTools/2.0.0-SNAPSHOT/blueflood-rollupTools-2.0.0-SNAPSHOT-sources.jar
[INFO] 
[INFO] --- maven-dependency-plugin:2.8:resolve (default-cli) @ blueflood-rollupTools ---
[INFO] 
[INFO] The following files have been resolved:
[INFO]    org.clojure:clojure:jar:1.5.1:compile
[INFO]    org.mortbay.jetty:servlet-api:jar:2.5-20081211:compile
[INFO]    com.google.protobuf:protobuf-java:jar:2.5.0:compile
[INFO]    com.codahale.metrics:metrics-core:jar:3.0.1:compile
[INFO]    org.antlr:antlr-runtime:jar:3.2:compile
[INFO]    org.hamcrest:hamcrest-core:jar:1.1:compile
[INFO]    com.google.inject:guice:jar:3.0:compile
[INFO]    com.rackspacecloud:blueflood-core:jar:2.0.0-SNAPSHOT:compile
[INFO]    bigml:histogram:jar:3.2.1:compile
[INFO]    stax:stax-api:jar:1.0.1:compile
[INFO]    com.googlecode.json-simple:json-simple:jar:1.1:compile
[INFO]    com.yammer.metrics:metrics-core:jar:2.1.2:compile
[INFO]    commons-logging:commons-logging:jar:1.1.1:compile
[INFO]    com.codahale.metrics:metrics-log4j:jar:3.0.1:compile
[INFO]    com.netflix.astyanax:astyanax-core:jar:1.56.34:compile
[INFO]    org.apache.zookeeper:zookeeper:jar:3.4.5:compile
[INFO]    org.jclouds.api:cloudfiles:jar:1.6.0:compile
[INFO]    org.apache.servicemix.bundles:org.apache.servicemix.bundles.commons-csv:jar:1.0-r706900_3:compile
[INFO]    org.apache.cassandra:cassandra-all:jar:1.2.2:compile
[INFO]    org.apache.thrift:libthrift:jar:0.7.0:compile
[INFO]    org.mortbay.jetty:jetty-util:jar:6.1.22:compile
[INFO]    joda-time:joda-time:jar:1.6.2:compile
[INFO]    org.apache.cassandra:cassandra-thrift:jar:1.2.2:compile
[INFO]    junit:junit:jar:4.10:compile
[INFO]    org.codehaus.jettison:jettison:jar:1.2:compile
[INFO]    org.mindrot:jbcrypt:jar:0.3m:compile
[INFO]    org.tukaani:xz:jar:1.4:compile
[INFO]    org.apache.httpcomponents:httpclient:jar:4.0.1:compile
[INFO]    com.google.code.gson:gson:jar:2.2:compile
[INFO]    com.googlecode.concurrentlinkedhashmap:concurrentlinkedhashmap-lru:jar:1.3:compile
[INFO]    org.99soft.guice:rocoto:jar:6.2:compile
[INFO]    antlr:antlr:jar:2.7.7:compile
[INFO]    aopalliance:aopalliance:jar:1.0:compile
[INFO]    org.apache.curator:curator-client:jar:2.3.0:compile
[INFO]    javax.ws.rs:jsr311-api:jar:1.1.1:compile
[INFO]    org.codehaus.jackson:jackson-core-asl:jar:1.9.2:compile
[INFO]    commons-cli:commons-cli:jar:1.2:compile
[INFO]    org.apache.curator:curator-framework:jar:2.3.0:compile
[INFO]    com.codahale.metrics:metrics-jvm:jar:3.0.1:compile
[INFO]    com.google.guava:guava:jar:12.0.1:compile
[INFO]    org.codehaus.jackson:jackson-mapper-asl:jar:1.9.2:compile
[INFO]    org.jclouds.api:openstack-keystone:jar:1.6.0:compile
[INFO]    commons-codec:commons-codec:jar:1.5:compile
[INFO]    com.google.code.findbugs:jsr305:jar:1.3.9:compile
[INFO]    com.ning:compress-lzf:jar:0.8.4:compile
[INFO]    com.github.stephenc.high-scale-lib:high-scale-lib:jar:1.1.2:compile
[INFO]    log4j:log4j:jar:1.2.16:compile
[INFO]    javax.annotation:jsr250-api:jar:1.0:compile
[INFO]    org.apache.cassandra.deps:avro:jar:1.4.0-cassandra-1:compile
[INFO]    org.slf4j:slf4j-log4j12:jar:1.7.6:compile
[INFO]    com.netflix.astyanax:astyanax-recipes:jar:1.56.34:compile
[INFO]    org.jclouds.api:swift:jar:1.6.0:compile
[INFO]    org.slf4j:slf4j-api:jar:1.6.4:compile
[INFO]    org.antlr:antlr:jar:3.2:compile
[INFO]    commons-lang:commons-lang:jar:2.4:compile
[INFO]    org.jboss.netty:netty:jar:3.2.4.Final:compile
[INFO]    javax.servlet:servlet-api:jar:2.5:compile
[INFO]    org.apache.curator:curator-recipes:jar:2.3.0:compile
[INFO]    com.codahale.metrics:metrics-graphite:jar:3.0.1:compile
[INFO]    io.netty:netty:jar:3.6.1.Final:compile
[INFO]    org.jclouds.provider:cloudfiles-us:jar:1.6.0:compile
[INFO]    com.netflix.astyanax:astyanax-thrift:jar:1.56.34:compile
[INFO]    org.apache.httpcomponents:httpcore:jar:4.0.1:compile
[INFO]    jline:jline:jar:1.0:compile
[INFO]    org.antlr:stringtemplate:jar:3.2:compile
[INFO]    edu.stanford.ppl:snaptree:jar:0.1:compile
[INFO]    javax.inject:javax.inject:jar:1:compile
[INFO]    com.netflix.astyanax:astyanax-cassandra:jar:1.56.34:compile
[INFO]    net.jpountz.lz4:lz4:jar:1.1.0:compile
[INFO]    com.aphyr:riemann-java-client:jar:0.2.9:compile
[INFO]    org.jclouds.common:openstack-common:jar:1.6.0:compile
[INFO]    com.github.stephenc:jamm:jar:0.2.5:compile
[INFO]    org.mortbay.jetty:jetty:jar:6.1.22:compile
[INFO]    org.jclouds:jclouds-core:jar:1.6.0:compile
[INFO]    org.xerial.snappy:snappy-java:jar:1.0.4.1:compile
[INFO]    org.jclouds:jclouds-blobstore:jar:1.6.0:compile
[INFO]    org.mockito:mockito-all:jar:1.8.5:compile
[INFO]    org.apache.commons:commons-compress:jar:1.7:compile
[INFO]    com.google.inject.extensions:guice-assistedinject:jar:3.0:compile
[INFO]    org.yaml:snakeyaml:jar:1.6:compile
[INFO]    com.eaio.uuid:uuid:jar:3.2:compile
[INFO] 
[INFO] ------------------------------------------------------------------------
[INFO] Reactor Summary:
[INFO] 
[INFO] Blueflood .......................................... SUCCESS [  2.774 s]
[INFO] Blueflood Core Engine .............................. SUCCESS [  2.036 s]
[INFO] Blueflood UDP Ingestion ............................ SUCCESS [  0.379 s]
[INFO] Blueflood Elasticsearch Indexer and Discovery ...... SUCCESS [  0.431 s]
[INFO] Blueflood HTTP Ingestion and Querying .............. SUCCESS [  0.495 s]
[INFO] Blueflood Rollup Kafka Producer .................... SUCCESS [  0.320 s]
[INFO] Blueflood Rollup Cloudfiles Exporter ............... SUCCESS [  0.557 s]
[INFO] Blueflood IO Bindings for Datastax Java Driver ..... SUCCESS [  0.188 s]
[INFO] Blueflood Out-of-band Rollup Tools ................. SUCCESS [  0.624 s]
[INFO] ------------------------------------------------------------------------
[INFO] BUILD SUCCESS
[INFO] ------------------------------------------------------------------------
[INFO] Total time: 9.457 s
[INFO] Finished at: 2022-01-09T04:10:00+00:00
[INFO] Final Memory: 30M/491M
[INFO] ------------------------------------------------------------------------
travis_time:end:0dca7e20:start=1641701389827825068,finish=1641701400901542797,duration=11073717729,event=install[0Ktravis_fold:end:install[0Ktravis_time:start:0c430ca4[0K$ mvn verify -Dhttps.protocols=TLSv1.2 -Dhttps.protocols=TLSv1.2 -Dhttps.protocols=TLSv1.2 -Pcassandra-2.0 -Dmaven.javadoc.skip --quiet

-------------------------------------------------------
 T E S T S
-------------------------------------------------------
parallel='classes', perCoreThreadCount=true, threadCount=5, useUnlimitedThreads=false
Running com.rackspacecloud.blueflood.types.StatsTypeTest
Tests run: 4, Failures: 0, Errors: 0, Skipped: 0, Time elapsed: 0.561 sec
Running com.rackspacecloud.blueflood.service.ScheduleContextTest
Tests run: 6, Failures: 0, Errors: 0, Skipped: 0, Time elapsed: 7.364 sec
Running com.rackspacecloud.blueflood.io.serializers.SlotStateSerializerTest
Tests run: 5, Failures: 0, Errors: 0, Skipped: 0, Time elapsed: 0.537 sec
Running com.rackspacecloud.blueflood.inputs.processors.TypeAndUnitProcessorTest
Tests run: 1, Failures: 0, Errors: 0, Skipped: 0, Time elapsed: 1.799 sec
Running com.rackspacecloud.blueflood.types.BluefloodSetRollupTest
Tests run: 2, Failures: 0, Errors: 0, Skipped: 0, Time elapsed: 1.121 sec
Running com.rackspacecloud.blueflood.types.BluefloodCounterRollupTest
Tests run: 4, Failures: 0, Errors: 0, Skipped: 0, Time elapsed: 0.254 sec
Running com.rackspacecloud.blueflood.types.BluefloodTimerRollupTest
Tests run: 9, Failures: 0, Errors: 0, Skipped: 0, Time elapsed: 0.025 sec
Running com.rackspacecloud.blueflood.concurrent.ConcurrentStructuresTest
Tests run: 1, Failures: 0, Errors: 0, Skipped: 0, Time elapsed: 1.215 sec
Running com.rackspacecloud.blueflood.io.serializers.SerializationTest
Tests run: 14, Failures: 0, Errors: 0, Skipped: 0, Time elapsed: 6.465 sec
Running com.rackspacecloud.blueflood.types.SimpleNumberTest
Tests run: 1, Failures: 0, Errors: 0, Skipped: 0, Time elapsed: 0.006 sec
Running com.rackspacecloud.blueflood.types.MetricTest
Tests run: 4, Failures: 0, Errors: 0, Skipped: 0, Time elapsed: 1.58 sec
Running com.rackspacecloud.blueflood.inputs.processors.DiscoveryWriterTest
Tests run: 1, Failures: 0, Errors: 0, Skipped: 0, Time elapsed: 1.926 sec
Running com.rackspacecloud.blueflood.types.EventTest
Tests run: 3, Failures: 0, Errors: 0, Skipped: 0, Time elapsed: 0.008 sec
Running com.rackspacecloud.blueflood.service.SlotStateTest
Tests run: 3, Failures: 0, Errors: 0, Skipped: 0, Time elapsed: 0 sec
Running com.rackspacecloud.blueflood.io.serializers.CassandraModelTest
Tests run: 4, Failures: 0, Errors: 0, Skipped: 0, Time elapsed: 1.127 sec
Running com.rackspacecloud.blueflood.io.serializers.HistogramSerializationTest
Tests run: 2, Failures: 0, Errors: 0, Skipped: 0, Time elapsed: 0.442 sec
Running com.rackspacecloud.blueflood.service.ConfigurationTest
Tests run: 4, Failures: 0, Errors: 0, Skipped: 0, Time elapsed: 1.086 sec
Running com.rackspacecloud.blueflood.types.HistogramRollupTest
Tests run: 2, Failures: 0, Errors: 0, Skipped: 0, Time elapsed: 0.014 sec
Running com.rackspacecloud.blueflood.types.BluefloodGaugeRollupTest
Tests run: 1, Failures: 0, Errors: 0, Skipped: 0, Time elapsed: 1.128 sec
Running com.rackspacecloud.blueflood.io.serializers.TimerSerializationTest
Tests run: 2, Failures: 0, Errors: 0, Skipped: 0, Time elapsed: 1.265 sec
Running com.rackspacecloud.blueflood.concurrent.ThreadPoolBuilderTest
Tests run: 3, Failures: 0, Errors: 0, Skipped: 0, Time elapsed: 1.21 sec
Running com.rackspacecloud.blueflood.inputs.processors.IncomingMetricMetadataAnalyzerTest
Tests run: 5, Failures: 0, Errors: 0, Skipped: 0, Time elapsed: 0.037 sec
Running com.rackspacecloud.blueflood.types.VarianceTest
Tests run: 5, Failures: 0, Errors: 0, Skipped: 0, Time elapsed: 0.563 sec
Running com.rackspacecloud.blueflood.io.serializers.CounterRollupSerializationTest
Tests run: 1, Failures: 0, Errors: 0, Skipped: 0, Time elapsed: 1.134 sec
Running com.rackspacecloud.blueflood.outputs.serializers.RollupEventSerializerTest
Tests run: 7, Failures: 0, Errors: 0, Skipped: 0, Time elapsed: 1.55 sec
Running com.rackspacecloud.blueflood.rollup.UtilTest
Tests run: 4, Failures: 0, Errors: 0, Skipped: 0, Time elapsed: 0.576 sec
Running com.rackspacecloud.blueflood.service.ShardStateWorkerTest
Tests run: 1, Failures: 0, Errors: 0, Skipped: 0, Time elapsed: 6.106 sec
Running com.rackspacecloud.blueflood.types.AverageTest
Tests run: 8, Failures: 0, Errors: 0, Skipped: 0, Time elapsed: 0.053 sec
Running com.rackspacecloud.blueflood.eventemitter.RollupEventEmitterTest
Tests run: 2, Failures: 0, Errors: 0, Skipped: 0, Time elapsed: 2.591 sec
Running com.rackspacecloud.blueflood.cache.ConfigTtlProviderTest
Tests run: 2, Failures: 0, Errors: 0, Skipped: 0, Time elapsed: 1.163 sec
Running com.rackspacecloud.blueflood.io.serializers.IMetricSerializerTest
Tests run: 6, Failures: 0, Errors: 0, Skipped: 0, Time elapsed: 1.619 sec
Running com.rackspacecloud.blueflood.service.AtomicCountingSetTest
Tests run: 4, Failures: 0, Errors: 0, Skipped: 0, Time elapsed: 0.959 sec
Running com.rackspacecloud.blueflood.types.MaxValueTest
Tests run: 4, Failures: 0, Errors: 0, Skipped: 0, Time elapsed: 0.001 sec
Running com.rackspacecloud.blueflood.io.serializers.StringMetadataSerializerTest
Tests run: 1, Failures: 0, Errors: 0, Skipped: 0, Time elapsed: 0.449 sec
Running com.rackspacecloud.blueflood.inputs.processors.BatchWriterTest
Tests run: 1, Failures: 0, Errors: 0, Skipped: 0, Time elapsed: 1.996 sec
Running com.rackspacecloud.blueflood.service.RollupExecutionContextTest
Tests run: 1, Failures: 0, Errors: 0, Skipped: 0, Time elapsed: 0.52 sec
Running com.rackspacecloud.blueflood.rollup.GranularityTest
Tests run: 14, Failures: 0, Errors: 0, Skipped: 0, Time elapsed: 1.307 sec
Running com.rackspacecloud.blueflood.inputs.processors.RollupTypeCacherTest
Tests run: 2, Failures: 0, Errors: 0, Skipped: 0, Time elapsed: 2.048 sec
Running com.rackspacecloud.blueflood.types.MinValueTest
Tests run: 4, Failures: 0, Errors: 0, Skipped: 0, Time elapsed: 0.008 sec
Running com.rackspacecloud.blueflood.rollup.SlotTest
Tests run: 12, Failures: 0, Errors: 0, Skipped: 0, Time elapsed: 0.737 sec
Running com.rackspacecloud.blueflood.rollup.RangeTest
Tests run: 5, Failures: 0, Errors: 0, Skipped: 0, Time elapsed: 0.56 sec
Running com.rackspacecloud.blueflood.rollup.SlotKeyTest
Tests run: 2, Failures: 0, Errors: 0, Skipped: 0, Time elapsed: 0.109 sec

Results :

Tests run: 167, Failures: 0, Errors: 0, Skipped: 0


-------------------------------------------------------
 T E S T S
-------------------------------------------------------
Running com.rackspacecloud.blueflood.cache.MetadataCacheBatchedModeIntegrationTest
Tests run: 2, Failures: 0, Errors: 0, Skipped: 0, Time elapsed: 26.175 sec - in com.rackspacecloud.blueflood.cache.MetadataCacheBatchedModeIntegrationTest
Running com.rackspacecloud.blueflood.cache.MetadataCacheIntegrationTest
Tests run: 18, Failures: 0, Errors: 0, Skipped: 0, Time elapsed: 128.967 sec - in com.rackspacecloud.blueflood.cache.MetadataCacheIntegrationTest
Running com.rackspacecloud.blueflood.io.AstyanaxMetadataIOIntegrationTest
Tests run: 1, Failures: 0, Errors: 0, Skipped: 0, Time elapsed: 6.112 sec - in com.rackspacecloud.blueflood.io.AstyanaxMetadataIOIntegrationTest
Running com.rackspacecloud.blueflood.io.AstyanaxReaderIntegrationTest
Tests run: 8, Failures: 0, Errors: 0, Skipped: 0, Time elapsed: 16.95 sec - in com.rackspacecloud.blueflood.io.AstyanaxReaderIntegrationTest
Running com.rackspacecloud.blueflood.io.AstyanaxWriterIntegrationTest
Tests run: 3, Failures: 0, Errors: 0, Skipped: 0, Time elapsed: 43.431 sec - in com.rackspacecloud.blueflood.io.AstyanaxWriterIntegrationTest
Running com.rackspacecloud.blueflood.outputs.RollupHandlerIntegrationTest
Tests run: 3, Failures: 0, Errors: 0, Skipped: 0, Time elapsed: 18.879 sec - in com.rackspacecloud.blueflood.outputs.RollupHandlerIntegrationTest
Running com.rackspacecloud.blueflood.service.MetricsIntegrationTest
Tests run: 14, Failures: 0, Errors: 0, Skipped: 0, Time elapsed: 40.714 sec - in com.rackspacecloud.blueflood.service.MetricsIntegrationTest
Running com.rackspacecloud.blueflood.service.PreaggregatedMetricsIntegrationTest
Tests run: 3, Failures: 0, Errors: 0, Skipped: 0, Time elapsed: 15.148 sec - in com.rackspacecloud.blueflood.service.PreaggregatedMetricsIntegrationTest
Running com.rackspacecloud.blueflood.service.RollupRunnableIntegrationTest
Tests run: 5, Failures: 0, Errors: 0, Skipped: 0, Time elapsed: 4.843 sec - in com.rackspacecloud.blueflood.service.RollupRunnableIntegrationTest
Running com.rackspacecloud.blueflood.service.RollupThreadpoolIntegrationTest
Tests run: 1, Failures: 0, Errors: 0, Skipped: 0, Time elapsed: 2.254 sec - in com.rackspacecloud.blueflood.service.RollupThreadpoolIntegrationTest
Running com.rackspacecloud.blueflood.service.ShardStateIntegrationTest
Tests run: 1, Failures: 0, Errors: 0, Skipped: 1, Time elapsed: 0.001 sec - in com.rackspacecloud.blueflood.service.ShardStateIntegrationTest
Running com.rackspacecloud.blueflood.tools.RollupToolIntegrationTest
Calculating rollups for metrics_5m. Reading from: metrics_full. Writing to: metrics_5m
Rolled up 289 ranges of metrics_5m

Calculating rollups for metrics_20m. Reading from: metrics_5m. Writing to: metrics_20m
Rolled up 73 ranges of metrics_20m

Calculating rollups for metrics_60m. Reading from: metrics_20m. Writing to: metrics_60m
Rolled up 25 ranges of metrics_60m

Calculating rollups for metrics_240m. Reading from: metrics_60m. Writing to: metrics_240m
Rolled up 7 ranges of metrics_240m

Calculating rollups for metrics_1440m. Reading from: metrics_240m. Writing to: metrics_1440m
Rolled up 2 ranges of metrics_1440m

Tests run: 1, Failures: 0, Errors: 0, Skipped: 0, Time elapsed: 1.228 sec - in com.rackspacecloud.blueflood.tools.RollupToolIntegrationTest

Results :

Tests run: 60, Failures: 0, Errors: 0, Skipped: 1


-------------------------------------------------------
 T E S T S
-------------------------------------------------------
Running com.rackspacecloud.blueflood.io.EventElasticSearchIOTest
log4j:WARN No appenders could be found for logger (org.elasticsearch.node).
log4j:WARN Please initialize the log4j system properly.
log4j:WARN See http://logging.apache.org/log4j/1.2/faq.html#noconfig for more info.
Tests run: 5, Failures: 0, Errors: 0, Skipped: 0, Time elapsed: 9.625 sec
Running com.rackspacecloud.blueflood.service.ElasticIOTest
Tests run: 10, Failures: 0, Errors: 0, Skipped: 0, Time elapsed: 9.187 sec

Results :

Tests run: 15, Failures: 0, Errors: 0, Skipped: 0


-------------------------------------------------------
 T E S T S
-------------------------------------------------------
parallel='classes', perCoreThreadCount=true, threadCount=5, useUnlimitedThreads=false
Running com.rackspacecloud.blueflood.outputs.serializers.BatchedMetricsJSONOutputSerializerTest
Tests run: 1, Failures: 0, Errors: 0, Skipped: 0, Time elapsed: 0.414 sec
Running com.rackspacecloud.blueflood.outputs.handlers.HttpEventsQueryHandlerTest
Tests run: 3, Failures: 0, Errors: 0, Skipped: 0, Time elapsed: 0.368 sec
Running com.rackspacecloud.blueflood.inputs.handlers.TestIndexHandler
Tests run: 2, Failures: 0, Errors: 0, Skipped: 0, Time elapsed: 0.291 sec
Running com.rackspacecloud.blueflood.outputs.serializers.JSONBasicRollupOutputSerializerTest
Tests run: 7, Failures: 0, Errors: 0, Skipped: 0, Time elapsed: 0.441 sec
Running com.rackspacecloud.blueflood.utils.PlotRequestParserTest
Tests run: 2, Failures: 0, Errors: 0, Skipped: 0, Time elapsed: 0.207 sec
Running com.rackspacecloud.blueflood.outputs.serializers.JSONHistogramOutputSerializerTest
Tests run: 1, Failures: 0, Errors: 0, Skipped: 0, Time elapsed: 0.252 sec
Running com.rackspacecloud.blueflood.inputs.handlers.HttpAnnotationsEndToEndTest
Tests run: 2, Failures: 0, Errors: 2, Skipped: 0, Time elapsed: 0 sec <<< FAILURE!
com.rackspacecloud.blueflood.inputs.handlers.HttpAnnotationsEndToEndTest  Time elapsed: 0 sec  <<< ERROR!
com.github.tlrx.elasticsearch.test.EsSetupRuntimeException: Exception when executing request create index [index='events']
	at org.elasticsearch.index.mapper.DocumentMapperParser.parse(DocumentMapperParser.java:278)
	at org.elasticsearch.index.mapper.DocumentMapperParser.parseCompressed(DocumentMapperParser.java:192)
	at org.elasticsearch.index.mapper.MapperService.parse(MapperService.java:449)
	at org.elasticsearch.index.mapper.MapperService.merge(MapperService.java:307)
	at org.elasticsearch.cluster.metadata.MetaDataCreateIndexService$2.execute(MetaDataCreateIndexService.java:391)
	at org.elasticsearch.cluster.service.InternalClusterService$UpdateTask.run(InternalClusterService.java:374)
	at org.elasticsearch.common.util.concurrent.PrioritizedEsThreadPoolExecutor$TieBreakingPrioritizedRunnable.runAndClean(PrioritizedEsThreadPoolExecutor.java:196)
	at org.elasticsearch.common.util.concurrent.PrioritizedEsThreadPoolExecutor$TieBreakingPrioritizedRunnable.run(PrioritizedEsThreadPoolExecutor.java:162)
	at java.util.concurrent.ThreadPoolExecutor.runWorker(ThreadPoolExecutor.java:1145)
	at java.util.concurrent.ThreadPoolExecutor$Worker.run(ThreadPoolExecutor.java:615)
	at java.lang.Thread.run(Thread.java:745)

com.rackspacecloud.blueflood.inputs.handlers.HttpAnnotationsEndToEndTest  Time elapsed: 0 sec  <<< ERROR!
java.lang.NullPointerException: null
	at com.rackspacecloud.blueflood.inputs.handlers.HttpAnnotationsEndToEndTest.tearDownClass(HttpAnnotationsEndToEndTest.java:157)

Running com.rackspacecloud.blueflood.inputs.formats.JSONMetricsContainerTest
Tests run: 2, Failures: 0, Errors: 0, Skipped: 0, Time elapsed: 0.22 sec
Running com.rackspacecloud.blueflood.http.RouteMatcherTest
SLF4J: The following set of substitute loggers may have been accessed
SLF4J: during the initialization phase. Logging calls during this
SLF4J: phase were not honored. However, subsequent logging calls to these
SLF4J: loggers will work as normally expected.
SLF4J: See also http://www.slf4j.org/codes.html#substituteLogger
SLF4J: com.rackspacecloud.blueflood.service.ScheduleContext
SLF4J: com.rackspacecloud.blueflood.utils.ModuleLoader
SLF4J: com.rackspacecloud.blueflood.tracker.Tracker
SLF4J: com.rackspacecloud.blueflood.types.Locator
Tests run: 4, Failures: 0, Errors: 0, Skipped: 0, Time elapsed: 0.703 sec
Running com.rackspacecloud.blueflood.tracker.TrackerTest
log4j:WARN No appenders could be found for logger (com.rackspacecloud.blueflood.tracker.Tracker).
log4j:WARN Please initialize the log4j system properly.
log4j:WARN See http://logging.apache.org/log4j/1.2/faq.html#noconfig for more info.
Tests run: 4, Failures: 0, Errors: 0, Skipped: 0, Time elapsed: 0.076 sec
Running com.rackspacecloud.blueflood.utils.ModuleLoaderTest
Tests run: 1, Failures: 0, Errors: 0, Skipped: 0, Time elapsed: 1.586 sec
Running com.rackspacecloud.blueflood.inputs.handlers.wrappers.TestGsonParsing
Tests run: 5, Failures: 0, Errors: 0, Skipped: 0, Time elapsed: 0.757 sec
Running com.rackspacecloud.blueflood.utils.DateTimeParserTest
Tests run: 12, Failures: 0, Errors: 0, Skipped: 0, Time elapsed: 0.79 sec
Running com.rackspacecloud.blueflood.http.HttpRequestWithDecodedQueryParamsTest
Tests run: 1, Failures: 0, Errors: 0, Skipped: 0, Time elapsed: 0.387 sec
Running com.rackspacecloud.blueflood.inputs.handlers.HttpEventsIngestionHandlerTest
Tests run: 4, Failures: 0, Errors: 0, Skipped: 0, Time elapsed: 0.314 sec

Results :

Tests in error: 
  HttpAnnotationsEndToEndTest.setUp:74 » EsSetupRuntime Exception when executing...
  HttpAnnotationsEndToEndTest.tearDownClass:157 NullPointer

Tests run: 51, Failures: 0, Errors: 2, Skipped: 0

[ERROR] Failed to execute goal org.apache.maven.plugins:maven-surefire-plugin:2.14.1:test (default-test) on project blueflood-http: There are test failures.
[ERROR] 
[ERROR] Please refer to /home/travis/build/failed/rackerlabs/blueflood/blueflood-http/target/surefire-reports for the individual test results.
[ERROR] -> [Help 1]
[ERROR] 
[ERROR] To see the full stack trace of the errors, re-run Maven with the -e switch.
[ERROR] Re-run Maven using the -X switch to enable full debug logging.
[ERROR] 
[ERROR] For more information about the errors and possible solutions, please read the following articles:
[ERROR] [Help 1] http://cwiki.apache.org/confluence/display/MAVEN/MojoFailureException
[ERROR] 
[ERROR] After correcting the problems, you can resume the build with the command
[ERROR]   mvn <goals> -rf :blueflood-http
travis_time:end:0c430ca4:start=1641701400910049139,finish=1641701771671587374,duration=370761538235,event=script[0K[31;1mThe command "mvn verify -Dhttps.protocols=TLSv1.2 -Dhttps.protocols=TLSv1.2 -Dhttps.protocols=TLSv1.2 -Pcassandra-2.0 -Dmaven.javadoc.skip --quiet" exited with 1.[0m
travis_fold:start:cache.2[0Kstore build cache
travis_time:start:11225881[0Ktravis_time:end:11225881:start=1641701771679290283,finish=1641701771683796401,duration=4506118,event=cache[0Ktravis_time:start:0271bd50[0KYAML safe loading is not available. Please upgrade psych to a version that supports safe loading (>= 2.0).
[32;1mchanges detected, packing new archive[0m
[32;1muploading /[0m
[31;1mfailed to upload cache[0m
travis_time:end:0271bd50:start=1641701771690056249,finish=1641701777898374810,duration=6208318561,event=cache[0Ktravis_fold:end:cache.2[0K

Done. Your build exited with 1.
