travis_fold:start:system_info[0K[33;1mBuild system information[0m
Build language: java
Build group: stable
Build dist: precise
Build id: ''
Job id: ''
[34m[1mBuild image provisioning date and time[0m
Thu Feb  5 15:09:33 UTC 2015
[34m[1mOperating System Details[0m
Distributor ID:	Ubuntu
Description:	Ubuntu 12.04.5 LTS
Release:	12.04
Codename:	precise
[34m[1mLinux Version[0m
3.13.0-29-generic
[34m[1mCookbooks Version[0m
a68419e https://github.com/travis-ci/travis-cookbooks/tree/a68419e
[34m[1mGCC version[0m
gcc (Ubuntu/Linaro 4.6.3-1ubuntu5) 4.6.3
Copyright (C) 2011 Free Software Foundation, Inc.
This is free software; see the source for copying conditions.  There is NO
warranty; not even for MERCHANTABILITY or FITNESS FOR A PARTICULAR PURPOSE.

[34m[1mLLVM version[0m
clang version 3.4 (tags/RELEASE_34/final)
Target: x86_64-unknown-linux-gnu
Thread model: posix
[34m[1mPre-installed Ruby versions[0m
ruby-1.9.3-p551
[34m[1mPre-installed Node.js versions[0m
v0.10.36
[34m[1mPre-installed Go versions[0m
1.4.1
[34m[1mRedis version[0m
redis-server 2.8.19
[34m[1mriak version[0m
2.0.2
[34m[1mMongoDB version[0m
MongoDB 2.4.12
[34m[1mCouchDB version[0m
couchdb 1.6.1
[34m[1mNeo4j version[0m
1.9.4
[34m[1mRabbitMQ Version[0m
3.4.3
[34m[1mElasticSearch version[0m
1.4.0
[34m[1mInstalled Sphinx versions[0m
2.0.10
2.1.9
2.2.6
[34m[1mDefault Sphinx version[0m
2.2.6
[34m[1mInstalled Firefox version[0m
firefox 31.0esr
[34m[1mPhantomJS version[0m
1.9.8
[34m[1mant -version[0m
Apache Ant(TM) version 1.8.2 compiled on December 3 2011
[34m[1mmvn -version[0m
Apache Maven 3.2.5 (12a6b3acb947671f09b81f49094c53f426d8cea1; 2014-12-14T17:29:23+00:00)
Maven home: /usr/local/maven
Java version: 1.7.0_76, vendor: Oracle Corporation
Java home: /usr/lib/jvm/java-7-oracle/jre
Default locale: en_US, platform encoding: ANSI_X3.4-1968
OS name: "linux", version: "3.13.0-29-generic", arch: "amd64", family: "unix"
travis_fold:end:system_info[0K
W: Failed to fetch http://security.ubuntu.com/ubuntu/dists/precise-security/main/source/Sources  404  Not Found [IP: 91.189.91.38 80]

W: Failed to fetch http://security.ubuntu.com/ubuntu/dists/precise-security/restricted/source/Sources  404  Not Found [IP: 91.189.91.38 80]

W: Failed to fetch http://security.ubuntu.com/ubuntu/dists/precise-security/universe/source/Sources  404  Not Found [IP: 91.189.91.38 80]

W: Failed to fetch http://security.ubuntu.com/ubuntu/dists/precise-security/multiverse/source/Sources  404  Not Found [IP: 91.189.91.38 80]

W: Failed to fetch http://security.ubuntu.com/ubuntu/dists/precise-security/main/binary-amd64/Packages  404  Not Found [IP: 91.189.91.38 80]

W: Failed to fetch http://security.ubuntu.com/ubuntu/dists/precise-security/restricted/binary-amd64/Packages  404  Not Found [IP: 91.189.91.38 80]

W: Failed to fetch http://security.ubuntu.com/ubuntu/dists/precise-security/universe/binary-amd64/Packages  404  Not Found [IP: 91.189.91.38 80]

W: Failed to fetch http://security.ubuntu.com/ubuntu/dists/precise-security/multiverse/binary-amd64/Packages  404  Not Found [IP: 91.189.91.38 80]

W: Failed to fetch http://security.ubuntu.com/ubuntu/dists/precise-security/main/binary-i386/Packages  404  Not Found [IP: 91.189.91.38 80]

W: Failed to fetch http://security.ubuntu.com/ubuntu/dists/precise-security/restricted/binary-i386/Packages  404  Not Found [IP: 91.189.91.38 80]

W: Failed to fetch http://security.ubuntu.com/ubuntu/dists/precise-security/universe/binary-i386/Packages  404  Not Found [IP: 91.189.91.38 80]

W: Failed to fetch http://security.ubuntu.com/ubuntu/dists/precise-security/multiverse/binary-i386/Packages  404  Not Found [IP: 91.189.91.38 80]

W: Failed to fetch http://us.archive.ubuntu.com/ubuntu/dists/precise/main/source/Sources  404  Not Found [IP: 91.189.91.38 80]

W: Failed to fetch http://us.archive.ubuntu.com/ubuntu/dists/precise/restricted/source/Sources  404  Not Found [IP: 91.189.91.38 80]

W: Failed to fetch http://us.archive.ubuntu.com/ubuntu/dists/precise/universe/source/Sources  404  Not Found [IP: 91.189.91.38 80]

W: Failed to fetch http://us.archive.ubuntu.com/ubuntu/dists/precise/multiverse/source/Sources  404  Not Found [IP: 91.189.91.38 80]

W: Failed to fetch http://us.archive.ubuntu.com/ubuntu/dists/precise/main/binary-amd64/Packages  404  Not Found [IP: 91.189.91.38 80]

W: Failed to fetch http://us.archive.ubuntu.com/ubuntu/dists/precise/restricted/binary-amd64/Packages  404  Not Found [IP: 91.189.91.38 80]

W: Failed to fetch http://us.archive.ubuntu.com/ubuntu/dists/precise/universe/binary-amd64/Packages  404  Not Found [IP: 91.189.91.38 80]

W: Failed to fetch http://us.archive.ubuntu.com/ubuntu/dists/precise/multiverse/binary-amd64/Packages  404  Not Found [IP: 91.189.91.38 80]

W: Failed to fetch http://us.archive.ubuntu.com/ubuntu/dists/precise/main/binary-i386/Packages  404  Not Found [IP: 91.189.91.38 80]

W: Failed to fetch http://us.archive.ubuntu.com/ubuntu/dists/precise/restricted/binary-i386/Packages  404  Not Found [IP: 91.189.91.38 80]

W: Failed to fetch http://us.archive.ubuntu.com/ubuntu/dists/precise/universe/binary-i386/Packages  404  Not Found [IP: 91.189.91.38 80]

W: Failed to fetch http://us.archive.ubuntu.com/ubuntu/dists/precise/multiverse/binary-i386/Packages  404  Not Found [IP: 91.189.91.38 80]

W: Failed to fetch http://us.archive.ubuntu.com/ubuntu/dists/precise-updates/main/source/Sources  404  Not Found [IP: 91.189.91.38 80]

W: Failed to fetch http://us.archive.ubuntu.com/ubuntu/dists/precise-updates/restricted/source/Sources  404  Not Found [IP: 91.189.91.38 80]

W: Failed to fetch http://us.archive.ubuntu.com/ubuntu/dists/precise-updates/universe/source/Sources  404  Not Found [IP: 91.189.91.38 80]

W: Failed to fetch http://us.archive.ubuntu.com/ubuntu/dists/precise-updates/multiverse/source/Sources  404  Not Found [IP: 91.189.91.38 80]

W: Failed to fetch http://us.archive.ubuntu.com/ubuntu/dists/precise-updates/main/binary-amd64/Packages  404  Not Found [IP: 91.189.91.38 80]

W: Failed to fetch http://us.archive.ubuntu.com/ubuntu/dists/precise-updates/restricted/binary-amd64/Packages  404  Not Found [IP: 91.189.91.38 80]

W: Failed to fetch http://us.archive.ubuntu.com/ubuntu/dists/precise-updates/universe/binary-amd64/Packages  404  Not Found [IP: 91.189.91.38 80]

W: Failed to fetch http://us.archive.ubuntu.com/ubuntu/dists/precise-updates/multiverse/binary-amd64/Packages  404  Not Found [IP: 91.189.91.38 80]

W: Failed to fetch http://us.archive.ubuntu.com/ubuntu/dists/precise-updates/main/binary-i386/Packages  404  Not Found [IP: 91.189.91.38 80]

W: Failed to fetch http://us.archive.ubuntu.com/ubuntu/dists/precise-updates/restricted/binary-i386/Packages  404  Not Found [IP: 91.189.91.38 80]

W: Failed to fetch http://us.archive.ubuntu.com/ubuntu/dists/precise-updates/universe/binary-i386/Packages  404  Not Found [IP: 91.189.91.38 80]

W: Failed to fetch http://us.archive.ubuntu.com/ubuntu/dists/precise-updates/multiverse/binary-i386/Packages  404  Not Found [IP: 91.189.91.38 80]

W: Failed to fetch http://us.archive.ubuntu.com/ubuntu/dists/precise-backports/main/source/Sources  404  Not Found [IP: 91.189.91.38 80]

W: Failed to fetch http://us.archive.ubuntu.com/ubuntu/dists/precise-backports/restricted/source/Sources  404  Not Found [IP: 91.189.91.38 80]

W: Failed to fetch http://us.archive.ubuntu.com/ubuntu/dists/precise-backports/universe/source/Sources  404  Not Found [IP: 91.189.91.38 80]

W: Failed to fetch http://us.archive.ubuntu.com/ubuntu/dists/precise-backports/multiverse/source/Sources  404  Not Found [IP: 91.189.91.38 80]

W: Failed to fetch http://us.archive.ubuntu.com/ubuntu/dists/precise-backports/main/binary-amd64/Packages  404  Not Found [IP: 91.189.91.38 80]

W: Failed to fetch http://us.archive.ubuntu.com/ubuntu/dists/precise-backports/restricted/binary-amd64/Packages  404  Not Found [IP: 91.189.91.38 80]

W: Failed to fetch http://us.archive.ubuntu.com/ubuntu/dists/precise-backports/universe/binary-amd64/Packages  404  Not Found [IP: 91.189.91.38 80]

W: Failed to fetch http://us.archive.ubuntu.com/ubuntu/dists/precise-backports/multiverse/binary-amd64/Packages  404  Not Found [IP: 91.189.91.38 80]

W: Failed to fetch http://us.archive.ubuntu.com/ubuntu/dists/precise-backports/main/binary-i386/Packages  404  Not Found [IP: 91.189.91.38 80]

W: Failed to fetch http://us.archive.ubuntu.com/ubuntu/dists/precise-backports/restricted/binary-i386/Packages  404  Not Found [IP: 91.189.91.38 80]

W: Failed to fetch http://us.archive.ubuntu.com/ubuntu/dists/precise-backports/universe/binary-i386/Packages  404  Not Found [IP: 91.189.91.38 80]

W: Failed to fetch http://us.archive.ubuntu.com/ubuntu/dists/precise-backports/multiverse/binary-i386/Packages  404  Not Found [IP: 91.189.91.38 80]

W: Failed to fetch http://apt.postgresql.org/pub/repos/apt/dists/precise-pgdg/main/binary-amd64/Packages  404  Not Found [IP: 217.196.149.55 80]

W: Failed to fetch http://apt.postgresql.org/pub/repos/apt/dists/precise-pgdg/main/binary-i386/Packages  404  Not Found [IP: 217.196.149.55 80]

W: Failed to fetch http://ppa.launchpad.net/travis-ci/zero-mq/ubuntu/dists/precise/main/binary-amd64/Packages  403  Forbidden

W: Failed to fetch http://ppa.launchpad.net/travis-ci/zero-mq/ubuntu/dists/precise/main/binary-i386/Packages  403  Forbidden

W: Failed to fetch http://downloads-distro.mongodb.org/repo/debian-sysvinit/dists/dist/10gen/binary-amd64/Packages  Undetermined Error [IP: 54.175.147.155 80]

W: Failed to fetch http://downloads-distro.mongodb.org/repo/debian-sysvinit/dists/dist/10gen/binary-i386/Packages  Undetermined Error [IP: 54.175.147.155 80]

E: Some index files failed to download. They have been ignored, or old ones used instead.
sed: cannot rename /etc/hosts: Device or resource busy
sed: cannot rename /etc/hosts: Device or resource busy
$ jdk_switcher use oraclejdk8
Switching to Oracle JDK8 (java-8-oracle), JAVA_HOME will be set to /usr/lib/jvm/java-8-oracle
$ cd failed/spring-projects/spring-hateoas
travis_fold:start:apt[0K[33;1mInstalling APT Packages (BETA)[0m
$ export DEBIAN_FRONTEND=noninteractive
travis_time:start:0d26958c[0K$ sudo -E apt-get -yq update &>> ~/apt-get-update.log

travis_time:end:0d26958c:start=1641722150668134818,finish=1641722234879665605,duration=84211530787[0Ktravis_time:start:212cfd99[0K$ sudo -E apt-get -yq --no-install-suggests --no-install-recommends --force-yes install oracle-java8-installer
Reading package lists...
Building dependency tree...
Reading state information...
oracle-java8-installer is already the newest version.
0 upgraded, 0 newly installed, 0 to remove and 1 not upgraded.

travis_time:end:212cfd99:start=1641722234890005735,finish=1641722235528291001,duration=638285266[0Ktravis_fold:end:apt[0K
[33;1mSetting environment variables from .travis.yml[0m
$ export PROFILE=spring5-next

travis_fold:start:cache.1[0KSetting up build cache
$ export CASHER_DIR=$HOME/.casher
travis_time:start:333fc858[0K
travis_time:end:333fc858:start=1641722237107958289,finish=1641722237114096701,duration=6138412[0Ktravis_time:start:0ae32ade[0K/home/travis/.casher/bin/casher:213:in `cache_archive_name': undefined method `[]' for nil:NilClass (NoMethodError)
	from /home/travis/.casher/bin/casher:65:in `block in fetch'
	from /home/travis/.casher/bin/casher:64:in `each'
	from /home/travis/.casher/bin/casher:64:in `fetch'
	from /home/travis/.casher/bin/casher:53:in `block in run'
	from /home/travis/.rvm/rubies/ruby-1.9.3-p551/lib/ruby/1.9.1/timeout.rb:69:in `timeout'
	from /home/travis/.casher/bin/casher:53:in `run'
	from /home/travis/.casher/bin/casher:263:in `<main>'
[32;1mattempting to download cache archive[0m

travis_time:end:0ae32ade:start=1641722237121409040,finish=1641722237876640267,duration=755231227[0Ktravis_time:start:14593728[0K
travis_time:end:14593728:start=1641722237887873555,finish=1641722237895138510,duration=7264955[0Ktravis_time:start:0f2ed82c[0K[32;1madding /home/travis/.m2 to cache[0m

travis_time:end:0f2ed82c:start=1641722237903660166,finish=1641722239105068526,duration=1201408360[0Ktravis_fold:end:cache.1[0K$ java -Xmx32m -version
java version "1.8.0_31"
Java(TM) SE Runtime Environment (build 1.8.0_31-b13)
Java HotSpot(TM) 64-Bit Server VM (build 25.31-b07, mixed mode)
$ javac -J-Xmx32m -version
javac 1.8.0_31
travis_fold:start:install[0Ktravis_time:start:066dd853[0K$ true

travis_time:end:066dd853:start=1641722239382475606,finish=1641722239391481143,duration=9005537[0Ktravis_fold:end:install[0Ktravis_time:start:0ab36785[0K$ mvn clean dependency:list test -P${PROFILE} -Dsort
Java HotSpot(TM) 64-Bit Server VM warning: ignoring option MaxPermSize=192m; support was removed in 8.0
[INFO] Scanning for projects...
[INFO]                                                                         
[INFO] ------------------------------------------------------------------------
[INFO] Building Spring HATEOAS 0.24.0.BUILD-SNAPSHOT
[INFO] ------------------------------------------------------------------------
Downloading: http://repo.spring.io/libs-snapshot/org/springframework/spring-aop/5.0.0.BUILD-SNAPSHOT/maven-metadata.xml
Downloading: https://repository.apache.org/snapshots/org/springframework/spring-aop/5.0.0.BUILD-SNAPSHOT/maven-metadata.xml
[WARNING] Could not transfer metadata org.springframework:spring-aop:5.0.0.BUILD-SNAPSHOT/maven-metadata.xml from/to spring-libs-snapshot (http://repo.spring.io/libs-snapshot): Failed to transfer file: http://repo.spring.io/libs-snapshot/org/springframework/spring-aop/5.0.0.BUILD-SNAPSHOT/maven-metadata.xml. Return code is: 308 , ReasonPhrase:Permanent Redirect.
[WARNING] Failure to transfer org.springframework:spring-aop:5.0.0.BUILD-SNAPSHOT/maven-metadata.xml from http://repo.spring.io/libs-snapshot was cached in the local repository, resolution will not be reattempted until the update interval of spring-libs-snapshot has elapsed or updates are forced. Original error: Could not transfer metadata org.springframework:spring-aop:5.0.0.BUILD-SNAPSHOT/maven-metadata.xml from/to spring-libs-snapshot (http://repo.spring.io/libs-snapshot): Failed to transfer file: http://repo.spring.io/libs-snapshot/org/springframework/spring-aop/5.0.0.BUILD-SNAPSHOT/maven-metadata.xml. Return code is: 308 , ReasonPhrase:Permanent Redirect.
Downloading: https://repository.apache.org/snapshots/org/springframework/spring-beans/5.0.0.BUILD-SNAPSHOT/maven-metadata.xml
Downloading: http://repo.spring.io/libs-snapshot/org/springframework/spring-beans/5.0.0.BUILD-SNAPSHOT/maven-metadata.xml
[WARNING] Could not transfer metadata org.springframework:spring-beans:5.0.0.BUILD-SNAPSHOT/maven-metadata.xml from/to spring-libs-snapshot (http://repo.spring.io/libs-snapshot): Failed to transfer file: http://repo.spring.io/libs-snapshot/org/springframework/spring-beans/5.0.0.BUILD-SNAPSHOT/maven-metadata.xml. Return code is: 308 , ReasonPhrase:Permanent Redirect.
[WARNING] Failure to transfer org.springframework:spring-beans:5.0.0.BUILD-SNAPSHOT/maven-metadata.xml from http://repo.spring.io/libs-snapshot was cached in the local repository, resolution will not be reattempted until the update interval of spring-libs-snapshot has elapsed or updates are forced. Original error: Could not transfer metadata org.springframework:spring-beans:5.0.0.BUILD-SNAPSHOT/maven-metadata.xml from/to spring-libs-snapshot (http://repo.spring.io/libs-snapshot): Failed to transfer file: http://repo.spring.io/libs-snapshot/org/springframework/spring-beans/5.0.0.BUILD-SNAPSHOT/maven-metadata.xml. Return code is: 308 , ReasonPhrase:Permanent Redirect.
Downloading: http://repo.spring.io/libs-snapshot/org/springframework/spring-core/5.0.0.BUILD-SNAPSHOT/maven-metadata.xml
Downloading: https://repository.apache.org/snapshots/org/springframework/spring-core/5.0.0.BUILD-SNAPSHOT/maven-metadata.xml
[WARNING] Could not transfer metadata org.springframework:spring-core:5.0.0.BUILD-SNAPSHOT/maven-metadata.xml from/to spring-libs-snapshot (http://repo.spring.io/libs-snapshot): Failed to transfer file: http://repo.spring.io/libs-snapshot/org/springframework/spring-core/5.0.0.BUILD-SNAPSHOT/maven-metadata.xml. Return code is: 308 , ReasonPhrase:Permanent Redirect.
[WARNING] Failure to transfer org.springframework:spring-core:5.0.0.BUILD-SNAPSHOT/maven-metadata.xml from http://repo.spring.io/libs-snapshot was cached in the local repository, resolution will not be reattempted until the update interval of spring-libs-snapshot has elapsed or updates are forced. Original error: Could not transfer metadata org.springframework:spring-core:5.0.0.BUILD-SNAPSHOT/maven-metadata.xml from/to spring-libs-snapshot (http://repo.spring.io/libs-snapshot): Failed to transfer file: http://repo.spring.io/libs-snapshot/org/springframework/spring-core/5.0.0.BUILD-SNAPSHOT/maven-metadata.xml. Return code is: 308 , ReasonPhrase:Permanent Redirect.
Downloading: http://repo.spring.io/libs-snapshot/org/springframework/spring-jcl/5.0.0.BUILD-SNAPSHOT/maven-metadata.xml
Downloading: https://repository.apache.org/snapshots/org/springframework/spring-jcl/5.0.0.BUILD-SNAPSHOT/maven-metadata.xml
[WARNING] Could not transfer metadata org.springframework:spring-jcl:5.0.0.BUILD-SNAPSHOT/maven-metadata.xml from/to spring-libs-snapshot (http://repo.spring.io/libs-snapshot): Failed to transfer file: http://repo.spring.io/libs-snapshot/org/springframework/spring-jcl/5.0.0.BUILD-SNAPSHOT/maven-metadata.xml. Return code is: 308 , ReasonPhrase:Permanent Redirect.
[WARNING] Failure to transfer org.springframework:spring-jcl:5.0.0.BUILD-SNAPSHOT/maven-metadata.xml from http://repo.spring.io/libs-snapshot was cached in the local repository, resolution will not be reattempted until the update interval of spring-libs-snapshot has elapsed or updates are forced. Original error: Could not transfer metadata org.springframework:spring-jcl:5.0.0.BUILD-SNAPSHOT/maven-metadata.xml from/to spring-libs-snapshot (http://repo.spring.io/libs-snapshot): Failed to transfer file: http://repo.spring.io/libs-snapshot/org/springframework/spring-jcl/5.0.0.BUILD-SNAPSHOT/maven-metadata.xml. Return code is: 308 , ReasonPhrase:Permanent Redirect.
Downloading: http://repo.spring.io/libs-snapshot/org/springframework/spring-context/5.0.0.BUILD-SNAPSHOT/maven-metadata.xml
Downloading: https://repository.apache.org/snapshots/org/springframework/spring-context/5.0.0.BUILD-SNAPSHOT/maven-metadata.xml
[WARNING] Could not transfer metadata org.springframework:spring-context:5.0.0.BUILD-SNAPSHOT/maven-metadata.xml from/to spring-libs-snapshot (http://repo.spring.io/libs-snapshot): Failed to transfer file: http://repo.spring.io/libs-snapshot/org/springframework/spring-context/5.0.0.BUILD-SNAPSHOT/maven-metadata.xml. Return code is: 308 , ReasonPhrase:Permanent Redirect.
[WARNING] Failure to transfer org.springframework:spring-context:5.0.0.BUILD-SNAPSHOT/maven-metadata.xml from http://repo.spring.io/libs-snapshot was cached in the local repository, resolution will not be reattempted until the update interval of spring-libs-snapshot has elapsed or updates are forced. Original error: Could not transfer metadata org.springframework:spring-context:5.0.0.BUILD-SNAPSHOT/maven-metadata.xml from/to spring-libs-snapshot (http://repo.spring.io/libs-snapshot): Failed to transfer file: http://repo.spring.io/libs-snapshot/org/springframework/spring-context/5.0.0.BUILD-SNAPSHOT/maven-metadata.xml. Return code is: 308 , ReasonPhrase:Permanent Redirect.
Downloading: https://repository.apache.org/snapshots/org/springframework/spring-expression/5.0.0.BUILD-SNAPSHOT/maven-metadata.xml
Downloading: http://repo.spring.io/libs-snapshot/org/springframework/spring-expression/5.0.0.BUILD-SNAPSHOT/maven-metadata.xml
[WARNING] Could not transfer metadata org.springframework:spring-expression:5.0.0.BUILD-SNAPSHOT/maven-metadata.xml from/to spring-libs-snapshot (http://repo.spring.io/libs-snapshot): Failed to transfer file: http://repo.spring.io/libs-snapshot/org/springframework/spring-expression/5.0.0.BUILD-SNAPSHOT/maven-metadata.xml. Return code is: 308 , ReasonPhrase:Permanent Redirect.
[WARNING] Failure to transfer org.springframework:spring-expression:5.0.0.BUILD-SNAPSHOT/maven-metadata.xml from http://repo.spring.io/libs-snapshot was cached in the local repository, resolution will not be reattempted until the update interval of spring-libs-snapshot has elapsed or updates are forced. Original error: Could not transfer metadata org.springframework:spring-expression:5.0.0.BUILD-SNAPSHOT/maven-metadata.xml from/to spring-libs-snapshot (http://repo.spring.io/libs-snapshot): Failed to transfer file: http://repo.spring.io/libs-snapshot/org/springframework/spring-expression/5.0.0.BUILD-SNAPSHOT/maven-metadata.xml. Return code is: 308 , ReasonPhrase:Permanent Redirect.
Downloading: https://repository.apache.org/snapshots/org/springframework/spring-web/5.0.0.BUILD-SNAPSHOT/maven-metadata.xml
Downloading: http://repo.spring.io/libs-snapshot/org/springframework/spring-web/5.0.0.BUILD-SNAPSHOT/maven-metadata.xml
[WARNING] Could not transfer metadata org.springframework:spring-web:5.0.0.BUILD-SNAPSHOT/maven-metadata.xml from/to spring-libs-snapshot (http://repo.spring.io/libs-snapshot): Failed to transfer file: http://repo.spring.io/libs-snapshot/org/springframework/spring-web/5.0.0.BUILD-SNAPSHOT/maven-metadata.xml. Return code is: 308 , ReasonPhrase:Permanent Redirect.
[WARNING] Failure to transfer org.springframework:spring-web:5.0.0.BUILD-SNAPSHOT/maven-metadata.xml from http://repo.spring.io/libs-snapshot was cached in the local repository, resolution will not be reattempted until the update interval of spring-libs-snapshot has elapsed or updates are forced. Original error: Could not transfer metadata org.springframework:spring-web:5.0.0.BUILD-SNAPSHOT/maven-metadata.xml from/to spring-libs-snapshot (http://repo.spring.io/libs-snapshot): Failed to transfer file: http://repo.spring.io/libs-snapshot/org/springframework/spring-web/5.0.0.BUILD-SNAPSHOT/maven-metadata.xml. Return code is: 308 , ReasonPhrase:Permanent Redirect.
Downloading: http://repo.spring.io/libs-snapshot/org/springframework/spring-webmvc/5.0.0.BUILD-SNAPSHOT/maven-metadata.xml
Downloading: https://repository.apache.org/snapshots/org/springframework/spring-webmvc/5.0.0.BUILD-SNAPSHOT/maven-metadata.xml
[WARNING] Could not transfer metadata org.springframework:spring-webmvc:5.0.0.BUILD-SNAPSHOT/maven-metadata.xml from/to spring-libs-snapshot (http://repo.spring.io/libs-snapshot): Failed to transfer file: http://repo.spring.io/libs-snapshot/org/springframework/spring-webmvc/5.0.0.BUILD-SNAPSHOT/maven-metadata.xml. Return code is: 308 , ReasonPhrase:Permanent Redirect.
[WARNING] Failure to transfer org.springframework:spring-webmvc:5.0.0.BUILD-SNAPSHOT/maven-metadata.xml from http://repo.spring.io/libs-snapshot was cached in the local repository, resolution will not be reattempted until the update interval of spring-libs-snapshot has elapsed or updates are forced. Original error: Could not transfer metadata org.springframework:spring-webmvc:5.0.0.BUILD-SNAPSHOT/maven-metadata.xml from/to spring-libs-snapshot (http://repo.spring.io/libs-snapshot): Failed to transfer file: http://repo.spring.io/libs-snapshot/org/springframework/spring-webmvc/5.0.0.BUILD-SNAPSHOT/maven-metadata.xml. Return code is: 308 , ReasonPhrase:Permanent Redirect.
Downloading: https://repository.apache.org/snapshots/org/springframework/spring-test/5.0.0.BUILD-SNAPSHOT/maven-metadata.xml
Downloading: http://repo.spring.io/libs-snapshot/org/springframework/spring-test/5.0.0.BUILD-SNAPSHOT/maven-metadata.xml
[WARNING] Could not transfer metadata org.springframework:spring-test:5.0.0.BUILD-SNAPSHOT/maven-metadata.xml from/to spring-libs-snapshot (http://repo.spring.io/libs-snapshot): Failed to transfer file: http://repo.spring.io/libs-snapshot/org/springframework/spring-test/5.0.0.BUILD-SNAPSHOT/maven-metadata.xml. Return code is: 308 , ReasonPhrase:Permanent Redirect.
[WARNING] Failure to transfer org.springframework:spring-test:5.0.0.BUILD-SNAPSHOT/maven-metadata.xml from http://repo.spring.io/libs-snapshot was cached in the local repository, resolution will not be reattempted until the update interval of spring-libs-snapshot has elapsed or updates are forced. Original error: Could not transfer metadata org.springframework:spring-test:5.0.0.BUILD-SNAPSHOT/maven-metadata.xml from/to spring-libs-snapshot (http://repo.spring.io/libs-snapshot): Failed to transfer file: http://repo.spring.io/libs-snapshot/org/springframework/spring-test/5.0.0.BUILD-SNAPSHOT/maven-metadata.xml. Return code is: 308 , ReasonPhrase:Permanent Redirect.
[INFO] 
[INFO] --- maven-clean-plugin:2.5:clean (default-clean) @ spring-hateoas ---
[INFO] Deleting /home/travis/build/failed/spring-projects/spring-hateoas/target
[INFO] 
[INFO] --- maven-dependency-plugin:2.8:list (default-cli) @ spring-hateoas ---
[INFO] 
[INFO] The following files have been resolved:
[INFO]    ch.qos.logback:logback-classic:jar:1.1.8:test
[INFO]    ch.qos.logback:logback-core:jar:1.1.8:test
[INFO]    com.fasterxml.jackson.core:jackson-annotations:jar:2.9.0.pr3:compile
[INFO]    com.fasterxml.jackson.core:jackson-core:jar:2.9.0.pr3:compile
[INFO]    com.fasterxml.jackson.core:jackson-databind:jar:2.9.0.pr3:compile
[INFO]    com.jayway.jsonpath:json-path:jar:2.2.0:compile
[INFO]    commons-collections:commons-collections:jar:3.2.1:test
[INFO]    commons-io:commons-io:jar:2.4:test
[INFO]    commons-lang:commons-lang:jar:2.6:test
[INFO]    javax.servlet:servlet-api:jar:2.5:provided
[INFO]    javax.ws.rs:javax.ws.rs-api:jar:2.0.1:compile
[INFO]    joda-time:joda-time:jar:2.9.7:test
[INFO]    junit:junit:jar:4.12:test
[INFO]    net.jadler:jadler-all:jar:1.1.1:test
[INFO]    net.jadler:jadler-core:jar:1.1.1:test
[INFO]    net.jadler:jadler-jetty:jar:1.1.1:test
[INFO]    net.jadler:jadler-junit:jar:1.1.1:test
[INFO]    net.minidev:accessors-smart:jar:1.1:compile
[INFO]    net.minidev:json-smart:jar:2.2.1:compile
[INFO]    org.atteo:evo-inflector:jar:1.2.1:compile
[INFO]    org.eclipse.jetty.orbit:javax.servlet:jar:3.0.0.v201112011016:test
[INFO]    org.eclipse.jetty:jetty-continuation:jar:8.1.11.v20130520:test
[INFO]    org.eclipse.jetty:jetty-http:jar:8.1.11.v20130520:test
[INFO]    org.eclipse.jetty:jetty-io:jar:8.1.11.v20130520:test
[INFO]    org.eclipse.jetty:jetty-server:jar:8.1.11.v20130520:test
[INFO]    org.eclipse.jetty:jetty-util:jar:8.1.11.v20130520:test
[INFO]    org.hamcrest:hamcrest-core:jar:1.3:test
[INFO]    org.hamcrest:hamcrest-library:jar:1.3:test
[INFO]    org.mockito:mockito-all:jar:1.10.19:test
[INFO]    org.ow2.asm:asm:jar:5.0.3:compile
[INFO]    org.projectlombok:lombok:jar:1.16.12:provided
[INFO]    org.slf4j:jcl-over-slf4j:jar:1.7.22:test
[INFO]    org.slf4j:slf4j-api:jar:1.7.22:compile
[INFO]    org.springframework.plugin:spring-plugin-core:jar:1.2.0.RELEASE:compile
[INFO]    org.springframework:spring-aop:jar:5.0.0.BUILD-SNAPSHOT:compile
[INFO]    org.springframework:spring-beans:jar:5.0.0.BUILD-SNAPSHOT:compile
[INFO]    org.springframework:spring-context:jar:5.0.0.BUILD-SNAPSHOT:compile
[INFO]    org.springframework:spring-core:jar:5.0.0.BUILD-SNAPSHOT:compile
[INFO]    org.springframework:spring-expression:jar:5.0.0.BUILD-SNAPSHOT:compile
[INFO]    org.springframework:spring-jcl:jar:5.0.0.BUILD-SNAPSHOT:compile
[INFO]    org.springframework:spring-test:jar:5.0.0.BUILD-SNAPSHOT:test
[INFO]    org.springframework:spring-web:jar:5.0.0.BUILD-SNAPSHOT:compile
[INFO]    org.springframework:spring-webmvc:jar:5.0.0.BUILD-SNAPSHOT:compile
[INFO]    xmlunit:xmlunit:jar:1.6:test
[INFO] 
[INFO] 
[INFO] --- maven-resources-plugin:2.6:resources (default-resources) @ spring-hateoas ---
[INFO] Using 'UTF-8' encoding to copy filtered resources.
[INFO] Copying 3 resources
[INFO] 
[INFO] --- maven-compiler-plugin:3.3:compile (default-compile) @ spring-hateoas ---
[INFO] Changes detected - recompiling the module!
[INFO] Compiling 101 source files to /home/travis/build/failed/spring-projects/spring-hateoas/target/classes
[INFO] /home/travis/build/failed/spring-projects/spring-hateoas/src/main/java/org/springframework/hateoas/hal/forms/HalFormsConfiguration.java: Some input files use or override a deprecated API.
[INFO] /home/travis/build/failed/spring-projects/spring-hateoas/src/main/java/org/springframework/hateoas/hal/forms/HalFormsConfiguration.java: Recompile with -Xlint:deprecation for details.
[INFO] 
[INFO] --- com.springsource.bundlor.maven:1.0.0.RELEASE:bundlor (bundlor) @ spring-hateoas ---
Manifest written to '/home/travis/build/failed/spring-projects/spring-hateoas/target/classes/META-INF/MANIFEST.MF'
[INFO] 
[INFO] --- maven-resources-plugin:2.6:testResources (default-testResources) @ spring-hateoas ---
[INFO] Using 'UTF-8' encoding to copy filtered resources.
[INFO] Copying 14 resources
[INFO] 
[INFO] --- maven-compiler-plugin:3.3:testCompile (default-testCompile) @ spring-hateoas ---
[INFO] Changes detected - recompiling the module!
[INFO] Compiling 69 source files to /home/travis/build/failed/spring-projects/spring-hateoas/target/test-classes
[INFO] /home/travis/build/failed/spring-projects/spring-hateoas/src/test/java/org/springframework/hateoas/config/EnableHypermediaSupportIntegrationTest.java: Some input files use unchecked or unsafe operations.
[INFO] /home/travis/build/failed/spring-projects/spring-hateoas/src/test/java/org/springframework/hateoas/config/EnableHypermediaSupportIntegrationTest.java: Recompile with -Xlint:unchecked for details.
[INFO] 
[INFO] --- maven-surefire-plugin:2.12.4:test (default-test) @ spring-hateoas ---
[INFO] Surefire report directory: /home/travis/build/failed/spring-projects/spring-hateoas/target/surefire-reports

-------------------------------------------------------
 T E S T S
-------------------------------------------------------
Running org.springframework.hateoas.alps.JacksonSerializationTest
Tests run: 1, Failures: 0, Errors: 0, Skipped: 0, Time elapsed: 3.465 sec
Running org.springframework.hateoas.config.EnableEntityLinksIntegrationTest
Tests run: 1, Failures: 0, Errors: 0, Skipped: 0, Time elapsed: 6.401 sec
Running org.springframework.hateoas.config.EnableHypermediaSupportIntegrationTest
Tests run: 12, Failures: 0, Errors: 0, Skipped: 0, Time elapsed: 4.907 sec
Running org.springframework.hateoas.config.XmlConfigurationIntegrationTest
Tests run: 1, Failures: 0, Errors: 0, Skipped: 0, Time elapsed: 0.445 sec
Running org.springframework.hateoas.hal.forms.HalFormsLinkDiscovererUnitTest
Tests run: 7, Failures: 0, Errors: 0, Skipped: 0, Time elapsed: 0.182 sec
Running org.springframework.hateoas.hal.forms.HalFormsUtilsTest
Tests run: 5, Failures: 0, Errors: 0, Skipped: 0, Time elapsed: 0.014 sec
Running org.springframework.hateoas.hal.forms.HalFormsWebMvcTest

MockHttpServletRequest:
      HTTP Method = GET
      Request URI = /employees/0
       Parameters = {}
          Headers = {Accept=[application/prs.hal-forms+json]}
             Body = <no character encoding set>
    Session Attrs = {}

Handler:
             Type = org.springframework.hateoas.hal.forms.HalFormsWebMvcTest$EmployeeController
           Method = public org.springframework.hateoas.Resource<org.springframework.hateoas.hal.forms.Employee> org.springframework.hateoas.hal.forms.HalFormsWebMvcTest$EmployeeController.findOne(java.lang.String)

Async:
    Async started = false
     Async result = null

Resolved Exception:
             Type = null

ModelAndView:
        View name = null
             View = null
            Model = null

FlashMap:
       Attributes = null

MockHttpServletResponse:
           Status = 200
    Error message = null
          Headers = {Content-Type=[application/prs.hal-forms+json;charset=UTF-8]}
     Content type = application/prs.hal-forms+json;charset=UTF-8
             Body = {"name":"Frodo Baggins","role":"ring bearer","_links":{"self":{"href":"http://localhost/employees/0"},"put":{"href":"http://localhost/employees/0"},"patch":{"href":"http://localhost/employees/0"},"employees":{"href":"http://localhost/employees"}}}
    Forwarded URL = null
   Redirected URL = null
          Cookies = []
Tests run: 1, Failures: 1, Errors: 0, Skipped: 0, Time elapsed: 1.669 sec <<< FAILURE!
basic(org.springframework.hateoas.hal.forms.HalFormsWebMvcTest)  Time elapsed: 0.442 sec  <<< FAILURE!
java.lang.AssertionError: No value at JSON path "$._templates.*"
	at org.springframework.test.util.JsonPathExpectationsHelper.evaluateJsonPath(JsonPathExpectationsHelper.java:247)
	at org.springframework.test.util.JsonPathExpectationsHelper.assertValue(JsonPathExpectationsHelper.java:74)
	at org.springframework.test.web.servlet.result.JsonPathResultMatchers.lambda$value$0(JsonPathResultMatchers.java:87)
	at org.springframework.test.web.servlet.result.JsonPathResultMatchers$$Lambda$91/648630181.match(Unknown Source)
	at org.springframework.test.web.servlet.MockMvc$1.andExpect(MockMvc.java:164)
	at org.springframework.hateoas.hal.forms.HalFormsWebMvcTest.basic(HalFormsWebMvcTest.java:95)
	at sun.reflect.NativeMethodAccessorImpl.invoke0(Native Method)
	at sun.reflect.NativeMethodAccessorImpl.invoke(NativeMethodAccessorImpl.java:62)
	at sun.reflect.DelegatingMethodAccessorImpl.invoke(DelegatingMethodAccessorImpl.java:43)
	at java.lang.reflect.Method.invoke(Method.java:483)
	at org.junit.runners.model.FrameworkMethod$1.runReflectiveCall(FrameworkMethod.java:50)
	at org.junit.internal.runners.model.ReflectiveCallable.run(ReflectiveCallable.java:12)
	at org.junit.runners.model.FrameworkMethod.invokeExplosively(FrameworkMethod.java:47)
	at org.junit.internal.runners.statements.InvokeMethod.evaluate(InvokeMethod.java:17)
	at org.springframework.test.context.junit4.statements.RunBeforeTestExecutionCallbacks.evaluate(RunBeforeTestExecutionCallbacks.java:73)
	at org.springframework.test.context.junit4.statements.RunAfterTestExecutionCallbacks.evaluate(RunAfterTestExecutionCallbacks.java:83)
	at org.junit.internal.runners.statements.RunBefores.evaluate(RunBefores.java:26)
	at org.springframework.test.context.junit4.statements.RunBeforeTestMethodCallbacks.evaluate(RunBeforeTestMethodCallbacks.java:75)
	at org.springframework.test.context.junit4.statements.RunAfterTestMethodCallbacks.evaluate(RunAfterTestMethodCallbacks.java:86)
	at org.springframework.test.context.junit4.statements.SpringRepeat.evaluate(SpringRepeat.java:84)
	at org.junit.runners.ParentRunner.runLeaf(ParentRunner.java:325)
	at org.springframework.test.context.junit4.SpringJUnit4ClassRunner.runChild(SpringJUnit4ClassRunner.java:251)
	at org.springframework.test.context.junit4.SpringJUnit4ClassRunner.runChild(SpringJUnit4ClassRunner.java:97)
	at org.junit.runners.ParentRunner$3.run(ParentRunner.java:290)
	at org.junit.runners.ParentRunner$1.schedule(ParentRunner.java:71)
	at org.junit.runners.ParentRunner.runChildren(ParentRunner.java:288)
	at org.junit.runners.ParentRunner.access$000(ParentRunner.java:58)
	at org.junit.runners.ParentRunner$2.evaluate(ParentRunner.java:268)
	at org.springframework.test.context.junit4.statements.RunBeforeTestClassCallbacks.evaluate(RunBeforeTestClassCallbacks.java:61)
	at org.springframework.test.context.junit4.statements.RunAfterTestClassCallbacks.evaluate(RunAfterTestClassCallbacks.java:70)
	at org.junit.runners.ParentRunner.run(ParentRunner.java:363)
	at org.springframework.test.context.junit4.SpringJUnit4ClassRunner.run(SpringJUnit4ClassRunner.java:190)
	at org.apache.maven.surefire.junit4.JUnit4Provider.execute(JUnit4Provider.java:252)
	at org.apache.maven.surefire.junit4.JUnit4Provider.executeTestSet(JUnit4Provider.java:141)
	at org.apache.maven.surefire.junit4.JUnit4Provider.invoke(JUnit4Provider.java:112)
	at sun.reflect.NativeMethodAccessorImpl.invoke0(Native Method)
	at sun.reflect.NativeMethodAccessorImpl.invoke(NativeMethodAccessorImpl.java:62)
	at sun.reflect.DelegatingMethodAccessorImpl.invoke(DelegatingMethodAccessorImpl.java:43)
	at java.lang.reflect.Method.invoke(Method.java:483)
	at org.apache.maven.surefire.util.ReflectionUtils.invokeMethodWithArray(ReflectionUtils.java:189)
	at org.apache.maven.surefire.booter.ProviderFactory$ProviderProxy.invoke(ProviderFactory.java:165)
	at org.apache.maven.surefire.booter.ProviderFactory.invokeProvider(ProviderFactory.java:85)
	at org.apache.maven.surefire.booter.ForkedBooter.runSuitesInProcess(ForkedBooter.java:115)
	at org.apache.maven.surefire.booter.ForkedBooter.main(ForkedBooter.java:75)
Caused by: com.jayway.jsonpath.PathNotFoundException: Missing property in path $['_templates']
	at com.jayway.jsonpath.internal.path.PathToken.handleObjectProperty(PathToken.java:72)
	at com.jayway.jsonpath.internal.path.PropertyPathToken.evaluate(PropertyPathToken.java:79)
	at com.jayway.jsonpath.internal.path.RootPathToken.evaluate(RootPathToken.java:62)
	at com.jayway.jsonpath.internal.path.CompiledPath.evaluate(CompiledPath.java:53)
	at com.jayway.jsonpath.internal.path.CompiledPath.evaluate(CompiledPath.java:61)
	at com.jayway.jsonpath.JsonPath.read(JsonPath.java:187)
	at com.jayway.jsonpath.JsonPath.read(JsonPath.java:345)
	at com.jayway.jsonpath.JsonPath.read(JsonPath.java:329)
	at org.springframework.test.util.JsonPathExpectationsHelper.evaluateJsonPath(JsonPathExpectationsHelper.java:244)
	... 43 more

Running org.springframework.hateoas.hal.forms.Jackson2HalFormsIntegrationTest
Tests run: 3, Failures: 0, Errors: 0, Skipped: 0, Time elapsed: 0.03 sec
Running org.springframework.hateoas.hal.forms.HalFormsMessageConverterTest
Tests run: 3, Failures: 0, Errors: 0, Skipped: 0, Time elapsed: 0.141 sec
Running org.springframework.hateoas.hal.HalLinkDiscovererUnitTest
Tests run: 7, Failures: 0, Errors: 0, Skipped: 0, Time elapsed: 0.004 sec
Running org.springframework.hateoas.hal.HalEmbeddedBuilderUnitTest
Tests run: 11, Failures: 0, Errors: 0, Skipped: 0, Time elapsed: 0.812 sec
Running org.springframework.hateoas.hal.Jackson2HalIntegrationTest
Tests run: 24, Failures: 0, Errors: 0, Skipped: 0, Time elapsed: 0.108 sec
Running org.springframework.hateoas.hal.DefaultCurieProviderUnitTest
Tests run: 14, Failures: 0, Errors: 0, Skipped: 0, Time elapsed: 0.007 sec
Running org.springframework.hateoas.core.LinkBuilderSupportUnitTest
Tests run: 3, Failures: 0, Errors: 0, Skipped: 0, Time elapsed: 0.004 sec
Running org.springframework.hateoas.core.ControllerEntityLinksUnitTest
Tests run: 6, Failures: 0, Errors: 0, Skipped: 0, Time elapsed: 0.195 sec
Running org.springframework.hateoas.core.ControllerEntityLinksFactoryBeanUnitTest
Tests run: 2, Failures: 0, Errors: 0, Skipped: 0, Time elapsed: 0.003 sec
Running org.springframework.hateoas.core.MethodParametersUnitTest
Tests run: 2, Failures: 0, Errors: 0, Skipped: 0, Time elapsed: 0.003 sec
Running org.springframework.hateoas.core.EmbeddedWrappersUnitTest
Tests run: 3, Failures: 0, Errors: 0, Skipped: 0, Time elapsed: 0.001 sec
Running org.springframework.hateoas.core.DelegatingRelProviderUnitTest
Tests run: 1, Failures: 0, Errors: 0, Skipped: 0, Time elapsed: 0 sec
Running org.springframework.hateoas.core.DelegatingEntityLinksUnitTest
Tests run: 4, Failures: 0, Errors: 0, Skipped: 0, Time elapsed: 0.159 sec
Running org.springframework.hateoas.core.AnnotationMappingDiscovererUnitTest
Tests run: 13, Failures: 0, Errors: 0, Skipped: 0, Time elapsed: 0.01 sec
Running org.springframework.hateoas.core.JsonPathLinkDiscovererUnitTest
Tests run: 3, Failures: 0, Errors: 0, Skipped: 0, Time elapsed: 0.003 sec
Running org.springframework.hateoas.core.EvoInflectorRelProviderUnitTest
Tests run: 1, Failures: 0, Errors: 0, Skipped: 0, Time elapsed: 0 sec
Running org.springframework.hateoas.ResourceSupportUnitTest
Tests run: 12, Failures: 0, Errors: 0, Skipped: 0, Time elapsed: 0.004 sec
Running org.springframework.hateoas.LinkUnitTest
Tests run: 22, Failures: 0, Errors: 0, Skipped: 0, Time elapsed: 0.154 sec
Running org.springframework.hateoas.client.TraversonTest
Tests run: 19, Failures: 0, Errors: 0, Skipped: 0, Time elapsed: 10.421 sec
Running org.springframework.hateoas.client.HopUnitTest
Tests run: 7, Failures: 0, Errors: 0, Skipped: 0, Time elapsed: 0 sec
Running org.springframework.hateoas.UriTemplateUnitTest
Tests run: 20, Failures: 0, Errors: 0, Skipped: 0, Time elapsed: 0.002 sec
Running org.springframework.hateoas.mvc.ControllerLinkBuilderOutsideSpringMvcUnitTest
Tests run: 1, Failures: 0, Errors: 0, Skipped: 0, Time elapsed: 0.008 sec
Running org.springframework.hateoas.mvc.ForwardedHeaderUnitTest
Tests run: 3, Failures: 0, Errors: 0, Skipped: 0, Time elapsed: 0 sec
Running org.springframework.hateoas.mvc.IdentifiableResourceAssemblerSupportUnitTest
Tests run: 4, Failures: 0, Errors: 0, Skipped: 0, Time elapsed: 0.007 sec
Running org.springframework.hateoas.mvc.TypeReferencesIntegrationTest
Tests run: 3, Failures: 0, Errors: 0, Skipped: 0, Time elapsed: 0.11 sec
Running org.springframework.hateoas.mvc.ControllerLinkBuilderUnitTest
Tests run: 43, Failures: 0, Errors: 0, Skipped: 0, Time elapsed: 0.716 sec
Running org.springframework.hateoas.mvc.DummyInvocationUtilsUnitTest
Tests run: 1, Failures: 0, Errors: 0, Skipped: 0, Time elapsed: 0.003 sec
Running org.springframework.hateoas.mvc.ControllerLinkBuilderFactoryUnitTest
Tests run: 9, Failures: 0, Errors: 0, Skipped: 0, Time elapsed: 0.26 sec
Running org.springframework.hateoas.mvc.HeaderLinksResponseEntityUnitTest
Tests run: 2, Failures: 0, Errors: 0, Skipped: 0, Time elapsed: 0.001 sec
Running org.springframework.hateoas.mvc.TypeConstrainedMappingJackson2HttpMessageConverterUnitTest
Tests run: 3, Failures: 0, Errors: 0, Skipped: 0, Time elapsed: 0.012 sec
Running org.springframework.hateoas.ResourceIntegrationTest
Tests run: 3, Failures: 0, Errors: 0, Skipped: 0, Time elapsed: 0.066 sec
Running org.springframework.hateoas.PagedResourcesUnitTest
Tests run: 8, Failures: 0, Errors: 0, Skipped: 0, Time elapsed: 0 sec
Running org.springframework.hateoas.VndErrorsMarshallingTest
Tests run: 4, Failures: 0, Errors: 0, Skipped: 0, Time elapsed: 0.039 sec
Running org.springframework.hateoas.TemplateVariablesUnitTest
Tests run: 15, Failures: 0, Errors: 0, Skipped: 0, Time elapsed: 0.002 sec
Running org.springframework.hateoas.VndErrorsUnitTest
Tests run: 1, Failures: 0, Errors: 0, Skipped: 0, Time elapsed: 0 sec
Running org.springframework.hateoas.LinkDiscoverersUnitTest
Tests run: 2, Failures: 0, Errors: 0, Skipped: 0, Time elapsed: 0.001 sec
Running org.springframework.hateoas.PagedResourcesMarshallingTest
Tests run: 1, Failures: 0, Errors: 0, Skipped: 0, Time elapsed: 0.007 sec
Running org.springframework.hateoas.ResourcesUnitTest
Tests run: 4, Failures: 0, Errors: 0, Skipped: 0, Time elapsed: 0 sec
Running org.springframework.hateoas.jaxrs.JaxRsLinkBuilderFactoryUnitTest
Tests run: 4, Failures: 0, Errors: 0, Skipped: 0, Time elapsed: 0.003 sec
Running org.springframework.hateoas.Jackson2LinkIntegrationTest
Tests run: 2, Failures: 0, Errors: 0, Skipped: 0, Time elapsed: 0.001 sec
Running org.springframework.hateoas.ResourceUnitTest
Tests run: 5, Failures: 0, Errors: 0, Skipped: 0, Time elapsed: 0 sec
Running org.springframework.hateoas.LinksUnitTest
Tests run: 5, Failures: 0, Errors: 0, Skipped: 0, Time elapsed: 0.002 sec
Running org.springframework.hateoas.Jackson2ResourceIntegrationTest
Tests run: 2, Failures: 0, Errors: 0, Skipped: 0, Time elapsed: 0.004 sec
Running org.springframework.hateoas.Jackson2PagedResourcesIntegrationTest
Tests run: 1, Failures: 0, Errors: 0, Skipped: 0, Time elapsed: 0.01 sec
Running org.springframework.hateoas.ResourceSupportIntegrationTest
Tests run: 2, Failures: 0, Errors: 0, Skipped: 0, Time elapsed: 0.002 sec
Running org.springframework.hateoas.Jackson2ResourceSupportIntegrationTest
Tests run: 2, Failures: 0, Errors: 0, Skipped: 0, Time elapsed: 0.002 sec
Running org.springframework.hateoas.LinkIntegrationTest
Tests run: 2, Failures: 0, Errors: 0, Skipped: 0, Time elapsed: 0.001 sec

Results :

Failed tests:   basic(org.springframework.hateoas.hal.forms.HalFormsWebMvcTest): No value at JSON path "$._templates.*"

Tests run: 340, Failures: 1, Errors: 0, Skipped: 0

[INFO] ------------------------------------------------------------------------
[INFO] BUILD FAILURE
[INFO] ------------------------------------------------------------------------
[INFO] Total time: 01:50 min
[INFO] Finished at: 2022-01-09T09:59:11+00:00
[INFO] Final Memory: 30M/304M
[INFO] ------------------------------------------------------------------------
[ERROR] Failed to execute goal org.apache.maven.plugins:maven-surefire-plugin:2.12.4:test (default-test) on project spring-hateoas: There are test failures.
[ERROR] 
[ERROR] Please refer to /home/travis/build/failed/spring-projects/spring-hateoas/target/surefire-reports for the individual test results.
[ERROR] -> [Help 1]
[ERROR] 
[ERROR] To see the full stack trace of the errors, re-run Maven with the -e switch.
[ERROR] Re-run Maven using the -X switch to enable full debug logging.
[ERROR] 
[ERROR] For more information about the errors and possible solutions, please read the following articles:
[ERROR] [Help 1] http://cwiki.apache.org/confluence/display/MAVEN/MojoFailureException

travis_time:end:0ab36785:start=1641722239402565887,finish=1641722351520163666,duration=112117597779[0K
[31;1mThe command "mvn clean dependency:list test -P${PROFILE} -Dsort" exited with 1.[0m
travis_fold:start:cache.2[0Kstore build cache
travis_time:start:01e9e37c[0K
travis_time:end:01e9e37c:start=1641722351531671494,finish=1641722351542634299,duration=10962805[0Ktravis_time:start:254b2440[0K/home/travis/.casher/bin/casher:190: warning: Insecure world writable dir /home/travis/build/failed/spring-projects/spring-hateoas/. in PATH, mode 040777
[32;1mchanges detected, packing new archive[0m
/home/travis/.casher/bin/casher:213:in `cache_archive_name': undefined method `[]' for nil:NilClass (NoMethodError)
	from /home/travis/.casher/bin/casher:143:in `push'
	from /home/travis/.casher/bin/casher:53:in `block in run'
	from /home/travis/.rvm/rubies/ruby-1.9.3-p551/lib/ruby/1.9.1/timeout.rb:69:in `timeout'
	from /home/travis/.casher/bin/casher:53:in `run'
	from /home/travis/.casher/bin/casher:263:in `<main>'
.
.
.
.

travis_time:end:254b2440:start=1641722351553804100,finish=1641722376348970991,duration=24795166891[0Ktravis_fold:end:cache.2[0K
Done. Your build exited with 1.
