travis_fold:start:system_info[0K[33;1mBuild system information[0m
Build language: java
Build group: stable
Build dist: precise
Build id: ''
Job id: ''
[34m[1mBuild image provisioning date and time[0m
Thu Feb  5 15:09:33 UTC 2015
[34m[1mOperating System Details[0m
Distributor ID:	Ubuntu
Description:	Ubuntu 12.04.5 LTS
Release:	12.04
Codename:	precise
[34m[1mLinux Version[0m
3.13.0-29-generic
[34m[1mCookbooks Version[0m
a68419e https://github.com/travis-ci/travis-cookbooks/tree/a68419e
[34m[1mGCC version[0m
gcc (Ubuntu/Linaro 4.6.3-1ubuntu5) 4.6.3
Copyright (C) 2011 Free Software Foundation, Inc.
This is free software; see the source for copying conditions.  There is NO
warranty; not even for MERCHANTABILITY or FITNESS FOR A PARTICULAR PURPOSE.

[34m[1mLLVM version[0m
clang version 3.4 (tags/RELEASE_34/final)
Target: x86_64-unknown-linux-gnu
Thread model: posix
[34m[1mPre-installed Ruby versions[0m
ruby-1.9.3-p551
[34m[1mPre-installed Node.js versions[0m
v0.10.36
[34m[1mPre-installed Go versions[0m
1.4.1
[34m[1mRedis version[0m
redis-server 2.8.19
[34m[1mriak version[0m
2.0.2
[34m[1mMongoDB version[0m
MongoDB 2.4.12
[34m[1mCouchDB version[0m
couchdb 1.6.1
[34m[1mNeo4j version[0m
1.9.4
[34m[1mRabbitMQ Version[0m
3.4.3
[34m[1mElasticSearch version[0m
1.4.0
[34m[1mInstalled Sphinx versions[0m
2.0.10
2.1.9
2.2.6
[34m[1mDefault Sphinx version[0m
2.2.6
[34m[1mInstalled Firefox version[0m
firefox 31.0esr
[34m[1mPhantomJS version[0m
1.9.8
[34m[1mant -version[0m
Apache Ant(TM) version 1.8.2 compiled on December 3 2011
[34m[1mmvn -version[0m
Apache Maven 3.2.5 (12a6b3acb947671f09b81f49094c53f426d8cea1; 2014-12-14T17:29:23+00:00)
Maven home: /usr/local/maven
Java version: 1.7.0_76, vendor: Oracle Corporation
Java home: /usr/lib/jvm/java-7-oracle/jre
Default locale: en_US, platform encoding: ANSI_X3.4-1968
OS name: "linux", version: "3.13.0-29-generic", arch: "amd64", family: "unix"
travis_fold:end:system_info[0K
W: Failed to fetch http://us.archive.ubuntu.com/ubuntu/dists/precise/main/source/Sources  404  Not Found [IP: 91.189.91.38 80]

W: Failed to fetch http://us.archive.ubuntu.com/ubuntu/dists/precise/restricted/source/Sources  404  Not Found [IP: 91.189.91.38 80]

W: Failed to fetch http://us.archive.ubuntu.com/ubuntu/dists/precise/universe/source/Sources  404  Not Found [IP: 91.189.91.38 80]

W: Failed to fetch http://us.archive.ubuntu.com/ubuntu/dists/precise/multiverse/source/Sources  404  Not Found [IP: 91.189.91.38 80]

W: Failed to fetch http://us.archive.ubuntu.com/ubuntu/dists/precise/main/binary-amd64/Packages  404  Not Found [IP: 91.189.91.38 80]

W: Failed to fetch http://us.archive.ubuntu.com/ubuntu/dists/precise/restricted/binary-amd64/Packages  404  Not Found [IP: 91.189.91.38 80]

W: Failed to fetch http://us.archive.ubuntu.com/ubuntu/dists/precise/universe/binary-amd64/Packages  404  Not Found [IP: 91.189.91.38 80]

W: Failed to fetch http://us.archive.ubuntu.com/ubuntu/dists/precise/multiverse/binary-amd64/Packages  404  Not Found [IP: 91.189.91.38 80]

W: Failed to fetch http://us.archive.ubuntu.com/ubuntu/dists/precise/main/binary-i386/Packages  404  Not Found [IP: 91.189.91.38 80]

W: Failed to fetch http://us.archive.ubuntu.com/ubuntu/dists/precise/restricted/binary-i386/Packages  404  Not Found [IP: 91.189.91.38 80]

W: Failed to fetch http://us.archive.ubuntu.com/ubuntu/dists/precise/universe/binary-i386/Packages  404  Not Found [IP: 91.189.91.38 80]

W: Failed to fetch http://us.archive.ubuntu.com/ubuntu/dists/precise/multiverse/binary-i386/Packages  404  Not Found [IP: 91.189.91.38 80]

W: Failed to fetch http://us.archive.ubuntu.com/ubuntu/dists/precise-updates/main/source/Sources  404  Not Found [IP: 91.189.91.38 80]

W: Failed to fetch http://us.archive.ubuntu.com/ubuntu/dists/precise-updates/restricted/source/Sources  404  Not Found [IP: 91.189.91.38 80]

W: Failed to fetch http://us.archive.ubuntu.com/ubuntu/dists/precise-updates/universe/source/Sources  404  Not Found [IP: 91.189.91.38 80]

W: Failed to fetch http://us.archive.ubuntu.com/ubuntu/dists/precise-updates/multiverse/source/Sources  404  Not Found [IP: 91.189.91.38 80]

W: Failed to fetch http://us.archive.ubuntu.com/ubuntu/dists/precise-updates/main/binary-amd64/Packages  404  Not Found [IP: 91.189.91.38 80]

W: Failed to fetch http://us.archive.ubuntu.com/ubuntu/dists/precise-updates/restricted/binary-amd64/Packages  404  Not Found [IP: 91.189.91.38 80]

W: Failed to fetch http://us.archive.ubuntu.com/ubuntu/dists/precise-updates/universe/binary-amd64/Packages  404  Not Found [IP: 91.189.91.38 80]

W: Failed to fetch http://us.archive.ubuntu.com/ubuntu/dists/precise-updates/multiverse/binary-amd64/Packages  404  Not Found [IP: 91.189.91.38 80]

W: Failed to fetch http://us.archive.ubuntu.com/ubuntu/dists/precise-updates/main/binary-i386/Packages  404  Not Found [IP: 91.189.91.38 80]

W: Failed to fetch http://us.archive.ubuntu.com/ubuntu/dists/precise-updates/restricted/binary-i386/Packages  404  Not Found [IP: 91.189.91.38 80]

W: Failed to fetch http://us.archive.ubuntu.com/ubuntu/dists/precise-updates/universe/binary-i386/Packages  404  Not Found [IP: 91.189.91.38 80]

W: Failed to fetch http://us.archive.ubuntu.com/ubuntu/dists/precise-updates/multiverse/binary-i386/Packages  404  Not Found [IP: 91.189.91.38 80]

W: Failed to fetch http://us.archive.ubuntu.com/ubuntu/dists/precise-backports/main/source/Sources  404  Not Found [IP: 91.189.91.38 80]

W: Failed to fetch http://us.archive.ubuntu.com/ubuntu/dists/precise-backports/restricted/source/Sources  404  Not Found [IP: 91.189.91.38 80]

W: Failed to fetch http://us.archive.ubuntu.com/ubuntu/dists/precise-backports/universe/source/Sources  404  Not Found [IP: 91.189.91.38 80]

W: Failed to fetch http://us.archive.ubuntu.com/ubuntu/dists/precise-backports/multiverse/source/Sources  404  Not Found [IP: 91.189.91.38 80]

W: Failed to fetch http://us.archive.ubuntu.com/ubuntu/dists/precise-backports/main/binary-amd64/Packages  404  Not Found [IP: 91.189.91.38 80]

W: Failed to fetch http://us.archive.ubuntu.com/ubuntu/dists/precise-backports/restricted/binary-amd64/Packages  404  Not Found [IP: 91.189.91.38 80]

W: Failed to fetch http://us.archive.ubuntu.com/ubuntu/dists/precise-backports/universe/binary-amd64/Packages  404  Not Found [IP: 91.189.91.38 80]

W: Failed to fetch http://us.archive.ubuntu.com/ubuntu/dists/precise-backports/multiverse/binary-amd64/Packages  404  Not Found [IP: 91.189.91.38 80]

W: Failed to fetch http://us.archive.ubuntu.com/ubuntu/dists/precise-backports/main/binary-i386/Packages  404  Not Found [IP: 91.189.91.38 80]

W: Failed to fetch http://us.archive.ubuntu.com/ubuntu/dists/precise-backports/restricted/binary-i386/Packages  404  Not Found [IP: 91.189.91.38 80]

W: Failed to fetch http://us.archive.ubuntu.com/ubuntu/dists/precise-backports/universe/binary-i386/Packages  404  Not Found [IP: 91.189.91.38 80]

W: Failed to fetch http://us.archive.ubuntu.com/ubuntu/dists/precise-backports/multiverse/binary-i386/Packages  404  Not Found [IP: 91.189.91.38 80]

W: Failed to fetch http://security.ubuntu.com/ubuntu/dists/precise-security/main/source/Sources  404  Not Found [IP: 91.189.88.152 80]

W: Failed to fetch http://security.ubuntu.com/ubuntu/dists/precise-security/restricted/source/Sources  404  Not Found [IP: 91.189.88.152 80]

W: Failed to fetch http://security.ubuntu.com/ubuntu/dists/precise-security/universe/source/Sources  404  Not Found [IP: 91.189.88.152 80]

W: Failed to fetch http://security.ubuntu.com/ubuntu/dists/precise-security/multiverse/source/Sources  404  Not Found [IP: 91.189.88.152 80]

W: Failed to fetch http://security.ubuntu.com/ubuntu/dists/precise-security/main/binary-amd64/Packages  404  Not Found [IP: 91.189.88.152 80]

W: Failed to fetch http://security.ubuntu.com/ubuntu/dists/precise-security/restricted/binary-amd64/Packages  404  Not Found [IP: 91.189.88.152 80]

W: Failed to fetch http://security.ubuntu.com/ubuntu/dists/precise-security/universe/binary-amd64/Packages  404  Not Found [IP: 91.189.88.152 80]

W: Failed to fetch http://security.ubuntu.com/ubuntu/dists/precise-security/multiverse/binary-amd64/Packages  404  Not Found [IP: 91.189.88.152 80]

W: Failed to fetch http://security.ubuntu.com/ubuntu/dists/precise-security/main/binary-i386/Packages  404  Not Found [IP: 91.189.88.152 80]

W: Failed to fetch http://security.ubuntu.com/ubuntu/dists/precise-security/restricted/binary-i386/Packages  404  Not Found [IP: 91.189.88.152 80]

W: Failed to fetch http://security.ubuntu.com/ubuntu/dists/precise-security/universe/binary-i386/Packages  404  Not Found [IP: 91.189.88.152 80]

W: Failed to fetch http://security.ubuntu.com/ubuntu/dists/precise-security/multiverse/binary-i386/Packages  404  Not Found [IP: 91.189.88.152 80]

W: Failed to fetch http://apt.postgresql.org/pub/repos/apt/dists/precise-pgdg/main/binary-amd64/Packages  404  Not Found [IP: 147.75.85.69 80]

W: Failed to fetch http://apt.postgresql.org/pub/repos/apt/dists/precise-pgdg/main/binary-i386/Packages  404  Not Found [IP: 147.75.85.69 80]

W: Failed to fetch http://ppa.launchpad.net/travis-ci/zero-mq/ubuntu/dists/precise/main/binary-amd64/Packages  403  Forbidden

W: Failed to fetch http://ppa.launchpad.net/travis-ci/zero-mq/ubuntu/dists/precise/main/binary-i386/Packages  403  Forbidden

W: Failed to fetch http://downloads-distro.mongodb.org/repo/debian-sysvinit/dists/dist/10gen/binary-amd64/Packages  Undetermined Error [IP: 52.206.222.245 80]

W: Failed to fetch http://downloads-distro.mongodb.org/repo/debian-sysvinit/dists/dist/10gen/binary-i386/Packages  Undetermined Error [IP: 52.206.222.245 80]

E: Some index files failed to download. They have been ignored, or old ones used instead.
sed: cannot rename /etc/hosts: Device or resource busy
sed: cannot rename /etc/hosts: Device or resource busy
$ jdk_switcher use oraclejdk8
Switching to Oracle JDK8 (java-8-oracle), JAVA_HOME will be set to /usr/lib/jvm/java-8-oracle
$ cd passed/yamcs/yamcs
travis_fold:start:cache.1[0KSetting up build cache
$ export CASHER_DIR=$HOME/.casher
travis_time:start:1dc9fe2c[0K
travis_time:end:1dc9fe2c:start=1641725770454876799,finish=1641725770463157845,duration=8281046[0Ktravis_time:start:1351c558[0K/home/travis/.casher/bin/casher:213:in `cache_archive_name': undefined method `[]' for nil:NilClass (NoMethodError)
	from /home/travis/.casher/bin/casher:65:in `block in fetch'
	from /home/travis/.casher/bin/casher:64:in `each'
	from /home/travis/.casher/bin/casher:64:in `fetch'
	from /home/travis/.casher/bin/casher:53:in `block in run'
	from /home/travis/.rvm/rubies/ruby-1.9.3-p551/lib/ruby/1.9.1/timeout.rb:69:in `timeout'
	from /home/travis/.casher/bin/casher:53:in `run'
	from /home/travis/.casher/bin/casher:263:in `<main>'
[32;1mattempting to download cache archive[0m

travis_time:end:1351c558:start=1641725770472320726,finish=1641725771195917503,duration=723596777[0Ktravis_time:start:0c7160cc[0K
travis_time:end:0c7160cc:start=1641725771203280282,finish=1641725771208915703,duration=5635421[0Ktravis_time:start:03d4f9b4[0K[32;1madding /home/travis/.m2 to cache[0m

travis_time:end:03d4f9b4:start=1641725771216290650,finish=1641725772188423720,duration=972133070[0Ktravis_fold:end:cache.1[0K$ java -Xmx32m -version
java version "1.8.0_31"
Java(TM) SE Runtime Environment (build 1.8.0_31-b13)
Java HotSpot(TM) 64-Bit Server VM (build 25.31-b07, mixed mode)
$ javac -J-Xmx32m -version
javac 1.8.0_31
travis_fold:start:install[0Ktravis_time:start:078d3710[0K$ mvn -o install -Dhttps.protocols=TLSv1.2 -DskipTests=true -Dmaven.javadoc.skip=true -B -V
Java HotSpot(TM) 64-Bit Server VM warning: ignoring option MaxPermSize=192m; support was removed in 8.0
Apache Maven 3.2.5 (12a6b3acb947671f09b81f49094c53f426d8cea1; 2014-12-14T17:29:23+00:00)
Maven home: /usr/local/maven
Java version: 1.8.0_31, vendor: Oracle Corporation
Java home: /usr/lib/jvm/java-8-oracle/jre
Default locale: en_US, platform encoding: UTF-8
OS name: "linux", version: "4.15.0-109-generic", arch: "amd64", family: "unix"
[INFO] Scanning for projects...
[INFO] ------------------------------------------------------------------------
[INFO] Reactor Build Order:
[INFO] 
[INFO] Yamcs
[INFO] Yamcs API
[INFO] Yamcs XTCE
[INFO] Yamcs Core
[INFO] Yamcs Simulation
[INFO]                                                                         
[INFO] ------------------------------------------------------------------------
[INFO] Building Yamcs 0.29.2
[INFO] ------------------------------------------------------------------------
[INFO] 
[INFO] --- maven-install-plugin:2.4:install (default-install) @ yamcs ---
[INFO] Installing /home/travis/build/passed/yamcs/yamcs/pom.xml to /home/travis/.m2/repository/org/yamcs/yamcs/0.29.2/yamcs-0.29.2.pom
[INFO]                                                                         
[INFO] ------------------------------------------------------------------------
[INFO] Building Yamcs API 0.29.2
[INFO] ------------------------------------------------------------------------
[INFO] 
[INFO] --- maven-resources-plugin:2.6:resources (default-resources) @ yamcs-api ---
[INFO] Using 'UTF-8' encoding to copy filtered resources.
[INFO] Copying 1 resource
[INFO] 
[INFO] --- maven-compiler-plugin:2.3.2:compile (default-compile) @ yamcs-api ---
[INFO] Nothing to compile - all classes are up to date
[INFO] 
[INFO] --- maven-resources-plugin:2.6:testResources (default-testResources) @ yamcs-api ---
[INFO] Using 'UTF-8' encoding to copy filtered resources.
[INFO] skip non existing resourceDirectory /home/travis/build/passed/yamcs/yamcs/yamcs-api/src/test/resources
[INFO] 
[INFO] --- maven-compiler-plugin:2.3.2:testCompile (default-testCompile) @ yamcs-api ---
[INFO] Nothing to compile - all classes are up to date
[INFO] 
[INFO] --- maven-surefire-plugin:2.19.1:test (default-test) @ yamcs-api ---
[INFO] Tests are skipped.
[INFO] 
[INFO] --- maven-jar-plugin:2.4:jar (default-jar) @ yamcs-api ---
[INFO] 
[INFO] --- maven-install-plugin:2.4:install (default-install) @ yamcs-api ---
[INFO] Installing /home/travis/build/passed/yamcs/yamcs/yamcs-api/target/yamcs-api-0.29.2.jar to /home/travis/.m2/repository/org/yamcs/yamcs-api/0.29.2/yamcs-api-0.29.2.jar
[INFO] Installing /home/travis/build/passed/yamcs/yamcs/yamcs-api/pom.xml to /home/travis/.m2/repository/org/yamcs/yamcs-api/0.29.2/yamcs-api-0.29.2.pom
[INFO]                                                                         
[INFO] ------------------------------------------------------------------------
[INFO] Building Yamcs XTCE 0.29.2
[INFO] ------------------------------------------------------------------------
[INFO] 
[INFO] --- maven-resources-plugin:2.6:resources (default-resources) @ yamcs-xtce ---
[INFO] Using 'UTF-8' encoding to copy filtered resources.
[INFO] Copying 1 resource
[INFO] 
[INFO] --- maven-compiler-plugin:2.3.2:compile (default-compile) @ yamcs-xtce ---
[INFO] Nothing to compile - all classes are up to date
[INFO] 
[INFO] --- maven-resources-plugin:2.6:testResources (default-testResources) @ yamcs-xtce ---
[INFO] Using 'UTF-8' encoding to copy filtered resources.
[INFO] skip non existing resourceDirectory /home/travis/build/passed/yamcs/yamcs/yamcs-xtce/src/test/resources
[INFO] 
[INFO] --- maven-compiler-plugin:2.3.2:testCompile (default-testCompile) @ yamcs-xtce ---
[INFO] Nothing to compile - all classes are up to date
[INFO] 
[INFO] --- maven-surefire-plugin:2.19.1:test (default-test) @ yamcs-xtce ---
[INFO] Tests are skipped.
[INFO] 
[INFO] --- maven-jar-plugin:2.4:jar (default-jar) @ yamcs-xtce ---
[INFO] Building jar: /home/travis/build/passed/yamcs/yamcs/yamcs-xtce/target/yamcs-xtce-0.29.2.jar
[INFO] 
[INFO] --- maven-install-plugin:2.4:install (default-install) @ yamcs-xtce ---
[INFO] Installing /home/travis/build/passed/yamcs/yamcs/yamcs-xtce/target/yamcs-xtce-0.29.2.jar to /home/travis/.m2/repository/org/yamcs/yamcs-xtce/0.29.2/yamcs-xtce-0.29.2.jar
[INFO] Installing /home/travis/build/passed/yamcs/yamcs/yamcs-xtce/pom.xml to /home/travis/.m2/repository/org/yamcs/yamcs-xtce/0.29.2/yamcs-xtce-0.29.2.pom
[INFO]                                                                         
[INFO] ------------------------------------------------------------------------
[INFO] Building Yamcs Core 0.29.2
[INFO] ------------------------------------------------------------------------
[INFO] 
[INFO] --- build-helper-maven-plugin:1.9.1:add-source (add-source) @ yamcs-core ---
[INFO] Source directory: /home/travis/build/passed/yamcs/yamcs/yamcs-core/target/generated-sources/version added.
[INFO] 
[INFO] --- maven-antrun-plugin:1.3:run (generate-version) @ yamcs-core ---
[INFO] Executing tasks
[INFO] Executed tasks
[INFO] 
[INFO] --- maven-resources-plugin:2.6:resources (default-resources) @ yamcs-core ---
[INFO] Using 'UTF-8' encoding to copy filtered resources.
[INFO] Copying 31 resources
[INFO] 
[INFO] --- maven-compiler-plugin:2.3.2:compile (default-compile) @ yamcs-core ---
[INFO] Nothing to compile - all classes are up to date
[INFO] 
[INFO] --- maven-resources-plugin:2.6:testResources (default-testResources) @ yamcs-core ---
[INFO] Using 'UTF-8' encoding to copy filtered resources.
[INFO] Copying 37 resources
[INFO] Copying 21 resources
[INFO] 
[INFO] --- maven-compiler-plugin:2.3.2:testCompile (default-testCompile) @ yamcs-core ---
[INFO] Nothing to compile - all classes are up to date
[INFO] 
[INFO] --- maven-surefire-plugin:2.19.1:test (default-test) @ yamcs-core ---
[INFO] Tests are skipped.
[INFO] 
[INFO] --- maven-jar-plugin:2.4:jar (default-jar) @ yamcs-core ---
[INFO] 
[INFO] --- maven-dependency-plugin:2.8:copy-dependencies (copy-dependencies) @ yamcs-core ---
[INFO] Copying yamcs-xtce-0.29.2.jar to /home/travis/build/passed/yamcs/yamcs/yamcs-core/lib/yamcs-xtce-0.29.2.jar
[INFO] netty-all-4.0.13.Final.jar already exists in destination.
[INFO] rocksdbjni-3.13.1.jar already exists in destination.
[INFO] yamcs-api-0.29.2.jar already exists in destination.
[INFO] jackson-core-2.4.4.jar already exists in destination.
[INFO] snakeyaml-1.9.jar already exists in destination.
[INFO] protobuf-java-2.5.0.jar already exists in destination.
[INFO] log4j-1.2.14.jar already exists in destination.
[INFO] jgroups-3.3.4.Final.jar already exists in destination.
[INFO] hornetq-server-2.4.6.Final.jar already exists in destination.
[INFO] protostuff-api-1.3.3.jar already exists in destination.
[INFO] slf4j-jdk14-1.7.1.jar already exists in destination.
[INFO] jxl-2.6.10.jar already exists in destination.
[INFO] hornetq-native-2.4.6.Final.jar already exists in destination.
[INFO] hornetq-core-client-2.4.6.Final.jar already exists in destination.
[INFO] guava-18.0.jar already exists in destination.
[INFO] jdatepicker-1.3.2.jar already exists in destination.
[INFO] janino-2.5.15.jar already exists in destination.
[INFO] javacsv-2.0.jar already exists in destination.
[INFO] jboss-logging-3.1.0.GA.jar already exists in destination.
[INFO] hornetq-commons-2.4.6.Final.jar already exists in destination.
[INFO] hornetq-journal-2.4.6.Final.jar already exists in destination.
[INFO] protostuff-json-1.3.3.jar already exists in destination.
[INFO] slf4j-api-1.7.1.jar already exists in destination.
[INFO] 
[INFO] --- maven-install-plugin:2.4:install (default-install) @ yamcs-core ---
[INFO] Installing /home/travis/build/passed/yamcs/yamcs/yamcs-core/target/yamcs-core-0.29.2.jar to /home/travis/.m2/repository/org/yamcs/yamcs-core/0.29.2/yamcs-core-0.29.2.jar
[INFO] Installing /home/travis/build/passed/yamcs/yamcs/yamcs-core/pom.xml to /home/travis/.m2/repository/org/yamcs/yamcs-core/0.29.2/yamcs-core-0.29.2.pom
[INFO]                                                                         
[INFO] ------------------------------------------------------------------------
[INFO] Building Yamcs Simulation 0.29.2
[INFO] ------------------------------------------------------------------------
[INFO] 
[INFO] --- maven-resources-plugin:2.6:resources (default-resources) @ yamcs-simulation ---
[INFO] Using 'UTF-8' encoding to copy filtered resources.
[INFO] Copying 2 resources
[INFO] 
[INFO] --- maven-compiler-plugin:2.3.2:compile (default-compile) @ yamcs-simulation ---
[INFO] Nothing to compile - all classes are up to date
[INFO] 
[INFO] --- maven-resources-plugin:2.6:testResources (default-testResources) @ yamcs-simulation ---
[INFO] Using 'UTF-8' encoding to copy filtered resources.
[INFO] Copying 5 resources
[INFO] 
[INFO] --- maven-compiler-plugin:2.3.2:testCompile (default-testCompile) @ yamcs-simulation ---
[INFO] Nothing to compile - all classes are up to date
[INFO] 
[INFO] --- maven-surefire-plugin:2.19.1:test (default-test) @ yamcs-simulation ---
[INFO] Tests are skipped.
[INFO] 
[INFO] --- maven-jar-plugin:2.4:jar (default-jar) @ yamcs-simulation ---
[INFO] 
[INFO] --- maven-install-plugin:2.4:install (default-install) @ yamcs-simulation ---
[INFO] Installing /home/travis/build/passed/yamcs/yamcs/yamcs-simulation/target/yamcs-simulation-0.29.2.jar to /home/travis/.m2/repository/org/yamcs/yamcs-simulation/0.29.2/yamcs-simulation-0.29.2.jar
[INFO] Installing /home/travis/build/passed/yamcs/yamcs/yamcs-simulation/pom.xml to /home/travis/.m2/repository/org/yamcs/yamcs-simulation/0.29.2/yamcs-simulation-0.29.2.pom
[INFO] ------------------------------------------------------------------------
[INFO] Reactor Summary:
[INFO] 
[INFO] Yamcs .............................................. SUCCESS [  0.421 s]
[INFO] Yamcs API .......................................... SUCCESS [ 21.592 s]
[INFO] Yamcs XTCE ......................................... SUCCESS [  6.664 s]
[INFO] Yamcs Core ......................................... SUCCESS [ 36.832 s]
[INFO] Yamcs Simulation ................................... SUCCESS [  0.299 s]
[INFO] ------------------------------------------------------------------------
[INFO] BUILD SUCCESS
[INFO] ------------------------------------------------------------------------
[INFO] Total time: 01:06 min
[INFO] Finished at: 2022-01-09T10:57:20+00:00
[INFO] Final Memory: 15M/308M
[INFO] ------------------------------------------------------------------------

travis_time:end:078d3710:start=1641725772876176596,finish=1641725845150717698,duration=72274541102[0Ktravis_fold:end:install[0Ktravis_time:start:0b8770ed[0K$ mvn -Dhttps.protocols=TLSv1.2 -Dsurefire.useFile=false test && mvn -Dtest=PermissionsTest -pl yamcs-core test
Java HotSpot(TM) 64-Bit Server VM warning: ignoring option MaxPermSize=192m; support was removed in 8.0
[INFO] Scanning for projects...
[INFO] ------------------------------------------------------------------------
[INFO] Reactor Build Order:
[INFO] 
[INFO] Yamcs
[INFO] Yamcs API
[INFO] Yamcs XTCE
[INFO] Yamcs Core
[INFO] Yamcs Simulation
[INFO]                                                                         
[INFO] ------------------------------------------------------------------------
[INFO] Building Yamcs 0.29.2
[INFO] ------------------------------------------------------------------------
[INFO]                                                                         
[INFO] ------------------------------------------------------------------------
[INFO] Building Yamcs API 0.29.2
[INFO] ------------------------------------------------------------------------
[INFO] 
[INFO] --- maven-resources-plugin:2.6:resources (default-resources) @ yamcs-api ---
[INFO] Using 'UTF-8' encoding to copy filtered resources.
[INFO] Copying 1 resource
[INFO] 
[INFO] --- maven-compiler-plugin:2.3.2:compile (default-compile) @ yamcs-api ---
[INFO] Nothing to compile - all classes are up to date
[INFO] 
[INFO] --- maven-resources-plugin:2.6:testResources (default-testResources) @ yamcs-api ---
[INFO] Using 'UTF-8' encoding to copy filtered resources.
[INFO] skip non existing resourceDirectory /home/travis/build/passed/yamcs/yamcs/yamcs-api/src/test/resources
[INFO] 
[INFO] --- maven-compiler-plugin:2.3.2:testCompile (default-testCompile) @ yamcs-api ---
[INFO] Nothing to compile - all classes are up to date
[INFO] 
[INFO] --- maven-surefire-plugin:2.19.1:test (default-test) @ yamcs-api ---

-------------------------------------------------------
 T E S T S
-------------------------------------------------------
Running org.yamcs.api.AbstractEventProducerTest
Tests run: 5, Failures: 0, Errors: 0, Skipped: 0, Time elapsed: 0.174 sec - in org.yamcs.api.AbstractEventProducerTest
Running org.yamcs.utils.TaiUtcConverterTest
Tests run: 2, Failures: 0, Errors: 0, Skipped: 0, Time elapsed: 0 sec - in org.yamcs.utils.TaiUtcConverterTest
Running org.yamcs.utils.TimeEncodingTest
sdf,format:2010-12-31T23:59:59.000
d=Fri Dec 31 23:59:59 UTC 2010
cal=Fri Dec 31 23:59:59 UTC 2010
hod=23
s=2010-12-31T23:59:59.000
Tests run: 15, Failures: 0, Errors: 0, Skipped: 0, Time elapsed: 0.024 sec - in org.yamcs.utils.TimeEncodingTest

Results :

Tests run: 22, Failures: 0, Errors: 0, Skipped: 0

[INFO]                                                                         
[INFO] ------------------------------------------------------------------------
[INFO] Building Yamcs XTCE 0.29.2
[INFO] ------------------------------------------------------------------------
[INFO] 
[INFO] --- maven-resources-plugin:2.6:resources (default-resources) @ yamcs-xtce ---
[INFO] Using 'UTF-8' encoding to copy filtered resources.
[INFO] Copying 1 resource
[INFO] 
[INFO] --- maven-compiler-plugin:2.3.2:compile (default-compile) @ yamcs-xtce ---
[INFO] Nothing to compile - all classes are up to date
[INFO] 
[INFO] --- maven-resources-plugin:2.6:testResources (default-testResources) @ yamcs-xtce ---
[INFO] Using 'UTF-8' encoding to copy filtered resources.
[INFO] skip non existing resourceDirectory /home/travis/build/passed/yamcs/yamcs/yamcs-xtce/src/test/resources
[INFO] 
[INFO] --- maven-compiler-plugin:2.3.2:testCompile (default-testCompile) @ yamcs-xtce ---
[INFO] Nothing to compile - all classes are up to date
[INFO] 
[INFO] --- maven-surefire-plugin:2.19.1:test (default-test) @ yamcs-xtce ---

-------------------------------------------------------
 T E S T S
-------------------------------------------------------
Running org.yamcs.xtce.HistoryTest
Tests run: 2, Failures: 0, Errors: 0, Skipped: 0, Time elapsed: 0.046 sec - in org.yamcs.xtce.HistoryTest

Results :

Tests run: 2, Failures: 0, Errors: 0, Skipped: 0

[INFO]                                                                         
[INFO] ------------------------------------------------------------------------
[INFO] Building Yamcs Core 0.29.2
[INFO] ------------------------------------------------------------------------
[INFO] 
[INFO] --- build-helper-maven-plugin:1.9.1:add-source (add-source) @ yamcs-core ---
[INFO] Source directory: /home/travis/build/passed/yamcs/yamcs/yamcs-core/target/generated-sources/version added.
[INFO] 
[INFO] --- maven-antrun-plugin:1.3:run (generate-version) @ yamcs-core ---
[INFO] Executing tasks
[INFO] Executed tasks
[INFO] 
[INFO] --- maven-resources-plugin:2.6:resources (default-resources) @ yamcs-core ---
[INFO] Using 'UTF-8' encoding to copy filtered resources.
[INFO] Copying 31 resources
[INFO] 
[INFO] --- maven-compiler-plugin:2.3.2:compile (default-compile) @ yamcs-core ---
[INFO] Nothing to compile - all classes are up to date
[INFO] 
[INFO] --- maven-resources-plugin:2.6:testResources (default-testResources) @ yamcs-core ---
[INFO] Using 'UTF-8' encoding to copy filtered resources.
[INFO] Copying 37 resources
[INFO] Copying 21 resources
[INFO] 
[INFO] --- maven-compiler-plugin:2.3.2:testCompile (default-testCompile) @ yamcs-core ---
[INFO] Nothing to compile - all classes are up to date
[INFO] 
[INFO] --- maven-surefire-plugin:2.19.1:test (default-test) @ yamcs-core ---

-------------------------------------------------------
 T E S T S
-------------------------------------------------------
Running org.yamcs.AlarmTest
Tests run: 5, Failures: 0, Errors: 0, Skipped: 0, Time elapsed: 1.23 sec - in org.yamcs.AlarmTest
Running org.yamcs.ContainerRequestManagerTest
Tests run: 1, Failures: 0, Errors: 0, Skipped: 0, Time elapsed: 0.6 sec - in org.yamcs.ContainerRequestManagerTest
Running org.yamcs.IntegrationTest
Jan 09 10:57:43.943 [30] org.yamcs.web.rest.Router dispatch WARNING:Sending nominal exception back to client: Invalid parameters: [name: "/REFMDB/SUBSYS1/InvalidParaName"
]
Jan 09 10:57:43.953 [30] org.yamcs.web.HttpHandler sendError WARNING:GET /api/processors/IntegrationTest/realtime/parameters/mget 400
Jan 09 10:57:47.070 [1] org.yamcs.IntegrationTest testRestParameterGet SEVERE:GET  BACK                      { }

Jan 09 10:57:48.168 [35] org.yamcs.web.rest.Router dispatch WARNING:Sending nominal exception back to client: Cannot find a local(software) parameter for 'name: "/REFMDB/SUBSYS1/IntegerPara1_1_6"
'
Jan 09 10:57:48.169 [35] org.yamcs.web.HttpHandler sendError WARNING:POST /api/processors/IntegrationTest/realtime/parameters/mset 400
Jan 09 10:57:48.226 [37] org.yamcs.web.rest.Router dispatch WARNING:Sending nominal exception back to client: Cannot assign integer from STRING
Jan 09 10:57:48.226 [37] org.yamcs.web.HttpHandler sendError WARNING:POST /api/processors/IntegrationTest/realtime/parameters/mset 400
Jan 09 10:57:53.429 [1] org.hornetq.core.server stop WARNING:HQ222113: On ManagementService stop, there are 2 unexpected registered MBeans: [core.acceptor.in-vm, core.acceptor.netty]
Tests run: 13, Failures: 0, Errors: 0, Skipped: 1, Time elapsed: 19.436 sec - in org.yamcs.IntegrationTest
Running org.yamcs.YamcsServerTest
Jan 09 10:57:54.940 [1] org.yamcs.security.Privilege <clinit> WARNING:Privileges disabled, all connections are allowed and have full permissions
Jan 09 10:57:54.947 [1] org.yamcs.security.HornetQAuthManager start WARNING:Privileges disabled, all connections are allowed and have full permissions
Jan 09 10:57:55.582 [1] org.yamcs.StreamConfig <init> WARNING:No streamConfig defined for instance instance1
Jan 09 10:57:55.760 [1] org.hornetq.core.server stop WARNING:HQ222113: On ManagementService stop, there are 1 unexpected registered MBeans: [core.acceptor.in-vm]
Tests run: 1, Failures: 0, Errors: 0, Skipped: 0, Time elapsed: 1.735 sec - in org.yamcs.YamcsServerTest
Running org.yamcs.alarms.AlarmServerTest
Tests run: 6, Failures: 0, Errors: 0, Skipped: 0, Time elapsed: 0.149 sec - in org.yamcs.alarms.AlarmServerTest
Running org.yamcs.algorithms.AlgorithmManagerPyTest
Tests run: 3, Failures: 0, Errors: 0, Skipped: 0, Time elapsed: 3.076 sec - in org.yamcs.algorithms.AlgorithmManagerPyTest
Running org.yamcs.algorithms.AlgorithmManagerTest
Tests run: 14, Failures: 0, Errors: 0, Skipped: 1, Time elapsed: 15.588 sec - in org.yamcs.algorithms.AlgorithmManagerTest
Running org.yamcs.algorithms.AlgorithmWithContextTest
Tests run: 1, Failures: 0, Errors: 0, Skipped: 0, Time elapsed: 2.552 sec - in org.yamcs.algorithms.AlgorithmWithContextTest
Running org.yamcs.algorithms.WindowBufferTest
Tests run: 1, Failures: 0, Errors: 0, Skipped: 0, Time elapsed: 0.072 sec - in org.yamcs.algorithms.WindowBufferTest
Running org.yamcs.api.EventProducerTest
Jan 09 10:58:21.374 [1] org.yamcs.security.Privilege <clinit> WARNING:Privileges disabled, all connections are allowed and have full permissions
Jan 09 10:58:21.383 [1] org.yamcs.security.HornetQAuthManager start WARNING:Privileges disabled, all connections are allowed and have full permissions
Jan 09 10:58:22.095 [1] org.hornetq.core.server stop WARNING:HQ222113: On ManagementService stop, there are 1 unexpected registered MBeans: [core.acceptor.in-vm]
Tests run: 1, Failures: 0, Errors: 0, Skipped: 0, Time elapsed: 1.484 sec - in org.yamcs.api.EventProducerTest
Running org.yamcs.archive.CcsdsTmIndexTest
Tests run: 3, Failures: 0, Errors: 0, Skipped: 1, Time elapsed: 1.427 sec - in org.yamcs.archive.CcsdsTmIndexTest
Running org.yamcs.archive.CmdHistoryRecordingTest
Jan 09 10:58:25.305 [1] org.yamcs.security.Privilege <clinit> WARNING:Privileges disabled, all connections are allowed and have full permissions
Jan 09 10:58:25.310 [1] org.yamcs.security.HornetQAuthManager start WARNING:Privileges disabled, all connections are allowed and have full permissions
Jan 09 10:58:26.501 [1] org.yamcs.cmdhistory.CommandHistoryRecorder[yarchtest_CmdHistoryRecordingTest] doStart SEVERE:The stream cmdhist_dump has not been found
Jan 09 10:58:30.048 [30] org.yamcs.api.Protocol onMessage WARNING:closing producer org.hornetq.core.client.impl.ClientProducerImpl@4b2f6554 because the consumer to the address tempDataAddress.0521f1ca-672a-493a-82f6-058b9d9984f1 has closed
Jan 09 10:58:30.092 [30] org.hornetq.core.client fail WARNING:HQ212037: Connection failure has been detected: HQ119015: The connection was disconnected because of server shutdown [code=DISCONNECTED]
Jan 09 10:58:30.094 [62] org.yamcs.hornetq.HornetQRetrievalServer run WARNING:null message received from the control queue
Jan 09 10:58:30.094 [62] org.yamcs.hornetq.HornetQRetrievalServer run WARNING:caught exception in packet reply: : HornetQObjectClosedException[errorType=OBJECT_CLOSED message=HQ119017: Consumer is closed]
	org.hornetq.core.client.impl.ClientConsumerImpl.checkClosed(ClientConsumerImpl.java:1044)
	org.hornetq.core.client.impl.ClientConsumerImpl.receive(ClientConsumerImpl.java:191)
	org.hornetq.core.client.impl.ClientConsumerImpl.receive(ClientConsumerImpl.java:408)
	org.yamcs.hornetq.HornetQRetrievalServer$HornetQReplayListener.run(HornetQRetrievalServer.java:198)
	java.lang.Thread.run(Thread.java:745)

Jan 09 10:58:30.094 [1] org.hornetq.core.server stop WARNING:HQ222113: On ManagementService stop, there are 1 unexpected registered MBeans: [core.acceptor.in-vm]
HornetQObjectClosedException[errorType=OBJECT_CLOSED message=HQ119017: Consumer is closed]
	at org.hornetq.core.client.impl.ClientConsumerImpl.checkClosed(ClientConsumerImpl.java:1044)
	at org.hornetq.core.client.impl.ClientConsumerImpl.receive(ClientConsumerImpl.java:191)
	at org.hornetq.core.client.impl.ClientConsumerImpl.receive(ClientConsumerImpl.java:408)
	at org.yamcs.hornetq.HornetQRetrievalServer$HornetQReplayListener.run(HornetQRetrievalServer.java:198)
	at java.lang.Thread.run(Thread.java:745)
Tests run: 1, Failures: 0, Errors: 0, Skipped: 0, Time elapsed: 5.323 sec - in org.yamcs.archive.CmdHistoryRecordingTest
Running org.yamcs.archive.EventRecordingTest
Jan 09 10:58:31.344 [1] org.yamcs.security.Privilege <clinit> WARNING:Privileges disabled, all connections are allowed and have full permissions
Jan 09 10:58:31.353 [1] org.yamcs.security.HornetQAuthManager start WARNING:Privileges disabled, all connections are allowed and have full permissions
Jan 09 10:58:45.664 [55] org.hornetq.core.client fail WARNING:HQ212037: Connection failure has been detected: HQ119015: The connection was disconnected because of server shutdown [code=DISCONNECTED]
Jan 09 10:58:45.664 [53] org.hornetq.core.client fail WARNING:HQ212037: Connection failure has been detected: HQ119015: The connection was disconnected because of server shutdown [code=DISCONNECTED]
Jan 09 10:58:45.664 [32] org.hornetq.core.client fail WARNING:HQ212037: Connection failure has been detected: HQ119015: The connection was disconnected because of server shutdown [code=DISCONNECTED]
Jan 09 10:58:45.664 [30] org.hornetq.core.client fail WARNING:HQ212037: Connection failure has been detected: HQ119015: The connection was disconnected because of server shutdown [code=DISCONNECTED]
Jan 09 10:58:45.667 [1] org.hornetq.core.server stop WARNING:HQ222113: On ManagementService stop, there are 1 unexpected registered MBeans: [core.acceptor.in-vm]
Jan 09 10:58:45.700 [3] org.hornetq.core.client finalize WARNING:HQ212008: I am closing a core ClientSessionFactory you left open. Please make sure you close all ClientSessionFactories explicitly before letting them go out of scope! 2,028,017,635: java.lang.Exception
	org.hornetq.core.client.impl.ClientSessionFactoryImpl.<init>(ClientSessionFactoryImpl.java:206)
	org.hornetq.core.client.impl.ServerLocatorImpl.createSessionFactory(ServerLocatorImpl.java:863)
	org.yamcs.api.YamcsSession.init(YamcsSession.java:85)
	org.yamcs.api.YamcsSession.access$200(YamcsSession.java:18)
	org.yamcs.api.YamcsSession$Builder.build(YamcsSession.java:170)
	org.yamcs.archive.EventRecordingTest.testRecording(EventRecordingTest.java:75)
	sun.reflect.NativeMethodAccessorImpl.invoke0(Native Method)
	sun.reflect.NativeMethodAccessorImpl.invoke(NativeMethodAccessorImpl.java:62)
	sun.reflect.DelegatingMethodAccessorImpl.invoke(DelegatingMethodAccessorImpl.java:43)
	java.lang.reflect.Method.invoke(Method.java:483)
	org.junit.runners.model.FrameworkMethod$1.runReflectiveCall(FrameworkMethod.java:44)
	org.junit.internal.runners.model.ReflectiveCallable.run(ReflectiveCallable.java:15)
	org.junit.runners.model.FrameworkMethod.invokeExplosively(FrameworkMethod.java:41)
	org.junit.internal.runners.statements.InvokeMethod.evaluate(InvokeMethod.java:20)
	org.junit.internal.runners.statements.RunBefores.evaluate(RunBefores.java:28)
	org.junit.runners.BlockJUnit4ClassRunner.runNotIgnored(BlockJUnit4ClassRunner.java:79)
	org.junit.runners.BlockJUnit4ClassRunner.runChild(BlockJUnit4ClassRunner.java:71)
	org.junit.runners.BlockJUnit4ClassRunner.runChild(BlockJUnit4ClassRunner.java:49)
	org.junit.runners.ParentRunner$3.run(ParentRunner.java:193)
	org.junit.runners.ParentRunner$1.schedule(ParentRunner.java:52)
	org.junit.runners.ParentRunner.runChildren(ParentRunner.java:191)
	org.junit.runners.ParentRunner.access$000(ParentRunner.java:42)
	org.junit.runners.ParentRunner$2.evaluate(ParentRunner.java:184)
	org.junit.internal.runners.statements.RunBefores.evaluate(RunBefores.java:28)
	org.junit.internal.runners.statements.RunAfters.evaluate(RunAfters.java:31)
	org.junit.runners.ParentRunner.run(ParentRunner.java:236)
	org.apache.maven.surefire.junit4.JUnit4Provider.execute(JUnit4Provider.java:367)
	org.apache.maven.surefire.junit4.JUnit4Provider.executeWithRerun(JUnit4Provider.java:274)
	org.apache.maven.surefire.junit4.JUnit4Provider.executeTestSet(JUnit4Provider.java:238)
	org.apache.maven.surefire.junit4.JUnit4Provider.invoke(JUnit4Provider.java:161)
	org.apache.maven.surefire.booter.ForkedBooter.invokeProviderInSameClassLoader(ForkedBooter.java:290)
	org.apache.maven.surefire.booter.ForkedBooter.runSuitesInProcess(ForkedBooter.java:242)
	org.apache.maven.surefire.booter.ForkedBooter.main(ForkedBooter.java:121)

Jan 09 10:58:45.702 [3] org.hornetq.core.client finalize WARNING:HQ212029: Closing a Server Locator left open. Please make sure you close all Server Locators explicitly before letting them go out of scope! 1,775,326,162: java.lang.Exception
	org.hornetq.core.client.impl.ServerLocatorImpl.<init>(ServerLocatorImpl.java:407)
	org.hornetq.core.client.impl.ServerLocatorImpl.<init>(ServerLocatorImpl.java:503)
	org.hornetq.api.core.client.HornetQClient.createServerLocatorWithoutHA(HornetQClient.java:120)
	org.yamcs.api.YamcsSession.init(YamcsSession.java:84)
	org.yamcs.api.YamcsSession.access$200(YamcsSession.java:18)
	org.yamcs.api.YamcsSession$Builder.build(YamcsSession.java:170)
	org.yamcs.archive.EventRecordingTest.testRecording(EventRecordingTest.java:75)
	sun.reflect.NativeMethodAccessorImpl.invoke0(Native Method)
	sun.reflect.NativeMethodAccessorImpl.invoke(NativeMethodAccessorImpl.java:62)
	sun.reflect.DelegatingMethodAccessorImpl.invoke(DelegatingMethodAccessorImpl.java:43)
	java.lang.reflect.Method.invoke(Method.java:483)
	org.junit.runners.model.FrameworkMethod$1.runReflectiveCall(FrameworkMethod.java:44)
	org.junit.internal.runners.model.ReflectiveCallable.run(ReflectiveCallable.java:15)
	org.junit.runners.model.FrameworkMethod.invokeExplosively(FrameworkMethod.java:41)
	org.junit.internal.runners.statements.InvokeMethod.evaluate(InvokeMethod.java:20)
	org.junit.internal.runners.statements.RunBefores.evaluate(RunBefores.java:28)
	org.junit.runners.BlockJUnit4ClassRunner.runNotIgnored(BlockJUnit4ClassRunner.java:79)
	org.junit.runners.BlockJUnit4ClassRunner.runChild(BlockJUnit4ClassRunner.java:71)
	org.junit.runners.BlockJUnit4ClassRunner.runChild(BlockJUnit4ClassRunner.java:49)
	org.junit.runners.ParentRunner$3.run(ParentRunner.java:193)
	org.junit.runners.ParentRunner$1.schedule(ParentRunner.java:52)
	org.junit.runners.ParentRunner.runChildren(ParentRunner.java:191)
	org.junit.runners.ParentRunner.access$000(ParentRunner.java:42)
	org.junit.runners.ParentRunner$2.evaluate(ParentRunner.java:184)
	org.junit.internal.runners.statements.RunBefores.evaluate(RunBefores.java:28)
	org.junit.internal.runners.statements.RunAfters.evaluate(RunAfters.java:31)
	org.junit.runners.ParentRunner.run(ParentRunner.java:236)
	org.apache.maven.surefire.junit4.JUnit4Provider.execute(JUnit4Provider.java:367)
	org.apache.maven.surefire.junit4.JUnit4Provider.executeWithRerun(JUnit4Provider.java:274)
	org.apache.maven.surefire.junit4.JUnit4Provider.executeTestSet(JUnit4Provider.java:238)
	org.apache.maven.surefire.junit4.JUnit4Provider.invoke(JUnit4Provider.java:161)
	org.apache.maven.surefire.booter.ForkedBooter.invokeProviderInSameClassLoader(ForkedBooter.java:290)
	org.apache.maven.surefire.booter.ForkedBooter.runSuitesInProcess(ForkedBooter.java:242)
	org.apache.maven.surefire.booter.ForkedBooter.main(ForkedBooter.java:121)

Tests run: 1, Failures: 1, Errors: 0, Skipped: 0, Time elapsed: 15.217 sec <<< FAILURE! - in org.yamcs.archive.EventRecordingTest
testRecording(org.yamcs.archive.EventRecordingTest)  Time elapsed: 14.044 sec  <<< FAILURE!
java.lang.AssertionError: expected:<100> but was:<9>
	at org.yamcs.archive.EventRecordingTest.testRecording(EventRecordingTest.java:130)

Running org.yamcs.archive.PpTupleTranslatorTest
Jan 09 10:58:47.293 [1] org.yamcs.security.Privilege <clinit> WARNING:Privileges disabled, all connections are allowed and have full permissions
Jan 09 10:58:47.301 [1] org.yamcs.security.HornetQAuthManager start WARNING:Privileges disabled, all connections are allowed and have full permissions
Jan 09 10:59:03.289 [57] org.hornetq.core.client fail WARNING:HQ212037: Connection failure has been detected: HQ119015: The connection was disconnected because of server shutdown [code=DISCONNECTED]
Jan 09 10:59:03.289 [49] org.hornetq.core.client fail WARNING:HQ212037: Connection failure has been detected: HQ119015: The connection was disconnected because of server shutdown [code=DISCONNECTED]
Jan 09 10:59:03.291 [1] org.hornetq.core.server stop WARNING:HQ222113: On ManagementService stop, there are 1 unexpected registered MBeans: [core.acceptor.in-vm]
Tests run: 1, Failures: 1, Errors: 0, Skipped: 0, Time elapsed: 16.58 sec <<< FAILURE! - in org.yamcs.archive.PpTupleTranslatorTest
testTranslation(org.yamcs.archive.PpTupleTranslatorTest)  Time elapsed: 15.701 sec  <<< FAILURE!
java.lang.AssertionError: expected:<100> but was:<1>
	at org.yamcs.archive.PpTupleTranslatorTest.testTranslation(PpTupleTranslatorTest.java:199)

Running org.yamcs.client.YamcsConnectDataTest
Tests run: 4, Failures: 0, Errors: 0, Skipped: 0, Time elapsed: 0.054 sec - in org.yamcs.client.YamcsConnectDataTest
Running org.yamcs.commanding.CommandingManagerTest
Tests run: 9, Failures: 0, Errors: 0, Skipped: 0, Time elapsed: 0.366 sec - in org.yamcs.commanding.CommandingManagerTest
Running org.yamcs.derivedvalues.DerivedValuesTest
Tests run: 3, Failures: 0, Errors: 0, Skipped: 1, Time elapsed: 2.35 sec - in org.yamcs.derivedvalues.DerivedValuesTest
Running org.yamcs.management.YProcessorsTest
Jan 09 10:59:08.842 [1] org.yamcs.security.Privilege <clinit> WARNING:Privileges disabled, all connections are allowed and have full permissions
Jan 09 10:59:08.848 [1] org.yamcs.security.HornetQAuthManager start WARNING:Privileges disabled, all connections are allowed and have full permissions
Jan 09 10:59:09.675 [30] org.yamcs.management.ManagementService createProcessor WARNING:createYProcessor called with invalid client id:10; ignored.
Jan 09 10:59:09.675 [30] org.yamcs.management.ManagementService createProcessor WARNING:createYProcessor called with invalid client id:14; ignored.
Jan 09 10:59:09.676 [30] org.yamcs.hornetq.HornetQProcessorManagement processControlMessage WARNING:Sending error reply createYProcessor invoked with a list full of invalid client ids
Jan 09 10:59:09.679 [1] org.yamcs.api.YamcsConnector disconnect WARNING:Disconnection requested
Jan 09 10:59:15.952 [1] org.yamcs.api.YamcsConnector disconnect WARNING:Disconnection requested
Jan 09 10:59:15.976 [1] org.hornetq.core.server stop WARNING:HQ222113: On ManagementService stop, there are 1 unexpected registered MBeans: [core.acceptor.in-vm]
Tests run: 3, Failures: 0, Errors: 0, Skipped: 0, Time elapsed: 8.049 sec - in org.yamcs.management.YProcessorsTest
Running org.yamcs.parameter.ParameterValueListTest
Tests run: 5, Failures: 0, Errors: 0, Skipped: 0, Time elapsed: 0.156 sec - in org.yamcs.parameter.ParameterValueListTest
Running org.yamcs.parameter.SoftwareParameterManagerTest
Tests run: 1, Failures: 0, Errors: 0, Skipped: 0, Time elapsed: 2.58 sec - in org.yamcs.parameter.SoftwareParameterManagerTest
Running org.yamcs.parameter.SubsriptionArrayTest
Tests run: 1, Failures: 0, Errors: 0, Skipped: 0, Time elapsed: 0.047 sec - in org.yamcs.parameter.SubsriptionArrayTest
Running org.yamcs.security.PasswordHashTest
1000:6f1f76d258b9b2f6ee71c189c4d187a3cc28befb3bb54fd7:13a500e924d9f82d99d15354bdf5ec1c6b60d0580cbcce80
1000:8fa9d21ce27a754d5a60683b358c9d398e8b2c9a9a3a5e2d:8c026b88164d040ae202bb0fb3ebd84ff78bb563c47c7f40
1000:cd95d2beb6d54db4632d0eae5fada5b3d3060cf9eefd674d:a796a2f0a15112d61be4cc55e8ea06c36b8b9465d14f16c7
1000:51846a0fad79d808845b1f0353588df4e140a8d789c967a0:45b35ccc80f62c55374ee11674659f0076b9ffe1cf3c2abf
1000:9260dd7974a01db0e606f14cb9f644f60abfff34c2694310:4c25c506ed65f2e083d3afd4c5c1bc8ca056b5ad935ad20d
1000:e2f5b5bd00ce482e651f9123119629739961a7e59d730f58:eaef69aa869c6be21fb8cf9c502b36fdff136025313a6711
1000:16bcd721a8d0145cb1bce1adcff5057f3013e30a64aae42a:32eb4994bbba1067c11743f090b68e37c87652ebab3139fa
1000:a49b4da57a108cc13b254d9dbf1fcaf59e68e94be2d5cbd2:30c9af6c2e5bcbdd76a4cee579d3276b62d9651fe142a17e
1000:e7820d03a4588c09ac47f65a216672c25210dd7ae56bf12c:eb3fcc1358dad8a352cba53899279675707918f38cb47b1f
1000:8260c5d6669f82b6b203d1c130e14c88670908bb604a0021:7e7da733f7daee1eccb04567da6b83ed896e114c27b5d24a
Running tests...
Tests run: 1, Failures: 0, Errors: 0, Skipped: 0, Time elapsed: 1.805 sec - in org.yamcs.security.PasswordHashTest
Running org.yamcs.tctm.TmFileReaderTest
Tests run: 2, Failures: 0, Errors: 0, Skipped: 0, Time elapsed: 0.161 sec - in org.yamcs.tctm.TmFileReaderTest
Running org.yamcs.ui.CcsdsCompletenessGuiTest
Tests run: 1, Failures: 0, Errors: 0, Skipped: 0, Time elapsed: 0.074 sec - in org.yamcs.ui.CcsdsCompletenessGuiTest
Running org.yamcs.ui.eventviewer.UtilsTest
Tests run: 3, Failures: 0, Errors: 0, Skipped: 0, Time elapsed: 0.058 sec - in org.yamcs.ui.eventviewer.UtilsTest
Running org.yamcs.utils.StringConvertorsTest
Tests run: 1, Failures: 0, Errors: 0, Skipped: 0, Time elapsed: 0.08 sec - in org.yamcs.utils.StringConvertorsTest
Running org.yamcs.utils.TimeEncodingTest
max = 185539080470435999
5881469-05-27T23:59:59.999
Tests run: 2, Failures: 0, Errors: 0, Skipped: 0, Time elapsed: 0.09 sec - in org.yamcs.utils.TimeEncodingTest
Running org.yamcs.web.rest.RestRequestTest
Tests run: 5, Failures: 0, Errors: 0, Skipped: 0, Time elapsed: 0.12 sec - in org.yamcs.web.rest.RestRequestTest
Running org.yamcs.web.rest.RouterTest
Tests run: 10, Failures: 0, Errors: 0, Skipped: 0, Time elapsed: 0.402 sec - in org.yamcs.web.rest.RouterTest
Running org.yamcs.web.rest.archive.RestDownsamplerTest
Tests run: 1, Failures: 0, Errors: 0, Skipped: 0, Time elapsed: 0.115 sec - in org.yamcs.web.rest.archive.RestDownsamplerTest
Running org.yamcs.web.rest.mdb.NameDescriptionSearchMatcherTest
/REFMDB/ccsds-apid
/REFMDB/ccsds-apid
/REFMDB/ccsds-apid
Tests run: 1, Failures: 0, Errors: 0, Skipped: 0, Time elapsed: 0.427 sec - in org.yamcs.web.rest.mdb.NameDescriptionSearchMatcherTest
Running org.yamcs.xtceproc.XtceCommandEncodingTest
command buffer: 0B0A1200
Tests run: 7, Failures: 0, Errors: 0, Skipped: 0, Time elapsed: 0.759 sec - in org.yamcs.xtceproc.XtceCommandEncodingTest
Running org.yamcs.xtceproc.XtceDbFactoryTest
Tests run: 3, Failures: 0, Errors: 0, Skipped: 0, Time elapsed: 0.581 sec - in org.yamcs.xtceproc.XtceDbFactoryTest
Running org.yamcs.xtceproc.XtceTmExtractorTest
Jan 09 10:59:32.887 [1] org.yamcs.xtceproc.ParameterTypeProcessor calibrateInteger WARNING:StringIntTermPara1_5_2: failed to parse string 'invalidint' to long
Jan 09 10:59:32.897 [1] org.yamcs.xtceproc.ParameterTypeProcessor calibrateEnumerated WARNING:StringIntTermPara20_1: failed to parse string 'invalidlong' to long
Jan 09 10:59:32.913 [1] org.yamcs.xtceproc.ParameterTypeProcessor calibrateFloat WARNING:StringFloatTSCPara1_4_2: failed to parse string 'invalidfloat' to double
Tests run: 21, Failures: 0, Errors: 0, Skipped: 0, Time elapsed: 0.51 sec - in org.yamcs.xtceproc.XtceTmExtractorTest
Running org.yamcs.yarch.ConcurrencyTest
Tests run: 1, Failures: 0, Errors: 0, Skipped: 0, Time elapsed: 17.204 sec - in org.yamcs.yarch.ConcurrencyTest
Running org.yamcs.yarch.DynamicSchemaTableTest
Tests run: 4, Failures: 0, Errors: 0, Skipped: 0, Time elapsed: 2.428 sec - in org.yamcs.yarch.DynamicSchemaTableTest
Running org.yamcs.yarch.EnumTest
Tests run: 1, Failures: 0, Errors: 0, Skipped: 0, Time elapsed: 1.598 sec - in org.yamcs.yarch.EnumTest
Running org.yamcs.yarch.HistogramDbTest
Tests run: 10, Failures: 0, Errors: 0, Skipped: 0, Time elapsed: 0.121 sec - in org.yamcs.yarch.HistogramDbTest
Running org.yamcs.yarch.HistogramStreamTest
Tests run: 4, Failures: 0, Errors: 0, Skipped: 0, Time elapsed: 2.895 sec - in org.yamcs.yarch.HistogramStreamTest
Running org.yamcs.yarch.StandaloneStreamTest
Tests run: 1, Failures: 0, Errors: 0, Skipped: 0, Time elapsed: 0.252 sec - in org.yamcs.yarch.StandaloneStreamTest
Running org.yamcs.yarch.StarSelectTest
Tests run: 1, Failures: 0, Errors: 0, Skipped: 0, Time elapsed: 0.54 sec - in org.yamcs.yarch.StarSelectTest
Running org.yamcs.yarch.StreamMergeTest
Tests run: 4, Failures: 0, Errors: 0, Skipped: 0, Time elapsed: 3.585 sec - in org.yamcs.yarch.StreamMergeTest
Running org.yamcs.yarch.StreamSelect1Test
Tests run: 2, Failures: 0, Errors: 0, Skipped: 0, Time elapsed: 0.6 sec - in org.yamcs.yarch.StreamSelect1Test
Running org.yamcs.yarch.StreamSelect2Test
Tests run: 8, Failures: 0, Errors: 0, Skipped: 0, Time elapsed: 4.916 sec - in org.yamcs.yarch.StreamSelect2Test
Running org.yamcs.yarch.StreamSelectPerfTest
Tests run: 1, Failures: 0, Errors: 0, Skipped: 0, Time elapsed: 2.036 sec - in org.yamcs.yarch.StreamSelectPerfTest
Running org.yamcs.yarch.StreamSelectTest
Tests run: 3, Failures: 0, Errors: 0, Skipped: 0, Time elapsed: 0.661 sec - in org.yamcs.yarch.StreamSelectTest
Running org.yamcs.yarch.StreamSqlParserTest
Tests run: 3, Failures: 0, Errors: 0, Skipped: 0, Time elapsed: 0.351 sec - in org.yamcs.yarch.StreamSqlParserTest
Running org.yamcs.yarch.TableDefinitionSerializationTest
Tests run: 4, Failures: 0, Errors: 0, Skipped: 0, Time elapsed: 0.773 sec - in org.yamcs.yarch.TableDefinitionSerializationTest
Running org.yamcs.yarch.hornet.ProducerKillerTest
log4j:WARN No appenders could be found for logger (org.jboss.logging).
log4j:WARN Please initialize the log4j system properly.
Jan 09 11:00:20.110 [1] org.yamcs.security.Privilege <clinit> WARNING:Privileges disabled, all connections are allowed and have full permissions
Jan 09 11:00:20.126 [1] org.yamcs.security.HornetQAuthManager start WARNING:Privileges disabled, all connections are allowed and have full permissions
Jan 09 11:01:22.469 [312] org.yamcs.api.Protocol onMessage WARNING:closing producer org.hornetq.core.client.impl.ClientProducerImpl@67a20f67 because the consumer to the address tempDataAddress.61cd70f7-f5c4-4c53-bf04-97ffde45f31a has closed
HornetQObjectClosedException[errorType=OBJECT_CLOSED message=HQ119018: Producer is closed]
	at org.hornetq.core.client.impl.ClientProducerImpl.checkClosed(ClientProducerImpl.java:346)
	at org.hornetq.core.client.impl.ClientProducerImpl.send(ClientProducerImpl.java:133)
	at org.yamcs.yarch.hornet.ProducerKillerTest$2.run(ProducerKillerTest.java:63)
	at java.lang.Thread.run(Thread.java:745)
Tests run: 1, Failures: 0, Errors: 0, Skipped: 0, Time elapsed: 63.102 sec - in org.yamcs.yarch.hornet.ProducerKillerTest
Running org.yamcs.yarch.hornet.StreamAdapterTest
Jan 09 11:01:23.693 [1] org.yamcs.security.Privilege <clinit> WARNING:Privileges disabled, all connections are allowed and have full permissions
Jan 09 11:01:23.698 [1] org.yamcs.security.HornetQAuthManager start WARNING:Privileges disabled, all connections are allowed and have full permissions
Jan 09 11:01:24.160 [1] org.hornetq.core.server stop WARNING:HQ222113: On ManagementService stop, there are 1 unexpected registered MBeans: [core.acceptor.in-vm]
Tests run: 2, Failures: 0, Errors: 0, Skipped: 0, Time elapsed: 1.056 sec - in org.yamcs.yarch.hornet.StreamAdapterTest
Running org.yamcs.yarch.rocksdb.HistogramDbTest
Tests run: 1, Failures: 0, Errors: 0, Skipped: 0, Time elapsed: 0.375 sec - in org.yamcs.yarch.rocksdb.HistogramDbTest
Running org.yamcs.yarch.rocksdb.PartitionManagerTest
Tests run: 3, Failures: 0, Errors: 0, Skipped: 0, Time elapsed: 0.721 sec - in org.yamcs.yarch.rocksdb.PartitionManagerTest
Running org.yamcs.yarch.rocksdb.PartitioningTest
Tests run: 3, Failures: 0, Errors: 0, Skipped: 0, Time elapsed: 0.877 sec - in org.yamcs.yarch.rocksdb.PartitioningTest
Running org.yamcs.yarch.rocksdb.RDBFactoryTest
Tests run: 1, Failures: 0, Errors: 0, Skipped: 0, Time elapsed: 3.315 sec - in org.yamcs.yarch.rocksdb.RDBFactoryTest
Running org.yamcs.yarch.rocksdb.RdbEngineTest
Tests run: 1, Failures: 0, Errors: 0, Skipped: 0, Time elapsed: 0.366 sec - in org.yamcs.yarch.rocksdb.RdbEngineTest
Running org.yamcs.yarch.rocksdb.RdbSelectTest
Tests run: 7, Failures: 0, Errors: 0, Skipped: 0, Time elapsed: 2.083 sec - in org.yamcs.yarch.rocksdb.RdbSelectTest
Running org.yamcs.yarch.rocksdb.TagsTest
Tests run: 1, Failures: 0, Errors: 0, Skipped: 0, Time elapsed: 0.654 sec - in org.yamcs.yarch.rocksdb.TagsTest

Results :

Failed tests: 
  EventRecordingTest.testRecording:130 expected:<100> but was:<9>
  PpTupleTranslatorTest.testTranslation:199 expected:<100> but was:<1>

Tests run: 203, Failures: 2, Errors: 0, Skipped: 4

[INFO] ------------------------------------------------------------------------
[INFO] Reactor Summary:
[INFO] 
[INFO] Yamcs .............................................. SUCCESS [  0.002 s]
[INFO] Yamcs API .......................................... SUCCESS [  2.291 s]
[INFO] Yamcs XTCE ......................................... SUCCESS [  0.716 s]
[INFO] Yamcs Core ......................................... FAILURE [04:07 min]
[INFO] Yamcs Simulation ................................... SKIPPED
[INFO] ------------------------------------------------------------------------
[INFO] BUILD FAILURE
[INFO] ------------------------------------------------------------------------
[INFO] Total time: 04:10 min
[INFO] Finished at: 2022-01-09T11:01:36+00:00
[INFO] Final Memory: 10M/491M
[INFO] ------------------------------------------------------------------------
[ERROR] Failed to execute goal org.apache.maven.plugins:maven-surefire-plugin:2.19.1:test (default-test) on project yamcs-core: There are test failures.
[ERROR] 
[ERROR] Please refer to /home/travis/build/passed/yamcs/yamcs/yamcs-core/target/surefire-reports for the individual test results.
[ERROR] -> [Help 1]
[ERROR] 
[ERROR] To see the full stack trace of the errors, re-run Maven with the -e switch.
[ERROR] Re-run Maven using the -X switch to enable full debug logging.
[ERROR] 
[ERROR] For more information about the errors and possible solutions, please read the following articles:
[ERROR] [Help 1] http://cwiki.apache.org/confluence/display/MAVEN/MojoFailureException
[ERROR] 
[ERROR] After correcting the problems, you can resume the build with the command
[ERROR]   mvn <goals> -rf :yamcs-core

travis_time:end:0b8770ed:start=1641725845161177362,finish=1641726097043721597,duration=251882544235[0K
[31;1mThe command "mvn -Dhttps.protocols=TLSv1.2 -Dsurefire.useFile=false test && mvn -Dtest=PermissionsTest -pl yamcs-core test" exited with 1.[0m
travis_fold:start:cache.2[0Kstore build cache
travis_time:start:24dfe453[0K
travis_time:end:24dfe453:start=1641726097053826098,finish=1641726097062425235,duration=8599137[0Ktravis_time:start:244dc640[0K/home/travis/.casher/bin/casher:190: warning: Insecure world writable dir /home/travis/build/passed/yamcs/yamcs/. in PATH, mode 040777
[32;1mchanges detected, packing new archive[0m
/home/travis/.casher/bin/casher:213:in `cache_archive_name': undefined method `[]' for nil:NilClass (NoMethodError)
	from /home/travis/.casher/bin/casher:143:in `push'
	from /home/travis/.casher/bin/casher:53:in `block in run'
	from /home/travis/.rvm/rubies/ruby-1.9.3-p551/lib/ruby/1.9.1/timeout.rb:69:in `timeout'
	from /home/travis/.casher/bin/casher:53:in `run'
	from /home/travis/.casher/bin/casher:263:in `<main>'
.
.
.
.

travis_time:end:244dc640:start=1641726097072631022,finish=1641726120886236773,duration=23813605751[0Ktravis_fold:end:cache.2[0K
Done. Your build exited with 1.
