travis_time:start:2f31841a[0Ktravis_time:end:2f31841a:start=1639274117196890805,finish=1639274117414388377,duration=217497572,event=no_world_writable_dirs[0Ktravis_time:start:0cb83128[0Ktravis_time:end:0cb83128:start=1639274117419787599,finish=1639274117423042314,duration=3254715,event=check_unsupported[0Ktravis_time:start:26e56cf0[0Ktravis_fold:start:system_info[0K[33;1mBuild system information[0m
Build language: java
Build group: stable
Build dist: xenial
Build id: ''
Job id: ''
Runtime kernel version: 4.15.0-109-generic
[34m[1mBuild image provisioning date and time[0m
Fri Aug  2 14:20:18 UTC 2019
[34m[1mOperating System Details[0m
Distributor ID:	Ubuntu
Description:	Ubuntu 16.04.6 LTS
Release:	16.04
Codename:	xenial
[34m[1mSystemd Version[0m
systemd 229
[34m[1mCookbooks Version[0m
790f512 https://github.com/travis-ci/travis-cookbooks/tree/790f512
[34m[1mgit version[0m
git version 2.22.0
[34m[1mbash version[0m
GNU bash, version 4.3.48(1)-release (x86_64-pc-linux-gnu)
[34m[1mgcc version[0m
gcc (Ubuntu 5.4.0-6ubuntu1~16.04.11) 5.4.0 20160609
[34m[1mdocker version[0m
Client:
 Version:           18.06.1-ce
 API version:       1.38
 Go version:        go1.10.3
 Git commit:        e68fc7a
 Built:             Tue Aug 21 17:20:43 2018
 OS/Arch:           linux/amd64
 Experimental:      false
[34m[1mclang version[0m
clang version 7.0.0 (tags/RELEASE_700/final)
[34m[1mjq version[0m
jq-1.5
[34m[1mbats version[0m
Bats 0.4.0
[34m[1mshellcheck version[0m
0.6.0
[34m[1mshfmt version[0m
v2.6.3
[34m[1mccache version[0m
3.2.4
[34m[1mcmake version[0m
cmake version 3.12.4
[34m[1mheroku version[0m
heroku/7.27.1 linux-x64 node-v11.14.0
[34m[1mimagemagick version[0m
Version: ImageMagick 6.8.9-9 Q16 x86_64 2019-06-15 http://www.imagemagick.org
[34m[1mmd5deep version[0m
4.4
[34m[1mmercurial version[0m
version 4.8
[34m[1mmysql version[0m
mysql  Ver 14.14 Distrib 5.7.27, for Linux (x86_64) using  EditLine wrapper
[34m[1mopenssl version[0m
OpenSSL 1.0.2g  1 Mar 2016
[34m[1mpacker version[0m
1.3.3
[34m[1mpostgresql client version[0m
psql (PostgreSQL) 10.9 (Ubuntu 10.9-1.pgdg16.04+1)
[34m[1mragel version[0m
Ragel State Machine Compiler version 6.8 Feb 2013
[34m[1msudo version[0m
1.8.16
[34m[1mgzip version[0m
gzip 1.6
[34m[1mzip version[0m
Zip 3.0
[34m[1mvim version[0m
VIM - Vi IMproved 7.4 (2013 Aug 10, compiled Jun 07 2019 15:35:43)
[34m[1miptables version[0m
iptables v1.6.0
[34m[1mcurl version[0m
curl 7.47.0 (x86_64-pc-linux-gnu) libcurl/7.47.0 GnuTLS/3.4.10 zlib/1.2.8 libidn/1.32 librtmp/2.3
[34m[1mwget version[0m
GNU Wget 1.17.1 built on linux-gnu.
[34m[1mrsync version[0m
rsync  version 3.1.1  protocol version 31
[34m[1mgimme version[0m
v1.5.3
[34m[1mnvm version[0m
0.34.0
[34m[1mperlbrew version[0m
/home/travis/perl5/perlbrew/bin/perlbrew  - App::perlbrew/0.86
[34m[1mphpenv version[0m
rbenv 1.1.2-2-g4e92322
[34m[1mrvm version[0m
rvm 1.29.9 (latest) by Michal Papis, Piotr Kuczynski, Wayne E. Seguin [https://rvm.io]
[34m[1mdefault ruby version[0m
ruby 2.5.3p105 (2018-10-18 revision 65156) [x86_64-linux]
[34m[1mCouchDB version[0m
couchdb 1.6.1
[34m[1mElasticSearch version[0m
5.5.0
[34m[1mInstalled Firefox version[0m
firefox 63.0.1
[34m[1mMongoDB version[0m
MongoDB 4.0.11
[34m[1mPhantomJS version[0m
2.1.1
[34m[1mPre-installed PostgreSQL versions[0m
9.4.23
9.5.18
9.6.14
[34m[1mRedis version[0m
redis-server 5.0.5
[34m[1mPre-installed Go versions[0m
1.11.1
[34m[1mant version[0m
Apache Ant(TM) version 1.9.6 compiled on July 20 2018
[34m[1mmvn version[0m
Apache Maven 3.6.0 (97c98ec64a1fdfee7767ce5ffb20918da4f719f3; 2018-10-24T18:41:47Z)
[34m[1mgradle version[0m
Gradle 5.1.1!
[34m[1mlein version[0m
Leiningen 2.9.1 on Java 11.0.2 OpenJDK 64-Bit Server VM
[34m[1mPre-installed Node.js versions[0m
v10.16.1
v11.0.0
v4.9.1
v6.17.1
v8.12.0
v8.16.0
v8.9
[34m[1mphpenv versions[0m
  system
  5.6
  5.6.40
  7.1
  7.1.27
  7.2
* 7.2.15 (set by /home/travis/.phpenv/version)
  hhvm
  hhvm-stable
[34m[1mcomposer --version[0m
Composer version 1.8.4 2019-02-11 10:52:10
[34m[1mPre-installed Ruby versions[0m
ruby-2.3.8
ruby-2.4.5
ruby-2.5.3
travis_fold:end:system_info[0K
travis_time:end:26e56cf0:start=1639274117428753514,finish=1639274117438334095,duration=9580581,event=show_system_info[0Ktravis_time:start:0646611c[0Ktravis_time:end:0646611c:start=1639274117443953212,finish=1639274117458841062,duration=14887850,event=rm_riak_source[0Ktravis_time:start:14d15178[0Ktravis_time:end:14d15178:start=1639274117464500249,finish=1639274117474744944,duration=10244695,event=fix_rwky_redis[0Ktravis_time:start:02ab6157[0K[31;1mTimeout waiting for network availability.[0m
travis_time:end:02ab6157:start=1639274117480122603,finish=1639274138101462146,duration=20621339543,event=wait_for_network[0Ktravis_time:start:14e54b24[0Ktravis_time:end:14e54b24:start=1639274138107853792,finish=1639274143215125980,duration=5107272188,event=update_apt_keys[0Ktravis_time:start:0d0e7bd8[0Ktravis_time:end:0d0e7bd8:start=1639274143221557407,finish=1639274143472111489,duration=250554082,event=fix_hhvm_source[0Ktravis_time:start:0ba833c1[0Ktravis_time:end:0ba833c1:start=1639274143478880506,finish=1639274143484691156,duration=5810650,event=update_mongo_arch[0Ktravis_time:start:060cc8b5[0Ktravis_time:end:060cc8b5:start=1639274143491274581,finish=1639274143560128432,duration=68853851,event=fix_sudo_enabled_trusty[0Ktravis_time:start:296e786a[0Ktravis_time:end:296e786a:start=1639274143567822061,finish=1639274143585056835,duration=17234774,event=clean_up_path[0Ktravis_time:start:1f9b3fc6[0Ktravis_time:end:1f9b3fc6:start=1639274143591049558,finish=1639274143607296088,duration=16246530,event=fix_resolv_conf[0Ktravis_time:start:03f890a0[0Ktravis_time:end:03f890a0:start=1639274143613802888,finish=1639274143633671038,duration=19868150,event=fix_etc_hosts[0Ktravis_time:start:05431e8a[0Ktravis_time:end:05431e8a:start=1639274143640735705,finish=1639274144067730780,duration=426995075,event=fix_mvn_settings_xml[0Ktravis_time:start:0506e690[0Ktravis_time:end:0506e690:start=1639274144074527571,finish=1639274144093302435,duration=18774864,event=no_ipv6_localhost[0Ktravis_time:start:028d58c6[0Ktravis_time:end:028d58c6:start=1639274144100256574,finish=1639274144105078959,duration=4822385,event=fix_etc_mavenrc[0Ktravis_time:start:1d3b655c[0Ktravis_time:end:1d3b655c:start=1639274144111691390,finish=1639274144118936132,duration=7244742,event=fix_wwdr_certificate[0Ktravis_time:start:0cd0611c[0Ktravis_time:end:0cd0611c:start=1639274144126325218,finish=1639274144210724023,duration=84398805,event=put_localhost_first[0Ktravis_time:start:062517c6[0Ktravis_time:end:062517c6:start=1639274144218902733,finish=1639274144224635385,duration=5732652,event=home_paths[0Ktravis_time:start:336e88b8[0Ktravis_time:end:336e88b8:start=1639274144232146662,finish=1639274145655886627,duration=1423739965,event=disable_initramfs[0Ktravis_time:start:199a3f5e[0Ktravis_time:end:199a3f5e:start=1639274145663171787,finish=1639274145814107979,duration=150936192,event=disable_ssh_roaming[0Ktravis_time:start:0031188c[0Ktravis_time:end:0031188c:start=1639274145822165935,finish=1639274145827856416,duration=5690481,event=debug_tools[0Ktravis_time:start:135bb9f0[0Ktravis_time:end:135bb9f0:start=1639274145835057003,finish=1639274145842901811,duration=7844808,event=uninstall_oclint[0Ktravis_time:start:000b2ae8[0Ktravis_time:end:000b2ae8:start=1639274145849697114,finish=1639274145855718105,duration=6020991,event=rvm_use[0Ktravis_time:start:1e18406b[0Ktravis_time:end:1e18406b:start=1639274145862652675,finish=1639274145878598454,duration=15945779,event=rm_etc_boto_cfg[0Ktravis_time:start:197b7cd0[0Ktravis_time:end:197b7cd0:start=1639274145886106233,finish=1639274145891959348,duration=5853115,event=rm_oraclejdk8_symlink[0Ktravis_time:start:0f2ac1ff[0Ktravis_time:end:0f2ac1ff:start=1639274145899765605,finish=1639274146820312435,duration=920546830,event=enable_i386[0Ktravis_time:start:07b8fbdd[0Ktravis_time:end:07b8fbdd:start=1639274146828287249,finish=1639274146835878407,duration=7591158,event=update_rubygems[0Ktravis_time:start:0a316875[0Ktravis_time:end:0a316875:start=1639274146843656226,finish=1639274148257750159,duration=1414093933,event=ensure_path_components[0Ktravis_time:start:064a54e5[0Ktravis_time:end:064a54e5:start=1639274148263997544,finish=1639274148267970940,duration=3973396,event=redefine_curl[0Ktravis_time:start:00966cc0[0Ktravis_time:end:00966cc0:start=1639274148273811017,finish=1639274148279897447,duration=6086430,event=nonblock_pipe[0Ktravis_time:start:08a4dad0[0Ktravis_time:end:08a4dad0:start=1639274148287303312,finish=1639274166958528768,duration=18671225456,event=apt_get_update[0Ktravis_time:start:0d86da5e[0Ktravis_time:end:0d86da5e:start=1639274166966361699,finish=1639274166971836823,duration=5475124,event=deprecate_xcode_64[0Ktravis_time:start:04dc0f43[0Ktravis_time:end:04dc0f43:start=1639274166979580630,finish=1639274178757032309,duration=11777451679,event=update_heroku[0Ktravis_time:start:00711174[0Ktravis_time:end:00711174:start=1639274178763655536,finish=1639274178768227821,duration=4572285,event=shell_session_update[0Ktravis_time:start:04650cea[0Ktravis_fold:start:docker_mtu[0Ktee: /etc/docker/daemon.json: No such file or directory
docker: unrecognized service
travis_fold:end:docker_mtu[0Ktravis_time:end:04650cea:start=1639274178774360727,finish=1639274178816540561,duration=42179834,event=set_docker_mtu[0Ktravis_time:start:0b669790[0Ktravis_time:end:0b669790:start=1639274178824971799,finish=1639274178843409681,duration=18437882,event=resolvconf[0Ktravis_time:start:27944ade[0Ktravis_time:end:27944ade:start=1639274178850429620,finish=1639274181164974099,duration=2314544479,event=maven_https[0K
travis_fold:start:install_jdk[0K[33;1mInstalling oraclejdk12[0m
$ export JAVA_HOME=~/oraclejdk12
$ export PATH="$JAVA_HOME/bin:$PATH"
$ ~/bin/install-jdk.sh --target "/home/travis/oraclejdk12" --workspace "/home/travis/.cache/install-jdk" --feature "12" --license "BCL"
Ignoring license option: BCL -- using GPLv2+CE by default
install-jdk.sh 2020-06-02
Variables:
  feature = 12
       os = linux-x64
      url = https://download.java.net/java/GA/jdk12.0.2/e482c34c86bd4bf8b56c0b35558996b9/10/GPL/openjdk-12.0.2_linux-x64_bin.tar.gz
   status = 200
Downloading JDK from https://download.java.net/java/GA/jdk12.0.2/e482c34c86bd4bf8b56c0b35558996b9/10/GPL/openjdk-12.0.2_linux-x64_bin.tar.gz...
Using custom target: /home/travis/oraclejdk12
Picked up _JAVA_OPTIONS: -Xmx2048m -Xms512m
openjdk version "12.0.2" 2019-07-16
OpenJDK Runtime Environment (build 12.0.2+10)
OpenJDK 64-Bit Server VM (build 12.0.2+10, mixed mode, sharing)
travis_fold:end:install_jdk[0Ktravis_time:start:0f702522[0Ktravis_time:end:0f702522:start=1639274192963791748,finish=1639274192968192115,duration=4400367,event=fix_ps4[0Ktravis_time:start:090ad3af[0K
$ cd failed/alibaba/canal

travis_time:end:090ad3af:start=1639274192974436507,finish=1639274192980188315,duration=5751808,event=checkout[0Ktravis_time:start:0cbb5645[0Ktravis_time:end:0cbb5645:start=1639274192987913148,finish=1639274193368761265,duration=380848117,event=env[0Ktravis_fold:start:cache.1[0KSetting up build cache
$ export CASHER_DIR=${TRAVIS_HOME}/.casher
travis_time:start:0af5abee[0K$ Installing caching utilities
curl: (6) Could not resolve host: https

[31;1mThe command "eval curl -sf  -o $CASHER_DIR/bin/casher https:///files/casher " failed. Retrying, 2 of 3.[0m

curl: (6) Could not resolve host: https

[31;1mThe command "eval curl -sf  -o $CASHER_DIR/bin/casher https:///files/casher " failed. Retrying, 3 of 3.[0m

curl: (6) Could not resolve host: https

[31;1mThe command "eval curl -sf  -o $CASHER_DIR/bin/casher https:///files/casher " failed 3 times.[0m

travis_time:end:0af5abee:start=1639274194549036793,finish=1639274206797029344,duration=12247992551,event=setup_casher[0Ktravis_time:start:2489dc00[0K$ Installing caching utilities from the Travis CI server (https:///files/casher) failed, failing over to using GitHub (https://raw.githubusercontent.com/travis-ci/casher/bash/bin/casher)
travis_time:end:2489dc00:start=1639274206805039773,finish=1639274206970008540,duration=164968767,event=setup_casher[0Ktravis_time:start:18ec501e[0Ktravis_time:end:18ec501e:start=1639274206980098386,finish=1639274206984857607,duration=4759221,event=setup_casher[0Ktravis_time:start:018b6a90[0Kattempting to download cache archive[0m
[31;1mcould not download cache[0m
travis_time:end:018b6a90:start=1639274206991267671,finish=1639274208581483068,duration=1590215397,event=setup_casher[0Ktravis_time:start:118ed7e5[0Ktravis_time:end:118ed7e5:start=1639274208589190397,finish=1639274208594194300,duration=5003903,event=setup_casher[0Ktravis_time:start:17078697[0Kadding /home/travis/.m2 to cache[0m
travis_time:end:17078697:start=1639274208601075011,finish=1639274255384322513,duration=46783247502,event=setup_casher[0Ktravis_fold:end:cache.1[0K
$ java -Xmx32m -version
Picked up _JAVA_OPTIONS: -Xmx2048m -Xms512m
openjdk version "12.0.2" 2019-07-16
OpenJDK Runtime Environment (build 12.0.2+10)
OpenJDK 64-Bit Server VM (build 12.0.2+10, mixed mode, sharing)
$ javac -J-Xmx32m -version
Picked up _JAVA_OPTIONS: -Xmx2048m -Xms512m
javac 12.0.2
travis_fold:start:install[0Ktravis_time:start:00175824[0K$ true
travis_time:end:00175824:start=1639274255643597285,finish=1639274255649447105,duration=5849820,event=install[0Ktravis_fold:end:install[0Ktravis_time:start:2fbb9868[0K$ travis_wait 30 ./mvnw clean install -DskipTests=false -Dcheckstyle.skip=true -Dmaven.javadoc.skip=true


Still running (1 of 30): ./mvnw clean install -DskipTests=false -Dcheckstyle.skip=true -Dmaven.javadoc.skip=true
[31;1mThe command ./mvnw clean install -DskipTests=false -Dcheckstyle.skip=true -Dmaven.javadoc.skip=true exited with 1.[0m

[32;1mLog:[0m

Picked up _JAVA_OPTIONS: -Xmx2048m -Xms512m
[[1;34mINFO[m] Scanning for projects...
WARNING: An illegal reflective access operation has occurred
WARNING: Illegal reflective access by org.codehaus.groovy.reflection.CachedClass (file:/home/travis/.m2/repository/org/codehaus/groovy/groovy-all/2.4.14/groovy-all-2.4.14.jar) to method java.lang.Object.finalize()
WARNING: Please consider reporting this to the maintainers of org.codehaus.groovy.reflection.CachedClass
WARNING: Use --illegal-access=warn to enable warnings of further illegal reflective access operations
WARNING: All illegal access operations will be denied in a future release
[[1;34mINFO[m] --- tiles-maven-plugin: Injecting 1 tiles as intermediary parent artifacts for com.alibaba.otter:canal-admin-server...
[[1;34mINFO[m] Mixed 'null:canal-admin-server:null' with tile 'io.ebean.tile:enhancement:11.41.1' as its new parent.
[[1;34mINFO[m] Explicitly set groupId to 'com.alibaba.otter' from original parent 'com.alibaba.otter:canal-admin:1.1.4-SNAPSHOT'.
[[1;34mINFO[m] Explicitly set version to '1.1.4-SNAPSHOT' from original parent 'com.alibaba.otter:canal-admin:1.1.4-SNAPSHOT'.
[[1;34mINFO[m] Mixed 'io.ebean.tile:enhancement:11.41.1' with original parent 'com.alibaba.otter:canal-admin:1.1.4-SNAPSHOT' as its new top level parent.
[[1;34mINFO[m] 
[[1;34mINFO[m] [1m------------------------------------------------------------------------[m
[[1;34mINFO[m] [1mReactor Build Order:[m
[[1;34mINFO[m] 
[[1;34mINFO[m] canal module for otter 1.1.4-SNAPSHOT
[[1;34mINFO[m] canal common module for otter 1.1.4-SNAPSHOT
[[1;34mINFO[m] canal protocol module for otter 1.1.4-SNAPSHOT
[[1;34mINFO[m] canal meta module for otter 1.1.4-SNAPSHOT
[[1;34mINFO[m] canal driver module for otter 1.1.4-SNAPSHOT
[[1;34mINFO[m] canal dbsync module for otter 1.1.4-SNAPSHOT
[[1;34mINFO[m] canal sink module for otter 1.1.4-SNAPSHOT
[[1;34mINFO[m] canal store module for otter 1.1.4-SNAPSHOT
[[1;34mINFO[m] canal sink module for otter 1.1.4-SNAPSHOT
[[1;34mINFO[m] canal parse module for otter 1.1.4-SNAPSHOT
[[1;34mINFO[m] canal instance core module for otter 1.1.4-SNAPSHOT
[[1;34mINFO[m] canal instance spring module for otter 1.1.4-SNAPSHOT
[[1;34mINFO[m] canal instance manager module for otter 1.1.4-SNAPSHOT
[[1;34mINFO[m] canal instance module for otter 1.1.4-SNAPSHOT
[[1;34mINFO[m] canal server module for otter 1.1.4-SNAPSHOT
[[1;34mINFO[m] canal client module for otter 1.1.4-SNAPSHOT
[[1;34mINFO[m] canal prometheus module for otter 1.1.4-SNAPSHOT
[[1;34mINFO[m] canal deployer module for otter 1.1.4-SNAPSHOT
[[1;34mINFO[m] canal example module for otter 1.1.4-SNAPSHOT
[[1;34mINFO[m] canal client adapter module for otter 1.1.4-SNAPSHOT
[[1;34mINFO[m] canal client adapter common module for otter 1.1.4-SNAPSHOT
[[1;34mINFO[m] canal client adapter logger example module for otter 1.1.4-SNAPSHOT
[[1;34mINFO[m] canal client adapter hbase module for otter 1.1.4-SNAPSHOT
[[1;34mINFO[m] canal client adapter elasticsearch module for otter 1.1.4-SNAPSHOT
[[1;34mINFO[m] canal client adapter rdb module for otter 1.1.4-SNAPSHOT
[[1;34mINFO[m] canal client adapter launcher module for otter 1.1.4-SNAPSHOT
[[1;34mINFO[m] canal-admin
[[1;34mINFO[m] canal-admin-ui
[[1;34mINFO[m] canal-admin-server
[[1;34mINFO[m] 
[[1;34mINFO[m] [1m------------------------------------------------------------------------[m
[[1;34mINFO[m] [1mBuilding canal module for otter 1.1.4-SNAPSHOT 1.1.4-SNAPSHOT[m
[[1;34mINFO[m] [1m------------------------------------------------------------------------[m
[[1;34mINFO[m] 
[[1;34mINFO[m] [1m--- [0;32mmaven-clean-plugin:2.5:clean[m [1m(default-clean)[m @ [36mcanal[0;1m ---[m
[[1;34mINFO[m] 
[[1;34mINFO[m] [1m--- [0;32mmaven-enforcer-plugin:1.0:enforce[m [1m(enforce-maven)[m @ [36mcanal[0;1m ---[m
[[1;34mINFO[m] 
[[1;34mINFO[m] [1m--- [0;32mjacoco-maven-plugin:0.8.3:prepare-agent[m [1m(jacoco-initialize)[m @ [36mcanal[0;1m ---[m
[[1;34mINFO[m] jacocoArgLine set to -javaagent:/home/travis/.m2/repository/org/jacoco/org.jacoco.agent/0.8.3/org.jacoco.agent-0.8.3-runtime.jar=destfile=/home/travis/build/failed/alibaba/canal/target/jacoco.exec
[[1;34mINFO[m] 
[[1;34mINFO[m] [1m>>> [0;32mmaven-source-plugin:2.4:jar[m [1m(attach-sources)[0;1m > [0;1mgenerate-sources[m @ [36mcanal[0;1m >>>[m
[[1;34mINFO[m] 
[[1;34mINFO[m] [1m--- [0;32mmaven-enforcer-plugin:1.0:enforce[m [1m(enforce-maven)[m @ [36mcanal[0;1m ---[m
[[1;34mINFO[m] 
[[1;34mINFO[m] [1m--- [0;32mjacoco-maven-plugin:0.8.3:prepare-agent[m [1m(jacoco-initialize)[m @ [36mcanal[0;1m ---[m
[[1;34mINFO[m] jacocoArgLine set to -javaagent:/home/travis/.m2/repository/org/jacoco/org.jacoco.agent/0.8.3/org.jacoco.agent-0.8.3-runtime.jar=destfile=/home/travis/build/failed/alibaba/canal/target/jacoco.exec
[[1;34mINFO[m] 
[[1;34mINFO[m] [1m<<< [0;32mmaven-source-plugin:2.4:jar[m [1m(attach-sources)[0;1m < [0;1mgenerate-sources[m @ [36mcanal[0;1m <<<[m
[[1;34mINFO[m] 
[[1;34mINFO[m] 
[[1;34mINFO[m] [1m--- [0;32mmaven-source-plugin:2.4:jar[m [1m(attach-sources)[m @ [36mcanal[0;1m ---[m
[[1;34mINFO[m] 
[[1;34mINFO[m] [1m--- [0;32mmaven-javadoc-plugin:2.9.1:jar[m [1m(attach-javadocs)[m @ [36mcanal[0;1m ---[m
[[1;34mINFO[m] Skipping javadoc generation
[[1;34mINFO[m] 
[[1;34mINFO[m] [1m--- [0;32mjacoco-maven-plugin:0.8.3:report-aggregate[m [1m(report-aggregate)[m @ [36mcanal[0;1m ---[m
[[1;34mINFO[m] 
[[1;34mINFO[m] [1m--- [0;32mmaven-install-plugin:2.4:install[m [1m(default-install)[m @ [36mcanal[0;1m ---[m
[[1;34mINFO[m] Installing /home/travis/build/failed/alibaba/canal/pom.xml to /home/travis/.m2/repository/com/alibaba/otter/canal/1.1.4-SNAPSHOT/canal-1.1.4-SNAPSHOT.pom
[[1;34mINFO[m] 
[[1;34mINFO[m] [1m------------------------------------------------------------------------[m
[[1;34mINFO[m] [1mBuilding canal common module for otter 1.1.4-SNAPSHOT 1.1.4-SNAPSHOT[m
[[1;34mINFO[m] [1m------------------------------------------------------------------------[m
[[1;34mINFO[m] 
[[1;34mINFO[m] [1m--- [0;32mmaven-clean-plugin:2.5:clean[m [1m(default-clean)[m @ [36mcanal.common[0;1m ---[m
[[1;34mINFO[m] 
[[1;34mINFO[m] [1m--- [0;32mmaven-enforcer-plugin:1.0:enforce[m [1m(enforce-maven)[m @ [36mcanal.common[0;1m ---[m
[[1;34mINFO[m] 
[[1;34mINFO[m] [1m--- [0;32mjacoco-maven-plugin:0.8.3:prepare-agent[m [1m(jacoco-initialize)[m @ [36mcanal.common[0;1m ---[m
[[1;34mINFO[m] jacocoArgLine set to -javaagent:/home/travis/.m2/repository/org/jacoco/org.jacoco.agent/0.8.3/org.jacoco.agent-0.8.3-runtime.jar=destfile=/home/travis/build/failed/alibaba/canal/common/target/jacoco.exec
[[1;34mINFO[m] 
[[1;34mINFO[m] [1m--- [0;32mmaven-resources-plugin:2.6:resources[m [1m(default-resources)[m @ [36mcanal.common[0;1m ---[m
[[1;34mINFO[m] Using 'UTF-8' encoding to copy filtered resources.
[[1;34mINFO[m] skip non existing resourceDirectory /home/travis/build/failed/alibaba/canal/common/src/main/resources
[[1;34mINFO[m] 
[[1;34mINFO[m] [1m--- [0;32mmaven-compiler-plugin:3.7.0:compile[m [1m(default-compile)[m @ [36mcanal.common[0;1m ---[m
[[1;34mINFO[m] Changes detected - recompiling the module!
[[1;34mINFO[m] Compiling 23 source files to /home/travis/build/failed/alibaba/canal/common/target/classes
[[1;34mINFO[m] /home/travis/build/failed/alibaba/canal/common/src/main/java/com/alibaba/otter/canal/common/utils/UriUtils.java: Some input files use unchecked or unsafe operations.
[[1;34mINFO[m] /home/travis/build/failed/alibaba/canal/common/src/main/java/com/alibaba/otter/canal/common/utils/UriUtils.java: Recompile with -Xlint:unchecked for details.
[[1;34mINFO[m] 
[[1;34mINFO[m] [1m--- [0;32mmaven-resources-plugin:2.6:testResources[m [1m(default-testResources)[m @ [36mcanal.common[0;1m ---[m
[[1;34mINFO[m] Using 'UTF-8' encoding to copy filtered resources.
[[1;34mINFO[m] skip non existing resourceDirectory /home/travis/build/failed/alibaba/canal/common/src/test/resources
[[1;34mINFO[m] 
[[1;34mINFO[m] [1m--- [0;32mmaven-compiler-plugin:3.7.0:testCompile[m [1m(default-testCompile)[m @ [36mcanal.common[0;1m ---[m
[[1;34mINFO[m] Changes detected - recompiling the module!
[[1;34mINFO[m] Compiling 2 source files to /home/travis/build/failed/alibaba/canal/common/target/test-classes
[[1;34mINFO[m] 
[[1;34mINFO[m] [1m--- [0;32mmaven-surefire-plugin:2.22.1:test[m [1m(default-test)[m @ [36mcanal.common[0;1m ---[m
[[1;34mINFO[m] 
[[1;34mINFO[m] -------------------------------------------------------
[[1;34mINFO[m]  T E S T S
[[1;34mINFO[m] -------------------------------------------------------
[[1;34mINFO[m] Running com.alibaba.otter.canal.common.[1mServerRunningTest[m
[[1;33mWARNING[m] [1;33mTests [0;1mrun: [0;1m1[m, Failures: 0, Errors: 0, [1;33mSkipped: [0;1;33m1[m, Time elapsed: 0.012 s - in com.alibaba.otter.canal.common.[1mServerRunningTest[m
[[1;34mINFO[m] 
[[1;34mINFO[m] Results:
[[1;34mINFO[m] 
[[1;33mWARNING[m] [1;33mTests run: 1, Failures: 0, Errors: 0, Skipped: 1[m
[[1;34mINFO[m] 
[[1;34mINFO[m] 
[[1;34mINFO[m] [1m--- [0;32mmaven-jar-plugin:3.0.2:jar[m [1m(default-jar)[m @ [36mcanal.common[0;1m ---[m
[[1;34mINFO[m] Building jar: /home/travis/build/failed/alibaba/canal/common/target/canal.common-1.1.4-SNAPSHOT.jar
[[1;34mINFO[m] 
[[1;34mINFO[m] [1m>>> [0;32mmaven-source-plugin:2.4:jar[m [1m(attach-sources)[0;1m > [0;1mgenerate-sources[m @ [36mcanal.common[0;1m >>>[m
[[1;34mINFO[m] 
[[1;34mINFO[m] [1m--- [0;32mmaven-enforcer-plugin:1.0:enforce[m [1m(enforce-maven)[m @ [36mcanal.common[0;1m ---[m
[[1;34mINFO[m] 
[[1;34mINFO[m] [1m--- [0;32mjacoco-maven-plugin:0.8.3:prepare-agent[m [1m(jacoco-initialize)[m @ [36mcanal.common[0;1m ---[m
[[1;34mINFO[m] jacocoArgLine set to -javaagent:/home/travis/.m2/repository/org/jacoco/org.jacoco.agent/0.8.3/org.jacoco.agent-0.8.3-runtime.jar=destfile=/home/travis/build/failed/alibaba/canal/common/target/jacoco.exec
[[1;34mINFO[m] 
[[1;34mINFO[m] [1m<<< [0;32mmaven-source-plugin:2.4:jar[m [1m(attach-sources)[0;1m < [0;1mgenerate-sources[m @ [36mcanal.common[0;1m <<<[m
[[1;34mINFO[m] 
[[1;34mINFO[m] 
[[1;34mINFO[m] [1m--- [0;32mmaven-source-plugin:2.4:jar[m [1m(attach-sources)[m @ [36mcanal.common[0;1m ---[m
[[1;34mINFO[m] Building jar: /home/travis/build/failed/alibaba/canal/common/target/canal.common-1.1.4-SNAPSHOT-sources.jar
[[1;34mINFO[m] 
[[1;34mINFO[m] [1m--- [0;32mmaven-javadoc-plugin:2.9.1:jar[m [1m(attach-javadocs)[m @ [36mcanal.common[0;1m ---[m
[[1;34mINFO[m] Skipping javadoc generation
[[1;34mINFO[m] 
[[1;34mINFO[m] [1m--- [0;32mjacoco-maven-plugin:0.8.3:report-aggregate[m [1m(report-aggregate)[m @ [36mcanal.common[0;1m ---[m
[[1;34mINFO[m] Loading execution data file /home/travis/build/failed/alibaba/canal/common/target/jacoco.exec
[[1;34mINFO[m] 
[[1;34mINFO[m] [1m--- [0;32mmaven-install-plugin:2.4:install[m [1m(default-install)[m @ [36mcanal.common[0;1m ---[m
[[1;34mINFO[m] Installing /home/travis/build/failed/alibaba/canal/common/target/canal.common-1.1.4-SNAPSHOT.jar to /home/travis/.m2/repository/com/alibaba/otter/canal.common/1.1.4-SNAPSHOT/canal.common-1.1.4-SNAPSHOT.jar
[[1;34mINFO[m] Installing /home/travis/build/failed/alibaba/canal/common/pom.xml to /home/travis/.m2/repository/com/alibaba/otter/canal.common/1.1.4-SNAPSHOT/canal.common-1.1.4-SNAPSHOT.pom
[[1;34mINFO[m] Installing /home/travis/build/failed/alibaba/canal/common/target/canal.common-1.1.4-SNAPSHOT-sources.jar to /home/travis/.m2/repository/com/alibaba/otter/canal.common/1.1.4-SNAPSHOT/canal.common-1.1.4-SNAPSHOT-sources.jar
[[1;34mINFO[m] 
[[1;34mINFO[m] [1m------------------------------------------------------------------------[m
[[1;34mINFO[m] [1mBuilding canal protocol module for otter 1.1.4-SNAPSHOT 1.1.4-SNAPSHOT[m
[[1;34mINFO[m] [1m------------------------------------------------------------------------[m
[[1;34mINFO[m] 
[[1;34mINFO[m] [1m--- [0;32mmaven-clean-plugin:2.5:clean[m [1m(default-clean)[m @ [36mcanal.protocol[0;1m ---[m
[[1;34mINFO[m] 
[[1;34mINFO[m] [1m--- [0;32mmaven-enforcer-plugin:1.0:enforce[m [1m(enforce-maven)[m @ [36mcanal.protocol[0;1m ---[m
[[1;34mINFO[m] 
[[1;34mINFO[m] [1m--- [0;32mjacoco-maven-plugin:0.8.3:prepare-agent[m [1m(jacoco-initialize)[m @ [36mcanal.protocol[0;1m ---[m
[[1;34mINFO[m] jacocoArgLine set to -javaagent:/home/travis/.m2/repository/org/jacoco/org.jacoco.agent/0.8.3/org.jacoco.agent-0.8.3-runtime.jar=destfile=/home/travis/build/failed/alibaba/canal/protocol/target/jacoco.exec
[[1;34mINFO[m] 
[[1;34mINFO[m] [1m--- [0;32mmaven-resources-plugin:2.6:resources[m [1m(default-resources)[m @ [36mcanal.protocol[0;1m ---[m
[[1;34mINFO[m] Using 'UTF-8' encoding to copy filtered resources.
[[1;34mINFO[m] skip non existing resourceDirectory /home/travis/build/failed/alibaba/canal/protocol/src/main/resources
[[1;34mINFO[m] 
[[1;34mINFO[m] [1m--- [0;32mmaven-compiler-plugin:3.7.0:compile[m [1m(default-compile)[m @ [36mcanal.protocol[0;1m ---[m
[[1;34mINFO[m] Changes detected - recompiling the module!
[[1;34mINFO[m] Compiling 15 source files to /home/travis/build/failed/alibaba/canal/protocol/target/classes
[[1;34mINFO[m] /home/travis/build/failed/alibaba/canal/protocol/src/main/java/com/alibaba/otter/canal/protocol/Message.java: /home/travis/build/failed/alibaba/canal/protocol/src/main/java/com/alibaba/otter/canal/protocol/Message.java uses unchecked or unsafe operations.
[[1;34mINFO[m] /home/travis/build/failed/alibaba/canal/protocol/src/main/java/com/alibaba/otter/canal/protocol/Message.java: Recompile with -Xlint:unchecked for details.
[[1;34mINFO[m] 
[[1;34mINFO[m] [1m--- [0;32mmaven-resources-plugin:2.6:testResources[m [1m(default-testResources)[m @ [36mcanal.protocol[0;1m ---[m
[[1;34mINFO[m] Using 'UTF-8' encoding to copy filtered resources.
[[1;34mINFO[m] skip non existing resourceDirectory /home/travis/build/failed/alibaba/canal/protocol/src/test/resources
[[1;34mINFO[m] 
[[1;34mINFO[m] [1m--- [0;32mmaven-compiler-plugin:3.7.0:testCompile[m [1m(default-testCompile)[m @ [36mcanal.protocol[0;1m ---[m
[[1;34mINFO[m] No sources to compile
[[1;34mINFO[m] 
[[1;34mINFO[m] [1m--- [0;32mmaven-surefire-plugin:2.22.1:test[m [1m(default-test)[m @ [36mcanal.protocol[0;1m ---[m
[[1;34mINFO[m] No tests to run.
[[1;34mINFO[m] 
[[1;34mINFO[m] [1m--- [0;32mmaven-jar-plugin:3.0.2:jar[m [1m(default-jar)[m @ [36mcanal.protocol[0;1m ---[m
[[1;34mINFO[m] Building jar: /home/travis/build/failed/alibaba/canal/protocol/target/canal.protocol-1.1.4-SNAPSHOT.jar
[[1;34mINFO[m] 
[[1;34mINFO[m] [1m>>> [0;32mmaven-source-plugin:2.4:jar[m [1m(attach-sources)[0;1m > [0;1mgenerate-sources[m @ [36mcanal.protocol[0;1m >>>[m
[[1;34mINFO[m] 
[[1;34mINFO[m] [1m--- [0;32mmaven-enforcer-plugin:1.0:enforce[m [1m(enforce-maven)[m @ [36mcanal.protocol[0;1m ---[m
[[1;34mINFO[m] 
[[1;34mINFO[m] [1m--- [0;32mjacoco-maven-plugin:0.8.3:prepare-agent[m [1m(jacoco-initialize)[m @ [36mcanal.protocol[0;1m ---[m
[[1;34mINFO[m] jacocoArgLine set to -javaagent:/home/travis/.m2/repository/org/jacoco/org.jacoco.agent/0.8.3/org.jacoco.agent-0.8.3-runtime.jar=destfile=/home/travis/build/failed/alibaba/canal/protocol/target/jacoco.exec
[[1;34mINFO[m] 
[[1;34mINFO[m] [1m<<< [0;32mmaven-source-plugin:2.4:jar[m [1m(attach-sources)[0;1m < [0;1mgenerate-sources[m @ [36mcanal.protocol[0;1m <<<[m
[[1;34mINFO[m] 
[[1;34mINFO[m] 
[[1;34mINFO[m] [1m--- [0;32mmaven-source-plugin:2.4:jar[m [1m(attach-sources)[m @ [36mcanal.protocol[0;1m ---[m
[[1;34mINFO[m] Building jar: /home/travis/build/failed/alibaba/canal/protocol/target/canal.protocol-1.1.4-SNAPSHOT-sources.jar
[[1;34mINFO[m] 
[[1;34mINFO[m] [1m--- [0;32mmaven-javadoc-plugin:2.9.1:jar[m [1m(attach-javadocs)[m @ [36mcanal.protocol[0;1m ---[m
[[1;34mINFO[m] Skipping javadoc generation
[[1;34mINFO[m] 
[[1;34mINFO[m] [1m--- [0;32mjacoco-maven-plugin:0.8.3:report-aggregate[m [1m(report-aggregate)[m @ [36mcanal.protocol[0;1m ---[m
[[1;34mINFO[m] Loading execution data file /home/travis/build/failed/alibaba/canal/common/target/jacoco.exec
[[1;34mINFO[m] Analyzed bundle 'canal.common' with 28 classes
[[1;34mINFO[m] 
[[1;34mINFO[m] [1m--- [0;32mmaven-install-plugin:2.4:install[m [1m(default-install)[m @ [36mcanal.protocol[0;1m ---[m
[[1;34mINFO[m] Installing /home/travis/build/failed/alibaba/canal/protocol/target/canal.protocol-1.1.4-SNAPSHOT.jar to /home/travis/.m2/repository/com/alibaba/otter/canal.protocol/1.1.4-SNAPSHOT/canal.protocol-1.1.4-SNAPSHOT.jar
[[1;34mINFO[m] Installing /home/travis/build/failed/alibaba/canal/protocol/pom.xml to /home/travis/.m2/repository/com/alibaba/otter/canal.protocol/1.1.4-SNAPSHOT/canal.protocol-1.1.4-SNAPSHOT.pom
[[1;34mINFO[m] Installing /home/travis/build/failed/alibaba/canal/protocol/target/canal.protocol-1.1.4-SNAPSHOT-sources.jar to /home/travis/.m2/repository/com/alibaba/otter/canal.protocol/1.1.4-SNAPSHOT/canal.protocol-1.1.4-SNAPSHOT-sources.jar
[[1;34mINFO[m] 
[[1;34mINFO[m] [1m------------------------------------------------------------------------[m
[[1;34mINFO[m] [1mBuilding canal meta module for otter 1.1.4-SNAPSHOT 1.1.4-SNAPSHOT[m
[[1;34mINFO[m] [1m------------------------------------------------------------------------[m
[[1;34mINFO[m] 
[[1;34mINFO[m] [1m--- [0;32mmaven-clean-plugin:2.5:clean[m [1m(default-clean)[m @ [36mcanal.meta[0;1m ---[m
[[1;34mINFO[m] 
[[1;34mINFO[m] [1m--- [0;32mmaven-enforcer-plugin:1.0:enforce[m [1m(enforce-maven)[m @ [36mcanal.meta[0;1m ---[m
[[1;34mINFO[m] 
[[1;34mINFO[m] [1m--- [0;32mjacoco-maven-plugin:0.8.3:prepare-agent[m [1m(jacoco-initialize)[m @ [36mcanal.meta[0;1m ---[m
[[1;34mINFO[m] jacocoArgLine set to -javaagent:/home/travis/.m2/repository/org/jacoco/org.jacoco.agent/0.8.3/org.jacoco.agent-0.8.3-runtime.jar=destfile=/home/travis/build/failed/alibaba/canal/meta/target/jacoco.exec
[[1;34mINFO[m] 
[[1;34mINFO[m] [1m--- [0;32mmaven-resources-plugin:2.6:resources[m [1m(default-resources)[m @ [36mcanal.meta[0;1m ---[m
[[1;34mINFO[m] Using 'UTF-8' encoding to copy filtered resources.
[[1;34mINFO[m] skip non existing resourceDirectory /home/travis/build/failed/alibaba/canal/meta/src/main/resources
[[1;34mINFO[m] 
[[1;34mINFO[m] [1m--- [0;32mmaven-compiler-plugin:3.7.0:compile[m [1m(default-compile)[m @ [36mcanal.meta[0;1m ---[m
[[1;34mINFO[m] Changes detected - recompiling the module!
[[1;34mINFO[m] Compiling 7 source files to /home/travis/build/failed/alibaba/canal/meta/target/classes
[[1;34mINFO[m] 
[[1;34mINFO[m] [1m--- [0;32mmaven-resources-plugin:2.6:testResources[m [1m(default-testResources)[m @ [36mcanal.meta[0;1m ---[m
[[1;34mINFO[m] Using 'UTF-8' encoding to copy filtered resources.
[[1;34mINFO[m] skip non existing resourceDirectory /home/travis/build/failed/alibaba/canal/meta/src/test/resources
[[1;34mINFO[m] 
[[1;34mINFO[m] [1m--- [0;32mmaven-compiler-plugin:3.7.0:testCompile[m [1m(default-testCompile)[m @ [36mcanal.meta[0;1m ---[m
[[1;34mINFO[m] Changes detected - recompiling the module!
[[1;34mINFO[m] Compiling 7 source files to /home/travis/build/failed/alibaba/canal/meta/target/test-classes
[[1;34mINFO[m] 
[[1;34mINFO[m] [1m--- [0;32mmaven-surefire-plugin:2.22.1:test[m [1m(default-test)[m @ [36mcanal.meta[0;1m ---[m
[[1;34mINFO[m] 
[[1;34mINFO[m] -------------------------------------------------------
[[1;34mINFO[m]  T E S T S
[[1;34mINFO[m] -------------------------------------------------------
[[1;34mINFO[m] Running com.alibaba.otter.canal.meta.[1mAbstractMetaManagerTest[m
[[1;33mWARNING[m] [1;33mTests [0;1mrun: [0;1m1[m, Failures: 0, Errors: 0, [1;33mSkipped: [0;1;33m1[m, Time elapsed: 0.033 s - in com.alibaba.otter.canal.meta.[1mAbstractMetaManagerTest[m
[[1;34mINFO[m] Running com.alibaba.otter.canal.meta.[1mMixedMetaManagerTest[m
[[1;33mWARNING[m] [1;33mTests [0;1mrun: [0;1m1[m, Failures: 0, Errors: 0, [1;33mSkipped: [0;1;33m1[m, Time elapsed: 0.001 s - in com.alibaba.otter.canal.meta.[1mMixedMetaManagerTest[m
[[1;34mINFO[m] Running com.alibaba.otter.canal.meta.[1mPeriodMixedMetaManagerTest[m
[[1;33mWARNING[m] [1;33mTests [0;1mrun: [0;1m1[m, Failures: 0, Errors: 0, [1;33mSkipped: [0;1;33m1[m, Time elapsed: 0 s - in com.alibaba.otter.canal.meta.[1mPeriodMixedMetaManagerTest[m
[[1;34mINFO[m] Running com.alibaba.otter.canal.meta.[1mZooKeeperMetaManagerTest[m
[[1;33mWARNING[m] [1;33mTests [0;1mrun: [0;1m1[m, Failures: 0, Errors: 0, [1;33mSkipped: [0;1;33m1[m, Time elapsed: 0.001 s - in com.alibaba.otter.canal.meta.[1mZooKeeperMetaManagerTest[m
[[1;34mINFO[m] Running com.alibaba.otter.canal.meta.[1mMemoryMetaManagerTest[m
[[1;33mWARNING[m] [1;33mTests [0;1mrun: [0;1m1[m, Failures: 0, Errors: 0, [1;33mSkipped: [0;1;33m1[m, Time elapsed: 0 s - in com.alibaba.otter.canal.meta.[1mMemoryMetaManagerTest[m
[[1;34mINFO[m] Running com.alibaba.otter.canal.meta.[1mFileMixedMetaManagerTest[m
[[1;33mWARNING[m] [1;33mTests [0;1mrun: [0;1m1[m, Failures: 0, Errors: 0, [1;33mSkipped: [0;1;33m1[m, Time elapsed: 0.001 s - in com.alibaba.otter.canal.meta.[1mFileMixedMetaManagerTest[m
[[1;34mINFO[m] 
[[1;34mINFO[m] Results:
[[1;34mINFO[m] 
[[1;33mWARNING[m] [1;33mTests run: 6, Failures: 0, Errors: 0, Skipped: 6[m
[[1;34mINFO[m] 
[[1;34mINFO[m] 
[[1;34mINFO[m] [1m--- [0;32mmaven-jar-plugin:3.0.2:jar[m [1m(default-jar)[m @ [36mcanal.meta[0;1m ---[m
[[1;34mINFO[m] Building jar: /home/travis/build/failed/alibaba/canal/meta/target/canal.meta-1.1.4-SNAPSHOT.jar
[[1;34mINFO[m] 
[[1;34mINFO[m] [1m>>> [0;32mmaven-source-plugin:2.4:jar[m [1m(attach-sources)[0;1m > [0;1mgenerate-sources[m @ [36mcanal.meta[0;1m >>>[m
[[1;34mINFO[m] 
[[1;34mINFO[m] [1m--- [0;32mmaven-enforcer-plugin:1.0:enforce[m [1m(enforce-maven)[m @ [36mcanal.meta[0;1m ---[m
[[1;34mINFO[m] 
[[1;34mINFO[m] [1m--- [0;32mjacoco-maven-plugin:0.8.3:prepare-agent[m [1m(jacoco-initialize)[m @ [36mcanal.meta[0;1m ---[m
[[1;34mINFO[m] jacocoArgLine set to -javaagent:/home/travis/.m2/repository/org/jacoco/org.jacoco.agent/0.8.3/org.jacoco.agent-0.8.3-runtime.jar=destfile=/home/travis/build/failed/alibaba/canal/meta/target/jacoco.exec
[[1;34mINFO[m] 
[[1;34mINFO[m] [1m<<< [0;32mmaven-source-plugin:2.4:jar[m [1m(attach-sources)[0;1m < [0;1mgenerate-sources[m @ [36mcanal.meta[0;1m <<<[m
[[1;34mINFO[m] 
[[1;34mINFO[m] 
[[1;34mINFO[m] [1m--- [0;32mmaven-source-plugin:2.4:jar[m [1m(attach-sources)[m @ [36mcanal.meta[0;1m ---[m
[[1;34mINFO[m] Building jar: /home/travis/build/failed/alibaba/canal/meta/target/canal.meta-1.1.4-SNAPSHOT-sources.jar
[[1;34mINFO[m] 
[[1;34mINFO[m] [1m--- [0;32mmaven-javadoc-plugin:2.9.1:jar[m [1m(attach-javadocs)[m @ [36mcanal.meta[0;1m ---[m
[[1;34mINFO[m] Skipping javadoc generation
[[1;34mINFO[m] 
[[1;34mINFO[m] [1m--- [0;32mjacoco-maven-plugin:0.8.3:report-aggregate[m [1m(report-aggregate)[m @ [36mcanal.meta[0;1m ---[m
[[1;34mINFO[m] Loading execution data file /home/travis/build/failed/alibaba/canal/meta/target/jacoco.exec
[[1;34mINFO[m] Loading execution data file /home/travis/build/failed/alibaba/canal/common/target/jacoco.exec
[[1;34mINFO[m] Analyzed bundle 'canal.common' with 28 classes
[[1;34mINFO[m] Analyzed bundle 'canal.protocol' with 131 classes
[[1;34mINFO[m] 
[[1;34mINFO[m] [1m--- [0;32mmaven-install-plugin:2.4:install[m [1m(default-install)[m @ [36mcanal.meta[0;1m ---[m
[[1;34mINFO[m] Installing /home/travis/build/failed/alibaba/canal/meta/target/canal.meta-1.1.4-SNAPSHOT.jar to /home/travis/.m2/repository/com/alibaba/otter/canal.meta/1.1.4-SNAPSHOT/canal.meta-1.1.4-SNAPSHOT.jar
[[1;34mINFO[m] Installing /home/travis/build/failed/alibaba/canal/meta/pom.xml to /home/travis/.m2/repository/com/alibaba/otter/canal.meta/1.1.4-SNAPSHOT/canal.meta-1.1.4-SNAPSHOT.pom
[[1;34mINFO[m] Installing /home/travis/build/failed/alibaba/canal/meta/target/canal.meta-1.1.4-SNAPSHOT-sources.jar to /home/travis/.m2/repository/com/alibaba/otter/canal.meta/1.1.4-SNAPSHOT/canal.meta-1.1.4-SNAPSHOT-sources.jar
[[1;34mINFO[m] 
[[1;34mINFO[m] [1m------------------------------------------------------------------------[m
[[1;34mINFO[m] [1mBuilding canal driver module for otter 1.1.4-SNAPSHOT 1.1.4-SNAPSHOT[m
[[1;34mINFO[m] [1m------------------------------------------------------------------------[m
[[1;34mINFO[m] 
[[1;34mINFO[m] [1m--- [0;32mmaven-clean-plugin:2.5:clean[m [1m(default-clean)[m @ [36mcanal.parse.driver[0;1m ---[m
[[1;34mINFO[m] 
[[1;34mINFO[m] [1m--- [0;32mmaven-enforcer-plugin:1.0:enforce[m [1m(enforce-maven)[m @ [36mcanal.parse.driver[0;1m ---[m
[[1;34mINFO[m] 
[[1;34mINFO[m] [1m--- [0;32mjacoco-maven-plugin:0.8.3:prepare-agent[m [1m(jacoco-initialize)[m @ [36mcanal.parse.driver[0;1m ---[m
[[1;34mINFO[m] jacocoArgLine set to -javaagent:/home/travis/.m2/repository/org/jacoco/org.jacoco.agent/0.8.3/org.jacoco.agent-0.8.3-runtime.jar=destfile=/home/travis/build/failed/alibaba/canal/driver/target/jacoco.exec
[[1;34mINFO[m] 
[[1;34mINFO[m] [1m--- [0;32mmaven-resources-plugin:2.6:resources[m [1m(default-resources)[m @ [36mcanal.parse.driver[0;1m ---[m
[[1;34mINFO[m] Using 'UTF-8' encoding to copy filtered resources.
[[1;34mINFO[m] skip non existing resourceDirectory /home/travis/build/failed/alibaba/canal/driver/src/main/resources
[[1;34mINFO[m] 
[[1;34mINFO[m] [1m--- [0;32mmaven-compiler-plugin:3.7.0:compile[m [1m(default-compile)[m @ [36mcanal.parse.driver[0;1m ---[m
[[1;34mINFO[m] Changes detected - recompiling the module!
[[1;34mINFO[m] Compiling 45 source files to /home/travis/build/failed/alibaba/canal/driver/target/classes
[[1;34mINFO[m] 
[[1;34mINFO[m] [1m--- [0;32mmaven-resources-plugin:2.6:testResources[m [1m(default-testResources)[m @ [36mcanal.parse.driver[0;1m ---[m
[[1;34mINFO[m] Using 'UTF-8' encoding to copy filtered resources.
[[1;34mINFO[m] skip non existing resourceDirectory /home/travis/build/failed/alibaba/canal/driver/src/test/resources
[[1;34mINFO[m] 
[[1;34mINFO[m] [1m--- [0;32mmaven-compiler-plugin:3.7.0:testCompile[m [1m(default-testCompile)[m @ [36mcanal.parse.driver[0;1m ---[m
[[1;34mINFO[m] Changes detected - recompiling the module!
[[1;34mINFO[m] Compiling 6 source files to /home/travis/build/failed/alibaba/canal/driver/target/test-classes
[[1;34mINFO[m] 
[[1;34mINFO[m] [1m--- [0;32mmaven-surefire-plugin:2.22.1:test[m [1m(default-test)[m @ [36mcanal.parse.driver[0;1m ---[m
[[1;34mINFO[m] 
[[1;34mINFO[m] -------------------------------------------------------
[[1;34mINFO[m]  T E S T S
[[1;34mINFO[m] -------------------------------------------------------
[[1;34mINFO[m] Running com.alibaba.otter.canal.parse.driver.mysql.[1mMysqlConnectorTest[m
01:58:06.616 [main] INFO  c.a.o.c.p.d.mysql.MysqlConnector - disConnect MysqlConnection to /127.0.0.1:3306...
01:58:06.624 [main] INFO  c.a.o.c.p.d.mysql.MysqlConnector - the channel /127.0.0.1:3306 is not connected
[[1;31mERROR[m] [1;31mTests [0;1mrun: [0;1m1[m, [1;31mFailures: [0;1;31m1[m, Errors: 0, Skipped: 0, Time elapsed: 0.328 s[1;31m <<< FAILURE![m - in com.alibaba.otter.canal.parse.driver.mysql.[1mMysqlConnectorTest[m
[[1;31mERROR[m] testQuery(com.alibaba.otter.canal.parse.driver.mysql.MysqlConnectorTest)  Time elapsed: 0.243 s  <<< FAILURE!
java.lang.AssertionError: connect /127.0.0.1:3306 failure
	at com.alibaba.otter.canal.parse.driver.mysql.MysqlConnectorTest.testQuery(MysqlConnectorTest.java:25)

[[1;34mINFO[m] Running com.alibaba.otter.canal.parse.driver.mysql.[1mUUIDSetTest[m
[[1;34mINFO[m] [1;32mTests run: [0;1;32m1[m, Failures: 0, Errors: 0, Skipped: 0, Time elapsed: 0 s - in com.alibaba.otter.canal.parse.driver.mysql.[1mUUIDSetTest[m
[[1;34mINFO[m] Running com.alibaba.otter.canal.parse.driver.mysql.[1mMysqlGTIDSetTest[m
[[1;34mINFO[m] [1;32mTests run: [0;1;32m2[m, Failures: 0, Errors: 0, Skipped: 0, Time elapsed: 0.005 s - in com.alibaba.otter.canal.parse.driver.mysql.[1mMysqlGTIDSetTest[m
[[1;34mINFO[m] Running com.alibaba.otter.canal.parse.driver.mysql.utils.[1mMySQLPasswordEncrypterTest[m
[[1;34mINFO[m] [1;32mTests run: [0;1;32m3[m, Failures: 0, Errors: 0, Skipped: 0, Time elapsed: 0.013 s - in com.alibaba.otter.canal.parse.driver.mysql.utils.[1mMySQLPasswordEncrypterTest[m
[[1;34mINFO[m] Running com.alibaba.otter.canal.parse.driver.mysql.utils.[1mByteHelperTest[m
[[1;34mINFO[m] [1;32mTests run: [0;1;32m20[m, Failures: 0, Errors: 0, Skipped: 0, Time elapsed: 0.074 s - in com.alibaba.otter.canal.parse.driver.mysql.utils.[1mByteHelperTest[m
[[1;34mINFO[m] Running com.alibaba.otter.canal.parse.driver.mysql.[1mCharsetUtilTest[m
[[1;34mINFO[m] [1;32mTests run: [0;1;32m6[m, Failures: 0, Errors: 0, Skipped: 0, Time elapsed: 0.007 s - in com.alibaba.otter.canal.parse.driver.mysql.[1mCharsetUtilTest[m
[[1;34mINFO[m] 
[[1;34mINFO[m] Results:
[[1;34mINFO[m] 
[[1;31mERROR[m] [1;31mFailures: [m
[[1;31mERROR[m] [1;31m  MysqlConnectorTest.testQuery:25 connect /127.0.0.1:3306 failure[m
[[1;34mINFO[m] 
[[1;31mERROR[m] [1;31mTests run: 33, Failures: 1, Errors: 0, Skipped: 0[m
[[1;34mINFO[m] 
[[1;34mINFO[m] [1m------------------------------------------------------------------------[m
[[1;34mINFO[m] [1mReactor Summary:[m
[[1;34mINFO[m] 
[[1;34mINFO[m] canal module for otter 1.1.4-SNAPSHOT .............. [1;32mSUCCESS[m [ 10.016 s]
[[1;34mINFO[m] canal common module for otter 1.1.4-SNAPSHOT ....... [1;32mSUCCESS[m [  3.497 s]
[[1;34mINFO[m] canal protocol module for otter 1.1.4-SNAPSHOT ..... [1;32mSUCCESS[m [  3.412 s]
[[1;34mINFO[m] canal meta module for otter 1.1.4-SNAPSHOT ......... [1;32mSUCCESS[m [  5.417 s]
[[1;34mINFO[m] canal driver module for otter 1.1.4-SNAPSHOT ....... [1;31mFAILURE[m [  3.654 s]
[[1;34mINFO[m] canal dbsync module for otter 1.1.4-SNAPSHOT ....... [1;33mSKIPPED[m
[[1;34mINFO[m] canal sink module for otter 1.1.4-SNAPSHOT ......... [1;33mSKIPPED[m
[[1;34mINFO[m] canal store module for otter 1.1.4-SNAPSHOT ........ [1;33mSKIPPED[m
[[1;34mINFO[m] canal sink module for otter 1.1.4-SNAPSHOT ......... [1;33mSKIPPED[m
[[1;34mINFO[m] canal parse module for otter 1.1.4-SNAPSHOT ........ [1;33mSKIPPED[m
[[1;34mINFO[m] canal instance core module for otter 1.1.4-SNAPSHOT  [1;33mSKIPPED[m
[[1;34mINFO[m] canal instance spring module for otter 1.1.4-SNAPSHOT [1;33mSKIPPED[m
[[1;34mINFO[m] canal instance manager module for otter 1.1.4-SNAPSHOT [1;33mSKIPPED[m
[[1;34mINFO[m] canal instance module for otter 1.1.4-SNAPSHOT ..... [1;33mSKIPPED[m
[[1;34mINFO[m] canal server module for otter 1.1.4-SNAPSHOT ....... [1;33mSKIPPED[m
[[1;34mINFO[m] canal client module for otter 1.1.4-SNAPSHOT ....... [1;33mSKIPPED[m
[[1;34mINFO[m] canal prometheus module for otter 1.1.4-SNAPSHOT ... [1;33mSKIPPED[m
[[1;34mINFO[m] canal deployer module for otter 1.1.4-SNAPSHOT ..... [1;33mSKIPPED[m
[[1;34mINFO[m] canal example module for otter 1.1.4-SNAPSHOT ...... [1;33mSKIPPED[m
[[1;34mINFO[m] canal client adapter module for otter 1.1.4-SNAPSHOT [1;33mSKIPPED[m
[[1;34mINFO[m] canal client adapter common module for otter 1.1.4-SNAPSHOT [1;33mSKIPPED[m
[[1;34mINFO[m] canal client adapter logger example module for otter 1.1.4-SNAPSHOT [1;33mSKIPPED[m
[[1;34mINFO[m] canal client adapter hbase module for otter 1.1.4-SNAPSHOT [1;33mSKIPPED[m
[[1;34mINFO[m] canal client adapter elasticsearch module for otter 1.1.4-SNAPSHOT [1;33mSKIPPED[m
[[1;34mINFO[m] canal client adapter rdb module for otter 1.1.4-SNAPSHOT [1;33mSKIPPED[m
[[1;34mINFO[m] canal client adapter launcher module for otter 1.1.4-SNAPSHOT [1;33mSKIPPED[m
[[1;34mINFO[m] canal-admin ........................................ [1;33mSKIPPED[m
[[1;34mINFO[m] canal-admin-ui ..................................... [1;33mSKIPPED[m
[[1;34mINFO[m] canal-admin-server ................................. [1;33mSKIPPED[m
[[1;34mINFO[m] [1m------------------------------------------------------------------------[m
[[1;34mINFO[m] [1;31mBUILD FAILURE[m
[[1;34mINFO[m] [1m------------------------------------------------------------------------[m
[[1;34mINFO[m] Total time: 29.701 s
[[1;34mINFO[m] Finished at: 2021-12-12T01:58:07Z
[[1;34mINFO[m] Final Memory: 48M/512M
[[1;34mINFO[m] [1m------------------------------------------------------------------------[m
[[1;31mERROR[m] Failed to execute goal [32morg.apache.maven.plugins:maven-surefire-plugin:2.22.1:test[m [1m(default-test)[m on project [36mcanal.parse.driver[m: [1;31mThere are test failures.[m
[[1;31mERROR[m] [1;31m[m
[[1;31mERROR[m] [1;31mPlease refer to /home/travis/build/failed/alibaba/canal/driver/target/surefire-reports for the individual test results.[m
[[1;31mERROR[m] [1;31mPlease refer to dump files (if any exist) [date].dump, [date]-jvmRun[N].dump and [date].dumpstream.[m
[[1;31mERROR[m] -> [1m[Help 1][m
[[1;31mERROR[m] 
[[1;31mERROR[m] To see the full stack trace of the errors, re-run Maven with the [1m-e[m switch.
[[1;31mERROR[m] Re-run Maven using the [1m-X[m switch to enable full debug logging.
[[1;31mERROR[m] 
[[1;31mERROR[m] For more information about the errors and possible solutions, please read the following articles:
[[1;31mERROR[m] [1m[Help 1][m http://cwiki.apache.org/confluence/display/MAVEN/MojoFailureException
[[1;31mERROR[m] 
[[1;31mERROR[m] After correcting the problems, you can resume the build with the command
[[1;31mERROR[m]   [1mmvn <goals> -rf :canal.parse.driver[m
/home/travis/.travis/functions: line 607:  2558 Terminated              travis_jigger "${!}" "${timeout}" "${cmd[@]}"
travis_time:end:2fbb9868:start=1639274255657383719,finish=1639274287283628362,duration=31626244643,event=script[0K[31;1mThe command "travis_wait 30 ./mvnw clean install -DskipTests=false -Dcheckstyle.skip=true -Dmaven.javadoc.skip=true" exited with 1.[0m
travis_fold:start:cache.2[0Kstore build cache
travis_time:start:3960dc50[0Ktravis_time:end:3960dc50:start=1639274287292405305,finish=1639274287298004032,duration=5598727,event=cache[0Ktravis_time:start:28d305da[0K[32;1mchanges detected, packing new archive[0m
[32;1muploading /[0m
[31;1mfailed to upload cache[0m
travis_time:end:28d305da:start=1639274287304651364,finish=1639274299384956507,duration=12080305143,event=cache[0Ktravis_fold:end:cache.2[0K
travis_fold:start:after_failure[0Ktravis_time:start:0027d9af[0K$ if [ -f canal.log ]; then echo "------TAIL of canal.log------"; tail -n 1000 canal.log; echo "------END of canal.log------"; fi
travis_time:end:0027d9af:start=1639274299394265888,finish=1639274299399974110,duration=5708222,event=after_failure[0Ktravis_fold:end:after_failure[0K
Done. Your build exited with 1.
