travis_time:start:24ef4bc2[0Ktravis_time:end:24ef4bc2:start=1639283761633161090,finish=1639283761846251506,duration=213090416,event=no_world_writable_dirs[0Ktravis_time:start:0e637cf0[0Ktravis_time:end:0e637cf0:start=1639283761851898782,finish=1639283761856592919,duration=4694137,event=check_unsupported[0Ktravis_time:start:11d5d671[0Ktravis_fold:start:system_info[0K[33;1mBuild system information[0m
Build language: java
Build group: stable
Build dist: xenial
Build id: ''
Job id: ''
Runtime kernel version: 4.15.0-109-generic
[34m[1mBuild image provisioning date and time[0m
Fri Aug  2 14:20:18 UTC 2019
[34m[1mOperating System Details[0m
Distributor ID:	Ubuntu
Description:	Ubuntu 16.04.6 LTS
Release:	16.04
Codename:	xenial
[34m[1mSystemd Version[0m
systemd 229
[34m[1mCookbooks Version[0m
790f512 https://github.com/travis-ci/travis-cookbooks/tree/790f512
[34m[1mgit version[0m
git version 2.22.0
[34m[1mbash version[0m
GNU bash, version 4.3.48(1)-release (x86_64-pc-linux-gnu)
[34m[1mgcc version[0m
gcc (Ubuntu 5.4.0-6ubuntu1~16.04.11) 5.4.0 20160609
[34m[1mdocker version[0m
Client:
 Version:           18.06.1-ce
 API version:       1.38
 Go version:        go1.10.3
 Git commit:        e68fc7a
 Built:             Tue Aug 21 17:20:43 2018
 OS/Arch:           linux/amd64
 Experimental:      false
[34m[1mclang version[0m
clang version 7.0.0 (tags/RELEASE_700/final)
[34m[1mjq version[0m
jq-1.5
[34m[1mbats version[0m
Bats 0.4.0
[34m[1mshellcheck version[0m
0.6.0
[34m[1mshfmt version[0m
v2.6.3
[34m[1mccache version[0m
3.2.4
[34m[1mcmake version[0m
cmake version 3.12.4
[34m[1mheroku version[0m
heroku/7.27.1 linux-x64 node-v11.14.0
[34m[1mimagemagick version[0m
Version: ImageMagick 6.8.9-9 Q16 x86_64 2019-06-15 http://www.imagemagick.org
[34m[1mmd5deep version[0m
4.4
[34m[1mmercurial version[0m
version 4.8
[34m[1mmysql version[0m
mysql  Ver 14.14 Distrib 5.7.27, for Linux (x86_64) using  EditLine wrapper
[34m[1mopenssl version[0m
OpenSSL 1.0.2g  1 Mar 2016
[34m[1mpacker version[0m
1.3.3
[34m[1mpostgresql client version[0m
psql (PostgreSQL) 10.9 (Ubuntu 10.9-1.pgdg16.04+1)
[34m[1mragel version[0m
Ragel State Machine Compiler version 6.8 Feb 2013
[34m[1msudo version[0m
1.8.16
[34m[1mgzip version[0m
gzip 1.6
[34m[1mzip version[0m
Zip 3.0
[34m[1mvim version[0m
VIM - Vi IMproved 7.4 (2013 Aug 10, compiled Jun 07 2019 15:35:43)
[34m[1miptables version[0m
iptables v1.6.0
[34m[1mcurl version[0m
curl 7.47.0 (x86_64-pc-linux-gnu) libcurl/7.47.0 GnuTLS/3.4.10 zlib/1.2.8 libidn/1.32 librtmp/2.3
[34m[1mwget version[0m
GNU Wget 1.17.1 built on linux-gnu.
[34m[1mrsync version[0m
rsync  version 3.1.1  protocol version 31
[34m[1mgimme version[0m
v1.5.3
[34m[1mnvm version[0m
0.34.0
[34m[1mperlbrew version[0m
/home/travis/perl5/perlbrew/bin/perlbrew  - App::perlbrew/0.86
[34m[1mphpenv version[0m
rbenv 1.1.2-2-g4e92322
[34m[1mrvm version[0m
rvm 1.29.9 (latest) by Michal Papis, Piotr Kuczynski, Wayne E. Seguin [https://rvm.io]
[34m[1mdefault ruby version[0m
ruby 2.5.3p105 (2018-10-18 revision 65156) [x86_64-linux]
[34m[1mCouchDB version[0m
couchdb 1.6.1
[34m[1mElasticSearch version[0m
5.5.0
[34m[1mInstalled Firefox version[0m
firefox 63.0.1
[34m[1mMongoDB version[0m
MongoDB 4.0.11
[34m[1mPhantomJS version[0m
2.1.1
[34m[1mPre-installed PostgreSQL versions[0m
9.4.23
9.5.18
9.6.14
[34m[1mRedis version[0m
redis-server 5.0.5
[34m[1mPre-installed Go versions[0m
1.11.1
[34m[1mant version[0m
Apache Ant(TM) version 1.9.6 compiled on July 20 2018
[34m[1mmvn version[0m
Apache Maven 3.6.0 (97c98ec64a1fdfee7767ce5ffb20918da4f719f3; 2018-10-24T18:41:47Z)
[34m[1mgradle version[0m
Gradle 5.1.1!
[34m[1mlein version[0m
Leiningen 2.9.1 on Java 11.0.2 OpenJDK 64-Bit Server VM
[34m[1mPre-installed Node.js versions[0m
v10.16.1
v11.0.0
v4.9.1
v6.17.1
v8.12.0
v8.16.0
v8.9
[34m[1mphpenv versions[0m
  system
  5.6
  5.6.40
  7.1
  7.1.27
  7.2
* 7.2.15 (set by /home/travis/.phpenv/version)
  hhvm
  hhvm-stable
[34m[1mcomposer --version[0m
Composer version 1.8.4 2019-02-11 10:52:10
[34m[1mPre-installed Ruby versions[0m
ruby-2.3.8
ruby-2.4.5
ruby-2.5.3
travis_fold:end:system_info[0K
travis_time:end:11d5d671:start=1639283761861100351,finish=1639283761868322215,duration=7221864,event=show_system_info[0Ktravis_time:start:0d7825d9[0Ktravis_time:end:0d7825d9:start=1639283761874183957,finish=1639283761886537441,duration=12353484,event=rm_riak_source[0Ktravis_time:start:148f545d[0Ktravis_time:end:148f545d:start=1639283761892593885,finish=1639283761900412681,duration=7818796,event=fix_rwky_redis[0Ktravis_time:start:0021f590[0K[31;1mTimeout waiting for network availability.[0m
travis_time:end:0021f590:start=1639283761904224477,finish=1639283782547926266,duration=20643701789,event=wait_for_network[0Ktravis_time:start:11d09bfc[0Ktravis_time:end:11d09bfc:start=1639283782554756146,finish=1639283782901848984,duration=347092838,event=update_apt_keys[0Ktravis_time:start:351a31be[0Ktravis_time:end:351a31be:start=1639283782907162441,finish=1639283783012831746,duration=105669305,event=fix_hhvm_source[0Ktravis_time:start:1aefebcd[0Ktravis_time:end:1aefebcd:start=1639283783018686973,finish=1639283783024468408,duration=5781435,event=update_mongo_arch[0Ktravis_time:start:144a2eb4[0Ktravis_time:end:144a2eb4:start=1639283783031855398,finish=1639283783106907288,duration=75051890,event=fix_sudo_enabled_trusty[0Ktravis_time:start:1891dd60[0Ktravis_time:end:1891dd60:start=1639283783114295797,finish=1639283783133366148,duration=19070351,event=clean_up_path[0Ktravis_time:start:09b4fa9c[0Ktravis_time:end:09b4fa9c:start=1639283783139316347,finish=1639283783156134708,duration=16818361,event=fix_resolv_conf[0Ktravis_time:start:108c96cc[0Ktravis_time:end:108c96cc:start=1639283783163064799,finish=1639283783183821015,duration=20756216,event=fix_etc_hosts[0Ktravis_time:start:0cbbc31a[0Ktravis_time:end:0cbbc31a:start=1639283783190567659,finish=1639283783207062887,duration=16495228,event=fix_mvn_settings_xml[0Ktravis_time:start:039731d9[0Ktravis_time:end:039731d9:start=1639283783213765584,finish=1639283783233643217,duration=19877633,event=no_ipv6_localhost[0Ktravis_time:start:0e7ed882[0Ktravis_time:end:0e7ed882:start=1639283783240707007,finish=1639283783245546423,duration=4839416,event=fix_etc_mavenrc[0Ktravis_time:start:05359b30[0Ktravis_time:end:05359b30:start=1639283783252237665,finish=1639283783259423744,duration=7186079,event=fix_wwdr_certificate[0Ktravis_time:start:0da20d78[0Ktravis_time:end:0da20d78:start=1639283783265946415,finish=1639283783349442937,duration=83496522,event=put_localhost_first[0Ktravis_time:start:05f111e6[0Ktravis_time:end:05f111e6:start=1639283783357266566,finish=1639283783362906035,duration=5639469,event=home_paths[0Ktravis_time:start:00bf3678[0Ktravis_time:end:00bf3678:start=1639283783369385032,finish=1639283783444201322,duration=74816290,event=disable_initramfs[0Ktravis_time:start:18ece7f4[0Ktravis_time:end:18ece7f4:start=1639283783452716522,finish=1639283783686882732,duration=234166210,event=disable_ssh_roaming[0Ktravis_time:start:0029d7b2[0Ktravis_time:end:0029d7b2:start=1639283783695523085,finish=1639283783700255477,duration=4732392,event=debug_tools[0Ktravis_time:start:04d4e5e0[0Ktravis_time:end:04d4e5e0:start=1639283783707607826,finish=1639283783714585095,duration=6977269,event=uninstall_oclint[0Ktravis_time:start:0386f208[0Ktravis_time:end:0386f208:start=1639283783721522235,finish=1639283783728034676,duration=6512441,event=rvm_use[0Ktravis_time:start:0d071528[0Ktravis_time:end:0d071528:start=1639283783735493652,finish=1639283783779627933,duration=44134281,event=rm_etc_boto_cfg[0Ktravis_time:start:0570c7a8[0Ktravis_time:end:0570c7a8:start=1639283783786259260,finish=1639283783792077311,duration=5818051,event=rm_oraclejdk8_symlink[0Ktravis_time:start:1ea39f49[0Ktravis_time:end:1ea39f49:start=1639283783798221813,finish=1639283783971489839,duration=173268026,event=enable_i386[0Ktravis_time:start:00202980[0Ktravis_time:end:00202980:start=1639283783978092568,finish=1639283783986168161,duration=8075593,event=update_rubygems[0Ktravis_time:start:0dc9b52e[0Ktravis_time:end:0dc9b52e:start=1639283783992969081,finish=1639283784974689382,duration=981720301,event=ensure_path_components[0Ktravis_time:start:0dce47a9[0Ktravis_time:end:0dce47a9:start=1639283784981867008,finish=1639283784987853727,duration=5986719,event=redefine_curl[0Ktravis_time:start:00646eb4[0Ktravis_time:end:00646eb4:start=1639283784996225491,finish=1639283785002106729,duration=5881238,event=nonblock_pipe[0Ktravis_time:start:29e21ae5[0Ktravis_time:end:29e21ae5:start=1639283785011106391,finish=1639283799033625358,duration=14022518967,event=apt_get_update[0Ktravis_time:start:09ceaccc[0Ktravis_time:end:09ceaccc:start=1639283799039746173,finish=1639283799044189900,duration=4443727,event=deprecate_xcode_64[0Ktravis_time:start:000361bc[0Ktravis_time:end:000361bc:start=1639283799050381630,finish=1639283812838592266,duration=13788210636,event=update_heroku[0Ktravis_time:start:183d6fe5[0Ktravis_time:end:183d6fe5:start=1639283812844786869,finish=1639283812849201499,duration=4414630,event=shell_session_update[0Ktravis_time:start:3db4cf47[0Ktravis_fold:start:docker_mtu[0Ktee: /etc/docker/daemon.json: No such file or directory
docker: unrecognized service
travis_fold:end:docker_mtu[0Ktravis_time:end:3db4cf47:start=1639283812860697092,finish=1639283812899767789,duration=39070697,event=set_docker_mtu[0Ktravis_time:start:2155f384[0Ktravis_time:end:2155f384:start=1639283812905945533,finish=1639283812924712680,duration=18767147,event=resolvconf[0K
travis_fold:start:install_jdk[0K[33;1mInstalling openjdk11[0m
travis_fold:end:install_jdk[0Ktravis_time:start:045b4ec8[0Ktravis_time:end:045b4ec8:start=1639283812938993435,finish=1639283812943790987,duration=4797552,event=fix_ps4[0Ktravis_time:start:07329432[0K
$ cd failed/Wikidata/Wikidata-Toolkit

travis_time:end:07329432:start=1639283812950325929,finish=1639283812955846141,duration=5520212,event=checkout[0Ktravis_time:start:0cad9700[0Ktravis_time:end:0cad9700:start=1639283812964057098,finish=1639283814598450649,duration=1634393551,event=env[0Ktravis_fold:start:cache.1[0KSetting up build cache
$ export CASHER_DIR=${TRAVIS_HOME}/.casher
travis_time:start:08790c72[0K$ Installing caching utilities
curl: (6) Could not resolve host: https

[31;1mThe command "eval curl -sf  -o $CASHER_DIR/bin/casher https:///files/casher " failed. Retrying, 2 of 3.[0m

curl: (6) Could not resolve host: https

[31;1mThe command "eval curl -sf  -o $CASHER_DIR/bin/casher https:///files/casher " failed. Retrying, 3 of 3.[0m

curl: (6) Could not resolve host: https

[31;1mThe command "eval curl -sf  -o $CASHER_DIR/bin/casher https:///files/casher " failed 3 times.[0m

travis_time:end:08790c72:start=1639283815756612575,finish=1639283827993796014,duration=12237183439,event=setup_casher[0Ktravis_time:start:0f42f5f3[0K$ Installing caching utilities from the Travis CI server (https:///files/casher) failed, failing over to using GitHub (https://raw.githubusercontent.com/travis-ci/casher/bash/bin/casher)
travis_time:end:0f42f5f3:start=1639283828000565380,finish=1639283828141803135,duration=141237755,event=setup_casher[0Ktravis_time:start:0385c5c5[0Ktravis_time:end:0385c5c5:start=1639283828152005219,finish=1639283828158184322,duration=6179103,event=setup_casher[0Ktravis_time:start:00e76e71[0Kattempting to download cache archive[0m
[31;1mcould not download cache[0m
travis_time:end:00e76e71:start=1639283828165584587,finish=1639283829727799394,duration=1562214807,event=setup_casher[0Ktravis_time:start:09a0ed20[0Ktravis_time:end:09a0ed20:start=1639283829734436450,finish=1639283829739327867,duration=4891417,event=setup_casher[0Ktravis_time:start:069e6a3b[0Kadding /home/travis/.m2 to cache[0m
travis_time:end:069e6a3b:start=1639283829747474969,finish=1639283840565084411,duration=10817609442,event=setup_casher[0Ktravis_fold:end:cache.1[0K
$ java -Xmx32m -version
Picked up _JAVA_OPTIONS: -Xmx2048m -Xms512m
openjdk version "11.0.2" 2019-01-15
OpenJDK Runtime Environment 18.9 (build 11.0.2+9)
OpenJDK 64-Bit Server VM 18.9 (build 11.0.2+9, mixed mode)
$ javac -J-Xmx32m -version
Picked up _JAVA_OPTIONS: -Xmx2048m -Xms512m
javac 11.0.2
travis_fold:start:install[0Ktravis_time:start:075b320c[0K$ mvn -o install -DskipTests=true -Dmaven.javadoc.skip=true -B -V
Picked up _JAVA_OPTIONS: -Xmx2048m -Xms512m
Apache Maven 3.6.0 (97c98ec64a1fdfee7767ce5ffb20918da4f719f3; 2018-10-24T18:41:47Z)
Maven home: /usr/local/maven-3.6.0
Java version: 11.0.2, vendor: Oracle Corporation, runtime: /usr/local/lib/jvm/openjdk11
Default locale: en_US, platform encoding: UTF-8
OS name: "linux", version: "4.15.0-109-generic", arch: "amd64", family: "unix"
[INFO] Scanning for projects...
[INFO] ------------------------------------------------------------------------
[INFO] Reactor Build Order:
[INFO] 
[INFO] Wikidata Toolkit                                                   [pom]
[INFO] Wikidata Toolkit Utilities                                         [jar]
[INFO] Wikidata Toolkit Testing Utilities                                 [jar]
[INFO] Wikidata Toolkit Data Model                                        [jar]
[INFO] Wikidata Toolkit Storage                                           [jar]
[INFO] Wikidata Toolkit Dump File Handling                                [jar]
[INFO] Wikidata Toolkit Wikibase API                                      [jar]
[INFO] Wikidata Toolkit RDF                                               [jar]
[INFO] Wikidata Toolkit Examples                                          [jar]
[INFO] Wikidata Toolkit Distribution                                      [jar]
[INFO] 
[INFO] -------------------< org.wikidata.wdtk:wdtk-parent >--------------------
[INFO] Building Wikidata Toolkit 0.11.0-SNAPSHOT                         [1/10]
[INFO] --------------------------------[ pom ]---------------------------------
[INFO] 
[INFO] --- jacoco-maven-plugin:0.8.4:prepare-agent (prepare-agent) @ wdtk-parent ---
[INFO] argLine set to -javaagent:/home/travis/.m2/failed/org/jacoco/org.jacoco.agent/0.8.4/org.jacoco.agent-0.8.4-runtime.jar=destfile=/home/travis/build/failed/Wikidata/Wikidata-Toolkit/target/jacoco.exec
[INFO] 
[INFO] --- license-maven-plugin:1.20:update-file-header (first) @ wdtk-parent ---
[WARNING] No file to scan.
[INFO] 
[INFO] 
[INFO] --- license-maven-plugin:1.20:update-project-license (first) @ wdtk-parent ---
[INFO] 
[INFO] --- maven-install-plugin:2.4:install (default-install) @ wdtk-parent ---
[INFO] Installing /home/travis/build/failed/Wikidata/Wikidata-Toolkit/pom.xml to /home/travis/.m2/failed/org/wikidata/wdtk/wdtk-parent/0.11.0-SNAPSHOT/wdtk-parent-0.11.0-SNAPSHOT.pom
[INFO] 
[INFO] --------------------< org.wikidata.wdtk:wdtk-util >---------------------
[INFO] Building Wikidata Toolkit Utilities 0.11.0-SNAPSHOT               [2/10]
[INFO] --------------------------------[ jar ]---------------------------------
[INFO] 
[INFO] --- jacoco-maven-plugin:0.8.4:prepare-agent (prepare-agent) @ wdtk-util ---
[INFO] argLine set to -javaagent:/home/travis/.m2/failed/org/jacoco/org.jacoco.agent/0.8.4/org.jacoco.agent-0.8.4-runtime.jar=destfile=/home/travis/build/failed/Wikidata/Wikidata-Toolkit/wdtk-util/target/jacoco.exec
[INFO] 
[INFO] --- license-maven-plugin:1.20:update-file-header (first) @ wdtk-util ---
[INFO] Will search files to update from root /home/travis/build/failed/Wikidata/Wikidata-Toolkit/wdtk-util/src/main/java
[INFO] Will search files to update from root /home/travis/build/failed/Wikidata/Wikidata-Toolkit/wdtk-util/src/test/java
[INFO] Scan 14 files header done in 178.641ms.
[INFO] All files are up-to-date.
[INFO] 
[INFO] --- license-maven-plugin:1.20:update-project-license (first) @ wdtk-util ---
[INFO] 
[INFO] --- maven-resources-plugin:2.6:resources (default-resources) @ wdtk-util ---
[INFO] Using 'UTF-8' encoding to copy filtered resources.
[INFO] skip non existing resourceDirectory /home/travis/build/failed/Wikidata/Wikidata-Toolkit/wdtk-util/src/main/resources
[INFO] Copying 1 resource
[INFO] 
[INFO] --- maven-compiler-plugin:3.8.0:compile (default-compile) @ wdtk-util ---
[INFO] Changes detected - recompiling the module!
[INFO] Compiling 9 source files to /home/travis/build/failed/Wikidata/Wikidata-Toolkit/wdtk-util/target/classes
[INFO] 
[INFO] --- maven-resources-plugin:2.6:testResources (default-testResources) @ wdtk-util ---
[INFO] Using 'UTF-8' encoding to copy filtered resources.
[INFO] skip non existing resourceDirectory /home/travis/build/failed/Wikidata/Wikidata-Toolkit/wdtk-util/src/test/resources
[INFO] 
[INFO] --- maven-compiler-plugin:3.8.0:testCompile (default-testCompile) @ wdtk-util ---
[INFO] Nothing to compile - all classes are up to date
[INFO] 
[INFO] --- maven-surefire-plugin:2.12.4:test (default-test) @ wdtk-util ---
[INFO] Tests are skipped.
[INFO] 
[INFO] --- maven-jar-plugin:2.4:jar (default-jar) @ wdtk-util ---
[INFO] Building jar: /home/travis/build/failed/Wikidata/Wikidata-Toolkit/wdtk-util/target/wdtk-util-0.11.0-SNAPSHOT.jar
[INFO] 
[INFO] --- maven-install-plugin:2.4:install (default-install) @ wdtk-util ---
[INFO] Installing /home/travis/build/failed/Wikidata/Wikidata-Toolkit/wdtk-util/target/wdtk-util-0.11.0-SNAPSHOT.jar to /home/travis/.m2/failed/org/wikidata/wdtk/wdtk-util/0.11.0-SNAPSHOT/wdtk-util-0.11.0-SNAPSHOT.jar
[INFO] Installing /home/travis/build/failed/Wikidata/Wikidata-Toolkit/wdtk-util/pom.xml to /home/travis/.m2/failed/org/wikidata/wdtk/wdtk-util/0.11.0-SNAPSHOT/wdtk-util-0.11.0-SNAPSHOT.pom
[INFO] 
[INFO] -------------------< org.wikidata.wdtk:wdtk-testing >-------------------
[INFO] Building Wikidata Toolkit Testing Utilities 0.11.0-SNAPSHOT       [3/10]
[INFO] --------------------------------[ jar ]---------------------------------
[INFO] 
[INFO] --- jacoco-maven-plugin:0.8.4:prepare-agent (prepare-agent) @ wdtk-testing ---
[INFO] argLine set to -javaagent:/home/travis/.m2/failed/org/jacoco/org.jacoco.agent/0.8.4/org.jacoco.agent-0.8.4-runtime.jar=destfile=/home/travis/build/failed/Wikidata/Wikidata-Toolkit/wdtk-testing/target/jacoco.exec
[INFO] 
[INFO] --- license-maven-plugin:1.20:update-file-header (first) @ wdtk-testing ---
[INFO] Will search files to update from root /home/travis/build/failed/Wikidata/Wikidata-Toolkit/wdtk-testing/src/main/java
[INFO] Will search files to update from root /home/travis/build/failed/Wikidata/Wikidata-Toolkit/wdtk-testing/src/test/java
[INFO] Scan 7 files header done in 144.212ms.
[INFO] All files are up-to-date.
[INFO] 
[INFO] --- license-maven-plugin:1.20:update-project-license (first) @ wdtk-testing ---
[INFO] 
[INFO] --- maven-resources-plugin:2.6:resources (default-resources) @ wdtk-testing ---
[INFO] Using 'UTF-8' encoding to copy filtered resources.
[INFO] skip non existing resourceDirectory /home/travis/build/failed/Wikidata/Wikidata-Toolkit/wdtk-testing/src/main/resources
[INFO] Copying 1 resource
[INFO] 
[INFO] --- maven-compiler-plugin:3.8.0:compile (default-compile) @ wdtk-testing ---
[INFO] Changes detected - recompiling the module!
[INFO] Compiling 5 source files to /home/travis/build/failed/Wikidata/Wikidata-Toolkit/wdtk-testing/target/classes
[INFO] 
[INFO] --- maven-resources-plugin:2.6:testResources (default-testResources) @ wdtk-testing ---
[INFO] Using 'UTF-8' encoding to copy filtered resources.
[INFO] Copying 1 resource
[INFO] 
[INFO] --- maven-compiler-plugin:3.8.0:testCompile (default-testCompile) @ wdtk-testing ---
[INFO] Nothing to compile - all classes are up to date
[INFO] 
[INFO] --- maven-surefire-plugin:2.12.4:test (default-test) @ wdtk-testing ---
[INFO] Tests are skipped.
[INFO] 
[INFO] --- maven-jar-plugin:2.4:jar (default-jar) @ wdtk-testing ---
[INFO] Building jar: /home/travis/build/failed/Wikidata/Wikidata-Toolkit/wdtk-testing/target/wdtk-testing-0.11.0-SNAPSHOT.jar
[INFO] 
[INFO] --- maven-install-plugin:2.4:install (default-install) @ wdtk-testing ---
[INFO] Installing /home/travis/build/failed/Wikidata/Wikidata-Toolkit/wdtk-testing/target/wdtk-testing-0.11.0-SNAPSHOT.jar to /home/travis/.m2/failed/org/wikidata/wdtk/wdtk-testing/0.11.0-SNAPSHOT/wdtk-testing-0.11.0-SNAPSHOT.jar
[INFO] Installing /home/travis/build/failed/Wikidata/Wikidata-Toolkit/wdtk-testing/pom.xml to /home/travis/.m2/failed/org/wikidata/wdtk/wdtk-testing/0.11.0-SNAPSHOT/wdtk-testing-0.11.0-SNAPSHOT.pom
[INFO] 
[INFO] ------------------< org.wikidata.wdtk:wdtk-datamodel >------------------
[INFO] Building Wikidata Toolkit Data Model 0.11.0-SNAPSHOT              [4/10]
[INFO] --------------------------------[ jar ]---------------------------------
[INFO] 
[INFO] --- jacoco-maven-plugin:0.8.4:prepare-agent (prepare-agent) @ wdtk-datamodel ---
[INFO] argLine set to -javaagent:/home/travis/.m2/failed/org/jacoco/org.jacoco.agent/0.8.4/org.jacoco.agent-0.8.4-runtime.jar=destfile=/home/travis/build/failed/Wikidata/Wikidata-Toolkit/wdtk-datamodel/target/jacoco.exec
[INFO] 
[INFO] --- license-maven-plugin:1.20:update-file-header (first) @ wdtk-datamodel ---
[INFO] Will search files to update from root /home/travis/build/failed/Wikidata/Wikidata-Toolkit/wdtk-datamodel/src/main/java
[INFO] Will search files to update from root /home/travis/build/failed/Wikidata/Wikidata-Toolkit/wdtk-datamodel/src/test/java
[INFO] Scan 157 files header done in 2.31s.
[INFO] All files are up-to-date.
[INFO] 
[INFO] --- license-maven-plugin:1.20:update-project-license (first) @ wdtk-datamodel ---
[INFO] 
[INFO] --- maven-resources-plugin:2.6:resources (default-resources) @ wdtk-datamodel ---
[INFO] Using 'UTF-8' encoding to copy filtered resources.
[INFO] skip non existing resourceDirectory /home/travis/build/failed/Wikidata/Wikidata-Toolkit/wdtk-datamodel/src/main/resources
[INFO] Copying 1 resource
[INFO] 
[INFO] --- maven-compiler-plugin:3.8.0:compile (default-compile) @ wdtk-datamodel ---
[INFO] Changes detected - recompiling the module!
[INFO] Compiling 109 source files to /home/travis/build/failed/Wikidata/Wikidata-Toolkit/wdtk-datamodel/target/classes
[INFO] /home/travis/build/failed/Wikidata/Wikidata-Toolkit/wdtk-datamodel/src/main/java/org/wikidata/wdtk/datamodel/interfaces/ValueSnak.java: Some input files use or override a deprecated API.
[INFO] /home/travis/build/failed/Wikidata/Wikidata-Toolkit/wdtk-datamodel/src/main/java/org/wikidata/wdtk/datamodel/interfaces/ValueSnak.java: Recompile with -Xlint:deprecation for details.
[INFO] 
[INFO] --- maven-resources-plugin:2.6:testResources (default-testResources) @ wdtk-datamodel ---
[INFO] Using 'UTF-8' encoding to copy filtered resources.
[INFO] skip non existing resourceDirectory /home/travis/build/failed/Wikidata/Wikidata-Toolkit/wdtk-datamodel/src/test/resources
[INFO] 
[INFO] --- maven-compiler-plugin:3.8.0:testCompile (default-testCompile) @ wdtk-datamodel ---
[INFO] Nothing to compile - all classes are up to date
[INFO] 
[INFO] --- maven-surefire-plugin:2.12.4:test (default-test) @ wdtk-datamodel ---
[INFO] Tests are skipped.
[INFO] 
[INFO] --- maven-jar-plugin:2.4:jar (default-jar) @ wdtk-datamodel ---
[INFO] Building jar: /home/travis/build/failed/Wikidata/Wikidata-Toolkit/wdtk-datamodel/target/wdtk-datamodel-0.11.0-SNAPSHOT.jar
[INFO] 
[INFO] --- maven-install-plugin:2.4:install (default-install) @ wdtk-datamodel ---
[INFO] Installing /home/travis/build/failed/Wikidata/Wikidata-Toolkit/wdtk-datamodel/target/wdtk-datamodel-0.11.0-SNAPSHOT.jar to /home/travis/.m2/failed/org/wikidata/wdtk/wdtk-datamodel/0.11.0-SNAPSHOT/wdtk-datamodel-0.11.0-SNAPSHOT.jar
[INFO] Installing /home/travis/build/failed/Wikidata/Wikidata-Toolkit/wdtk-datamodel/pom.xml to /home/travis/.m2/failed/org/wikidata/wdtk/wdtk-datamodel/0.11.0-SNAPSHOT/wdtk-datamodel-0.11.0-SNAPSHOT.pom
[INFO] 
[INFO] -------------------< org.wikidata.wdtk:wdtk-storage >-------------------
[INFO] Building Wikidata Toolkit Storage 0.11.0-SNAPSHOT                 [5/10]
[INFO] --------------------------------[ jar ]---------------------------------
[INFO] 
[INFO] --- jacoco-maven-plugin:0.8.4:prepare-agent (prepare-agent) @ wdtk-storage ---
[INFO] argLine set to -javaagent:/home/travis/.m2/failed/org/jacoco/org.jacoco.agent/0.8.4/org.jacoco.agent-0.8.4-runtime.jar=destfile=/home/travis/build/failed/Wikidata/Wikidata-Toolkit/wdtk-storage/target/jacoco.exec
[INFO] 
[INFO] --- license-maven-plugin:1.20:update-file-header (first) @ wdtk-storage ---
[INFO] Will search files to update from root /home/travis/build/failed/Wikidata/Wikidata-Toolkit/wdtk-storage/src/main/java
[INFO] Will search files to update from root /home/travis/build/failed/Wikidata/Wikidata-Toolkit/wdtk-storage/src/test/java
[INFO] Scan 12 files header done in 361.814ms.
[INFO] All files are up-to-date.
[INFO] 
[INFO] --- license-maven-plugin:1.20:update-project-license (first) @ wdtk-storage ---
[INFO] 
[INFO] --- maven-resources-plugin:2.6:resources (default-resources) @ wdtk-storage ---
[INFO] Using 'UTF-8' encoding to copy filtered resources.
[INFO] skip non existing resourceDirectory /home/travis/build/failed/Wikidata/Wikidata-Toolkit/wdtk-storage/src/main/resources
[INFO] Copying 1 resource
[INFO] 
[INFO] --- maven-compiler-plugin:3.8.0:compile (default-compile) @ wdtk-storage ---
[INFO] Changes detected - recompiling the module!
[INFO] Compiling 8 source files to /home/travis/build/failed/Wikidata/Wikidata-Toolkit/wdtk-storage/target/classes
[INFO] 
[INFO] --- maven-resources-plugin:2.6:testResources (default-testResources) @ wdtk-storage ---
[INFO] Using 'UTF-8' encoding to copy filtered resources.
[INFO] skip non existing resourceDirectory /home/travis/build/failed/Wikidata/Wikidata-Toolkit/wdtk-storage/src/test/resources
[INFO] 
[INFO] --- maven-compiler-plugin:3.8.0:testCompile (default-testCompile) @ wdtk-storage ---
[INFO] Nothing to compile - all classes are up to date
[INFO] 
[INFO] --- maven-surefire-plugin:2.12.4:test (default-test) @ wdtk-storage ---
[INFO] Tests are skipped.
[INFO] 
[INFO] --- maven-jar-plugin:2.4:jar (default-jar) @ wdtk-storage ---
[INFO] Building jar: /home/travis/build/failed/Wikidata/Wikidata-Toolkit/wdtk-storage/target/wdtk-storage-0.11.0-SNAPSHOT.jar
[INFO] 
[INFO] --- maven-install-plugin:2.4:install (default-install) @ wdtk-storage ---
[INFO] Installing /home/travis/build/failed/Wikidata/Wikidata-Toolkit/wdtk-storage/target/wdtk-storage-0.11.0-SNAPSHOT.jar to /home/travis/.m2/failed/org/wikidata/wdtk/wdtk-storage/0.11.0-SNAPSHOT/wdtk-storage-0.11.0-SNAPSHOT.jar
[INFO] Installing /home/travis/build/failed/Wikidata/Wikidata-Toolkit/wdtk-storage/pom.xml to /home/travis/.m2/failed/org/wikidata/wdtk/wdtk-storage/0.11.0-SNAPSHOT/wdtk-storage-0.11.0-SNAPSHOT.pom
[INFO] 
[INFO] ------------------< org.wikidata.wdtk:wdtk-dumpfiles >------------------
[INFO] Building Wikidata Toolkit Dump File Handling 0.11.0-SNAPSHOT      [6/10]
[INFO] --------------------------------[ jar ]---------------------------------
[INFO] 
[INFO] --- jacoco-maven-plugin:0.8.4:prepare-agent (prepare-agent) @ wdtk-dumpfiles ---
[INFO] argLine set to -javaagent:/home/travis/.m2/failed/org/jacoco/org.jacoco.agent/0.8.4/org.jacoco.agent-0.8.4-runtime.jar=destfile=/home/travis/build/failed/Wikidata/Wikidata-Toolkit/wdtk-dumpfiles/target/jacoco.exec
[INFO] 
[INFO] --- license-maven-plugin:1.20:update-file-header (first) @ wdtk-dumpfiles ---
[INFO] Will search files to update from root /home/travis/build/failed/Wikidata/Wikidata-Toolkit/wdtk-dumpfiles/src/main/java
[INFO] Will search files to update from root /home/travis/build/failed/Wikidata/Wikidata-Toolkit/wdtk-dumpfiles/src/test/java
[INFO] Scan 33 files header done in 1.299s.
[INFO] All files are up-to-date.
[INFO] 
[INFO] --- license-maven-plugin:1.20:update-project-license (first) @ wdtk-dumpfiles ---
[INFO] 
[INFO] --- maven-resources-plugin:2.6:resources (default-resources) @ wdtk-dumpfiles ---
[INFO] Using 'UTF-8' encoding to copy filtered resources.
[INFO] skip non existing resourceDirectory /home/travis/build/failed/Wikidata/Wikidata-Toolkit/wdtk-dumpfiles/src/main/resources
[INFO] Copying 1 resource
[INFO] 
[INFO] --- maven-compiler-plugin:3.8.0:compile (default-compile) @ wdtk-dumpfiles ---
[INFO] Changes detected - recompiling the module!
[INFO] Compiling 24 source files to /home/travis/build/failed/Wikidata/Wikidata-Toolkit/wdtk-dumpfiles/target/classes
[INFO] 
[INFO] --- maven-resources-plugin:2.6:testResources (default-testResources) @ wdtk-dumpfiles ---
[INFO] Using 'UTF-8' encoding to copy filtered resources.
[INFO] Copying 17 resources
[INFO] 
[INFO] --- maven-compiler-plugin:3.8.0:testCompile (default-testCompile) @ wdtk-dumpfiles ---
[INFO] Nothing to compile - all classes are up to date
[INFO] 
[INFO] --- maven-surefire-plugin:2.12.4:test (default-test) @ wdtk-dumpfiles ---
[INFO] Tests are skipped.
[INFO] 
[INFO] --- maven-jar-plugin:2.4:jar (default-jar) @ wdtk-dumpfiles ---
[INFO] Building jar: /home/travis/build/failed/Wikidata/Wikidata-Toolkit/wdtk-dumpfiles/target/wdtk-dumpfiles-0.11.0-SNAPSHOT.jar
[INFO] 
[INFO] --- maven-install-plugin:2.4:install (default-install) @ wdtk-dumpfiles ---
[INFO] Installing /home/travis/build/failed/Wikidata/Wikidata-Toolkit/wdtk-dumpfiles/target/wdtk-dumpfiles-0.11.0-SNAPSHOT.jar to /home/travis/.m2/failed/org/wikidata/wdtk/wdtk-dumpfiles/0.11.0-SNAPSHOT/wdtk-dumpfiles-0.11.0-SNAPSHOT.jar
[INFO] Installing /home/travis/build/failed/Wikidata/Wikidata-Toolkit/wdtk-dumpfiles/pom.xml to /home/travis/.m2/failed/org/wikidata/wdtk/wdtk-dumpfiles/0.11.0-SNAPSHOT/wdtk-dumpfiles-0.11.0-SNAPSHOT.pom
[INFO] 
[INFO] -----------------< org.wikidata.wdtk:wdtk-wikibaseapi >-----------------
[INFO] Building Wikidata Toolkit Wikibase API 0.11.0-SNAPSHOT            [7/10]
[INFO] --------------------------------[ jar ]---------------------------------
[INFO] 
[INFO] --- jacoco-maven-plugin:0.8.4:prepare-agent (prepare-agent) @ wdtk-wikibaseapi ---
[INFO] argLine set to -javaagent:/home/travis/.m2/failed/org/jacoco/org.jacoco.agent/0.8.4/org.jacoco.agent-0.8.4-runtime.jar=destfile=/home/travis/build/failed/Wikidata/Wikidata-Toolkit/wdtk-wikibaseapi/target/jacoco.exec
[INFO] 
[INFO] --- license-maven-plugin:1.20:update-file-header (first) @ wdtk-wikibaseapi ---
[INFO] Will search files to update from root /home/travis/build/failed/Wikidata/Wikidata-Toolkit/wdtk-wikibaseapi/src/main/java
[INFO] Will search files to update from root /home/travis/build/failed/Wikidata/Wikidata-Toolkit/wdtk-wikibaseapi/src/test/java
[INFO] Scan 37 files header done in 1.243s.
[INFO] All files are up-to-date.
[INFO] 
[INFO] --- license-maven-plugin:1.20:update-project-license (first) @ wdtk-wikibaseapi ---
[INFO] 
[INFO] --- maven-resources-plugin:2.6:resources (default-resources) @ wdtk-wikibaseapi ---
[INFO] Using 'UTF-8' encoding to copy filtered resources.
[INFO] skip non existing resourceDirectory /home/travis/build/failed/Wikidata/Wikidata-Toolkit/wdtk-wikibaseapi/src/main/resources
[INFO] Copying 1 resource
[INFO] 
[INFO] --- maven-compiler-plugin:3.8.0:compile (default-compile) @ wdtk-wikibaseapi ---
[INFO] Changes detected - recompiling the module!
[INFO] Compiling 26 source files to /home/travis/build/failed/Wikidata/Wikidata-Toolkit/wdtk-wikibaseapi/target/classes
[INFO] /home/travis/build/failed/Wikidata/Wikidata-Toolkit/wdtk-wikibaseapi/src/main/java/org/wikidata/wdtk/wikibaseapi/WikibaseDataFetcher.java: Some input files use or override a deprecated API.
[INFO] /home/travis/build/failed/Wikidata/Wikidata-Toolkit/wdtk-wikibaseapi/src/main/java/org/wikidata/wdtk/wikibaseapi/WikibaseDataFetcher.java: Recompile with -Xlint:deprecation for details.
[INFO] 
[INFO] --- maven-resources-plugin:2.6:testResources (default-testResources) @ wdtk-wikibaseapi ---
[INFO] Using 'UTF-8' encoding to copy filtered resources.
[INFO] Copying 19 resources
[INFO] 
[INFO] --- maven-compiler-plugin:3.8.0:testCompile (default-testCompile) @ wdtk-wikibaseapi ---
[INFO] Nothing to compile - all classes are up to date
[INFO] 
[INFO] --- maven-surefire-plugin:2.12.4:test (default-test) @ wdtk-wikibaseapi ---
[INFO] Tests are skipped.
[INFO] 
[INFO] --- maven-jar-plugin:2.4:jar (default-jar) @ wdtk-wikibaseapi ---
[INFO] Building jar: /home/travis/build/failed/Wikidata/Wikidata-Toolkit/wdtk-wikibaseapi/target/wdtk-wikibaseapi-0.11.0-SNAPSHOT.jar
[INFO] 
[INFO] --- maven-install-plugin:2.4:install (default-install) @ wdtk-wikibaseapi ---
[INFO] Installing /home/travis/build/failed/Wikidata/Wikidata-Toolkit/wdtk-wikibaseapi/target/wdtk-wikibaseapi-0.11.0-SNAPSHOT.jar to /home/travis/.m2/failed/org/wikidata/wdtk/wdtk-wikibaseapi/0.11.0-SNAPSHOT/wdtk-wikibaseapi-0.11.0-SNAPSHOT.jar
[INFO] Installing /home/travis/build/failed/Wikidata/Wikidata-Toolkit/wdtk-wikibaseapi/pom.xml to /home/travis/.m2/failed/org/wikidata/wdtk/wdtk-wikibaseapi/0.11.0-SNAPSHOT/wdtk-wikibaseapi-0.11.0-SNAPSHOT.pom
[INFO] 
[INFO] ---------------------< org.wikidata.wdtk:wdtk-rdf >---------------------
[INFO] Building Wikidata Toolkit RDF 0.11.0-SNAPSHOT                     [8/10]
[INFO] --------------------------------[ jar ]---------------------------------
[INFO] 
[INFO] --- jacoco-maven-plugin:0.8.4:prepare-agent (prepare-agent) @ wdtk-rdf ---
[INFO] argLine set to -javaagent:/home/travis/.m2/failed/org/jacoco/org.jacoco.agent/0.8.4/org.jacoco.agent-0.8.4-runtime.jar=destfile=/home/travis/build/failed/Wikidata/Wikidata-Toolkit/wdtk-rdf/target/jacoco.exec
[INFO] 
[INFO] --- license-maven-plugin:1.20:update-file-header (first) @ wdtk-rdf ---
[INFO] Will search files to update from root /home/travis/build/failed/Wikidata/Wikidata-Toolkit/wdtk-rdf/src/main/java
[INFO] Will search files to update from root /home/travis/build/failed/Wikidata/Wikidata-Toolkit/wdtk-rdf/src/test/java
[INFO] Scan 30 files header done in 835.753ms.
[INFO] All files are up-to-date.
[INFO] 
[INFO] --- license-maven-plugin:1.20:update-project-license (first) @ wdtk-rdf ---
[INFO] 
[INFO] --- maven-resources-plugin:2.6:resources (default-resources) @ wdtk-rdf ---
[INFO] Using 'UTF-8' encoding to copy filtered resources.
[INFO] skip non existing resourceDirectory /home/travis/build/failed/Wikidata/Wikidata-Toolkit/wdtk-rdf/src/main/resources
[INFO] Copying 1 resource
[INFO] 
[INFO] --- maven-compiler-plugin:3.8.0:compile (default-compile) @ wdtk-rdf ---
[INFO] Changes detected - recompiling the module!
[INFO] Compiling 23 source files to /home/travis/build/failed/Wikidata/Wikidata-Toolkit/wdtk-rdf/target/classes
[INFO] /home/travis/build/failed/Wikidata/Wikidata-Toolkit/wdtk-rdf/src/main/java/org/wikidata/wdtk/rdf/PropertyRegister.java: /home/travis/build/failed/Wikidata/Wikidata-Toolkit/wdtk-rdf/src/main/java/org/wikidata/wdtk/rdf/PropertyRegister.java uses or overrides a deprecated API.
[INFO] /home/travis/build/failed/Wikidata/Wikidata-Toolkit/wdtk-rdf/src/main/java/org/wikidata/wdtk/rdf/PropertyRegister.java: Recompile with -Xlint:deprecation for details.
[INFO] 
[INFO] --- maven-resources-plugin:2.6:testResources (default-testResources) @ wdtk-rdf ---
[INFO] Using 'UTF-8' encoding to copy filtered resources.
[INFO] Copying 17 resources
[INFO] 
[INFO] --- maven-compiler-plugin:3.8.0:testCompile (default-testCompile) @ wdtk-rdf ---
[INFO] Nothing to compile - all classes are up to date
[INFO] 
[INFO] --- maven-surefire-plugin:2.12.4:test (default-test) @ wdtk-rdf ---
[INFO] Tests are skipped.
[INFO] 
[INFO] --- maven-jar-plugin:2.4:jar (default-jar) @ wdtk-rdf ---
[INFO] Building jar: /home/travis/build/failed/Wikidata/Wikidata-Toolkit/wdtk-rdf/target/wdtk-rdf-0.11.0-SNAPSHOT.jar
[INFO] 
[INFO] --- maven-install-plugin:2.4:install (default-install) @ wdtk-rdf ---
[INFO] Installing /home/travis/build/failed/Wikidata/Wikidata-Toolkit/wdtk-rdf/target/wdtk-rdf-0.11.0-SNAPSHOT.jar to /home/travis/.m2/failed/org/wikidata/wdtk/wdtk-rdf/0.11.0-SNAPSHOT/wdtk-rdf-0.11.0-SNAPSHOT.jar
[INFO] Installing /home/travis/build/failed/Wikidata/Wikidata-Toolkit/wdtk-rdf/pom.xml to /home/travis/.m2/failed/org/wikidata/wdtk/wdtk-rdf/0.11.0-SNAPSHOT/wdtk-rdf-0.11.0-SNAPSHOT.pom
[INFO] 
[INFO] ------------------< org.wikidata.wdtk:wdtk-examples >-------------------
[INFO] Building Wikidata Toolkit Examples 0.11.0-SNAPSHOT                [9/10]
[INFO] --------------------------------[ jar ]---------------------------------
[INFO] 
[INFO] --- jacoco-maven-plugin:0.8.4:prepare-agent (prepare-agent) @ wdtk-examples ---
[INFO] argLine set to -javaagent:/home/travis/.m2/failed/org/jacoco/org.jacoco.agent/0.8.4/org.jacoco.agent-0.8.4-runtime.jar=destfile=/home/travis/build/failed/Wikidata/Wikidata-Toolkit/wdtk-examples/target/jacoco.exec
[INFO] 
[INFO] --- license-maven-plugin:1.20:update-file-header (first) @ wdtk-examples ---
[INFO] Will search files to update from root /home/travis/build/failed/Wikidata/Wikidata-Toolkit/wdtk-examples/src/main/java
[INFO] Scan 21 files header done in 957.113ms.
[INFO] All files are up-to-date.
[INFO] 
[INFO] --- license-maven-plugin:1.20:update-project-license (first) @ wdtk-examples ---
[INFO] 
[INFO] --- maven-resources-plugin:2.6:resources (default-resources) @ wdtk-examples ---
[INFO] Using 'UTF-8' encoding to copy filtered resources.
[INFO] skip non existing resourceDirectory /home/travis/build/failed/Wikidata/Wikidata-Toolkit/wdtk-examples/src/main/resources
[INFO] Copying 1 resource
[INFO] 
[INFO] --- maven-compiler-plugin:3.8.0:compile (default-compile) @ wdtk-examples ---
[INFO] Changes detected - recompiling the module!
[INFO] Compiling 21 source files to /home/travis/build/failed/Wikidata/Wikidata-Toolkit/wdtk-examples/target/classes
[INFO] /home/travis/build/failed/Wikidata/Wikidata-Toolkit/wdtk-examples/src/main/java/org/wikidata/wdtk/examples/bots/SetLabelsForNumbersBot.java: Some input files use or override a deprecated API.
[INFO] /home/travis/build/failed/Wikidata/Wikidata-Toolkit/wdtk-examples/src/main/java/org/wikidata/wdtk/examples/bots/SetLabelsForNumbersBot.java: Recompile with -Xlint:deprecation for details.
[INFO] 
[INFO] --- maven-resources-plugin:2.6:testResources (default-testResources) @ wdtk-examples ---
[INFO] Using 'UTF-8' encoding to copy filtered resources.
[INFO] skip non existing resourceDirectory /home/travis/build/failed/Wikidata/Wikidata-Toolkit/wdtk-examples/src/test/resources
[INFO] 
[INFO] --- maven-compiler-plugin:3.8.0:testCompile (default-testCompile) @ wdtk-examples ---
[INFO] No sources to compile
[INFO] 
[INFO] --- maven-surefire-plugin:2.12.4:test (default-test) @ wdtk-examples ---
[INFO] Tests are skipped.
[INFO] 
[INFO] --- maven-jar-plugin:2.4:jar (default-jar) @ wdtk-examples ---
[INFO] Building jar: /home/travis/build/failed/Wikidata/Wikidata-Toolkit/wdtk-examples/target/wdtk-examples-0.11.0-SNAPSHOT.jar
[INFO] 
[INFO] --- maven-install-plugin:2.4:install (default-install) @ wdtk-examples ---
[INFO] Installing /home/travis/build/failed/Wikidata/Wikidata-Toolkit/wdtk-examples/target/wdtk-examples-0.11.0-SNAPSHOT.jar to /home/travis/.m2/failed/org/wikidata/wdtk/wdtk-examples/0.11.0-SNAPSHOT/wdtk-examples-0.11.0-SNAPSHOT.jar
[INFO] Installing /home/travis/build/failed/Wikidata/Wikidata-Toolkit/wdtk-examples/pom.xml to /home/travis/.m2/failed/org/wikidata/wdtk/wdtk-examples/0.11.0-SNAPSHOT/wdtk-examples-0.11.0-SNAPSHOT.pom
[INFO] 
[INFO] ----------------< org.wikidata.wdtk:wdtk-distribution >-----------------
[INFO] Building Wikidata Toolkit Distribution 0.11.0-SNAPSHOT           [10/10]
[INFO] --------------------------------[ jar ]---------------------------------
[INFO] 
[INFO] --- jacoco-maven-plugin:0.8.4:prepare-agent (prepare-agent) @ wdtk-distribution ---
[INFO] argLine set to -javaagent:/home/travis/.m2/failed/org/jacoco/org.jacoco.agent/0.8.4/org.jacoco.agent-0.8.4-runtime.jar=destfile=/home/travis/build/failed/Wikidata/Wikidata-Toolkit/wdtk-distribution/target/jacoco.exec
[INFO] 
[INFO] --- license-maven-plugin:1.20:update-file-header (first) @ wdtk-distribution ---
[WARNING] No file to scan.
[INFO] 
[INFO] 
[INFO] --- license-maven-plugin:1.20:update-project-license (first) @ wdtk-distribution ---
[INFO] 
[INFO] --- maven-resources-plugin:2.6:resources (default-resources) @ wdtk-distribution ---
[INFO] Using 'UTF-8' encoding to copy filtered resources.
[INFO] skip non existing resourceDirectory /home/travis/build/failed/Wikidata/Wikidata-Toolkit/wdtk-distribution/src/main/resources
[INFO] Copying 1 resource
[INFO] 
[INFO] --- maven-compiler-plugin:3.8.0:compile (default-compile) @ wdtk-distribution ---
[INFO] No sources to compile
[INFO] 
[INFO] --- maven-resources-plugin:2.6:testResources (default-testResources) @ wdtk-distribution ---
[INFO] Using 'UTF-8' encoding to copy filtered resources.
[INFO] skip non existing resourceDirectory /home/travis/build/failed/Wikidata/Wikidata-Toolkit/wdtk-distribution/src/test/resources
[INFO] 
[INFO] --- maven-compiler-plugin:3.8.0:testCompile (default-testCompile) @ wdtk-distribution ---
[INFO] No sources to compile
[INFO] 
[INFO] --- maven-surefire-plugin:2.12.4:test (default-test) @ wdtk-distribution ---
[INFO] Tests are skipped.
[INFO] 
[INFO] --- maven-jar-plugin:2.4:jar (default-jar) @ wdtk-distribution ---
[INFO] 
[INFO] --- maven-install-plugin:2.4:install (default-install) @ wdtk-distribution ---
[INFO] Installing /home/travis/build/failed/Wikidata/Wikidata-Toolkit/wdtk-distribution/target/wdtk-distribution-0.11.0-SNAPSHOT.jar to /home/travis/.m2/failed/org/wikidata/wdtk/wdtk-distribution/0.11.0-SNAPSHOT/wdtk-distribution-0.11.0-SNAPSHOT.jar
[INFO] Installing /home/travis/build/failed/Wikidata/Wikidata-Toolkit/wdtk-distribution/pom.xml to /home/travis/.m2/failed/org/wikidata/wdtk/wdtk-distribution/0.11.0-SNAPSHOT/wdtk-distribution-0.11.0-SNAPSHOT.pom
[INFO] ------------------------------------------------------------------------
[INFO] Reactor Summary for Wikidata Toolkit 0.11.0-SNAPSHOT:
[INFO] 
[INFO] Wikidata Toolkit ................................... SUCCESS [  1.753 s]
[INFO] Wikidata Toolkit Utilities ......................... SUCCESS [  2.587 s]
[INFO] Wikidata Toolkit Testing Utilities ................. SUCCESS [  0.906 s]
[INFO] Wikidata Toolkit Data Model ........................ SUCCESS [  5.686 s]
[INFO] Wikidata Toolkit Storage ........................... SUCCESS [  3.048 s]
[INFO] Wikidata Toolkit Dump File Handling ................ SUCCESS [  3.216 s]
[INFO] Wikidata Toolkit Wikibase API ...................... SUCCESS [  2.976 s]
[INFO] Wikidata Toolkit RDF ............................... SUCCESS [  3.300 s]
[INFO] Wikidata Toolkit Examples .......................... SUCCESS [  3.573 s]
[INFO] Wikidata Toolkit Distribution ...................... SUCCESS [  0.622 s]
[INFO] ------------------------------------------------------------------------
[INFO] BUILD SUCCESS
[INFO] ------------------------------------------------------------------------
[INFO] Total time:  28.406 s
[INFO] Finished at: 2021-12-12T04:37:50Z
[INFO] ------------------------------------------------------------------------
travis_time:end:075b320c:start=1639283840902834187,finish=1639283870777540813,duration=29874706626,event=install[0Ktravis_fold:end:install[0Ktravis_time:start:321ff724[0K$ mvn test jacoco:report
Picked up _JAVA_OPTIONS: -Xmx2048m -Xms512m
[INFO] Scanning for projects...
[INFO] ------------------------------------------------------------------------
[INFO] Reactor Build Order:
[INFO] 
[INFO] Wikidata Toolkit                                                   [pom]
[INFO] Wikidata Toolkit Utilities                                         [jar]
[INFO] Wikidata Toolkit Testing Utilities                                 [jar]
[INFO] Wikidata Toolkit Data Model                                        [jar]
[INFO] Wikidata Toolkit Storage                                           [jar]
[INFO] Wikidata Toolkit Dump File Handling                                [jar]
[INFO] Wikidata Toolkit Wikibase API                                      [jar]
[INFO] Wikidata Toolkit RDF                                               [jar]
[INFO] Wikidata Toolkit Examples                                          [jar]
[INFO] Wikidata Toolkit Distribution                                      [jar]
[INFO] 
[INFO] -------------------< org.wikidata.wdtk:wdtk-parent >--------------------
[INFO] Building Wikidata Toolkit 0.11.0-SNAPSHOT                         [1/10]
[INFO] --------------------------------[ pom ]---------------------------------
[INFO] 
[INFO] --- jacoco-maven-plugin:0.8.4:prepare-agent (prepare-agent) @ wdtk-parent ---
[INFO] argLine set to -javaagent:/home/travis/.m2/failed/org/jacoco/org.jacoco.agent/0.8.4/org.jacoco.agent-0.8.4-runtime.jar=destfile=/home/travis/build/failed/Wikidata/Wikidata-Toolkit/target/jacoco.exec
[INFO] 
[INFO] --- license-maven-plugin:1.20:update-file-header (first) @ wdtk-parent ---
[WARNING] No file to scan.
[INFO] 
[INFO] 
[INFO] --- license-maven-plugin:1.20:update-project-license (first) @ wdtk-parent ---
[INFO] 
[INFO] --- jacoco-maven-plugin:0.8.4:report (default-cli) @ wdtk-parent ---
[INFO] Skipping JaCoCo execution due to missing execution data file.
[INFO] 
[INFO] --------------------< org.wikidata.wdtk:wdtk-util >---------------------
[INFO] Building Wikidata Toolkit Utilities 0.11.0-SNAPSHOT               [2/10]
[INFO] --------------------------------[ jar ]---------------------------------
[INFO] 
[INFO] --- jacoco-maven-plugin:0.8.4:prepare-agent (prepare-agent) @ wdtk-util ---
[INFO] argLine set to -javaagent:/home/travis/.m2/failed/org/jacoco/org.jacoco.agent/0.8.4/org.jacoco.agent-0.8.4-runtime.jar=destfile=/home/travis/build/failed/Wikidata/Wikidata-Toolkit/wdtk-util/target/jacoco.exec
[INFO] 
[INFO] --- license-maven-plugin:1.20:update-file-header (first) @ wdtk-util ---
[INFO] Will search files to update from root /home/travis/build/failed/Wikidata/Wikidata-Toolkit/wdtk-util/src/main/java
[INFO] Will search files to update from root /home/travis/build/failed/Wikidata/Wikidata-Toolkit/wdtk-util/src/test/java
[INFO] Scan 14 files header done in 30.361ms.
[INFO] All files are up-to-date.
[INFO] 
[INFO] --- license-maven-plugin:1.20:update-project-license (first) @ wdtk-util ---
[INFO] 
[INFO] --- maven-resources-plugin:2.6:resources (default-resources) @ wdtk-util ---
[INFO] Using 'UTF-8' encoding to copy filtered resources.
[INFO] skip non existing resourceDirectory /home/travis/build/failed/Wikidata/Wikidata-Toolkit/wdtk-util/src/main/resources
[INFO] Copying 1 resource
[INFO] 
[INFO] --- maven-compiler-plugin:3.8.0:compile (default-compile) @ wdtk-util ---
[INFO] Changes detected - recompiling the module!
[INFO] Compiling 9 source files to /home/travis/build/failed/Wikidata/Wikidata-Toolkit/wdtk-util/target/classes
[INFO] 
[INFO] --- maven-resources-plugin:2.6:testResources (default-testResources) @ wdtk-util ---
[INFO] Using 'UTF-8' encoding to copy filtered resources.
[INFO] skip non existing resourceDirectory /home/travis/build/failed/Wikidata/Wikidata-Toolkit/wdtk-util/src/test/resources
[INFO] 
[INFO] --- maven-compiler-plugin:3.8.0:testCompile (default-testCompile) @ wdtk-util ---
[INFO] Nothing to compile - all classes are up to date
[INFO] 
[INFO] --- maven-surefire-plugin:2.12.4:test (default-test) @ wdtk-util ---
[INFO] Surefire report directory: /home/travis/build/failed/Wikidata/Wikidata-Toolkit/wdtk-util/target/surefire-reports

-------------------------------------------------------
 T E S T S
-------------------------------------------------------
Picked up _JAVA_OPTIONS: -Xmx2048m -Xms512m
Running org.wikidata.wdtk.util.DirectoryManagerFactoryTest
Tests run: 4, Failures: 0, Errors: 0, Skipped: 0, Time elapsed: 0.143 sec
Running org.wikidata.wdtk.util.DirectoryManagerTest
Tests run: 9, Failures: 0, Errors: 0, Skipped: 0, Time elapsed: 0.034 sec
Running org.wikidata.wdtk.util.NestedIteratorTest
Tests run: 4, Failures: 0, Errors: 0, Skipped: 0, Time elapsed: 0.003 sec
Running org.wikidata.wdtk.util.TimerTest
Tests run: 4, Failures: 0, Errors: 0, Skipped: 0, Time elapsed: 0.58 sec
Running org.wikidata.wdtk.util.WebResourceFetcherTest
Tests run: 2, Failures: 0, Errors: 0, Skipped: 0, Time elapsed: 0.031 sec

Results :

Tests run: 23, Failures: 0, Errors: 0, Skipped: 0

[INFO] 
[INFO] --- jacoco-maven-plugin:0.8.4:report (default-cli) @ wdtk-util ---
[INFO] Loading execution data file /home/travis/build/failed/Wikidata/Wikidata-Toolkit/wdtk-util/target/jacoco.exec
[INFO] Analyzed bundle 'Wikidata Toolkit Utilities' with 6 classes
[INFO] 
[INFO] -------------------< org.wikidata.wdtk:wdtk-testing >-------------------
[INFO] Building Wikidata Toolkit Testing Utilities 0.11.0-SNAPSHOT       [3/10]
[INFO] --------------------------------[ jar ]---------------------------------
[INFO] 
[INFO] --- jacoco-maven-plugin:0.8.4:prepare-agent (prepare-agent) @ wdtk-testing ---
[INFO] argLine set to -javaagent:/home/travis/.m2/failed/org/jacoco/org.jacoco.agent/0.8.4/org.jacoco.agent-0.8.4-runtime.jar=destfile=/home/travis/build/failed/Wikidata/Wikidata-Toolkit/wdtk-testing/target/jacoco.exec
[INFO] 
[INFO] --- license-maven-plugin:1.20:update-file-header (first) @ wdtk-testing ---
[INFO] Will search files to update from root /home/travis/build/failed/Wikidata/Wikidata-Toolkit/wdtk-testing/src/main/java
[INFO] Will search files to update from root /home/travis/build/failed/Wikidata/Wikidata-Toolkit/wdtk-testing/src/test/java
[INFO] Scan 7 files header done in 8.96ms.
[INFO] All files are up-to-date.
[INFO] 
[INFO] --- license-maven-plugin:1.20:update-project-license (first) @ wdtk-testing ---
[INFO] 
[INFO] --- maven-resources-plugin:2.6:resources (default-resources) @ wdtk-testing ---
[INFO] Using 'UTF-8' encoding to copy filtered resources.
[INFO] skip non existing resourceDirectory /home/travis/build/failed/Wikidata/Wikidata-Toolkit/wdtk-testing/src/main/resources
[INFO] Copying 1 resource
[INFO] 
[INFO] --- maven-compiler-plugin:3.8.0:compile (default-compile) @ wdtk-testing ---
[INFO] Changes detected - recompiling the module!
[INFO] Compiling 5 source files to /home/travis/build/failed/Wikidata/Wikidata-Toolkit/wdtk-testing/target/classes
[INFO] 
[INFO] --- maven-resources-plugin:2.6:testResources (default-testResources) @ wdtk-testing ---
[INFO] Using 'UTF-8' encoding to copy filtered resources.
[INFO] Copying 1 resource
[INFO] 
[INFO] --- maven-compiler-plugin:3.8.0:testCompile (default-testCompile) @ wdtk-testing ---
[INFO] Nothing to compile - all classes are up to date
[INFO] 
[INFO] --- maven-surefire-plugin:2.12.4:test (default-test) @ wdtk-testing ---
[INFO] Surefire report directory: /home/travis/build/failed/Wikidata/Wikidata-Toolkit/wdtk-testing/target/surefire-reports

-------------------------------------------------------
 T E S T S
-------------------------------------------------------
Picked up _JAVA_OPTIONS: -Xmx2048m -Xms512m
Running org.wikidata.wdtk.testing.MockDirectoryManagerTest
Tests run: 20, Failures: 0, Errors: 0, Skipped: 0, Time elapsed: 0.558 sec
Running org.wikidata.wdtk.testing.MockWebResourceFetcherTest
Tests run: 4, Failures: 0, Errors: 0, Skipped: 0, Time elapsed: 0.025 sec

Results :

Tests run: 24, Failures: 0, Errors: 0, Skipped: 0

[INFO] 
[INFO] --- jacoco-maven-plugin:0.8.4:report (default-cli) @ wdtk-testing ---
[INFO] Loading execution data file /home/travis/build/failed/Wikidata/Wikidata-Toolkit/wdtk-testing/target/jacoco.exec
[INFO] Analyzed bundle 'Wikidata Toolkit Testing Utilities' with 4 classes
[INFO] 
[INFO] ------------------< org.wikidata.wdtk:wdtk-datamodel >------------------
[INFO] Building Wikidata Toolkit Data Model 0.11.0-SNAPSHOT              [4/10]
[INFO] --------------------------------[ jar ]---------------------------------
[INFO] 
[INFO] --- jacoco-maven-plugin:0.8.4:prepare-agent (prepare-agent) @ wdtk-datamodel ---
[INFO] argLine set to -javaagent:/home/travis/.m2/failed/org/jacoco/org.jacoco.agent/0.8.4/org.jacoco.agent-0.8.4-runtime.jar=destfile=/home/travis/build/failed/Wikidata/Wikidata-Toolkit/wdtk-datamodel/target/jacoco.exec
[INFO] 
[INFO] --- license-maven-plugin:1.20:update-file-header (first) @ wdtk-datamodel ---
[INFO] Will search files to update from root /home/travis/build/failed/Wikidata/Wikidata-Toolkit/wdtk-datamodel/src/main/java
[INFO] Will search files to update from root /home/travis/build/failed/Wikidata/Wikidata-Toolkit/wdtk-datamodel/src/test/java
[INFO] Scan 157 files header done in 246.218ms.
[INFO] All files are up-to-date.
[INFO] 
[INFO] --- license-maven-plugin:1.20:update-project-license (first) @ wdtk-datamodel ---
[INFO] 
[INFO] --- maven-resources-plugin:2.6:resources (default-resources) @ wdtk-datamodel ---
[INFO] Using 'UTF-8' encoding to copy filtered resources.
[INFO] skip non existing resourceDirectory /home/travis/build/failed/Wikidata/Wikidata-Toolkit/wdtk-datamodel/src/main/resources
[INFO] Copying 1 resource
[INFO] 
[INFO] --- maven-compiler-plugin:3.8.0:compile (default-compile) @ wdtk-datamodel ---
[INFO] Changes detected - recompiling the module!
[INFO] Compiling 109 source files to /home/travis/build/failed/Wikidata/Wikidata-Toolkit/wdtk-datamodel/target/classes
[INFO] /home/travis/build/failed/Wikidata/Wikidata-Toolkit/wdtk-datamodel/src/main/java/org/wikidata/wdtk/datamodel/interfaces/ValueSnak.java: Some input files use or override a deprecated API.
[INFO] /home/travis/build/failed/Wikidata/Wikidata-Toolkit/wdtk-datamodel/src/main/java/org/wikidata/wdtk/datamodel/interfaces/ValueSnak.java: Recompile with -Xlint:deprecation for details.
[INFO] 
[INFO] --- maven-resources-plugin:2.6:testResources (default-testResources) @ wdtk-datamodel ---
[INFO] Using 'UTF-8' encoding to copy filtered resources.
[INFO] skip non existing resourceDirectory /home/travis/build/failed/Wikidata/Wikidata-Toolkit/wdtk-datamodel/src/test/resources
[INFO] 
[INFO] --- maven-compiler-plugin:3.8.0:testCompile (default-testCompile) @ wdtk-datamodel ---
[INFO] Nothing to compile - all classes are up to date
[INFO] 
[INFO] --- maven-surefire-plugin:2.12.4:test (default-test) @ wdtk-datamodel ---
[INFO] Surefire report directory: /home/travis/build/failed/Wikidata/Wikidata-Toolkit/wdtk-datamodel/target/surefire-reports

-------------------------------------------------------
 T E S T S
-------------------------------------------------------
Picked up _JAVA_OPTIONS: -Xmx2048m -Xms512m
Running org.wikidata.wdtk.datamodel.helpers.DatamodelConverterTest
SLF4J: Failed to load class "org.slf4j.impl.StaticLoggerBinder".
SLF4J: Defaulting to no-operation (NOP) logger implementation
SLF4J: See http://www.slf4j.org/codes.html#StaticLoggerBinder for further details.
Tests run: 3, Failures: 0, Errors: 0, Skipped: 0, Time elapsed: 0.161 sec
Running org.wikidata.wdtk.datamodel.helpers.DatamodelFilterTest
Tests run: 11, Failures: 0, Errors: 0, Skipped: 0, Time elapsed: 0.001 sec
Running org.wikidata.wdtk.datamodel.helpers.DatamodelTest
Tests run: 39, Failures: 0, Errors: 0, Skipped: 0, Time elapsed: 0.002 sec
Running org.wikidata.wdtk.datamodel.helpers.DatatypeConvertersTest
Tests run: 2, Failures: 0, Errors: 0, Skipped: 0, Time elapsed: 0.003 sec
Running org.wikidata.wdtk.datamodel.helpers.FilterCopyTest
Tests run: 7, Failures: 0, Errors: 0, Skipped: 0, Time elapsed: 0.005 sec
Running org.wikidata.wdtk.datamodel.helpers.ItemDocumentBuilderTest
Tests run: 6, Failures: 0, Errors: 0, Skipped: 0, Time elapsed: 0.013 sec
Running org.wikidata.wdtk.datamodel.helpers.JsonSerializerTest
Tests run: 5, Failures: 0, Errors: 0, Skipped: 0, Time elapsed: 0.938 sec
Running org.wikidata.wdtk.datamodel.helpers.PropertyDocumentBuilderTest
Tests run: 3, Failures: 0, Errors: 0, Skipped: 0, Time elapsed: 0.003 sec
Running org.wikidata.wdtk.datamodel.helpers.ReferenceBuilderTest
Tests run: 2, Failures: 0, Errors: 0, Skipped: 0, Time elapsed: 0.002 sec
Running org.wikidata.wdtk.datamodel.helpers.StatementBuilderTest
Tests run: 6, Failures: 0, Errors: 0, Skipped: 0, Time elapsed: 0.002 sec
Running org.wikidata.wdtk.datamodel.helpers.StatementDocumentTest
Tests run: 1, Failures: 0, Errors: 0, Skipped: 0, Time elapsed: 0 sec
Running org.wikidata.wdtk.datamodel.implementation.ClaimImplTest
Tests run: 7, Failures: 0, Errors: 0, Skipped: 0, Time elapsed: 0.002 sec
Running org.wikidata.wdtk.datamodel.implementation.DataObjectFactoryImplTest
Tests run: 25, Failures: 0, Errors: 0, Skipped: 0, Time elapsed: 0.019 sec
Running org.wikidata.wdtk.datamodel.implementation.DatatypeIdImplTest
Tests run: 28, Failures: 0, Errors: 0, Skipped: 0, Time elapsed: 0.019 sec
Running org.wikidata.wdtk.datamodel.implementation.EntityIdValueImplTest
Tests run: 7, Failures: 0, Errors: 0, Skipped: 0, Time elapsed: 0.002 sec
Running org.wikidata.wdtk.datamodel.implementation.EntityRedirectDocumentImplTest
Tests run: 8, Failures: 0, Errors: 0, Skipped: 0, Time elapsed: 0.009 sec
Running org.wikidata.wdtk.datamodel.implementation.FormDocumentImplTest
Tests run: 18, Failures: 0, Errors: 0, Skipped: 0, Time elapsed: 0.033 sec
Running org.wikidata.wdtk.datamodel.implementation.FormIdValueImplTest
Tests run: 16, Failures: 0, Errors: 0, Skipped: 0, Time elapsed: 0.018 sec
Running org.wikidata.wdtk.datamodel.implementation.GlobeCoordinatesValueImplTest
Tests run: 13, Failures: 0, Errors: 0, Skipped: 0, Time elapsed: 0.012 sec
Running org.wikidata.wdtk.datamodel.implementation.ItemDocumentImplTest
Tests run: 31, Failures: 0, Errors: 0, Skipped: 0, Time elapsed: 0.106 sec
Running org.wikidata.wdtk.datamodel.implementation.ItemIdValueImplTest
Tests run: 18, Failures: 0, Errors: 0, Skipped: 0, Time elapsed: 0.03 sec
Running org.wikidata.wdtk.datamodel.implementation.LexemeDocumentImplTest
Tests run: 29, Failures: 0, Errors: 0, Skipped: 0, Time elapsed: 0.035 sec
Running org.wikidata.wdtk.datamodel.implementation.LexemeIdValueImplTest
Tests run: 14, Failures: 0, Errors: 0, Skipped: 0, Time elapsed: 0.007 sec
Running org.wikidata.wdtk.datamodel.implementation.MediaInfoDocumentImplTest
Tests run: 20, Failures: 0, Errors: 0, Skipped: 0, Time elapsed: 0.051 sec
Running org.wikidata.wdtk.datamodel.implementation.MediaInfoIdValueImplTest
Tests run: 14, Failures: 0, Errors: 0, Skipped: 0, Time elapsed: 0.006 sec
Running org.wikidata.wdtk.datamodel.implementation.MonolingualTextValueImplTest
Tests run: 7, Failures: 0, Errors: 0, Skipped: 0, Time elapsed: 0.003 sec
Running org.wikidata.wdtk.datamodel.implementation.PropertyDocumentImplTest
Tests run: 26, Failures: 0, Errors: 0, Skipped: 0, Time elapsed: 0.021 sec
Running org.wikidata.wdtk.datamodel.implementation.PropertyIdValueImplTest
Tests run: 11, Failures: 0, Errors: 0, Skipped: 0, Time elapsed: 0.007 sec
Running org.wikidata.wdtk.datamodel.implementation.QuantityValueImplTest
Tests run: 19, Failures: 0, Errors: 0, Skipped: 0, Time elapsed: 0.02 sec
Running org.wikidata.wdtk.datamodel.implementation.ReferenceImplTest
Tests run: 5, Failures: 0, Errors: 0, Skipped: 0, Time elapsed: 0.001 sec
Running org.wikidata.wdtk.datamodel.implementation.SenseDocumentImplTest
Tests run: 15, Failures: 0, Errors: 0, Skipped: 0, Time elapsed: 0.021 sec
Running org.wikidata.wdtk.datamodel.implementation.SenseIdValueImplTest
Tests run: 16, Failures: 0, Errors: 0, Skipped: 0, Time elapsed: 0.008 sec
Running org.wikidata.wdtk.datamodel.implementation.SiteLinkImplTest
Tests run: 8, Failures: 0, Errors: 0, Skipped: 0, Time elapsed: 0.004 sec
Running org.wikidata.wdtk.datamodel.implementation.SitesImplTest
Tests run: 3, Failures: 0, Errors: 0, Skipped: 0, Time elapsed: 0.003 sec
Running org.wikidata.wdtk.datamodel.implementation.SnakGroupTest
Tests run: 8, Failures: 0, Errors: 0, Skipped: 0, Time elapsed: 0.002 sec
Running org.wikidata.wdtk.datamodel.implementation.SnakImplTest
Tests run: 18, Failures: 0, Errors: 0, Skipped: 0, Time elapsed: 0.023 sec
Running org.wikidata.wdtk.datamodel.implementation.StatementDocumentAccessTest
Tests run: 10, Failures: 0, Errors: 0, Skipped: 0, Time elapsed: 0.003 sec
Running org.wikidata.wdtk.datamodel.implementation.StatementGroupTest
Tests run: 16, Failures: 0, Errors: 0, Skipped: 0, Time elapsed: 0.002 sec
Running org.wikidata.wdtk.datamodel.implementation.StatementImplTest
Tests run: 12, Failures: 0, Errors: 0, Skipped: 0, Time elapsed: 0.025 sec
Running org.wikidata.wdtk.datamodel.implementation.StringValueImplTest
Tests run: 6, Failures: 0, Errors: 0, Skipped: 0, Time elapsed: 0.002 sec
Running org.wikidata.wdtk.datamodel.implementation.TermImplTest
Tests run: 7, Failures: 0, Errors: 0, Skipped: 0, Time elapsed: 0.003 sec
Running org.wikidata.wdtk.datamodel.implementation.TermedStatementDocumentImplTest
Tests run: 4, Failures: 0, Errors: 0, Skipped: 0, Time elapsed: 0.001 sec
Running org.wikidata.wdtk.datamodel.implementation.TimeValueImplTest
Tests run: 10, Failures: 0, Errors: 0, Skipped: 0, Time elapsed: 0.058 sec
Running org.wikidata.wdtk.datamodel.implementation.UnsupportedEntityIdValueTest
Tests run: 9, Failures: 0, Errors: 0, Skipped: 0, Time elapsed: 0.016 sec
Running org.wikidata.wdtk.datamodel.implementation.UnsupportedValueImplTest
Tests run: 5, Failures: 0, Errors: 0, Skipped: 0, Time elapsed: 0.006 sec
Running org.wikidata.wdtk.datamodel.implementation.WikimediaLanguageCodesTest
Tests run: 4, Failures: 0, Errors: 0, Skipped: 0, Time elapsed: 0.003 sec
Running org.wikidata.wdtk.datamodel.interfaces.NullEntityIdsTest
Tests run: 3, Failures: 0, Errors: 0, Skipped: 0, Time elapsed: 0.024 sec

Results :

Tests run: 555, Failures: 0, Errors: 0, Skipped: 0

[INFO] 
[INFO] --- jacoco-maven-plugin:0.8.4:report (default-cli) @ wdtk-datamodel ---
[INFO] Loading execution data file /home/travis/build/failed/Wikidata/Wikidata-Toolkit/wdtk-datamodel/target/jacoco.exec
[INFO] Analyzed bundle 'Wikidata Toolkit Data Model' with 87 classes
[INFO] 
[INFO] -------------------< org.wikidata.wdtk:wdtk-storage >-------------------
[INFO] Building Wikidata Toolkit Storage 0.11.0-SNAPSHOT                 [5/10]
[INFO] --------------------------------[ jar ]---------------------------------
[INFO] 
[INFO] --- jacoco-maven-plugin:0.8.4:prepare-agent (prepare-agent) @ wdtk-storage ---
[INFO] argLine set to -javaagent:/home/travis/.m2/failed/org/jacoco/org.jacoco.agent/0.8.4/org.jacoco.agent-0.8.4-runtime.jar=destfile=/home/travis/build/failed/Wikidata/Wikidata-Toolkit/wdtk-storage/target/jacoco.exec
[INFO] 
[INFO] --- license-maven-plugin:1.20:update-file-header (first) @ wdtk-storage ---
[INFO] Will search files to update from root /home/travis/build/failed/Wikidata/Wikidata-Toolkit/wdtk-storage/src/main/java
[INFO] Will search files to update from root /home/travis/build/failed/Wikidata/Wikidata-Toolkit/wdtk-storage/src/test/java
[INFO] Scan 12 files header done in 11.769ms.
[INFO] All files are up-to-date.
[INFO] 
[INFO] --- license-maven-plugin:1.20:update-project-license (first) @ wdtk-storage ---
[INFO] 
[INFO] --- maven-resources-plugin:2.6:resources (default-resources) @ wdtk-storage ---
[INFO] Using 'UTF-8' encoding to copy filtered resources.
[INFO] skip non existing resourceDirectory /home/travis/build/failed/Wikidata/Wikidata-Toolkit/wdtk-storage/src/main/resources
[INFO] Copying 1 resource
[INFO] 
[INFO] --- maven-compiler-plugin:3.8.0:compile (default-compile) @ wdtk-storage ---
[INFO] Changes detected - recompiling the module!
[INFO] Compiling 8 source files to /home/travis/build/failed/Wikidata/Wikidata-Toolkit/wdtk-storage/target/classes
[INFO] 
[INFO] --- maven-resources-plugin:2.6:testResources (default-testResources) @ wdtk-storage ---
[INFO] Using 'UTF-8' encoding to copy filtered resources.
[INFO] skip non existing resourceDirectory /home/travis/build/failed/Wikidata/Wikidata-Toolkit/wdtk-storage/src/test/resources
[INFO] 
[INFO] --- maven-compiler-plugin:3.8.0:testCompile (default-testCompile) @ wdtk-storage ---
[INFO] Nothing to compile - all classes are up to date
[INFO] 
[INFO] --- maven-surefire-plugin:2.12.4:test (default-test) @ wdtk-storage ---
[INFO] Surefire report directory: /home/travis/build/failed/Wikidata/Wikidata-Toolkit/wdtk-storage/target/surefire-reports

-------------------------------------------------------
 T E S T S
-------------------------------------------------------
Picked up _JAVA_OPTIONS: -Xmx2048m -Xms512m
Running org.wikidata.wdtk.storage.datastructures.BitVectorImplTest
Tests run: 17, Failures: 0, Errors: 0, Skipped: 0, Time elapsed: 0.275 sec
Running org.wikidata.wdtk.storage.datastructures.BitVectorIteratorTest
Tests run: 5, Failures: 0, Errors: 0, Skipped: 0, Time elapsed: 0 sec
Running org.wikidata.wdtk.storage.datastructures.RankedBitVectorImplTest
Tests run: 17, Failures: 0, Errors: 0, Skipped: 0, Time elapsed: 1.931 sec

Results :

Tests run: 39, Failures: 0, Errors: 0, Skipped: 0

[INFO] 
[INFO] --- jacoco-maven-plugin:0.8.4:report (default-cli) @ wdtk-storage ---
[INFO] Loading execution data file /home/travis/build/failed/Wikidata/Wikidata-Toolkit/wdtk-storage/target/jacoco.exec
[INFO] Analyzed bundle 'Wikidata Toolkit Storage' with 5 classes
[INFO] 
[INFO] ------------------< org.wikidata.wdtk:wdtk-dumpfiles >------------------
[INFO] Building Wikidata Toolkit Dump File Handling 0.11.0-SNAPSHOT      [6/10]
[INFO] --------------------------------[ jar ]---------------------------------
[INFO] 
[INFO] --- jacoco-maven-plugin:0.8.4:prepare-agent (prepare-agent) @ wdtk-dumpfiles ---
[INFO] argLine set to -javaagent:/home/travis/.m2/failed/org/jacoco/org.jacoco.agent/0.8.4/org.jacoco.agent-0.8.4-runtime.jar=destfile=/home/travis/build/failed/Wikidata/Wikidata-Toolkit/wdtk-dumpfiles/target/jacoco.exec
[INFO] 
[INFO] --- license-maven-plugin:1.20:update-file-header (first) @ wdtk-dumpfiles ---
[INFO] Will search files to update from root /home/travis/build/failed/Wikidata/Wikidata-Toolkit/wdtk-dumpfiles/src/main/java
[INFO] Will search files to update from root /home/travis/build/failed/Wikidata/Wikidata-Toolkit/wdtk-dumpfiles/src/test/java
[INFO] Scan 33 files header done in 66.538ms.
[INFO] All files are up-to-date.
[INFO] 
[INFO] --- license-maven-plugin:1.20:update-project-license (first) @ wdtk-dumpfiles ---
[INFO] 
[INFO] --- maven-resources-plugin:2.6:resources (default-resources) @ wdtk-dumpfiles ---
[INFO] Using 'UTF-8' encoding to copy filtered resources.
[INFO] skip non existing resourceDirectory /home/travis/build/failed/Wikidata/Wikidata-Toolkit/wdtk-dumpfiles/src/main/resources
[INFO] Copying 1 resource
[INFO] 
[INFO] --- maven-compiler-plugin:3.8.0:compile (default-compile) @ wdtk-dumpfiles ---
[INFO] Changes detected - recompiling the module!
[INFO] Compiling 24 source files to /home/travis/build/failed/Wikidata/Wikidata-Toolkit/wdtk-dumpfiles/target/classes
[INFO] 
[INFO] --- maven-resources-plugin:2.6:testResources (default-testResources) @ wdtk-dumpfiles ---
[INFO] Using 'UTF-8' encoding to copy filtered resources.
[INFO] Copying 17 resources
[INFO] 
[INFO] --- maven-compiler-plugin:3.8.0:testCompile (default-testCompile) @ wdtk-dumpfiles ---
[INFO] Nothing to compile - all classes are up to date
[INFO] 
[INFO] --- maven-surefire-plugin:2.12.4:test (default-test) @ wdtk-dumpfiles ---
[INFO] Surefire report directory: /home/travis/build/failed/Wikidata/Wikidata-Toolkit/wdtk-dumpfiles/target/surefire-reports

-------------------------------------------------------
 T E S T S
-------------------------------------------------------
Picked up _JAVA_OPTIONS: -Xmx2048m -Xms512m
Running org.wikidata.wdtk.dumpfiles.JsonDumpFileProcessingTest
SLF4J: Failed to load class "org.slf4j.impl.StaticLoggerBinder".
SLF4J: Defaulting to no-operation (NOP) logger implementation
SLF4J: See http://www.slf4j.org/codes.html#StaticLoggerBinder for further details.
Tests run: 4, Failures: 0, Errors: 0, Skipped: 1, Time elapsed: 3.952 sec
Running org.wikidata.wdtk.dumpfiles.MwDumpFileProcessingTest
Tests run: 6, Failures: 0, Errors: 0, Skipped: 0, Time elapsed: 3.537 sec
Running org.wikidata.wdtk.dumpfiles.MwLocalDumpFileTest
Tests run: 11, Failures: 0, Errors: 0, Skipped: 0, Time elapsed: 0.009 sec
Running org.wikidata.wdtk.dumpfiles.SitesTest
Tests run: 1, Failures: 0, Errors: 0, Skipped: 0, Time elapsed: 0.262 sec
Running org.wikidata.wdtk.dumpfiles.wmf.WmfDumpFileManagerTest
Tests run: 10, Failures: 0, Errors: 0, Skipped: 0, Time elapsed: 0.489 sec
Running org.wikidata.wdtk.dumpfiles.wmf.WmfDumpFileTest
Tests run: 1, Failures: 0, Errors: 0, Skipped: 0, Time elapsed: 0 sec
Running org.wikidata.wdtk.dumpfiles.wmf.WmfLocalDumpFileTest
Tests run: 3, Failures: 0, Errors: 0, Skipped: 0, Time elapsed: 0.026 sec
Running org.wikidata.wdtk.dumpfiles.wmf.WmfOnlineDailyDumpFileTest
Tests run: 6, Failures: 0, Errors: 0, Skipped: 0, Time elapsed: 0.007 sec
Running org.wikidata.wdtk.dumpfiles.wmf.WmfOnlineStandardDumpFileTest
Tests run: 8, Failures: 0, Errors: 0, Skipped: 0, Time elapsed: 0.1 sec

Results :

Tests run: 50, Failures: 0, Errors: 0, Skipped: 1

[INFO] 
[INFO] --- jacoco-maven-plugin:0.8.4:report (default-cli) @ wdtk-dumpfiles ---
[INFO] Loading execution data file /home/travis/build/failed/Wikidata/Wikidata-Toolkit/wdtk-dumpfiles/target/jacoco.exec
[INFO] Analyzed bundle 'Wikidata Toolkit Dump File Handling' with 22 classes
[INFO] 
[INFO] -----------------< org.wikidata.wdtk:wdtk-wikibaseapi >-----------------
[INFO] Building Wikidata Toolkit Wikibase API 0.11.0-SNAPSHOT            [7/10]
[INFO] --------------------------------[ jar ]---------------------------------
[INFO] 
[INFO] --- jacoco-maven-plugin:0.8.4:prepare-agent (prepare-agent) @ wdtk-wikibaseapi ---
[INFO] argLine set to -javaagent:/home/travis/.m2/failed/org/jacoco/org.jacoco.agent/0.8.4/org.jacoco.agent-0.8.4-runtime.jar=destfile=/home/travis/build/failed/Wikidata/Wikidata-Toolkit/wdtk-wikibaseapi/target/jacoco.exec
[INFO] 
[INFO] --- license-maven-plugin:1.20:update-file-header (first) @ wdtk-wikibaseapi ---
[INFO] Will search files to update from root /home/travis/build/failed/Wikidata/Wikidata-Toolkit/wdtk-wikibaseapi/src/main/java
[INFO] Will search files to update from root /home/travis/build/failed/Wikidata/Wikidata-Toolkit/wdtk-wikibaseapi/src/test/java
[INFO] Scan 37 files header done in 56.217ms.
[INFO] All files are up-to-date.
[INFO] 
[INFO] --- license-maven-plugin:1.20:update-project-license (first) @ wdtk-wikibaseapi ---
[INFO] 
[INFO] --- maven-resources-plugin:2.6:resources (default-resources) @ wdtk-wikibaseapi ---
[INFO] Using 'UTF-8' encoding to copy filtered resources.
[INFO] skip non existing resourceDirectory /home/travis/build/failed/Wikidata/Wikidata-Toolkit/wdtk-wikibaseapi/src/main/resources
[INFO] Copying 1 resource
[INFO] 
[INFO] --- maven-compiler-plugin:3.8.0:compile (default-compile) @ wdtk-wikibaseapi ---
[INFO] Changes detected - recompiling the module!
[INFO] Compiling 26 source files to /home/travis/build/failed/Wikidata/Wikidata-Toolkit/wdtk-wikibaseapi/target/classes
[INFO] /home/travis/build/failed/Wikidata/Wikidata-Toolkit/wdtk-wikibaseapi/src/main/java/org/wikidata/wdtk/wikibaseapi/WikibaseDataFetcher.java: Some input files use or override a deprecated API.
[INFO] /home/travis/build/failed/Wikidata/Wikidata-Toolkit/wdtk-wikibaseapi/src/main/java/org/wikidata/wdtk/wikibaseapi/WikibaseDataFetcher.java: Recompile with -Xlint:deprecation for details.
[INFO] 
[INFO] --- maven-resources-plugin:2.6:testResources (default-testResources) @ wdtk-wikibaseapi ---
[INFO] Using 'UTF-8' encoding to copy filtered resources.
[INFO] Copying 19 resources
[INFO] 
[INFO] --- maven-compiler-plugin:3.8.0:testCompile (default-testCompile) @ wdtk-wikibaseapi ---
[INFO] Nothing to compile - all classes are up to date
[INFO] 
[INFO] --- maven-surefire-plugin:2.12.4:test (default-test) @ wdtk-wikibaseapi ---
[INFO] Surefire report directory: /home/travis/build/failed/Wikidata/Wikidata-Toolkit/wdtk-wikibaseapi/target/surefire-reports

-------------------------------------------------------
 T E S T S
-------------------------------------------------------
Picked up _JAVA_OPTIONS: -Xmx2048m -Xms512m
Running org.wikidata.wdtk.wikibaseapi.BasicApiConnectionTest
SLF4J: Failed to load class "org.slf4j.impl.StaticLoggerBinder".
SLF4J: Defaulting to no-operation (NOP) logger implementation
SLF4J: See http://www.slf4j.org/codes.html#StaticLoggerBinder for further details.
WARNING: An illegal reflective access operation has occurred
WARNING: Illegal reflective access by org.mockito.internal.creation.cglib.ClassImposterizer (file:/home/travis/.m2/failed/org/mockito/mockito-core/1.10.19/mockito-core-1.10.19.jar) to constructor java.net.HttpURLConnection(java.net.URL)
WARNING: Please consider reporting this to the maintainers of org.mockito.internal.creation.cglib.ClassImposterizer
WARNING: Use --illegal-access=warn to enable warnings of further illegal reflective access operations
WARNING: All illegal access operations will be denied in a future release
Tests run: 25, Failures: 0, Errors: 0, Skipped: 0, Time elapsed: 1.568 sec
Running org.wikidata.wdtk.wikibaseapi.StatementUpdateTest
Tests run: 12, Failures: 0, Errors: 0, Skipped: 0, Time elapsed: 0.156 sec
Running org.wikidata.wdtk.wikibaseapi.TermStatementUpdateTest
Tests run: 12, Failures: 0, Errors: 0, Skipped: 0, Time elapsed: 0.05 sec
Running org.wikidata.wdtk.wikibaseapi.WbEditingActionTest
Tests run: 11, Failures: 0, Errors: 2, Skipped: 0, Time elapsed: 0.124 sec <<< FAILURE!
testNoTokenInReponse(org.wikidata.wdtk.wikibaseapi.WbEditingActionTest)  Time elapsed: 0.082 sec  <<< ERROR!
java.lang.Exception: Unexpected exception, expected<org.wikidata.wdtk.wikibaseapi.apierrors.TokenErrorException> but was<java.io.IOException>
	at org.junit.internal.runners.statements.ExpectException.evaluate(ExpectException.java:28)
	at org.junit.runners.ParentRunner.runLeaf(ParentRunner.java:325)
	at org.junit.runners.BlockJUnit4ClassRunner.runChild(BlockJUnit4ClassRunner.java:78)
	at org.junit.runners.BlockJUnit4ClassRunner.runChild(BlockJUnit4ClassRunner.java:57)
	at org.junit.runners.ParentRunner$3.run(ParentRunner.java:290)
	at org.junit.runners.ParentRunner$1.schedule(ParentRunner.java:71)
	at org.junit.runners.ParentRunner.runChildren(ParentRunner.java:288)
	at org.junit.runners.ParentRunner.access$000(ParentRunner.java:58)
	at org.junit.runners.ParentRunner$2.evaluate(ParentRunner.java:268)
	at org.junit.runners.ParentRunner.run(ParentRunner.java:363)
	at org.apache.maven.surefire.junit4.JUnit4Provider.execute(JUnit4Provider.java:252)
	at org.apache.maven.surefire.junit4.JUnit4Provider.executeTestSet(JUnit4Provider.java:141)
	at org.apache.maven.surefire.junit4.JUnit4Provider.invoke(JUnit4Provider.java:112)
	at java.base/jdk.internal.reflect.NativeMethodAccessorImpl.invoke0(Native Method)
	at java.base/jdk.internal.reflect.NativeMethodAccessorImpl.invoke(NativeMethodAccessorImpl.java:62)
	at java.base/jdk.internal.reflect.DelegatingMethodAccessorImpl.invoke(DelegatingMethodAccessorImpl.java:43)
	at java.base/java.lang.reflect.Method.invoke(Method.java:566)
	at org.apache.maven.surefire.util.ReflectionUtils.invokeMethodWithArray(ReflectionUtils.java:189)
	at org.apache.maven.surefire.booter.ProviderFactory$ProviderProxy.invoke(ProviderFactory.java:165)
	at org.apache.maven.surefire.booter.ProviderFactory.invokeProvider(ProviderFactory.java:85)
	at org.apache.maven.surefire.booter.ForkedBooter.runSuitesInProcess(ForkedBooter.java:115)
	at org.apache.maven.surefire.booter.ForkedBooter.main(ForkedBooter.java:75)
Caused by: java.io.IOException: API result not mocked for parameters {meta=tokens, format=json, action=query, type=csrf}
	at org.wikidata.wdtk.wikibaseapi.MockBasicApiConnection.sendRequest(MockBasicApiConnection.java:109)
	at org.wikidata.wdtk.wikibaseapi.ApiConnection.sendJsonRequest(ApiConnection.java:456)
	at org.wikidata.wdtk.wikibaseapi.ApiConnection.fetchToken(ApiConnection.java:428)
	at org.wikidata.wdtk.wikibaseapi.ApiConnection.getOrFetchToken(ApiConnection.java:397)
	at org.wikidata.wdtk.wikibaseapi.WbEditingAction.performAPIAction(WbEditingAction.java:712)
	at org.wikidata.wdtk.wikibaseapi.WbEditingAction.wbEditEntity(WbEditingAction.java:291)
	at org.wikidata.wdtk.wikibaseapi.WbEditingActionTest.testNoTokenInReponse(WbEditingActionTest.java:105)
	at java.base/jdk.internal.reflect.NativeMethodAccessorImpl.invoke0(Native Method)
	at java.base/jdk.internal.reflect.NativeMethodAccessorImpl.invoke(NativeMethodAccessorImpl.java:62)
	at java.base/jdk.internal.reflect.DelegatingMethodAccessorImpl.invoke(DelegatingMethodAccessorImpl.java:43)
	at java.base/java.lang.reflect.Method.invoke(Method.java:566)
	at org.junit.runners.model.FrameworkMethod$1.runReflectiveCall(FrameworkMethod.java:50)
	at org.junit.internal.runners.model.ReflectiveCallable.run(ReflectiveCallable.java:12)
	at org.junit.runners.model.FrameworkMethod.invokeExplosively(FrameworkMethod.java:47)
	at org.junit.internal.runners.statements.InvokeMethod.evaluate(InvokeMethod.java:17)
	at org.junit.internal.runners.statements.ExpectException.evaluate(ExpectException.java:19)
	... 21 more

testApiErrorGettingToken(org.wikidata.wdtk.wikibaseapi.WbEditingActionTest)  Time elapsed: 0.003 sec  <<< ERROR!
java.lang.Exception: Unexpected exception, expected<org.wikidata.wdtk.wikibaseapi.apierrors.TokenErrorException> but was<java.io.IOException>
	at org.junit.internal.runners.statements.ExpectException.evaluate(ExpectException.java:28)
	at org.junit.runners.ParentRunner.runLeaf(ParentRunner.java:325)
	at org.junit.runners.BlockJUnit4ClassRunner.runChild(BlockJUnit4ClassRunner.java:78)
	at org.junit.runners.BlockJUnit4ClassRunner.runChild(BlockJUnit4ClassRunner.java:57)
	at org.junit.runners.ParentRunner$3.run(ParentRunner.java:290)
	at org.junit.runners.ParentRunner$1.schedule(ParentRunner.java:71)
	at org.junit.runners.ParentRunner.runChildren(ParentRunner.java:288)
	at org.junit.runners.ParentRunner.access$000(ParentRunner.java:58)
	at org.junit.runners.ParentRunner$2.evaluate(ParentRunner.java:268)
	at org.junit.runners.ParentRunner.run(ParentRunner.java:363)
	at org.apache.maven.surefire.junit4.JUnit4Provider.execute(JUnit4Provider.java:252)
	at org.apache.maven.surefire.junit4.JUnit4Provider.executeTestSet(JUnit4Provider.java:141)
	at org.apache.maven.surefire.junit4.JUnit4Provider.invoke(JUnit4Provider.java:112)
	at java.base/jdk.internal.reflect.NativeMethodAccessorImpl.invoke0(Native Method)
	at java.base/jdk.internal.reflect.NativeMethodAccessorImpl.invoke(NativeMethodAccessorImpl.java:62)
	at java.base/jdk.internal.reflect.DelegatingMethodAccessorImpl.invoke(DelegatingMethodAccessorImpl.java:43)
	at java.base/java.lang.reflect.Method.invoke(Method.java:566)
	at org.apache.maven.surefire.util.ReflectionUtils.invokeMethodWithArray(ReflectionUtils.java:189)
	at org.apache.maven.surefire.booter.ProviderFactory$ProviderProxy.invoke(ProviderFactory.java:165)
	at org.apache.maven.surefire.booter.ProviderFactory.invokeProvider(ProviderFactory.java:85)
	at org.apache.maven.surefire.booter.ForkedBooter.runSuitesInProcess(ForkedBooter.java:115)
	at org.apache.maven.surefire.booter.ForkedBooter.main(ForkedBooter.java:75)
Caused by: java.io.IOException: Error when trying to fetch token: org.wikidata.wdtk.wikibaseapi.apierrors.TokenErrorException: [badtoken] bla bla
	at org.wikidata.wdtk.wikibaseapi.ApiConnection.fetchToken(ApiConnection.java:431)
	at org.wikidata.wdtk.wikibaseapi.ApiConnection.getOrFetchToken(ApiConnection.java:397)
	at org.wikidata.wdtk.wikibaseapi.WbEditingAction.performAPIAction(WbEditingAction.java:712)
	at org.wikidata.wdtk.wikibaseapi.WbEditingAction.wbEditEntity(WbEditingAction.java:291)
	at org.wikidata.wdtk.wikibaseapi.WbEditingActionTest.testApiErrorGettingToken(WbEditingActionTest.java:77)
	at java.base/jdk.internal.reflect.NativeMethodAccessorImpl.invoke0(Native Method)
	at java.base/jdk.internal.reflect.NativeMethodAccessorImpl.invoke(NativeMethodAccessorImpl.java:62)
	at java.base/jdk.internal.reflect.DelegatingMethodAccessorImpl.invoke(DelegatingMethodAccessorImpl.java:43)
	at java.base/java.lang.reflect.Method.invoke(Method.java:566)
	at org.junit.runners.model.FrameworkMethod$1.runReflectiveCall(FrameworkMethod.java:50)
	at org.junit.internal.runners.model.ReflectiveCallable.run(ReflectiveCallable.java:12)
	at org.junit.runners.model.FrameworkMethod.invokeExplosively(FrameworkMethod.java:47)
	at org.junit.internal.runners.statements.InvokeMethod.evaluate(InvokeMethod.java:17)
	at org.junit.internal.runners.statements.ExpectException.evaluate(ExpectException.java:19)
	... 21 more

Running org.wikidata.wdtk.wikibaseapi.WbGetEntitiesActionTest
Tests run: 9, Failures: 0, Errors: 0, Skipped: 0, Time elapsed: 0.626 sec
Running org.wikidata.wdtk.wikibaseapi.WbSearchEntitiesActionTest
Tests run: 4, Failures: 0, Errors: 0, Skipped: 0, Time elapsed: 0.05 sec
Running org.wikidata.wdtk.wikibaseapi.WikibaseDataEditorTest
Tests run: 22, Failures: 0, Errors: 0, Skipped: 0, Time elapsed: 0.211 sec
Running org.wikidata.wdtk.wikibaseapi.WikibaseDataFetcherTest
Tests run: 10, Failures: 0, Errors: 0, Skipped: 0, Time elapsed: 0.319 sec
Running org.wikidata.wdtk.wikibaseapi.apierrors.MediaWikiApiErrorHandlerTest
Tests run: 6, Failures: 0, Errors: 0, Skipped: 0, Time elapsed: 0.001 sec

Results :

Tests in error: 
  testNoTokenInReponse(org.wikidata.wdtk.wikibaseapi.WbEditingActionTest): Unexpected exception, expected<org.wikidata.wdtk.wikibaseapi.apierrors.TokenErrorException> but was<java.io.IOException>
  testApiErrorGettingToken(org.wikidata.wdtk.wikibaseapi.WbEditingActionTest): Unexpected exception, expected<org.wikidata.wdtk.wikibaseapi.apierrors.TokenErrorException> but was<java.io.IOException>

Tests run: 111, Failures: 0, Errors: 2, Skipped: 0

[INFO] ------------------------------------------------------------------------
[INFO] Reactor Summary for Wikidata Toolkit 0.11.0-SNAPSHOT:
[INFO] 
[INFO] Wikidata Toolkit ................................... SUCCESS [  1.176 s]
[INFO] Wikidata Toolkit Utilities ......................... SUCCESS [  2.969 s]
[INFO] Wikidata Toolkit Testing Utilities ................. SUCCESS [  1.409 s]
[INFO] Wikidata Toolkit Data Model ........................ SUCCESS [  7.320 s]
[INFO] Wikidata Toolkit Storage ........................... SUCCESS [  3.621 s]
[INFO] Wikidata Toolkit Dump File Handling ................ SUCCESS [ 10.098 s]
[INFO] Wikidata Toolkit Wikibase API ...................... FAILURE [  4.931 s]
[INFO] Wikidata Toolkit RDF ............................... SKIPPED
[INFO] Wikidata Toolkit Examples .......................... SKIPPED
[INFO] Wikidata Toolkit Distribution ...................... SKIPPED
[INFO] ------------------------------------------------------------------------
[INFO] BUILD FAILURE
[INFO] ------------------------------------------------------------------------
[INFO] Total time:  31.855 s
[INFO] Finished at: 2021-12-12T04:38:23Z
[INFO] ------------------------------------------------------------------------
[ERROR] Failed to execute goal org.apache.maven.plugins:maven-surefire-plugin:2.12.4:test (default-test) on project wdtk-wikibaseapi: There are test failures.
[ERROR] 
[ERROR] Please refer to /home/travis/build/failed/Wikidata/Wikidata-Toolkit/wdtk-wikibaseapi/target/surefire-reports for the individual test results.
[ERROR] -> [Help 1]
[ERROR] 
[ERROR] To see the full stack trace of the errors, re-run Maven with the -e switch.
[ERROR] Re-run Maven using the -X switch to enable full debug logging.
[ERROR] 
[ERROR] For more information about the errors and possible solutions, please read the following articles:
[ERROR] [Help 1] http://cwiki.apache.org/confluence/display/MAVEN/MojoFailureException
[ERROR] 
[ERROR] After correcting the problems, you can resume the build with the command
[ERROR]   mvn <goals> -rf :wdtk-wikibaseapi
travis_time:end:321ff724:start=1639283870783410030,finish=1639283903907416642,duration=33124006612,event=script[0K[31;1mThe command "mvn test jacoco:report" exited with 1.[0m
travis_fold:start:cache.2[0Kstore build cache
travis_time:start:043fbe0f[0Ktravis_time:end:043fbe0f:start=1639283903916043331,finish=1639283903921619866,duration=5576535,event=cache[0Ktravis_time:start:04a80488[0K[32;1mchanges detected, packing new archive[0m
[32;1muploading /[0m
[31;1mfailed to upload cache[0m
travis_time:end:04a80488:start=1639283903928755058,finish=1639283908631032521,duration=4702277463,event=cache[0Ktravis_fold:end:cache.2[0K

Done. Your build exited with 1.
