travis_time:start:2680d6aa[0Ktravis_time:end:2680d6aa:start=1654679946635064489,finish=1654679946794474874,duration=159410385,event=no_world_writable_dirs[0Ktravis_time:start:2a1bc3d8[0Ktravis_time:end:2a1bc3d8:start=1654679946799520194,finish=1654679946803685075,duration=4164881,event=check_unsupported[0Ktravis_time:start:029b4c44[0Ktravis_fold:start:system_info[0K[33;1mBuild system information[0m
Build language: java
Build group: stable
Build dist: precise
Build id: ''
Job id: ''
Runtime kernel version: 4.15.0-109-generic
[34m[1mBuild image provisioning date and time[0m
Thu Feb  5 15:09:33 UTC 2015
[34m[1mOperating System Details[0m
Distributor ID:	Ubuntu
Description:	Ubuntu 12.04.5 LTS
Release:	12.04
Codename:	precise
[34m[1mLinux Version[0m
3.13.0-29-generic
[34m[1mCookbooks Version[0m
a68419e https://github.com/travis-ci/travis-cookbooks/tree/a68419e
[34m[1mGCC version[0m
gcc (Ubuntu/Linaro 4.6.3-1ubuntu5) 4.6.3
Copyright (C) 2011 Free Software Foundation, Inc.
This is free software; see the source for copying conditions.  There is NO
warranty; not even for MERCHANTABILITY or FITNESS FOR A PARTICULAR PURPOSE.

[34m[1mLLVM version[0m
clang version 3.4 (tags/RELEASE_34/final)
Target: x86_64-unknown-linux-gnu
Thread model: posix
[34m[1mPre-installed Ruby versions[0m
ruby-1.9.3-p551
[34m[1mPre-installed Node.js versions[0m
v0.10.36
[34m[1mPre-installed Go versions[0m
1.4.1
[34m[1mRedis version[0m
redis-server 2.8.19
[34m[1mriak version[0m
2.0.2
[34m[1mMongoDB version[0m
MongoDB 2.4.12
[34m[1mCouchDB version[0m
couchdb 1.6.1
[34m[1mNeo4j version[0m
1.9.4
[34m[1mRabbitMQ Version[0m
3.4.3
[34m[1mElasticSearch version[0m
1.4.0
[34m[1mInstalled Sphinx versions[0m
2.0.10
2.1.9
2.2.6
[34m[1mDefault Sphinx version[0m
2.2.6
[34m[1mInstalled Firefox version[0m
firefox 31.0esr
[34m[1mPhantomJS version[0m
1.9.8
[34m[1mant -version[0m
Apache Ant(TM) version 1.8.2 compiled on December 3 2011
[34m[1mmvn -version[0m
Apache Maven 3.2.5 (12a6b3acb947671f09b81f49094c53f426d8cea1; 2014-12-14T17:29:23+00:00)
Maven home: /usr/local/maven
Java version: 1.7.0_76, vendor: Oracle Corporation
Java home: /usr/lib/jvm/java-7-oracle/jre
Default locale: en_US, platform encoding: ANSI_X3.4-1968
OS name: "linux", version: "3.13.0-29-generic", arch: "amd64", family: "unix"
travis_fold:end:system_info[0K
travis_time:end:029b4c44:start=1654679946808974308,finish=1654679946817366057,duration=8391749,event=show_system_info[0Ktravis_time:start:0ba2268e[0Ktravis_time:end:0ba2268e:start=1654679946824121715,finish=1654679946838531261,duration=14409546,event=rm_riak_source[0Ktravis_time:start:0640d253[0Ktravis_time:end:0640d253:start=1654679946844860985,finish=1654679946855170210,duration=10309225,event=fix_rwky_redis[0Ktravis_time:start:2484ac7e[0K[31;1mTimeout waiting for network availability.[0m
travis_time:end:2484ac7e:start=1654679946861351993,finish=1654679967543183883,duration=20681831890,event=wait_for_network[0Ktravis_time:start:0c6e949c[0Ktravis_time:end:0c6e949c:start=1654679967549290608,finish=1654680152883659100,duration=185334368492,event=update_apt_keys[0Ktravis_time:start:191caec6[0Ktravis_time:end:191caec6:start=1654680152889409278,finish=1654680152957991809,duration=68582531,event=fix_hhvm_source[0Ktravis_time:start:06acaead[0Ktravis_time:end:06acaead:start=1654680152964602957,finish=1654680152970743896,duration=6140939,event=update_mongo_arch[0Ktravis_time:start:1bf7dd64[0Ktravis_time:end:1bf7dd64:start=1654680152975947572,finish=1654680153024598612,duration=48651040,event=fix_sudo_enabled_trusty[0Ktravis_time:start:07ed0a0b[0Ktravis_time:end:07ed0a0b:start=1654680153030820743,finish=1654680153045716881,duration=14896138,event=clean_up_path[0Ktravis_time:start:00c77be8[0Ktravis_time:end:00c77be8:start=1654680153051980703,finish=1654680153067811506,duration=15830803,event=fix_resolv_conf[0Ktravis_time:start:02a55a3f[0Ktravis_time:end:02a55a3f:start=1654680153073962323,finish=1654680153091354698,duration=17392375,event=fix_etc_hosts[0Ktravis_time:start:014c61a6[0Ktravis_time:end:014c61a6:start=1654680153097633179,finish=1654680153112682724,duration=15049545,event=fix_mvn_settings_xml[0Ktravis_time:start:04e3c918[0Ktravis_time:end:04e3c918:start=1654680153118095166,finish=1654680153135792575,duration=17697409,event=no_ipv6_localhost[0Ktravis_time:start:23293ba0[0Ktravis_time:end:23293ba0:start=1654680153142088395,finish=1654680153194601723,duration=52513328,event=fix_etc_mavenrc[0Ktravis_time:start:38f2a65b[0Ktravis_time:end:38f2a65b:start=1654680153201851220,finish=1654680153208606206,duration=6754986,event=fix_wwdr_certificate[0Ktravis_time:start:12e7402a[0Ktravis_time:end:12e7402a:start=1654680153215489979,finish=1654680153254930928,duration=39440949,event=put_localhost_first[0Ktravis_time:start:2a604f53[0Ktravis_time:end:2a604f53:start=1654680153260772856,finish=1654680153265370753,duration=4597897,event=home_paths[0Ktravis_time:start:14e1d754[0Ktravis_time:end:14e1d754:start=1654680153271444526,finish=1654680153292590883,duration=21146357,event=disable_initramfs[0Ktravis_time:start:01d01f87[0Ktravis_time:end:01d01f87:start=1654680153299315284,finish=1654680153322308026,duration=22992742,event=disable_ssh_roaming[0Ktravis_time:start:01769af0[0Ktravis_time:end:01769af0:start=1654680153328059379,finish=1654680153331953543,duration=3894164,event=debug_tools[0Ktravis_time:start:0cb45ebe[0Ktravis_time:end:0cb45ebe:start=1654680153337698435,finish=1654680153343247166,duration=5548731,event=uninstall_oclint[0Ktravis_time:start:0d570ec0[0Ktravis_time:end:0d570ec0:start=1654680153349428870,finish=1654680153355170668,duration=5741798,event=rvm_use[0Ktravis_time:start:2ea1b1e7[0Ktravis_time:end:2ea1b1e7:start=1654680153360748277,finish=1654680153375228099,duration=14479822,event=rm_etc_boto_cfg[0Ktravis_time:start:1948bde0[0Ktravis_time:end:1948bde0:start=1654680153380872826,finish=1654680153385318489,duration=4445663,event=rm_oraclejdk8_symlink[0Ktravis_time:start:03d31181[0Ktravis_time:end:03d31181:start=1654680153391757788,finish=1654680153434068046,duration=42310258,event=enable_i386[0Ktravis_time:start:2958b10e[0Ktravis_time:end:2958b10e:start=1654680153440623663,finish=1654680153448036007,duration=7412344,event=update_rubygems[0Ktravis_time:start:02b3310a[0Ktravis_time:end:02b3310a:start=1654680153454156965,finish=1654680153462639995,duration=8483030,event=ensure_path_components[0Ktravis_time:start:00447a80[0Ktravis_time:end:00447a80:start=1654680153468628422,finish=1654680153473280904,duration=4652482,event=redefine_curl[0Ktravis_time:start:02121600[0Ktravis_time:end:02121600:start=1654680153479533421,finish=1654680153483510558,duration=3977137,event=nonblock_pipe[0Ktravis_time:start:1077215c[0Ktravis_time:end:1077215c:start=1654680153489324877,finish=1654680156468461048,duration=2979136171,event=apt_get_update[0Ktravis_time:start:0283390f[0Ktravis_time:end:0283390f:start=1654680156475644737,finish=1654680156480813459,duration=5168722,event=deprecate_xcode_64[0Ktravis_time:start:1e6fde46[0Ktravis_time:end:1e6fde46:start=1654680156487420564,finish=1654680156495901541,duration=8480977,event=update_heroku[0Ktravis_time:start:0dc83c48[0Ktravis_time:end:0dc83c48:start=1654680156503050403,finish=1654680156507840476,duration=4790073,event=shell_session_update[0Ktravis_time:start:0134e0af[0Ktravis_fold:start:docker_mtu[0Ktee: /etc/docker/daemon.json: No such file or directory
docker: unrecognized service
travis_fold:end:docker_mtu[0Ktravis_time:end:0134e0af:start=1654680156513935954,finish=1654680156552684019,duration=38748065,event=set_docker_mtu[0Ktravis_time:start:068235a6[0Ktravis_time:end:068235a6:start=1654680156559296840,finish=1654680156576773962,duration=17477122,event=resolvconf[0K
travis_fold:start:install_jdk[0K[33;1mInstalling oraclejdk8[0m
$ jdk_switcher use "oraclejdk8"
Switching to Oracle JDK8 (java-8-oracle), JAVA_HOME will be set to /usr/lib/jvm/java-8-oracle
travis_fold:end:install_jdk[0Ktravis_time:start:00627a28[0Ktravis_time:end:00627a28:start=1654680156598909179,finish=1654680156603206190,duration=4297011,event=fix_ps4[0Ktravis_time:start:16c2ae9e[0K
$ cd failed/spring-projects/spring-data-commons

travis_time:end:16c2ae9e:start=1654680156608785836,finish=1654680156613945511,duration=5159675,event=checkout[0Ktravis_time:start:26a2c13d[0K
[33;1mSetting environment variables from .travis.yml[0m
$ export PROFILE=spring42

travis_time:end:26a2c13d:start=1654680156620201354,finish=1654680156847460394,duration=227259040,event=env[0Ktravis_fold:start:cache.1[0KSetting up build cache
$ export CASHER_DIR=${TRAVIS_HOME}/.casher
travis_time:start:16181072[0K$ Installing caching utilities

[31;1mThe command "eval curl -sf  -o $CASHER_DIR/bin/casher https:///files/casher " failed. Retrying, 2 of 3.[0m


[31;1mThe command "eval curl -sf  -o $CASHER_DIR/bin/casher https:///files/casher " failed. Retrying, 3 of 3.[0m


[31;1mThe command "eval curl -sf  -o $CASHER_DIR/bin/casher https:///files/casher " failed 3 times.[0m

travis_time:end:16181072:start=1654680164796942697,finish=1654680167898995457,duration=3102052760,event=setup_casher[0Ktravis_time:start:240e6577[0K$ Installing caching utilities from the Travis CI server (https:///files/casher) failed, failing over to using GitHub (https://raw.githubusercontent.com/travis-ci/casher/bash/bin/casher)
travis_time:end:240e6577:start=1654680167907996402,finish=1654680168104400778,duration=196404376,event=setup_casher[0Ktravis_time:start:0ad0e2d8[0Ktravis_time:end:0ad0e2d8:start=1654680168114886749,finish=1654680168120985030,duration=6098281,event=setup_casher[0Ktravis_time:start:0f7d736c[0KYAML safe loading is not available. Please upgrade psych to a version that supports safe loading (>= 2.0).
attempting to download cache archive[0m
[31;1mcould not download cache[0m
travis_time:end:0f7d736c:start=1654680168128183457,finish=1654680169506309451,duration=1378125994,event=setup_casher[0Ktravis_time:start:09b8a6e2[0Ktravis_time:end:09b8a6e2:start=1654680169514321600,finish=1654680169519561135,duration=5239535,event=setup_casher[0Ktravis_time:start:187d1374[0KYAML safe loading is not available. Please upgrade psych to a version that supports safe loading (>= 2.0).
adding /home/travis/.m2 to cache[0m
travis_time:end:187d1374:start=1654680169527664357,finish=1654680178799722175,duration=9272057818,event=setup_casher[0Ktravis_fold:end:cache.1[0K
$ java -Xmx32m -version
java version "1.8.0_31"
Java(TM) SE Runtime Environment (build 1.8.0_31-b13)
Java HotSpot(TM) 64-Bit Server VM (build 25.31-b07, mixed mode)
$ javac -J-Xmx32m -version
javac 1.8.0_31
travis_fold:start:install[0Ktravis_time:start:224cd16a[0K$ true
travis_time:end:224cd16a:start=1654680179077022283,finish=1654680179082221833,duration=5199550,event=install[0Ktravis_fold:end:install[0Ktravis_time:start:0f99dbf9[0K$ mvn clean dependency:list test -P${PROFILE} -Dsort
Java HotSpot(TM) 64-Bit Server VM warning: ignoring option MaxPermSize=192m; support was removed in 8.0
[INFO] Scanning for projects...
Downloading: https://repo.spring.io/libs-snapshot/org/springframework/data/build/spring-data-parent/1.8.0.BUILD-SNAPSHOT/maven-metadata.xml
Downloading: https://repository.apache.org/snapshots/org/springframework/data/build/spring-data-parent/1.8.0.BUILD-SNAPSHOT/maven-metadata.xml
511/802 B   802/802 B               Downloaded: https://repo.spring.io/libs-snapshot/org/springframework/data/build/spring-data-parent/1.8.0.BUILD-SNAPSHOT/maven-metadata.xml (802 B at 0.9 KB/sec)
            Downloading: https://repo.spring.io/libs-snapshot/org/springframework/data/build/spring-data-build/1.8.0.BUILD-SNAPSHOT/maven-metadata.xml
Downloading: https://repository.apache.org/snapshots/org/springframework/data/build/spring-data-build/1.8.0.BUILD-SNAPSHOT/maven-metadata.xml
511/801 B   801/801 B               Downloaded: https://repo.spring.io/libs-snapshot/org/springframework/data/build/spring-data-build/1.8.0.BUILD-SNAPSHOT/maven-metadata.xml (801 B at 4.4 KB/sec)
            [INFO]                                                                         
[INFO] ------------------------------------------------------------------------
[INFO] Building Spring Data Core 1.12.0.DATACMNS-820-SNAPSHOT
[INFO] ------------------------------------------------------------------------
[INFO] 
[INFO] --- maven-clean-plugin:2.5:clean (default-clean) @ spring-data-commons ---
[INFO] 
[INFO] --- maven-dependency-plugin:2.10:list (default-cli) @ spring-data-commons ---
[INFO] 
[INFO] The following files have been resolved:
[INFO]    aopalliance:aopalliance:jar:1.0:compile
[INFO]    ch.qos.logback:logback-classic:jar:1.1.6:test
[INFO]    ch.qos.logback:logback-core:jar:1.1.6:test
[INFO]    com.fasterxml.jackson.core:jackson-annotations:jar:2.6.0:compile
[INFO]    com.fasterxml.jackson.core:jackson-core:jar:2.6.5:compile
[INFO]    com.fasterxml.jackson.core:jackson-databind:jar:2.6.5:compile
[INFO]    com.google.code.findbugs:annotations:jar:2.0.1:compile
[INFO]    com.google.code.findbugs:jsr305:jar:1.3.9:compile
[INFO]    com.google.guava:guava:jar:19.0:compile
[INFO]    com.infradna.tool:bridge-method-annotation:jar:1.13:compile
[INFO]    com.mysema.codegen:codegen:jar:0.6.8:compile
[INFO]    com.mysema.commons:mysema-commons-lang:jar:0.2.4:compile
[INFO]    com.querydsl:querydsl-apt:jar:4.1.0:provided
[INFO]    com.querydsl:querydsl-codegen:jar:4.1.0:compile
[INFO]    com.querydsl:querydsl-collections:jar:4.1.0:compile
[INFO]    com.querydsl:querydsl-core:jar:4.1.0:compile
[INFO]    com.sun.xml.bind:jaxb-impl:jar:2.2.3U1:test
[INFO]    javax.activation:activation:jar:1.1:test
[INFO]    javax.annotation:jsr250-api:jar:1.0:compile
[INFO]    javax.ejb:ejb-api:jar:3.0:compile
[INFO]    javax.el:el-api:jar:1.0:test
[INFO]    javax.enterprise:cdi-api:jar:1.0:provided
[INFO]    javax.inject:javax.inject:jar:1:compile
[INFO]    javax.servlet:javax.servlet-api:jar:3.0.1:provided
[INFO]    javax.transaction:javax.transaction-api:jar:1.2:test
[INFO]    javax.xml.bind:jaxb-api:jar:2.2.2:test
[INFO]    javax.xml.stream:stax-api:jar:1.0-2:test
[INFO]    joda-time:joda-time:jar:2.9.2:compile
[INFO]    junit:junit:jar:4.12:test
[INFO]    org.apache.geronimo.specs:geronimo-atinject_1.0_spec:jar:1.0:test
[INFO]    org.apache.geronimo.specs:geronimo-jcdi_1.0_spec:jar:1.0:test
[INFO]    org.apache.openwebbeans.test:cditest-owb:jar:1.2.8:test
[INFO]    org.apache.openwebbeans.test:cditest:jar:1.2.8:test
[INFO]    org.apache.openwebbeans:openwebbeans-impl:jar:1.2.8:test
[INFO]    org.apache.openwebbeans:openwebbeans-spi:jar:1.2.8:test
[INFO]    org.apache.xbean:xbean-asm5-shaded:jar:4.1:test
[INFO]    org.apache.xbean:xbean-finder-shaded:jar:4.1:test
[INFO]    org.codehaus.groovy:groovy-all:jar:2.4.4:test
[INFO]    org.eclipse.jdt.core.compiler:ecj:jar:4.3.1:compile
[INFO]    org.hamcrest:hamcrest-core:jar:1.3:test
[INFO]    org.hamcrest:hamcrest-library:jar:1.3:test
[INFO]    org.javassist:javassist:jar:3.18.2-GA:compile
[INFO]    org.jboss.interceptor:jboss-interceptor-api:jar:1.1:provided
[INFO]    org.mockito:mockito-core:jar:1.10.19:test
[INFO]    org.objenesis:objenesis:jar:2.1:test
[INFO]    org.projectlombok:lombok:jar:1.16.8:compile
[INFO]    org.reflections:reflections:jar:0.9.9:compile
[INFO]    org.scala-lang:scala-library:jar:2.11.7:compile
[INFO]    org.slf4j:jcl-over-slf4j:jar:1.7.19:runtime
[INFO]    org.slf4j:slf4j-api:jar:1.7.19:compile
[INFO]    org.springframework.hateoas:spring-hateoas:jar:0.19.0.RELEASE:compile
[INFO]    org.springframework:spring-aop:jar:4.2.5.RELEASE:compile
[INFO]    org.springframework:spring-beans:jar:4.2.5.RELEASE:compile
[INFO]    org.springframework:spring-context:jar:4.2.5.RELEASE:compile
[INFO]    org.springframework:spring-core:jar:4.2.5.RELEASE:compile
[INFO]    org.springframework:spring-expression:jar:4.2.5.RELEASE:compile
[INFO]    org.springframework:spring-oxm:jar:4.2.5.RELEASE:compile
[INFO]    org.springframework:spring-test:jar:4.2.5.RELEASE:test
[INFO]    org.springframework:spring-tx:jar:4.2.5.RELEASE:compile
[INFO]    org.springframework:spring-web:jar:4.2.5.RELEASE:compile
[INFO]    org.springframework:spring-webmvc:jar:4.2.5.RELEASE:compile
[INFO]    org.threeten:threetenbp:jar:1.3.1:compile
[INFO]    xmlunit:xmlunit:jar:1.6:test
[INFO] 
[INFO] 
[INFO] --- maven-enforcer-plugin:1.3.1:enforce (enforce-rules) @ spring-data-commons ---
[INFO] 
[INFO] --- maven-resources-plugin:2.6:resources (default-resources) @ spring-data-commons ---
[INFO] Using 'UTF-8' encoding to copy filtered resources.
[INFO] Copying 16 resources
[INFO] 
[INFO] --- maven-compiler-plugin:3.3:compile (default-compile) @ spring-data-commons ---
[INFO] Changes detected - recompiling the module!
[INFO] Compiling 352 source files to /home/travis/build/failed/spring-projects/spring-data-commons/target/classes
[INFO] /home/travis/build/failed/spring-projects/spring-data-commons/src/main/java/org/springframework/data/convert/JodaTimeConverters.java: Some input files use or override a deprecated API.
[INFO] /home/travis/build/failed/spring-projects/spring-data-commons/src/main/java/org/springframework/data/convert/JodaTimeConverters.java: Recompile with -Xlint:deprecation for details.
[INFO] 
[INFO] --- com.springsource.bundlor.maven:1.0.0.RELEASE:bundlor (bundlor) @ spring-data-commons ---
Manifest written to '/home/travis/build/failed/spring-projects/spring-data-commons/target/classes/META-INF/MANIFEST.MF'
[INFO] 
[INFO] --- apt-maven-plugin:1.1.3:test-process (default) @ spring-data-commons ---
[INFO] 
[INFO] --- maven-resources-plugin:2.6:testResources (default-testResources) @ spring-data-commons ---
[INFO] Using 'UTF-8' encoding to copy filtered resources.
[INFO] Copying 11 resources
[INFO] 
[INFO] --- maven-compiler-plugin:3.3:testCompile (default-testCompile) @ spring-data-commons ---
[INFO] Changes detected - recompiling the module!
[INFO] Compiling 216 source files to /home/travis/build/failed/spring-projects/spring-data-commons/target/test-classes
[INFO] /home/travis/build/failed/spring-projects/spring-data-commons/src/test/java/org/springframework/data/convert/BytecodeGeneratingEntityInstantiatorUnitTests.java: Some input files use or override a deprecated API.
[INFO] /home/travis/build/failed/spring-projects/spring-data-commons/src/test/java/org/springframework/data/convert/BytecodeGeneratingEntityInstantiatorUnitTests.java: Recompile with -Xlint:deprecation for details.
[INFO] 
[INFO] --- maven-surefire-plugin:2.19.1:test (default-test) @ spring-data-commons ---

-------------------------------------------------------
 T E S T S
-------------------------------------------------------
Running org.springframework.data.config.TypeFilterParserUnitTests
Tests run: 2, Failures: 0, Errors: 0, Skipped: 0, Time elapsed: 0.415 sec - in org.springframework.data.config.TypeFilterParserUnitTests
Running org.springframework.data.domain.jaxb.SpringDataJaxbUnitTests
Tests run: 3, Failures: 0, Errors: 0, Skipped: 0, Time elapsed: 0.28 sec - in org.springframework.data.domain.jaxb.SpringDataJaxbUnitTests
Running org.springframework.data.domain.RangeUnitTests
Tests run: 6, Failures: 0, Errors: 0, Skipped: 0, Time elapsed: 0 sec - in org.springframework.data.domain.RangeUnitTests
Running org.springframework.data.domain.DirectionUnitTests
Tests run: 2, Failures: 0, Errors: 0, Skipped: 0, Time elapsed: 0 sec - in org.springframework.data.domain.DirectionUnitTests
Running org.springframework.data.domain.PageRequestUnitTests
Tests run: 6, Failures: 0, Errors: 0, Skipped: 0, Time elapsed: 0 sec - in org.springframework.data.domain.PageRequestUnitTests
Running org.springframework.data.domain.PageImplUnitTests
Tests run: 14, Failures: 0, Errors: 0, Skipped: 0, Time elapsed: 0.006 sec - in org.springframework.data.domain.PageImplUnitTests
Running org.springframework.data.domain.SortUnitTests
Tests run: 14, Failures: 0, Errors: 0, Skipped: 0, Time elapsed: 0.002 sec - in org.springframework.data.domain.SortUnitTests
Running org.springframework.data.repository.config.DefaultRepositoryConfigurationUnitTests
Tests run: 1, Failures: 0, Errors: 0, Skipped: 0, Time elapsed: 0.01 sec - in org.springframework.data.repository.config.DefaultRepositoryConfigurationUnitTests
Running org.springframework.data.repository.config.AnnotationRepositoryConfigurationSourceUnitTests
Tests run: 9, Failures: 0, Errors: 0, Skipped: 0, Time elapsed: 0.157 sec - in org.springframework.data.repository.config.AnnotationRepositoryConfigurationSourceUnitTests
Running org.springframework.data.repository.config.RepositoryBeanDefinitionRegistrarSupportUnitTests
Tests run: 2, Failures: 0, Errors: 0, Skipped: 0, Time elapsed: 0.224 sec - in org.springframework.data.repository.config.RepositoryBeanDefinitionRegistrarSupportUnitTests
Running org.springframework.data.repository.config.ResourceReaderRepositoryPopulatorBeanDefinitionParserIntegrationTests
Tests run: 2, Failures: 0, Errors: 0, Skipped: 0, Time elapsed: 0.418 sec - in org.springframework.data.repository.config.ResourceReaderRepositoryPopulatorBeanDefinitionParserIntegrationTests
Running org.springframework.data.repository.config.RepositoryBeanNameGeneratorUnitTests
Tests run: 2, Failures: 0, Errors: 0, Skipped: 0, Time elapsed: 0.001 sec - in org.springframework.data.repository.config.RepositoryBeanNameGeneratorUnitTests
Running org.springframework.data.repository.config.RepositoryConfigurationExtensionSupportUnitTests
Tests run: 4, Failures: 0, Errors: 0, Skipped: 0, Time elapsed: 0.012 sec - in org.springframework.data.repository.config.RepositoryConfigurationExtensionSupportUnitTests
Running org.springframework.data.repository.config.RepositoryComponentProviderUnitTests
Tests run: 3, Failures: 0, Errors: 0, Skipped: 0, Time elapsed: 0.179 sec - in org.springframework.data.repository.config.RepositoryComponentProviderUnitTests
Running org.springframework.data.repository.config.XmlRepositoryConfigurationSourceUnitTests
Tests run: 1, Failures: 0, Errors: 0, Skipped: 0, Time elapsed: 0.045 sec - in org.springframework.data.repository.config.XmlRepositoryConfigurationSourceUnitTests
Running org.springframework.data.repository.config.RepositoryBeanDefinitionRegistrarSupportIntegrationTests
Tests run: 3, Failures: 0, Errors: 0, Skipped: 0, Time elapsed: 0.657 sec - in org.springframework.data.repository.config.RepositoryBeanDefinitionRegistrarSupportIntegrationTests
Running org.springframework.data.repository.init.Jackson2ResourceReaderIntegrationTests
Tests run: 1, Failures: 0, Errors: 0, Skipped: 0, Time elapsed: 0.046 sec - in org.springframework.data.repository.init.Jackson2ResourceReaderIntegrationTests
Running org.springframework.data.repository.init.ResourceReaderRepositoryInitializerUnitTests
Tests run: 3, Failures: 0, Errors: 0, Skipped: 0, Time elapsed: 0.208 sec - in org.springframework.data.repository.init.ResourceReaderRepositoryInitializerUnitTests
Running org.springframework.data.repository.cdi.CdiRepositoryBeanUnitTests
Tests run: 8, Failures: 0, Errors: 0, Skipped: 0, Time elapsed: 0.016 sec - in org.springframework.data.repository.cdi.CdiRepositoryBeanUnitTests
Running org.springframework.data.repository.cdi.WebbeansCdiRepositoryExtensionSupportIntegrationTests
Jun 08, 2022 9:23:22 AM org.apache.webbeans.lifecycle.AbstractLifeCycle bootstrapApplication
INFO: OpenWebBeans Container is starting...
Jun 08, 2022 9:23:22 AM org.apache.webbeans.corespi.scanner.AbstractMetaDataDiscovery addWebBeansXmlLocation
INFO: added beans.xml marker: file:/home/travis/build/failed/spring-projects/spring-data-commons/target/test-classes/META-INF/beans.xml
Jun 08, 2022 9:23:23 AM org.apache.webbeans.config.BeansDeployer validateInjectionPoints
INFO: All injection points were validated successfully.
Jun 08, 2022 9:23:23 AM org.apache.webbeans.lifecycle.AbstractLifeCycle bootstrapApplication
INFO: OpenWebBeans Container has started, it took [624] ms.
Tests run: 2, Failures: 0, Errors: 0, Skipped: 0, Time elapsed: 0.734 sec - in org.springframework.data.repository.cdi.WebbeansCdiRepositoryExtensionSupportIntegrationTests
Running org.springframework.data.repository.support.DomainClassConverterIntegrationTests
Tests run: 1, Failures: 0, Errors: 0, Skipped: 0, Time elapsed: 0.019 sec - in org.springframework.data.repository.support.DomainClassConverterIntegrationTests
Running org.springframework.data.repository.support.CrudRepositoryInvokerUnitTests
Tests run: 9, Failures: 0, Errors: 0, Skipped: 0, Time elapsed: 0.046 sec - in org.springframework.data.repository.support.CrudRepositoryInvokerUnitTests
Running org.springframework.data.repository.support.ReflectionRepositoryInvokerUnitTests
Tests run: 15, Failures: 0, Errors: 0, Skipped: 0, Time elapsed: 0.128 sec - in org.springframework.data.repository.support.ReflectionRepositoryInvokerUnitTests
Running org.springframework.data.repository.support.DomainClassPropertyEditorRegistrarUnitTests
Tests run: 2, Failures: 0, Errors: 0, Skipped: 0, Time elapsed: 0.02 sec - in org.springframework.data.repository.support.DomainClassPropertyEditorRegistrarUnitTests
Running org.springframework.data.repository.support.DomainClassPropertyEditorUnitTests
Tests run: 6, Failures: 0, Errors: 0, Skipped: 0, Time elapsed: 0.019 sec - in org.springframework.data.repository.support.DomainClassPropertyEditorUnitTests
Running org.springframework.data.repository.support.MethodParametersUnitTests
Tests run: 2, Failures: 0, Errors: 0, Skipped: 0, Time elapsed: 0 sec - in org.springframework.data.repository.support.MethodParametersUnitTests
Running org.springframework.data.repository.support.RepositoriesIntegrationTests
Tests run: 2, Failures: 0, Errors: 0, Skipped: 0, Time elapsed: 0.013 sec - in org.springframework.data.repository.support.RepositoriesIntegrationTests
Running org.springframework.data.repository.support.DefaultRepositoryInvokerFactoryIntegrationTests
Tests run: 5, Failures: 0, Errors: 0, Skipped: 0, Time elapsed: 0.015 sec - in org.springframework.data.repository.support.DefaultRepositoryInvokerFactoryIntegrationTests
Running org.springframework.data.repository.support.PaginginAndSortingRepositoryInvokerUnitTests
Tests run: 4, Failures: 0, Errors: 0, Skipped: 0, Time elapsed: 0.024 sec - in org.springframework.data.repository.support.PaginginAndSortingRepositoryInvokerUnitTests
Running org.springframework.data.repository.support.DomainClassConverterUnitTests
Tests run: 10, Failures: 0, Errors: 0, Skipped: 0, Time elapsed: 0.036 sec - in org.springframework.data.repository.support.DomainClassConverterUnitTests
Running org.springframework.data.repository.support.AnnotationAttributeUnitTests
Tests run: 3, Failures: 0, Errors: 0, Skipped: 0, Time elapsed: 0 sec - in org.springframework.data.repository.support.AnnotationAttributeUnitTests
Running org.springframework.data.repository.support.RepositoriesUnitTests
Tests run: 7, Failures: 0, Errors: 0, Skipped: 0, Time elapsed: 0.031 sec - in org.springframework.data.repository.support.RepositoriesUnitTests
Running org.springframework.data.repository.query.ResultProcessorUnitTests
Tests run: 9, Failures: 0, Errors: 3, Skipped: 0, Time elapsed: 0.05 sec <<< FAILURE! - in org.springframework.data.repository.query.ResultProcessorUnitTests
createsListOfProjectionsFromEntity(org.springframework.data.repository.query.ResultProcessorUnitTests)  Time elapsed: 0.014 sec  <<< ERROR!
java.lang.NullPointerException
	at org.springframework.data.repository.query.ResultProcessorUnitTests.createsListOfProjectionsFromEntity(ResultProcessorUnitTests.java:120)

createsDynamicProjectionFromEntity(org.springframework.data.repository.query.ResultProcessorUnitTests)  Time elapsed: 0.026 sec  <<< ERROR!
java.lang.NullPointerException
	at org.springframework.data.repository.query.ResultProcessorUnitTests.createsDynamicProjectionFromEntity(ResultProcessorUnitTests.java:148)

createsPageOfProjectionsFromEntity(org.springframework.data.repository.query.ResultProcessorUnitTests)  Time elapsed: 0.001 sec  <<< ERROR!
java.lang.NullPointerException
	at org.springframework.data.repository.query.ResultProcessorUnitTests.createsPageOfProjectionsFromEntity(ResultProcessorUnitTests.java:135)

Running org.springframework.data.repository.query.parser.PartTreeUnitTests
Tests run: 66, Failures: 0, Errors: 0, Skipped: 0, Time elapsed: 0.05 sec - in org.springframework.data.repository.query.parser.PartTreeUnitTests
Running org.springframework.data.repository.query.parser.OrderBySourceUnitTests
Tests run: 6, Failures: 0, Errors: 0, Skipped: 0, Time elapsed: 0.001 sec - in org.springframework.data.repository.query.parser.OrderBySourceUnitTests
Running org.springframework.data.repository.query.ReturnedTypeUnitTests
Tests run: 7, Failures: 0, Errors: 0, Skipped: 0, Time elapsed: 0.007 sec - in org.springframework.data.repository.query.ReturnedTypeUnitTests
Running org.springframework.data.repository.query.QueryMethodUnitTests
Tests run: 15, Failures: 0, Errors: 0, Skipped: 0, Time elapsed: 0.007 sec - in org.springframework.data.repository.query.QueryMethodUnitTests
Running org.springframework.data.repository.query.SimpleParameterAccessorUnitTests
Tests run: 9, Failures: 0, Errors: 0, Skipped: 0, Time elapsed: 0.007 sec - in org.springframework.data.repository.query.SimpleParameterAccessorUnitTests
Running org.springframework.data.repository.query.ParametersUnitTests
Tests run: 12, Failures: 0, Errors: 0, Skipped: 0, Time elapsed: 0.003 sec - in org.springframework.data.repository.query.ParametersUnitTests
Running org.springframework.data.repository.query.ExtensionAwareEvaluationContextProviderUnitTests
Tests run: 12, Failures: 0, Errors: 0, Skipped: 0, Time elapsed: 0.028 sec - in org.springframework.data.repository.query.ExtensionAwareEvaluationContextProviderUnitTests
Running org.springframework.data.repository.query.ParametersParameterAccessorUnitTests
Tests run: 3, Failures: 0, Errors: 0, Skipped: 0, Time elapsed: 0.002 sec - in org.springframework.data.repository.query.ParametersParameterAccessorUnitTests
Running org.springframework.data.repository.core.support.TransactionRepositoryFactoryBeanSupportUnitTests
Tests run: 1, Failures: 0, Errors: 0, Skipped: 0, Time elapsed: 0.012 sec - in org.springframework.data.repository.core.support.TransactionRepositoryFactoryBeanSupportUnitTests
Running org.springframework.data.repository.core.support.CustomAnnotationTransactionAttributeSourceUnitTests
Tests run: 1, Failures: 0, Errors: 0, Skipped: 0, Time elapsed: 0.002 sec - in org.springframework.data.repository.core.support.CustomAnnotationTransactionAttributeSourceUnitTests
Running org.springframework.data.repository.core.support.PersistableEntityInformationUnitTests
Tests run: 3, Failures: 0, Errors: 0, Skipped: 0, Time elapsed: 0.003 sec - in org.springframework.data.repository.core.support.PersistableEntityInformationUnitTests
Running org.springframework.data.repository.core.support.TransactionRepositoryProxyPostProcessorUnitTests
Tests run: 6, Failures: 0, Errors: 0, Skipped: 0, Time elapsed: 0.021 sec - in org.springframework.data.repository.core.support.TransactionRepositoryProxyPostProcessorUnitTests
Running org.springframework.data.repository.core.support.DefaultRepositoryMetadataUnitTests
Tests run: 12, Failures: 0, Errors: 0, Skipped: 0, Time elapsed: 0.003 sec - in org.springframework.data.repository.core.support.DefaultRepositoryMetadataUnitTests
Running org.springframework.data.repository.core.support.RepositoryInterfaceAwareBeanPostProcessorIntegrationTests
Tests run: 2, Failures: 0, Errors: 0, Skipped: 0, Time elapsed: 0.006 sec - in org.springframework.data.repository.core.support.RepositoryInterfaceAwareBeanPostProcessorIntegrationTests
Running org.springframework.data.repository.core.support.QueryExecutorMethodInterceptorUnitTests
Tests run: 2, Failures: 0, Errors: 0, Skipped: 0, Time elapsed: 0.006 sec - in org.springframework.data.repository.core.support.QueryExecutorMethodInterceptorUnitTests
Running org.springframework.data.repository.core.support.PersistentEntityInformationUnitTests
Tests run: 2, Failures: 0, Errors: 0, Skipped: 0, Time elapsed: 0.005 sec - in org.springframework.data.repository.core.support.PersistentEntityInformationUnitTests
Running org.springframework.data.repository.core.support.PersistenceExceptionTranslationRepositoryProxyPostProcessorUnitTests
Tests run: 2, Failures: 0, Errors: 0, Skipped: 0, Time elapsed: 0.003 sec - in org.springframework.data.repository.core.support.PersistenceExceptionTranslationRepositoryProxyPostProcessorUnitTests
Running org.springframework.data.repository.core.support.AnnotationRepositoryMetadataUnitTests
Tests run: 2, Failures: 0, Errors: 0, Skipped: 0, Time elapsed: 0 sec - in org.springframework.data.repository.core.support.AnnotationRepositoryMetadataUnitTests
Running org.springframework.data.repository.core.support.DefaultRepositoryInformationUnitTests
Tests run: 12, Failures: 0, Errors: 0, Skipped: 0, Time elapsed: 0.012 sec - in org.springframework.data.repository.core.support.DefaultRepositoryInformationUnitTests
Running org.springframework.data.repository.core.support.RepositoryFactoryBeanSupportUnitTests
Tests run: 2, Failures: 0, Errors: 0, Skipped: 0, Time elapsed: 0.003 sec - in org.springframework.data.repository.core.support.RepositoryFactoryBeanSupportUnitTests
Running org.springframework.data.repository.core.support.ReflectionEntityInformationUnitTests
Tests run: 3, Failures: 0, Errors: 0, Skipped: 0, Time elapsed: 0.001 sec - in org.springframework.data.repository.core.support.ReflectionEntityInformationUnitTests
Running org.springframework.data.repository.core.support.RepositoryFactorySupportUnitTests
Tests run: 16, Failures: 0, Errors: 0, Skipped: 0, Time elapsed: 1.7 sec - in org.springframework.data.repository.core.support.RepositoryFactorySupportUnitTests
Running org.springframework.data.repository.core.support.QueryExecutionResultHandlerUnitTests
Tests run: 5, Failures: 0, Errors: 0, Skipped: 0, Time elapsed: 0.003 sec - in org.springframework.data.repository.core.support.QueryExecutionResultHandlerUnitTests
Running org.springframework.data.repository.core.support.RepositoryInterfaceAwareBeanPostProcessorUnitTests
Tests run: 4, Failures: 0, Errors: 0, Skipped: 0, Time elapsed: 0.027 sec - in org.springframework.data.repository.core.support.RepositoryInterfaceAwareBeanPostProcessorUnitTests
Running org.springframework.data.repository.core.support.DefaultCrudMethodsUnitTests
Tests run: 11, Failures: 0, Errors: 0, Skipped: 0, Time elapsed: 0.005 sec - in org.springframework.data.repository.core.support.DefaultCrudMethodsUnitTests
Running org.springframework.data.repository.core.support.AbstractEntityInformationUnitTests
Tests run: 5, Failures: 0, Errors: 0, Skipped: 0, Time elapsed: 0 sec - in org.springframework.data.repository.core.support.AbstractEntityInformationUnitTests
Running org.springframework.data.repository.core.support.AbstractRepositoryMetadataUnitTests
Tests run: 8, Failures: 0, Errors: 0, Skipped: 0, Time elapsed: 0.002 sec - in org.springframework.data.repository.core.support.AbstractRepositoryMetadataUnitTests
Running org.springframework.data.repository.util.QueryExecutionConvertersUnitTests
Tests run: 11, Failures: 0, Errors: 0, Skipped: 0, Time elapsed: 0.004 sec - in org.springframework.data.repository.util.QueryExecutionConvertersUnitTests
Running org.springframework.data.repository.util.ClassUtilsUnitTests
Tests run: 3, Failures: 0, Errors: 0, Skipped: 0, Time elapsed: 0.001 sec - in org.springframework.data.repository.util.ClassUtilsUnitTests
Running org.springframework.data.web.config.PageableResourcesAssemblerIntegrationTests
Tests run: 3, Failures: 0, Errors: 0, Skipped: 1, Time elapsed: 0.237 sec - in org.springframework.data.web.config.PageableResourcesAssemblerIntegrationTests
Running org.springframework.data.web.config.SpringDataWebConfigurationUnitTests
Tests run: 1, Failures: 0, Errors: 0, Skipped: 0, Time elapsed: 0.057 sec - in org.springframework.data.web.config.SpringDataWebConfigurationUnitTests
Running org.springframework.data.web.config.EnableSpringDataWebSupportIntegrationTests
Tests run: 8, Failures: 0, Errors: 0, Skipped: 0, Time elapsed: 1.667 sec - in org.springframework.data.web.config.EnableSpringDataWebSupportIntegrationTests
Running org.springframework.data.web.MapDataBinderUnitTests
Tests run: 4, Failures: 0, Errors: 0, Skipped: 0, Time elapsed: 0.008 sec - in org.springframework.data.web.MapDataBinderUnitTests
Running org.springframework.data.web.querydsl.QuerydslPredicateArgumentResolverUnitTests
Tests run: 14, Failures: 0, Errors: 0, Skipped: 0, Time elapsed: 0.031 sec - in org.springframework.data.web.querydsl.QuerydslPredicateArgumentResolverUnitTests
Running org.springframework.data.web.PagedResourcesAssemblerArgumentResolverUnitTests
Tests run: 10, Failures: 0, Errors: 0, Skipped: 0, Time elapsed: 0.011 sec - in org.springframework.data.web.PagedResourcesAssemblerArgumentResolverUnitTests
Running org.springframework.data.web.PagedResourcesAssemblerUnitTests
Tests run: 18, Failures: 0, Errors: 0, Skipped: 0, Time elapsed: 0.006 sec - in org.springframework.data.web.PagedResourcesAssemblerUnitTests
Running org.springframework.data.web.HateoasSortHandlerMethodArgumentResolverUnitTests
Tests run: 24, Failures: 0, Errors: 0, Skipped: 0, Time elapsed: 0.006 sec - in org.springframework.data.web.HateoasSortHandlerMethodArgumentResolverUnitTests
Running org.springframework.data.web.SortHandlerMethodArgumentResolverUnitTests
Tests run: 21, Failures: 0, Errors: 0, Skipped: 0, Time elapsed: 0.002 sec - in org.springframework.data.web.SortHandlerMethodArgumentResolverUnitTests
Running org.springframework.data.web.PageableHandlerMethodArgumentResolverUnitTests
Tests run: 28, Failures: 0, Errors: 0, Skipped: 0, Time elapsed: 0.004 sec - in org.springframework.data.web.PageableHandlerMethodArgumentResolverUnitTests
Running org.springframework.data.web.HateoasPageableHandlerMethodArgumentResolverUnitTests
Tests run: 34, Failures: 0, Errors: 0, Skipped: 0, Time elapsed: 0.003 sec - in org.springframework.data.web.HateoasPageableHandlerMethodArgumentResolverUnitTests
Running org.springframework.data.mapping.model.CamelCaseAbbreviatingFieldNamingStrategyUnitTests
Tests run: 1, Failures: 0, Errors: 0, Skipped: 0, Time elapsed: 0.003 sec - in org.springframework.data.mapping.model.CamelCaseAbbreviatingFieldNamingStrategyUnitTests
Running org.springframework.data.mapping.model.AbstractPersistentPropertyUnitTests
Tests run: 17, Failures: 0, Errors: 0, Skipped: 0, Time elapsed: 0.008 sec - in org.springframework.data.mapping.model.AbstractPersistentPropertyUnitTests
Running org.springframework.data.mapping.model.SpelExpressionParameterProviderUnitTests
Tests run: 5, Failures: 0, Errors: 0, Skipped: 0, Time elapsed: 0.009 sec - in org.springframework.data.mapping.model.SpelExpressionParameterProviderUnitTests
Running org.springframework.data.mapping.model.PersistentEntityParameterValueProviderUnitTests
Tests run: 2, Failures: 0, Errors: 0, Skipped: 0, Time elapsed: 0.003 sec - in org.springframework.data.mapping.model.PersistentEntityParameterValueProviderUnitTests
Running org.springframework.data.mapping.model.SnakeCaseFieldNamingStrategyUnitTests
Tests run: 1, Failures: 0, Errors: 0, Skipped: 0, Time elapsed: 0.001 sec - in org.springframework.data.mapping.model.SnakeCaseFieldNamingStrategyUnitTests
Running org.springframework.data.mapping.model.ConvertingPropertyAccessorUnitTests
Tests run: 8, Failures: 0, Errors: 0, Skipped: 0, Time elapsed: 0.003 sec - in org.springframework.data.mapping.model.ConvertingPropertyAccessorUnitTests
Running org.springframework.data.mapping.model.AnnotationBasedPersistentPropertyUnitTests
Tests run: 17, Failures: 0, Errors: 0, Skipped: 0, Time elapsed: 0.027 sec - in org.springframework.data.mapping.model.AnnotationBasedPersistentPropertyUnitTests
Running org.springframework.data.mapping.model.IdPropertyIdentifierAccessorUnitTests
Tests run: 3, Failures: 0, Errors: 0, Skipped: 0, Time elapsed: 0 sec - in org.springframework.data.mapping.model.IdPropertyIdentifierAccessorUnitTests
Running org.springframework.data.mapping.model.BasicPersistentEntityUnitTests
Tests run: 13, Failures: 0, Errors: 0, Skipped: 0, Time elapsed: 0.005 sec - in org.springframework.data.mapping.model.BasicPersistentEntityUnitTests
Running org.springframework.data.mapping.SimpleTypeHolderUnitTests
Tests run: 10, Failures: 0, Errors: 0, Skipped: 0, Time elapsed: 0.001 sec - in org.springframework.data.mapping.SimpleTypeHolderUnitTests
Running org.springframework.data.mapping.context.PersistentEntitiesUnitTests
Tests run: 3, Failures: 0, Errors: 0, Skipped: 0, Time elapsed: 0.004 sec - in org.springframework.data.mapping.context.PersistentEntitiesUnitTests
Running org.springframework.data.mapping.context.DefaultPersistenPropertyPathUnitTests
Tests run: 12, Failures: 0, Errors: 0, Skipped: 0, Time elapsed: 0.005 sec - in org.springframework.data.mapping.context.DefaultPersistenPropertyPathUnitTests
Running org.springframework.data.mapping.context.PropertyMatchUnitTests
Tests run: 5, Failures: 0, Errors: 0, Skipped: 0, Time elapsed: 0 sec - in org.springframework.data.mapping.context.PropertyMatchUnitTests
Running org.springframework.data.mapping.context.AbstractMappingContextIntegrationTests
Tests run: 4, Failures: 0, Errors: 0, Skipped: 0, Time elapsed: 1.457 sec - in org.springframework.data.mapping.context.AbstractMappingContextIntegrationTests
Running org.springframework.data.mapping.context.AbstractMappingContextUnitTests
Tests run: 17, Failures: 0, Errors: 0, Skipped: 0, Time elapsed: 0.031 sec - in org.springframework.data.mapping.context.AbstractMappingContextUnitTests
Running org.springframework.data.mapping.context.MappingContextEventUnitTests
Tests run: 3, Failures: 0, Errors: 0, Skipped: 0, Time elapsed: 0.006 sec - in org.springframework.data.mapping.context.MappingContextEventUnitTests
Running org.springframework.data.mapping.context.MappingContextIsNewStrategyFactoryUnitTests
Tests run: 3, Failures: 0, Errors: 0, Skipped: 0, Time elapsed: 0.005 sec - in org.springframework.data.mapping.context.MappingContextIsNewStrategyFactoryUnitTests
Running org.springframework.data.mapping.PreferredConstructorDiscovererUnitTests
Tests run: 5, Failures: 0, Errors: 0, Skipped: 0, Time elapsed: 0.001 sec - in org.springframework.data.mapping.PreferredConstructorDiscovererUnitTests
Running org.springframework.data.mapping.PropertyReferenceExceptionUnitTests
Tests run: 4, Failures: 0, Errors: 0, Skipped: 0, Time elapsed: 0.004 sec - in org.springframework.data.mapping.PropertyReferenceExceptionUnitTests
Running org.springframework.data.mapping.ParameterUnitTests
Tests run: 5, Failures: 0, Errors: 0, Skipped: 0, Time elapsed: 0 sec - in org.springframework.data.mapping.ParameterUnitTests
Running org.springframework.data.mapping.MappingMetadataTests
Tests run: 2, Failures: 0, Errors: 0, Skipped: 0, Time elapsed: 0.006 sec - in org.springframework.data.mapping.MappingMetadataTests
Running org.springframework.data.mapping.PropertyPathUnitTests
Tests run: 32, Failures: 0, Errors: 0, Skipped: 0, Time elapsed: 0.013 sec - in org.springframework.data.mapping.PropertyPathUnitTests
Running org.springframework.data.convert.ThreeTenBackPortConvertersUnitTests
Tests run: 9, Failures: 0, Errors: 0, Skipped: 0, Time elapsed: 0.049 sec - in org.springframework.data.convert.ThreeTenBackPortConvertersUnitTests
Running org.springframework.data.convert.ClassGeneratingEntityInstantiatorUnitTests
Tests run: 12, Failures: 0, Errors: 0, Skipped: 0, Time elapsed: 0.015 sec - in org.springframework.data.convert.ClassGeneratingEntityInstantiatorUnitTests
Running org.springframework.data.convert.MappingContextTypeInformationMapperUnitTests
Tests run: 6, Failures: 0, Errors: 0, Skipped: 0, Time elapsed: 0.022 sec - in org.springframework.data.convert.MappingContextTypeInformationMapperUnitTests
Running org.springframework.data.convert.ConfigurableTypeInformationMapperUnitTests
Tests run: 4, Failures: 0, Errors: 0, Skipped: 0, Time elapsed: 0 sec - in org.springframework.data.convert.ConfigurableTypeInformationMapperUnitTests
Running org.springframework.data.convert.ReflectionEntityInstantiatorUnitTests
Tests run: 6, Failures: 0, Errors: 0, Skipped: 0, Time elapsed: 0.001 sec - in org.springframework.data.convert.ReflectionEntityInstantiatorUnitTests
Running org.springframework.data.convert.SimpleTypeInformationMapperUnitTests
Tests run: 5, Failures: 0, Errors: 0, Skipped: 0, Time elapsed: 0 sec - in org.springframework.data.convert.SimpleTypeInformationMapperUnitTests
Running org.springframework.data.convert.BytecodeGeneratingEntityInstantiatorUnitTests
Tests run: 12, Failures: 0, Errors: 0, Skipped: 0, Time elapsed: 0.007 sec - in org.springframework.data.convert.BytecodeGeneratingEntityInstantiatorUnitTests
Running org.springframework.data.convert.EntityInstantiatorsUnitTests
Tests run: 4, Failures: 0, Errors: 0, Skipped: 0, Time elapsed: 0.003 sec - in org.springframework.data.convert.EntityInstantiatorsUnitTests
Running org.springframework.data.convert.Jsr310ConvertersUnitTests
Tests run: 9, Failures: 0, Errors: 0, Skipped: 0, Time elapsed: 0.008 sec - in org.springframework.data.convert.Jsr310ConvertersUnitTests
Running org.springframework.data.convert.DefaultTypeMapperUnitTests
Tests run: 3, Failures: 0, Errors: 0, Skipped: 0, Time elapsed: 0.006 sec - in org.springframework.data.convert.DefaultTypeMapperUnitTests
Running org.springframework.data.geo.GeoResultsUnitTests
Tests run: 2, Failures: 0, Errors: 0, Skipped: 0, Time elapsed: 0.016 sec - in org.springframework.data.geo.GeoResultsUnitTests
Running org.springframework.data.geo.GeoModuleIntegrationTests
Tests run: 5, Failures: 0, Errors: 0, Skipped: 0, Time elapsed: 0.06 sec - in org.springframework.data.geo.GeoModuleIntegrationTests
Running org.springframework.data.geo.PolygonUnitTests
Tests run: 5, Failures: 0, Errors: 0, Skipped: 0, Time elapsed: 0.004 sec - in org.springframework.data.geo.PolygonUnitTests
Running org.springframework.data.geo.DistanceUnitTests
Tests run: 12, Failures: 0, Errors: 0, Skipped: 0, Time elapsed: 0.001 sec - in org.springframework.data.geo.DistanceUnitTests
Running org.springframework.data.geo.CircleUnitTests
Tests run: 5, Failures: 0, Errors: 0, Skipped: 0, Time elapsed: 0.001 sec - in org.springframework.data.geo.CircleUnitTests
Running org.springframework.data.geo.GeoResultUnitTests
Tests run: 4, Failures: 0, Errors: 0, Skipped: 0, Time elapsed: 0 sec - in org.springframework.data.geo.GeoResultUnitTests
Running org.springframework.data.geo.PointUnitTests
Tests run: 4, Failures: 0, Errors: 0, Skipped: 0, Time elapsed: 0 sec - in org.springframework.data.geo.PointUnitTests
Running org.springframework.data.geo.format.PointFormatterUnitTests
Tests run: 11, Failures: 0, Errors: 0, Skipped: 0, Time elapsed: 0.006 sec - in org.springframework.data.geo.format.PointFormatterUnitTests
Running org.springframework.data.geo.format.DistanceFormatterUnitTests
Tests run: 19, Failures: 0, Errors: 0, Skipped: 0, Time elapsed: 0.003 sec - in org.springframework.data.geo.format.DistanceFormatterUnitTests
Running org.springframework.data.geo.BoxUnitTests
Tests run: 4, Failures: 0, Errors: 0, Skipped: 0, Time elapsed: 0.001 sec - in org.springframework.data.geo.BoxUnitTests
Running org.springframework.data.querydsl.QuerydslRepositoryInvokerAdapterUnitTests
Tests run: 3, Failures: 0, Errors: 0, Skipped: 0, Time elapsed: 0.008 sec - in org.springframework.data.querydsl.QuerydslRepositoryInvokerAdapterUnitTests
Running org.springframework.data.querydsl.SimpleEntityPathResolverUnitTests
Tests run: 3, Failures: 0, Errors: 0, Skipped: 0, Time elapsed: 0 sec - in org.springframework.data.querydsl.SimpleEntityPathResolverUnitTests
Running org.springframework.data.querydsl.QPageRequestUnitTests
Tests run: 7, Failures: 0, Errors: 0, Skipped: 0, Time elapsed: 0.001 sec - in org.springframework.data.querydsl.QPageRequestUnitTests
Running org.springframework.data.querydsl.binding.QuerydslBindingsFactoryUnitTests
Tests run: 3, Failures: 0, Errors: 0, Skipped: 0, Time elapsed: 0.008 sec - in org.springframework.data.querydsl.binding.QuerydslBindingsFactoryUnitTests
Running org.springframework.data.querydsl.binding.QuerydslBindingsUnitTests
Tests run: 21, Failures: 0, Errors: 0, Skipped: 0, Time elapsed: 0.004 sec - in org.springframework.data.querydsl.binding.QuerydslBindingsUnitTests
Running org.springframework.data.querydsl.binding.QuerydslDefaultBindingUnitTests
Tests run: 5, Failures: 0, Errors: 0, Skipped: 0, Time elapsed: 0 sec - in org.springframework.data.querydsl.binding.QuerydslDefaultBindingUnitTests
Running org.springframework.data.querydsl.binding.QuerydslPredicateBuilderUnitTests
Tests run: 10, Failures: 0, Errors: 0, Skipped: 0, Time elapsed: 0.68 sec - in org.springframework.data.querydsl.binding.QuerydslPredicateBuilderUnitTests
Running org.springframework.data.querydsl.QSortUnitTests
Tests run: 13, Failures: 0, Errors: 0, Skipped: 0, Time elapsed: 0.012 sec - in org.springframework.data.querydsl.QSortUnitTests
Running org.springframework.data.support.CachingIsNewStrategyFactoryUnitTests
Tests run: 2, Failures: 0, Errors: 0, Skipped: 0, Time elapsed: 0.003 sec - in org.springframework.data.support.CachingIsNewStrategyFactoryUnitTests
Running org.springframework.data.support.PersistableIsNewStrategyUnitTests
Tests run: 2, Failures: 0, Errors: 0, Skipped: 0, Time elapsed: 0 sec - in org.springframework.data.support.PersistableIsNewStrategyUnitTests
Running org.springframework.data.auditing.DefaultAuditableBeanWrapperFactoryUnitTests
Tests run: 5, Failures: 0, Errors: 0, Skipped: 0, Time elapsed: 0.008 sec - in org.springframework.data.auditing.DefaultAuditableBeanWrapperFactoryUnitTests
Running org.springframework.data.auditing.ReflectionAuditingBeanWrapperUnitTests
Tests run: 4, Failures: 0, Errors: 0, Skipped: 0, Time elapsed: 0.014 sec - in org.springframework.data.auditing.ReflectionAuditingBeanWrapperUnitTests
Running org.springframework.data.auditing.AuditingHandlerUnitTests
Tests run: 6, Failures: 0, Errors: 0, Skipped: 0, Time elapsed: 0.005 sec - in org.springframework.data.auditing.AuditingHandlerUnitTests
Running org.springframework.data.auditing.IsNewAwareAuditingHandlerUnitTests
Tests run: 11, Failures: 0, Errors: 0, Skipped: 0, Time elapsed: 0.006 sec - in org.springframework.data.auditing.IsNewAwareAuditingHandlerUnitTests
Running org.springframework.data.auditing.MappingAuditableBeanWrapperFactoryUnitTests
Tests run: 10, Failures: 0, Errors: 0, Skipped: 0, Time elapsed: 0.01 sec - in org.springframework.data.auditing.MappingAuditableBeanWrapperFactoryUnitTests
Running org.springframework.data.auditing.config.AuditingBeanDefinitionRegistrarSupportUnitTests
Tests run: 1, Failures: 0, Errors: 0, Skipped: 0, Time elapsed: 0.001 sec - in org.springframework.data.auditing.config.AuditingBeanDefinitionRegistrarSupportUnitTests
Running org.springframework.data.auditing.AnnotationAuditingMetadataUnitTests
Tests run: 4, Failures: 0, Errors: 0, Skipped: 0, Time elapsed: 0 sec - in org.springframework.data.auditing.AnnotationAuditingMetadataUnitTests
Running org.springframework.data.util.ParsingUtilsUnitTests
Tests run: 2, Failures: 0, Errors: 0, Skipped: 0, Time elapsed: 0 sec - in org.springframework.data.util.ParsingUtilsUnitTests
Running org.springframework.data.util.DataCmns511Tests
Tests run: 1, Failures: 0, Errors: 0, Skipped: 0, Time elapsed: 0 sec - in org.springframework.data.util.DataCmns511Tests
Running org.springframework.data.util.TupleUnitTests
Tests run: 5, Failures: 0, Errors: 0, Skipped: 0, Time elapsed: 0 sec - in org.springframework.data.util.TupleUnitTests
Running org.springframework.data.util.AnnotationDetectionFieldCallbackUnitTests
Tests run: 3, Failures: 0, Errors: 0, Skipped: 0, Time elapsed: 0.001 sec - in org.springframework.data.util.AnnotationDetectionFieldCallbackUnitTests
Running org.springframework.data.util.VersionUnitTests
Tests run: 13, Failures: 0, Errors: 0, Skipped: 0, Time elapsed: 0.001 sec - in org.springframework.data.util.VersionUnitTests
Running org.springframework.data.util.ClassTypeInformationUnitTests
Tests run: 27, Failures: 0, Errors: 0, Skipped: 0, Time elapsed: 0 sec - in org.springframework.data.util.ClassTypeInformationUnitTests
Running org.springframework.data.util.AnnotatedTypeScannerUnitTests
Tests run: 1, Failures: 0, Errors: 0, Skipped: 0, Time elapsed: 0.016 sec - in org.springframework.data.util.AnnotatedTypeScannerUnitTests
Running org.springframework.data.util.AnnotationDetectionMethodCallbackUnitTests
Tests run: 2, Failures: 0, Errors: 0, Skipped: 0, Time elapsed: 0 sec - in org.springframework.data.util.AnnotationDetectionMethodCallbackUnitTests
Running org.springframework.data.util.ParameterizedTypeUnitTests
Tests run: 7, Failures: 0, Errors: 0, Skipped: 0, Time elapsed: 0.006 sec - in org.springframework.data.util.ParameterizedTypeUnitTests
Running org.springframework.data.util.ReflectionUtilsUnitTests
Tests run: 10, Failures: 0, Errors: 0, Skipped: 0, Time elapsed: 0 sec - in org.springframework.data.util.ReflectionUtilsUnitTests
Running org.springframework.data.util.TypeDiscovererUnitTests
Tests run: 11, Failures: 0, Errors: 0, Skipped: 0, Time elapsed: 0.005 sec - in org.springframework.data.util.TypeDiscovererUnitTests
Running org.springframework.data.util.StreamUtilsTests
Tests run: 1, Failures: 0, Errors: 0, Skipped: 0, Time elapsed: 0.007 sec - in org.springframework.data.util.StreamUtilsTests
Running org.springframework.data.util.DirectFieldAccessFallbackBeanWrapperUnitTests
Tests run: 4, Failures: 0, Errors: 0, Skipped: 0, Time elapsed: 0.001 sec - in org.springframework.data.util.DirectFieldAccessFallbackBeanWrapperUnitTests
Running org.springframework.data.projection.SpelAwareProxyProjectionFactoryUnitTests
Tests run: 5, Failures: 0, Errors: 0, Skipped: 0, Time elapsed: 0.006 sec - in org.springframework.data.projection.SpelAwareProxyProjectionFactoryUnitTests
Running org.springframework.data.projection.MapAccessingMethodInterceptorUnitTests
Tests run: 6, Failures: 0, Errors: 0, Skipped: 0, Time elapsed: 0.004 sec - in org.springframework.data.projection.MapAccessingMethodInterceptorUnitTests
Running org.springframework.data.projection.SpelEvaluatingMethodInterceptorUnitTests
Tests run: 5, Failures: 0, Errors: 0, Skipped: 0, Time elapsed: 0.004 sec - in org.springframework.data.projection.SpelEvaluatingMethodInterceptorUnitTests
Running org.springframework.data.projection.ProxyProjectionFactoryUnitTests
Tests run: 16, Failures: 0, Errors: 4, Skipped: 0, Time elapsed: 0.008 sec <<< FAILURE! - in org.springframework.data.projection.ProxyProjectionFactoryUnitTests
doesNotProjectPrimitiveArray(org.springframework.data.projection.ProxyProjectionFactoryUnitTests)  Time elapsed: 0.001 sec  <<< ERROR!
java.lang.NullPointerException
	at org.springframework.data.projection.ProxyProjectionFactoryUnitTests.doesNotProjectPrimitiveArray(ProxyProjectionFactoryUnitTests.java:203)

createsProjectingProxy(org.springframework.data.projection.ProxyProjectionFactoryUnitTests)  Time elapsed: 0 sec  <<< ERROR!
java.lang.NullPointerException
	at org.springframework.data.projection.ProxyProjectionFactoryUnitTests.createsProjectingProxy(ProxyProjectionFactoryUnitTests.java:90)

projectsNonPrimitiveArray(org.springframework.data.projection.ProxyProjectionFactoryUnitTests)  Time elapsed: 0 sec  <<< ERROR!
java.lang.NullPointerException
	at org.springframework.data.projection.ProxyProjectionFactoryUnitTests.projectsNonPrimitiveArray(ProxyProjectionFactoryUnitTests.java:221)

convertsPrimitiveValues(org.springframework.data.projection.ProxyProjectionFactoryUnitTests)  Time elapsed: 0.001 sec  <<< ERROR!
java.lang.NullPointerException
	at org.springframework.data.projection.ProxyProjectionFactoryUnitTests.convertsPrimitiveValues(ProxyProjectionFactoryUnitTests.java:235)

Running org.springframework.data.projection.ProjectingMethodInterceptorUnitTests
Tests run: 9, Failures: 0, Errors: 0, Skipped: 0, Time elapsed: 0.01 sec - in org.springframework.data.projection.ProjectingMethodInterceptorUnitTests
Running org.springframework.data.projection.DefaultProjectionInformationUnitTests
Tests run: 2, Failures: 0, Errors: 0, Skipped: 0, Time elapsed: 0.002 sec - in org.springframework.data.projection.DefaultProjectionInformationUnitTests
Running org.springframework.data.projection.PropertyAccessingMethodInterceptorUnitTests
Tests run: 4, Failures: 0, Errors: 2, Skipped: 0, Time elapsed: 0.002 sec <<< FAILURE! - in org.springframework.data.projection.PropertyAccessingMethodInterceptorUnitTests
triggersPropertyAccessOnTarget(org.springframework.data.projection.PropertyAccessingMethodInterceptorUnitTests)  Time elapsed: 0.001 sec  <<< ERROR!
java.lang.NullPointerException
	at org.springframework.data.projection.PropertyAccessingMethodInterceptorUnitTests.triggersPropertyAccessOnTarget(PropertyAccessingMethodInterceptorUnitTests.java:52)

throwsAppropriateExceptionIfThePropertyCannotBeFound(org.springframework.data.projection.PropertyAccessingMethodInterceptorUnitTests)  Time elapsed: 0 sec  <<< ERROR!
java.lang.Exception: Unexpected exception, expected<org.springframework.beans.NotReadablePropertyException> but was<java.lang.NullPointerException>
	at org.springframework.data.projection.PropertyAccessingMethodInterceptorUnitTests.throwsAppropriateExceptionIfThePropertyCannotBeFound(PropertyAccessingMethodInterceptorUnitTests.java:62)

Running org.springframework.data.transaction.ChainedTransactionManagerTests
Tests run: 7, Failures: 0, Errors: 0, Skipped: 0, Time elapsed: 0.002 sec - in org.springframework.data.transaction.ChainedTransactionManagerTests
Running org.springframework.data.annotation.TypeAliasUnitTests
Tests run: 1, Failures: 0, Errors: 0, Skipped: 0, Time elapsed: 0.003 sec - in org.springframework.data.annotation.TypeAliasUnitTests
Running org.springframework.data.history.RevisionsUnitTests
Tests run: 5, Failures: 0, Errors: 0, Skipped: 0, Time elapsed: 0.004 sec - in org.springframework.data.history.RevisionsUnitTests
Running org.springframework.data.history.RevisionUnitTests
Tests run: 4, Failures: 0, Errors: 0, Skipped: 0, Time elapsed: 0 sec - in org.springframework.data.history.RevisionUnitTests
Running org.springframework.data.authentication.UserCredentialsUnitTests
Tests run: 8, Failures: 0, Errors: 0, Skipped: 0, Time elapsed: 0.001 sec - in org.springframework.data.authentication.UserCredentialsUnitTests

Results :

Tests in error: 
  PropertyAccessingMethodInterceptorUnitTests.throwsAppropriateExceptionIfThePropertyCannotBeFound » 
  PropertyAccessingMethodInterceptorUnitTests.triggersPropertyAccessOnTarget:52 » NullPointer
  ProxyProjectionFactoryUnitTests.convertsPrimitiveValues:235 » NullPointer
  ProxyProjectionFactoryUnitTests.createsProjectingProxy:90 » NullPointer
  ProxyProjectionFactoryUnitTests.doesNotProjectPrimitiveArray:203 » NullPointer
  ProxyProjectionFactoryUnitTests.projectsNonPrimitiveArray:221 » NullPointer
  ResultProcessorUnitTests.createsDynamicProjectionFromEntity:148 » NullPointer
  ResultProcessorUnitTests.createsListOfProjectionsFromEntity:120 » NullPointer
  ResultProcessorUnitTests.createsPageOfProjectionsFromEntity:135 » NullPointer

Tests run: 1153, Failures: 0, Errors: 9, Skipped: 1

[INFO] ------------------------------------------------------------------------
[INFO] BUILD FAILURE
[INFO] ------------------------------------------------------------------------
[INFO] Total time: 34.029 s
[INFO] Finished at: 2022-06-08T09:23:34+00:00
[INFO] Final Memory: 35M/433M
[INFO] ------------------------------------------------------------------------
[WARNING] The requested profile "spring42" could not be activated because it does not exist.
[ERROR] Failed to execute goal org.apache.maven.plugins:maven-surefire-plugin:2.19.1:test (default-test) on project spring-data-commons: There are test failures.
[ERROR] 
[ERROR] Please refer to /home/travis/build/failed/spring-projects/spring-data-commons/target/surefire-reports for the individual test results.
[ERROR] -> [Help 1]
[ERROR] 
[ERROR] To see the full stack trace of the errors, re-run Maven with the -e switch.
[ERROR] Re-run Maven using the -X switch to enable full debug logging.
[ERROR] 
[ERROR] For more information about the errors and possible solutions, please read the following articles:
[ERROR] [Help 1] http://cwiki.apache.org/confluence/display/MAVEN/MojoFailureException
travis_time:end:0f99dbf9:start=1654680179089336888,finish=1654680214670003013,duration=35580666125,event=script[0K[31;1mThe command "mvn clean dependency:list test -P${PROFILE} -Dsort" exited with 1.[0m
travis_fold:start:cache.2[0Kstore build cache
travis_time:start:30f46050[0Ktravis_time:end:30f46050:start=1654680214678526621,finish=1654680214684266318,duration=5739697,event=cache[0Ktravis_time:start:1db598a2[0KYAML safe loading is not available. Please upgrade psych to a version that supports safe loading (>= 2.0).
[32;1mchanges detected, packing new archive[0m
[32;1muploading /[0m
[31;1mfailed to upload cache[0m
travis_time:end:1db598a2:start=1654680214691419793,finish=1654680218127901902,duration=3436482109,event=cache[0Ktravis_fold:end:cache.2[0K

Done. Your build exited with 1.
