travis_fold:start:system_info[0K[33;1mBuild system information[0m
Build language: java
Build group: stable
Build dist: precise
Build id: ''
Job id: ''
[34m[1mBuild image provisioning date and time[0m
Thu Feb  5 15:09:33 UTC 2015
[34m[1mOperating System Details[0m
Distributor ID:	Ubuntu
Description:	Ubuntu 12.04.5 LTS
Release:	12.04
Codename:	precise
[34m[1mLinux Version[0m
3.13.0-29-generic
[34m[1mCookbooks Version[0m
a68419e https://github.com/travis-ci/travis-cookbooks/tree/a68419e
[34m[1mGCC version[0m
gcc (Ubuntu/Linaro 4.6.3-1ubuntu5) 4.6.3
Copyright (C) 2011 Free Software Foundation, Inc.
This is free software; see the source for copying conditions.  There is NO
warranty; not even for MERCHANTABILITY or FITNESS FOR A PARTICULAR PURPOSE.

[34m[1mLLVM version[0m
clang version 3.4 (tags/RELEASE_34/final)
Target: x86_64-unknown-linux-gnu
Thread model: posix
[34m[1mPre-installed Ruby versions[0m
ruby-1.9.3-p551
[34m[1mPre-installed Node.js versions[0m
v0.10.36
[34m[1mPre-installed Go versions[0m
1.4.1
[34m[1mRedis version[0m
redis-server 2.8.19
[34m[1mriak version[0m
2.0.2
[34m[1mMongoDB version[0m
MongoDB 2.4.12
[34m[1mCouchDB version[0m
couchdb 1.6.1
[34m[1mNeo4j version[0m
1.9.4
[34m[1mRabbitMQ Version[0m
3.4.3
[34m[1mElasticSearch version[0m
1.4.0
[34m[1mInstalled Sphinx versions[0m
2.0.10
2.1.9
2.2.6
[34m[1mDefault Sphinx version[0m
2.2.6
[34m[1mInstalled Firefox version[0m
firefox 31.0esr
[34m[1mPhantomJS version[0m
1.9.8
[34m[1mant -version[0m
Apache Ant(TM) version 1.8.2 compiled on December 3 2011
[34m[1mmvn -version[0m
Apache Maven 3.2.5 (12a6b3acb947671f09b81f49094c53f426d8cea1; 2014-12-14T17:29:23+00:00)
Maven home: /usr/local/maven
Java version: 1.7.0_76, vendor: Oracle Corporation
Java home: /usr/lib/jvm/java-7-oracle/jre
Default locale: en_US, platform encoding: ANSI_X3.4-1968
OS name: "linux", version: "3.13.0-29-generic", arch: "amd64", family: "unix"
travis_fold:end:system_info[0K
grep: /etc/apt/sources.list.d/*: No such file or directory
W: Failed to fetch http://us.archive.ubuntu.com/ubuntu/dists/precise/main/source/Sources  404  Not Found [IP: 91.189.91.39 80]

W: Failed to fetch http://us.archive.ubuntu.com/ubuntu/dists/precise/restricted/source/Sources  404  Not Found [IP: 91.189.91.39 80]

W: Failed to fetch http://us.archive.ubuntu.com/ubuntu/dists/precise/universe/source/Sources  404  Not Found [IP: 91.189.91.39 80]

W: Failed to fetch http://us.archive.ubuntu.com/ubuntu/dists/precise/multiverse/source/Sources  404  Not Found [IP: 91.189.91.39 80]

W: Failed to fetch http://us.archive.ubuntu.com/ubuntu/dists/precise/main/binary-amd64/Packages  404  Not Found [IP: 91.189.91.39 80]

W: Failed to fetch http://us.archive.ubuntu.com/ubuntu/dists/precise/restricted/binary-amd64/Packages  404  Not Found [IP: 91.189.91.39 80]

W: Failed to fetch http://us.archive.ubuntu.com/ubuntu/dists/precise/universe/binary-amd64/Packages  404  Not Found [IP: 91.189.91.39 80]

W: Failed to fetch http://us.archive.ubuntu.com/ubuntu/dists/precise/multiverse/binary-amd64/Packages  404  Not Found [IP: 91.189.91.39 80]

W: Failed to fetch http://us.archive.ubuntu.com/ubuntu/dists/precise/main/binary-i386/Packages  404  Not Found [IP: 91.189.91.39 80]

W: Failed to fetch http://us.archive.ubuntu.com/ubuntu/dists/precise/restricted/binary-i386/Packages  404  Not Found [IP: 91.189.91.39 80]

W: Failed to fetch http://us.archive.ubuntu.com/ubuntu/dists/precise/universe/binary-i386/Packages  404  Not Found [IP: 91.189.91.39 80]

W: Failed to fetch http://us.archive.ubuntu.com/ubuntu/dists/precise/multiverse/binary-i386/Packages  404  Not Found [IP: 91.189.91.39 80]

W: Failed to fetch http://us.archive.ubuntu.com/ubuntu/dists/precise-updates/main/source/Sources  404  Not Found [IP: 91.189.91.39 80]

W: Failed to fetch http://us.archive.ubuntu.com/ubuntu/dists/precise-updates/restricted/source/Sources  404  Not Found [IP: 91.189.91.39 80]

W: Failed to fetch http://us.archive.ubuntu.com/ubuntu/dists/precise-updates/universe/source/Sources  404  Not Found [IP: 91.189.91.39 80]

W: Failed to fetch http://us.archive.ubuntu.com/ubuntu/dists/precise-updates/multiverse/source/Sources  404  Not Found [IP: 91.189.91.39 80]

W: Failed to fetch http://us.archive.ubuntu.com/ubuntu/dists/precise-updates/main/binary-amd64/Packages  404  Not Found [IP: 91.189.91.39 80]

W: Failed to fetch http://us.archive.ubuntu.com/ubuntu/dists/precise-updates/restricted/binary-amd64/Packages  404  Not Found [IP: 91.189.91.39 80]

W: Failed to fetch http://us.archive.ubuntu.com/ubuntu/dists/precise-updates/universe/binary-amd64/Packages  404  Not Found [IP: 91.189.91.39 80]

W: Failed to fetch http://us.archive.ubuntu.com/ubuntu/dists/precise-updates/multiverse/binary-amd64/Packages  404  Not Found [IP: 91.189.91.39 80]

W: Failed to fetch http://us.archive.ubuntu.com/ubuntu/dists/precise-updates/main/binary-i386/Packages  404  Not Found [IP: 91.189.91.39 80]

W: Failed to fetch http://us.archive.ubuntu.com/ubuntu/dists/precise-updates/restricted/binary-i386/Packages  404  Not Found [IP: 91.189.91.39 80]

W: Failed to fetch http://us.archive.ubuntu.com/ubuntu/dists/precise-updates/universe/binary-i386/Packages  404  Not Found [IP: 91.189.91.39 80]

W: Failed to fetch http://us.archive.ubuntu.com/ubuntu/dists/precise-updates/multiverse/binary-i386/Packages  404  Not Found [IP: 91.189.91.39 80]

W: Failed to fetch http://us.archive.ubuntu.com/ubuntu/dists/precise-backports/main/source/Sources  404  Not Found [IP: 91.189.91.39 80]

W: Failed to fetch http://us.archive.ubuntu.com/ubuntu/dists/precise-backports/restricted/source/Sources  404  Not Found [IP: 91.189.91.39 80]

W: Failed to fetch http://us.archive.ubuntu.com/ubuntu/dists/precise-backports/universe/source/Sources  404  Not Found [IP: 91.189.91.39 80]

W: Failed to fetch http://us.archive.ubuntu.com/ubuntu/dists/precise-backports/multiverse/source/Sources  404  Not Found [IP: 91.189.91.39 80]

W: Failed to fetch http://us.archive.ubuntu.com/ubuntu/dists/precise-backports/main/binary-amd64/Packages  404  Not Found [IP: 91.189.91.39 80]

W: Failed to fetch http://us.archive.ubuntu.com/ubuntu/dists/precise-backports/restricted/binary-amd64/Packages  404  Not Found [IP: 91.189.91.39 80]

W: Failed to fetch http://us.archive.ubuntu.com/ubuntu/dists/precise-backports/universe/binary-amd64/Packages  404  Not Found [IP: 91.189.91.39 80]

W: Failed to fetch http://us.archive.ubuntu.com/ubuntu/dists/precise-backports/multiverse/binary-amd64/Packages  404  Not Found [IP: 91.189.91.39 80]

W: Failed to fetch http://us.archive.ubuntu.com/ubuntu/dists/precise-backports/main/binary-i386/Packages  404  Not Found [IP: 91.189.91.39 80]

W: Failed to fetch http://us.archive.ubuntu.com/ubuntu/dists/precise-backports/restricted/binary-i386/Packages  404  Not Found [IP: 91.189.91.39 80]

W: Failed to fetch http://us.archive.ubuntu.com/ubuntu/dists/precise-backports/universe/binary-i386/Packages  404  Not Found [IP: 91.189.91.39 80]

W: Failed to fetch http://us.archive.ubuntu.com/ubuntu/dists/precise-backports/multiverse/binary-i386/Packages  404  Not Found [IP: 91.189.91.39 80]

W: Failed to fetch http://security.ubuntu.com/ubuntu/dists/precise-security/main/source/Sources  404  Not Found [IP: 185.125.190.39 80]

W: Failed to fetch http://security.ubuntu.com/ubuntu/dists/precise-security/restricted/source/Sources  404  Not Found [IP: 185.125.190.39 80]

W: Failed to fetch http://security.ubuntu.com/ubuntu/dists/precise-security/universe/source/Sources  404  Not Found [IP: 185.125.190.39 80]

W: Failed to fetch http://security.ubuntu.com/ubuntu/dists/precise-security/multiverse/source/Sources  404  Not Found [IP: 185.125.190.39 80]

W: Failed to fetch http://security.ubuntu.com/ubuntu/dists/precise-security/main/binary-amd64/Packages  404  Not Found [IP: 185.125.190.39 80]

W: Failed to fetch http://security.ubuntu.com/ubuntu/dists/precise-security/restricted/binary-amd64/Packages  404  Not Found [IP: 185.125.190.39 80]

W: Failed to fetch http://security.ubuntu.com/ubuntu/dists/precise-security/universe/binary-amd64/Packages  404  Not Found [IP: 185.125.190.39 80]

W: Failed to fetch http://security.ubuntu.com/ubuntu/dists/precise-security/multiverse/binary-amd64/Packages  404  Not Found [IP: 185.125.190.39 80]

W: Failed to fetch http://security.ubuntu.com/ubuntu/dists/precise-security/main/binary-i386/Packages  404  Not Found [IP: 185.125.190.39 80]

W: Failed to fetch http://security.ubuntu.com/ubuntu/dists/precise-security/restricted/binary-i386/Packages  404  Not Found [IP: 185.125.190.39 80]

W: Failed to fetch http://security.ubuntu.com/ubuntu/dists/precise-security/universe/binary-i386/Packages  404  Not Found [IP: 185.125.190.39 80]

W: Failed to fetch http://security.ubuntu.com/ubuntu/dists/precise-security/multiverse/binary-i386/Packages  404  Not Found [IP: 185.125.190.39 80]

E: Some index files failed to download. They have been ignored, or old ones used instead.
sed: cannot rename /etc/hosts: Device or resource busy
sed: cannot rename /etc/hosts: Device or resource busy
$ jdk_switcher use oraclejdk8
Switching to Oracle JDK8 (java-8-oracle), JAVA_HOME will be set to /usr/lib/jvm/java-8-oracle
$ cd failed/square/retrofit

[33;1mSetting environment variables from .travis.yml[0m
$ export CI_DEPLOY_USERNAME=[secure]
$ export CI_DEPLOY_PASSWORD=[secure]

travis_fold:start:cache.1[0KSetting up build cache
$ export CASHER_DIR=$HOME/.casher
travis_time:start:0075b2f2[0K
travis_time:end:0075b2f2:start=1654709638366882835,finish=1654709638376779421,duration=9896586[0Ktravis_time:start:306a87b0[0K/home/travis/.casher/bin/casher:213:in `cache_archive_name': undefined method `[]' for nil:NilClass (NoMethodError)
	from /home/travis/.casher/bin/casher:65:in `block in fetch'
	from /home/travis/.casher/bin/casher:64:in `each'
	from /home/travis/.casher/bin/casher:64:in `fetch'
	from /home/travis/.casher/bin/casher:53:in `block in run'
	from /home/travis/.rvm/rubies/ruby-1.9.3-p551/lib/ruby/1.9.1/timeout.rb:69:in `timeout'
	from /home/travis/.casher/bin/casher:53:in `run'
	from /home/travis/.casher/bin/casher:263:in `<main>'
[32;1mattempting to download cache archive[0m

travis_time:end:306a87b0:start=1654709638387487441,finish=1654709639163103541,duration=775616100[0Ktravis_time:start:2055d5b4[0K
travis_time:end:2055d5b4:start=1654709639172034356,finish=1654709639179377897,duration=7343541[0Ktravis_time:start:02651fb0[0K[32;1madding /home/travis/.m2 to cache[0m

travis_time:end:02651fb0:start=1654709639188032459,finish=1654709640174755470,duration=986723011[0Ktravis_fold:end:cache.1[0K$ java -Xmx32m -version
java version "1.8.0_31"
Java(TM) SE Runtime Environment (build 1.8.0_31-b13)
Java HotSpot(TM) 64-Bit Server VM (build 25.31-b07, mixed mode)
$ javac -J-Xmx32m -version
javac 1.8.0_31
travis_fold:start:install[0Ktravis_time:start:07cf807b[0K$ mvn -o install -Dhttps.protocols=TLSv1.2 -DskipTests=true -Dmaven.javadoc.skip=true -B -V
Java HotSpot(TM) 64-Bit Server VM warning: ignoring option MaxPermSize=192m; support was removed in 8.0
Apache Maven 3.2.5 (12a6b3acb947671f09b81f49094c53f426d8cea1; 2014-12-14T17:29:23+00:00)
Maven home: /usr/local/maven
Java version: 1.8.0_31, vendor: Oracle Corporation
Java home: /usr/lib/jvm/java-8-oracle/jre
Default locale: en_US, platform encoding: UTF-8
OS name: "linux", version: "4.15.0-109-generic", arch: "amd64", family: "unix"
[INFO] Scanning for projects...
[WARNING] 
[WARNING] Some problems were encountered while building the effective model for com.squareup.retrofit2:samples:jar:2.2.0-SNAPSHOT
[WARNING] 'build.plugins.plugin.version' for org.apache.maven.plugins:maven-deploy-plugin is missing. @ com.squareup.retrofit2:samples:[unknown-version], /home/travis/build/failed/square/retrofit/samples/pom.xml, line 65, column 15
[WARNING] 
[WARNING] It is highly recommended to fix these problems because they threaten the stability of your build.
[WARNING] 
[WARNING] For this reason, future Maven versions might no longer support building such malformed projects.
[WARNING] 
[INFO] ------------------------------------------------------------------------
[INFO] Reactor Build Order:
[INFO] 
[INFO] Retrofit (Parent)
[INFO] Retrofit
[INFO] Adapters
[INFO] Adapter: Guava
[INFO] Adapter: Java 8
[INFO] Adapter: RxJava
[INFO] Adapter: RxJava 2
[INFO] Converters
[INFO] Converter: Gson
[INFO] Converter: Protocol Buffers
[INFO] Converter: Jackson
[INFO] Converter: Wire Protocol Buffers
[INFO] Converter: SimpleXML
[INFO] Converter: Java Scalars
[INFO] Converter: Moshi
[INFO] Retrofit Mock Adapter
[INFO] Samples
[INFO]                                                                         
[INFO] ------------------------------------------------------------------------
[INFO] Building Retrofit (Parent) 2.2.0-SNAPSHOT
[INFO] ------------------------------------------------------------------------
[INFO] 
[INFO] --- maven-enforcer-plugin:1.0:enforce (enforce-maven) @ parent ---
[INFO] 
[INFO] --- animal-sniffer-maven-plugin:1.14:check (default) @ parent ---
[INFO] Checking unresolved references to org.codehaus.mojo.signature:java16:1.1
[INFO] 
[INFO] --- maven-javadoc-plugin:2.10.3:jar (attach-javadocs) @ parent ---
[INFO] Skipping javadoc generation
[INFO] 
[INFO] --- maven-checkstyle-plugin:2.17:checkstyle (default) @ parent ---
[INFO] 
[INFO] --- maven-install-plugin:2.4:install (default-install) @ parent ---
[INFO] Installing /home/travis/build/failed/square/retrofit/pom.xml to /home/travis/.m2/repository/com/squareup/retrofit2/parent/2.2.0-SNAPSHOT/parent-2.2.0-SNAPSHOT.pom
[INFO]                                                                         
[INFO] ------------------------------------------------------------------------
[INFO] Building Retrofit 2.2.0-SNAPSHOT
[INFO] ------------------------------------------------------------------------
[INFO] 
[INFO] --- maven-enforcer-plugin:1.0:enforce (enforce-maven) @ retrofit ---
[INFO] 
[INFO] --- maven-resources-plugin:2.6:resources (default-resources) @ retrofit ---
[INFO] Using 'UTF-8' encoding to copy filtered resources.
[INFO] skip non existing resourceDirectory /home/travis/build/failed/square/retrofit/retrofit/src/main/resources
[INFO] 
[INFO] --- maven-compiler-plugin:3.0:compile (default-compile) @ retrofit ---
[INFO] Changes detected - recompiling the module!
[INFO] Compiling 42 source files to /home/travis/build/failed/square/retrofit/retrofit/target/classes
[WARNING] /home/travis/build/failed/square/retrofit/retrofit/src/main/java/retrofit2/ServiceMethod.java: Some input files use unchecked or unsafe operations.
[WARNING] /home/travis/build/failed/square/retrofit/retrofit/src/main/java/retrofit2/ServiceMethod.java: Recompile with -Xlint:unchecked for details.
[INFO] 
[INFO] --- maven-resources-plugin:2.6:testResources (default-testResources) @ retrofit ---
[INFO] Using 'UTF-8' encoding to copy filtered resources.
[INFO] skip non existing resourceDirectory /home/travis/build/failed/square/retrofit/retrofit/src/test/resources
[INFO] 
[INFO] --- maven-compiler-plugin:3.0:testCompile (default-testCompile) @ retrofit ---
[INFO] Changes detected - recompiling the module!
[INFO] Compiling 15 source files to /home/travis/build/failed/square/retrofit/retrofit/target/test-classes
[WARNING] /home/travis/build/failed/square/retrofit/retrofit/src/test/java/retrofit2/RequestBuilderTest.java: Some input files use unchecked or unsafe operations.
[WARNING] /home/travis/build/failed/square/retrofit/retrofit/src/test/java/retrofit2/RequestBuilderTest.java: Recompile with -Xlint:unchecked for details.
[INFO] 
[INFO] --- maven-surefire-plugin:2.12.4:test (default-test) @ retrofit ---
[INFO] Tests are skipped.
[INFO] 
[INFO] --- animal-sniffer-maven-plugin:1.14:check (default) @ retrofit ---
[INFO] Checking unresolved references to org.codehaus.mojo.signature:java16:1.1
[INFO] 
[INFO] --- maven-jar-plugin:2.4:jar (default-jar) @ retrofit ---
[INFO] Building jar: /home/travis/build/failed/square/retrofit/retrofit/target/retrofit-2.2.0-SNAPSHOT.jar
[INFO] 
[INFO] --- maven-javadoc-plugin:2.10.3:jar (attach-javadocs) @ retrofit ---
[INFO] Skipping javadoc generation
[INFO] 
[INFO] --- maven-checkstyle-plugin:2.17:checkstyle (default) @ retrofit ---
[INFO] Starting audit...
Audit done.
[WARNING] Unable to locate Source XRef to link to - DISABLED
[INFO] 
[INFO] --- maven-install-plugin:2.4:install (default-install) @ retrofit ---
[INFO] Installing /home/travis/build/failed/square/retrofit/retrofit/target/retrofit-2.2.0-SNAPSHOT.jar to /home/travis/.m2/repository/com/squareup/retrofit2/retrofit/2.2.0-SNAPSHOT/retrofit-2.2.0-SNAPSHOT.jar
[INFO] Installing /home/travis/build/failed/square/retrofit/retrofit/pom.xml to /home/travis/.m2/repository/com/squareup/retrofit2/retrofit/2.2.0-SNAPSHOT/retrofit-2.2.0-SNAPSHOT.pom
[INFO]                                                                         
[INFO] ------------------------------------------------------------------------
[INFO] Building Adapters 2.2.0-SNAPSHOT
[INFO] ------------------------------------------------------------------------
[INFO] 
[INFO] --- maven-enforcer-plugin:1.0:enforce (enforce-maven) @ retrofit-adapters ---
[INFO] 
[INFO] --- animal-sniffer-maven-plugin:1.14:check (default) @ retrofit-adapters ---
[INFO] Checking unresolved references to org.codehaus.mojo.signature:java16:1.1
[INFO] 
[INFO] --- maven-javadoc-plugin:2.10.3:jar (attach-javadocs) @ retrofit-adapters ---
[INFO] Skipping javadoc generation
[INFO] 
[INFO] --- maven-checkstyle-plugin:2.17:checkstyle (default) @ retrofit-adapters ---
[INFO] 
[INFO] --- maven-install-plugin:2.4:install (default-install) @ retrofit-adapters ---
[INFO] Installing /home/travis/build/failed/square/retrofit/retrofit-adapters/pom.xml to /home/travis/.m2/repository/com/squareup/retrofit2/retrofit-adapters/2.2.0-SNAPSHOT/retrofit-adapters-2.2.0-SNAPSHOT.pom
[INFO]                                                                         
[INFO] ------------------------------------------------------------------------
[INFO] Building Adapter: Guava 2.2.0-SNAPSHOT
[INFO] ------------------------------------------------------------------------
[INFO] 
[INFO] --- maven-enforcer-plugin:1.0:enforce (enforce-maven) @ adapter-guava ---
[INFO] 
[INFO] --- maven-resources-plugin:2.6:resources (default-resources) @ adapter-guava ---
[INFO] Using 'UTF-8' encoding to copy filtered resources.
[INFO] skip non existing resourceDirectory /home/travis/build/failed/square/retrofit/retrofit-adapters/guava/src/main/resources
[INFO] 
[INFO] --- maven-compiler-plugin:3.0:compile (default-compile) @ adapter-guava ---
[INFO] Changes detected - recompiling the module!
[INFO] Compiling 2 source files to /home/travis/build/failed/square/retrofit/retrofit-adapters/guava/target/classes
[WARNING] /home/travis/build/failed/square/retrofit/retrofit-adapters/guava/src/main/java/retrofit2/adapter/guava/GuavaCallAdapterFactory.java: /home/travis/build/failed/square/retrofit/retrofit-adapters/guava/src/main/java/retrofit2/adapter/guava/GuavaCallAdapterFactory.java uses or overrides a deprecated API.
[WARNING] /home/travis/build/failed/square/retrofit/retrofit-adapters/guava/src/main/java/retrofit2/adapter/guava/GuavaCallAdapterFactory.java: Recompile with -Xlint:deprecation for details.
[INFO] 
[INFO] --- maven-resources-plugin:2.6:testResources (default-testResources) @ adapter-guava ---
[INFO] Using 'UTF-8' encoding to copy filtered resources.
[INFO] skip non existing resourceDirectory /home/travis/build/failed/square/retrofit/retrofit-adapters/guava/src/test/resources
[INFO] 
[INFO] --- maven-compiler-plugin:3.0:testCompile (default-testCompile) @ adapter-guava ---
[INFO] Changes detected - recompiling the module!
[INFO] Compiling 3 source files to /home/travis/build/failed/square/retrofit/retrofit-adapters/guava/target/test-classes
[WARNING] /home/travis/build/failed/square/retrofit/retrofit-adapters/guava/src/test/java/retrofit2/adapter/guava/ListenableFutureTest.java: /home/travis/build/failed/square/retrofit/retrofit-adapters/guava/src/test/java/retrofit2/adapter/guava/ListenableFutureTest.java uses or overrides a deprecated API.
[WARNING] /home/travis/build/failed/square/retrofit/retrofit-adapters/guava/src/test/java/retrofit2/adapter/guava/ListenableFutureTest.java: Recompile with -Xlint:deprecation for details.
[INFO] 
[INFO] --- maven-surefire-plugin:2.12.4:test (default-test) @ adapter-guava ---
[INFO] Tests are skipped.
[INFO] 
[INFO] --- animal-sniffer-maven-plugin:1.14:check (default) @ adapter-guava ---
[INFO] Checking unresolved references to org.codehaus.mojo.signature:java16:1.1
[INFO] 
[INFO] --- maven-jar-plugin:2.4:jar (default-jar) @ adapter-guava ---
[INFO] Building jar: /home/travis/build/failed/square/retrofit/retrofit-adapters/guava/target/adapter-guava-2.2.0-SNAPSHOT.jar
[INFO] 
[INFO] --- maven-javadoc-plugin:2.10.3:jar (attach-javadocs) @ adapter-guava ---
[INFO] Skipping javadoc generation
[INFO] 
[INFO] --- maven-checkstyle-plugin:2.17:checkstyle (default) @ adapter-guava ---
[INFO] Starting audit...
Audit done.
[WARNING] Unable to locate Source XRef to link to - DISABLED
[INFO] 
[INFO] --- maven-install-plugin:2.4:install (default-install) @ adapter-guava ---
[INFO] Installing /home/travis/build/failed/square/retrofit/retrofit-adapters/guava/target/adapter-guava-2.2.0-SNAPSHOT.jar to /home/travis/.m2/repository/com/squareup/retrofit2/adapter-guava/2.2.0-SNAPSHOT/adapter-guava-2.2.0-SNAPSHOT.jar
[INFO] Installing /home/travis/build/failed/square/retrofit/retrofit-adapters/guava/pom.xml to /home/travis/.m2/repository/com/squareup/retrofit2/adapter-guava/2.2.0-SNAPSHOT/adapter-guava-2.2.0-SNAPSHOT.pom
[INFO]                                                                         
[INFO] ------------------------------------------------------------------------
[INFO] Building Adapter: Java 8 2.2.0-SNAPSHOT
[INFO] ------------------------------------------------------------------------
[INFO] 
[INFO] --- maven-enforcer-plugin:1.0:enforce (enforce-maven) @ adapter-java8 ---
[INFO] 
[INFO] --- maven-resources-plugin:2.6:resources (default-resources) @ adapter-java8 ---
[INFO] Using 'UTF-8' encoding to copy filtered resources.
[INFO] skip non existing resourceDirectory /home/travis/build/failed/square/retrofit/retrofit-adapters/java8/src/main/resources
[INFO] 
[INFO] --- maven-compiler-plugin:3.0:compile (default-compile) @ adapter-java8 ---
[INFO] Changes detected - recompiling the module!
[INFO] Compiling 2 source files to /home/travis/build/failed/square/retrofit/retrofit-adapters/java8/target/classes
[WARNING] /home/travis/build/failed/square/retrofit/retrofit-adapters/java8/src/main/java/retrofit2/adapter/java8/Java8CallAdapterFactory.java: /home/travis/build/failed/square/retrofit/retrofit-adapters/java8/src/main/java/retrofit2/adapter/java8/Java8CallAdapterFactory.java uses or overrides a deprecated API.
[WARNING] /home/travis/build/failed/square/retrofit/retrofit-adapters/java8/src/main/java/retrofit2/adapter/java8/Java8CallAdapterFactory.java: Recompile with -Xlint:deprecation for details.
[INFO] 
[INFO] --- maven-resources-plugin:2.6:testResources (default-testResources) @ adapter-java8 ---
[INFO] Using 'UTF-8' encoding to copy filtered resources.
[INFO] skip non existing resourceDirectory /home/travis/build/failed/square/retrofit/retrofit-adapters/java8/src/test/resources
[INFO] 
[INFO] --- maven-compiler-plugin:3.0:testCompile (default-testCompile) @ adapter-java8 ---
[INFO] Changes detected - recompiling the module!
[INFO] Compiling 3 source files to /home/travis/build/failed/square/retrofit/retrofit-adapters/java8/target/test-classes
[WARNING] /home/travis/build/failed/square/retrofit/retrofit-adapters/java8/src/test/java/retrofit2/adapter/java8/CompletableFutureTest.java: /home/travis/build/failed/square/retrofit/retrofit-adapters/java8/src/test/java/retrofit2/adapter/java8/CompletableFutureTest.java uses or overrides a deprecated API.
[WARNING] /home/travis/build/failed/square/retrofit/retrofit-adapters/java8/src/test/java/retrofit2/adapter/java8/CompletableFutureTest.java: Recompile with -Xlint:deprecation for details.
[INFO] 
[INFO] --- maven-surefire-plugin:2.12.4:test (default-test) @ adapter-java8 ---
[INFO] Tests are skipped.
[INFO] 
[INFO] --- animal-sniffer-maven-plugin:1.14:check (default) @ adapter-java8 ---
[INFO] Checking unresolved references to org.kaazing.mojo.signature:java18:1.0
[INFO] 
[INFO] --- maven-jar-plugin:2.4:jar (default-jar) @ adapter-java8 ---
[INFO] Building jar: /home/travis/build/failed/square/retrofit/retrofit-adapters/java8/target/adapter-java8-2.2.0-SNAPSHOT.jar
[INFO] 
[INFO] --- maven-javadoc-plugin:2.10.3:jar (attach-javadocs) @ adapter-java8 ---
[INFO] Skipping javadoc generation
[INFO] 
[INFO] --- maven-checkstyle-plugin:2.17:checkstyle (default) @ adapter-java8 ---
[INFO] Starting audit...
Audit done.
[WARNING] Unable to locate Source XRef to link to - DISABLED
[INFO] 
[INFO] --- maven-install-plugin:2.4:install (default-install) @ adapter-java8 ---
[INFO] Installing /home/travis/build/failed/square/retrofit/retrofit-adapters/java8/target/adapter-java8-2.2.0-SNAPSHOT.jar to /home/travis/.m2/repository/com/squareup/retrofit2/adapter-java8/2.2.0-SNAPSHOT/adapter-java8-2.2.0-SNAPSHOT.jar
[INFO] Installing /home/travis/build/failed/square/retrofit/retrofit-adapters/java8/pom.xml to /home/travis/.m2/repository/com/squareup/retrofit2/adapter-java8/2.2.0-SNAPSHOT/adapter-java8-2.2.0-SNAPSHOT.pom
[INFO]                                                                         
[INFO] ------------------------------------------------------------------------
[INFO] Building Adapter: RxJava 2.2.0-SNAPSHOT
[INFO] ------------------------------------------------------------------------
[INFO] 
[INFO] --- maven-enforcer-plugin:1.0:enforce (enforce-maven) @ adapter-rxjava ---
[INFO] 
[INFO] --- maven-resources-plugin:2.6:resources (default-resources) @ adapter-rxjava ---
[INFO] Using 'UTF-8' encoding to copy filtered resources.
[INFO] skip non existing resourceDirectory /home/travis/build/failed/square/retrofit/retrofit-adapters/rxjava/src/main/resources
[INFO] 
[INFO] --- maven-compiler-plugin:3.0:compile (default-compile) @ adapter-rxjava ---
[INFO] Changes detected - recompiling the module!
[INFO] Compiling 9 source files to /home/travis/build/failed/square/retrofit/retrofit-adapters/rxjava/target/classes
[WARNING] /home/travis/build/failed/square/retrofit/retrofit-adapters/rxjava/src/main/java/retrofit2/adapter/rxjava/BodyOnSubscribe.java: Some input files use or override a deprecated API.
[WARNING] /home/travis/build/failed/square/retrofit/retrofit-adapters/rxjava/src/main/java/retrofit2/adapter/rxjava/BodyOnSubscribe.java: Recompile with -Xlint:deprecation for details.
[INFO] 
[INFO] --- maven-resources-plugin:2.6:testResources (default-testResources) @ adapter-rxjava ---
[INFO] Using 'UTF-8' encoding to copy filtered resources.
[INFO] skip non existing resourceDirectory /home/travis/build/failed/square/retrofit/retrofit-adapters/rxjava/src/test/resources
[INFO] 
[INFO] --- maven-compiler-plugin:3.0:testCompile (default-testCompile) @ adapter-rxjava ---
[INFO] Changes detected - recompiling the module!
[INFO] Compiling 13 source files to /home/travis/build/failed/square/retrofit/retrofit-adapters/rxjava/target/test-classes
[WARNING] /home/travis/build/failed/square/retrofit/retrofit-adapters/rxjava/src/test/java/retrofit2/adapter/rxjava/RxJavaPluginsResetRule.java: Some input files use or override a deprecated API.
[WARNING] /home/travis/build/failed/square/retrofit/retrofit-adapters/rxjava/src/test/java/retrofit2/adapter/rxjava/RxJavaPluginsResetRule.java: Recompile with -Xlint:deprecation for details.
[INFO] 
[INFO] --- maven-surefire-plugin:2.12.4:test (default-test) @ adapter-rxjava ---
[INFO] Tests are skipped.
[INFO] 
[INFO] --- animal-sniffer-maven-plugin:1.14:check (default) @ adapter-rxjava ---
[INFO] Checking unresolved references to org.codehaus.mojo.signature:java16:1.1
[INFO] 
[INFO] --- maven-jar-plugin:2.4:jar (default-jar) @ adapter-rxjava ---
[INFO] Building jar: /home/travis/build/failed/square/retrofit/retrofit-adapters/rxjava/target/adapter-rxjava-2.2.0-SNAPSHOT.jar
[INFO] 
[INFO] --- maven-javadoc-plugin:2.10.3:jar (attach-javadocs) @ adapter-rxjava ---
[INFO] Skipping javadoc generation
[INFO] 
[INFO] --- maven-checkstyle-plugin:2.17:checkstyle (default) @ adapter-rxjava ---
[INFO] Starting audit...
Audit done.
[WARNING] Unable to locate Source XRef to link to - DISABLED
[INFO] 
[INFO] --- maven-install-plugin:2.4:install (default-install) @ adapter-rxjava ---
[INFO] Installing /home/travis/build/failed/square/retrofit/retrofit-adapters/rxjava/target/adapter-rxjava-2.2.0-SNAPSHOT.jar to /home/travis/.m2/repository/com/squareup/retrofit2/adapter-rxjava/2.2.0-SNAPSHOT/adapter-rxjava-2.2.0-SNAPSHOT.jar
[INFO] Installing /home/travis/build/failed/square/retrofit/retrofit-adapters/rxjava/pom.xml to /home/travis/.m2/repository/com/squareup/retrofit2/adapter-rxjava/2.2.0-SNAPSHOT/adapter-rxjava-2.2.0-SNAPSHOT.pom
[INFO]                                                                         
[INFO] ------------------------------------------------------------------------
[INFO] Building Adapter: RxJava 2 2.2.0-SNAPSHOT
[INFO] ------------------------------------------------------------------------
[INFO] 
[INFO] --- maven-enforcer-plugin:1.0:enforce (enforce-maven) @ adapter-rxjava2 ---
[INFO] 
[INFO] --- maven-resources-plugin:2.6:resources (default-resources) @ adapter-rxjava2 ---
[INFO] Using 'UTF-8' encoding to copy filtered resources.
[INFO] skip non existing resourceDirectory /home/travis/build/failed/square/retrofit/retrofit-adapters/rxjava2/src/main/resources
[INFO] 
[INFO] --- maven-compiler-plugin:3.0:compile (default-compile) @ adapter-rxjava2 ---
[INFO] Changes detected - recompiling the module!
[INFO] Compiling 8 source files to /home/travis/build/failed/square/retrofit/retrofit-adapters/rxjava2/target/classes
[WARNING] /home/travis/build/failed/square/retrofit/retrofit-adapters/rxjava2/src/main/java/retrofit2/adapter/rxjava2/BodyObservable.java: /home/travis/build/failed/square/retrofit/retrofit-adapters/rxjava2/src/main/java/retrofit2/adapter/rxjava2/BodyObservable.java uses or overrides a deprecated API.
[WARNING] /home/travis/build/failed/square/retrofit/retrofit-adapters/rxjava2/src/main/java/retrofit2/adapter/rxjava2/BodyObservable.java: Recompile with -Xlint:deprecation for details.
[INFO] 
[INFO] --- maven-resources-plugin:2.6:testResources (default-testResources) @ adapter-rxjava2 ---
[INFO] Using 'UTF-8' encoding to copy filtered resources.
[INFO] skip non existing resourceDirectory /home/travis/build/failed/square/retrofit/retrofit-adapters/rxjava2/src/test/resources
[INFO] 
[INFO] --- maven-compiler-plugin:3.0:testCompile (default-testCompile) @ adapter-rxjava2 ---
[INFO] Changes detected - recompiling the module!
[INFO] Compiling 25 source files to /home/travis/build/failed/square/retrofit/retrofit-adapters/rxjava2/target/test-classes
[WARNING] /home/travis/build/failed/square/retrofit/retrofit-adapters/rxjava2/src/test/java/retrofit2/adapter/rxjava2/CompletableTest.java: Some input files use or override a deprecated API.
[WARNING] /home/travis/build/failed/square/retrofit/retrofit-adapters/rxjava2/src/test/java/retrofit2/adapter/rxjava2/CompletableTest.java: Recompile with -Xlint:deprecation for details.
[INFO] 
[INFO] --- maven-surefire-plugin:2.12.4:test (default-test) @ adapter-rxjava2 ---
[INFO] Tests are skipped.
[INFO] 
[INFO] --- animal-sniffer-maven-plugin:1.14:check (default) @ adapter-rxjava2 ---
[INFO] Checking unresolved references to org.codehaus.mojo.signature:java16:1.1
[INFO] 
[INFO] --- maven-jar-plugin:2.4:jar (default-jar) @ adapter-rxjava2 ---
[INFO] Building jar: /home/travis/build/failed/square/retrofit/retrofit-adapters/rxjava2/target/adapter-rxjava2-2.2.0-SNAPSHOT.jar
[INFO] 
[INFO] --- maven-javadoc-plugin:2.10.3:jar (attach-javadocs) @ adapter-rxjava2 ---
[INFO] Skipping javadoc generation
[INFO] 
[INFO] --- maven-checkstyle-plugin:2.17:checkstyle (default) @ adapter-rxjava2 ---
[INFO] Starting audit...
Audit done.
[WARNING] Unable to locate Source XRef to link to - DISABLED
[INFO] 
[INFO] --- maven-install-plugin:2.4:install (default-install) @ adapter-rxjava2 ---
[INFO] Installing /home/travis/build/failed/square/retrofit/retrofit-adapters/rxjava2/target/adapter-rxjava2-2.2.0-SNAPSHOT.jar to /home/travis/.m2/repository/com/squareup/retrofit2/adapter-rxjava2/2.2.0-SNAPSHOT/adapter-rxjava2-2.2.0-SNAPSHOT.jar
[INFO] Installing /home/travis/build/failed/square/retrofit/retrofit-adapters/rxjava2/pom.xml to /home/travis/.m2/repository/com/squareup/retrofit2/adapter-rxjava2/2.2.0-SNAPSHOT/adapter-rxjava2-2.2.0-SNAPSHOT.pom
[INFO]                                                                         
[INFO] ------------------------------------------------------------------------
[INFO] Building Converters 2.2.0-SNAPSHOT
[INFO] ------------------------------------------------------------------------
[INFO] 
[INFO] --- maven-enforcer-plugin:1.0:enforce (enforce-maven) @ retrofit-converters ---
[INFO] 
[INFO] --- animal-sniffer-maven-plugin:1.14:check (default) @ retrofit-converters ---
[INFO] Checking unresolved references to org.codehaus.mojo.signature:java16:1.1
[INFO] 
[INFO] --- maven-javadoc-plugin:2.10.3:jar (attach-javadocs) @ retrofit-converters ---
[INFO] Skipping javadoc generation
[INFO] 
[INFO] --- maven-checkstyle-plugin:2.17:checkstyle (default) @ retrofit-converters ---
[INFO] 
[INFO] --- maven-install-plugin:2.4:install (default-install) @ retrofit-converters ---
[INFO] Installing /home/travis/build/failed/square/retrofit/retrofit-converters/pom.xml to /home/travis/.m2/repository/com/squareup/retrofit2/retrofit-converters/2.2.0-SNAPSHOT/retrofit-converters-2.2.0-SNAPSHOT.pom
[INFO]                                                                         
[INFO] ------------------------------------------------------------------------
[INFO] Building Converter: Gson 2.2.0-SNAPSHOT
[INFO] ------------------------------------------------------------------------
[INFO] 
[INFO] --- maven-enforcer-plugin:1.0:enforce (enforce-maven) @ converter-gson ---
[INFO] 
[INFO] --- maven-resources-plugin:2.6:resources (default-resources) @ converter-gson ---
[INFO] Using 'UTF-8' encoding to copy filtered resources.
[INFO] skip non existing resourceDirectory /home/travis/build/failed/square/retrofit/retrofit-converters/gson/src/main/resources
[INFO] 
[INFO] --- maven-compiler-plugin:3.0:compile (default-compile) @ converter-gson ---
[INFO] Changes detected - recompiling the module!
[INFO] Compiling 3 source files to /home/travis/build/failed/square/retrofit/retrofit-converters/gson/target/classes
[INFO] 
[INFO] --- maven-resources-plugin:2.6:testResources (default-testResources) @ converter-gson ---
[INFO] Using 'UTF-8' encoding to copy filtered resources.
[INFO] skip non existing resourceDirectory /home/travis/build/failed/square/retrofit/retrofit-converters/gson/src/test/resources
[INFO] 
[INFO] --- maven-compiler-plugin:3.0:testCompile (default-testCompile) @ converter-gson ---
[INFO] Changes detected - recompiling the module!
[INFO] Compiling 1 source file to /home/travis/build/failed/square/retrofit/retrofit-converters/gson/target/test-classes
[INFO] 
[INFO] --- maven-surefire-plugin:2.12.4:test (default-test) @ converter-gson ---
[INFO] Tests are skipped.
[INFO] 
[INFO] --- animal-sniffer-maven-plugin:1.14:check (default) @ converter-gson ---
[INFO] Checking unresolved references to org.codehaus.mojo.signature:java16:1.1
[INFO] 
[INFO] --- maven-jar-plugin:2.4:jar (default-jar) @ converter-gson ---
[INFO] Building jar: /home/travis/build/failed/square/retrofit/retrofit-converters/gson/target/converter-gson-2.2.0-SNAPSHOT.jar
[INFO] 
[INFO] --- maven-javadoc-plugin:2.10.3:jar (attach-javadocs) @ converter-gson ---
[INFO] Skipping javadoc generation
[INFO] 
[INFO] --- maven-checkstyle-plugin:2.17:checkstyle (default) @ converter-gson ---
[INFO] Starting audit...
Audit done.
[WARNING] Unable to locate Source XRef to link to - DISABLED
[INFO] 
[INFO] --- maven-install-plugin:2.4:install (default-install) @ converter-gson ---
[INFO] Installing /home/travis/build/failed/square/retrofit/retrofit-converters/gson/target/converter-gson-2.2.0-SNAPSHOT.jar to /home/travis/.m2/repository/com/squareup/retrofit2/converter-gson/2.2.0-SNAPSHOT/converter-gson-2.2.0-SNAPSHOT.jar
[INFO] Installing /home/travis/build/failed/square/retrofit/retrofit-converters/gson/pom.xml to /home/travis/.m2/repository/com/squareup/retrofit2/converter-gson/2.2.0-SNAPSHOT/converter-gson-2.2.0-SNAPSHOT.pom
[INFO]                                                                         
[INFO] ------------------------------------------------------------------------
[INFO] Building Converter: Protocol Buffers 2.2.0-SNAPSHOT
[INFO] ------------------------------------------------------------------------
[INFO] 
[INFO] --- maven-enforcer-plugin:1.0:enforce (enforce-maven) @ converter-protobuf ---
[INFO] 
[INFO] --- maven-resources-plugin:2.6:resources (default-resources) @ converter-protobuf ---
[INFO] Using 'UTF-8' encoding to copy filtered resources.
[INFO] skip non existing resourceDirectory /home/travis/build/failed/square/retrofit/retrofit-converters/protobuf/src/main/resources
[INFO] 
[INFO] --- maven-compiler-plugin:3.0:compile (default-compile) @ converter-protobuf ---
[INFO] Changes detected - recompiling the module!
[INFO] Compiling 3 source files to /home/travis/build/failed/square/retrofit/retrofit-converters/protobuf/target/classes
[WARNING] /home/travis/build/failed/square/retrofit/retrofit-converters/protobuf/src/main/java/retrofit2/converter/protobuf/ProtoConverterFactory.java: /home/travis/build/failed/square/retrofit/retrofit-converters/protobuf/src/main/java/retrofit2/converter/protobuf/ProtoConverterFactory.java uses unchecked or unsafe operations.
[WARNING] /home/travis/build/failed/square/retrofit/retrofit-converters/protobuf/src/main/java/retrofit2/converter/protobuf/ProtoConverterFactory.java: Recompile with -Xlint:unchecked for details.
[INFO] 
[INFO] --- maven-resources-plugin:2.6:testResources (default-testResources) @ converter-protobuf ---
[INFO] Using 'UTF-8' encoding to copy filtered resources.
[INFO] skip non existing resourceDirectory /home/travis/build/failed/square/retrofit/retrofit-converters/protobuf/src/test/resources
[INFO] 
[INFO] --- maven-compiler-plugin:3.0:testCompile (default-testCompile) @ converter-protobuf ---
[INFO] Changes detected - recompiling the module!
[INFO] Compiling 3 source files to /home/travis/build/failed/square/retrofit/retrofit-converters/protobuf/target/test-classes
[INFO] 
[INFO] --- maven-surefire-plugin:2.12.4:test (default-test) @ converter-protobuf ---
[INFO] Tests are skipped.
[INFO] 
[INFO] --- animal-sniffer-maven-plugin:1.14:check (default) @ converter-protobuf ---
[INFO] Checking unresolved references to org.codehaus.mojo.signature:java16:1.1
[INFO] 
[INFO] --- maven-jar-plugin:2.4:jar (default-jar) @ converter-protobuf ---
[INFO] Building jar: /home/travis/build/failed/square/retrofit/retrofit-converters/protobuf/target/converter-protobuf-2.2.0-SNAPSHOT.jar
[INFO] 
[INFO] --- maven-javadoc-plugin:2.10.3:jar (attach-javadocs) @ converter-protobuf ---
[INFO] Skipping javadoc generation
[INFO] 
[INFO] --- maven-checkstyle-plugin:2.17:checkstyle (default) @ converter-protobuf ---
[INFO] Starting audit...
Audit done.
[WARNING] Unable to locate Source XRef to link to - DISABLED
[INFO] 
[INFO] --- maven-install-plugin:2.4:install (default-install) @ converter-protobuf ---
[INFO] Installing /home/travis/build/failed/square/retrofit/retrofit-converters/protobuf/target/converter-protobuf-2.2.0-SNAPSHOT.jar to /home/travis/.m2/repository/com/squareup/retrofit2/converter-protobuf/2.2.0-SNAPSHOT/converter-protobuf-2.2.0-SNAPSHOT.jar
[INFO] Installing /home/travis/build/failed/square/retrofit/retrofit-converters/protobuf/pom.xml to /home/travis/.m2/repository/com/squareup/retrofit2/converter-protobuf/2.2.0-SNAPSHOT/converter-protobuf-2.2.0-SNAPSHOT.pom
[INFO]                                                                         
[INFO] ------------------------------------------------------------------------
[INFO] Building Converter: Jackson 2.2.0-SNAPSHOT
[INFO] ------------------------------------------------------------------------
[INFO] 
[INFO] --- maven-enforcer-plugin:1.0:enforce (enforce-maven) @ converter-jackson ---
[INFO] 
[INFO] --- maven-resources-plugin:2.6:resources (default-resources) @ converter-jackson ---
[INFO] Using 'UTF-8' encoding to copy filtered resources.
[INFO] skip non existing resourceDirectory /home/travis/build/failed/square/retrofit/retrofit-converters/jackson/src/main/resources
[INFO] 
[INFO] --- maven-compiler-plugin:3.0:compile (default-compile) @ converter-jackson ---
[INFO] Changes detected - recompiling the module!
[INFO] Compiling 3 source files to /home/travis/build/failed/square/retrofit/retrofit-converters/jackson/target/classes
[INFO] 
[INFO] --- maven-resources-plugin:2.6:testResources (default-testResources) @ converter-jackson ---
[INFO] Using 'UTF-8' encoding to copy filtered resources.
[INFO] skip non existing resourceDirectory /home/travis/build/failed/square/retrofit/retrofit-converters/jackson/src/test/resources
[INFO] 
[INFO] --- maven-compiler-plugin:3.0:testCompile (default-testCompile) @ converter-jackson ---
[INFO] Changes detected - recompiling the module!
[INFO] Compiling 1 source file to /home/travis/build/failed/square/retrofit/retrofit-converters/jackson/target/test-classes
[WARNING] /home/travis/build/failed/square/retrofit/retrofit-converters/jackson/src/test/java/retrofit2/converter/jackson/JacksonConverterFactoryTest.java: /home/travis/build/failed/square/retrofit/retrofit-converters/jackson/src/test/java/retrofit2/converter/jackson/JacksonConverterFactoryTest.java uses or overrides a deprecated API.
[WARNING] /home/travis/build/failed/square/retrofit/retrofit-converters/jackson/src/test/java/retrofit2/converter/jackson/JacksonConverterFactoryTest.java: Recompile with -Xlint:deprecation for details.
[INFO] 
[INFO] --- maven-surefire-plugin:2.12.4:test (default-test) @ converter-jackson ---
[INFO] Tests are skipped.
[INFO] 
[INFO] --- animal-sniffer-maven-plugin:1.14:check (default) @ converter-jackson ---
[INFO] Checking unresolved references to org.codehaus.mojo.signature:java16:1.1
[INFO] 
[INFO] --- maven-jar-plugin:2.4:jar (default-jar) @ converter-jackson ---
[INFO] Building jar: /home/travis/build/failed/square/retrofit/retrofit-converters/jackson/target/converter-jackson-2.2.0-SNAPSHOT.jar
[INFO] 
[INFO] --- maven-javadoc-plugin:2.10.3:jar (attach-javadocs) @ converter-jackson ---
[INFO] Skipping javadoc generation
[INFO] 
[INFO] --- maven-checkstyle-plugin:2.17:checkstyle (default) @ converter-jackson ---
[INFO] Starting audit...
Audit done.
[WARNING] Unable to locate Source XRef to link to - DISABLED
[INFO] 
[INFO] --- maven-install-plugin:2.4:install (default-install) @ converter-jackson ---
[INFO] Installing /home/travis/build/failed/square/retrofit/retrofit-converters/jackson/target/converter-jackson-2.2.0-SNAPSHOT.jar to /home/travis/.m2/repository/com/squareup/retrofit2/converter-jackson/2.2.0-SNAPSHOT/converter-jackson-2.2.0-SNAPSHOT.jar
[INFO] Installing /home/travis/build/failed/square/retrofit/retrofit-converters/jackson/pom.xml to /home/travis/.m2/repository/com/squareup/retrofit2/converter-jackson/2.2.0-SNAPSHOT/converter-jackson-2.2.0-SNAPSHOT.pom
[INFO]                                                                         
[INFO] ------------------------------------------------------------------------
[INFO] Building Converter: Wire Protocol Buffers 2.2.0-SNAPSHOT
[INFO] ------------------------------------------------------------------------
[INFO] 
[INFO] --- maven-enforcer-plugin:1.0:enforce (enforce-maven) @ converter-wire ---
[INFO] 
[INFO] --- maven-resources-plugin:2.6:resources (default-resources) @ converter-wire ---
[INFO] Using 'UTF-8' encoding to copy filtered resources.
[INFO] skip non existing resourceDirectory /home/travis/build/failed/square/retrofit/retrofit-converters/wire/src/main/resources
[INFO] 
[INFO] --- maven-compiler-plugin:3.0:compile (default-compile) @ converter-wire ---
[INFO] Changes detected - recompiling the module!
[INFO] Compiling 3 source files to /home/travis/build/failed/square/retrofit/retrofit-converters/wire/target/classes
[WARNING] /home/travis/build/failed/square/retrofit/retrofit-converters/wire/src/main/java/retrofit2/converter/wire/WireConverterFactory.java: /home/travis/build/failed/square/retrofit/retrofit-converters/wire/src/main/java/retrofit2/converter/wire/WireConverterFactory.java uses unchecked or unsafe operations.
[WARNING] /home/travis/build/failed/square/retrofit/retrofit-converters/wire/src/main/java/retrofit2/converter/wire/WireConverterFactory.java: Recompile with -Xlint:unchecked for details.
[INFO] 
[INFO] --- maven-resources-plugin:2.6:testResources (default-testResources) @ converter-wire ---
[INFO] Using 'UTF-8' encoding to copy filtered resources.
[INFO] skip non existing resourceDirectory /home/travis/build/failed/square/retrofit/retrofit-converters/wire/src/test/resources
[INFO] 
[INFO] --- maven-compiler-plugin:3.0:testCompile (default-testCompile) @ converter-wire ---
[INFO] Changes detected - recompiling the module!
[INFO] Compiling 2 source files to /home/travis/build/failed/square/retrofit/retrofit-converters/wire/target/test-classes
[INFO] 
[INFO] --- maven-surefire-plugin:2.12.4:test (default-test) @ converter-wire ---
[INFO] Tests are skipped.
[INFO] 
[INFO] --- animal-sniffer-maven-plugin:1.14:check (default) @ converter-wire ---
[INFO] Checking unresolved references to org.codehaus.mojo.signature:java16:1.1
[INFO] 
[INFO] --- maven-jar-plugin:2.4:jar (default-jar) @ converter-wire ---
[INFO] Building jar: /home/travis/build/failed/square/retrofit/retrofit-converters/wire/target/converter-wire-2.2.0-SNAPSHOT.jar
[INFO] 
[INFO] --- maven-javadoc-plugin:2.10.3:jar (attach-javadocs) @ converter-wire ---
[INFO] Skipping javadoc generation
[INFO] 
[INFO] --- maven-checkstyle-plugin:2.17:checkstyle (default) @ converter-wire ---
[INFO] Starting audit...
Audit done.
[WARNING] Unable to locate Source XRef to link to - DISABLED
[INFO] 
[INFO] --- maven-install-plugin:2.4:install (default-install) @ converter-wire ---
[INFO] Installing /home/travis/build/failed/square/retrofit/retrofit-converters/wire/target/converter-wire-2.2.0-SNAPSHOT.jar to /home/travis/.m2/repository/com/squareup/retrofit2/converter-wire/2.2.0-SNAPSHOT/converter-wire-2.2.0-SNAPSHOT.jar
[INFO] Installing /home/travis/build/failed/square/retrofit/retrofit-converters/wire/pom.xml to /home/travis/.m2/repository/com/squareup/retrofit2/converter-wire/2.2.0-SNAPSHOT/converter-wire-2.2.0-SNAPSHOT.pom
[INFO]                                                                         
[INFO] ------------------------------------------------------------------------
[INFO] Building Converter: SimpleXML 2.2.0-SNAPSHOT
[INFO] ------------------------------------------------------------------------
[INFO] 
[INFO] --- maven-enforcer-plugin:1.0:enforce (enforce-maven) @ converter-simplexml ---
[INFO] 
[INFO] --- maven-resources-plugin:2.6:resources (default-resources) @ converter-simplexml ---
[INFO] Using 'UTF-8' encoding to copy filtered resources.
[INFO] skip non existing resourceDirectory /home/travis/build/failed/square/retrofit/retrofit-converters/simplexml/src/main/resources
[INFO] 
[INFO] --- maven-compiler-plugin:3.0:compile (default-compile) @ converter-simplexml ---
[INFO] Changes detected - recompiling the module!
[INFO] Compiling 3 source files to /home/travis/build/failed/square/retrofit/retrofit-converters/simplexml/target/classes
[INFO] 
[INFO] --- maven-resources-plugin:2.6:testResources (default-testResources) @ converter-simplexml ---
[INFO] Using 'UTF-8' encoding to copy filtered resources.
[INFO] skip non existing resourceDirectory /home/travis/build/failed/square/retrofit/retrofit-converters/simplexml/src/test/resources
[INFO] 
[INFO] --- maven-compiler-plugin:3.0:testCompile (default-testCompile) @ converter-simplexml ---
[INFO] Changes detected - recompiling the module!
[INFO] Compiling 2 source files to /home/travis/build/failed/square/retrofit/retrofit-converters/simplexml/target/test-classes
[INFO] 
[INFO] --- maven-surefire-plugin:2.12.4:test (default-test) @ converter-simplexml ---
[INFO] Tests are skipped.
[INFO] 
[INFO] --- animal-sniffer-maven-plugin:1.14:check (default) @ converter-simplexml ---
[INFO] Checking unresolved references to org.codehaus.mojo.signature:java16:1.1
[INFO] 
[INFO] --- maven-jar-plugin:2.4:jar (default-jar) @ converter-simplexml ---
[INFO] Building jar: /home/travis/build/failed/square/retrofit/retrofit-converters/simplexml/target/converter-simplexml-2.2.0-SNAPSHOT.jar
[INFO] 
[INFO] --- maven-javadoc-plugin:2.10.3:jar (attach-javadocs) @ converter-simplexml ---
[INFO] Skipping javadoc generation
[INFO] 
[INFO] --- maven-checkstyle-plugin:2.17:checkstyle (default) @ converter-simplexml ---
[INFO] Starting audit...
Audit done.
[WARNING] Unable to locate Source XRef to link to - DISABLED
[INFO] 
[INFO] --- maven-install-plugin:2.4:install (default-install) @ converter-simplexml ---
[INFO] Installing /home/travis/build/failed/square/retrofit/retrofit-converters/simplexml/target/converter-simplexml-2.2.0-SNAPSHOT.jar to /home/travis/.m2/repository/com/squareup/retrofit2/converter-simplexml/2.2.0-SNAPSHOT/converter-simplexml-2.2.0-SNAPSHOT.jar
[INFO] Installing /home/travis/build/failed/square/retrofit/retrofit-converters/simplexml/pom.xml to /home/travis/.m2/repository/com/squareup/retrofit2/converter-simplexml/2.2.0-SNAPSHOT/converter-simplexml-2.2.0-SNAPSHOT.pom
[INFO]                                                                         
[INFO] ------------------------------------------------------------------------
[INFO] Building Converter: Java Scalars 2.2.0-SNAPSHOT
[INFO] ------------------------------------------------------------------------
[INFO] 
[INFO] --- maven-enforcer-plugin:1.0:enforce (enforce-maven) @ converter-scalars ---
[INFO] 
[INFO] --- maven-resources-plugin:2.6:resources (default-resources) @ converter-scalars ---
[INFO] Using 'UTF-8' encoding to copy filtered resources.
[INFO] skip non existing resourceDirectory /home/travis/build/failed/square/retrofit/retrofit-converters/scalars/src/main/resources
[INFO] 
[INFO] --- maven-compiler-plugin:3.0:compile (default-compile) @ converter-scalars ---
[INFO] Changes detected - recompiling the module!
[INFO] Compiling 3 source files to /home/travis/build/failed/square/retrofit/retrofit-converters/scalars/target/classes
[INFO] 
[INFO] --- maven-resources-plugin:2.6:testResources (default-testResources) @ converter-scalars ---
[INFO] Using 'UTF-8' encoding to copy filtered resources.
[INFO] skip non existing resourceDirectory /home/travis/build/failed/square/retrofit/retrofit-converters/scalars/src/test/resources
[INFO] 
[INFO] --- maven-compiler-plugin:3.0:testCompile (default-testCompile) @ converter-scalars ---
[INFO] Changes detected - recompiling the module!
[INFO] Compiling 2 source files to /home/travis/build/failed/square/retrofit/retrofit-converters/scalars/target/test-classes
[INFO] 
[INFO] --- maven-surefire-plugin:2.12.4:test (default-test) @ converter-scalars ---
[INFO] Tests are skipped.
[INFO] 
[INFO] --- animal-sniffer-maven-plugin:1.14:check (default) @ converter-scalars ---
[INFO] Checking unresolved references to org.codehaus.mojo.signature:java16:1.1
[INFO] 
[INFO] --- maven-jar-plugin:2.4:jar (default-jar) @ converter-scalars ---
[INFO] Building jar: /home/travis/build/failed/square/retrofit/retrofit-converters/scalars/target/converter-scalars-2.2.0-SNAPSHOT.jar
[INFO] 
[INFO] --- maven-javadoc-plugin:2.10.3:jar (attach-javadocs) @ converter-scalars ---
[INFO] Skipping javadoc generation
[INFO] 
[INFO] --- maven-checkstyle-plugin:2.17:checkstyle (default) @ converter-scalars ---
[INFO] Starting audit...
Audit done.
[WARNING] Unable to locate Source XRef to link to - DISABLED
[INFO] 
[INFO] --- maven-install-plugin:2.4:install (default-install) @ converter-scalars ---
[INFO] Installing /home/travis/build/failed/square/retrofit/retrofit-converters/scalars/target/converter-scalars-2.2.0-SNAPSHOT.jar to /home/travis/.m2/repository/com/squareup/retrofit2/converter-scalars/2.2.0-SNAPSHOT/converter-scalars-2.2.0-SNAPSHOT.jar
[INFO] Installing /home/travis/build/failed/square/retrofit/retrofit-converters/scalars/pom.xml to /home/travis/.m2/repository/com/squareup/retrofit2/converter-scalars/2.2.0-SNAPSHOT/converter-scalars-2.2.0-SNAPSHOT.pom
[INFO]                                                                         
[INFO] ------------------------------------------------------------------------
[INFO] Building Converter: Moshi 2.2.0-SNAPSHOT
[INFO] ------------------------------------------------------------------------
[INFO] 
[INFO] --- maven-enforcer-plugin:1.0:enforce (enforce-maven) @ converter-moshi ---
[INFO] 
[INFO] --- maven-resources-plugin:2.6:resources (default-resources) @ converter-moshi ---
[INFO] Using 'UTF-8' encoding to copy filtered resources.
[INFO] skip non existing resourceDirectory /home/travis/build/failed/square/retrofit/retrofit-converters/moshi/src/main/resources
[INFO] 
[INFO] --- maven-compiler-plugin:3.0:compile (default-compile) @ converter-moshi ---
[INFO] Changes detected - recompiling the module!
[INFO] Compiling 3 source files to /home/travis/build/failed/square/retrofit/retrofit-converters/moshi/target/classes
[INFO] 
[INFO] --- maven-resources-plugin:2.6:testResources (default-testResources) @ converter-moshi ---
[INFO] Using 'UTF-8' encoding to copy filtered resources.
[INFO] skip non existing resourceDirectory /home/travis/build/failed/square/retrofit/retrofit-converters/moshi/src/test/resources
[INFO] 
[INFO] --- maven-compiler-plugin:3.0:testCompile (default-testCompile) @ converter-moshi ---
[INFO] Changes detected - recompiling the module!
[INFO] Compiling 1 source file to /home/travis/build/failed/square/retrofit/retrofit-converters/moshi/target/test-classes
[INFO] 
[INFO] --- maven-surefire-plugin:2.12.4:test (default-test) @ converter-moshi ---
[INFO] Tests are skipped.
[INFO] 
[INFO] --- animal-sniffer-maven-plugin:1.14:check (default) @ converter-moshi ---
[INFO] Checking unresolved references to org.codehaus.mojo.signature:java16:1.1
[INFO] 
[INFO] --- maven-jar-plugin:2.4:jar (default-jar) @ converter-moshi ---
[INFO] Building jar: /home/travis/build/failed/square/retrofit/retrofit-converters/moshi/target/converter-moshi-2.2.0-SNAPSHOT.jar
[INFO] 
[INFO] --- maven-javadoc-plugin:2.10.3:jar (attach-javadocs) @ converter-moshi ---
[INFO] Skipping javadoc generation
[INFO] 
[INFO] --- maven-checkstyle-plugin:2.17:checkstyle (default) @ converter-moshi ---
[INFO] Starting audit...
Audit done.
[WARNING] Unable to locate Source XRef to link to - DISABLED
[INFO] 
[INFO] --- maven-install-plugin:2.4:install (default-install) @ converter-moshi ---
[INFO] Installing /home/travis/build/failed/square/retrofit/retrofit-converters/moshi/target/converter-moshi-2.2.0-SNAPSHOT.jar to /home/travis/.m2/repository/com/squareup/retrofit2/converter-moshi/2.2.0-SNAPSHOT/converter-moshi-2.2.0-SNAPSHOT.jar
[INFO] Installing /home/travis/build/failed/square/retrofit/retrofit-converters/moshi/pom.xml to /home/travis/.m2/repository/com/squareup/retrofit2/converter-moshi/2.2.0-SNAPSHOT/converter-moshi-2.2.0-SNAPSHOT.pom
[INFO]                                                                         
[INFO] ------------------------------------------------------------------------
[INFO] Building Retrofit Mock Adapter 2.2.0-SNAPSHOT
[INFO] ------------------------------------------------------------------------
[INFO] 
[INFO] --- maven-enforcer-plugin:1.0:enforce (enforce-maven) @ retrofit-mock ---
[INFO] 
[INFO] --- maven-resources-plugin:2.6:resources (default-resources) @ retrofit-mock ---
[INFO] Using 'UTF-8' encoding to copy filtered resources.
[INFO] skip non existing resourceDirectory /home/travis/build/failed/square/retrofit/retrofit-mock/src/main/resources
[INFO] 
[INFO] --- maven-compiler-plugin:3.0:compile (default-compile) @ retrofit-mock ---
[INFO] Changes detected - recompiling the module!
[INFO] Compiling 5 source files to /home/travis/build/failed/square/retrofit/retrofit-mock/target/classes
[WARNING] /home/travis/build/failed/square/retrofit/retrofit-mock/src/main/java/retrofit2/mock/BehaviorCall.java: /home/travis/build/failed/square/retrofit/retrofit-mock/src/main/java/retrofit2/mock/BehaviorCall.java uses unchecked or unsafe operations.
[WARNING] /home/travis/build/failed/square/retrofit/retrofit-mock/src/main/java/retrofit2/mock/BehaviorCall.java: Recompile with -Xlint:unchecked for details.
[INFO] 
[INFO] --- maven-resources-plugin:2.6:testResources (default-testResources) @ retrofit-mock ---
[INFO] Using 'UTF-8' encoding to copy filtered resources.
[INFO] skip non existing resourceDirectory /home/travis/build/failed/square/retrofit/retrofit-mock/src/test/resources
[INFO] 
[INFO] --- maven-compiler-plugin:3.0:testCompile (default-testCompile) @ retrofit-mock ---
[INFO] Changes detected - recompiling the module!
[INFO] Compiling 4 source files to /home/travis/build/failed/square/retrofit/retrofit-mock/target/test-classes
[INFO] 
[INFO] --- maven-surefire-plugin:2.12.4:test (default-test) @ retrofit-mock ---
[INFO] Tests are skipped.
[INFO] 
[INFO] --- animal-sniffer-maven-plugin:1.14:check (default) @ retrofit-mock ---
[INFO] Checking unresolved references to org.codehaus.mojo.signature:java16:1.1
[INFO] 
[INFO] --- maven-jar-plugin:2.4:jar (default-jar) @ retrofit-mock ---
[INFO] Building jar: /home/travis/build/failed/square/retrofit/retrofit-mock/target/retrofit-mock-2.2.0-SNAPSHOT.jar
[INFO] 
[INFO] --- maven-javadoc-plugin:2.10.3:jar (attach-javadocs) @ retrofit-mock ---
[INFO] Skipping javadoc generation
[INFO] 
[INFO] --- maven-checkstyle-plugin:2.17:checkstyle (default) @ retrofit-mock ---
[INFO] Starting audit...
Audit done.
[WARNING] Unable to locate Source XRef to link to - DISABLED
[INFO] 
[INFO] --- maven-install-plugin:2.4:install (default-install) @ retrofit-mock ---
[INFO] Installing /home/travis/build/failed/square/retrofit/retrofit-mock/target/retrofit-mock-2.2.0-SNAPSHOT.jar to /home/travis/.m2/repository/com/squareup/retrofit2/retrofit-mock/2.2.0-SNAPSHOT/retrofit-mock-2.2.0-SNAPSHOT.jar
[INFO] Installing /home/travis/build/failed/square/retrofit/retrofit-mock/pom.xml to /home/travis/.m2/repository/com/squareup/retrofit2/retrofit-mock/2.2.0-SNAPSHOT/retrofit-mock-2.2.0-SNAPSHOT.pom
[INFO]                                                                         
[INFO] ------------------------------------------------------------------------
[INFO] Building Samples 2.2.0-SNAPSHOT
[INFO] ------------------------------------------------------------------------
[INFO] 
[INFO] --- maven-enforcer-plugin:1.0:enforce (enforce-maven) @ samples ---
[INFO] 
[INFO] --- maven-resources-plugin:2.6:resources (default-resources) @ samples ---
[INFO] Using 'UTF-8' encoding to copy filtered resources.
[INFO] skip non existing resourceDirectory /home/travis/build/failed/square/retrofit/samples/src/main/resources
[INFO] 
[INFO] --- maven-compiler-plugin:3.0:compile (default-compile) @ samples ---
[INFO] Changes detected - recompiling the module!
[INFO] Compiling 11 source files to /home/travis/build/failed/square/retrofit/samples/target/classes
[WARNING] /home/travis/build/failed/square/retrofit/samples/src/main/java/com/example/retrofit/RxJavaObserveOnMainThread.java: /home/travis/build/failed/square/retrofit/samples/src/main/java/com/example/retrofit/RxJavaObserveOnMainThread.java uses unchecked or unsafe operations.
[WARNING] /home/travis/build/failed/square/retrofit/samples/src/main/java/com/example/retrofit/RxJavaObserveOnMainThread.java: Recompile with -Xlint:unchecked for details.
[INFO] 
[INFO] --- maven-resources-plugin:2.6:testResources (default-testResources) @ samples ---
[INFO] Using 'UTF-8' encoding to copy filtered resources.
[INFO] skip non existing resourceDirectory /home/travis/build/failed/square/retrofit/samples/src/test/resources
[INFO] 
[INFO] --- maven-compiler-plugin:3.0:testCompile (default-testCompile) @ samples ---
[INFO] No sources to compile
[INFO] 
[INFO] --- maven-surefire-plugin:2.12.4:test (default-test) @ samples ---
[INFO] Tests are skipped.
[INFO] 
[INFO] --- animal-sniffer-maven-plugin:1.14:check (default) @ samples ---
[INFO] Checking unresolved references to org.codehaus.mojo.signature:java16:1.1
[INFO] 
[INFO] --- maven-jar-plugin:2.4:jar (default-jar) @ samples ---
[INFO] Building jar: /home/travis/build/failed/square/retrofit/samples/target/samples-2.2.0-SNAPSHOT.jar
[INFO] 
[INFO] --- maven-javadoc-plugin:2.10.3:jar (attach-javadocs) @ samples ---
[INFO] Skipping javadoc generation
[INFO] 
[INFO] --- maven-checkstyle-plugin:2.17:checkstyle (default) @ samples ---
[INFO] Starting audit...
Audit done.
[WARNING] Unable to locate Source XRef to link to - DISABLED
[INFO] 
[INFO] --- maven-install-plugin:2.4:install (default-install) @ samples ---
[INFO] Installing /home/travis/build/failed/square/retrofit/samples/target/samples-2.2.0-SNAPSHOT.jar to /home/travis/.m2/repository/com/squareup/retrofit2/samples/2.2.0-SNAPSHOT/samples-2.2.0-SNAPSHOT.jar
[INFO] Installing /home/travis/build/failed/square/retrofit/samples/pom.xml to /home/travis/.m2/repository/com/squareup/retrofit2/samples/2.2.0-SNAPSHOT/samples-2.2.0-SNAPSHOT.pom
[INFO] ------------------------------------------------------------------------
[INFO] Reactor Summary:
[INFO] 
[INFO] Retrofit (Parent) .................................. SUCCESS [ 15.580 s]
[INFO] Retrofit ........................................... SUCCESS [ 23.028 s]
[INFO] Adapters ........................................... SUCCESS [  0.728 s]
[INFO] Adapter: Guava ..................................... SUCCESS [  2.631 s]
[INFO] Adapter: Java 8 .................................... SUCCESS [  2.338 s]
[INFO] Adapter: RxJava .................................... SUCCESS [  2.418 s]
[INFO] Adapter: RxJava 2 .................................. SUCCESS [  2.735 s]
[INFO] Converters ......................................... SUCCESS [  0.380 s]
[INFO] Converter: Gson .................................... SUCCESS [  1.577 s]
[INFO] Converter: Protocol Buffers ........................ SUCCESS [  1.718 s]
[INFO] Converter: Jackson ................................. SUCCESS [  1.905 s]
[INFO] Converter: Wire Protocol Buffers ................... SUCCESS [  1.317 s]
[INFO] Converter: SimpleXML ............................... SUCCESS [  1.382 s]
[INFO] Converter: Java Scalars ............................ SUCCESS [  1.023 s]
[INFO] Converter: Moshi ................................... SUCCESS [  1.765 s]
[INFO] Retrofit Mock Adapter .............................. SUCCESS [  1.451 s]
[INFO] Samples ............................................ SUCCESS [  3.072 s]
[INFO] ------------------------------------------------------------------------
[INFO] BUILD SUCCESS
[INFO] ------------------------------------------------------------------------
[INFO] Total time: 01:05 min
[INFO] Finished at: 2022-06-08T17:35:07+00:00
[INFO] Final Memory: 48M/340M
[INFO] ------------------------------------------------------------------------

travis_time:end:07cf807b:start=1654709640493842838,finish=1654709709108683151,duration=68614840313[0Ktravis_fold:end:install[0Ktravis_time:start:02b7858e[0K$ mvn -o test -Dhttps.protocols=TLSv1.2 -B
Java HotSpot(TM) 64-Bit Server VM warning: ignoring option MaxPermSize=192m; support was removed in 8.0
[INFO] Scanning for projects...
[WARNING] 
[WARNING] Some problems were encountered while building the effective model for com.squareup.retrofit2:samples:jar:2.2.0-SNAPSHOT
[WARNING] 'build.plugins.plugin.version' for org.apache.maven.plugins:maven-deploy-plugin is missing. @ com.squareup.retrofit2:samples:[unknown-version], /home/travis/build/failed/square/retrofit/samples/pom.xml, line 65, column 15
[WARNING] 
[WARNING] It is highly recommended to fix these problems because they threaten the stability of your build.
[WARNING] 
[WARNING] For this reason, future Maven versions might no longer support building such malformed projects.
[WARNING] 
[INFO] ------------------------------------------------------------------------
[INFO] Reactor Build Order:
[INFO] 
[INFO] Retrofit (Parent)
[INFO] Retrofit
[INFO] Adapters
[INFO] Adapter: Guava
[INFO] Adapter: Java 8
[INFO] Adapter: RxJava
[INFO] Adapter: RxJava 2
[INFO] Converters
[INFO] Converter: Gson
[INFO] Converter: Protocol Buffers
[INFO] Converter: Jackson
[INFO] Converter: Wire Protocol Buffers
[INFO] Converter: SimpleXML
[INFO] Converter: Java Scalars
[INFO] Converter: Moshi
[INFO] Retrofit Mock Adapter
[INFO] Samples
[INFO]                                                                         
[INFO] ------------------------------------------------------------------------
[INFO] Building Retrofit (Parent) 2.2.0-SNAPSHOT
[INFO] ------------------------------------------------------------------------
[INFO] 
[INFO] --- maven-enforcer-plugin:1.0:enforce (enforce-maven) @ parent ---
[INFO] 
[INFO] --- animal-sniffer-maven-plugin:1.14:check (default) @ parent ---
[INFO] Checking unresolved references to org.codehaus.mojo.signature:java16:1.1
[INFO]                                                                         
[INFO] ------------------------------------------------------------------------
[INFO] Building Retrofit 2.2.0-SNAPSHOT
[INFO] ------------------------------------------------------------------------
[INFO] 
[INFO] --- maven-enforcer-plugin:1.0:enforce (enforce-maven) @ retrofit ---
[INFO] 
[INFO] --- maven-resources-plugin:2.6:resources (default-resources) @ retrofit ---
[INFO] Using 'UTF-8' encoding to copy filtered resources.
[INFO] skip non existing resourceDirectory /home/travis/build/failed/square/retrofit/retrofit/src/main/resources
[INFO] 
[INFO] --- maven-compiler-plugin:3.0:compile (default-compile) @ retrofit ---
[INFO] Changes detected - recompiling the module!
[INFO] Compiling 42 source files to /home/travis/build/failed/square/retrofit/retrofit/target/classes
[WARNING] /home/travis/build/failed/square/retrofit/retrofit/src/main/java/retrofit2/ServiceMethod.java: Some input files use unchecked or unsafe operations.
[WARNING] /home/travis/build/failed/square/retrofit/retrofit/src/main/java/retrofit2/ServiceMethod.java: Recompile with -Xlint:unchecked for details.
[INFO] 
[INFO] --- maven-resources-plugin:2.6:testResources (default-testResources) @ retrofit ---
[INFO] Using 'UTF-8' encoding to copy filtered resources.
[INFO] skip non existing resourceDirectory /home/travis/build/failed/square/retrofit/retrofit/src/test/resources
[INFO] 
[INFO] --- maven-compiler-plugin:3.0:testCompile (default-testCompile) @ retrofit ---
[INFO] Changes detected - recompiling the module!
[INFO] Compiling 15 source files to /home/travis/build/failed/square/retrofit/retrofit/target/test-classes
[WARNING] /home/travis/build/failed/square/retrofit/retrofit/src/test/java/retrofit2/RequestBuilderTest.java: Some input files use unchecked or unsafe operations.
[WARNING] /home/travis/build/failed/square/retrofit/retrofit/src/test/java/retrofit2/RequestBuilderTest.java: Recompile with -Xlint:unchecked for details.
[INFO] 
[INFO] --- maven-surefire-plugin:2.12.4:test (default-test) @ retrofit ---
[INFO] Surefire report directory: /home/travis/build/failed/square/retrofit/retrofit/target/surefire-reports

-------------------------------------------------------
 T E S T S
-------------------------------------------------------
Running retrofit2.CallAdapterTest
Tests run: 4, Failures: 0, Errors: 0, Skipped: 0, Time elapsed: 0.108 sec
Running retrofit2.CallTest
Jun 08, 2022 5:35:14 PM okhttp3.mockwebserver.MockWebServer$2 execute
INFO: MockWebServer[56625] starting to accept connections
Jun 08, 2022 5:35:14 PM okhttp3.mockwebserver.MockWebServer$2 acceptConnections
INFO: MockWebServer[56625] done accepting connections: Socket closed
Jun 08, 2022 5:35:14 PM okhttp3.mockwebserver.MockWebServer$2 execute
INFO: MockWebServer[43269] starting to accept connections
Jun 08, 2022 5:35:14 PM okhttp3.mockwebserver.MockWebServer$3 processOneRequest
INFO: MockWebServer[43269] received request: GET / HTTP/1.1 and responded: HTTP/1.1 200 OK
Jun 08, 2022 5:35:14 PM okhttp3.mockwebserver.MockWebServer$2 acceptConnections
INFO: MockWebServer[43269] done accepting connections: Socket closed
Jun 08, 2022 5:35:14 PM okhttp3.mockwebserver.MockWebServer$2 execute
INFO: MockWebServer[40633] starting to accept connections
Jun 08, 2022 5:35:14 PM okhttp3.mockwebserver.MockWebServer$3 processOneRequest
INFO: MockWebServer[40633] received request: GET / HTTP/1.1 and responded: HTTP/1.1 404 Client Error
Jun 08, 2022 5:35:14 PM okhttp3.mockwebserver.MockWebServer$2 acceptConnections
INFO: MockWebServer[40633] done accepting connections: Socket closed
Jun 08, 2022 5:35:14 PM okhttp3.mockwebserver.MockWebServer$2 execute
INFO: MockWebServer[40661] starting to accept connections
Jun 08, 2022 5:35:14 PM okhttp3.mockwebserver.MockWebServer$3 processOneRequest
INFO: MockWebServer[40661] received request: POST /Hello HTTP/1.1 and responded: HTTP/1.1 200 OK
Jun 08, 2022 5:35:14 PM okhttp3.mockwebserver.MockWebServer$2 acceptConnections
INFO: MockWebServer[40661] done accepting connections: Socket closed
Jun 08, 2022 5:35:14 PM okhttp3.mockwebserver.MockWebServer$2 execute
INFO: MockWebServer[39005] starting to accept connections
Jun 08, 2022 5:35:14 PM okhttp3.mockwebserver.MockWebServer$2 acceptConnections
INFO: MockWebServer[39005] done accepting connections: Socket closed
Jun 08, 2022 5:35:14 PM okhttp3.mockwebserver.MockWebServer$2 execute
INFO: MockWebServer[46323] starting to accept connections
Jun 08, 2022 5:35:14 PM okhttp3.mockwebserver.MockWebServer$2 acceptConnections
INFO: MockWebServer[46323] done accepting connections: Socket closed
Jun 08, 2022 5:35:14 PM okhttp3.mockwebserver.MockWebServer$2 execute
INFO: MockWebServer[49455] starting to accept connections
Jun 08, 2022 5:35:14 PM okhttp3.mockwebserver.MockWebServer$3 processOneRequest
INFO: MockWebServer[49455] received request: GET / HTTP/1.1 and responded: HTTP/1.1 200 OK
Jun 08, 2022 5:35:15 PM okhttp3.mockwebserver.MockWebServer$2 acceptConnections
INFO: MockWebServer[49455] done accepting connections: Socket closed
Jun 08, 2022 5:35:15 PM okhttp3.mockwebserver.MockWebServer$2 execute
INFO: MockWebServer[36959] starting to accept connections
Jun 08, 2022 5:35:15 PM okhttp3.mockwebserver.MockWebServer$3 processOneRequest
INFO: MockWebServer[36959] received request: GET / HTTP/1.1 and responded: HTTP/1.1 200 OK
Jun 08, 2022 5:35:15 PM okhttp3.mockwebserver.MockWebServer$2 acceptConnections
INFO: MockWebServer[36959] done accepting connections: Socket closed
Jun 08, 2022 5:35:15 PM okhttp3.mockwebserver.MockWebServer$2 execute
INFO: MockWebServer[60319] starting to accept connections
Jun 08, 2022 5:35:15 PM okhttp3.mockwebserver.MockWebServer$2 acceptConnections
INFO: MockWebServer[60319] done accepting connections: Socket closed
Jun 08, 2022 5:35:15 PM okhttp3.mockwebserver.MockWebServer$2 execute
INFO: MockWebServer[36623] starting to accept connections
Jun 08, 2022 5:35:15 PM okhttp3.mockwebserver.MockWebServer$3 processOneRequest
INFO: MockWebServer[36623] received request: POST /Hello HTTP/1.1 and responded: HTTP/1.1 200 OK
Jun 08, 2022 5:35:15 PM okhttp3.mockwebserver.MockWebServer$2 acceptConnections
INFO: MockWebServer[36623] done accepting connections: Socket closed
Jun 08, 2022 5:35:15 PM okhttp3.mockwebserver.MockWebServer$2 execute
INFO: MockWebServer[47359] starting to accept connections
Jun 08, 2022 5:35:15 PM okhttp3.mockwebserver.MockWebServer$3 processOneRequest
INFO: MockWebServer[47359] received request: POST /Hello HTTP/1.1 and responded: HTTP/1.1 200 OK
Jun 08, 2022 5:35:15 PM okhttp3.mockwebserver.MockWebServer$2 acceptConnections
INFO: MockWebServer[47359] done accepting connections: Socket closed
Jun 08, 2022 5:35:15 PM okhttp3.mockwebserver.MockWebServer$2 execute
INFO: MockWebServer[33589] starting to accept connections
Jun 08, 2022 5:35:15 PM okhttp3.mockwebserver.MockWebServer$2 acceptConnections
INFO: MockWebServer[33589] done accepting connections: Socket closed
Jun 08, 2022 5:35:15 PM okhttp3.mockwebserver.MockWebServer$2 execute
INFO: MockWebServer[59441] starting to accept connections
Jun 08, 2022 5:35:15 PM okhttp3.mockwebserver.MockWebServer$3 processOneRequest
INFO: MockWebServer[59441] received request: GET / HTTP/1.1 and responded: HTTP/1.1 404 Client Error
Jun 08, 2022 5:35:15 PM okhttp3.mockwebserver.MockWebServer$2 acceptConnections
INFO: MockWebServer[59441] done accepting connections: Socket closed
Jun 08, 2022 5:35:15 PM okhttp3.mockwebserver.MockWebServer$2 execute
INFO: MockWebServer[37573] starting to accept connections
Jun 08, 2022 5:35:15 PM okhttp3.mockwebserver.MockWebServer$3 processOneRequest
INFO: MockWebServer[37573] received request: POST / HTTP/1.1 and responded: HTTP/1.1 200 OK
Jun 08, 2022 5:35:15 PM okhttp3.mockwebserver.MockWebServer$2 acceptConnections
INFO: MockWebServer[37573] done accepting connections: Socket closed
Jun 08, 2022 5:35:15 PM okhttp3.mockwebserver.MockWebServer$2 execute
INFO: MockWebServer[39549] starting to accept connections
Jun 08, 2022 5:35:15 PM okhttp3.mockwebserver.MockWebServer$3 processOneRequest
INFO: MockWebServer[39549] received request: GET / HTTP/1.1 and responded: HTTP/1.1 204 Nothin
Jun 08, 2022 5:35:15 PM okhttp3.mockwebserver.MockWebServer$2 acceptConnections
INFO: MockWebServer[39549] done accepting connections: Socket closed
Jun 08, 2022 5:35:15 PM okhttp3.mockwebserver.MockWebServer$2 execute
INFO: MockWebServer[57523] starting to accept connections
Jun 08, 2022 5:35:15 PM okhttp3.mockwebserver.MockWebServer$2 acceptConnections
INFO: MockWebServer[57523] done accepting connections: Socket closed
Jun 08, 2022 5:35:15 PM okhttp3.mockwebserver.MockWebServer$2 execute
INFO: MockWebServer[58063] starting to accept connections
Jun 08, 2022 5:35:15 PM okhttp3.mockwebserver.MockWebServer$3 processOneRequest
INFO: MockWebServer[58063] received request: GET / HTTP/1.1 and responded: HTTP/1.1 200 OK
Jun 08, 2022 5:35:15 PM okhttp3.mockwebserver.MockWebServer$2 acceptConnections
INFO: MockWebServer[58063] done accepting connections: Socket closed
Jun 08, 2022 5:35:15 PM okhttp3.mockwebserver.MockWebServer$2 execute
INFO: MockWebServer[32931] starting to accept connections
Jun 08, 2022 5:35:15 PM okhttp3.mockwebserver.MockWebServer$3 processOneRequest
INFO: MockWebServer[32931] received request: POST /Hello HTTP/1.1 and responded: HTTP/1.1 200 OK
Jun 08, 2022 5:35:15 PM okhttp3.mockwebserver.MockWebServer$2 acceptConnections
INFO: MockWebServer[32931] done accepting connections: Socket closed
Jun 08, 2022 5:35:15 PM okhttp3.mockwebserver.MockWebServer$2 execute
INFO: MockWebServer[55619] starting to accept connections
Jun 08, 2022 5:35:15 PM okhttp3.mockwebserver.MockWebServer$3 processOneRequest
INFO: MockWebServer[55619] received request: GET / HTTP/1.1 and responded: HTTP/1.1 200 OK
Jun 08, 2022 5:35:15 PM okhttp3.mockwebserver.MockWebServer$2 acceptConnections
INFO: MockWebServer[55619] done accepting connections: Socket closed
Jun 08, 2022 5:35:15 PM okhttp3.mockwebserver.MockWebServer$2 execute
INFO: MockWebServer[45337] starting to accept connections
Jun 08, 2022 5:35:15 PM okhttp3.mockwebserver.MockWebServer$3 processOneRequest
INFO: MockWebServer[45337] received request: POST / HTTP/1.1 and responded: HTTP/1.1 200 OK
Jun 08, 2022 5:35:15 PM okhttp3.mockwebserver.MockWebServer$2 acceptConnections
INFO: MockWebServer[45337] done accepting connections: Socket closed
Jun 08, 2022 5:35:15 PM okhttp3.mockwebserver.MockWebServer$2 execute
INFO: MockWebServer[60453] starting to accept connections
Jun 08, 2022 5:35:15 PM okhttp3.mockwebserver.MockWebServer$2 acceptConnections
INFO: MockWebServer[60453] done accepting connections: Socket closed
Jun 08, 2022 5:35:15 PM okhttp3.mockwebserver.MockWebServer$2 execute
INFO: MockWebServer[38955] starting to accept connections
Jun 08, 2022 5:35:15 PM okhttp3.mockwebserver.MockWebServer$2 acceptConnections
INFO: MockWebServer[38955] done accepting connections: Socket closed
Jun 08, 2022 5:35:15 PM okhttp3.mockwebserver.MockWebServer$2 execute
INFO: MockWebServer[55721] starting to accept connections
Jun 08, 2022 5:35:15 PM okhttp3.mockwebserver.MockWebServer$2 acceptConnections
INFO: MockWebServer[55721] done accepting connections: Socket closed
Jun 08, 2022 5:35:15 PM okhttp3.mockwebserver.MockWebServer$2 execute
INFO: MockWebServer[51257] starting to accept connections
Jun 08, 2022 5:35:15 PM okhttp3.mockwebserver.MockWebServer$3 processOneRequest
INFO: MockWebServer[51257] received request: GET / HTTP/1.1 and responded: HTTP/1.1 200 OK
Jun 08, 2022 5:35:15 PM okhttp3.mockwebserver.MockWebServer$2 acceptConnections
INFO: MockWebServer[51257] done accepting connections: Socket closed
Jun 08, 2022 5:35:15 PM okhttp3.mockwebserver.MockWebServer$2 execute
INFO: MockWebServer[59343] starting to accept connections
Jun 08, 2022 5:35:15 PM okhttp3.mockwebserver.MockWebServer$3 processOneRequest
INFO: MockWebServer[59343] received request: GET / HTTP/1.1 and responded: HTTP/1.1 200 OK
Jun 08, 2022 5:35:15 PM okhttp3.mockwebserver.MockWebServer$2 acceptConnections
INFO: MockWebServer[59343] done accepting connections: Socket closed
Jun 08, 2022 5:35:15 PM okhttp3.mockwebserver.MockWebServer$2 execute
INFO: MockWebServer[33413] starting to accept connections
Jun 08, 2022 5:35:15 PM okhttp3.mockwebserver.MockWebServer$3 processOneRequest
INFO: MockWebServer[33413] received request: GET / HTTP/1.1 and responded: HTTP/1.1 205 Nothin
Jun 08, 2022 5:35:15 PM okhttp3.mockwebserver.MockWebServer$2 acceptConnections
INFO: MockWebServer[33413] done accepting connections: Socket closed
Jun 08, 2022 5:35:15 PM okhttp3.mockwebserver.MockWebServer$2 execute
INFO: MockWebServer[49375] starting to accept connections
Jun 08, 2022 5:35:15 PM okhttp3.mockwebserver.MockWebServer$3 processOneRequest
INFO: MockWebServer[49375] received request: GET / HTTP/1.1 and responded: HTTP/1.1 200 OK
Jun 08, 2022 5:35:15 PM okhttp3.mockwebserver.MockWebServer$3 processOneRequest
INFO: MockWebServer[49375] received request: GET / HTTP/1.1 and responded: HTTP/1.1 200 OK
Jun 08, 2022 5:35:15 PM okhttp3.mockwebserver.MockWebServer$2 acceptConnections
INFO: MockWebServer[49375] done accepting connections: Socket closed
Jun 08, 2022 5:35:15 PM okhttp3.mockwebserver.MockWebServer$2 execute
INFO: MockWebServer[36447] starting to accept connections
Jun 08, 2022 5:35:15 PM okhttp3.mockwebserver.MockWebServer$2 acceptConnections
INFO: MockWebServer[36447] done accepting connections: Socket closed
Jun 08, 2022 5:35:15 PM okhttp3.mockwebserver.MockWebServer$2 execute
INFO: MockWebServer[33405] starting to accept connections
Jun 08, 2022 5:35:15 PM okhttp3.mockwebserver.MockWebServer$3 processOneRequest
INFO: MockWebServer[33405] received request: GET / HTTP/1.1 and responded: HTTP/1.1 200 OK
Jun 08, 2022 5:35:15 PM okhttp3.mockwebserver.MockWebServer$2 acceptConnections
INFO: MockWebServer[33405] done accepting connections: Socket closed
Jun 08, 2022 5:35:15 PM okhttp3.mockwebserver.MockWebServer$2 execute
INFO: MockWebServer[56345] starting to accept connections
Jun 08, 2022 5:35:15 PM okhttp3.mockwebserver.MockWebServer$2 acceptConnections
INFO: MockWebServer[56345] done accepting connections: Socket closed
Jun 08, 2022 5:35:15 PM okhttp3.mockwebserver.MockWebServer$2 execute
INFO: MockWebServer[33509] starting to accept connections
Jun 08, 2022 5:35:15 PM okhttp3.mockwebserver.MockWebServer$2 acceptConnections
INFO: MockWebServer[33509] done accepting connections: Socket closed
Jun 08, 2022 5:35:15 PM okhttp3.mockwebserver.MockWebServer$2 execute
INFO: MockWebServer[52685] starting to accept connections
Jun 08, 2022 5:35:15 PM okhttp3.mockwebserver.MockWebServer$2 acceptConnections
INFO: MockWebServer[52685] done accepting connections: Socket closed
Jun 08, 2022 5:35:15 PM okhttp3.mockwebserver.MockWebServer$2 execute
INFO: MockWebServer[48979] starting to accept connections
Jun 08, 2022 5:35:15 PM okhttp3.mockwebserver.MockWebServer$3 processOneRequest
INFO: MockWebServer[48979] received request: GET / HTTP/1.1 and responded: HTTP/1.1 200 OK
Jun 08, 2022 5:35:15 PM okhttp3.mockwebserver.MockWebServer$2 acceptConnections
INFO: MockWebServer[48979] done accepting connections: Socket closed
Jun 08, 2022 5:35:15 PM okhttp3.mockwebserver.MockWebServer$2 execute
INFO: MockWebServer[48613] starting to accept connections
Jun 08, 2022 5:35:15 PM okhttp3.mockwebserver.MockWebServer$3 processOneRequest
INFO: MockWebServer[48613] received request: GET / HTTP/1.1 and responded: HTTP/1.1 200 OK
Jun 08, 2022 5:35:15 PM okhttp3.mockwebserver.MockWebServer$2 acceptConnections
INFO: MockWebServer[48613] done accepting connections: Socket closed
Jun 08, 2022 5:35:15 PM okhttp3.mockwebserver.MockWebServer$2 execute
INFO: MockWebServer[41053] starting to accept connections
Jun 08, 2022 5:35:16 PM okhttp3.mockwebserver.MockWebServer$3 processOneRequest
INFO: MockWebServer[41053] received request: GET / HTTP/1.1 and responded: HTTP/1.1 200 OK
Jun 08, 2022 5:35:16 PM okhttp3.mockwebserver.MockWebServer$2 acceptConnections
INFO: MockWebServer[41053] done accepting connections: Socket closed
Tests run: 35, Failures: 0, Errors: 0, Skipped: 0, Time elapsed: 1.404 sec
Running retrofit2.ExecutorCallAdapterFactoryTest
Tests run: 7, Failures: 0, Errors: 0, Skipped: 0, Time elapsed: 0.064 sec
Running retrofit2.HttpExceptionTest
Tests run: 2, Failures: 0, Errors: 0, Skipped: 0, Time elapsed: 0 sec
Running retrofit2.RequestBuilderAndroidTest
WARNING: No manifest file found at ./AndroidManifest.xml.Falling back to the Android OS resources only.
To remove this warning, annotate your test class with @Config(manifest=Config.NONE).
WARNING: No manifest file found at ./AndroidManifest.xml.Falling back to the Android OS resources only.
To remove this warning, annotate your test class with @Config(manifest=Config.NONE).
Tests run: 2, Failures: 0, Errors: 0, Skipped: 0, Time elapsed: 9.463 sec
Running retrofit2.RequestBuilderTest
Tests run: 145, Failures: 0, Errors: 0, Skipped: 2, Time elapsed: 0.127 sec
Running retrofit2.ResponseTest
Tests run: 14, Failures: 0, Errors: 0, Skipped: 0, Time elapsed: 0 sec
Running retrofit2.RetrofitTest
Jun 08, 2022 5:35:25 PM okhttp3.mockwebserver.MockWebServer$2 execute
INFO: MockWebServer[37455] starting to accept connections
Jun 08, 2022 5:35:25 PM okhttp3.mockwebserver.MockWebServer$2 acceptConnections
INFO: MockWebServer[37455] done accepting connections: Socket closed
Jun 08, 2022 5:35:25 PM okhttp3.mockwebserver.MockWebServer$2 execute
INFO: MockWebServer[49829] starting to accept connections
Jun 08, 2022 5:35:25 PM okhttp3.mockwebserver.MockWebServer$2 acceptConnections
INFO: MockWebServer[49829] done accepting connections: Socket closed
Jun 08, 2022 5:35:25 PM okhttp3.mockwebserver.MockWebServer$2 execute
INFO: MockWebServer[42577] starting to accept connections
Jun 08, 2022 5:35:25 PM okhttp3.mockwebserver.MockWebServer$2 acceptConnections
INFO: MockWebServer[42577] done accepting connections: Socket closed
Jun 08, 2022 5:35:25 PM okhttp3.mockwebserver.MockWebServer$2 execute
INFO: MockWebServer[36793] starting to accept connections
Jun 08, 2022 5:35:25 PM okhttp3.mockwebserver.MockWebServer$2 acceptConnections
INFO: MockWebServer[36793] done accepting connections: Socket closed
Jun 08, 2022 5:35:25 PM okhttp3.mockwebserver.MockWebServer$2 execute
INFO: MockWebServer[42069] starting to accept connections
Jun 08, 2022 5:35:25 PM okhttp3.mockwebserver.MockWebServer$2 acceptConnections
INFO: MockWebServer[42069] done accepting connections: Socket is closed
Jun 08, 2022 5:35:25 PM okhttp3.mockwebserver.MockWebServer$2 execute
INFO: MockWebServer[51417] starting to accept connections
Jun 08, 2022 5:35:25 PM okhttp3.mockwebserver.MockWebServer$3 processOneRequest
INFO: MockWebServer[51417] received request: GET / HTTP/1.1 and responded: HTTP/1.1 200 OK
Jun 08, 2022 5:35:25 PM okhttp3.mockwebserver.MockWebServer$2 acceptConnections
INFO: MockWebServer[51417] done accepting connections: Socket closed
Jun 08, 2022 5:35:25 PM okhttp3.mockwebserver.MockWebServer$2 execute
INFO: MockWebServer[39855] starting to accept connections
Jun 08, 2022 5:35:25 PM okhttp3.mockwebserver.MockWebServer$2 acceptConnections
INFO: MockWebServer[39855] done accepting connections: Socket closed
Jun 08, 2022 5:35:25 PM okhttp3.mockwebserver.MockWebServer$2 execute
INFO: MockWebServer[38511] starting to accept connections
Jun 08, 2022 5:35:25 PM okhttp3.mockwebserver.MockWebServer$2 acceptConnections
INFO: MockWebServer[38511] done accepting connections: Socket is closed
Jun 08, 2022 5:35:25 PM okhttp3.mockwebserver.MockWebServer$2 execute
INFO: MockWebServer[46267] starting to accept connections
Jun 08, 2022 5:35:25 PM okhttp3.mockwebserver.MockWebServer$2 acceptConnections
INFO: MockWebServer[46267] done accepting connections: Socket closed
Jun 08, 2022 5:35:25 PM okhttp3.mockwebserver.MockWebServer$2 execute
INFO: MockWebServer[37113] starting to accept connections
Jun 08, 2022 5:35:25 PM okhttp3.mockwebserver.MockWebServer$2 acceptConnections
INFO: MockWebServer[37113] done accepting connections: Socket closed
Jun 08, 2022 5:35:25 PM okhttp3.mockwebserver.MockWebServer$2 execute
INFO: MockWebServer[44539] starting to accept connections
Jun 08, 2022 5:35:26 PM okhttp3.mockwebserver.MockWebServer$2 acceptConnections
INFO: MockWebServer[44539] done accepting connections: Socket closed
Jun 08, 2022 5:35:26 PM okhttp3.mockwebserver.MockWebServer$2 execute
INFO: MockWebServer[43787] starting to accept connections
Jun 08, 2022 5:35:26 PM okhttp3.mockwebserver.MockWebServer$2 acceptConnections
INFO: MockWebServer[43787] done accepting connections: Socket closed
Jun 08, 2022 5:35:26 PM okhttp3.mockwebserver.MockWebServer$2 execute
INFO: MockWebServer[43391] starting to accept connections
Jun 08, 2022 5:35:26 PM okhttp3.mockwebserver.MockWebServer$2 acceptConnections
INFO: MockWebServer[43391] done accepting connections: Socket closed
Jun 08, 2022 5:35:26 PM okhttp3.mockwebserver.MockWebServer$2 execute
INFO: MockWebServer[48051] starting to accept connections
Jun 08, 2022 5:35:26 PM okhttp3.mockwebserver.MockWebServer$2 acceptConnections
INFO: MockWebServer[48051] done accepting connections: Socket closed
Jun 08, 2022 5:35:26 PM okhttp3.mockwebserver.MockWebServer$2 execute
INFO: MockWebServer[51259] starting to accept connections
Jun 08, 2022 5:35:26 PM okhttp3.mockwebserver.MockWebServer$2 acceptConnections
INFO: MockWebServer[51259] done accepting connections: Socket closed
Jun 08, 2022 5:35:26 PM okhttp3.mockwebserver.MockWebServer$2 execute
INFO: MockWebServer[42633] starting to accept connections
Jun 08, 2022 5:35:26 PM okhttp3.mockwebserver.MockWebServer$2 acceptConnections
INFO: MockWebServer[42633] done accepting connections: Socket closed
Jun 08, 2022 5:35:26 PM okhttp3.mockwebserver.MockWebServer$2 execute
INFO: MockWebServer[45237] starting to accept connections
Jun 08, 2022 5:35:26 PM okhttp3.mockwebserver.MockWebServer$3 processOneRequest
INFO: MockWebServer[45237] received request: GET / HTTP/1.1 and responded: HTTP/1.1 200 OK
Jun 08, 2022 5:35:26 PM okhttp3.mockwebserver.MockWebServer$2 acceptConnections
INFO: MockWebServer[45237] done accepting connections: Socket closed
Jun 08, 2022 5:35:26 PM okhttp3.mockwebserver.MockWebServer$2 execute
INFO: MockWebServer[35211] starting to accept connections
Jun 08, 2022 5:35:26 PM okhttp3.mockwebserver.MockWebServer$2 acceptConnections
INFO: MockWebServer[35211] done accepting connections: Socket is closed
Jun 08, 2022 5:35:26 PM okhttp3.mockwebserver.MockWebServer$2 execute
INFO: MockWebServer[58985] starting to accept connections
Jun 08, 2022 5:35:26 PM okhttp3.mockwebserver.MockWebServer$2 acceptConnections
INFO: MockWebServer[58985] done accepting connections: Socket closed
Jun 08, 2022 5:35:26 PM okhttp3.mockwebserver.MockWebServer$2 execute
INFO: MockWebServer[52855] starting to accept connections
Jun 08, 2022 5:35:26 PM okhttp3.mockwebserver.MockWebServer$3 processOneRequest
INFO: MockWebServer[52855] received request: GET / HTTP/1.1 and responded: HTTP/1.1 200 OK
Jun 08, 2022 5:35:26 PM okhttp3.mockwebserver.MockWebServer$2 acceptConnections
INFO: MockWebServer[52855] done accepting connections: Socket closed
Jun 08, 2022 5:35:26 PM okhttp3.mockwebserver.MockWebServer$2 execute
INFO: MockWebServer[41973] starting to accept connections
Jun 08, 2022 5:35:26 PM okhttp3.mockwebserver.MockWebServer$2 acceptConnections
INFO: MockWebServer[41973] done accepting connections: Socket closed
Jun 08, 2022 5:35:26 PM okhttp3.mockwebserver.MockWebServer$2 execute
INFO: MockWebServer[58071] starting to accept connections
Jun 08, 2022 5:35:26 PM okhttp3.mockwebserver.MockWebServer$3 processOneRequest
INFO: MockWebServer[58071] received request: POST / HTTP/1.1 and responded: HTTP/1.1 200 OK
Jun 08, 2022 5:35:26 PM okhttp3.mockwebserver.MockWebServer$2 acceptConnections
INFO: MockWebServer[58071] done accepting connections: Socket closed
Jun 08, 2022 5:35:26 PM okhttp3.mockwebserver.MockWebServer$2 execute
INFO: MockWebServer[43287] starting to accept connections
Jun 08, 2022 5:35:26 PM okhttp3.mockwebserver.MockWebServer$2 acceptConnections
INFO: MockWebServer[43287] done accepting connections: Socket closed
Jun 08, 2022 5:35:26 PM okhttp3.mockwebserver.MockWebServer$2 execute
INFO: MockWebServer[58429] starting to accept connections
Jun 08, 2022 5:35:26 PM okhttp3.mockwebserver.MockWebServer$2 acceptConnections
INFO: MockWebServer[58429] done accepting connections: Socket closed
Jun 08, 2022 5:35:26 PM okhttp3.mockwebserver.MockWebServer$2 execute
INFO: MockWebServer[45753] starting to accept connections
Jun 08, 2022 5:35:26 PM okhttp3.mockwebserver.MockWebServer$2 acceptConnections
INFO: MockWebServer[45753] done accepting connections: Socket closed
Jun 08, 2022 5:35:26 PM okhttp3.mockwebserver.MockWebServer$2 execute
INFO: MockWebServer[50247] starting to accept connections
Jun 08, 2022 5:35:26 PM okhttp3.mockwebserver.MockWebServer$2 acceptConnections
INFO: MockWebServer[50247] done accepting connections: Socket is closed
Jun 08, 2022 5:35:26 PM okhttp3.mockwebserver.MockWebServer$2 execute
INFO: MockWebServer[47295] starting to accept connections
Jun 08, 2022 5:35:26 PM okhttp3.mockwebserver.MockWebServer$2 acceptConnections
INFO: MockWebServer[47295] done accepting connections: Socket closed
Jun 08, 2022 5:35:26 PM okhttp3.mockwebserver.MockWebServer$2 execute
INFO: MockWebServer[58531] starting to accept connections
Jun 08, 2022 5:35:26 PM okhttp3.mockwebserver.MockWebServer$2 acceptConnections
INFO: MockWebServer[58531] done accepting connections: Socket is closed
Jun 08, 2022 5:35:26 PM okhttp3.mockwebserver.MockWebServer$2 execute
INFO: MockWebServer[38795] starting to accept connections
Jun 08, 2022 5:35:26 PM okhttp3.mockwebserver.MockWebServer$2 acceptConnections
INFO: MockWebServer[38795] done accepting connections: Socket closed
Jun 08, 2022 5:35:26 PM okhttp3.mockwebserver.MockWebServer$2 execute
INFO: MockWebServer[52497] starting to accept connections
Jun 08, 2022 5:35:26 PM okhttp3.mockwebserver.MockWebServer$3 processOneRequest
INFO: MockWebServer[52497] received request: GET / HTTP/1.1 and responded: HTTP/1.1 200 OK
Jun 08, 2022 5:35:26 PM okhttp3.mockwebserver.MockWebServer$2 acceptConnections
INFO: MockWebServer[52497] done accepting connections: Socket closed
Jun 08, 2022 5:35:26 PM okhttp3.mockwebserver.MockWebServer$2 execute
INFO: MockWebServer[58555] starting to accept connections
Jun 08, 2022 5:35:26 PM okhttp3.mockwebserver.MockWebServer$2 acceptConnections
INFO: MockWebServer[58555] done accepting connections: Socket closed
Jun 08, 2022 5:35:26 PM okhttp3.mockwebserver.MockWebServer$2 execute
INFO: MockWebServer[43995] starting to accept connections
Jun 08, 2022 5:35:26 PM okhttp3.mockwebserver.MockWebServer$2 acceptConnections
INFO: MockWebServer[43995] done accepting connections: Socket closed
Jun 08, 2022 5:35:26 PM okhttp3.mockwebserver.MockWebServer$2 execute
INFO: MockWebServer[55211] starting to accept connections
Jun 08, 2022 5:35:26 PM okhttp3.mockwebserver.MockWebServer$2 acceptConnections
INFO: MockWebServer[55211] done accepting connections: Socket closed
Jun 08, 2022 5:35:26 PM okhttp3.mockwebserver.MockWebServer$2 execute
INFO: MockWebServer[46559] starting to accept connections
Jun 08, 2022 5:35:26 PM okhttp3.mockwebserver.MockWebServer$2 acceptConnections
INFO: MockWebServer[46559] done accepting connections: Socket closed
Jun 08, 2022 5:35:26 PM okhttp3.mockwebserver.MockWebServer$2 execute
INFO: MockWebServer[38935] starting to accept connections
Jun 08, 2022 5:35:26 PM okhttp3.mockwebserver.MockWebServer$2 acceptConnections
INFO: MockWebServer[38935] done accepting connections: Socket closed
Jun 08, 2022 5:35:26 PM okhttp3.mockwebserver.MockWebServer$2 execute
INFO: MockWebServer[39633] starting to accept connections
Jun 08, 2022 5:35:26 PM okhttp3.mockwebserver.MockWebServer$3 processOneRequest
INFO: MockWebServer[39633] received request: GET / HTTP/1.1 and responded: HTTP/1.1 200 OK
Jun 08, 2022 5:35:26 PM okhttp3.mockwebserver.MockWebServer$3 processOneRequest
INFO: MockWebServer[39633] received request: GET / HTTP/1.1 and responded: HTTP/1.1 200 OK
Jun 08, 2022 5:35:26 PM okhttp3.mockwebserver.MockWebServer$2 acceptConnections
INFO: MockWebServer[39633] done accepting connections: Socket closed
Jun 08, 2022 5:35:26 PM okhttp3.mockwebserver.MockWebServer$2 execute
INFO: MockWebServer[39245] starting to accept connections
Jun 08, 2022 5:35:26 PM okhttp3.mockwebserver.MockWebServer$2 acceptConnections
INFO: MockWebServer[39245] done accepting connections: Socket closed
Jun 08, 2022 5:35:26 PM okhttp3.mockwebserver.MockWebServer$2 execute
INFO: MockWebServer[59837] starting to accept connections
Jun 08, 2022 5:35:26 PM okhttp3.mockwebserver.MockWebServer$2 acceptConnections
INFO: MockWebServer[59837] done accepting connections: Socket closed
Jun 08, 2022 5:35:26 PM okhttp3.mockwebserver.MockWebServer$2 execute
INFO: MockWebServer[51455] starting to accept connections
Jun 08, 2022 5:35:26 PM okhttp3.mockwebserver.MockWebServer$2 acceptConnections
INFO: MockWebServer[51455] done accepting connections: Socket closed
Jun 08, 2022 5:35:26 PM okhttp3.mockwebserver.MockWebServer$2 execute
INFO: MockWebServer[43583] starting to accept connections
Jun 08, 2022 5:35:26 PM okhttp3.mockwebserver.MockWebServer$2 acceptConnections
INFO: MockWebServer[43583] done accepting connections: Socket closed
Jun 08, 2022 5:35:26 PM okhttp3.mockwebserver.MockWebServer$2 execute
INFO: MockWebServer[49023] starting to accept connections
Jun 08, 2022 5:35:26 PM okhttp3.mockwebserver.MockWebServer$2 acceptConnections
INFO: MockWebServer[49023] done accepting connections: Socket closed
Jun 08, 2022 5:35:26 PM okhttp3.mockwebserver.MockWebServer$2 execute
INFO: MockWebServer[48431] starting to accept connections
Jun 08, 2022 5:35:26 PM okhttp3.mockwebserver.MockWebServer$2 acceptConnections
INFO: MockWebServer[48431] done accepting connections: Socket closed
Jun 08, 2022 5:35:26 PM okhttp3.mockwebserver.MockWebServer$2 execute
INFO: MockWebServer[43025] starting to accept connections
Jun 08, 2022 5:35:26 PM okhttp3.mockwebserver.MockWebServer$2 acceptConnections
INFO: MockWebServer[43025] done accepting connections: Socket closed
Jun 08, 2022 5:35:26 PM okhttp3.mockwebserver.MockWebServer$2 execute
INFO: MockWebServer[55109] starting to accept connections
Jun 08, 2022 5:35:26 PM okhttp3.mockwebserver.MockWebServer$2 acceptConnections
INFO: MockWebServer[55109] done accepting connections: Socket closed
Jun 08, 2022 5:35:26 PM okhttp3.mockwebserver.MockWebServer$2 execute
INFO: MockWebServer[43333] starting to accept connections
Jun 08, 2022 5:35:26 PM okhttp3.mockwebserver.MockWebServer$2 acceptConnections
INFO: MockWebServer[43333] done accepting connections: Socket is closed
Jun 08, 2022 5:35:26 PM okhttp3.mockwebserver.MockWebServer$2 execute
INFO: MockWebServer[51319] starting to accept connections
Jun 08, 2022 5:35:26 PM okhttp3.mockwebserver.MockWebServer$2 acceptConnections
INFO: MockWebServer[51319] done accepting connections: Socket closed
Jun 08, 2022 5:35:26 PM okhttp3.mockwebserver.MockWebServer$2 execute
INFO: MockWebServer[50269] starting to accept connections
Jun 08, 2022 5:35:26 PM okhttp3.mockwebserver.MockWebServer$2 acceptConnections
INFO: MockWebServer[50269] done accepting connections: Socket is closed
Jun 08, 2022 5:35:26 PM okhttp3.mockwebserver.MockWebServer$2 execute
INFO: MockWebServer[33325] starting to accept connections
Jun 08, 2022 5:35:26 PM okhttp3.mockwebserver.MockWebServer$3 processOneRequest
INFO: MockWebServer[33325] received request: GET /?i=101 HTTP/1.1 and responded: HTTP/1.1 200 OK
Jun 08, 2022 5:35:26 PM okhttp3.mockwebserver.MockWebServer$3 processOneRequest
INFO: MockWebServer[33325] received request: GET /?i=201 HTTP/1.1 and responded: HTTP/1.1 200 OK
Jun 08, 2022 5:35:26 PM okhttp3.mockwebserver.MockWebServer$2 acceptConnections
INFO: MockWebServer[33325] done accepting connections: Socket closed
Jun 08, 2022 5:35:26 PM okhttp3.mockwebserver.MockWebServer$2 execute
INFO: MockWebServer[36747] starting to accept connections
Jun 08, 2022 5:35:26 PM okhttp3.mockwebserver.MockWebServer$2 acceptConnections
INFO: MockWebServer[36747] done accepting connections: Socket closed
Jun 08, 2022 5:35:26 PM okhttp3.mockwebserver.MockWebServer$2 execute
INFO: MockWebServer[57147] starting to accept connections
Jun 08, 2022 5:35:26 PM okhttp3.mockwebserver.MockWebServer$2 acceptConnections
INFO: MockWebServer[57147] done accepting connections: Socket closed
Jun 08, 2022 5:35:26 PM okhttp3.mockwebserver.MockWebServer$2 execute
INFO: MockWebServer[54013] starting to accept connections
Jun 08, 2022 5:35:26 PM okhttp3.mockwebserver.MockWebServer$2 acceptConnections
INFO: MockWebServer[54013] done accepting connections: Socket is closed
Jun 08, 2022 5:35:26 PM okhttp3.mockwebserver.MockWebServer$2 execute
INFO: MockWebServer[60339] starting to accept connections
Jun 08, 2022 5:35:26 PM okhttp3.mockwebserver.MockWebServer$2 acceptConnections
INFO: MockWebServer[60339] done accepting connections: Socket is closed
Jun 08, 2022 5:35:26 PM okhttp3.mockwebserver.MockWebServer$2 execute
INFO: MockWebServer[36347] starting to accept connections
Jun 08, 2022 5:35:26 PM okhttp3.mockwebserver.MockWebServer$2 acceptConnections
INFO: MockWebServer[36347] done accepting connections: Socket closed
Jun 08, 2022 5:35:26 PM okhttp3.mockwebserver.MockWebServer$2 execute
INFO: MockWebServer[46953] starting to accept connections
Jun 08, 2022 5:35:26 PM okhttp3.mockwebserver.MockWebServer$2 acceptConnections
INFO: MockWebServer[46953] done accepting connections: Socket closed
Jun 08, 2022 5:35:26 PM okhttp3.mockwebserver.MockWebServer$2 execute
INFO: MockWebServer[53819] starting to accept connections
Jun 08, 2022 5:35:26 PM okhttp3.mockwebserver.MockWebServer$2 acceptConnections
INFO: MockWebServer[53819] done accepting connections: Socket closed
Jun 08, 2022 5:35:26 PM okhttp3.mockwebserver.MockWebServer$2 execute
INFO: MockWebServer[51369] starting to accept connections
Jun 08, 2022 5:35:26 PM okhttp3.mockwebserver.MockWebServer$2 acceptConnections
INFO: MockWebServer[51369] done accepting connections: Socket closed
Jun 08, 2022 5:35:26 PM okhttp3.mockwebserver.MockWebServer$2 execute
INFO: MockWebServer[56911] starting to accept connections
Jun 08, 2022 5:35:26 PM okhttp3.mockwebserver.MockWebServer$2 acceptConnections
INFO: MockWebServer[56911] done accepting connections: Socket closed
Jun 08, 2022 5:35:26 PM okhttp3.mockwebserver.MockWebServer$2 execute
INFO: MockWebServer[53791] starting to accept connections
Jun 08, 2022 5:35:26 PM okhttp3.mockwebserver.MockWebServer$2 acceptConnections
INFO: MockWebServer[53791] done accepting connections: Socket closed
Jun 08, 2022 5:35:26 PM okhttp3.mockwebserver.MockWebServer$2 execute
INFO: MockWebServer[49753] starting to accept connections
Jun 08, 2022 5:35:26 PM okhttp3.mockwebserver.MockWebServer$2 acceptConnections
INFO: MockWebServer[49753] done accepting connections: Socket closed
Jun 08, 2022 5:35:26 PM okhttp3.mockwebserver.MockWebServer$2 execute
INFO: MockWebServer[56403] starting to accept connections
Jun 08, 2022 5:35:26 PM okhttp3.mockwebserver.MockWebServer$2 acceptConnections
INFO: MockWebServer[56403] done accepting connections: Socket is closed
Jun 08, 2022 5:35:26 PM okhttp3.mockwebserver.MockWebServer$2 execute
INFO: MockWebServer[49479] starting to accept connections
Jun 08, 2022 5:35:27 PM okhttp3.mockwebserver.MockWebServer$2 acceptConnections
INFO: MockWebServer[49479] done accepting connections: Socket closed
Jun 08, 2022 5:35:27 PM okhttp3.mockwebserver.MockWebServer$2 execute
INFO: MockWebServer[39877] starting to accept connections
Jun 08, 2022 5:35:27 PM okhttp3.mockwebserver.MockWebServer$2 acceptConnections
INFO: MockWebServer[39877] done accepting connections: Socket closed
Jun 08, 2022 5:35:27 PM okhttp3.mockwebserver.MockWebServer$2 execute
INFO: MockWebServer[44407] starting to accept connections
Jun 08, 2022 5:35:27 PM okhttp3.mockwebserver.MockWebServer$2 acceptConnections
INFO: MockWebServer[44407] done accepting connections: Socket closed
Jun 08, 2022 5:35:27 PM okhttp3.mockwebserver.MockWebServer$2 execute
INFO: MockWebServer[40201] starting to accept connections
Jun 08, 2022 5:35:27 PM okhttp3.mockwebserver.MockWebServer$2 acceptConnections
INFO: MockWebServer[40201] done accepting connections: Socket closed
Jun 08, 2022 5:35:27 PM okhttp3.mockwebserver.MockWebServer$2 execute
INFO: MockWebServer[55089] starting to accept connections
Jun 08, 2022 5:35:27 PM okhttp3.mockwebserver.MockWebServer$2 acceptConnections
INFO: MockWebServer[55089] done accepting connections: Socket closed
Tests run: 65, Failures: 0, Errors: 0, Skipped: 0, Time elapsed: 1.411 sec
Running retrofit2.ServiceMethodTest
Tests run: 1, Failures: 0, Errors: 0, Skipped: 0, Time elapsed: 0 sec

Results :

Tests run: 275, Failures: 0, Errors: 0, Skipped: 2

[INFO] 
[INFO] --- animal-sniffer-maven-plugin:1.14:check (default) @ retrofit ---
[INFO] Checking unresolved references to org.codehaus.mojo.signature:java16:1.1
[INFO]                                                                         
[INFO] ------------------------------------------------------------------------
[INFO] Building Adapters 2.2.0-SNAPSHOT
[INFO] ------------------------------------------------------------------------
[INFO] 
[INFO] --- maven-enforcer-plugin:1.0:enforce (enforce-maven) @ retrofit-adapters ---
[INFO] 
[INFO] --- animal-sniffer-maven-plugin:1.14:check (default) @ retrofit-adapters ---
[INFO] Checking unresolved references to org.codehaus.mojo.signature:java16:1.1
[INFO]                                                                         
[INFO] ------------------------------------------------------------------------
[INFO] Building Adapter: Guava 2.2.0-SNAPSHOT
[INFO] ------------------------------------------------------------------------
[INFO] 
[INFO] --- maven-enforcer-plugin:1.0:enforce (enforce-maven) @ adapter-guava ---
[INFO] 
[INFO] --- maven-resources-plugin:2.6:resources (default-resources) @ adapter-guava ---
[INFO] Using 'UTF-8' encoding to copy filtered resources.
[INFO] skip non existing resourceDirectory /home/travis/build/failed/square/retrofit/retrofit-adapters/guava/src/main/resources
[INFO] 
[INFO] --- maven-compiler-plugin:3.0:compile (default-compile) @ adapter-guava ---
[INFO] Changes detected - recompiling the module!
[INFO] Compiling 2 source files to /home/travis/build/failed/square/retrofit/retrofit-adapters/guava/target/classes
[WARNING] /home/travis/build/failed/square/retrofit/retrofit-adapters/guava/src/main/java/retrofit2/adapter/guava/GuavaCallAdapterFactory.java: /home/travis/build/failed/square/retrofit/retrofit-adapters/guava/src/main/java/retrofit2/adapter/guava/GuavaCallAdapterFactory.java uses or overrides a deprecated API.
[WARNING] /home/travis/build/failed/square/retrofit/retrofit-adapters/guava/src/main/java/retrofit2/adapter/guava/GuavaCallAdapterFactory.java: Recompile with -Xlint:deprecation for details.
[INFO] 
[INFO] --- maven-resources-plugin:2.6:testResources (default-testResources) @ adapter-guava ---
[INFO] Using 'UTF-8' encoding to copy filtered resources.
[INFO] skip non existing resourceDirectory /home/travis/build/failed/square/retrofit/retrofit-adapters/guava/src/test/resources
[INFO] 
[INFO] --- maven-compiler-plugin:3.0:testCompile (default-testCompile) @ adapter-guava ---
[INFO] Changes detected - recompiling the module!
[INFO] Compiling 3 source files to /home/travis/build/failed/square/retrofit/retrofit-adapters/guava/target/test-classes
[WARNING] /home/travis/build/failed/square/retrofit/retrofit-adapters/guava/src/test/java/retrofit2/adapter/guava/ListenableFutureTest.java: /home/travis/build/failed/square/retrofit/retrofit-adapters/guava/src/test/java/retrofit2/adapter/guava/ListenableFutureTest.java uses or overrides a deprecated API.
[WARNING] /home/travis/build/failed/square/retrofit/retrofit-adapters/guava/src/test/java/retrofit2/adapter/guava/ListenableFutureTest.java: Recompile with -Xlint:deprecation for details.
[INFO] 
[INFO] --- maven-surefire-plugin:2.12.4:test (default-test) @ adapter-guava ---
[INFO] Surefire report directory: /home/travis/build/failed/square/retrofit/retrofit-adapters/guava/target/surefire-reports

-------------------------------------------------------
 T E S T S
-------------------------------------------------------
Running retrofit2.adapter.guava.GuavaCallAdapterFactoryTest
Jun 08, 2022 5:35:28 PM okhttp3.mockwebserver.MockWebServer$2 execute
INFO: MockWebServer[40109] starting to accept connections
Jun 08, 2022 5:35:28 PM okhttp3.mockwebserver.MockWebServer$2 acceptConnections
INFO: MockWebServer[40109] done accepting connections: Socket closed
Jun 08, 2022 5:35:28 PM okhttp3.mockwebserver.MockWebServer$2 execute
INFO: MockWebServer[34921] starting to accept connections
Jun 08, 2022 5:35:28 PM okhttp3.mockwebserver.MockWebServer$2 acceptConnections
INFO: MockWebServer[34921] done accepting connections: Socket closed
Jun 08, 2022 5:35:28 PM okhttp3.mockwebserver.MockWebServer$2 execute
INFO: MockWebServer[58401] starting to accept connections
Jun 08, 2022 5:35:28 PM okhttp3.mockwebserver.MockWebServer$2 acceptConnections
INFO: MockWebServer[58401] done accepting connections: Socket closed
Jun 08, 2022 5:35:28 PM okhttp3.mockwebserver.MockWebServer$2 execute
INFO: MockWebServer[42283] starting to accept connections
Jun 08, 2022 5:35:28 PM okhttp3.mockwebserver.MockWebServer$2 acceptConnections
INFO: MockWebServer[42283] done accepting connections: Socket closed
Tests run: 4, Failures: 0, Errors: 0, Skipped: 0, Time elapsed: 0.445 sec
Running retrofit2.adapter.guava.ListenableFutureTest
Jun 08, 2022 5:35:28 PM okhttp3.mockwebserver.MockWebServer$2 execute
INFO: MockWebServer[41131] starting to accept connections
Jun 08, 2022 5:35:28 PM okhttp3.mockwebserver.MockWebServer$3 processOneRequest
INFO: MockWebServer[41131] received request: GET / HTTP/1.1 and responded: HTTP/1.1 200 OK
Jun 08, 2022 5:35:28 PM okhttp3.mockwebserver.MockWebServer$2 acceptConnections
INFO: MockWebServer[41131] done accepting connections: Socket closed
Jun 08, 2022 5:35:28 PM okhttp3.mockwebserver.MockWebServer$2 execute
INFO: MockWebServer[48807] starting to accept connections
Jun 08, 2022 5:35:28 PM okhttp3.mockwebserver.MockWebServer$3 processOneRequest
INFO: MockWebServer[48807] received request: GET / HTTP/1.1 and responded: HTTP/1.1 404 Client Error
Jun 08, 2022 5:35:28 PM okhttp3.mockwebserver.MockWebServer$2 acceptConnections
INFO: MockWebServer[48807] done accepting connections: Socket closed
Jun 08, 2022 5:35:28 PM okhttp3.mockwebserver.MockWebServer$2 execute
INFO: MockWebServer[46113] starting to accept connections
Jun 08, 2022 5:35:28 PM okhttp3.mockwebserver.MockWebServer$3 processConnection
WARNING: MockWebServer[46113] connection from /127.0.0.1 didn't make a request
Jun 08, 2022 5:35:28 PM okhttp3.mockwebserver.MockWebServer$2 acceptConnections
INFO: MockWebServer[46113] done accepting connections: Socket closed
Jun 08, 2022 5:35:28 PM okhttp3.mockwebserver.MockWebServer$2 execute
INFO: MockWebServer[41393] starting to accept connections
Jun 08, 2022 5:35:28 PM okhttp3.mockwebserver.MockWebServer$3 processOneRequest
INFO: MockWebServer[41393] received request: GET / HTTP/1.1 and responded: HTTP/1.1 200 OK
Jun 08, 2022 5:35:28 PM okhttp3.mockwebserver.MockWebServer$2 acceptConnections
INFO: MockWebServer[41393] done accepting connections: Socket closed
Jun 08, 2022 5:35:28 PM okhttp3.mockwebserver.MockWebServer$2 execute
INFO: MockWebServer[41433] starting to accept connections
Jun 08, 2022 5:35:28 PM okhttp3.mockwebserver.MockWebServer$3 processOneRequest
INFO: MockWebServer[41433] received request: GET / HTTP/1.1 and responded: HTTP/1.1 404 Client Error
Jun 08, 2022 5:35:28 PM okhttp3.mockwebserver.MockWebServer$2 acceptConnections
INFO: MockWebServer[41433] done accepting connections: Socket closed
Jun 08, 2022 5:35:28 PM okhttp3.mockwebserver.MockWebServer$2 execute
INFO: MockWebServer[39901] starting to accept connections
Jun 08, 2022 5:35:28 PM okhttp3.mockwebserver.MockWebServer$3 processConnection
WARNING: MockWebServer[39901] connection from /127.0.0.1 didn't make a request
Jun 08, 2022 5:35:28 PM okhttp3.mockwebserver.MockWebServer$2 acceptConnections
INFO: MockWebServer[39901] done accepting connections: Socket closed
Tests run: 6, Failures: 0, Errors: 0, Skipped: 0, Time elapsed: 0.138 sec

Results :

Tests run: 10, Failures: 0, Errors: 0, Skipped: 0

[INFO] 
[INFO] --- animal-sniffer-maven-plugin:1.14:check (default) @ adapter-guava ---
[INFO] Checking unresolved references to org.codehaus.mojo.signature:java16:1.1
[INFO]                                                                         
[INFO] ------------------------------------------------------------------------
[INFO] Building Adapter: Java 8 2.2.0-SNAPSHOT
[INFO] ------------------------------------------------------------------------
[INFO] 
[INFO] --- maven-enforcer-plugin:1.0:enforce (enforce-maven) @ adapter-java8 ---
[INFO] 
[INFO] --- maven-resources-plugin:2.6:resources (default-resources) @ adapter-java8 ---
[INFO] Using 'UTF-8' encoding to copy filtered resources.
[INFO] skip non existing resourceDirectory /home/travis/build/failed/square/retrofit/retrofit-adapters/java8/src/main/resources
[INFO] 
[INFO] --- maven-compiler-plugin:3.0:compile (default-compile) @ adapter-java8 ---
[INFO] Changes detected - recompiling the module!
[INFO] Compiling 2 source files to /home/travis/build/failed/square/retrofit/retrofit-adapters/java8/target/classes
[WARNING] /home/travis/build/failed/square/retrofit/retrofit-adapters/java8/src/main/java/retrofit2/adapter/java8/Java8CallAdapterFactory.java: /home/travis/build/failed/square/retrofit/retrofit-adapters/java8/src/main/java/retrofit2/adapter/java8/Java8CallAdapterFactory.java uses or overrides a deprecated API.
[WARNING] /home/travis/build/failed/square/retrofit/retrofit-adapters/java8/src/main/java/retrofit2/adapter/java8/Java8CallAdapterFactory.java: Recompile with -Xlint:deprecation for details.
[INFO] 
[INFO] --- maven-resources-plugin:2.6:testResources (default-testResources) @ adapter-java8 ---
[INFO] Using 'UTF-8' encoding to copy filtered resources.
[INFO] skip non existing resourceDirectory /home/travis/build/failed/square/retrofit/retrofit-adapters/java8/src/test/resources
[INFO] 
[INFO] --- maven-compiler-plugin:3.0:testCompile (default-testCompile) @ adapter-java8 ---
[INFO] Changes detected - recompiling the module!
[INFO] Compiling 3 source files to /home/travis/build/failed/square/retrofit/retrofit-adapters/java8/target/test-classes
[WARNING] /home/travis/build/failed/square/retrofit/retrofit-adapters/java8/src/test/java/retrofit2/adapter/java8/CompletableFutureTest.java: /home/travis/build/failed/square/retrofit/retrofit-adapters/java8/src/test/java/retrofit2/adapter/java8/CompletableFutureTest.java uses or overrides a deprecated API.
[WARNING] /home/travis/build/failed/square/retrofit/retrofit-adapters/java8/src/test/java/retrofit2/adapter/java8/CompletableFutureTest.java: Recompile with -Xlint:deprecation for details.
[INFO] 
[INFO] --- maven-surefire-plugin:2.12.4:test (default-test) @ adapter-java8 ---
[INFO] Surefire report directory: /home/travis/build/failed/square/retrofit/retrofit-adapters/java8/target/surefire-reports

-------------------------------------------------------
 T E S T S
-------------------------------------------------------
Running retrofit2.adapter.java8.CompletableFutureTest
Jun 08, 2022 5:35:30 PM okhttp3.mockwebserver.MockWebServer$2 execute
INFO: MockWebServer[49427] starting to accept connections
Jun 08, 2022 5:35:30 PM okhttp3.mockwebserver.MockWebServer$3 processOneRequest
INFO: MockWebServer[49427] received request: GET / HTTP/1.1 and responded: HTTP/1.1 200 OK
Jun 08, 2022 5:35:30 PM okhttp3.mockwebserver.MockWebServer$2 acceptConnections
INFO: MockWebServer[49427] done accepting connections: Socket closed
Jun 08, 2022 5:35:30 PM okhttp3.mockwebserver.MockWebServer$2 execute
INFO: MockWebServer[48417] starting to accept connections
Jun 08, 2022 5:35:30 PM okhttp3.mockwebserver.MockWebServer$3 processOneRequest
INFO: MockWebServer[48417] received request: GET / HTTP/1.1 and responded: HTTP/1.1 404 Client Error
Jun 08, 2022 5:35:30 PM okhttp3.mockwebserver.MockWebServer$2 acceptConnections
INFO: MockWebServer[48417] done accepting connections: Socket closed
Jun 08, 2022 5:35:30 PM okhttp3.mockwebserver.MockWebServer$2 execute
INFO: MockWebServer[58543] starting to accept connections
Jun 08, 2022 5:35:30 PM okhttp3.mockwebserver.MockWebServer$3 processConnection
WARNING: MockWebServer[58543] connection from /127.0.0.1 didn't make a request
Jun 08, 2022 5:35:30 PM okhttp3.mockwebserver.MockWebServer$2 acceptConnections
INFO: MockWebServer[58543] done accepting connections: Socket closed
Jun 08, 2022 5:35:30 PM okhttp3.mockwebserver.MockWebServer$2 execute
INFO: MockWebServer[50617] starting to accept connections
Jun 08, 2022 5:35:30 PM okhttp3.mockwebserver.MockWebServer$3 processOneRequest
INFO: MockWebServer[50617] received request: GET / HTTP/1.1 and responded: HTTP/1.1 200 OK
Jun 08, 2022 5:35:30 PM okhttp3.mockwebserver.MockWebServer$2 acceptConnections
INFO: MockWebServer[50617] done accepting connections: Socket closed
Jun 08, 2022 5:35:30 PM okhttp3.mockwebserver.MockWebServer$2 execute
INFO: MockWebServer[36311] starting to accept connections
Jun 08, 2022 5:35:30 PM okhttp3.mockwebserver.MockWebServer$3 processOneRequest
INFO: MockWebServer[36311] received request: GET / HTTP/1.1 and responded: HTTP/1.1 404 Client Error
Jun 08, 2022 5:35:30 PM okhttp3.mockwebserver.MockWebServer$2 acceptConnections
INFO: MockWebServer[36311] done accepting connections: Socket closed
Jun 08, 2022 5:35:30 PM okhttp3.mockwebserver.MockWebServer$2 execute
INFO: MockWebServer[50421] starting to accept connections
Jun 08, 2022 5:35:30 PM okhttp3.mockwebserver.MockWebServer$3 processConnection
WARNING: MockWebServer[50421] connection from /127.0.0.1 didn't make a request
Jun 08, 2022 5:35:30 PM okhttp3.mockwebserver.MockWebServer$2 acceptConnections
INFO: MockWebServer[50421] done accepting connections: Socket closed
Tests run: 6, Failures: 0, Errors: 0, Skipped: 0, Time elapsed: 0.498 sec
Running retrofit2.adapter.java8.Java8CallAdapterFactoryTest
Jun 08, 2022 5:35:30 PM okhttp3.mockwebserver.MockWebServer$2 execute
INFO: MockWebServer[55773] starting to accept connections
Jun 08, 2022 5:35:30 PM okhttp3.mockwebserver.MockWebServer$2 acceptConnections
INFO: MockWebServer[55773] done accepting connections: Socket closed
Jun 08, 2022 5:35:30 PM okhttp3.mockwebserver.MockWebServer$2 execute
INFO: MockWebServer[54593] starting to accept connections
Jun 08, 2022 5:35:30 PM okhttp3.mockwebserver.MockWebServer$2 acceptConnections
INFO: MockWebServer[54593] done accepting connections: Socket closed
Jun 08, 2022 5:35:30 PM okhttp3.mockwebserver.MockWebServer$2 execute
INFO: MockWebServer[52639] starting to accept connections
Jun 08, 2022 5:35:30 PM okhttp3.mockwebserver.MockWebServer$2 acceptConnections
INFO: MockWebServer[52639] done accepting connections: Socket closed
Jun 08, 2022 5:35:30 PM okhttp3.mockwebserver.MockWebServer$2 execute
INFO: MockWebServer[40329] starting to accept connections
Jun 08, 2022 5:35:30 PM okhttp3.mockwebserver.MockWebServer$2 acceptConnections
INFO: MockWebServer[40329] done accepting connections: Socket closed
Tests run: 4, Failures: 0, Errors: 0, Skipped: 0, Time elapsed: 0.037 sec

Results :

Tests run: 10, Failures: 0, Errors: 0, Skipped: 0

[INFO] 
[INFO] --- animal-sniffer-maven-plugin:1.14:check (default) @ adapter-java8 ---
[INFO] Checking unresolved references to org.kaazing.mojo.signature:java18:1.0
[INFO]                                                                         
[INFO] ------------------------------------------------------------------------
[INFO] Building Adapter: RxJava 2.2.0-SNAPSHOT
[INFO] ------------------------------------------------------------------------
[INFO] 
[INFO] --- maven-enforcer-plugin:1.0:enforce (enforce-maven) @ adapter-rxjava ---
[INFO] 
[INFO] --- maven-resources-plugin:2.6:resources (default-resources) @ adapter-rxjava ---
[INFO] Using 'UTF-8' encoding to copy filtered resources.
[INFO] skip non existing resourceDirectory /home/travis/build/failed/square/retrofit/retrofit-adapters/rxjava/src/main/resources
[INFO] 
[INFO] --- maven-compiler-plugin:3.0:compile (default-compile) @ adapter-rxjava ---
[INFO] Changes detected - recompiling the module!
[INFO] Compiling 9 source files to /home/travis/build/failed/square/retrofit/retrofit-adapters/rxjava/target/classes
[WARNING] /home/travis/build/failed/square/retrofit/retrofit-adapters/rxjava/src/main/java/retrofit2/adapter/rxjava/BodyOnSubscribe.java: Some input files use or override a deprecated API.
[WARNING] /home/travis/build/failed/square/retrofit/retrofit-adapters/rxjava/src/main/java/retrofit2/adapter/rxjava/BodyOnSubscribe.java: Recompile with -Xlint:deprecation for details.
[INFO] 
[INFO] --- maven-resources-plugin:2.6:testResources (default-testResources) @ adapter-rxjava ---
[INFO] Using 'UTF-8' encoding to copy filtered resources.
[INFO] skip non existing resourceDirectory /home/travis/build/failed/square/retrofit/retrofit-adapters/rxjava/src/test/resources
[INFO] 
[INFO] --- maven-compiler-plugin:3.0:testCompile (default-testCompile) @ adapter-rxjava ---
[INFO] Changes detected - recompiling the module!
[INFO] Compiling 13 source files to /home/travis/build/failed/square/retrofit/retrofit-adapters/rxjava/target/test-classes
[WARNING] /home/travis/build/failed/square/retrofit/retrofit-adapters/rxjava/src/test/java/retrofit2/adapter/rxjava/RxJavaPluginsResetRule.java: Some input files use or override a deprecated API.
[WARNING] /home/travis/build/failed/square/retrofit/retrofit-adapters/rxjava/src/test/java/retrofit2/adapter/rxjava/RxJavaPluginsResetRule.java: Recompile with -Xlint:deprecation for details.
[INFO] 
[INFO] --- maven-surefire-plugin:2.12.4:test (default-test) @ adapter-rxjava ---
[INFO] Surefire report directory: /home/travis/build/failed/square/retrofit/retrofit-adapters/rxjava/target/surefire-reports

-------------------------------------------------------
 T E S T S
-------------------------------------------------------
Running retrofit2.adapter.rxjava.AsyncTest
Jun 08, 2022 5:35:31 PM okhttp3.mockwebserver.MockWebServer$2 execute
INFO: MockWebServer[42755] starting to accept connections
Jun 08, 2022 5:35:32 PM okhttp3.mockwebserver.MockWebServer$3 processOneRequest
INFO: MockWebServer[42755] received request: GET / HTTP/1.1 and responded: HTTP/1.1 200 OK
Jun 08, 2022 5:35:32 PM okhttp3.mockwebserver.MockWebServer$2 acceptConnections
INFO: MockWebServer[42755] done accepting connections: Socket closed
Jun 08, 2022 5:35:32 PM okhttp3.mockwebserver.MockWebServer$2 execute
INFO: MockWebServer[54103] starting to accept connections
Jun 08, 2022 5:35:32 PM okhttp3.mockwebserver.MockWebServer$3 processOneRequest
INFO: MockWebServer[54103] received request: GET / HTTP/1.1 and responded: HTTP/1.1 200 OK
Jun 08, 2022 5:35:32 PM okhttp3.mockwebserver.MockWebServer$2 acceptConnections
INFO: MockWebServer[54103] done accepting connections: Socket closed
Jun 08, 2022 5:35:32 PM okhttp3.mockwebserver.MockWebServer$2 execute
INFO: MockWebServer[33625] starting to accept connections
Jun 08, 2022 5:35:33 PM okhttp3.mockwebserver.MockWebServer$3 processConnection
WARNING: MockWebServer[33625] connection from /127.0.0.1 didn't make a request
Jun 08, 2022 5:35:33 PM okhttp3.mockwebserver.MockWebServer$2 acceptConnections
INFO: MockWebServer[33625] done accepting connections: Socket closed
Jun 08, 2022 5:35:33 PM okhttp3.mockwebserver.MockWebServer$2 execute
INFO: MockWebServer[38219] starting to accept connections
Jun 08, 2022 5:35:33 PM okhttp3.mockwebserver.MockWebServer$3 processOneRequest
INFO: MockWebServer[38219] received request: GET / HTTP/1.1 and responded: HTTP/1.1 404 Client Error
Jun 08, 2022 5:35:33 PM okhttp3.mockwebserver.MockWebServer$2 acceptConnections
INFO: MockWebServer[38219] done accepting connections: Socket closed
Tests run: 4, Failures: 0, Errors: 0, Skipped: 0, Time elapsed: 2.466 sec
Running retrofit2.adapter.rxjava.CompletableTest
Jun 08, 2022 5:35:33 PM okhttp3.mockwebserver.MockWebServer$2 execute
INFO: MockWebServer[51135] starting to accept connections
Jun 08, 2022 5:35:33 PM okhttp3.mockwebserver.MockWebServer$3 processOneRequest
INFO: MockWebServer[51135] received request: GET / HTTP/1.1 and responded: HTTP/1.1 200 OK
Jun 08, 2022 5:35:33 PM okhttp3.mockwebserver.MockWebServer$2 acceptConnections
INFO: MockWebServer[51135] done accepting connections: Socket closed
Jun 08, 2022 5:35:33 PM okhttp3.mockwebserver.MockWebServer$2 execute
INFO: MockWebServer[40745] starting to accept connections
Jun 08, 2022 5:35:33 PM okhttp3.mockwebserver.MockWebServer$3 processOneRequest
INFO: MockWebServer[40745] received request: GET / HTTP/1.1 and responded: HTTP/1.1 404 Client Error
Jun 08, 2022 5:35:33 PM okhttp3.mockwebserver.MockWebServer$2 acceptConnections
INFO: MockWebServer[40745] done accepting connections: Socket closed
Jun 08, 2022 5:35:33 PM okhttp3.mockwebserver.MockWebServer$2 execute
INFO: MockWebServer[48021] starting to accept connections
Jun 08, 2022 5:35:33 PM okhttp3.mockwebserver.MockWebServer$3 processConnection
WARNING: MockWebServer[48021] connection from /127.0.0.1 didn't make a request
Jun 08, 2022 5:35:33 PM okhttp3.mockwebserver.MockWebServer$2 acceptConnections
INFO: MockWebServer[48021] done accepting connections: Socket closed
Tests run: 3, Failures: 1, Errors: 0, Skipped: 0, Time elapsed: 0.001 sec <<< FAILURE!
completableSuccess404(retrofit2.adapter.rxjava.CompletableTest)  Time elapsed: 0.001 sec  <<< FAILURE!
java.lang.AssertionError: 
Expecting:
 <retrofit2.HttpException: HTTP 404 Client Error>
to be an instance of:
 <retrofit2.adapter.rxjava.HttpException>
but was instance of:
 <retrofit2.HttpException>
	at retrofit2.adapter.rxjava.RecordingSubscriber.assertError(RecordingSubscriber.java:107)
	at retrofit2.adapter.rxjava.CompletableTest.completableSuccess404(CompletableTest.java:64)
	at sun.reflect.NativeMethodAccessorImpl.invoke0(Native Method)
	at sun.reflect.NativeMethodAccessorImpl.invoke(NativeMethodAccessorImpl.java:62)
	at sun.reflect.DelegatingMethodAccessorImpl.invoke(DelegatingMethodAccessorImpl.java:43)
	at java.lang.reflect.Method.invoke(Method.java:483)
	at org.junit.runners.model.FrameworkMethod$1.runReflectiveCall(FrameworkMethod.java:50)
	at org.junit.internal.runners.model.ReflectiveCallable.run(ReflectiveCallable.java:12)
	at org.junit.runners.model.FrameworkMethod.invokeExplosively(FrameworkMethod.java:47)
	at org.junit.internal.runners.statements.InvokeMethod.evaluate(InvokeMethod.java:17)
	at org.junit.internal.runners.statements.RunBefores.evaluate(RunBefores.java:26)
	at retrofit2.adapter.rxjava.RxJavaPluginsResetRule$1.evaluate(RxJavaPluginsResetRule.java:30)
	at org.junit.rules.ExternalResource$1.evaluate(ExternalResource.java:48)
	at retrofit2.adapter.rxjava.RecordingSubscriber$Rule$1.evaluate(RecordingSubscriber.java:138)
	at org.junit.rules.RunRules.evaluate(RunRules.java:20)
	at org.junit.runners.ParentRunner.runLeaf(ParentRunner.java:325)
	at org.junit.runners.BlockJUnit4ClassRunner.runChild(BlockJUnit4ClassRunner.java:78)
	at org.junit.runners.BlockJUnit4ClassRunner.runChild(BlockJUnit4ClassRunner.java:57)
	at org.junit.runners.ParentRunner$3.run(ParentRunner.java:290)
	at org.junit.runners.ParentRunner$1.schedule(ParentRunner.java:71)
	at org.junit.runners.ParentRunner.runChildren(ParentRunner.java:288)
	at org.junit.runners.ParentRunner.access$000(ParentRunner.java:58)
	at org.junit.runners.ParentRunner$2.evaluate(ParentRunner.java:268)
	at org.junit.runners.ParentRunner.run(ParentRunner.java:363)
	at org.apache.maven.surefire.junit4.JUnit4Provider.execute(JUnit4Provider.java:252)
	at org.apache.maven.surefire.junit4.JUnit4Provider.executeTestSet(JUnit4Provider.java:141)
	at org.apache.maven.surefire.junit4.JUnit4Provider.invoke(JUnit4Provider.java:112)
	at sun.reflect.NativeMethodAccessorImpl.invoke0(Native Method)
	at sun.reflect.NativeMethodAccessorImpl.invoke(NativeMethodAccessorImpl.java:62)
	at sun.reflect.DelegatingMethodAccessorImpl.invoke(DelegatingMethodAccessorImpl.java:43)
	at java.lang.reflect.Method.invoke(Method.java:483)
	at org.apache.maven.surefire.util.ReflectionUtils.invokeMethodWithArray(ReflectionUtils.java:189)
	at org.apache.maven.surefire.booter.ProviderFactory$ProviderProxy.invoke(ProviderFactory.java:165)
	at org.apache.maven.surefire.booter.ProviderFactory.invokeProvider(ProviderFactory.java:85)
	at org.apache.maven.surefire.booter.ForkedBooter.runSuitesInProcess(ForkedBooter.java:115)
	at org.apache.maven.surefire.booter.ForkedBooter.main(ForkedBooter.java:75)

Running retrofit2.adapter.rxjava.CompletableWithSchedulerTest
Jun 08, 2022 5:35:33 PM okhttp3.mockwebserver.MockWebServer$2 execute
INFO: MockWebServer[36407] starting to accept connections
Jun 08, 2022 5:35:33 PM okhttp3.mockwebserver.MockWebServer$3 processOneRequest
INFO: MockWebServer[36407] received request: GET / HTTP/1.1 and responded: HTTP/1.1 200 OK
Jun 08, 2022 5:35:33 PM okhttp3.mockwebserver.MockWebServer$2 acceptConnections
INFO: MockWebServer[36407] done accepting connections: Socket closed
Tests run: 1, Failures: 0, Errors: 0, Skipped: 0, Time elapsed: 0 sec
Running retrofit2.adapter.rxjava.ObservableTest
Jun 08, 2022 5:35:33 PM okhttp3.mockwebserver.MockWebServer$2 execute
INFO: MockWebServer[60253] starting to accept connections
Jun 08, 2022 5:35:33 PM okhttp3.mockwebserver.MockWebServer$3 processConnection
WARNING: MockWebServer[60253] connection from /127.0.0.1 didn't make a request
Jun 08, 2022 5:35:33 PM okhttp3.mockwebserver.MockWebServer$2 acceptConnections
INFO: MockWebServer[60253] done accepting connections: Socket closed
Jun 08, 2022 5:35:33 PM okhttp3.mockwebserver.MockWebServer$2 execute
INFO: MockWebServer[49653] starting to accept connections
Jun 08, 2022 5:35:33 PM okhttp3.mockwebserver.MockWebServer$3 processOneRequest
INFO: MockWebServer[49653] received request: GET / HTTP/1.1 and responded: HTTP/1.1 200 OK
Jun 08, 2022 5:35:33 PM okhttp3.mockwebserver.MockWebServer$2 acceptConnections
INFO: MockWebServer[49653] done accepting connections: Socket closed
Jun 08, 2022 5:35:33 PM okhttp3.mockwebserver.MockWebServer$2 execute
INFO: MockWebServer[42971] starting to accept connections
Jun 08, 2022 5:35:33 PM okhttp3.mockwebserver.MockWebServer$3 processOneRequest
INFO: MockWebServer[42971] received request: GET / HTTP/1.1 and responded: HTTP/1.1 404 Client Error
Jun 08, 2022 5:35:33 PM okhttp3.mockwebserver.MockWebServer$2 acceptConnections
INFO: MockWebServer[42971] done accepting connections: Socket closed
Jun 08, 2022 5:35:33 PM okhttp3.mockwebserver.MockWebServer$2 execute
INFO: MockWebServer[59443] starting to accept connections
Jun 08, 2022 5:35:33 PM okhttp3.mockwebserver.MockWebServer$3 processOneRequest
INFO: MockWebServer[59443] received request: GET / HTTP/1.1 and responded: HTTP/1.1 200 OK
Jun 08, 2022 5:35:33 PM okhttp3.mockwebserver.MockWebServer$2 acceptConnections
INFO: MockWebServer[59443] done accepting connections: Socket closed
Jun 08, 2022 5:35:33 PM okhttp3.mockwebserver.MockWebServer$2 execute
INFO: MockWebServer[51415] starting to accept connections
Jun 08, 2022 5:35:33 PM okhttp3.mockwebserver.MockWebServer$3 processOneRequest
INFO: MockWebServer[51415] received request: GET / HTTP/1.1 and responded: HTTP/1.1 200 OK
Jun 08, 2022 5:35:33 PM okhttp3.mockwebserver.MockWebServer$2 acceptConnections
INFO: MockWebServer[51415] done accepting connections: Socket closed
Jun 08, 2022 5:35:33 PM okhttp3.mockwebserver.MockWebServer$2 execute
INFO: MockWebServer[47989] starting to accept connections
Jun 08, 2022 5:35:33 PM okhttp3.mockwebserver.MockWebServer$3 processConnection
WARNING: MockWebServer[47989] connection from /127.0.0.1 didn't make a request
Jun 08, 2022 5:35:33 PM okhttp3.mockwebserver.MockWebServer$2 acceptConnections
INFO: MockWebServer[47989] done accepting connections: Socket closed
Jun 08, 2022 5:35:33 PM okhttp3.mockwebserver.MockWebServer$2 execute
INFO: MockWebServer[37765] starting to accept connections
Jun 08, 2022 5:35:33 PM okhttp3.mockwebserver.MockWebServer$3 processOneRequest
INFO: MockWebServer[37765] received request: GET / HTTP/1.1 and responded: HTTP/1.1 200 OK
Jun 08, 2022 5:35:33 PM okhttp3.mockwebserver.MockWebServer$2 acceptConnections
INFO: MockWebServer[37765] done accepting connections: Socket closed
Jun 08, 2022 5:35:33 PM okhttp3.mockwebserver.MockWebServer$2 execute
INFO: MockWebServer[40987] starting to accept connections
Jun 08, 2022 5:35:33 PM okhttp3.mockwebserver.MockWebServer$3 processOneRequest
INFO: MockWebServer[40987] received request: GET / HTTP/1.1 and responded: HTTP/1.1 404 Client Error
Jun 08, 2022 5:35:33 PM okhttp3.mockwebserver.MockWebServer$2 acceptConnections
INFO: MockWebServer[40987] done accepting connections: Socket closed
Jun 08, 2022 5:35:33 PM okhttp3.mockwebserver.MockWebServer$2 execute
INFO: MockWebServer[52109] starting to accept connections
Jun 08, 2022 5:35:33 PM okhttp3.mockwebserver.MockWebServer$3 processConnection
WARNING: MockWebServer[52109] connection from /127.0.0.1 didn't make a request
Jun 08, 2022 5:35:33 PM okhttp3.mockwebserver.MockWebServer$2 acceptConnections
INFO: MockWebServer[52109] done accepting connections: Socket closed
Jun 08, 2022 5:35:33 PM okhttp3.mockwebserver.MockWebServer$2 execute
INFO: MockWebServer[33197] starting to accept connections
Jun 08, 2022 5:35:33 PM okhttp3.mockwebserver.MockWebServer$3 processOneRequest
INFO: MockWebServer[33197] received request: GET / HTTP/1.1 and responded: HTTP/1.1 200 OK
Jun 08, 2022 5:35:33 PM okhttp3.mockwebserver.MockWebServer$2 acceptConnections
INFO: MockWebServer[33197] done accepting connections: Socket closed
Jun 08, 2022 5:35:33 PM okhttp3.mockwebserver.MockWebServer$2 execute
INFO: MockWebServer[59141] starting to accept connections
Jun 08, 2022 5:35:33 PM okhttp3.mockwebserver.MockWebServer$3 processOneRequest
INFO: MockWebServer[59141] received request: GET / HTTP/1.1 and responded: HTTP/1.1 200 OK
Jun 08, 2022 5:35:33 PM okhttp3.mockwebserver.MockWebServer$2 acceptConnections
INFO: MockWebServer[59141] done accepting connections: Socket closed
Jun 08, 2022 5:35:33 PM okhttp3.mockwebserver.MockWebServer$2 execute
INFO: MockWebServer[40407] starting to accept connections
Jun 08, 2022 5:35:33 PM okhttp3.mockwebserver.MockWebServer$3 processOneRequest
INFO: MockWebServer[40407] received request: GET / HTTP/1.1 and responded: HTTP/1.1 404 Client Error
Jun 08, 2022 5:35:33 PM okhttp3.mockwebserver.MockWebServer$2 acceptConnections
INFO: MockWebServer[40407] done accepting connections: Socket closed
Tests run: 12, Failures: 1, Errors: 0, Skipped: 0, Time elapsed: 0.034 sec <<< FAILURE!
bodySuccess404(retrofit2.adapter.rxjava.ObservableTest)  Time elapsed: 0 sec  <<< FAILURE!
java.lang.AssertionError: 
Expecting:
 <retrofit2.HttpException: HTTP 404 Client Error>
to be an instance of:
 <retrofit2.adapter.rxjava.HttpException>
but was instance of:
 <retrofit2.HttpException>
	at retrofit2.adapter.rxjava.RecordingSubscriber.assertError(RecordingSubscriber.java:107)
	at retrofit2.adapter.rxjava.ObservableTest.bodySuccess404(ObservableTest.java:69)
	at sun.reflect.NativeMethodAccessorImpl.invoke0(Native Method)
	at sun.reflect.NativeMethodAccessorImpl.invoke(NativeMethodAccessorImpl.java:62)
	at sun.reflect.DelegatingMethodAccessorImpl.invoke(DelegatingMethodAccessorImpl.java:43)
	at java.lang.reflect.Method.invoke(Method.java:483)
	at org.junit.runners.model.FrameworkMethod$1.runReflectiveCall(FrameworkMethod.java:50)
	at org.junit.internal.runners.model.ReflectiveCallable.run(ReflectiveCallable.java:12)
	at org.junit.runners.model.FrameworkMethod.invokeExplosively(FrameworkMethod.java:47)
	at org.junit.internal.runners.statements.InvokeMethod.evaluate(InvokeMethod.java:17)
	at org.junit.internal.runners.statements.RunBefores.evaluate(RunBefores.java:26)
	at retrofit2.adapter.rxjava.RxJavaPluginsResetRule$1.evaluate(RxJavaPluginsResetRule.java:30)
	at org.junit.rules.ExternalResource$1.evaluate(ExternalResource.java:48)
	at retrofit2.adapter.rxjava.RecordingSubscriber$Rule$1.evaluate(RecordingSubscriber.java:138)
	at org.junit.rules.RunRules.evaluate(RunRules.java:20)
	at org.junit.runners.ParentRunner.runLeaf(ParentRunner.java:325)
	at org.junit.runners.BlockJUnit4ClassRunner.runChild(BlockJUnit4ClassRunner.java:78)
	at org.junit.runners.BlockJUnit4ClassRunner.runChild(BlockJUnit4ClassRunner.java:57)
	at org.junit.runners.ParentRunner$3.run(ParentRunner.java:290)
	at org.junit.runners.ParentRunner$1.schedule(ParentRunner.java:71)
	at org.junit.runners.ParentRunner.runChildren(ParentRunner.java:288)
	at org.junit.runners.ParentRunner.access$000(ParentRunner.java:58)
	at org.junit.runners.ParentRunner$2.evaluate(ParentRunner.java:268)
	at org.junit.runners.ParentRunner.run(ParentRunner.java:363)
	at org.apache.maven.surefire.junit4.JUnit4Provider.execute(JUnit4Provider.java:252)
	at org.apache.maven.surefire.junit4.JUnit4Provider.executeTestSet(JUnit4Provider.java:141)
	at org.apache.maven.surefire.junit4.JUnit4Provider.invoke(JUnit4Provider.java:112)
	at sun.reflect.NativeMethodAccessorImpl.invoke0(Native Method)
	at sun.reflect.NativeMethodAccessorImpl.invoke(NativeMethodAccessorImpl.java:62)
	at sun.reflect.DelegatingMethodAccessorImpl.invoke(DelegatingMethodAccessorImpl.java:43)
	at java.lang.reflect.Method.invoke(Method.java:483)
	at org.apache.maven.surefire.util.ReflectionUtils.invokeMethodWithArray(ReflectionUtils.java:189)
	at org.apache.maven.surefire.booter.ProviderFactory$ProviderProxy.invoke(ProviderFactory.java:165)
	at org.apache.maven.surefire.booter.ProviderFactory.invokeProvider(ProviderFactory.java:85)
	at org.apache.maven.surefire.booter.ForkedBooter.runSuitesInProcess(ForkedBooter.java:115)
	at org.apache.maven.surefire.booter.ForkedBooter.main(ForkedBooter.java:75)

Running retrofit2.adapter.rxjava.ObservableWithSchedulerTest
Jun 08, 2022 5:35:33 PM okhttp3.mockwebserver.MockWebServer$2 execute
INFO: MockWebServer[34647] starting to accept connections
Jun 08, 2022 5:35:33 PM okhttp3.mockwebserver.MockWebServer$3 processOneRequest
INFO: MockWebServer[34647] received request: GET / HTTP/1.1 and responded: HTTP/1.1 200 OK
Jun 08, 2022 5:35:33 PM okhttp3.mockwebserver.MockWebServer$2 acceptConnections
INFO: MockWebServer[34647] done accepting connections: Socket closed
Jun 08, 2022 5:35:33 PM okhttp3.mockwebserver.MockWebServer$2 execute
INFO: MockWebServer[47203] starting to accept connections
Jun 08, 2022 5:35:33 PM okhttp3.mockwebserver.MockWebServer$3 processOneRequest
INFO: MockWebServer[47203] received request: GET / HTTP/1.1 and responded: HTTP/1.1 200 OK
Jun 08, 2022 5:35:33 PM okhttp3.mockwebserver.MockWebServer$2 acceptConnections
INFO: MockWebServer[47203] done accepting connections: Socket closed
Jun 08, 2022 5:35:33 PM okhttp3.mockwebserver.MockWebServer$2 execute
INFO: MockWebServer[51261] starting to accept connections
Jun 08, 2022 5:35:33 PM okhttp3.mockwebserver.MockWebServer$3 processOneRequest
INFO: MockWebServer[51261] received request: GET / HTTP/1.1 and responded: HTTP/1.1 200 OK
Jun 08, 2022 5:35:33 PM okhttp3.mockwebserver.MockWebServer$2 acceptConnections
INFO: MockWebServer[51261] done accepting connections: Socket closed
Tests run: 3, Failures: 0, Errors: 0, Skipped: 0, Time elapsed: 0.027 sec
Running retrofit2.adapter.rxjava.ResultTest
Tests run: 4, Failures: 0, Errors: 0, Skipped: 0, Time elapsed: 0.001 sec
Running retrofit2.adapter.rxjava.RxJavaCallAdapterFactoryTest
Tests run: 6, Failures: 0, Errors: 0, Skipped: 0, Time elapsed: 0.046 sec
Running retrofit2.adapter.rxjava.SingleTest
Jun 08, 2022 5:35:33 PM okhttp3.mockwebserver.MockWebServer$2 execute
INFO: MockWebServer[42331] starting to accept connections
Jun 08, 2022 5:35:34 PM okhttp3.mockwebserver.MockWebServer$3 processConnection
WARNING: MockWebServer[42331] connection from /127.0.0.1 didn't make a request
Jun 08, 2022 5:35:34 PM okhttp3.mockwebserver.MockWebServer$2 acceptConnections
INFO: MockWebServer[42331] done accepting connections: Socket closed
Jun 08, 2022 5:35:34 PM okhttp3.mockwebserver.MockWebServer$2 execute
INFO: MockWebServer[39147] starting to accept connections
Jun 08, 2022 5:35:34 PM okhttp3.mockwebserver.MockWebServer$3 processOneRequest
INFO: MockWebServer[39147] received request: GET / HTTP/1.1 and responded: HTTP/1.1 200 OK
Jun 08, 2022 5:35:34 PM okhttp3.mockwebserver.MockWebServer$2 acceptConnections
INFO: MockWebServer[39147] done accepting connections: Socket closed
Jun 08, 2022 5:35:34 PM okhttp3.mockwebserver.MockWebServer$2 execute
INFO: MockWebServer[37875] starting to accept connections
Jun 08, 2022 5:35:34 PM okhttp3.mockwebserver.MockWebServer$3 processOneRequest
INFO: MockWebServer[37875] received request: GET / HTTP/1.1 and responded: HTTP/1.1 404 Client Error
Jun 08, 2022 5:35:34 PM okhttp3.mockwebserver.MockWebServer$2 acceptConnections
INFO: MockWebServer[37875] done accepting connections: Socket closed
Jun 08, 2022 5:35:34 PM okhttp3.mockwebserver.MockWebServer$2 execute
INFO: MockWebServer[40709] starting to accept connections
Jun 08, 2022 5:35:34 PM okhttp3.mockwebserver.MockWebServer$3 processOneRequest
INFO: MockWebServer[40709] received request: GET / HTTP/1.1 and responded: HTTP/1.1 200 OK
Jun 08, 2022 5:35:34 PM okhttp3.mockwebserver.MockWebServer$2 acceptConnections
INFO: MockWebServer[40709] done accepting connections: Socket closed
Jun 08, 2022 5:35:34 PM okhttp3.mockwebserver.MockWebServer$2 execute
INFO: MockWebServer[56215] starting to accept connections
Jun 08, 2022 5:35:34 PM okhttp3.mockwebserver.MockWebServer$3 processOneRequest
INFO: MockWebServer[56215] received request: GET / HTTP/1.1 and responded: HTTP/1.1 200 OK
Jun 08, 2022 5:35:34 PM okhttp3.mockwebserver.MockWebServer$2 acceptConnections
INFO: MockWebServer[56215] done accepting connections: Socket closed
Jun 08, 2022 5:35:34 PM okhttp3.mockwebserver.MockWebServer$2 execute
INFO: MockWebServer[52179] starting to accept connections
Jun 08, 2022 5:35:34 PM okhttp3.mockwebserver.MockWebServer$3 processConnection
WARNING: MockWebServer[52179] connection from /127.0.0.1 didn't make a request
Jun 08, 2022 5:35:34 PM okhttp3.mockwebserver.MockWebServer$2 acceptConnections
INFO: MockWebServer[52179] done accepting connections: Socket closed
Jun 08, 2022 5:35:34 PM okhttp3.mockwebserver.MockWebServer$2 execute
INFO: MockWebServer[58247] starting to accept connections
Jun 08, 2022 5:35:34 PM okhttp3.mockwebserver.MockWebServer$3 processOneRequest
INFO: MockWebServer[58247] received request: GET / HTTP/1.1 and responded: HTTP/1.1 200 OK
Jun 08, 2022 5:35:34 PM okhttp3.mockwebserver.MockWebServer$2 acceptConnections
INFO: MockWebServer[58247] done accepting connections: Socket closed
Jun 08, 2022 5:35:34 PM okhttp3.mockwebserver.MockWebServer$2 execute
INFO: MockWebServer[45717] starting to accept connections
Jun 08, 2022 5:35:34 PM okhttp3.mockwebserver.MockWebServer$3 processOneRequest
INFO: MockWebServer[45717] received request: GET / HTTP/1.1 and responded: HTTP/1.1 404 Client Error
Jun 08, 2022 5:35:34 PM okhttp3.mockwebserver.MockWebServer$2 acceptConnections
INFO: MockWebServer[45717] done accepting connections: Socket closed
Jun 08, 2022 5:35:34 PM okhttp3.mockwebserver.MockWebServer$2 execute
INFO: MockWebServer[53215] starting to accept connections
Jun 08, 2022 5:35:34 PM okhttp3.mockwebserver.MockWebServer$3 processConnection
WARNING: MockWebServer[53215] connection from /127.0.0.1 didn't make a request
Jun 08, 2022 5:35:34 PM okhttp3.mockwebserver.MockWebServer$2 acceptConnections
INFO: MockWebServer[53215] done accepting connections: Socket closed
Jun 08, 2022 5:35:34 PM okhttp3.mockwebserver.MockWebServer$2 execute
INFO: MockWebServer[35103] starting to accept connections
Jun 08, 2022 5:35:34 PM okhttp3.mockwebserver.MockWebServer$3 processOneRequest
INFO: MockWebServer[35103] received request: GET / HTTP/1.1 and responded: HTTP/1.1 200 OK
Jun 08, 2022 5:35:34 PM okhttp3.mockwebserver.MockWebServer$2 acceptConnections
INFO: MockWebServer[35103] done accepting connections: Socket closed
Jun 08, 2022 5:35:34 PM okhttp3.mockwebserver.MockWebServer$2 execute
INFO: MockWebServer[58705] starting to accept connections
Jun 08, 2022 5:35:34 PM okhttp3.mockwebserver.MockWebServer$3 processOneRequest
INFO: MockWebServer[58705] received request: GET / HTTP/1.1 and responded: HTTP/1.1 200 OK
Jun 08, 2022 5:35:34 PM okhttp3.mockwebserver.MockWebServer$2 acceptConnections
INFO: MockWebServer[58705] done accepting connections: Socket closed
Jun 08, 2022 5:35:34 PM okhttp3.mockwebserver.MockWebServer$2 execute
INFO: MockWebServer[34097] starting to accept connections
Jun 08, 2022 5:35:34 PM okhttp3.mockwebserver.MockWebServer$3 processOneRequest
INFO: MockWebServer[34097] received request: GET / HTTP/1.1 and responded: HTTP/1.1 404 Client Error
Jun 08, 2022 5:35:34 PM okhttp3.mockwebserver.MockWebServer$2 acceptConnections
INFO: MockWebServer[34097] done accepting connections: Socket closed
Tests run: 12, Failures: 1, Errors: 0, Skipped: 0, Time elapsed: 0.129 sec <<< FAILURE!
bodySuccess404(retrofit2.adapter.rxjava.SingleTest)  Time elapsed: 0.009 sec  <<< FAILURE!
java.lang.AssertionError: 
Expecting:
 <retrofit2.HttpException: HTTP 404 Client Error>
to be an instance of:
 <retrofit2.adapter.rxjava.HttpException>
but was instance of:
 <retrofit2.HttpException>
	at retrofit2.adapter.rxjava.RecordingSubscriber.assertError(RecordingSubscriber.java:107)
	at retrofit2.adapter.rxjava.SingleTest.bodySuccess404(SingleTest.java:69)
	at sun.reflect.NativeMethodAccessorImpl.invoke0(Native Method)
	at sun.reflect.NativeMethodAccessorImpl.invoke(NativeMethodAccessorImpl.java:62)
	at sun.reflect.DelegatingMethodAccessorImpl.invoke(DelegatingMethodAccessorImpl.java:43)
	at java.lang.reflect.Method.invoke(Method.java:483)
	at org.junit.runners.model.FrameworkMethod$1.runReflectiveCall(FrameworkMethod.java:50)
	at org.junit.internal.runners.model.ReflectiveCallable.run(ReflectiveCallable.java:12)
	at org.junit.runners.model.FrameworkMethod.invokeExplosively(FrameworkMethod.java:47)
	at org.junit.internal.runners.statements.InvokeMethod.evaluate(InvokeMethod.java:17)
	at org.junit.internal.runners.statements.RunBefores.evaluate(RunBefores.java:26)
	at retrofit2.adapter.rxjava.RxJavaPluginsResetRule$1.evaluate(RxJavaPluginsResetRule.java:30)
	at org.junit.rules.ExternalResource$1.evaluate(ExternalResource.java:48)
	at retrofit2.adapter.rxjava.RecordingSubscriber$Rule$1.evaluate(RecordingSubscriber.java:138)
	at org.junit.rules.RunRules.evaluate(RunRules.java:20)
	at org.junit.runners.ParentRunner.runLeaf(ParentRunner.java:325)
	at org.junit.runners.BlockJUnit4ClassRunner.runChild(BlockJUnit4ClassRunner.java:78)
	at org.junit.runners.BlockJUnit4ClassRunner.runChild(BlockJUnit4ClassRunner.java:57)
	at org.junit.runners.ParentRunner$3.run(ParentRunner.java:290)
	at org.junit.runners.ParentRunner$1.schedule(ParentRunner.java:71)
	at org.junit.runners.ParentRunner.runChildren(ParentRunner.java:288)
	at org.junit.runners.ParentRunner.access$000(ParentRunner.java:58)
	at org.junit.runners.ParentRunner$2.evaluate(ParentRunner.java:268)
	at org.junit.runners.ParentRunner.run(ParentRunner.java:363)
	at org.apache.maven.surefire.junit4.JUnit4Provider.execute(JUnit4Provider.java:252)
	at org.apache.maven.surefire.junit4.JUnit4Provider.executeTestSet(JUnit4Provider.java:141)
	at org.apache.maven.surefire.junit4.JUnit4Provider.invoke(JUnit4Provider.java:112)
	at sun.reflect.NativeMethodAccessorImpl.invoke0(Native Method)
	at sun.reflect.NativeMethodAccessorImpl.invoke(NativeMethodAccessorImpl.java:62)
	at sun.reflect.DelegatingMethodAccessorImpl.invoke(DelegatingMethodAccessorImpl.java:43)
	at java.lang.reflect.Method.invoke(Method.java:483)
	at org.apache.maven.surefire.util.ReflectionUtils.invokeMethodWithArray(ReflectionUtils.java:189)
	at org.apache.maven.surefire.booter.ProviderFactory$ProviderProxy.invoke(ProviderFactory.java:165)
	at org.apache.maven.surefire.booter.ProviderFactory.invokeProvider(ProviderFactory.java:85)
	at org.apache.maven.surefire.booter.ForkedBooter.runSuitesInProcess(ForkedBooter.java:115)
	at org.apache.maven.surefire.booter.ForkedBooter.main(ForkedBooter.java:75)

Running retrofit2.adapter.rxjava.SingleWithSchedulerTest
Jun 08, 2022 5:35:34 PM okhttp3.mockwebserver.MockWebServer$2 execute
INFO: MockWebServer[38925] starting to accept connections
Jun 08, 2022 5:35:34 PM okhttp3.mockwebserver.MockWebServer$3 processOneRequest
INFO: MockWebServer[38925] received request: GET / HTTP/1.1 and responded: HTTP/1.1 200 OK
Jun 08, 2022 5:35:34 PM okhttp3.mockwebserver.MockWebServer$2 acceptConnections
INFO: MockWebServer[38925] done accepting connections: Socket closed
Jun 08, 2022 5:35:34 PM okhttp3.mockwebserver.MockWebServer$2 execute
INFO: MockWebServer[59259] starting to accept connections
Jun 08, 2022 5:35:34 PM okhttp3.mockwebserver.MockWebServer$3 processOneRequest
INFO: MockWebServer[59259] received request: GET / HTTP/1.1 and responded: HTTP/1.1 200 OK
Jun 08, 2022 5:35:34 PM okhttp3.mockwebserver.MockWebServer$2 acceptConnections
INFO: MockWebServer[59259] done accepting connections: Socket closed
Jun 08, 2022 5:35:34 PM okhttp3.mockwebserver.MockWebServer$2 execute
INFO: MockWebServer[48443] starting to accept connections
Jun 08, 2022 5:35:34 PM okhttp3.mockwebserver.MockWebServer$3 processOneRequest
INFO: MockWebServer[48443] received request: GET / HTTP/1.1 and responded: HTTP/1.1 200 OK
Jun 08, 2022 5:35:34 PM okhttp3.mockwebserver.MockWebServer$2 acceptConnections
INFO: MockWebServer[48443] done accepting connections: Socket closed
Tests run: 3, Failures: 0, Errors: 0, Skipped: 0, Time elapsed: 0.036 sec

Results :

Failed tests:   completableSuccess404(retrofit2.adapter.rxjava.CompletableTest): (..)
  bodySuccess404(retrofit2.adapter.rxjava.ObservableTest): (..)
  bodySuccess404(retrofit2.adapter.rxjava.SingleTest): (..)

Tests run: 48, Failures: 3, Errors: 0, Skipped: 0

[INFO] ------------------------------------------------------------------------
[INFO] Reactor Summary:
[INFO] 
[INFO] Retrofit (Parent) .................................. SUCCESS [  0.929 s]
[INFO] Retrofit ........................................... SUCCESS [ 16.329 s]
[INFO] Adapters ........................................... SUCCESS [  0.264 s]
[INFO] Adapter: Guava ..................................... SUCCESS [  1.428 s]
[INFO] Adapter: Java 8 .................................... SUCCESS [  1.333 s]
[INFO] Adapter: RxJava .................................... FAILURE [  3.423 s]
[INFO] Adapter: RxJava 2 .................................. SKIPPED
[INFO] Converters ......................................... SKIPPED
[INFO] Converter: Gson .................................... SKIPPED
[INFO] Converter: Protocol Buffers ........................ SKIPPED
[INFO] Converter: Jackson ................................. SKIPPED
[INFO] Converter: Wire Protocol Buffers ................... SKIPPED
[INFO] Converter: SimpleXML ............................... SKIPPED
[INFO] Converter: Java Scalars ............................ SKIPPED
[INFO] Converter: Moshi ................................... SKIPPED
[INFO] Retrofit Mock Adapter .............................. SKIPPED
[INFO] Samples ............................................ SKIPPED
[INFO] ------------------------------------------------------------------------
[INFO] BUILD FAILURE
[INFO] ------------------------------------------------------------------------
[INFO] Total time: 23.976 s
[INFO] Finished at: 2022-06-08T17:35:34+00:00
[INFO] Final Memory: 26M/307M
[INFO] ------------------------------------------------------------------------
[ERROR] Failed to execute goal org.apache.maven.plugins:maven-surefire-plugin:2.12.4:test (default-test) on project adapter-rxjava: There are test failures.
[ERROR] 
[ERROR] Please refer to /home/travis/build/failed/square/retrofit/retrofit-adapters/rxjava/target/surefire-reports for the individual test results.
[ERROR] -> [Help 1]
[ERROR] 
[ERROR] To see the full stack trace of the errors, re-run Maven with the -e switch.
[ERROR] Re-run Maven using the -X switch to enable full debug logging.
[ERROR] 
[ERROR] For more information about the errors and possible solutions, please read the following articles:
[ERROR] [Help 1] http://cwiki.apache.org/confluence/display/MAVEN/MojoFailureException
[ERROR] 
[ERROR] After correcting the problems, you can resume the build with the command
[ERROR]   mvn <goals> -rf :adapter-rxjava

travis_time:end:02b7858e:start=1654709709120097730,finish=1654709734523173191,duration=25403075461[0K
[31;1mThe command "mvn -o test -Dhttps.protocols=TLSv1.2 -B" exited with 1.[0m
travis_fold:start:cache.2[0Kstore build cache
travis_time:start:0c82ba6f[0K
travis_time:end:0c82ba6f:start=1654709734534227391,finish=1654709734543307376,duration=9079985[0Ktravis_time:start:11afb94c[0K/home/travis/.casher/bin/casher:190: warning: Insecure world writable dir /home/travis/build/failed/square/retrofit/. in PATH, mode 040777
[32;1mchanges detected, packing new archive[0m
/home/travis/.casher/bin/casher:213:in `cache_archive_name': undefined method `[]' for nil:NilClass (NoMethodError)
	from /home/travis/.casher/bin/casher:143:in `push'
	from /home/travis/.casher/bin/casher:53:in `block in run'
	from /home/travis/.rvm/rubies/ruby-1.9.3-p551/lib/ruby/1.9.1/timeout.rb:69:in `timeout'
	from /home/travis/.casher/bin/casher:53:in `run'
	from /home/travis/.casher/bin/casher:263:in `<main>'
.
.
.
.
.
.
.
.

travis_time:end:11afb94c:start=1654709734553157306,finish=1654709777340080342,duration=42786923036[0Ktravis_fold:end:cache.2[0K
Done. Your build exited with 1.
