travis_fold:start:system_info[0K[33;1mBuild system information[0m
Build language: java
Build group: stable
Build dist: trusty
Build id: ''
Job id: ''
[34m[1mBuild image provisioning date and time[0m
Tue Dec  5 20:11:19 UTC 2017
[34m[1mOperating System Details[0m
Distributor ID:	Ubuntu
Description:	Ubuntu 14.04.5 LTS
Release:	14.04
Codename:	trusty
[34m[1mCookbooks Version[0m
7c2c6a6 https://github.com/travis-ci/travis-cookbooks/tree/7c2c6a6
[34m[1mgit version[0m
git version 2.15.1
[34m[1mbash version[0m
GNU bash, version 4.3.11(1)-release (x86_64-pc-linux-gnu)
[34m[1mgcc version[0m
gcc (Ubuntu 4.8.4-2ubuntu1~14.04.3) 4.8.4
Copyright (C) 2013 Free Software Foundation, Inc.
This is free software; see the source for copying conditions.  There is NO
warranty; not even for MERCHANTABILITY or FITNESS FOR A PARTICULAR PURPOSE.

[34m[1mdocker version[0m
Client:
 Version:      17.09.0-ce
 API version:  1.32
 Go version:   go1.8.3
 Git commit:   afdb6d4
 Built:        Tue Sep 26 22:39:28 2017
 OS/Arch:      linux/amd64
[34m[1mclang version[0m
clang version 5.0.0 (tags/RELEASE_500/final)
Target: x86_64-unknown-linux-gnu
Thread model: posix
InstalledDir: /usr/local/clang-5.0.0/bin
[34m[1mjq version[0m
jq-1.5
[34m[1mbats version[0m
Bats 0.4.0
[34m[1mshellcheck version[0m
0.4.6
[34m[1mshfmt version[0m
v2.0.0
[34m[1mccache version[0m
ccache version 3.1.9

Copyright (C) 2002-2007 Andrew Tridgell
Copyright (C) 2009-2011 Joel Rosdahl

This program is free software; you can redistribute it and/or modify it under
the terms of the GNU General Public License as published by the Free Software
Foundation; either version 3 of the License, or (at your option) any later
version.
[34m[1mcmake version[0m
cmake version 3.9.2

CMake suite maintained and supported by Kitware (kitware.com/cmake).
[34m[1mheroku version[0m
heroku-cli/6.14.39-addc925 (linux-x64) node-v9.2.0
[34m[1mimagemagick version[0m
Version: ImageMagick 6.7.7-10 2017-07-31 Q16 http://www.imagemagick.org
[34m[1mmd5deep version[0m
4.2
[34m[1mmercurial version[0m
Mercurial Distributed SCM (version 4.2.2)
(see https://mercurial-scm.org for more information)

Copyright (C) 2005-2017 Matt Mackall and others
This is free software; see the source for copying conditions. There is NO
warranty; not even for MERCHANTABILITY or FITNESS FOR A PARTICULAR PURPOSE.
[34m[1mmysql version[0m
mysql  Ver 14.14 Distrib 5.6.33, for debian-linux-gnu (x86_64) using  EditLine wrapper
[34m[1mopenssl version[0m
OpenSSL 1.0.1f 6 Jan 2014
[34m[1mpacker version[0m
Packer v1.0.2

Your version of Packer is out of date! The latest version
is 1.1.2. You can update by downloading from www.packer.io
[34m[1mpostgresql client version[0m
psql (PostgreSQL) 9.6.6
[34m[1mragel version[0m
Ragel State Machine Compiler version 6.8 Feb 2013
Copyright (c) 2001-2009 by Adrian Thurston
[34m[1msubversion version[0m
svn, version 1.8.8 (r1568071)
   compiled Aug 10 2017, 17:20:39 on x86_64-pc-linux-gnu

Copyright (C) 2013 The Apache Software Foundation.
This software consists of contributions made by many people;
see the NOTICE file for more information.
Subversion is open source software, see http://subversion.apache.org/

The following repository access (RA) modules are available:

* ra_svn : Module for accessing a repository using the svn network protocol.
  - with Cyrus SASL authentication
  - handles 'svn' scheme
* ra_local : Module for accessing a repository on local disk.
  - handles 'file' scheme
* ra_serf : Module for accessing a repository via WebDAV protocol using serf.
  - using serf 1.3.3
  - handles 'http' scheme
  - handles 'https' scheme

[34m[1msudo version[0m
Sudo version 1.8.9p5
Configure options: --prefix=/usr -v --with-all-insults --with-pam --with-fqdn --with-logging=syslog --with-logfac=authpriv --with-env-editor --with-editor=/usr/bin/editor --with-timeout=15 --with-password-timeout=0 --with-passprompt=[sudo] password for %p:  --without-lecture --with-tty-tickets --disable-root-mailer --enable-admin-flag --with-sendmail=/usr/sbin/sendmail --with-timedir=/var/lib/sudo --mandir=/usr/share/man --libexecdir=/usr/lib/sudo --with-sssd --with-sssd-lib=/usr/lib/x86_64-linux-gnu --with-selinux
Sudoers policy plugin version 1.8.9p5
Sudoers file grammar version 43

Sudoers path: /etc/sudoers
Authentication methods: 'pam'
Syslog facility if syslog is being used for logging: authpriv
Syslog priority to use when user authenticates successfully: notice
Syslog priority to use when user authenticates unsuccessfully: alert
Send mail if the user is not in sudoers
Use a separate timestamp for each user/tty combo
Lecture user the first time they run sudo
Root may run sudo
Allow some information gathering to give useful error messages
Require fully-qualified hostnames in the sudoers file
Visudo will honor the EDITOR environment variable
Set the LOGNAME and USER environment variables
Length at which to wrap log file lines (0 for no wrap): 80
Authentication timestamp timeout: 15.0 minutes
Password prompt timeout: 0.0 minutes
Number of tries to enter a password: 3
Umask to use or 0777 to use user's: 022
Path to mail program: /usr/sbin/sendmail
Flags for mail program: -t
Address to send mail to: root
Subject line for mail messages: *** SECURITY information for %h ***
Incorrect password message: Sorry, try again.
Path to authentication timestamp dir: /var/lib/sudo
Default password prompt: [sudo] password for %p: 
Default user to run commands as: root
Value to override user's $PATH with: /usr/local/sbin:/usr/local/bin:/usr/sbin:/usr/bin:/sbin:/bin:/snap/bin
Path to the editor for use by visudo: /usr/bin/editor
When to require a password for 'list' pseudocommand: any
When to require a password for 'verify' pseudocommand: all
File descriptors >= 3 will be closed before executing a command
Environment variables to check for sanity:
	TZ
	TERM
	LINGUAS
	LC_*
	LANGUAGE
	LANG
	COLORTERM
Environment variables to remove:
	RUBYOPT
	RUBYLIB
	PYTHONUSERBASE
	PYTHONINSPECT
	PYTHONPATH
	PYTHONHOME
	TMPPREFIX
	ZDOTDIR
	READNULLCMD
	NULLCMD
	FPATH
	PERL5DB
	PERL5OPT
	PERL5LIB
	PERLLIB
	PERLIO_DEBUG 
	JAVA_TOOL_OPTIONS
	SHELLOPTS
	GLOBIGNORE
	PS4
	BASH_ENV
	ENV
	TERMCAP
	TERMPATH
	TERMINFO_DIRS
	TERMINFO
	_RLD*
	LD_*
	PATH_LOCALE
	NLSPATH
	HOSTALIASES
	RES_OPTIONS
	LOCALDOMAIN
	CDPATH
	IFS
Environment variables to preserve:
	JAVA_HOME
	TRAVIS
	CI
	DEBIAN_FRONTEND
	XAUTHORIZATION
	XAUTHORITY
	PS2
	PS1
	PATH
	LS_COLORS
	KRB5CCNAME
	HOSTNAME
	HOME
	DISPLAY
	COLORS
Locale to use while parsing sudoers: C
Directory in which to store input/output logs: /var/log/sudo-io
File in which to store the input/output log: %{seq}
Add an entry to the utmp/utmpx file when allocating a pty
PAM service name to use
PAM service name to use for login shells
Create a new PAM session for the command to run in
Maximum I/O log sequence number: 0

Local IP address and netmask pairs:
	172.17.0.2/255.255.0.0

Sudoers I/O plugin version 1.8.9p5
[34m[1mgzip version[0m
gzip 1.6
Copyright (C) 2007, 2010, 2011 Free Software Foundation, Inc.
Copyright (C) 1993 Jean-loup Gailly.
This is free software.  You may redistribute copies of it under the terms of
the GNU General Public License <http://www.gnu.org/licenses/gpl.html>.
There is NO WARRANTY, to the extent permitted by law.

Written by Jean-loup Gailly.
[34m[1mzip version[0m
Copyright (c) 1990-2008 Info-ZIP - Type 'zip "-L"' for software license.
This is Zip 3.0 (July 5th 2008), by Info-ZIP.
Currently maintained by E. Gordon.  Please send bug reports to
the authors using the web page at www.info-zip.org; see README for details.

Latest sources and executables are at ftp://ftp.info-zip.org/pub/infozip,
as of above date; see http://www.info-zip.org/ for other sites.

Compiled with gcc 4.8.2 for Unix (Linux ELF) on Oct 21 2013.

Zip special compilation options:
	USE_EF_UT_TIME       (store Universal Time)
	BZIP2_SUPPORT        (bzip2 library version 1.0.6, 6-Sept-2010)
	    bzip2 code and library copyright (c) Julian R Seward
	    (See the bzip2 license for terms of use)
	SYMLINK_SUPPORT      (symbolic links supported)
	LARGE_FILE_SUPPORT   (can read and write large files on file system)
	ZIP64_SUPPORT        (use Zip64 to store large files in archives)
	UNICODE_SUPPORT      (store and read UTF-8 Unicode paths)
	STORE_UNIX_UIDs_GIDs (store UID/GID sizes/values using new extra field)
	UIDGID_NOT_16BIT     (old Unix 16-bit UID/GID extra field not used)
	[encryption, version 2.91 of 05 Jan 2007] (modified for Zip 3)

Encryption notice:
	The encryption code of this program is not copyrighted and is
	put in the public domain.  It was originally written in Europe
	and, to the best of our knowledge, can be freely distributed
	in both source and object forms from any country, including
	the USA under License Exception TSU of the U.S. Export
	Administration Regulations (section 740.13(e)) of 6 June 2002.

Zip environment options:
             ZIP:  [none]
          ZIPOPT:  [none]
[34m[1mvim version[0m
VIM - Vi IMproved 7.4 (2013 Aug 10, compiled Nov 24 2016 16:43:18)
Included patches: 1-52
Extra patches: 8.0.0056
Modified by pkg-vim-maintainers@lists.alioth.debian.org
Compiled by buildd@
Huge version without GUI.  Features included (+) or not (-):
+acl             +farsi           +mouse_netterm   +syntax
+arabic          +file_in_path    +mouse_sgr       +tag_binary
+autocmd         +find_in_path    -mouse_sysmouse  +tag_old_static
-balloon_eval    +float           +mouse_urxvt     -tag_any_white
-browse          +folding         +mouse_xterm     -tcl
++builtin_terms  -footer          +multi_byte      +terminfo
+byte_offset     +fork()          +multi_lang      +termresponse
+cindent         +gettext         -mzscheme        +textobjects
-clientserver    -hangul_input    +netbeans_intg   +title
-clipboard       +iconv           +path_extra      -toolbar
+cmdline_compl   +insert_expand   -perl            +user_commands
+cmdline_hist    +jumplist        +persistent_undo +vertsplit
+cmdline_info    +keymap          +postscript      +virtualedit
+comments        +langmap         +printer         +visual
+conceal         +libcall         +profile         +visualextra
+cryptv          +linebreak       +python          +viminfo
+cscope          +lispindent      -python3         +vreplace
+cursorbind      +listcmds        +quickfix        +wildignore
+cursorshape     +localmap        +reltime         +wildmenu
+dialog_con      -lua             +rightleft       +windows
+diff            +menu            -ruby            +writebackup
+digraphs        +mksession       +scrollbind      -X11
-dnd             +modify_fname    +signs           -xfontset
-ebcdic          +mouse           +smartindent     -xim
+emacs_tags      -mouseshape      -sniff           -xsmp
+eval            +mouse_dec       +startuptime     -xterm_clipboard
+ex_extra        +mouse_gpm       +statusline      -xterm_save
+extra_search    -mouse_jsbterm   -sun_workshop    -xpm
   system vimrc file: "$VIM/vimrc"
     user vimrc file: "$HOME/.vimrc"
 2nd user vimrc file: "~/.vim/vimrc"
      user exrc file: "$HOME/.exrc"
  fall-back for $VIM: "/usr/share/vim"
Compilation: gcc -c -I. -Iproto -DHAVE_CONFIG_H     -g -O2 -fstack-protector --param=ssp-buffer-size=4 -Wformat -Werror=format-security -U_FORTIFY_SOURCE -D_FORTIFY_SOURCE=1      
Linking: gcc   -Wl,-Bsymbolic-functions -Wl,-z,relro -Wl,--as-needed -o vim        -lm -ltinfo -lnsl  -lselinux  -lacl -lattr -lgpm -ldl    -L/usr/lib/python2.7/config-x86_64-linux-gnu -lpython2.7 -lpthread -ldl -lutil -lm -Xlinker -export-dynamic -Wl,-O1 -Wl,-Bsymbolic-functions      
[34m[1miptables version[0m
iptables v1.4.21
[34m[1mcurl version[0m
curl 7.35.0 (x86_64-pc-linux-gnu) libcurl/7.35.0 OpenSSL/1.0.1f zlib/1.2.8 libidn/1.28 librtmp/2.3
[34m[1mwget version[0m
GNU Wget 1.15 built on linux-gnu.
[34m[1mrsync version[0m
rsync  version 3.1.0  protocol version 31
[34m[1mgimme version[0m
v1.2.0
[34m[1mnvm version[0m
0.33.6
[34m[1mperlbrew version[0m
/home/travis/perl5/perlbrew/bin/perlbrew  - App::perlbrew/0.80
[34m[1mphpenv version[0m
rbenv 1.1.1-25-g6aa70b6
[34m[1mrvm version[0m
rvm 1.29.3 (latest) by Michal Papis, Piotr Kuczynski, Wayne E. Seguin [https://rvm.io]
[34m[1mdefault ruby version[0m
ruby 2.4.1p111 (2017-03-22 revision 58053) [x86_64-linux]
[34m[1mCouchDB version[0m
couchdb 1.6.1
[34m[1mElasticSearch version[0m
5.5.0
[34m[1mInstalled Firefox version[0m
firefox 56.0.2
[34m[1mMongoDB version[0m
MongoDB 3.4.10
[34m[1mPhantomJS version[0m
2.1.1
[34m[1mPre-installed PostgreSQL versions[0m
9.2.24
9.3.20
9.4.15
9.5.10
9.6.6
[34m[1mRabbitMQ Version[0m
3.6.14
[34m[1mRedis version[0m
redis-server 4.0.6
[34m[1mriak version[0m
2.2.3
[34m[1mPre-installed Go versions[0m
1.7.4
[34m[1mant version[0m
Apache Ant(TM) version 1.9.3 compiled on April 8 2014
[34m[1mmvn version[0m
Apache Maven 3.5.2 (138edd61fd100ec658bfa2d307c43b76940a5d7d; 2017-10-18T07:58:13Z)
Maven home: /usr/local/maven-3.5.2
Java version: 1.8.0_151, vendor: Oracle Corporation
Java home: /usr/lib/jvm/java-8-oracle/jre
Default locale: en_US, platform encoding: UTF-8
OS name: "linux", version: "4.4.0-101-generic", arch: "amd64", family: "unix"
[34m[1mgradle version[0m

------------------------------------------------------------
Gradle 4.0.1
------------------------------------------------------------

Build time:   2017-07-07 14:02:41 UTC
Revision:     38e5dc0f772daecca1d2681885d3d85414eb6826

Groovy:       2.4.11
Ant:          Apache Ant(TM) version 1.9.6 compiled on June 29 2015
JVM:          1.8.0_151 (Oracle Corporation 25.151-b12)
OS:           Linux 4.4.0-101-generic amd64

[34m[1mlein version[0m
Leiningen 2.8.1 on Java 1.8.0_151 Java HotSpot(TM) 64-Bit Server VM
[34m[1mPre-installed Node.js versions[0m
v4.8.6
v6.12.0
v6.12.1
v8.9
v8.9.1
[34m[1mphpenv versions[0m
  system
  5.6
* 5.6.32 (set by /home/travis/.phpenv/version)
  7.0
  7.0.25
  7.1
  7.1.11
  hhvm
  hhvm-stable
[34m[1mcomposer --version[0m
Composer version 1.5.2 2017-09-11 16:59:25
[34m[1mPre-installed Ruby versions[0m
ruby-2.2.7
ruby-2.3.4
ruby-2.4.1
travis_fold:end:system_info[0K
grep: /etc/apt/sources.list.d/*: No such file or directory
sed: cannot rename /etc/hosts: Device or resource busy
sed: cannot rename /etc/hosts: Device or resource busy
$ jdk_switcher use oraclejdk8
Switching to Oracle JDK8 (java-8-oracle), JAVA_HOME will be set to /usr/lib/jvm/java-8-oracle
$ cd failed/pgjdbc/pgjdbc
travis_fold:start:postgresql[0K[33;1mStarting PostgreSQL v9.4[0m
travis_time:start:10423093[0K$ sudo service postgresql stop
 * Stopping PostgreSQL 9.2 database server
   ...done.
 * Stopping PostgreSQL 9.3 database server
   ...done.
 * Stopping PostgreSQL 9.4 database server
   ...done.
 * Stopping PostgreSQL 9.5 database server
   ...done.
 * Stopping PostgreSQL 9.6 database server
   ...done.

travis_time:end:10423093:start=1641083788967343766,finish=1641083789454032981,duration=486689215[0Ktravis_time:start:0f18c950[0K$ sudo service postgresql start 9.4
 * Starting PostgreSQL 9.4 database server
   ...done.

travis_time:end:0f18c950:start=1641083789463463550,finish=1641083792296264492,duration=2832800942[0Ktravis_time:start:03e5f101[0K$ sudo -u postgres createuser -s -p 5432 travis &>/dev/null

travis_time:end:03e5f101:start=1641083792308246307,finish=1641083792377110154,duration=68863847[0Ktravis_time:start:06e9fd8a[0K$ sudo -u postgres createdb -O travis -p 5432 travis &>/dev/null

travis_time:end:06e9fd8a:start=1641083792388009797,finish=1641083792773503117,duration=385493320[0Ktravis_time:start:0219f3de[0K$ sudo -u postgres createuser -s -p 5433 travis &>/dev/null

travis_time:end:0219f3de:start=1641083792784345890,finish=1641083792862254750,duration=77908860[0Ktravis_time:start:02c3f9fa[0K$ sudo -u postgres createdb -O travis -p 5433 travis &>/dev/null

travis_time:end:02c3f9fa:start=1641083792872101151,finish=1641083792949987070,duration=77885919[0Ktravis_fold:end:postgresql[0K
[33;1mSetting environment variables from .travis.yml[0m
$ export PG_VERSION=9.4
$ export NO_WAFFLE_NO_OSGI=Y

travis_fold:start:cache.1[0KSetting up build cache
$ export CASHER_DIR=$HOME/.casher
travis_fold:end:cache.1[0K$ java -Xmx32m -version
Picked up _JAVA_OPTIONS: -Xmx2048m -Xms512m
java version "1.8.0_151"
Java(TM) SE Runtime Environment (build 1.8.0_151-b12)
Java HotSpot(TM) 64-Bit Server VM (build 25.151-b12, mixed mode)
$ javac -J-Xmx32m -version
Picked up _JAVA_OPTIONS: -Xmx2048m -Xms512m
javac 1.8.0_151
travis_fold:start:before_install.1[0Ktravis_time:start:09055974[0K$ ./.travis/travis_install_zulu.sh
+[[ true == \t\r\u\e ]]
+[[ -n '' ]]

travis_time:end:09055974:start=1641083794165992936,finish=1641083794219672396,duration=53679460[0Ktravis_fold:end:before_install.1[0Ktravis_fold:start:before_install.2[0Ktravis_time:start:0c338936[0K$ test -z "${ZULU_JDK}" || export JDK${ZULU_JDK}_HOME=/usr/lib/jvm/zulu-${ZULU_JDK}-amd64

travis_time:end:0c338936:start=1641083794230660049,finish=1641083794240057321,duration=9397272[0Ktravis_fold:end:before_install.2[0Ktravis_fold:start:install[0Ktravis_time:start:038cb1da[0K$ true

travis_time:end:038cb1da:start=1641083794251360445,finish=1641083794259768561,duration=8408116[0Ktravis_fold:end:install[0Ktravis_fold:start:before_script.1[0Ktravis_time:start:17f9bb00[0K$ test $(grep "after_n_builds" codecov.yml | tr -d '[:space:]' | cut -d":" -f2) -eq $(grep -e "COVERAGE=Y$" .travis.yml | wc -l) || exit 1

travis_time:end:17f9bb00:start=1641083794271321548,finish=1641083794324754905,duration=53433357[0Ktravis_fold:end:before_script.1[0Ktravis_fold:start:before_script.2[0Ktravis_time:start:1661bcc0[0K$ export PG_DATADIR="/etc/postgresql/${PG_VERSION}/main"

travis_time:end:1661bcc0:start=1641083794336488584,finish=1641083794346279165,duration=9790581[0Ktravis_fold:end:before_script.2[0Ktravis_fold:start:before_script.3[0Ktravis_time:start:007f025c[0K$ export PG_SLAVE1_DATADIR="/etc/postgresql/${PG_VERSION}/slave1"

travis_time:end:007f025c:start=1641083794357462843,finish=1641083794366854859,duration=9392016[0Ktravis_fold:end:before_script.3[0Ktravis_fold:start:before_script.4[0Ktravis_time:start:205f16a6[0K$ export PG_SLAVE2_DATADIR="/etc/postgresql/${PG_VERSION}/slave2"

travis_time:end:205f16a6:start=1641083794378326403,finish=1641083794388241650,duration=9915247[0Ktravis_fold:end:before_script.4[0Ktravis_fold:start:before_script.5[0Ktravis_time:start:0a34d760[0K$ ./.travis/travis_install_postgres.sh
+'[' -z 9.4 ']'
+'[' 9.4 = HEAD ']'
+'[' '!' -d /etc/postgresql/9.4/main ']'

travis_time:end:0a34d760:start=1641083794401236782,finish=1641083794438190716,duration=36953934[0Ktravis_fold:end:before_script.5[0Ktravis_fold:start:before_script.6[0Ktravis_time:start:02413de4[0K$ test "x$XA" == 'x' || ./.travis/travis_configure_xa.sh

travis_time:end:02413de4:start=1641083794450780059,finish=1641083794460967632,duration=10187573[0Ktravis_fold:end:before_script.6[0Ktravis_fold:start:before_script.7[0Ktravis_time:start:08ba67d0[0K$ test "x$REPLICATION" == 'x' || ./.travis/travis_configure_replication.sh

travis_time:end:08ba67d0:start=1641083794472382822,finish=1641083794481580167,duration=9197345[0Ktravis_fold:end:before_script.7[0Ktravis_fold:start:before_script.8[0Ktravis_time:start:081c17be[0K$ test "x$SSLTEST" == 'x' || ./.travis/travis_configure_ssl.sh

travis_time:end:081c17be:start=1641083794493269590,finish=1641083794502703895,duration=9434305[0Ktravis_fold:end:before_script.8[0Ktravis_fold:start:before_script.9[0Ktravis_time:start:07731e2b[0K$ ./.travis/travis_start_postgres.sh
+'[' -z 9.4 ']'
+'[' x9.4 = xHEAD ']'
+'[' '' = true ']'
+'[' '' = Y ']'
+'[' '' = Y ']'

travis_time:end:07731e2b:start=1641083794515768356,finish=1641083794535638253,duration=19869897[0Ktravis_fold:end:before_script.9[0Ktravis_fold:start:before_script.10[0Ktravis_time:start:22329ffe[0K$ test "x$PG_VERSION" != 'xHEAD' || psql -U postgres -c "set password_encryption='scram-sha-256'; create user test with password 'test';"

travis_time:end:22329ffe:start=1641083794548420715,finish=1641083794557103385,duration=8682670[0Ktravis_fold:end:before_script.10[0Ktravis_fold:start:before_script.11[0Ktravis_time:start:1a5f2dc0[0K$ test "x$PG_VERSION" = 'xHEAD' || psql -U postgres -c "create user test with password 'test';"
CREATE ROLE

travis_time:end:1a5f2dc0:start=1641083794568169272,finish=1641083794596083934,duration=27914662[0Ktravis_fold:end:before_script.11[0Ktravis_fold:start:before_script.12[0Ktravis_time:start:074cc45d[0K$ test "x$REPLICATION" == 'x' || psql -U postgres -c "alter user test with replication;"

travis_time:end:074cc45d:start=1641083794607629140,finish=1641083794615996861,duration=8367721[0Ktravis_fold:end:before_script.12[0Ktravis_fold:start:before_script.13[0Ktravis_time:start:0185689f[0K$ psql -c 'create database test owner test;' -U postgres
CREATE DATABASE

travis_time:end:0185689f:start=1641083794626733221,finish=1641083794868359016,duration=241625795[0Ktravis_fold:end:before_script.13[0Ktravis_fold:start:before_script.14[0Ktravis_time:start:23f63da7[0K$ test "x$SSLTEST" == 'x' || ./.travis/travis_ssl_users.sh

travis_time:end:23f63da7:start=1641083794879116431,finish=1641083794889158327,duration=10041896[0Ktravis_fold:end:before_script.14[0Ktravis_fold:start:before_script.15[0Ktravis_time:start:19a5f60e[0K$ test "x$REPLICATION" == 'x' || ./.travis/travis_create_slaves.sh

travis_time:end:19a5f60e:start=1641083794901194928,finish=1641083794910248074,duration=9053146[0Ktravis_fold:end:before_script.15[0Ktravis_fold:start:before_script.16[0Ktravis_time:start:24ef56c8[0K$ if [[ $TRAVIS_BRANCH == release/* ]]; then echo "MAVEN_OPTS='-Xmx1g'" > ~/.mavenrc; else echo "MAVEN_OPTS='-Xmx1g -Dgpg.skip=true'" > ~/.mavenrc; fi

travis_time:end:24ef56c8:start=1641083794920930525,finish=1641083794929335621,duration=8405096[0Ktravis_fold:end:before_script.16[0Ktravis_fold:start:before_script.17[0Ktravis_time:start:0bfea7ec[0K$ test "x$PG_VERSION" == 'x' || test "x$NO_HSTORE" == 'xY' || psql test -c 'CREATE EXTENSION hstore;' -U postgres
CREATE EXTENSION

travis_time:end:0bfea7ec:start=1641083794941140694,finish=1641083794984652508,duration=43511814[0Ktravis_fold:end:before_script.17[0Ktravis_fold:start:before_script.18[0Ktravis_time:start:005ba265[0K$ test "x$PG_VERSION" == 'x' || test "x$CREATE_PLPGSQL" == 'x' || createlang -U postgres plpgsql test

travis_time:end:005ba265:start=1641083794997528829,finish=1641083795007971137,duration=10442308[0Ktravis_fold:end:before_script.18[0Ktravis_time:start:0809d474[0K$ rm -rf $HOME/.m2/repository/org/postgresql || true

travis_time:end:0809d474:start=1641083795019186617,finish=1641083795031241742,duration=12055125[0K
[32;1mThe command "rm -rf $HOME/.m2/repository/org/postgresql || true" exited with 0.[0m
travis_time:start:01c7e29c[0K$ test -d "${JDK6_HOME}" || export JDK6_HOME=$(jdk_switcher home openjdk6)

travis_time:end:01c7e29c:start=1641083795043129854,finish=1641083795055082507,duration=11952653[0K
[32;1mThe command "test -d "${JDK6_HOME}" || export JDK6_HOME=$(jdk_switcher home openjdk6)" exited with 0.[0m
travis_time:start:25925082[0K$ test -d "${JDK7_HOME}" || export JDK7_HOME=$(jdk_switcher home openjdk7)

travis_time:end:25925082:start=1641083795066958761,finish=1641083795077865719,duration=10906958[0K
[32;1mThe command "test -d "${JDK7_HOME}" || export JDK7_HOME=$(jdk_switcher home openjdk7)" exited with 0.[0m
travis_time:start:0070a1fc[0K$ test -d "${JDK8_HOME}" || export JDK8_HOME=$(jdk_switcher home oraclejdk8)

travis_time:end:0070a1fc:start=1641083795089504853,finish=1641083795101400724,duration=11895871[0K
[32;1mThe command "test -d "${JDK8_HOME}" || export JDK8_HOME=$(jdk_switcher home oraclejdk8)" exited with 0.[0m
travis_time:start:10112ab4[0K$ test -d "${JDK9_HOME}" || export JDK9_HOME=$(jdk_switcher home oraclejdk9)

travis_time:end:10112ab4:start=1641083795114008707,finish=1641083795125876576,duration=11867869[0K
[32;1mThe command "test -d "${JDK9_HOME}" || export JDK9_HOME=$(jdk_switcher home oraclejdk9)" exited with 0.[0m
travis_time:start:2245e21f[0K$ test -d "${JDK9_HOME}" || export JDK9_HOME=$(jdk_switcher home oraclejdk8)

travis_time:end:2245e21f:start=1641083795136604776,finish=1641083795145541236,duration=8936460[0K
[32;1mThe command "test -d "${JDK9_HOME}" || export JDK9_HOME=$(jdk_switcher home oraclejdk8)" exited with 0.[0m
travis_time:start:00638b1a[0K$ envsubst < toolchains.xml > ~/.m2/toolchains.xml

travis_time:end:00638b1a:start=1641083795156796581,finish=1641083795179672095,duration=22875514[0K
[32;1mThe command "envsubst < toolchains.xml > ~/.m2/toolchains.xml" exited with 0.[0m
travis_time:start:04bdf9da[0K$ test ${JDK} -eq 9 || jdk_switcher use oraclejdk8
/usr/local/bin/run_failed.sh: line 63: test: -eq: unary operator expected
Switching to Oracle JDK8 (java-8-oracle), JAVA_HOME will be set to /usr/lib/jvm/java-8-oracle

travis_time:end:04bdf9da:start=1641083795191834152,finish=1641083796896545706,duration=1704711554[0K
[32;1mThe command "test ${JDK} -eq 9 || jdk_switcher use oraclejdk8" exited with 0.[0m
travis_time:start:2563feaa[0K$ test -z "${ZULU_JDK}" || export TRAVIS_JDK_VERSION=zulujdk${ZULU_JDK}

travis_time:end:2563feaa:start=1641083796908008902,finish=1641083796916762407,duration=8753505[0K
[32;1mThe command "test -z "${ZULU_JDK}" || export TRAVIS_JDK_VERSION=zulujdk${ZULU_JDK}" exited with 0.[0m
travis_time:start:27b02ae0[0K$ if [[ $TRAVIS_BRANCH == release/* ]]; then .travis/travis_release.sh; else ./.travis/travis_build.sh; fi
+[[ '' == *\Y ]]
+MVN_ARGS='clean package -B -V '
+MVN_PROFILES=release
+[[ Y == *\Y* ]]
+MVN_ARGS='clean package -B -V  -DwaffleEnabled=false -DosgiEnabled=false -DexcludePackageNames=org.postgresql.osgi:org.postgresql.sspi'
+[[ x == *\x* ]]
+MVN_ARGS='clean package -B -V  -DwaffleEnabled=false -DosgiEnabled=false -DexcludePackageNames=org.postgresql.osgi:org.postgresql.sspi -DpreferQueryMode='
+[[ '' == *\Y* ]]
+[[ '' == *\9* ]]
+[[ '' == *\Y* ]]
+[[ oraclejdk8 == *\j\d\k\6* ]]
+[[ oraclejdk8 == *\j\d\k\7* ]]
+mvn clean package -B -V -DwaffleEnabled=false -DosgiEnabled=false -DexcludePackageNames=org.postgresql.osgi:org.postgresql.sspi -DpreferQueryMode= -P release
Picked up _JAVA_OPTIONS: -Xmx2048m -Xms512m
Apache Maven 3.5.2 (138edd61fd100ec658bfa2d307c43b76940a5d7d; 2017-10-18T07:58:13Z)
Maven home: /usr/local/maven-3.5.2
Java version: 1.8.0_151, vendor: Oracle Corporation
Java home: /usr/lib/jvm/java-8-oracle/jre
Default locale: en_US, platform encoding: UTF-8
OS name: "linux", version: "4.15.0-109-generic", arch: "amd64", family: "unix"
[INFO] Scanning for projects...
[INFO] ------------------------------------------------------------------------
[INFO] Reactor Build Order:
[INFO] 
[INFO] PostgreSQL JDBC Driver - JDBC 4.2
[INFO] PostgreSQL JDBC Driver - benchmarks
[INFO] PostgreSQL JDBC Driver aggregate
[INFO] 
[INFO] ------------------------------------------------------------------------
[INFO] Building PostgreSQL JDBC Driver - JDBC 4.2 42.2.3-SNAPSHOT
[INFO] ------------------------------------------------------------------------
[INFO] 
[INFO] --- maven-clean-plugin:2.5:clean (default-clean) @ postgresql ---
[INFO] 
[INFO] --- maven-enforcer-plugin:1.3.1:enforce (enforce-java) @ postgresql ---
[INFO] Skipping Rule Enforcement.
[INFO] 
[INFO] --- maven-toolchains-plugin:1.1:toolchain (default) @ postgresql ---
[INFO] Required toolchain: jdk [ version='1.8' ]
[INFO] Found matching toolchain for type jdk: JDK[/usr/lib/jvm/java-8-oracle]
[INFO] 
[INFO] --- build-helper-maven-plugin:1.5:parse-version (parse-version) @ postgresql ---
[INFO] 
[INFO] --- properties-maven-plugin:1.0-alpha-2:read-project-properties (default) @ postgresql ---
[WARNING] Ignoring missing properties file: /home/travis/build/failed/pgjdbc/pgjdbc/pgjdbc/../build.local.properties
[INFO] 
[INFO] --- maven-antrun-plugin:1.7:run (create-unzipjdkant.xml) @ postgresql ---
[INFO] Executing tasks

main:
     [echo] Generating /home/travis/build/failed/pgjdbc/pgjdbc/pgjdbc/target/unzip-jdk-ant.xml
[INFO] Executed tasks
[INFO] 
[INFO] --- exec-maven-plugin:1.4.0:exec (unzip-jdk-src) @ postgresql ---
[INFO] skipping execute as per configuraion
[INFO] 
[INFO] --- jcp:6.0.1:preprocess (preprocessSources) @ postgresql ---
[INFO] Added MAVEN property mvn.project.name=PostgreSQL JDBC Driver - JDBC 4.2
[INFO] Added MAVEN property mvn.project.version=42.2.3-SNAPSHOT
[INFO] Added MAVEN property mvn.project.url=https://github.com/pgjdbc/pgjdbc
[INFO] Added MAVEN property mvn.project.packaging=bundle
[INFO] Added MAVEN property mvn.project.modelversion=4.0.0
[INFO] Added MAVEN property mvn.project.inceptionyear=
[INFO] Added MAVEN property mvn.project.id=org.postgresql:postgresql:bundle:42.2.3-SNAPSHOT
[INFO] Added MAVEN property mvn.project.groupid=org.postgresql
[INFO] Added MAVEN property mvn.project.description=Java JDBC 4.2 (JRE 8+) driver for PostgreSQL database
[INFO] Added MAVEN property mvn.project.artifact.id=org.postgresql:postgresql:bundle:42.2.3-SNAPSHOT
[INFO] Added MAVEN property mvn.project.artifact.artifactid=postgresql
[INFO] Added MAVEN property mvn.project.artifact.baseversion=42.2.3-SNAPSHOT
[INFO] Added MAVEN property mvn.project.artifact.dependencyconflictid=org.postgresql:postgresql:bundle
[INFO] Added MAVEN property mvn.project.artifact.downloadurl=
[INFO] Added MAVEN property mvn.project.artifact.groupid=org.postgresql
[INFO] Added MAVEN property mvn.project.artifact.scope=
[INFO] Added MAVEN property mvn.project.artifact.type=bundle
[INFO] Added MAVEN property mvn.project.artifact.version=42.2.3-SNAPSHOT
[INFO] Added MAVEN property mvn.project.build.directory=/home/travis/build/failed/pgjdbc/pgjdbc/pgjdbc/target
[INFO] Added MAVEN property mvn.project.build.defaultgoal=
[INFO] Added MAVEN property mvn.project.build.outputdirectory=/home/travis/build/failed/pgjdbc/pgjdbc/pgjdbc/target/classes
[INFO] Added MAVEN property mvn.project.build.scriptsourcedirectory=/home/travis/build/failed/pgjdbc/pgjdbc/pgjdbc/src/main/scripts
[INFO] Added MAVEN property mvn.project.build.sourcedirectory=/home/travis/build/failed/pgjdbc/pgjdbc/pgjdbc/src/main/java
[INFO] Added MAVEN property mvn.project.build.testoutputdirectory=/home/travis/build/failed/pgjdbc/pgjdbc/pgjdbc/target/test-classes
[INFO] Added MAVEN property mvn.project.build.testsourcedirectory=/home/travis/build/failed/pgjdbc/pgjdbc/pgjdbc/src/test/java
[INFO] Added MAVEN property mvn.project.organization.name=PostgreSQL Global Development Group
[INFO] Added MAVEN property mvn.project.organization.url=https://jdbc.postgresql.org/
[INFO] Added MAVEN property mvn.project.activeprofiles=excludeWaffleFiles;excludeOsgiFiles;standard-with-extra-repos
[INFO] Added MAVEN property mvn.project.property.postgresql.enforce.jdk.version=1.8
[INFO] Added MAVEN property mvn.project.property.postgresql.preprocessed.test.sources.directory=/home/travis/build/failed/pgjdbc/pgjdbc/pgjdbc/target/gen-test-src
[INFO] Added MAVEN property mvn.project.property.loggerlevel=OFF
[INFO] Added MAVEN property mvn.project.property.javac.target=1.8
[INFO] Added MAVEN property mvn.project.property.postgresql.driver.fullversion=PostgreSQL JDBC4.2
[INFO] Added MAVEN property mvn.project.property.jdbc.specification.version=4.2
[INFO] Added MAVEN property mvn.project.property.unzip.jdk.ant.build.xml=/home/travis/build/failed/pgjdbc/pgjdbc/pgjdbc/target/unzip-jdk-ant.xml
[INFO] Added MAVEN property mvn.project.property.loggerfile=target/pgjdbc-tests.log
[INFO] Added MAVEN property mvn.project.property.parsedversion.minorversion=2
[INFO] Added MAVEN property mvn.project.property.secondaryserverport2=5434
[INFO] Added MAVEN property mvn.project.property.project.build.sourceencoding=UTF-8
[INFO] Added MAVEN property mvn.project.property.build.properties.relative.path=/home/travis/build/failed/pgjdbc/pgjdbc/pgjdbc/..
[INFO] Added MAVEN property mvn.project.property.privilegedpassword=***** [hidden because may contain private info]
[INFO] Added MAVEN property mvn.project.property.skip.assembly=false
[INFO] Added MAVEN property mvn.project.property.secondaryport=5433
[INFO] Added MAVEN property mvn.project.property.protocolversion=0
[INFO] Added MAVEN property mvn.project.property.postgresql.preprocessed.sources.directory=/home/travis/build/failed/pgjdbc/pgjdbc/pgjdbc/target/gen-src
[INFO] Added MAVEN property mvn.project.property.preparethreshold=5
[INFO] Added MAVEN property mvn.project.property.secondaryserver2=localhost
[INFO] Added MAVEN property mvn.project.property.password=***** [hidden because may contain private info]
[INFO] Added MAVEN property mvn.project.property.jdbc.specification.version.nodot=42
[INFO] Added MAVEN property mvn.project.property.username=test
[INFO] Added MAVEN property mvn.project.property.parsedversion.buildnumber=0
[INFO] Added MAVEN property mvn.project.property.server=localhost
[INFO] Added MAVEN property mvn.project.property.port=5432
[INFO] Added MAVEN property mvn.project.property.secondaryserver=localhost
[INFO] Added MAVEN property mvn.project.property.template.default.pg.port=5432
[INFO] Added MAVEN property mvn.project.property.parsedversion.qualifier=SNAPSHOT
[INFO] Added MAVEN property mvn.project.property.waffle-jna.version=1.7.5
[INFO] Added MAVEN property mvn.project.property.skip.unzip-jdk-src=true
[INFO] Added MAVEN property mvn.project.property.database=test
[INFO] Added MAVEN property mvn.project.property.parsedversion.incrementalversion=3
[INFO] Added MAVEN property mvn.project.property.sspiusername=testsspi
[INFO] Added MAVEN property mvn.project.property.privilegeduser=postgres
[INFO] Added MAVEN property mvn.project.property.checkstyle.version=8.5
[INFO] Added MAVEN property mvn.project.property.parsedversion.majorversion=42
[INFO] Added MAVEN property mvn.project.property.parsedversion.osgiversion=42.2.3.SNAPSHOT
[INFO] Added MAVEN property mvn.project.property.postgresql.jdbc.spec=JDBC4.2
[INFO] Added MAVEN property mvn.project.property.argline=-Xmx512m
[INFO] Preprocess sources : /home/travis/build/failed/pgjdbc/pgjdbc/pgjdbc/src/main/java
[INFO] Preprocess destination : /home/travis/build/failed/pgjdbc/pgjdbc/pgjdbc/target/gen-src
[INFO] -----------------------------------------------------------------
[INFO] Completed, preprocessed 214 files, copied 16 files, elapsed time 2140ms
[INFO] A Compile source root has been removed from the root list [/home/travis/build/failed/pgjdbc/pgjdbc/pgjdbc/src/main/java]
[INFO] The New compile source root has been added into the list [/home/travis/build/failed/pgjdbc/pgjdbc/pgjdbc/target/gen-src]
[INFO] 
[INFO] --- maven-clean-plugin:2.5:clean (remove-future-jre-sources) @ postgresql ---
[INFO] 
[INFO] --- maven-resources-plugin:2.6:resources (default-resources) @ postgresql ---
[INFO] Using 'UTF-8' encoding to copy filtered resources.
[INFO] Copying 17 resources
[INFO] 
[INFO] --- maven-compiler-plugin:3.3:compile (default-compile) @ postgresql ---
[INFO] Toolchain in maven-compiler-plugin: JDK[/usr/lib/jvm/java-8-oracle]
[INFO] Changes detected - recompiling the module!
[INFO] Compiling 209 source files to /home/travis/build/failed/pgjdbc/pgjdbc/pgjdbc/target/classes
[INFO] 
[INFO] --- jcp:6.0.1:preprocess (preprocessTestSources) @ postgresql ---
[INFO] Added MAVEN property mvn.project.name=PostgreSQL JDBC Driver - JDBC 4.2
[INFO] Added MAVEN property mvn.project.version=42.2.3-SNAPSHOT
[INFO] Added MAVEN property mvn.project.url=https://github.com/pgjdbc/pgjdbc
[INFO] Added MAVEN property mvn.project.packaging=bundle
[INFO] Added MAVEN property mvn.project.modelversion=4.0.0
[INFO] Added MAVEN property mvn.project.inceptionyear=
[INFO] Added MAVEN property mvn.project.id=org.postgresql:postgresql:bundle:42.2.3-SNAPSHOT
[INFO] Added MAVEN property mvn.project.groupid=org.postgresql
[INFO] Added MAVEN property mvn.project.description=Java JDBC 4.2 (JRE 8+) driver for PostgreSQL database
[INFO] Added MAVEN property mvn.project.artifact.id=org.postgresql:postgresql:bundle:42.2.3-SNAPSHOT
[INFO] Added MAVEN property mvn.project.artifact.artifactid=postgresql
[INFO] Added MAVEN property mvn.project.artifact.baseversion=42.2.3-SNAPSHOT
[INFO] Added MAVEN property mvn.project.artifact.dependencyconflictid=org.postgresql:postgresql:bundle
[INFO] Added MAVEN property mvn.project.artifact.downloadurl=
[INFO] Added MAVEN property mvn.project.artifact.groupid=org.postgresql
[INFO] Added MAVEN property mvn.project.artifact.scope=
[INFO] Added MAVEN property mvn.project.artifact.type=bundle
[INFO] Added MAVEN property mvn.project.artifact.version=42.2.3-SNAPSHOT
[INFO] Added MAVEN property mvn.project.build.directory=/home/travis/build/failed/pgjdbc/pgjdbc/pgjdbc/target
[INFO] Added MAVEN property mvn.project.build.defaultgoal=
[INFO] Added MAVEN property mvn.project.build.outputdirectory=/home/travis/build/failed/pgjdbc/pgjdbc/pgjdbc/target/classes
[INFO] Added MAVEN property mvn.project.build.scriptsourcedirectory=/home/travis/build/failed/pgjdbc/pgjdbc/pgjdbc/src/main/scripts
[INFO] Added MAVEN property mvn.project.build.sourcedirectory=/home/travis/build/failed/pgjdbc/pgjdbc/pgjdbc/src/main/java
[INFO] Added MAVEN property mvn.project.build.testoutputdirectory=/home/travis/build/failed/pgjdbc/pgjdbc/pgjdbc/target/test-classes
[INFO] Added MAVEN property mvn.project.build.testsourcedirectory=/home/travis/build/failed/pgjdbc/pgjdbc/pgjdbc/src/test/java
[INFO] Added MAVEN property mvn.project.organization.name=PostgreSQL Global Development Group
[INFO] Added MAVEN property mvn.project.organization.url=https://jdbc.postgresql.org/
[INFO] Added MAVEN property mvn.project.activeprofiles=excludeWaffleFiles;excludeOsgiFiles;standard-with-extra-repos
[INFO] Added MAVEN property mvn.project.property.postgresql.enforce.jdk.version=1.8
[INFO] Added MAVEN property mvn.project.property.postgresql.preprocessed.test.sources.directory=/home/travis/build/failed/pgjdbc/pgjdbc/pgjdbc/target/gen-test-src
[INFO] Added MAVEN property mvn.project.property.loggerlevel=OFF
[INFO] Added MAVEN property mvn.project.property.javac.target=1.8
[INFO] Added MAVEN property mvn.project.property.postgresql.driver.fullversion=PostgreSQL JDBC4.2
[INFO] Added MAVEN property mvn.project.property.jdbc.specification.version=4.2
[INFO] Added MAVEN property mvn.project.property.unzip.jdk.ant.build.xml=/home/travis/build/failed/pgjdbc/pgjdbc/pgjdbc/target/unzip-jdk-ant.xml
[INFO] Added MAVEN property mvn.project.property.loggerfile=target/pgjdbc-tests.log
[INFO] Added MAVEN property mvn.project.property.parsedversion.minorversion=2
[INFO] Added MAVEN property mvn.project.property.secondaryserverport2=5434
[INFO] Added MAVEN property mvn.project.property.project.build.sourceencoding=UTF-8
[INFO] Added MAVEN property mvn.project.property.build.properties.relative.path=/home/travis/build/failed/pgjdbc/pgjdbc/pgjdbc/..
[INFO] Added MAVEN property mvn.project.property.privilegedpassword=***** [hidden because may contain private info]
[INFO] Added MAVEN property mvn.project.property.skip.assembly=false
[INFO] Added MAVEN property mvn.project.property.secondaryport=5433
[INFO] Added MAVEN property mvn.project.property.protocolversion=0
[INFO] Added MAVEN property mvn.project.property.postgresql.preprocessed.sources.directory=/home/travis/build/failed/pgjdbc/pgjdbc/pgjdbc/target/gen-src
[INFO] Added MAVEN property mvn.project.property.preparethreshold=5
[INFO] Added MAVEN property mvn.project.property.secondaryserver2=localhost
[INFO] Added MAVEN property mvn.project.property.password=***** [hidden because may contain private info]
[INFO] Added MAVEN property mvn.project.property.jdbc.specification.version.nodot=42
[INFO] Added MAVEN property mvn.project.property.username=test
[INFO] Added MAVEN property mvn.project.property.parsedversion.buildnumber=0
[INFO] Added MAVEN property mvn.project.property.server=localhost
[INFO] Added MAVEN property mvn.project.property.port=5432
[INFO] Added MAVEN property mvn.project.property.secondaryserver=localhost
[INFO] Added MAVEN property mvn.project.property.template.default.pg.port=5432
[INFO] Added MAVEN property mvn.project.property.parsedversion.qualifier=SNAPSHOT
[INFO] Added MAVEN property mvn.project.property.waffle-jna.version=1.7.5
[INFO] Added MAVEN property mvn.project.property.skip.unzip-jdk-src=true
[INFO] Added MAVEN property mvn.project.property.database=test
[INFO] Added MAVEN property mvn.project.property.parsedversion.incrementalversion=3
[INFO] Added MAVEN property mvn.project.property.sspiusername=testsspi
[INFO] Added MAVEN property mvn.project.property.privilegeduser=postgres
[INFO] Added MAVEN property mvn.project.property.checkstyle.version=8.5
[INFO] Added MAVEN property mvn.project.property.parsedversion.majorversion=42
[INFO] Added MAVEN property mvn.project.property.parsedversion.osgiversion=42.2.3.SNAPSHOT
[INFO] Added MAVEN property mvn.project.property.postgresql.jdbc.spec=JDBC4.2
[INFO] Added MAVEN property mvn.project.property.argline=-Xmx512m
[INFO] Preprocess sources : /home/travis/build/failed/pgjdbc/pgjdbc/pgjdbc/src/test/java
[INFO] Preprocess destination : /home/travis/build/failed/pgjdbc/pgjdbc/pgjdbc/target/gen-test-src
[INFO] -----------------------------------------------------------------
[INFO] Completed, preprocessed 161 files, copied 2 files, elapsed time 1120ms
[INFO] A Compile source root has been removed from the root list [/home/travis/build/failed/pgjdbc/pgjdbc/pgjdbc/src/test/java]
[INFO] The New compile source root has been added into the list [/home/travis/build/failed/pgjdbc/pgjdbc/pgjdbc/target/gen-test-src]
[INFO] 
[INFO] --- maven-clean-plugin:2.5:clean (remove-future-jre-test-sources) @ postgresql ---
[INFO] 
[INFO] --- maven-resources-plugin:2.6:testResources (default-testResources) @ postgresql ---
[INFO] Using 'UTF-8' encoding to copy filtered resources.
[INFO] Copying 1 resource
[INFO] 
[INFO] --- maven-compiler-plugin:3.3:testCompile (default-testCompile) @ postgresql ---
[INFO] Toolchain in maven-compiler-plugin: JDK[/usr/lib/jvm/java-8-oracle]
[INFO] Changes detected - recompiling the module!
[INFO] Compiling 157 source files to /home/travis/build/failed/pgjdbc/pgjdbc/pgjdbc/target/test-classes
[INFO] 
[INFO] --- maven-surefire-plugin:2.18.1:test (default-test) @ postgresql ---
[INFO] Toolchain in maven-surefire-plugin: JDK[/usr/lib/jvm/java-8-oracle]
[INFO] Surefire report directory: /home/travis/build/failed/pgjdbc/pgjdbc/pgjdbc/target/surefire-reports

-------------------------------------------------------
 T E S T S
-------------------------------------------------------
Picked up _JAVA_OPTIONS: -Xmx2048m -Xms512m
Configuration file /home/travis/build/failed/pgjdbc/pgjdbc/pgjdbc/../build.local.properties does not exist. Consider adding it to specify test db host and login
Configuration file /home/travis/build/failed/pgjdbc/pgjdbc/pgjdbc/../ssltest.local.properties does not exist. Consider adding it to specify test db host and login
Skipping ssloff9.
Skipping sslhostnossl9.
Skipping sslhostgh9.
Skipping sslhostbh9.
Skipping sslhostsslgh9.
Skipping sslhostsslbh9.
Skipping sslhostsslcertgh9.
Skipping sslhostsslcertbh9.
Skipping sslcertgh9.
Skipping sslcertbh9.
Configuration file /home/travis/build/failed/pgjdbc/pgjdbc/pgjdbc/../build.local.properties does not exist. Consider adding it to specify test db host and login
Skipping SingleCertSocketFactoryTests. To enable set the property testsinglecertfactory=true in the ssltest.properties file.
Running org.postgresql.test.xa.XATestSuite
Tests run: 27, Failures: 0, Errors: 0, Skipped: 27, Time elapsed: 0.277 sec - in org.postgresql.test.xa.XATestSuite
Running org.postgresql.test.jdbc3.Jdbc3TestSuite
Tests run: 259, Failures: 0, Errors: 0, Skipped: 6, Time elapsed: 2.926 sec - in org.postgresql.test.jdbc3.Jdbc3TestSuite
Running org.postgresql.test.jdbc2.optional.OptionalTestSuite
Tests run: 58, Failures: 0, Errors: 0, Skipped: 1, Time elapsed: 1.157 sec - in org.postgresql.test.jdbc2.optional.OptionalTestSuite
Running org.postgresql.test.jdbc2.Jdbc2TestSuite
java.version = 1.8.0_151, JavaVersion.getRuntimeVersion() = v1_8
[testFastCloses] total counts for each sql state: {0=7, 55000=993}
Using seed = 1641084224338 for StrangeInputStream. Set -DStrangeInputStream.seed=1641084224338 to reproduce the test
Using seed = 1641084224708 for StrangeInputStream. Set -DStrangeInputStream.seed=1641084224708 to reproduce the test
Using seed = 1641084225063 for StrangeInputStream. Set -DStrangeInputStream.seed=1641084225063 to reproduce the test
Using seed = 1641084225363 for StrangeInputStream. Set -DStrangeInputStream.seed=1641084225363 to reproduce the test
Using seed = 1641084225661 for StrangeInputStream. Set -DStrangeInputStream.seed=1641084225661 to reproduce the test
Using seed = 1641084225950 for StrangeInputStream. Set -DStrangeInputStream.seed=1641084225950 to reproduce the test
Using seed = 1641084226287 for StrangeInputStream. Set -DStrangeInputStream.seed=1641084226287 to reproduce the test
Using seed = 1641084226568 for StrangeInputStream. Set -DStrangeInputStream.seed=1641084226568 to reproduce the test
Using seed = 1641084226846 for StrangeInputStream. Set -DStrangeInputStream.seed=1641084226846 to reproduce the test
Using seed = 1641084227136 for StrangeInputStream. Set -DStrangeInputStream.seed=1641084227136 to reproduce the test
Tests run: 4278, Failures: 0, Errors: 4, Skipped: 46, Time elapsed: 401.324 sec <<< FAILURE! - in org.postgresql.test.jdbc2.Jdbc2TestSuite
testOuterJoinSyntaxWithSingleJoinAndWithOj(org.postgresql.test.jdbc2.OuterJoinSyntaxTest)  Time elapsed: 0.016 sec  <<< ERROR!
org.postgresql.util.PSQLException: ERROR: syntax error at or near "{"
  Position: 15
	at org.postgresql.core.v3.QueryExecutorImpl.receiveErrorResponse(QueryExecutorImpl.java:2433)
	at org.postgresql.core.v3.QueryExecutorImpl.processResults(QueryExecutorImpl.java:2178)
	at org.postgresql.core.v3.QueryExecutorImpl.execute(QueryExecutorImpl.java:306)
	at org.postgresql.jdbc.PgStatement.executeInternal(PgStatement.java:441)
	at org.postgresql.jdbc.PgStatement.execute(PgStatement.java:365)
	at org.postgresql.jdbc.PgStatement.executeWithFlags(PgStatement.java:307)
	at org.postgresql.jdbc.PgStatement.executeCachedSql(PgStatement.java:293)
	at org.postgresql.jdbc.PgStatement.executeWithFlags(PgStatement.java:270)
	at org.postgresql.jdbc.PgStatement.executeQuery(PgStatement.java:224)
	at org.postgresql.test.jdbc2.OuterJoinSyntaxTest.testOuterJoinSyntax(OuterJoinSyntaxTest.java:114)
	at org.postgresql.test.jdbc2.OuterJoinSyntaxTest.testOuterJoinSyntaxWithSingleJoinAndWithOj(OuterJoinSyntaxTest.java:70)

testOuterJoinSyntaxWithMultipleJoinsAndWithOj2(org.postgresql.test.jdbc2.OuterJoinSyntaxTest)  Time elapsed: 0.004 sec  <<< ERROR!
org.postgresql.util.PSQLException: ERROR: syntax error at or near "{"
  Position: 15
	at org.postgresql.core.v3.QueryExecutorImpl.receiveErrorResponse(QueryExecutorImpl.java:2433)
	at org.postgresql.core.v3.QueryExecutorImpl.processResults(QueryExecutorImpl.java:2178)
	at org.postgresql.core.v3.QueryExecutorImpl.execute(QueryExecutorImpl.java:306)
	at org.postgresql.jdbc.PgStatement.executeInternal(PgStatement.java:441)
	at org.postgresql.jdbc.PgStatement.execute(PgStatement.java:365)
	at org.postgresql.jdbc.PgStatement.executeWithFlags(PgStatement.java:307)
	at org.postgresql.jdbc.PgStatement.executeCachedSql(PgStatement.java:293)
	at org.postgresql.jdbc.PgStatement.executeWithFlags(PgStatement.java:270)
	at org.postgresql.jdbc.PgStatement.executeQuery(PgStatement.java:224)
	at org.postgresql.test.jdbc2.OuterJoinSyntaxTest.testOuterJoinSyntax(OuterJoinSyntaxTest.java:114)
	at org.postgresql.test.jdbc2.OuterJoinSyntaxTest.testOuterJoinSyntaxWithMultipleJoinsAndWithOj2(OuterJoinSyntaxTest.java:88)

testOuterJoinSyntaxWithMultipleJoinsAndWithOj3(org.postgresql.test.jdbc2.OuterJoinSyntaxTest)  Time elapsed: 0.005 sec  <<< ERROR!
org.postgresql.util.PSQLException: ERROR: syntax error at or near "{"
  Position: 15
	at org.postgresql.core.v3.QueryExecutorImpl.receiveErrorResponse(QueryExecutorImpl.java:2433)
	at org.postgresql.core.v3.QueryExecutorImpl.processResults(QueryExecutorImpl.java:2178)
	at org.postgresql.core.v3.QueryExecutorImpl.execute(QueryExecutorImpl.java:306)
	at org.postgresql.jdbc.PgStatement.executeInternal(PgStatement.java:441)
	at org.postgresql.jdbc.PgStatement.execute(PgStatement.java:365)
	at org.postgresql.jdbc.PgStatement.executeWithFlags(PgStatement.java:307)
	at org.postgresql.jdbc.PgStatement.executeCachedSql(PgStatement.java:293)
	at org.postgresql.jdbc.PgStatement.executeWithFlags(PgStatement.java:270)
	at org.postgresql.jdbc.PgStatement.executeQuery(PgStatement.java:224)
	at org.postgresql.test.jdbc2.OuterJoinSyntaxTest.testOuterJoinSyntax(OuterJoinSyntaxTest.java:114)
	at org.postgresql.test.jdbc2.OuterJoinSyntaxTest.testOuterJoinSyntaxWithMultipleJoinsAndWithOj3(OuterJoinSyntaxTest.java:98)

testOuterJoinSyntaxWithMultipleJoinsAndWithOj(org.postgresql.test.jdbc2.OuterJoinSyntaxTest)  Time elapsed: 0.005 sec  <<< ERROR!
org.postgresql.util.PSQLException: ERROR: syntax error at or near "{"
  Position: 15
	at org.postgresql.core.v3.QueryExecutorImpl.receiveErrorResponse(QueryExecutorImpl.java:2433)
	at org.postgresql.core.v3.QueryExecutorImpl.processResults(QueryExecutorImpl.java:2178)
	at org.postgresql.core.v3.QueryExecutorImpl.execute(QueryExecutorImpl.java:306)
	at org.postgresql.jdbc.PgStatement.executeInternal(PgStatement.java:441)
	at org.postgresql.jdbc.PgStatement.execute(PgStatement.java:365)
	at org.postgresql.jdbc.PgStatement.executeWithFlags(PgStatement.java:307)
	at org.postgresql.jdbc.PgStatement.executeCachedSql(PgStatement.java:293)
	at org.postgresql.jdbc.PgStatement.executeWithFlags(PgStatement.java:270)
	at org.postgresql.jdbc.PgStatement.executeQuery(PgStatement.java:224)
	at org.postgresql.test.jdbc2.OuterJoinSyntaxTest.testOuterJoinSyntax(OuterJoinSyntaxTest.java:114)
	at org.postgresql.test.jdbc2.OuterJoinSyntaxTest.testOuterJoinSyntaxWithMultipleJoinsAndWithOj(OuterJoinSyntaxTest.java:78)

Running org.postgresql.test.jdbc2.AutoRollbackTestSuite
Tests run: 492, Failures: 0, Errors: 0, Skipped: 0, Time elapsed: 5.65 sec - in org.postgresql.test.jdbc2.AutoRollbackTestSuite
Running org.postgresql.test.jdbc4.jdbc41.Jdbc41TestSuite
JUnit used sun.misc.Launcher$AppClassLoader@6bc7c054
SeparateClassLoaderInvokeMethod used sun.misc.Launcher$AppClassLoader@6bc7c054
se.jiderhamn.classloader.RedefiningClassLoader[org.postgresql.test.jdbc4.jdbc41.SharedTimerClassLoaderLeakTest.sharedTimerDoesNotCauseLeak]@18317cb3 is being finalized
Tests run: 58, Failures: 0, Errors: 0, Skipped: 1, Time elapsed: 2.227 sec - in org.postgresql.test.jdbc4.jdbc41.Jdbc41TestSuite
Running org.postgresql.test.jdbc4.Jdbc4TestSuite
Tests run: 148, Failures: 0, Errors: 0, Skipped: 0, Time elapsed: 425.399 sec - in org.postgresql.test.jdbc4.Jdbc4TestSuite
Running org.postgresql.test.socketfactory.SocketFactoryTestSuite
Tests run: 1, Failures: 0, Errors: 0, Skipped: 0, Time elapsed: 0.003 sec - in org.postgresql.test.socketfactory.SocketFactoryTestSuite
Running org.postgresql.test.jre8.core.Jre8TestSuite
Tests run: 1, Failures: 0, Errors: 0, Skipped: 0, Time elapsed: 0.004 sec - in org.postgresql.test.jre8.core.Jre8TestSuite
Running org.postgresql.test.jdbc42.Jdbc42TestSuite
Tests run: 45, Failures: 0, Errors: 0, Skipped: 0, Time elapsed: 4.657 sec - in org.postgresql.test.jdbc42.Jdbc42TestSuite
Running org.postgresql.test.extensions.ExtensionsTestSuite
Tests run: 5, Failures: 0, Errors: 0, Skipped: 0, Time elapsed: 0.051 sec - in org.postgresql.test.extensions.ExtensionsTestSuite
Running org.postgresql.test.ssl.SslTestSuite
Configuration file /home/travis/build/failed/pgjdbc/pgjdbc/pgjdbc/../ssltest.local.properties does not exist. Consider adding it to specify test db host and login
Skipping ssloff9.
Skipping sslhostnossl9.
Skipping sslhostgh9.
Skipping sslhostbh9.
Skipping sslhostsslgh9.
Skipping sslhostsslbh9.
Skipping sslhostsslcertgh9.
Skipping sslhostsslcertbh9.
Skipping sslcertgh9.
Skipping sslcertbh9.
Tests run: 0, Failures: 0, Errors: 0, Skipped: 0, Time elapsed: 0.001 sec - in org.postgresql.test.ssl.SslTestSuite
Running org.postgresql.test.ssl.SingleCertValidatingFactoryTestSuite
Skipping SingleCertSocketFactoryTests. To enable set the property testsinglecertfactory=true in the ssltest.properties file.
Tests run: 0, Failures: 0, Errors: 0, Skipped: 0, Time elapsed: 0 sec - in org.postgresql.test.ssl.SingleCertValidatingFactoryTestSuite
Running org.postgresql.test.hostchooser.MultiHostTestSuite$DummyTest
Tests run: 1, Failures: 0, Errors: 0, Skipped: 0, Time elapsed: 0 sec - in org.postgresql.test.hostchooser.MultiHostTestSuite$DummyTest
Running org.postgresql.test.hostchooser.MultiHostTestSuite
Tests run: 1, Failures: 0, Errors: 0, Skipped: 0, Time elapsed: 0 sec - in org.postgresql.test.hostchooser.MultiHostTestSuite
Running org.postgresql.replication.ReplicationTestSuite
Tests run: 1, Failures: 0, Errors: 0, Skipped: 1, Time elapsed: 0.005 sec - in org.postgresql.replication.ReplicationTestSuite

Results :

Tests in error: 
  OuterJoinSyntaxTest.testOuterJoinSyntaxWithMultipleJoinsAndWithOj:78->testOuterJoinSyntax:114 » PSQL
  OuterJoinSyntaxTest.testOuterJoinSyntaxWithMultipleJoinsAndWithOj2:88->testOuterJoinSyntax:114 » PSQL
  OuterJoinSyntaxTest.testOuterJoinSyntaxWithMultipleJoinsAndWithOj3:98->testOuterJoinSyntax:114 » PSQL
  OuterJoinSyntaxTest.testOuterJoinSyntaxWithSingleJoinAndWithOj:70->testOuterJoinSyntax:114 » PSQL

Tests run: 5375, Failures: 0, Errors: 4, Skipped: 82

[INFO] ------------------------------------------------------------------------
[INFO] Reactor Summary:
[INFO] 
[INFO] PostgreSQL JDBC Driver - JDBC 4.2 .................. FAILURE [14:23 min]
[INFO] PostgreSQL JDBC Driver - benchmarks ................ SKIPPED
[INFO] PostgreSQL JDBC Driver aggregate ................... SKIPPED
[INFO] ------------------------------------------------------------------------
[INFO] BUILD FAILURE
[INFO] ------------------------------------------------------------------------
[INFO] Total time: 14:27 min
[INFO] Finished at: 2022-01-02T00:51:05Z
[INFO] Final Memory: 17M/526M
[INFO] ------------------------------------------------------------------------
[ERROR] Failed to execute goal org.apache.maven.plugins:maven-surefire-plugin:2.18.1:test (default-test) on project postgresql: There are test failures.
[ERROR] 
[ERROR] Please refer to /home/travis/build/failed/pgjdbc/pgjdbc/pgjdbc/target/surefire-reports for the individual test results.
[ERROR] -> [Help 1]
[ERROR] 
[ERROR] To see the full stack trace of the errors, re-run Maven with the -e switch.
[ERROR] Re-run Maven using the -X switch to enable full debug logging.
[ERROR] 
[ERROR] For more information about the errors and possible solutions, please read the following articles:
[ERROR] [Help 1] http://cwiki.apache.org/confluence/display/MAVEN/MojoFailureException

travis_time:end:27b02ae0:start=1641083796927991404,finish=1641084666179024943,duration=869251033539[0K
[31;1mThe command "if [[ $TRAVIS_BRANCH == release/* ]]; then .travis/travis_release.sh; else ./.travis/travis_build.sh; fi" exited with 1.[0m
travis_time:start:0b5e7b32[0K$ ./.travis/travis_check_postgres_health.sh

travis_time:end:0b5e7b32:start=1641084666191418114,finish=1641084666227798352,duration=36380238[0K
[32;1mThe command "./.travis/travis_check_postgres_health.sh" exited with 0.[0m
travis_fold:start:before_cache.1[0Ktravis_time:start:0ed1f6ab[0K$ rm -rf $HOME/.m2/repository/org/postgresql

travis_time:end:0ed1f6ab:start=1641084666240459181,finish=1641084666251753070,duration=11293889[0Ktravis_fold:end:before_cache.1[0Ktravis_fold:start:before_cache.2[0Ktravis_time:start:009b6b2c[0K$ find $HOME/.ivy2 -name "ivydata-*.properties" -delete
find: `/home/travis/.ivy2': No such file or directory

travis_time:end:009b6b2c:start=1641084666264223869,finish=1641084666278862915,duration=14639046[0Ktravis_fold:end:before_cache.2[0Ktravis_fold:start:before_cache.3[0Ktravis_time:start:0b752fc0[0K$ find $HOME/.sbt -name "*.lock" -delete
find: `/home/travis/.sbt': No such file or directory

travis_time:end:0b752fc0:start=1641084666292093192,finish=1641084666305893059,duration=13799867[0Ktravis_fold:end:before_cache.3[0Ktravis_fold:start:cache.2[0Kstore build cache
travis_fold:end:cache.2[0K
Done. Your build exited with 1.
