travis_time:start:0122de2b[0Ktravis_time:end:0122de2b:start=1641015679743577260,finish=1641015679905356606,duration=161779346,event=no_world_writable_dirs[0Ktravis_time:start:04c40c70[0Ktravis_time:end:04c40c70:start=1641015679911723059,finish=1641015679915696045,duration=3972986,event=check_unsupported[0Ktravis_time:start:00966306[0Ktravis_fold:start:system_info[0K[33;1mBuild system information[0m
Build language: java
Build id: ''
Job id: ''
Runtime kernel version: 4.15.0-109-generic
[34m[1mBuild image provisioning date and time[0m
Thu Feb  5 15:09:33 UTC 2015
[34m[1mOperating System Details[0m
Distributor ID:	Ubuntu
Description:	Ubuntu 12.04.5 LTS
Release:	12.04
Codename:	precise
[34m[1mLinux Version[0m
3.13.0-29-generic
[34m[1mCookbooks Version[0m
a68419e https://github.com/travis-ci/travis-cookbooks/tree/a68419e
[34m[1mGCC version[0m
gcc (Ubuntu/Linaro 4.6.3-1ubuntu5) 4.6.3
Copyright (C) 2011 Free Software Foundation, Inc.
This is free software; see the source for copying conditions.  There is NO
warranty; not even for MERCHANTABILITY or FITNESS FOR A PARTICULAR PURPOSE.

[34m[1mLLVM version[0m
clang version 3.4 (tags/RELEASE_34/final)
Target: x86_64-unknown-linux-gnu
Thread model: posix
[34m[1mPre-installed Ruby versions[0m
ruby-1.9.3-p551
[34m[1mPre-installed Node.js versions[0m
v0.10.36
[34m[1mPre-installed Go versions[0m
1.4.1
[34m[1mRedis version[0m
redis-server 2.8.19
[34m[1mriak version[0m
2.0.2
[34m[1mMongoDB version[0m
MongoDB 2.4.12
[34m[1mCouchDB version[0m
couchdb 1.6.1
[34m[1mNeo4j version[0m
1.9.4
[34m[1mRabbitMQ Version[0m
3.4.3
[34m[1mElasticSearch version[0m
1.4.0
[34m[1mInstalled Sphinx versions[0m
2.0.10
2.1.9
2.2.6
[34m[1mDefault Sphinx version[0m
2.2.6
[34m[1mInstalled Firefox version[0m
firefox 31.0esr
[34m[1mPhantomJS version[0m
1.9.8
[34m[1mant -version[0m
Apache Ant(TM) version 1.8.2 compiled on December 3 2011
[34m[1mmvn -version[0m
Apache Maven 3.2.5 (12a6b3acb947671f09b81f49094c53f426d8cea1; 2014-12-14T17:29:23+00:00)
Maven home: /usr/local/maven
Java version: 1.7.0_76, vendor: Oracle Corporation
Java home: /usr/lib/jvm/java-7-oracle/jre
Default locale: en_US, platform encoding: ANSI_X3.4-1968
OS name: "linux", version: "3.13.0-29-generic", arch: "amd64", family: "unix"
travis_fold:end:system_info[0K
travis_time:end:00966306:start=1641015679921409810,finish=1641015679930145846,duration=8736036,event=show_system_info[0Ktravis_time:start:201affc2[0Ktravis_time:end:201affc2:start=1641015679935933801,finish=1641015679952500315,duration=16566514,event=rm_riak_source[0Ktravis_time:start:1afa2607[0Ktravis_time:end:1afa2607:start=1641015679957707072,finish=1641015679967356060,duration=9648988,event=fix_rwky_redis[0Ktravis_time:start:12f322c8[0K[31;1mTimeout waiting for network availability.[0m
travis_time:end:12f322c8:start=1641015679973025324,finish=1641015700710453013,duration=20737427689,event=wait_for_network[0Ktravis_time:start:2c0d8c4b[0Ktravis_time:end:2c0d8c4b:start=1641015700717222004,finish=1641015706912640208,duration=6195418204,event=update_apt_keys[0Ktravis_time:start:00eb926c[0Ktravis_time:end:00eb926c:start=1641015706918457490,finish=1641015706981736313,duration=63278823,event=fix_hhvm_source[0Ktravis_time:start:040f1b7c[0Ktravis_time:end:040f1b7c:start=1641015706987688879,finish=1641015706992417686,duration=4728807,event=update_mongo_arch[0Ktravis_time:start:321e9fd6[0Ktravis_time:end:321e9fd6:start=1641015706997882620,finish=1641015707041070430,duration=43187810,event=fix_sudo_enabled_trusty[0Ktravis_time:start:0cf81a4a[0Ktravis_time:end:0cf81a4a:start=1641015707045170279,finish=1641015707057994656,duration=12824377,event=clean_up_path[0Ktravis_time:start:008aac80[0Ktravis_time:end:008aac80:start=1641015707063114770,finish=1641015707075989890,duration=12875120,event=fix_resolv_conf[0Ktravis_time:start:07b5aab6[0Ktravis_time:end:07b5aab6:start=1641015707081268226,finish=1641015707094868498,duration=13600272,event=fix_etc_hosts[0Ktravis_time:start:0b0ebea8[0Ktravis_time:start:0328664d[0Ktravis_time:end:0328664d:start=1641015707115989908,finish=1641015707132124476,duration=16134568,event=no_ipv6_localhost[0Ktravis_time:start:2e7a8d35[0Ktravis_time:end:2e7a8d35:start=1641015707137267561,finish=1641015707405346451,duration=268078890,event=fix_etc_mavenrc[0Ktravis_time:start:1f7c9bc8[0Ktravis_time:end:1f7c9bc8:start=1641015707411520175,finish=1641015707418036278,duration=6516103,event=fix_wwdr_certificate[0Ktravis_time:start:06cb2d3c[0Ktravis_time:end:06cb2d3c:start=1641015707423281264,finish=1641015707458773706,duration=35492442,event=put_localhost_first[0Ktravis_time:start:308615d0[0Ktravis_time:end:308615d0:start=1641015707464223737,finish=1641015707468549126,duration=4325389,event=home_paths[0Ktravis_time:start:1da8af12[0Ktravis_time:end:1da8af12:start=1641015707474047988,finish=1641015707743217587,duration=269169599,event=disable_initramfs[0Ktravis_time:start:0671bbc0[0Ktravis_time:end:0671bbc0:start=1641015707748154144,finish=1641015707770740324,duration=22586180,event=disable_ssh_roaming[0Ktravis_time:start:03bbad21[0Ktravis_time:end:03bbad21:start=1641015707777273373,finish=1641015707782545517,duration=5272144,event=debug_tools[0Ktravis_time:start:01046060[0Ktravis_time:end:01046060:start=1641015707789061840,finish=1641015707795888584,duration=6826744,event=uninstall_oclint[0Ktravis_time:start:0eda5186[0Ktravis_time:end:0eda5186:start=1641015707802680452,finish=1641015707809555323,duration=6874871,event=rvm_use[0Ktravis_time:start:0c02ebea[0Ktravis_time:end:0c02ebea:start=1641015707816511764,finish=1641015707832069513,duration=15557749,event=rm_etc_boto_cfg[0Ktravis_time:start:12ba17ca[0Ktravis_time:end:12ba17ca:start=1641015707838893164,finish=1641015707844291846,duration=5398682,event=rm_oraclejdk8_symlink[0Ktravis_time:start:0d1ab466[0Ktravis_time:end:0d1ab466:start=1641015707850737804,finish=1641015707896393063,duration=45655259,event=enable_i386[0Ktravis_time:start:12392067[0Ktravis_time:end:12392067:start=1641015707903603699,finish=1641015707910837269,duration=7233570,event=update_rubygems[0Ktravis_time:start:02d914cc[0Ktravis_time:end:02d914cc:start=1641015707916086804,finish=1641015707925464522,duration=9377718,event=ensure_path_components[0Ktravis_time:start:1c3de33b[0Ktravis_time:end:1c3de33b:start=1641015707931314151,finish=1641015707936280231,duration=4966080,event=redefine_curl[0Ktravis_time:start:197f40c0[0Ktravis_time:end:197f40c0:start=1641015707942603136,finish=1641015707947292131,duration=4688995,event=nonblock_pipe[0Ktravis_time:start:1620d884[0Ktravis_time:end:1620d884:start=1641015707953781326,finish=1641015710540874834,duration=2587093508,event=apt_get_update[0Ktravis_time:start:0512a05a[0Ktravis_time:end:0512a05a:start=1641015710546471852,finish=1641015710550396983,duration=3925131,event=deprecate_xcode_64[0Ktravis_time:start:005593a8[0Ktravis_time:end:005593a8:start=1641015710556987146,finish=1641015710565003127,duration=8015981,event=update_heroku[0Ktravis_time:start:17b4852c[0Ktravis_time:end:17b4852c:start=1641015710570517378,finish=1641015710575444367,duration=4926989,event=shell_session_update[0Ktravis_time:start:1c9ed2e4[0Ktravis_fold:start:docker_mtu[0Ktee: /etc/docker/daemon.json: No such file or directory
docker: unrecognized service
travis_fold:end:docker_mtu[0Ktravis_time:end:1c9ed2e4:start=1641015710581510812,finish=1641015710615777578,duration=34266766,event=set_docker_mtu[0Ktravis_time:start:129e1d32[0Ktravis_time:end:129e1d32:start=1641015710621495788,finish=1641015710638407287,duration=16911499,event=resolvconf[0K
travis_fold:start:install_jdk[0K[33;1mInstalling openjdk7[0m
$ jdk_switcher use "openjdk7"
Switching to OpenJDK7 (java-1.7.0-openjdk-amd64), JAVA_HOME will be set to /usr/lib/jvm/java-7-openjdk-amd64
travis_fold:end:install_jdk[0Ktravis_time:start:2a7e4888[0Ktravis_time:end:2a7e4888:start=1641015710659806216,finish=1641015710664208698,duration=4402482,event=fix_ps4[0Ktravis_time:start:1924abf8[0K
$ cd passed/rackerlabs/blueflood

travis_time:end:1924abf8:start=1641015710677196042,finish=1641015710681765105,duration=4569063,event=checkout[0Ktravis_time:start:2568a063[0Ktravis_time:end:2568a063:start=1641015710686384712,finish=1641015711244296114,duration=557911402,event=env[0Ktravis_fold:start:cache.1[0KSetting up build cache
$ export CASHER_DIR=${TRAVIS_HOME}/.casher
travis_time:start:02b3c618[0K$ Installing caching utilities

[31;1mThe command "eval curl -sf  -o $CASHER_DIR/bin/casher https:///files/casher " failed. Retrying, 2 of 3.[0m


[31;1mThe command "eval curl -sf  -o $CASHER_DIR/bin/casher https:///files/casher " failed. Retrying, 3 of 3.[0m


[31;1mThe command "eval curl -sf  -o $CASHER_DIR/bin/casher https:///files/casher " failed 3 times.[0m

travis_time:end:02b3c618:start=1641015721369756158,finish=1641015724463082081,duration=3093325923,event=setup_casher[0Ktravis_time:start:019f4fa6[0K$ Installing caching utilities from the Travis CI server (https:///files/casher) failed, failing over to using GitHub (https://raw.githubusercontent.com/travis-ci/casher/bash/bin/casher)
travis_time:end:019f4fa6:start=1641015724471411415,finish=1641015724675329718,duration=203918303,event=setup_casher[0Ktravis_time:start:01926cb3[0Ktravis_time:end:01926cb3:start=1641015724684695790,finish=1641015724689944960,duration=5249170,event=setup_casher[0Ktravis_time:start:0e1f1112[0KYAML safe loading is not available. Please upgrade psych to a version that supports safe loading (>= 2.0).
attempting to download cache archive[0m
[31;1mcould not download cache[0m
travis_time:end:0e1f1112:start=1641015724696900387,finish=1641015726037237110,duration=1340336723,event=setup_casher[0Ktravis_time:start:01a442a4[0Ktravis_time:end:01a442a4:start=1641015726043717623,finish=1641015726050140920,duration=6423297,event=setup_casher[0Ktravis_time:start:0f55fdd6[0KYAML safe loading is not available. Please upgrade psych to a version that supports safe loading (>= 2.0).
adding /home/travis/.m2 to cache[0m
travis_time:end:0f55fdd6:start=1641015726057216217,finish=1641015727934849315,duration=1877633098,event=setup_casher[0Ktravis_fold:end:cache.1[0K
$ java -Xmx32m -version
java version "1.7.0_75"
OpenJDK Runtime Environment (IcedTea 2.5.4) (7u75-2.5.4-1~precise1)
OpenJDK 64-Bit Server VM (build 24.75-b04, mixed mode)
$ javac -J-Xmx32m -version
javac 1.7.0_75
travis_fold:start:install[0Ktravis_time:start:02d92c52[0K$ mvn -o install dependency:resolve -Dhttps.protocols=TLSv1.2 -Dhttps.protocols=TLSv1.2 -Dhttps.protocols=TLSv1.2 -Dmaven.test.skip -Dmaven.javadoc.skip -Dcassandra.skip
[INFO] Scanning for projects...
[INFO] ------------------------------------------------------------------------
[INFO] Reactor Build Order:
[INFO] 
[INFO] Blueflood
[INFO] Blueflood Core Engine
[INFO] Blueflood UDP Ingestion
[INFO] Blueflood Elasticsearch Indexer and Discovery
[INFO] Blueflood HTTP Ingestion and Querying
[INFO] Blueflood Rollup Kafka Producer
[INFO] Blueflood Rollup Cloudfiles Exporter
[INFO] Blueflood IO Bindings for Datastax Java Driver
[INFO] Blueflood Out-of-band Rollup Tools
[INFO]                                                                         
[INFO] ------------------------------------------------------------------------
[INFO] Building Blueflood 2.0.0-SNAPSHOT
[INFO] ------------------------------------------------------------------------
[INFO] 
[INFO] --- maven-enforcer-plugin:1.0:enforce (enforce-maven) @ blueflood ---
[INFO] 
[INFO] --- jacoco-maven-plugin:0.7.2.201409121644:prepare-agent (prepare-agent) @ blueflood ---
[INFO] argLine set to -javaagent:/home/travis/.m2/repository/org/jacoco/org.jacoco.agent/0.7.2.201409121644/org.jacoco.agent-0.7.2.201409121644-runtime.jar=destfile=/home/travis/build/passed/rackerlabs/blueflood/target/jacoco.exec
[INFO] 
[INFO] --- build-helper-maven-plugin:1.8:reserve-network-port (reserve-network-port) @ blueflood ---
[INFO] Reserved port 39741 for cassandra.rpcPort
[INFO] Reserved port 37039 for cassandra.jmxPort
[INFO] Reserved port 41685 for cassandra.storagePort
[INFO] Reserved port 35283 for cassandra.stopPort
[INFO] 
[INFO] --- maven-source-plugin:2.2.1:jar-no-fork (attach-sources) @ blueflood ---
[INFO] 
[INFO] --- maven-javadoc-plugin:2.9.1:jar (attach-javadocs) @ blueflood ---
[INFO] Skipping javadoc generation
[INFO] 
[INFO] --- maven-jar-plugin:2.2:test-jar (default) @ blueflood ---
[INFO] Skipping packaging of the test-jar
[INFO] 
[INFO] --- jacoco-maven-plugin:0.7.2.201409121644:prepare-agent-integration (prepare-it-agent) @ blueflood ---
[INFO] jacoco.agent.it.argLine set to -javaagent:/home/travis/.m2/repository/org/jacoco/org.jacoco.agent/0.7.2.201409121644/org.jacoco.agent-0.7.2.201409121644-runtime.jar=destfile=/home/travis/build/passed/rackerlabs/blueflood/target/jacoco-it.exec
[INFO] 
[INFO] --- cassandra-maven-plugin:2.0.0-1:delete (delete-cassandra) @ blueflood ---
[INFO] Skipping cassandra: cassandra.skip==true
[INFO] 
[INFO] --- cassandra-maven-plugin:2.0.0-1:start (default) @ blueflood ---
[INFO] Skipping cassandra: cassandra.skip==true
[INFO] 
[INFO] --- cassandra-maven-plugin:2.0.0-1:stop (default) @ blueflood ---
[INFO] Skipping cassandra: cassandra.skip==true
[INFO] 
[INFO] --- maven-install-plugin:2.4:install (default-install) @ blueflood ---
[INFO] Installing /home/travis/build/passed/rackerlabs/blueflood/pom.xml to /home/travis/.m2/repository/com/rackspacecloud/blueflood/2.0.0-SNAPSHOT/blueflood-2.0.0-SNAPSHOT.pom
[INFO] 
[INFO] --- maven-dependency-plugin:2.8:resolve (default-cli) @ blueflood ---
[INFO] 
[INFO] The following files have been resolved:
[INFO]    none
[INFO] 
[INFO]                                                                         
[INFO] ------------------------------------------------------------------------
[INFO] Building Blueflood Core Engine 2.0.0-SNAPSHOT
[INFO] ------------------------------------------------------------------------
[INFO] 
[INFO] --- maven-enforcer-plugin:1.0:enforce (enforce-maven) @ blueflood-core ---
[INFO] 
[INFO] --- jacoco-maven-plugin:0.7.2.201409121644:prepare-agent (prepare-agent) @ blueflood-core ---
[INFO] argLine set to -javaagent:/home/travis/.m2/repository/org/jacoco/org.jacoco.agent/0.7.2.201409121644/org.jacoco.agent-0.7.2.201409121644-runtime.jar=destfile=/home/travis/build/passed/rackerlabs/blueflood/blueflood-core/target/jacoco.exec
[INFO] 
[INFO] --- maven-resources-plugin:2.6:resources (default-resources) @ blueflood-core ---
[INFO] Using 'UTF-8' encoding to copy filtered resources.
[INFO] Copying 1 resource
[INFO] 
[INFO] --- maven-compiler-plugin:3.1:compile (default-compile) @ blueflood-core ---
[INFO] Changes detected - recompiling the module!
[INFO] Compiling 143 source files to /home/travis/build/passed/rackerlabs/blueflood/blueflood-core/target/classes
[WARNING] /home/travis/build/passed/rackerlabs/blueflood/blueflood-core/src/main/java/com/rackspacecloud/blueflood/cache/MetadataCache.java: Some input files use unchecked or unsafe operations.
[WARNING] /home/travis/build/passed/rackerlabs/blueflood/blueflood-core/src/main/java/com/rackspacecloud/blueflood/cache/MetadataCache.java: Recompile with -Xlint:unchecked for details.
[INFO] 
[INFO] --- build-helper-maven-plugin:1.8:add-test-source (add-integration-test-sources) @ blueflood-core ---
[INFO] Test Source directory: /home/travis/build/passed/rackerlabs/blueflood/blueflood-core/src/integration-test/java added.
[INFO] 
[INFO] --- maven-resources-plugin:2.6:testResources (default-testResources) @ blueflood-core ---
[INFO] Not copying test resources
[INFO] 
[INFO] --- build-helper-maven-plugin:1.8:reserve-network-port (reserve-network-port) @ blueflood-core ---
[INFO] Reserved port 40955 for cassandra.rpcPort
[INFO] Reserved port 46163 for cassandra.jmxPort
[INFO] Reserved port 46535 for cassandra.storagePort
[INFO] Reserved port 40381 for cassandra.stopPort
[INFO] 
[INFO] --- maven-compiler-plugin:3.1:testCompile (default-testCompile) @ blueflood-core ---
[INFO] Not compiling test sources
[INFO] 
[INFO] --- maven-surefire-plugin:2.14.1:test (default-test) @ blueflood-core ---
[INFO] Tests are skipped.
[INFO] 
[INFO] --- maven-jar-plugin:2.2:jar (default-jar) @ blueflood-core ---
[INFO] Building jar: /home/travis/build/passed/rackerlabs/blueflood/blueflood-core/target/blueflood-core-2.0.0-SNAPSHOT.jar
[INFO] 
[INFO] --- maven-source-plugin:2.2.1:jar-no-fork (attach-sources) @ blueflood-core ---
[INFO] Building jar: /home/travis/build/passed/rackerlabs/blueflood/blueflood-core/target/blueflood-core-2.0.0-SNAPSHOT-sources.jar
[INFO] 
[INFO] --- maven-javadoc-plugin:2.9.1:jar (attach-javadocs) @ blueflood-core ---
[INFO] Skipping javadoc generation
[INFO] 
[INFO] --- maven-jar-plugin:2.2:test-jar (default) @ blueflood-core ---
[INFO] Skipping packaging of the test-jar
[INFO] 
[INFO] --- jacoco-maven-plugin:0.7.2.201409121644:prepare-agent-integration (prepare-it-agent) @ blueflood-core ---
[INFO] jacoco.agent.it.argLine set to -javaagent:/home/travis/.m2/repository/org/jacoco/org.jacoco.agent/0.7.2.201409121644/org.jacoco.agent-0.7.2.201409121644-runtime.jar=destfile=/home/travis/build/passed/rackerlabs/blueflood/blueflood-core/target/jacoco-it.exec
[INFO] 
[INFO] --- cassandra-maven-plugin:2.0.0-1:delete (delete-cassandra) @ blueflood-core ---
[INFO] Skipping cassandra: cassandra.skip==true
[INFO] 
[INFO] --- cassandra-maven-plugin:2.0.0-1:start (default) @ blueflood-core ---
[INFO] Skipping cassandra: cassandra.skip==true
[INFO] 
[INFO] --- maven-failsafe-plugin:2.15:integration-test (integration-tests) @ blueflood-core ---
[INFO] Tests are skipped.
[INFO] 
[INFO] --- cassandra-maven-plugin:2.0.0-1:stop (default) @ blueflood-core ---
[INFO] Skipping cassandra: cassandra.skip==true
[INFO] 
[INFO] --- maven-failsafe-plugin:2.15:verify (verify) @ blueflood-core ---
[INFO] Tests are skipped.
[INFO] 
[INFO] --- maven-install-plugin:2.4:install (default-install) @ blueflood-core ---
[INFO] Installing /home/travis/build/passed/rackerlabs/blueflood/blueflood-core/target/blueflood-core-2.0.0-SNAPSHOT.jar to /home/travis/.m2/repository/com/rackspacecloud/blueflood-core/2.0.0-SNAPSHOT/blueflood-core-2.0.0-SNAPSHOT.jar
[INFO] Installing /home/travis/build/passed/rackerlabs/blueflood/blueflood-core/pom.xml to /home/travis/.m2/repository/com/rackspacecloud/blueflood-core/2.0.0-SNAPSHOT/blueflood-core-2.0.0-SNAPSHOT.pom
[INFO] Installing /home/travis/build/passed/rackerlabs/blueflood/blueflood-core/target/blueflood-core-2.0.0-SNAPSHOT-sources.jar to /home/travis/.m2/repository/com/rackspacecloud/blueflood-core/2.0.0-SNAPSHOT/blueflood-core-2.0.0-SNAPSHOT-sources.jar
[INFO] 
[INFO] --- maven-dependency-plugin:2.8:resolve (default-cli) @ blueflood-core ---
[INFO] 
[INFO] The following files have been resolved:
[INFO]    org.clojure:clojure:jar:1.5.1:compile
[INFO]    org.mortbay.jetty:servlet-api:jar:2.5-20081211:compile
[INFO]    com.google.protobuf:protobuf-java:jar:2.5.0:compile
[INFO]    com.codahale.metrics:metrics-core:jar:3.0.1:compile
[INFO]    org.antlr:antlr-runtime:jar:3.2:compile
[INFO]    org.hamcrest:hamcrest-core:jar:1.1:compile
[INFO]    bigml:histogram:jar:3.2.1:compile
[INFO]    stax:stax-api:jar:1.0.1:compile
[INFO]    com.googlecode.json-simple:json-simple:jar:1.1:compile
[INFO]    com.yammer.metrics:metrics-core:jar:2.1.2:compile
[INFO]    commons-logging:commons-logging:jar:1.1.1:compile
[INFO]    com.codahale.metrics:metrics-log4j:jar:3.0.1:compile
[INFO]    com.netflix.astyanax:astyanax-core:jar:1.56.34:compile
[INFO]    org.apache.zookeeper:zookeeper:jar:3.4.5:compile
[INFO]    org.apache.servicemix.bundles:org.apache.servicemix.bundles.commons-csv:jar:1.0-r706900_3:compile
[INFO]    org.apache.cassandra:cassandra-all:jar:1.2.2:compile
[INFO]    org.apache.thrift:libthrift:jar:0.7.0:compile
[INFO]    org.mortbay.jetty:jetty-util:jar:6.1.22:compile
[INFO]    joda-time:joda-time:jar:1.6.2:compile
[INFO]    org.apache.cassandra:cassandra-thrift:jar:1.2.2:compile
[INFO]    junit:junit:jar:4.10:compile
[INFO]    org.codehaus.jettison:jettison:jar:1.2:compile
[INFO]    org.mindrot:jbcrypt:jar:0.3m:compile
[INFO]    org.apache.httpcomponents:httpclient:jar:4.0.1:compile
[INFO]    com.google.code.gson:gson:jar:2.2:compile
[INFO]    com.googlecode.concurrentlinkedhashmap:concurrentlinkedhashmap-lru:jar:1.3:compile
[INFO]    antlr:antlr:jar:2.7.7:compile
[INFO]    org.apache.curator:curator-client:jar:2.3.0:compile
[INFO]    org.codehaus.jackson:jackson-core-asl:jar:1.9.2:compile
[INFO]    commons-cli:commons-cli:jar:1.2:compile
[INFO]    org.apache.curator:curator-framework:jar:2.3.0:compile
[INFO]    com.codahale.metrics:metrics-jvm:jar:3.0.1:compile
[INFO]    org.codehaus.jackson:jackson-mapper-asl:jar:1.9.2:compile
[INFO]    commons-codec:commons-codec:jar:1.5:compile
[INFO]    com.ning:compress-lzf:jar:0.8.4:compile
[INFO]    com.github.stephenc.high-scale-lib:high-scale-lib:jar:1.1.2:compile
[INFO]    log4j:log4j:jar:1.2.16:compile
[INFO]    org.apache.cassandra.deps:avro:jar:1.4.0-cassandra-1:compile
[INFO]    org.slf4j:slf4j-log4j12:jar:1.7.6:compile
[INFO]    com.netflix.astyanax:astyanax-recipes:jar:1.56.34:compile
[INFO]    org.slf4j:slf4j-api:jar:1.6.4:compile
[INFO]    org.antlr:antlr:jar:3.2:compile
[INFO]    commons-lang:commons-lang:jar:2.4:compile
[INFO]    org.jboss.netty:netty:jar:3.2.4.Final:compile
[INFO]    javax.servlet:servlet-api:jar:2.5:compile
[INFO]    org.apache.curator:curator-recipes:jar:2.3.0:compile
[INFO]    com.codahale.metrics:metrics-graphite:jar:3.0.1:compile
[INFO]    io.netty:netty:jar:3.6.1.Final:compile
[INFO]    com.netflix.astyanax:astyanax-thrift:jar:1.56.34:compile
[INFO]    org.apache.httpcomponents:httpcore:jar:4.0.1:compile
[INFO]    jline:jline:jar:1.0:compile
[INFO]    org.antlr:stringtemplate:jar:3.2:compile
[INFO]    edu.stanford.ppl:snaptree:jar:0.1:compile
[INFO]    com.netflix.astyanax:astyanax-cassandra:jar:1.56.34:compile
[INFO]    net.jpountz.lz4:lz4:jar:1.1.0:compile
[INFO]    com.aphyr:riemann-java-client:jar:0.2.9:compile
[INFO]    com.github.stephenc:jamm:jar:0.2.5:compile
[INFO]    com.google.guava:guava:jar:15.0:compile
[INFO]    org.mortbay.jetty:jetty:jar:6.1.22:compile
[INFO]    org.xerial.snappy:snappy-java:jar:1.0.4.1:compile
[INFO]    org.mockito:mockito-all:jar:1.8.5:compile
[INFO]    org.yaml:snakeyaml:jar:1.6:compile
[INFO]    com.eaio.uuid:uuid:jar:3.2:compile
[INFO] 
[INFO]                                                                         
[INFO] ------------------------------------------------------------------------
[INFO] Building Blueflood UDP Ingestion 2.0.0-SNAPSHOT
[INFO] ------------------------------------------------------------------------
[INFO] 
[INFO] --- maven-enforcer-plugin:1.0:enforce (enforce-maven) @ blueflood-udp ---
[INFO] 
[INFO] --- jacoco-maven-plugin:0.7.2.201409121644:prepare-agent (prepare-agent) @ blueflood-udp ---
[INFO] argLine set to -javaagent:/home/travis/.m2/repository/org/jacoco/org.jacoco.agent/0.7.2.201409121644/org.jacoco.agent-0.7.2.201409121644-runtime.jar=destfile=/home/travis/build/passed/rackerlabs/blueflood/blueflood-udp/target/jacoco.exec
[INFO] 
[INFO] --- maven-resources-plugin:2.6:resources (default-resources) @ blueflood-udp ---
[INFO] Using 'UTF-8' encoding to copy filtered resources.
[INFO] skip non existing resourceDirectory /home/travis/build/passed/rackerlabs/blueflood/blueflood-udp/src/main/resources
[INFO] 
[INFO] --- maven-compiler-plugin:3.1:compile (default-compile) @ blueflood-udp ---
[INFO] Changes detected - recompiling the module!
[INFO] Compiling 7 source files to /home/travis/build/passed/rackerlabs/blueflood/blueflood-udp/target/classes
[WARNING] /home/travis/build/passed/rackerlabs/blueflood/blueflood-udp/src/main/java/com/rackspacecloud/blueflood/service/udp/functions/SimpleMetricWriter.java: /home/travis/build/passed/rackerlabs/blueflood/blueflood-udp/src/main/java/com/rackspacecloud/blueflood/service/udp/functions/SimpleMetricWriter.java uses unchecked or unsafe operations.
[WARNING] /home/travis/build/passed/rackerlabs/blueflood/blueflood-udp/src/main/java/com/rackspacecloud/blueflood/service/udp/functions/SimpleMetricWriter.java: Recompile with -Xlint:unchecked for details.
[INFO] 
[INFO] --- maven-resources-plugin:2.6:testResources (default-testResources) @ blueflood-udp ---
[INFO] Not copying test resources
[INFO] 
[INFO] --- build-helper-maven-plugin:1.8:reserve-network-port (reserve-network-port) @ blueflood-udp ---
[INFO] Reserved port 36023 for cassandra.rpcPort
[INFO] Reserved port 46147 for cassandra.jmxPort
[INFO] Reserved port 45687 for cassandra.storagePort
[INFO] Reserved port 39885 for cassandra.stopPort
[INFO] 
[INFO] --- maven-compiler-plugin:3.1:testCompile (default-testCompile) @ blueflood-udp ---
[INFO] Not compiling test sources
[INFO] 
[INFO] --- maven-surefire-plugin:2.12.4:test (default-test) @ blueflood-udp ---
[INFO] Tests are skipped.
[INFO] 
[INFO] --- maven-jar-plugin:2.2:jar (default-jar) @ blueflood-udp ---
[INFO] Building jar: /home/travis/build/passed/rackerlabs/blueflood/blueflood-udp/target/blueflood-udp-2.0.0-SNAPSHOT.jar
[INFO] 
[INFO] --- maven-source-plugin:2.2.1:jar-no-fork (attach-sources) @ blueflood-udp ---
[INFO] Building jar: /home/travis/build/passed/rackerlabs/blueflood/blueflood-udp/target/blueflood-udp-2.0.0-SNAPSHOT-sources.jar
[INFO] 
[INFO] --- maven-javadoc-plugin:2.9.1:jar (attach-javadocs) @ blueflood-udp ---
[INFO] Skipping javadoc generation
[INFO] 
[INFO] --- maven-jar-plugin:2.2:test-jar (default) @ blueflood-udp ---
[INFO] Skipping packaging of the test-jar
[INFO] 
[INFO] --- jacoco-maven-plugin:0.7.2.201409121644:prepare-agent-integration (prepare-it-agent) @ blueflood-udp ---
[INFO] jacoco.agent.it.argLine set to -javaagent:/home/travis/.m2/repository/org/jacoco/org.jacoco.agent/0.7.2.201409121644/org.jacoco.agent-0.7.2.201409121644-runtime.jar=destfile=/home/travis/build/passed/rackerlabs/blueflood/blueflood-udp/target/jacoco-it.exec
[INFO] 
[INFO] --- cassandra-maven-plugin:2.0.0-1:delete (delete-cassandra) @ blueflood-udp ---
[INFO] Skipping cassandra: cassandra.skip==true
[INFO] 
[INFO] --- cassandra-maven-plugin:2.0.0-1:start (default) @ blueflood-udp ---
[INFO] Skipping cassandra: cassandra.skip==true
[INFO] 
[INFO] --- cassandra-maven-plugin:2.0.0-1:stop (default) @ blueflood-udp ---
[INFO] Skipping cassandra: cassandra.skip==true
[INFO] 
[INFO] --- maven-install-plugin:2.4:install (default-install) @ blueflood-udp ---
[INFO] Installing /home/travis/build/passed/rackerlabs/blueflood/blueflood-udp/target/blueflood-udp-2.0.0-SNAPSHOT.jar to /home/travis/.m2/repository/com/rackspacecloud/blueflood-udp/2.0.0-SNAPSHOT/blueflood-udp-2.0.0-SNAPSHOT.jar
[INFO] Installing /home/travis/build/passed/rackerlabs/blueflood/blueflood-udp/pom.xml to /home/travis/.m2/repository/com/rackspacecloud/blueflood-udp/2.0.0-SNAPSHOT/blueflood-udp-2.0.0-SNAPSHOT.pom
[INFO] Installing /home/travis/build/passed/rackerlabs/blueflood/blueflood-udp/target/blueflood-udp-2.0.0-SNAPSHOT-sources.jar to /home/travis/.m2/repository/com/rackspacecloud/blueflood-udp/2.0.0-SNAPSHOT/blueflood-udp-2.0.0-SNAPSHOT-sources.jar
[INFO] 
[INFO] --- maven-dependency-plugin:2.8:resolve (default-cli) @ blueflood-udp ---
[INFO] 
[INFO] The following files have been resolved:
[INFO]    org.clojure:clojure:jar:1.5.1:compile
[INFO]    org.mortbay.jetty:servlet-api:jar:2.5-20081211:compile
[INFO]    com.google.protobuf:protobuf-java:jar:2.5.0:compile
[INFO]    com.codahale.metrics:metrics-core:jar:3.0.1:compile
[INFO]    org.antlr:antlr-runtime:jar:3.2:compile
[INFO]    org.hamcrest:hamcrest-core:jar:1.1:compile
[INFO]    com.rackspacecloud:blueflood-core:jar:2.0.0-SNAPSHOT:compile
[INFO]    bigml:histogram:jar:3.2.1:compile
[INFO]    stax:stax-api:jar:1.0.1:compile
[INFO]    com.googlecode.json-simple:json-simple:jar:1.1:compile
[INFO]    com.yammer.metrics:metrics-core:jar:2.1.2:compile
[INFO]    commons-logging:commons-logging:jar:1.1.1:compile
[INFO]    com.codahale.metrics:metrics-log4j:jar:3.0.1:compile
[INFO]    com.netflix.astyanax:astyanax-core:jar:1.56.34:compile
[INFO]    org.apache.zookeeper:zookeeper:jar:3.4.5:compile
[INFO]    org.apache.servicemix.bundles:org.apache.servicemix.bundles.commons-csv:jar:1.0-r706900_3:compile
[INFO]    org.apache.cassandra:cassandra-all:jar:1.2.2:compile
[INFO]    org.apache.thrift:libthrift:jar:0.7.0:compile
[INFO]    org.mortbay.jetty:jetty-util:jar:6.1.22:compile
[INFO]    joda-time:joda-time:jar:1.6.2:compile
[INFO]    org.apache.cassandra:cassandra-thrift:jar:1.2.2:compile
[INFO]    junit:junit:jar:4.10:compile
[INFO]    org.codehaus.jettison:jettison:jar:1.2:compile
[INFO]    org.mindrot:jbcrypt:jar:0.3m:compile
[INFO]    org.apache.httpcomponents:httpclient:jar:4.0.1:compile
[INFO]    com.google.code.gson:gson:jar:2.2:compile
[INFO]    com.googlecode.concurrentlinkedhashmap:concurrentlinkedhashmap-lru:jar:1.3:compile
[INFO]    antlr:antlr:jar:2.7.7:compile
[INFO]    org.apache.curator:curator-client:jar:2.3.0:compile
[INFO]    org.codehaus.jackson:jackson-core-asl:jar:1.9.2:compile
[INFO]    commons-cli:commons-cli:jar:1.2:compile
[INFO]    org.apache.curator:curator-framework:jar:2.3.0:compile
[INFO]    com.codahale.metrics:metrics-jvm:jar:3.0.1:compile
[INFO]    org.codehaus.jackson:jackson-mapper-asl:jar:1.9.2:compile
[INFO]    io.netty:netty-all:jar:4.0.8.Final:compile
[INFO]    commons-codec:commons-codec:jar:1.5:compile
[INFO]    com.ning:compress-lzf:jar:0.8.4:compile
[INFO]    com.github.stephenc.high-scale-lib:high-scale-lib:jar:1.1.2:compile
[INFO]    log4j:log4j:jar:1.2.16:compile
[INFO]    org.apache.cassandra.deps:avro:jar:1.4.0-cassandra-1:compile
[INFO]    org.slf4j:slf4j-log4j12:jar:1.7.6:compile
[INFO]    com.netflix.astyanax:astyanax-recipes:jar:1.56.34:compile
[INFO]    org.slf4j:slf4j-api:jar:1.6.4:compile
[INFO]    org.antlr:antlr:jar:3.2:compile
[INFO]    commons-lang:commons-lang:jar:2.4:compile
[INFO]    org.jboss.netty:netty:jar:3.2.4.Final:compile
[INFO]    javax.servlet:servlet-api:jar:2.5:compile
[INFO]    org.apache.curator:curator-recipes:jar:2.3.0:compile
[INFO]    com.codahale.metrics:metrics-graphite:jar:3.0.1:compile
[INFO]    io.netty:netty:jar:3.6.1.Final:compile
[INFO]    com.netflix.astyanax:astyanax-thrift:jar:1.56.34:compile
[INFO]    org.apache.httpcomponents:httpcore:jar:4.0.1:compile
[INFO]    jline:jline:jar:1.0:compile
[INFO]    org.antlr:stringtemplate:jar:3.2:compile
[INFO]    edu.stanford.ppl:snaptree:jar:0.1:compile
[INFO]    com.netflix.astyanax:astyanax-cassandra:jar:1.56.34:compile
[INFO]    net.jpountz.lz4:lz4:jar:1.1.0:compile
[INFO]    com.aphyr:riemann-java-client:jar:0.2.9:compile
[INFO]    com.github.stephenc:jamm:jar:0.2.5:compile
[INFO]    com.google.guava:guava:jar:15.0:compile
[INFO]    org.mortbay.jetty:jetty:jar:6.1.22:compile
[INFO]    org.xerial.snappy:snappy-java:jar:1.0.4.1:compile
[INFO]    org.mockito:mockito-all:jar:1.8.5:compile
[INFO]    org.yaml:snakeyaml:jar:1.6:compile
[INFO]    com.eaio.uuid:uuid:jar:3.2:compile
[INFO] 
[INFO]                                                                         
[INFO] ------------------------------------------------------------------------
[INFO] Building Blueflood Elasticsearch Indexer and Discovery 2.0.0-SNAPSHOT
[INFO] ------------------------------------------------------------------------
[INFO] 
[INFO] --- maven-enforcer-plugin:1.0:enforce (enforce-maven) @ blueflood-elasticsearch ---
[INFO] 
[INFO] --- jacoco-maven-plugin:0.7.2.201409121644:prepare-agent (prepare-agent) @ blueflood-elasticsearch ---
[INFO] argLine set to -javaagent:/home/travis/.m2/repository/org/jacoco/org.jacoco.agent/0.7.2.201409121644/org.jacoco.agent-0.7.2.201409121644-runtime.jar=destfile=/home/travis/build/passed/rackerlabs/blueflood/blueflood-elasticsearch/target/jacoco.exec
[INFO] 
[INFO] --- maven-resources-plugin:2.6:resources (default-resources) @ blueflood-elasticsearch ---
[INFO] Using 'UTF-8' encoding to copy filtered resources.
[INFO] Copying 4 resources
[INFO] 
[INFO] --- maven-compiler-plugin:3.1:compile (default-compile) @ blueflood-elasticsearch ---
[INFO] Changes detected - recompiling the module!
[INFO] Compiling 5 source files to /home/travis/build/passed/rackerlabs/blueflood/blueflood-elasticsearch/target/classes
[INFO] 
[INFO] --- maven-resources-plugin:2.6:testResources (default-testResources) @ blueflood-elasticsearch ---
[INFO] Not copying test resources
[INFO] 
[INFO] --- build-helper-maven-plugin:1.8:reserve-network-port (reserve-network-port) @ blueflood-elasticsearch ---
[INFO] Reserved port 43333 for cassandra.rpcPort
[INFO] Reserved port 33141 for cassandra.jmxPort
[INFO] Reserved port 34821 for cassandra.storagePort
[INFO] Reserved port 37833 for cassandra.stopPort
[INFO] 
[INFO] --- maven-compiler-plugin:3.1:testCompile (default-testCompile) @ blueflood-elasticsearch ---
[INFO] Not compiling test sources
[INFO] 
[INFO] --- maven-surefire-plugin:2.12.4:test (default-test) @ blueflood-elasticsearch ---
[INFO] Tests are skipped.
[INFO] 
[INFO] --- maven-jar-plugin:2.2:jar (default-jar) @ blueflood-elasticsearch ---
[INFO] Building jar: /home/travis/build/passed/rackerlabs/blueflood/blueflood-elasticsearch/target/blueflood-elasticsearch-2.0.0-SNAPSHOT.jar
[INFO] 
[INFO] --- maven-source-plugin:2.2.1:jar-no-fork (attach-sources) @ blueflood-elasticsearch ---
[INFO] Building jar: /home/travis/build/passed/rackerlabs/blueflood/blueflood-elasticsearch/target/blueflood-elasticsearch-2.0.0-SNAPSHOT-sources.jar
[INFO] 
[INFO] --- maven-javadoc-plugin:2.9.1:jar (attach-javadocs) @ blueflood-elasticsearch ---
[INFO] Skipping javadoc generation
[INFO] 
[INFO] --- maven-jar-plugin:2.2:test-jar (default) @ blueflood-elasticsearch ---
[INFO] Skipping packaging of the test-jar
[INFO] 
[INFO] --- jacoco-maven-plugin:0.7.2.201409121644:prepare-agent-integration (prepare-it-agent) @ blueflood-elasticsearch ---
[INFO] jacoco.agent.it.argLine set to -javaagent:/home/travis/.m2/repository/org/jacoco/org.jacoco.agent/0.7.2.201409121644/org.jacoco.agent-0.7.2.201409121644-runtime.jar=destfile=/home/travis/build/passed/rackerlabs/blueflood/blueflood-elasticsearch/target/jacoco-it.exec
[INFO] 
[INFO] --- cassandra-maven-plugin:2.0.0-1:delete (delete-cassandra) @ blueflood-elasticsearch ---
[INFO] Skipping cassandra: cassandra.skip==true
[INFO] 
[INFO] --- cassandra-maven-plugin:2.0.0-1:start (default) @ blueflood-elasticsearch ---
[INFO] Skipping cassandra: cassandra.skip==true
[INFO] 
[INFO] --- cassandra-maven-plugin:2.0.0-1:stop (default) @ blueflood-elasticsearch ---
[INFO] Skipping cassandra: cassandra.skip==true
[INFO] 
[INFO] --- maven-install-plugin:2.4:install (default-install) @ blueflood-elasticsearch ---
[INFO] Installing /home/travis/build/passed/rackerlabs/blueflood/blueflood-elasticsearch/target/blueflood-elasticsearch-2.0.0-SNAPSHOT.jar to /home/travis/.m2/repository/com/rackspacecloud/blueflood-elasticsearch/2.0.0-SNAPSHOT/blueflood-elasticsearch-2.0.0-SNAPSHOT.jar
[INFO] Installing /home/travis/build/passed/rackerlabs/blueflood/blueflood-elasticsearch/pom.xml to /home/travis/.m2/repository/com/rackspacecloud/blueflood-elasticsearch/2.0.0-SNAPSHOT/blueflood-elasticsearch-2.0.0-SNAPSHOT.pom
[INFO] Installing /home/travis/build/passed/rackerlabs/blueflood/blueflood-elasticsearch/target/blueflood-elasticsearch-2.0.0-SNAPSHOT-sources.jar to /home/travis/.m2/repository/com/rackspacecloud/blueflood-elasticsearch/2.0.0-SNAPSHOT/blueflood-elasticsearch-2.0.0-SNAPSHOT-sources.jar
[INFO] 
[INFO] --- maven-dependency-plugin:2.8:resolve (default-cli) @ blueflood-elasticsearch ---
[INFO] 
[INFO] The following files have been resolved:
[INFO]    org.clojure:clojure:jar:1.5.1:compile
[INFO]    org.mortbay.jetty:servlet-api:jar:2.5-20081211:compile
[INFO]    org.apache.lucene:lucene-queryparser:jar:4.10.4:compile
[INFO]    com.google.protobuf:protobuf-java:jar:2.5.0:compile
[INFO]    com.codahale.metrics:metrics-core:jar:3.0.1:compile
[INFO]    org.hamcrest:hamcrest-core:jar:1.1:test
[INFO]    com.rackspacecloud:blueflood-core:jar:2.0.0-SNAPSHOT:compile
[INFO]    bigml:histogram:jar:3.2.1:compile
[INFO]    stax:stax-api:jar:1.0.1:compile
[INFO]    org.yaml:snakeyaml:jar:1.12:compile
[INFO]    org.apache.lucene:lucene-highlighter:jar:4.10.4:compile
[INFO]    org.apache.lucene:lucene-queries:jar:4.10.4:compile
[INFO]    com.googlecode.json-simple:json-simple:jar:1.1:compile
[INFO]    com.yammer.metrics:metrics-core:jar:2.1.2:compile
[INFO]    commons-logging:commons-logging:jar:1.1.1:compile
[INFO]    org.elasticsearch:elasticsearch:jar:1.7.1:compile
[INFO]    com.codahale.metrics:metrics-log4j:jar:3.0.1:compile
[INFO]    com.netflix.astyanax:astyanax-core:jar:1.56.34:compile
[INFO]    org.apache.zookeeper:zookeeper:jar:3.4.5:compile
[INFO]    org.apache.servicemix.bundles:org.apache.servicemix.bundles.commons-csv:jar:1.0-r706900_3:compile
[INFO]    org.apache.lucene:lucene-join:jar:4.10.4:compile
[INFO]    org.apache.cassandra:cassandra-all:jar:1.2.2:compile
[INFO]    org.apache.lucene:lucene-memory:jar:4.10.4:compile
[INFO]    org.apache.thrift:libthrift:jar:0.7.0:compile
[INFO]    org.apache.lucene:lucene-analyzers-common:jar:4.10.4:compile
[INFO]    org.mortbay.jetty:jetty-util:jar:6.1.22:compile
[INFO]    joda-time:joda-time:jar:1.6.2:compile
[INFO]    org.apache.cassandra:cassandra-thrift:jar:1.2.2:compile
[INFO]    junit:junit:jar:4.10:test
[INFO]    org.codehaus.jettison:jettison:jar:1.2:compile
[INFO]    org.mindrot:jbcrypt:jar:0.3m:compile
[INFO]    org.apache.httpcomponents:httpclient:jar:4.0.1:compile
[INFO]    com.google.code.gson:gson:jar:2.2:compile
[INFO]    org.apache.lucene:lucene-sandbox:jar:4.10.4:compile
[INFO]    com.googlecode.concurrentlinkedhashmap:concurrentlinkedhashmap-lru:jar:1.3:compile
[INFO]    org.apache.curator:curator-client:jar:2.3.0:compile
[INFO]    org.apache.lucene:lucene-spatial:jar:4.10.4:compile
[INFO]    org.codehaus.jackson:jackson-core-asl:jar:1.9.2:compile
[INFO]    commons-cli:commons-cli:jar:1.2:compile
[INFO]    org.apache.curator:curator-framework:jar:2.3.0:compile
[INFO]    com.codahale.metrics:metrics-jvm:jar:3.0.1:compile
[INFO]    org.codehaus.jackson:jackson-mapper-asl:jar:1.9.2:compile
[INFO]    org.ow2.asm:asm-commons:jar:4.1:compile
[INFO]    commons-codec:commons-codec:jar:1.5:compile
[INFO]    org.slf4j:slf4j-api:jar:1.7.5:compile
[INFO]    com.ning:compress-lzf:jar:0.8.4:compile
[INFO]    com.github.stephenc.high-scale-lib:high-scale-lib:jar:1.1.2:compile
[INFO]    com.spatial4j:spatial4j:jar:0.4.1:compile
[INFO]    log4j:log4j:jar:1.2.16:compile
[INFO]    org.apache.cassandra.deps:avro:jar:1.4.0-cassandra-1:compile
[INFO]    org.slf4j:slf4j-log4j12:jar:1.7.6:compile
[INFO]    com.netflix.astyanax:astyanax-recipes:jar:1.56.34:compile
[INFO]    org.apache.lucene:lucene-suggest:jar:4.10.4:compile
[INFO]    org.antlr:antlr:jar:3.2:compile
[INFO]    commons-lang:commons-lang:jar:2.4:compile
[INFO]    org.jboss.netty:netty:jar:3.2.4.Final:compile
[INFO]    javax.servlet:servlet-api:jar:2.5:compile
[INFO]    org.apache.curator:curator-recipes:jar:2.3.0:compile
[INFO]    com.codahale.metrics:metrics-graphite:jar:3.0.1:compile
[INFO]    org.ow2.asm:asm:jar:4.1:compile
[INFO]    io.netty:netty:jar:3.6.1.Final:compile
[INFO]    com.netflix.astyanax:astyanax-thrift:jar:1.56.34:compile
[INFO]    org.apache.httpcomponents:httpcore:jar:4.0.1:compile
[INFO]    jline:jline:jar:1.0:compile
[INFO]    org.apache.lucene:lucene-core:jar:4.10.4:compile
[INFO]    edu.stanford.ppl:snaptree:jar:0.1:compile
[INFO]    com.netflix.astyanax:astyanax-cassandra:jar:1.56.34:compile
[INFO]    net.jpountz.lz4:lz4:jar:1.1.0:compile
[INFO]    com.aphyr:riemann-java-client:jar:0.2.9:compile
[INFO]    com.github.stephenc:jamm:jar:0.2.5:compile
[INFO]    com.google.guava:guava:jar:15.0:compile
[INFO]    com.github.tlrx:elasticsearch-test:jar:1.2.1:test
[INFO]    org.mortbay.jetty:jetty:jar:6.1.22:compile
[INFO]    org.apache.lucene:lucene-misc:jar:4.10.4:compile
[INFO]    org.xerial.snappy:snappy-java:jar:1.0.4.1:compile
[INFO]    org.antlr:antlr-runtime:jar:3.5:compile
[INFO]    org.mockito:mockito-all:jar:1.8.5:compile
[INFO]    org.apache.lucene:lucene-grouping:jar:4.10.4:compile
[INFO]    com.eaio.uuid:uuid:jar:3.2:compile
[INFO] 
[INFO]                                                                         
[INFO] ------------------------------------------------------------------------
[INFO] Building Blueflood HTTP Ingestion and Querying 2.0.0-SNAPSHOT
[INFO] ------------------------------------------------------------------------
[INFO] 
[INFO] --- maven-enforcer-plugin:1.0:enforce (enforce-maven) @ blueflood-http ---
[INFO] 
[INFO] --- jacoco-maven-plugin:0.7.2.201409121644:prepare-agent (prepare-agent) @ blueflood-http ---
[INFO] argLine set to -javaagent:/home/travis/.m2/repository/org/jacoco/org.jacoco.agent/0.7.2.201409121644/org.jacoco.agent-0.7.2.201409121644-runtime.jar=destfile=/home/travis/build/passed/rackerlabs/blueflood/blueflood-http/target/jacoco.exec
[INFO] 
[INFO] --- maven-resources-plugin:2.6:resources (default-resources) @ blueflood-http ---
[INFO] Using 'UTF-8' encoding to copy filtered resources.
[INFO] skip non existing resourceDirectory /home/travis/build/passed/rackerlabs/blueflood/blueflood-http/src/main/resources
[INFO] 
[INFO] --- maven-compiler-plugin:3.1:compile (default-compile) @ blueflood-http ---
[INFO] Changes detected - recompiling the module!
[INFO] Compiling 37 source files to /home/travis/build/passed/rackerlabs/blueflood/blueflood-http/target/classes
[WARNING] /home/travis/build/passed/rackerlabs/blueflood/blueflood-http/src/main/java/com/rackspacecloud/blueflood/inputs/handlers/HttpEventsIngestionHandler.java: Some input files use unchecked or unsafe operations.
[WARNING] /home/travis/build/passed/rackerlabs/blueflood/blueflood-http/src/main/java/com/rackspacecloud/blueflood/inputs/handlers/HttpEventsIngestionHandler.java: Recompile with -Xlint:unchecked for details.
[INFO] 
[INFO] --- build-helper-maven-plugin:1.8:add-test-source (add-integration-test-sources) @ blueflood-http ---
[INFO] Test Source directory: /home/travis/build/passed/rackerlabs/blueflood/blueflood-http/src/integration-test/java added.
[INFO] 
[INFO] --- maven-resources-plugin:2.6:testResources (default-testResources) @ blueflood-http ---
[INFO] Not copying test resources
[INFO] 
[INFO] --- build-helper-maven-plugin:1.8:reserve-network-port (reserve-network-port) @ blueflood-http ---
[INFO] Reserved port 44403 for cassandra.rpcPort
[INFO] Reserved port 39821 for cassandra.jmxPort
[INFO] Reserved port 38003 for cassandra.storagePort
[INFO] Reserved port 35949 for cassandra.stopPort
[INFO] 
[INFO] --- maven-compiler-plugin:3.1:testCompile (default-testCompile) @ blueflood-http ---
[INFO] Not compiling test sources
[INFO] 
[INFO] --- maven-surefire-plugin:2.14.1:test (default-test) @ blueflood-http ---
[INFO] Tests are skipped.
[INFO] 
[INFO] --- maven-jar-plugin:2.2:jar (default-jar) @ blueflood-http ---
[INFO] Building jar: /home/travis/build/passed/rackerlabs/blueflood/blueflood-http/target/blueflood-http-2.0.0-SNAPSHOT.jar
[INFO] 
[INFO] --- maven-source-plugin:2.2.1:jar-no-fork (attach-sources) @ blueflood-http ---
[INFO] Building jar: /home/travis/build/passed/rackerlabs/blueflood/blueflood-http/target/blueflood-http-2.0.0-SNAPSHOT-sources.jar
[INFO] 
[INFO] --- maven-javadoc-plugin:2.9.1:jar (attach-javadocs) @ blueflood-http ---
[INFO] Skipping javadoc generation
[INFO] 
[INFO] --- maven-jar-plugin:2.2:test-jar (default) @ blueflood-http ---
[INFO] Skipping packaging of the test-jar
[INFO] 
[INFO] --- jacoco-maven-plugin:0.7.2.201409121644:prepare-agent-integration (prepare-it-agent) @ blueflood-http ---
[INFO] jacoco.agent.it.argLine set to -javaagent:/home/travis/.m2/repository/org/jacoco/org.jacoco.agent/0.7.2.201409121644/org.jacoco.agent-0.7.2.201409121644-runtime.jar=destfile=/home/travis/build/passed/rackerlabs/blueflood/blueflood-http/target/jacoco-it.exec
[INFO] 
[INFO] --- cassandra-maven-plugin:2.0.0-1:delete (delete-cassandra) @ blueflood-http ---
[INFO] Skipping cassandra: cassandra.skip==true
[INFO] 
[INFO] --- cassandra-maven-plugin:2.0.0-1:start (default) @ blueflood-http ---
[INFO] Skipping cassandra: cassandra.skip==true
[INFO] 
[INFO] --- maven-failsafe-plugin:2.15:integration-test (integration-tests) @ blueflood-http ---
[INFO] Tests are skipped.
[INFO] 
[INFO] --- cassandra-maven-plugin:2.0.0-1:stop (default) @ blueflood-http ---
[INFO] Skipping cassandra: cassandra.skip==true
[INFO] 
[INFO] --- maven-failsafe-plugin:2.15:verify (verify) @ blueflood-http ---
[INFO] Tests are skipped.
[INFO] 
[INFO] --- maven-install-plugin:2.4:install (default-install) @ blueflood-http ---
[INFO] Installing /home/travis/build/passed/rackerlabs/blueflood/blueflood-http/target/blueflood-http-2.0.0-SNAPSHOT.jar to /home/travis/.m2/repository/com/rackspacecloud/blueflood-http/2.0.0-SNAPSHOT/blueflood-http-2.0.0-SNAPSHOT.jar
[INFO] Installing /home/travis/build/passed/rackerlabs/blueflood/blueflood-http/pom.xml to /home/travis/.m2/repository/com/rackspacecloud/blueflood-http/2.0.0-SNAPSHOT/blueflood-http-2.0.0-SNAPSHOT.pom
[INFO] Installing /home/travis/build/passed/rackerlabs/blueflood/blueflood-http/target/blueflood-http-2.0.0-SNAPSHOT-sources.jar to /home/travis/.m2/repository/com/rackspacecloud/blueflood-http/2.0.0-SNAPSHOT/blueflood-http-2.0.0-SNAPSHOT-sources.jar
[INFO] 
[INFO] --- maven-dependency-plugin:2.8:resolve (default-cli) @ blueflood-http ---
[INFO] 
[INFO] The following files have been resolved:
[INFO]    org.mortbay.jetty:servlet-api:jar:2.5-20081211:compile
[INFO]    org.clojure:clojure:jar:1.5.1:compile
[INFO]    org.apache.lucene:lucene-queryparser:jar:4.10.4:compile
[INFO]    com.google.protobuf:protobuf-java:jar:2.5.0:compile
[INFO]    com.codahale.metrics:metrics-core:jar:3.0.1:compile
[INFO]    org.apache.httpcomponents:httpclient:jar:4.3.3:compile
[INFO]    org.hamcrest:hamcrest-core:jar:1.1:test
[INFO]    com.rackspacecloud:blueflood-core:jar:2.0.0-SNAPSHOT:compile
[INFO]    stax:stax-api:jar:1.0.1:compile
[INFO]    bigml:histogram:jar:3.2.1:compile
[INFO]    org.yaml:snakeyaml:jar:1.12:compile
[INFO]    org.apache.lucene:lucene-highlighter:jar:4.10.4:compile
[INFO]    org.apache.lucene:lucene-queries:jar:4.10.4:compile
[INFO]    com.yammer.metrics:metrics-core:jar:2.1.2:compile
[INFO]    com.googlecode.json-simple:json-simple:jar:1.1:compile
[INFO]    org.mockito:mockito-all:jar:1.8.4:test
[INFO]    org.elasticsearch:elasticsearch:jar:1.7.1:compile
[INFO]    com.codahale.metrics:metrics-log4j:jar:3.0.1:compile
[INFO]    com.netflix.astyanax:astyanax-core:jar:1.56.34:compile
[INFO]    org.apache.zookeeper:zookeeper:jar:3.4.5:compile
[INFO]    org.apache.servicemix.bundles:org.apache.servicemix.bundles.commons-csv:jar:1.0-r706900_3:compile
[INFO]    org.apache.lucene:lucene-join:jar:4.10.4:compile
[INFO]    org.apache.cassandra:cassandra-all:jar:1.2.2:compile
[INFO]    org.apache.lucene:lucene-memory:jar:4.10.4:compile
[INFO]    org.apache.thrift:libthrift:jar:0.7.0:compile
[INFO]    org.apache.lucene:lucene-analyzers-common:jar:4.10.4:compile
[INFO]    org.mortbay.jetty:jetty-util:jar:6.1.22:compile
[INFO]    joda-time:joda-time:jar:1.6.2:compile
[INFO]    org.slf4j:slf4j-api:jar:1.7.6:compile
[INFO]    org.apache.cassandra:cassandra-thrift:jar:1.2.2:compile
[INFO]    junit:junit:jar:4.10:test
[INFO]    org.codehaus.jettison:jettison:jar:1.2:compile
[INFO]    org.mindrot:jbcrypt:jar:0.3m:compile
[INFO]    com.google.code.gson:gson:jar:2.2:compile
[INFO]    commons-logging:commons-logging:jar:1.1.3:compile
[INFO]    org.apache.lucene:lucene-sandbox:jar:4.10.4:compile
[INFO]    com.googlecode.concurrentlinkedhashmap:concurrentlinkedhashmap-lru:jar:1.3:compile
[INFO]    org.apache.curator:curator-client:jar:2.3.0:compile
[INFO]    org.apache.lucene:lucene-spatial:jar:4.10.4:compile
[INFO]    org.codehaus.jackson:jackson-core-asl:jar:1.9.2:compile
[INFO]    commons-cli:commons-cli:jar:1.2:compile
[INFO]    org.apache.curator:curator-framework:jar:2.3.0:compile
[INFO]    com.codahale.metrics:metrics-jvm:jar:3.0.1:compile
[INFO]    org.codehaus.jackson:jackson-mapper-asl:jar:1.9.2:compile
[INFO]    io.netty:netty-all:jar:4.0.8.Final:compile
[INFO]    org.ow2.asm:asm-commons:jar:4.1:compile
[INFO]    com.ning:compress-lzf:jar:0.8.4:compile
[INFO]    com.github.stephenc.high-scale-lib:high-scale-lib:jar:1.1.2:compile
[INFO]    log4j:log4j:jar:1.2.16:compile
[INFO]    com.spatial4j:spatial4j:jar:0.4.1:compile
[INFO]    org.apache.cassandra.deps:avro:jar:1.4.0-cassandra-1:compile
[INFO]    org.slf4j:slf4j-log4j12:jar:1.7.6:compile
[INFO]    com.netflix.astyanax:astyanax-recipes:jar:1.56.34:compile
[INFO]    org.apache.httpcomponents:httpcore:jar:4.3.2:compile
[INFO]    org.apache.lucene:lucene-suggest:jar:4.10.4:compile
[INFO]    org.antlr:antlr:jar:3.2:compile
[INFO]    commons-lang:commons-lang:jar:2.4:compile
[INFO]    org.jboss.netty:netty:jar:3.2.4.Final:compile
[INFO]    javax.servlet:servlet-api:jar:2.5:compile
[INFO]    org.apache.curator:curator-recipes:jar:2.3.0:compile
[INFO]    com.rackspacecloud:blueflood-elasticsearch:jar:2.0.0-SNAPSHOT:compile
[INFO]    com.codahale.metrics:metrics-graphite:jar:3.0.1:compile
[INFO]    org.ow2.asm:asm:jar:4.1:compile
[INFO]    io.netty:netty:jar:3.6.1.Final:compile
[INFO]    com.netflix.astyanax:astyanax-thrift:jar:1.56.34:compile
[INFO]    jline:jline:jar:1.0:compile
[INFO]    org.apache.lucene:lucene-core:jar:4.10.4:compile
[INFO]    edu.stanford.ppl:snaptree:jar:0.1:compile
[INFO]    com.netflix.astyanax:astyanax-cassandra:jar:1.56.34:compile
[INFO]    net.jpountz.lz4:lz4:jar:1.1.0:compile
[INFO]    com.aphyr:riemann-java-client:jar:0.2.9:compile
[INFO]    com.github.stephenc:jamm:jar:0.2.5:compile
[INFO]    com.google.guava:guava:jar:15.0:compile
[INFO]    com.github.tlrx:elasticsearch-test:jar:1.2.1:test
[INFO]    org.mortbay.jetty:jetty:jar:6.1.22:compile
[INFO]    org.apache.lucene:lucene-misc:jar:4.10.4:compile
[INFO]    org.xerial.snappy:snappy-java:jar:1.0.4.1:compile
[INFO]    org.antlr:antlr-runtime:jar:3.5:compile
[INFO]    org.apache.lucene:lucene-grouping:jar:4.10.4:compile
[INFO]    commons-codec:commons-codec:jar:1.6:compile
[INFO]    com.eaio.uuid:uuid:jar:3.2:compile
[INFO] 
[INFO]                                                                         
[INFO] ------------------------------------------------------------------------
[INFO] Building Blueflood Rollup Kafka Producer 2.0.0-SNAPSHOT
[INFO] ------------------------------------------------------------------------
[INFO] 
[INFO] --- maven-enforcer-plugin:1.0:enforce (enforce-maven) @ blueflood-kafka ---
[INFO] 
[INFO] --- jacoco-maven-plugin:0.7.2.201409121644:prepare-agent (prepare-agent) @ blueflood-kafka ---
[INFO] argLine set to -javaagent:/home/travis/.m2/repository/org/jacoco/org.jacoco.agent/0.7.2.201409121644/org.jacoco.agent-0.7.2.201409121644-runtime.jar=destfile=/home/travis/build/passed/rackerlabs/blueflood/blueflood-kafka/target/jacoco.exec
[INFO] 
[INFO] --- maven-resources-plugin:2.6:resources (default-resources) @ blueflood-kafka ---
[INFO] Using 'UTF-8' encoding to copy filtered resources.
[INFO] skip non existing resourceDirectory /home/travis/build/passed/rackerlabs/blueflood/blueflood-kafka/src/main/resources
[INFO] 
[INFO] --- maven-compiler-plugin:3.1:compile (default-compile) @ blueflood-kafka ---
[INFO] Changes detected - recompiling the module!
[INFO] Compiling 6 source files to /home/travis/build/passed/rackerlabs/blueflood/blueflood-kafka/target/classes
[WARNING] /home/travis/build/passed/rackerlabs/blueflood/blueflood-kafka/src/main/java/com/rackspacecloud/blueflood/outputs/handlers/helpers/KafkaProducerWork.java: /home/travis/build/passed/rackerlabs/blueflood/blueflood-kafka/src/main/java/com/rackspacecloud/blueflood/outputs/handlers/helpers/KafkaProducerWork.java uses unchecked or unsafe operations.
[WARNING] /home/travis/build/passed/rackerlabs/blueflood/blueflood-kafka/src/main/java/com/rackspacecloud/blueflood/outputs/handlers/helpers/KafkaProducerWork.java: Recompile with -Xlint:unchecked for details.
[INFO] 
[INFO] --- maven-resources-plugin:2.6:testResources (default-testResources) @ blueflood-kafka ---
[INFO] Not copying test resources
[INFO] 
[INFO] --- build-helper-maven-plugin:1.8:reserve-network-port (reserve-network-port) @ blueflood-kafka ---
[INFO] Reserved port 33569 for cassandra.rpcPort
[INFO] Reserved port 43891 for cassandra.jmxPort
[INFO] Reserved port 46723 for cassandra.storagePort
[INFO] Reserved port 39649 for cassandra.stopPort
[INFO] 
[INFO] --- maven-compiler-plugin:3.1:testCompile (default-testCompile) @ blueflood-kafka ---
[INFO] Not compiling test sources
[INFO] 
[INFO] --- maven-surefire-plugin:2.14.1:test (default-test) @ blueflood-kafka ---
[INFO] Tests are skipped.
[INFO] 
[INFO] --- maven-jar-plugin:2.2:jar (default-jar) @ blueflood-kafka ---
[INFO] Building jar: /home/travis/build/passed/rackerlabs/blueflood/blueflood-kafka/target/blueflood-kafka-2.0.0-SNAPSHOT.jar
[INFO] 
[INFO] --- maven-source-plugin:2.2.1:jar-no-fork (attach-sources) @ blueflood-kafka ---
[INFO] Building jar: /home/travis/build/passed/rackerlabs/blueflood/blueflood-kafka/target/blueflood-kafka-2.0.0-SNAPSHOT-sources.jar
[INFO] 
[INFO] --- maven-javadoc-plugin:2.9.1:jar (attach-javadocs) @ blueflood-kafka ---
[INFO] Skipping javadoc generation
[INFO] 
[INFO] --- maven-jar-plugin:2.2:test-jar (default) @ blueflood-kafka ---
[INFO] Skipping packaging of the test-jar
[INFO] 
[INFO] --- jacoco-maven-plugin:0.7.2.201409121644:prepare-agent-integration (prepare-it-agent) @ blueflood-kafka ---
[INFO] jacoco.agent.it.argLine set to -javaagent:/home/travis/.m2/repository/org/jacoco/org.jacoco.agent/0.7.2.201409121644/org.jacoco.agent-0.7.2.201409121644-runtime.jar=destfile=/home/travis/build/passed/rackerlabs/blueflood/blueflood-kafka/target/jacoco-it.exec
[INFO] 
[INFO] --- cassandra-maven-plugin:2.0.0-1:delete (delete-cassandra) @ blueflood-kafka ---
[INFO] Skipping cassandra: cassandra.skip==true
[INFO] 
[INFO] --- cassandra-maven-plugin:2.0.0-1:start (default) @ blueflood-kafka ---
[INFO] Skipping cassandra: cassandra.skip==true
[INFO] 
[INFO] --- cassandra-maven-plugin:2.0.0-1:stop (default) @ blueflood-kafka ---
[INFO] Skipping cassandra: cassandra.skip==true
[INFO] 
[INFO] --- maven-install-plugin:2.4:install (default-install) @ blueflood-kafka ---
[INFO] Installing /home/travis/build/passed/rackerlabs/blueflood/blueflood-kafka/target/blueflood-kafka-2.0.0-SNAPSHOT.jar to /home/travis/.m2/repository/com/rackspacecloud/blueflood-kafka/2.0.0-SNAPSHOT/blueflood-kafka-2.0.0-SNAPSHOT.jar
[INFO] Installing /home/travis/build/passed/rackerlabs/blueflood/blueflood-kafka/pom.xml to /home/travis/.m2/repository/com/rackspacecloud/blueflood-kafka/2.0.0-SNAPSHOT/blueflood-kafka-2.0.0-SNAPSHOT.pom
[INFO] Installing /home/travis/build/passed/rackerlabs/blueflood/blueflood-kafka/target/blueflood-kafka-2.0.0-SNAPSHOT-sources.jar to /home/travis/.m2/repository/com/rackspacecloud/blueflood-kafka/2.0.0-SNAPSHOT/blueflood-kafka-2.0.0-SNAPSHOT-sources.jar
[INFO] 
[INFO] --- maven-dependency-plugin:2.8:resolve (default-cli) @ blueflood-kafka ---
[INFO] 
[INFO] The following files have been resolved:
[INFO]    org.clojure:clojure:jar:1.5.1:compile
[INFO]    org.mortbay.jetty:servlet-api:jar:2.5-20081211:compile
[INFO]    com.google.protobuf:protobuf-java:jar:2.5.0:compile
[INFO]    org.antlr:antlr-runtime:jar:3.2:compile
[INFO]    com.codahale.metrics:metrics-core:jar:3.0.1:compile
[INFO]    org.apache.zookeeper:zookeeper:jar:3.3.4:compile
[INFO]    org.hamcrest:hamcrest-core:jar:1.1:compile
[INFO]    com.rackspacecloud:blueflood-core:jar:2.0.0-SNAPSHOT:compile
[INFO]    net.sf.jopt-simple:jopt-simple:jar:3.2:compile
[INFO]    bigml:histogram:jar:3.2.1:compile
[INFO]    stax:stax-api:jar:1.0.1:compile
[INFO]    org.scala-lang:scala-reflect:jar:2.10.1:compile
[INFO]    com.googlecode.json-simple:json-simple:jar:1.1:compile
[INFO]    commons-logging:commons-logging:jar:1.1.1:compile
[INFO]    com.codahale.metrics:metrics-log4j:jar:3.0.1:compile
[INFO]    com.netflix.astyanax:astyanax-core:jar:1.56.34:compile
[INFO]    org.apache.servicemix.bundles:org.apache.servicemix.bundles.commons-csv:jar:1.0-r706900_3:compile
[INFO]    org.apache.cassandra:cassandra-all:jar:1.2.2:compile
[INFO]    jline:jline:jar:0.9.94:compile
[INFO]    org.apache.thrift:libthrift:jar:0.7.0:compile
[INFO]    org.mortbay.jetty:jetty-util:jar:6.1.22:compile
[INFO]    org.apache.kafka:kafka_2.10:jar:0.8.0:compile
[INFO]    joda-time:joda-time:jar:1.6.2:compile
[INFO]    org.apache.cassandra:cassandra-thrift:jar:1.2.2:compile
[INFO]    junit:junit:jar:4.10:compile
[INFO]    org.slf4j:slf4j-api:jar:1.7.2:compile
[INFO]    org.codehaus.jettison:jettison:jar:1.2:compile
[INFO]    com.yammer.metrics:metrics-annotation:jar:2.2.0:compile
[INFO]    org.mindrot:jbcrypt:jar:0.3m:compile
[INFO]    org.apache.httpcomponents:httpclient:jar:4.0.1:compile
[INFO]    com.google.code.gson:gson:jar:2.2:compile
[INFO]    com.googlecode.concurrentlinkedhashmap:concurrentlinkedhashmap-lru:jar:1.3:compile
[INFO]    antlr:antlr:jar:2.7.7:compile
[INFO]    org.apache.curator:curator-client:jar:2.3.0:compile
[INFO]    com.yammer.metrics:metrics-core:jar:2.2.0:compile
[INFO]    org.scala-lang:scala-compiler:jar:2.10.1:compile
[INFO]    org.codehaus.jackson:jackson-core-asl:jar:1.9.2:compile
[INFO]    commons-cli:commons-cli:jar:1.2:compile
[INFO]    org.apache.curator:curator-framework:jar:2.3.0:compile
[INFO]    com.codahale.metrics:metrics-jvm:jar:3.0.1:compile
[INFO]    org.codehaus.jackson:jackson-mapper-asl:jar:1.9.2:compile
[INFO]    commons-codec:commons-codec:jar:1.5:compile
[INFO]    com.ning:compress-lzf:jar:0.8.4:compile
[INFO]    com.github.stephenc.high-scale-lib:high-scale-lib:jar:1.1.2:compile
[INFO]    log4j:log4j:jar:1.2.16:compile
[INFO]    org.apache.cassandra.deps:avro:jar:1.4.0-cassandra-1:compile
[INFO]    org.slf4j:slf4j-log4j12:jar:1.7.6:compile
[INFO]    com.netflix.astyanax:astyanax-recipes:jar:1.56.34:compile
[INFO]    org.antlr:antlr:jar:3.2:compile
[INFO]    commons-lang:commons-lang:jar:2.4:compile
[INFO]    org.jboss.netty:netty:jar:3.2.4.Final:compile
[INFO]    javax.servlet:servlet-api:jar:2.5:compile
[INFO]    org.apache.curator:curator-recipes:jar:2.3.0:compile
[INFO]    com.codahale.metrics:metrics-graphite:jar:3.0.1:compile
[INFO]    io.netty:netty:jar:3.6.1.Final:compile
[INFO]    com.netflix.astyanax:astyanax-thrift:jar:1.56.34:compile
[INFO]    com.101tec:zkclient:jar:0.3:compile
[INFO]    org.apache.httpcomponents:httpcore:jar:4.0.1:compile
[INFO]    org.antlr:stringtemplate:jar:3.2:compile
[INFO]    edu.stanford.ppl:snaptree:jar:0.1:compile
[INFO]    org.scala-lang:scala-library:jar:2.10.1:compile
[INFO]    com.netflix.astyanax:astyanax-cassandra:jar:1.56.34:compile
[INFO]    com.yammer.metrics:metrics-graphite:jar:2.2.0:compile
[INFO]    net.jpountz.lz4:lz4:jar:1.1.0:compile
[INFO]    com.aphyr:riemann-java-client:jar:0.2.9:compile
[INFO]    com.github.stephenc:jamm:jar:0.2.5:compile
[INFO]    com.google.guava:guava:jar:15.0:compile
[INFO]    org.mortbay.jetty:jetty:jar:6.1.22:compile
[INFO]    org.xerial.snappy:snappy-java:jar:1.0.4.1:compile
[INFO]    org.mockito:mockito-all:jar:1.8.5:compile
[INFO]    org.yaml:snakeyaml:jar:1.6:compile
[INFO]    com.eaio.uuid:uuid:jar:3.2:compile
[INFO] 
[INFO]                                                                         
[INFO] ------------------------------------------------------------------------
[INFO] Building Blueflood Rollup Cloudfiles Exporter 2.0.0-SNAPSHOT
[INFO] ------------------------------------------------------------------------
[INFO] 
[INFO] --- maven-enforcer-plugin:1.0:enforce (enforce-maven) @ blueflood-cloudfiles ---
[INFO] 
[INFO] --- jacoco-maven-plugin:0.7.2.201409121644:prepare-agent (prepare-agent) @ blueflood-cloudfiles ---
[INFO] argLine set to -javaagent:/home/travis/.m2/repository/org/jacoco/org.jacoco.agent/0.7.2.201409121644/org.jacoco.agent-0.7.2.201409121644-runtime.jar=destfile=/home/travis/build/passed/rackerlabs/blueflood/blueflood-cloudfiles/target/jacoco.exec
[INFO] 
[INFO] --- maven-resources-plugin:2.6:resources (default-resources) @ blueflood-cloudfiles ---
[INFO] Using 'UTF-8' encoding to copy filtered resources.
[INFO] skip non existing resourceDirectory /home/travis/build/passed/rackerlabs/blueflood/blueflood-cloudfiles/src/main/resources
[INFO] 
[INFO] --- maven-compiler-plugin:3.1:compile (default-compile) @ blueflood-cloudfiles ---
[INFO] Changes detected - recompiling the module!
[INFO] Compiling 6 source files to /home/travis/build/passed/rackerlabs/blueflood/blueflood-cloudfiles/target/classes
[WARNING] /home/travis/build/passed/rackerlabs/blueflood/blueflood-cloudfiles/src/main/java/com/rackspacecloud/blueflood/outputs/cloudfiles/CloudFilesPublisher.java: /home/travis/build/passed/rackerlabs/blueflood/blueflood-cloudfiles/src/main/java/com/rackspacecloud/blueflood/outputs/cloudfiles/CloudFilesPublisher.java uses or overrides a deprecated API.
[WARNING] /home/travis/build/passed/rackerlabs/blueflood/blueflood-cloudfiles/src/main/java/com/rackspacecloud/blueflood/outputs/cloudfiles/CloudFilesPublisher.java: Recompile with -Xlint:deprecation for details.
[WARNING] /home/travis/build/passed/rackerlabs/blueflood/blueflood-cloudfiles/src/main/java/com/rackspacecloud/blueflood/outputs/cloudfiles/StorageManager.java: /home/travis/build/passed/rackerlabs/blueflood/blueflood-cloudfiles/src/main/java/com/rackspacecloud/blueflood/outputs/cloudfiles/StorageManager.java uses unchecked or unsafe operations.
[WARNING] /home/travis/build/passed/rackerlabs/blueflood/blueflood-cloudfiles/src/main/java/com/rackspacecloud/blueflood/outputs/cloudfiles/StorageManager.java: Recompile with -Xlint:unchecked for details.
[INFO] 
[INFO] --- maven-resources-plugin:2.6:testResources (default-testResources) @ blueflood-cloudfiles ---
[INFO] Not copying test resources
[INFO] 
[INFO] --- build-helper-maven-plugin:1.8:reserve-network-port (reserve-network-port) @ blueflood-cloudfiles ---
[INFO] Reserved port 46271 for cassandra.rpcPort
[INFO] Reserved port 42857 for cassandra.jmxPort
[INFO] Reserved port 39925 for cassandra.storagePort
[INFO] Reserved port 37679 for cassandra.stopPort
[INFO] 
[INFO] --- maven-compiler-plugin:3.1:testCompile (default-testCompile) @ blueflood-cloudfiles ---
[INFO] Not compiling test sources
[INFO] 
[INFO] --- maven-surefire-plugin:2.14.1:test (default-test) @ blueflood-cloudfiles ---
[INFO] Tests are skipped.
[INFO] 
[INFO] --- maven-jar-plugin:2.2:jar (default-jar) @ blueflood-cloudfiles ---
[INFO] Building jar: /home/travis/build/passed/rackerlabs/blueflood/blueflood-cloudfiles/target/blueflood-cloudfiles-2.0.0-SNAPSHOT.jar
[INFO] 
[INFO] --- maven-source-plugin:2.2.1:jar-no-fork (attach-sources) @ blueflood-cloudfiles ---
[INFO] Building jar: /home/travis/build/passed/rackerlabs/blueflood/blueflood-cloudfiles/target/blueflood-cloudfiles-2.0.0-SNAPSHOT-sources.jar
[INFO] 
[INFO] --- maven-javadoc-plugin:2.9.1:jar (attach-javadocs) @ blueflood-cloudfiles ---
[INFO] Skipping javadoc generation
[INFO] 
[INFO] --- maven-jar-plugin:2.2:test-jar (default) @ blueflood-cloudfiles ---
[INFO] Skipping packaging of the test-jar
[INFO] 
[INFO] --- jacoco-maven-plugin:0.7.2.201409121644:prepare-agent-integration (prepare-it-agent) @ blueflood-cloudfiles ---
[INFO] jacoco.agent.it.argLine set to -javaagent:/home/travis/.m2/repository/org/jacoco/org.jacoco.agent/0.7.2.201409121644/org.jacoco.agent-0.7.2.201409121644-runtime.jar=destfile=/home/travis/build/passed/rackerlabs/blueflood/blueflood-cloudfiles/target/jacoco-it.exec
[INFO] 
[INFO] --- cassandra-maven-plugin:2.0.0-1:delete (delete-cassandra) @ blueflood-cloudfiles ---
[INFO] Skipping cassandra: cassandra.skip==true
[INFO] 
[INFO] --- cassandra-maven-plugin:2.0.0-1:start (default) @ blueflood-cloudfiles ---
[INFO] Skipping cassandra: cassandra.skip==true
[INFO] 
[INFO] --- cassandra-maven-plugin:2.0.0-1:stop (default) @ blueflood-cloudfiles ---
[INFO] Skipping cassandra: cassandra.skip==true
[INFO] 
[INFO] --- maven-install-plugin:2.4:install (default-install) @ blueflood-cloudfiles ---
[INFO] Installing /home/travis/build/passed/rackerlabs/blueflood/blueflood-cloudfiles/target/blueflood-cloudfiles-2.0.0-SNAPSHOT.jar to /home/travis/.m2/repository/com/rackspacecloud/blueflood-cloudfiles/2.0.0-SNAPSHOT/blueflood-cloudfiles-2.0.0-SNAPSHOT.jar
[INFO] Installing /home/travis/build/passed/rackerlabs/blueflood/blueflood-cloudfiles/pom.xml to /home/travis/.m2/repository/com/rackspacecloud/blueflood-cloudfiles/2.0.0-SNAPSHOT/blueflood-cloudfiles-2.0.0-SNAPSHOT.pom
[INFO] Installing /home/travis/build/passed/rackerlabs/blueflood/blueflood-cloudfiles/target/blueflood-cloudfiles-2.0.0-SNAPSHOT-sources.jar to /home/travis/.m2/repository/com/rackspacecloud/blueflood-cloudfiles/2.0.0-SNAPSHOT/blueflood-cloudfiles-2.0.0-SNAPSHOT-sources.jar
[INFO] 
[INFO] --- maven-dependency-plugin:2.8:resolve (default-cli) @ blueflood-cloudfiles ---
[INFO] 
[INFO] The following files have been resolved:
[INFO]    org.clojure:clojure:jar:1.5.1:compile
[INFO]    org.mortbay.jetty:servlet-api:jar:2.5-20081211:compile
[INFO]    com.google.protobuf:protobuf-java:jar:2.5.0:compile
[INFO]    com.codahale.metrics:metrics-core:jar:3.0.1:compile
[INFO]    org.antlr:antlr-runtime:jar:3.2:compile
[INFO]    org.hamcrest:hamcrest-core:jar:1.1:compile
[INFO]    com.google.inject:guice:jar:3.0:compile
[INFO]    com.rackspacecloud:blueflood-core:jar:2.0.0-SNAPSHOT:compile
[INFO]    bigml:histogram:jar:3.2.1:compile
[INFO]    stax:stax-api:jar:1.0.1:compile
[INFO]    com.googlecode.json-simple:json-simple:jar:1.1:compile
[INFO]    com.yammer.metrics:metrics-core:jar:2.1.2:compile
[INFO]    commons-logging:commons-logging:jar:1.1.1:compile
[INFO]    com.codahale.metrics:metrics-log4j:jar:3.0.1:compile
[INFO]    org.apache.jclouds.common:openstack-common:jar:1.7.0:compile
[INFO]    com.netflix.astyanax:astyanax-core:jar:1.56.34:compile
[INFO]    org.apache.jclouds.api:cloudfiles:jar:1.7.0:compile
[INFO]    org.apache.jclouds.api:swift:jar:1.7.0:compile
[INFO]    org.apache.zookeeper:zookeeper:jar:3.4.5:compile
[INFO]    org.apache.servicemix.bundles:org.apache.servicemix.bundles.commons-csv:jar:1.0-r706900_3:compile
[INFO]    org.apache.cassandra:cassandra-all:jar:1.2.2:compile
[INFO]    org.apache.thrift:libthrift:jar:0.7.0:compile
[INFO]    org.mortbay.jetty:jetty-util:jar:6.1.22:compile
[INFO]    joda-time:joda-time:jar:1.6.2:compile
[INFO]    org.apache.jclouds.api:openstack-keystone:jar:1.7.0:compile
[INFO]    org.apache.cassandra:cassandra-thrift:jar:1.2.2:compile
[INFO]    junit:junit:jar:4.10:compile
[INFO]    org.codehaus.jettison:jettison:jar:1.2:compile
[INFO]    org.mindrot:jbcrypt:jar:0.3m:compile
[INFO]    org.apache.httpcomponents:httpclient:jar:4.0.1:compile
[INFO]    com.google.code.gson:gson:jar:2.2:compile
[INFO]    com.googlecode.concurrentlinkedhashmap:concurrentlinkedhashmap-lru:jar:1.3:compile
[INFO]    org.99soft.guice:rocoto:jar:6.2:compile
[INFO]    antlr:antlr:jar:2.7.7:compile
[INFO]    aopalliance:aopalliance:jar:1.0:compile
[INFO]    org.apache.curator:curator-client:jar:2.3.0:compile
[INFO]    javax.ws.rs:jsr311-api:jar:1.1.1:compile
[INFO]    org.codehaus.jackson:jackson-core-asl:jar:1.9.2:compile
[INFO]    commons-cli:commons-cli:jar:1.2:compile
[INFO]    org.apache.jclouds:jclouds-blobstore:jar:1.7.0:compile
[INFO]    org.apache.curator:curator-framework:jar:2.3.0:compile
[INFO]    com.codahale.metrics:metrics-jvm:jar:3.0.1:compile
[INFO]    org.codehaus.jackson:jackson-mapper-asl:jar:1.9.2:compile
[INFO]    commons-codec:commons-codec:jar:1.5:compile
[INFO]    com.ning:compress-lzf:jar:0.8.4:compile
[INFO]    com.github.stephenc.high-scale-lib:high-scale-lib:jar:1.1.2:compile
[INFO]    log4j:log4j:jar:1.2.16:compile
[INFO]    javax.annotation:jsr250-api:jar:1.0:compile
[INFO]    org.apache.cassandra.deps:avro:jar:1.4.0-cassandra-1:compile
[INFO]    org.slf4j:slf4j-log4j12:jar:1.7.6:compile
[INFO]    com.netflix.astyanax:astyanax-recipes:jar:1.56.34:compile
[INFO]    org.slf4j:slf4j-api:jar:1.6.4:compile
[INFO]    org.antlr:antlr:jar:3.2:compile
[INFO]    commons-lang:commons-lang:jar:2.4:compile
[INFO]    org.jboss.netty:netty:jar:3.2.4.Final:compile
[INFO]    javax.servlet:servlet-api:jar:2.5:compile
[INFO]    org.apache.curator:curator-recipes:jar:2.3.0:compile
[INFO]    org.apache.jclouds.provider:cloudfiles-us:jar:1.7.0:compile
[INFO]    com.codahale.metrics:metrics-graphite:jar:3.0.1:compile
[INFO]    io.netty:netty:jar:3.6.1.Final:compile
[INFO]    com.netflix.astyanax:astyanax-thrift:jar:1.56.34:compile
[INFO]    org.apache.httpcomponents:httpcore:jar:4.0.1:compile
[INFO]    jline:jline:jar:1.0:compile
[INFO]    org.antlr:stringtemplate:jar:3.2:compile
[INFO]    edu.stanford.ppl:snaptree:jar:0.1:compile
[INFO]    javax.inject:javax.inject:jar:1:compile
[INFO]    com.netflix.astyanax:astyanax-cassandra:jar:1.56.34:compile
[INFO]    net.jpountz.lz4:lz4:jar:1.1.0:compile
[INFO]    com.aphyr:riemann-java-client:jar:0.2.9:compile
[INFO]    com.github.stephenc:jamm:jar:0.2.5:compile
[INFO]    com.google.guava:guava:jar:15.0:compile
[INFO]    org.mortbay.jetty:jetty:jar:6.1.22:compile
[INFO]    org.apache.jclouds:jclouds-core:jar:1.7.0:compile
[INFO]    org.xerial.snappy:snappy-java:jar:1.0.4.1:compile
[INFO]    org.mockito:mockito-all:jar:1.8.5:compile
[INFO]    com.google.inject.extensions:guice-assistedinject:jar:3.0:compile
[INFO]    org.yaml:snakeyaml:jar:1.6:compile
[INFO]    com.eaio.uuid:uuid:jar:3.2:compile
[INFO] 
[INFO]                                                                         
[INFO] ------------------------------------------------------------------------
[INFO] Building Blueflood IO Bindings for Datastax Java Driver 2.0.0-SNAPSHOT
[INFO] ------------------------------------------------------------------------
[INFO] 
[INFO] --- maven-enforcer-plugin:1.0:enforce (enforce-maven) @ blueflood-io-datastax ---
[INFO] 
[INFO] --- jacoco-maven-plugin:0.7.2.201409121644:prepare-agent (prepare-agent) @ blueflood-io-datastax ---
[INFO] argLine set to -javaagent:/home/travis/.m2/repository/org/jacoco/org.jacoco.agent/0.7.2.201409121644/org.jacoco.agent-0.7.2.201409121644-runtime.jar=destfile=/home/travis/build/passed/rackerlabs/blueflood/blueflood-io-datastax/target/jacoco.exec
[INFO] 
[INFO] --- maven-resources-plugin:2.6:resources (default-resources) @ blueflood-io-datastax ---
[INFO] Using 'UTF-8' encoding to copy filtered resources.
[INFO] skip non existing resourceDirectory /home/travis/build/passed/rackerlabs/blueflood/blueflood-io-datastax/src/main/resources
[INFO] 
[INFO] --- maven-compiler-plugin:3.1:compile (default-compile) @ blueflood-io-datastax ---
[INFO] No sources to compile
[INFO] 
[INFO] --- maven-resources-plugin:2.6:testResources (default-testResources) @ blueflood-io-datastax ---
[INFO] Not copying test resources
[INFO] 
[INFO] --- build-helper-maven-plugin:1.8:reserve-network-port (reserve-network-port) @ blueflood-io-datastax ---
[INFO] Reserved port 39473 for cassandra.rpcPort
[INFO] Reserved port 38231 for cassandra.jmxPort
[INFO] Reserved port 36567 for cassandra.storagePort
[INFO] Reserved port 45181 for cassandra.stopPort
[INFO] 
[INFO] --- maven-compiler-plugin:3.1:testCompile (default-testCompile) @ blueflood-io-datastax ---
[INFO] Not compiling test sources
[INFO] 
[INFO] --- maven-surefire-plugin:2.12.4:test (default-test) @ blueflood-io-datastax ---
[INFO] Tests are skipped.
[INFO] 
[INFO] --- maven-jar-plugin:2.2:jar (default-jar) @ blueflood-io-datastax ---
[WARNING] JAR will be empty - no content was marked for inclusion!
[INFO] Building jar: /home/travis/build/passed/rackerlabs/blueflood/blueflood-io-datastax/target/blueflood-io-datastax-2.0.0-SNAPSHOT.jar
[INFO] 
[INFO] --- maven-source-plugin:2.2.1:jar-no-fork (attach-sources) @ blueflood-io-datastax ---
[INFO] No sources in project. Archive not created.
[INFO] 
[INFO] --- maven-javadoc-plugin:2.9.1:jar (attach-javadocs) @ blueflood-io-datastax ---
[INFO] Skipping javadoc generation
[INFO] 
[INFO] --- maven-jar-plugin:2.2:test-jar (default) @ blueflood-io-datastax ---
[INFO] Skipping packaging of the test-jar
[INFO] 
[INFO] --- jacoco-maven-plugin:0.7.2.201409121644:prepare-agent-integration (prepare-it-agent) @ blueflood-io-datastax ---
[INFO] jacoco.agent.it.argLine set to -javaagent:/home/travis/.m2/repository/org/jacoco/org.jacoco.agent/0.7.2.201409121644/org.jacoco.agent-0.7.2.201409121644-runtime.jar=destfile=/home/travis/build/passed/rackerlabs/blueflood/blueflood-io-datastax/target/jacoco-it.exec
[INFO] 
[INFO] --- cassandra-maven-plugin:2.0.0-1:delete (delete-cassandra) @ blueflood-io-datastax ---
[INFO] Skipping cassandra: cassandra.skip==true
[INFO] 
[INFO] --- cassandra-maven-plugin:2.0.0-1:start (default) @ blueflood-io-datastax ---
[INFO] Skipping cassandra: cassandra.skip==true
[INFO] 
[INFO] --- cassandra-maven-plugin:2.0.0-1:stop (default) @ blueflood-io-datastax ---
[INFO] Skipping cassandra: cassandra.skip==true
[INFO] 
[INFO] --- maven-install-plugin:2.4:install (default-install) @ blueflood-io-datastax ---
[INFO] Installing /home/travis/build/passed/rackerlabs/blueflood/blueflood-io-datastax/target/blueflood-io-datastax-2.0.0-SNAPSHOT.jar to /home/travis/.m2/repository/com/rackspacecloud/blueflood-io-datastax/2.0.0-SNAPSHOT/blueflood-io-datastax-2.0.0-SNAPSHOT.jar
[INFO] Installing /home/travis/build/passed/rackerlabs/blueflood/blueflood-io-datastax/pom.xml to /home/travis/.m2/repository/com/rackspacecloud/blueflood-io-datastax/2.0.0-SNAPSHOT/blueflood-io-datastax-2.0.0-SNAPSHOT.pom
[INFO] 
[INFO] --- maven-dependency-plugin:2.8:resolve (default-cli) @ blueflood-io-datastax ---
[INFO] 
[INFO] The following files have been resolved:
[INFO]    org.clojure:clojure:jar:1.5.1:compile
[INFO]    org.mortbay.jetty:servlet-api:jar:2.5-20081211:compile
[INFO]    com.google.protobuf:protobuf-java:jar:2.5.0:compile
[INFO]    com.codahale.metrics:metrics-core:jar:3.0.1:compile
[INFO]    org.antlr:antlr-runtime:jar:3.2:compile
[INFO]    org.hamcrest:hamcrest-core:jar:1.1:compile
[INFO]    com.rackspacecloud:blueflood-core:jar:2.0.0-SNAPSHOT:compile
[INFO]    bigml:histogram:jar:3.2.1:compile
[INFO]    stax:stax-api:jar:1.0.1:compile
[INFO]    com.googlecode.json-simple:json-simple:jar:1.1:compile
[INFO]    com.yammer.metrics:metrics-core:jar:2.1.2:compile
[INFO]    commons-logging:commons-logging:jar:1.1.1:compile
[INFO]    com.codahale.metrics:metrics-log4j:jar:3.0.1:compile
[INFO]    com.netflix.astyanax:astyanax-core:jar:1.56.34:compile
[INFO]    org.apache.zookeeper:zookeeper:jar:3.4.5:compile
[INFO]    org.apache.servicemix.bundles:org.apache.servicemix.bundles.commons-csv:jar:1.0-r706900_3:compile
[INFO]    org.apache.cassandra:cassandra-all:jar:1.2.2:compile
[INFO]    org.apache.thrift:libthrift:jar:0.7.0:compile
[INFO]    org.mortbay.jetty:jetty-util:jar:6.1.22:compile
[INFO]    joda-time:joda-time:jar:1.6.2:compile
[INFO]    org.apache.cassandra:cassandra-thrift:jar:1.2.2:compile
[INFO]    junit:junit:jar:4.10:compile
[INFO]    org.codehaus.jettison:jettison:jar:1.2:compile
[INFO]    org.mindrot:jbcrypt:jar:0.3m:compile
[INFO]    org.apache.httpcomponents:httpclient:jar:4.0.1:compile
[INFO]    com.google.code.gson:gson:jar:2.2:compile
[INFO]    com.googlecode.concurrentlinkedhashmap:concurrentlinkedhashmap-lru:jar:1.3:compile
[INFO]    antlr:antlr:jar:2.7.7:compile
[INFO]    org.apache.curator:curator-client:jar:2.3.0:compile
[INFO]    org.codehaus.jackson:jackson-core-asl:jar:1.9.2:compile
[INFO]    commons-cli:commons-cli:jar:1.2:compile
[INFO]    org.apache.curator:curator-framework:jar:2.3.0:compile
[INFO]    com.codahale.metrics:metrics-jvm:jar:3.0.1:compile
[INFO]    org.codehaus.jackson:jackson-mapper-asl:jar:1.9.2:compile
[INFO]    commons-codec:commons-codec:jar:1.5:compile
[INFO]    com.ning:compress-lzf:jar:0.8.4:compile
[INFO]    com.github.stephenc.high-scale-lib:high-scale-lib:jar:1.1.2:compile
[INFO]    log4j:log4j:jar:1.2.16:compile
[INFO]    org.apache.cassandra.deps:avro:jar:1.4.0-cassandra-1:compile
[INFO]    org.slf4j:slf4j-log4j12:jar:1.7.6:compile
[INFO]    com.netflix.astyanax:astyanax-recipes:jar:1.56.34:compile
[INFO]    org.slf4j:slf4j-api:jar:1.6.4:compile
[INFO]    org.antlr:antlr:jar:3.2:compile
[INFO]    commons-lang:commons-lang:jar:2.4:compile
[INFO]    org.jboss.netty:netty:jar:3.2.4.Final:compile
[INFO]    javax.servlet:servlet-api:jar:2.5:compile
[INFO]    org.apache.curator:curator-recipes:jar:2.3.0:compile
[INFO]    com.codahale.metrics:metrics-graphite:jar:3.0.1:compile
[INFO]    io.netty:netty:jar:3.6.1.Final:compile
[INFO]    com.netflix.astyanax:astyanax-thrift:jar:1.56.34:compile
[INFO]    org.apache.httpcomponents:httpcore:jar:4.0.1:compile
[INFO]    jline:jline:jar:1.0:compile
[INFO]    org.antlr:stringtemplate:jar:3.2:compile
[INFO]    edu.stanford.ppl:snaptree:jar:0.1:compile
[INFO]    com.netflix.astyanax:astyanax-cassandra:jar:1.56.34:compile
[INFO]    net.jpountz.lz4:lz4:jar:1.1.0:compile
[INFO]    com.aphyr:riemann-java-client:jar:0.2.9:compile
[INFO]    com.github.stephenc:jamm:jar:0.2.5:compile
[INFO]    com.google.guava:guava:jar:15.0:compile
[INFO]    org.mortbay.jetty:jetty:jar:6.1.22:compile
[INFO]    org.xerial.snappy:snappy-java:jar:1.0.4.1:compile
[INFO]    org.mockito:mockito-all:jar:1.8.5:compile
[INFO]    org.yaml:snakeyaml:jar:1.6:compile
[INFO]    com.eaio.uuid:uuid:jar:3.2:compile
[INFO] 
[INFO]                                                                         
[INFO] ------------------------------------------------------------------------
[INFO] Building Blueflood Out-of-band Rollup Tools 2.0.0-SNAPSHOT
[INFO] ------------------------------------------------------------------------
[INFO] 
[INFO] --- maven-enforcer-plugin:1.0:enforce (enforce-maven) @ blueflood-rollupTools ---
[INFO] 
[INFO] --- jacoco-maven-plugin:0.7.2.201409121644:prepare-agent (prepare-agent) @ blueflood-rollupTools ---
[INFO] argLine set to -javaagent:/home/travis/.m2/repository/org/jacoco/org.jacoco.agent/0.7.2.201409121644/org.jacoco.agent-0.7.2.201409121644-runtime.jar=destfile=/home/travis/build/passed/rackerlabs/blueflood/blueflood-rollupTools/target/jacoco.exec
[INFO] 
[INFO] --- maven-resources-plugin:2.6:resources (default-resources) @ blueflood-rollupTools ---
[INFO] Using 'UTF-8' encoding to copy filtered resources.
[INFO] skip non existing resourceDirectory /home/travis/build/passed/rackerlabs/blueflood/blueflood-rollupTools/src/main/resources
[INFO] 
[INFO] --- maven-compiler-plugin:3.1:compile (default-compile) @ blueflood-rollupTools ---
[INFO] Changes detected - recompiling the module!
[INFO] Compiling 19 source files to /home/travis/build/passed/rackerlabs/blueflood/blueflood-rollupTools/target/classes
[WARNING] /home/travis/build/passed/rackerlabs/blueflood/blueflood-rollupTools/src/main/java/com/rackspacecloud/blueflood/ManualRollupTool/io/handlers/ReRollWork.java: Some input files use unchecked or unsafe operations.
[WARNING] /home/travis/build/passed/rackerlabs/blueflood/blueflood-rollupTools/src/main/java/com/rackspacecloud/blueflood/ManualRollupTool/io/handlers/ReRollWork.java: Recompile with -Xlint:unchecked for details.
[INFO] 
[INFO] --- maven-resources-plugin:2.6:testResources (default-testResources) @ blueflood-rollupTools ---
[INFO] Not copying test resources
[INFO] 
[INFO] --- build-helper-maven-plugin:1.8:reserve-network-port (reserve-network-port) @ blueflood-rollupTools ---
[INFO] Reserved port 37663 for cassandra.rpcPort
[INFO] Reserved port 37483 for cassandra.jmxPort
[INFO] Reserved port 43737 for cassandra.storagePort
[INFO] Reserved port 37537 for cassandra.stopPort
[INFO] 
[INFO] --- maven-compiler-plugin:3.1:testCompile (default-testCompile) @ blueflood-rollupTools ---
[INFO] Not compiling test sources
[INFO] 
[INFO] --- maven-surefire-plugin:2.14.1:test (default-test) @ blueflood-rollupTools ---
[INFO] Tests are skipped.
[INFO] 
[INFO] --- maven-jar-plugin:2.2:jar (default-jar) @ blueflood-rollupTools ---
[INFO] Building jar: /home/travis/build/passed/rackerlabs/blueflood/blueflood-rollupTools/target/blueflood-rollupTools-2.0.0-SNAPSHOT.jar
[INFO] 
[INFO] --- maven-source-plugin:2.2.1:jar-no-fork (attach-sources) @ blueflood-rollupTools ---
[INFO] Building jar: /home/travis/build/passed/rackerlabs/blueflood/blueflood-rollupTools/target/blueflood-rollupTools-2.0.0-SNAPSHOT-sources.jar
[INFO] 
[INFO] --- maven-javadoc-plugin:2.9.1:jar (attach-javadocs) @ blueflood-rollupTools ---
[INFO] Skipping javadoc generation
[INFO] 
[INFO] --- maven-jar-plugin:2.2:test-jar (default) @ blueflood-rollupTools ---
[INFO] Skipping packaging of the test-jar
[INFO] 
[INFO] --- jacoco-maven-plugin:0.7.2.201409121644:prepare-agent-integration (prepare-it-agent) @ blueflood-rollupTools ---
[INFO] jacoco.agent.it.argLine set to -javaagent:/home/travis/.m2/repository/org/jacoco/org.jacoco.agent/0.7.2.201409121644/org.jacoco.agent-0.7.2.201409121644-runtime.jar=destfile=/home/travis/build/passed/rackerlabs/blueflood/blueflood-rollupTools/target/jacoco-it.exec
[INFO] 
[INFO] --- cassandra-maven-plugin:2.0.0-1:delete (delete-cassandra) @ blueflood-rollupTools ---
[INFO] Skipping cassandra: cassandra.skip==true
[INFO] 
[INFO] --- cassandra-maven-plugin:2.0.0-1:start (default) @ blueflood-rollupTools ---
[INFO] Skipping cassandra: cassandra.skip==true
[INFO] 
[INFO] --- cassandra-maven-plugin:2.0.0-1:stop (default) @ blueflood-rollupTools ---
[INFO] Skipping cassandra: cassandra.skip==true
[INFO] 
[INFO] --- maven-install-plugin:2.4:install (default-install) @ blueflood-rollupTools ---
[INFO] Installing /home/travis/build/passed/rackerlabs/blueflood/blueflood-rollupTools/target/blueflood-rollupTools-2.0.0-SNAPSHOT.jar to /home/travis/.m2/repository/com/rackspacecloud/blueflood-rollupTools/2.0.0-SNAPSHOT/blueflood-rollupTools-2.0.0-SNAPSHOT.jar
[INFO] Installing /home/travis/build/passed/rackerlabs/blueflood/blueflood-rollupTools/pom.xml to /home/travis/.m2/repository/com/rackspacecloud/blueflood-rollupTools/2.0.0-SNAPSHOT/blueflood-rollupTools-2.0.0-SNAPSHOT.pom
[INFO] Installing /home/travis/build/passed/rackerlabs/blueflood/blueflood-rollupTools/target/blueflood-rollupTools-2.0.0-SNAPSHOT-sources.jar to /home/travis/.m2/repository/com/rackspacecloud/blueflood-rollupTools/2.0.0-SNAPSHOT/blueflood-rollupTools-2.0.0-SNAPSHOT-sources.jar
[INFO] 
[INFO] --- maven-dependency-plugin:2.8:resolve (default-cli) @ blueflood-rollupTools ---
[INFO] 
[INFO] The following files have been resolved:
[INFO]    org.clojure:clojure:jar:1.5.1:compile
[INFO]    org.mortbay.jetty:servlet-api:jar:2.5-20081211:compile
[INFO]    com.google.protobuf:protobuf-java:jar:2.5.0:compile
[INFO]    com.codahale.metrics:metrics-core:jar:3.0.1:compile
[INFO]    org.antlr:antlr-runtime:jar:3.2:compile
[INFO]    org.hamcrest:hamcrest-core:jar:1.1:compile
[INFO]    com.google.inject:guice:jar:3.0:compile
[INFO]    com.rackspacecloud:blueflood-core:jar:2.0.0-SNAPSHOT:compile
[INFO]    bigml:histogram:jar:3.2.1:compile
[INFO]    stax:stax-api:jar:1.0.1:compile
[INFO]    com.googlecode.json-simple:json-simple:jar:1.1:compile
[INFO]    com.yammer.metrics:metrics-core:jar:2.1.2:compile
[INFO]    commons-logging:commons-logging:jar:1.1.1:compile
[INFO]    com.codahale.metrics:metrics-log4j:jar:3.0.1:compile
[INFO]    com.netflix.astyanax:astyanax-core:jar:1.56.34:compile
[INFO]    org.apache.zookeeper:zookeeper:jar:3.4.5:compile
[INFO]    org.jclouds.api:cloudfiles:jar:1.6.0:compile
[INFO]    org.apache.servicemix.bundles:org.apache.servicemix.bundles.commons-csv:jar:1.0-r706900_3:compile
[INFO]    org.apache.cassandra:cassandra-all:jar:1.2.2:compile
[INFO]    org.apache.thrift:libthrift:jar:0.7.0:compile
[INFO]    org.mortbay.jetty:jetty-util:jar:6.1.22:compile
[INFO]    joda-time:joda-time:jar:1.6.2:compile
[INFO]    org.apache.cassandra:cassandra-thrift:jar:1.2.2:compile
[INFO]    junit:junit:jar:4.10:compile
[INFO]    org.codehaus.jettison:jettison:jar:1.2:compile
[INFO]    org.mindrot:jbcrypt:jar:0.3m:compile
[INFO]    org.tukaani:xz:jar:1.4:compile
[INFO]    org.apache.httpcomponents:httpclient:jar:4.0.1:compile
[INFO]    com.google.code.gson:gson:jar:2.2:compile
[INFO]    com.googlecode.concurrentlinkedhashmap:concurrentlinkedhashmap-lru:jar:1.3:compile
[INFO]    org.99soft.guice:rocoto:jar:6.2:compile
[INFO]    antlr:antlr:jar:2.7.7:compile
[INFO]    aopalliance:aopalliance:jar:1.0:compile
[INFO]    org.apache.curator:curator-client:jar:2.3.0:compile
[INFO]    javax.ws.rs:jsr311-api:jar:1.1.1:compile
[INFO]    org.codehaus.jackson:jackson-core-asl:jar:1.9.2:compile
[INFO]    commons-cli:commons-cli:jar:1.2:compile
[INFO]    org.apache.curator:curator-framework:jar:2.3.0:compile
[INFO]    com.codahale.metrics:metrics-jvm:jar:3.0.1:compile
[INFO]    com.google.guava:guava:jar:12.0.1:compile
[INFO]    org.codehaus.jackson:jackson-mapper-asl:jar:1.9.2:compile
[INFO]    org.jclouds.api:openstack-keystone:jar:1.6.0:compile
[INFO]    commons-codec:commons-codec:jar:1.5:compile
[INFO]    com.google.code.findbugs:jsr305:jar:1.3.9:compile
[INFO]    com.ning:compress-lzf:jar:0.8.4:compile
[INFO]    com.github.stephenc.high-scale-lib:high-scale-lib:jar:1.1.2:compile
[INFO]    log4j:log4j:jar:1.2.16:compile
[INFO]    javax.annotation:jsr250-api:jar:1.0:compile
[INFO]    org.apache.cassandra.deps:avro:jar:1.4.0-cassandra-1:compile
[INFO]    org.slf4j:slf4j-log4j12:jar:1.7.6:compile
[INFO]    com.netflix.astyanax:astyanax-recipes:jar:1.56.34:compile
[INFO]    org.jclouds.api:swift:jar:1.6.0:compile
[INFO]    org.slf4j:slf4j-api:jar:1.6.4:compile
[INFO]    org.antlr:antlr:jar:3.2:compile
[INFO]    commons-lang:commons-lang:jar:2.4:compile
[INFO]    org.jboss.netty:netty:jar:3.2.4.Final:compile
[INFO]    javax.servlet:servlet-api:jar:2.5:compile
[INFO]    org.apache.curator:curator-recipes:jar:2.3.0:compile
[INFO]    com.codahale.metrics:metrics-graphite:jar:3.0.1:compile
[INFO]    io.netty:netty:jar:3.6.1.Final:compile
[INFO]    org.jclouds.provider:cloudfiles-us:jar:1.6.0:compile
[INFO]    com.netflix.astyanax:astyanax-thrift:jar:1.56.34:compile
[INFO]    org.apache.httpcomponents:httpcore:jar:4.0.1:compile
[INFO]    jline:jline:jar:1.0:compile
[INFO]    org.antlr:stringtemplate:jar:3.2:compile
[INFO]    edu.stanford.ppl:snaptree:jar:0.1:compile
[INFO]    javax.inject:javax.inject:jar:1:compile
[INFO]    com.netflix.astyanax:astyanax-cassandra:jar:1.56.34:compile
[INFO]    net.jpountz.lz4:lz4:jar:1.1.0:compile
[INFO]    com.aphyr:riemann-java-client:jar:0.2.9:compile
[INFO]    org.jclouds.common:openstack-common:jar:1.6.0:compile
[INFO]    com.github.stephenc:jamm:jar:0.2.5:compile
[INFO]    org.mortbay.jetty:jetty:jar:6.1.22:compile
[INFO]    org.jclouds:jclouds-core:jar:1.6.0:compile
[INFO]    org.xerial.snappy:snappy-java:jar:1.0.4.1:compile
[INFO]    org.jclouds:jclouds-blobstore:jar:1.6.0:compile
[INFO]    org.mockito:mockito-all:jar:1.8.5:compile
[INFO]    org.apache.commons:commons-compress:jar:1.7:compile
[INFO]    com.google.inject.extensions:guice-assistedinject:jar:3.0:compile
[INFO]    org.yaml:snakeyaml:jar:1.6:compile
[INFO]    com.eaio.uuid:uuid:jar:3.2:compile
[INFO] 
[INFO] ------------------------------------------------------------------------
[INFO] Reactor Summary:
[INFO] 
[INFO] Blueflood .......................................... SUCCESS [  2.281 s]
[INFO] Blueflood Core Engine .............................. SUCCESS [ 12.163 s]
[INFO] Blueflood UDP Ingestion ............................ SUCCESS [  0.892 s]
[INFO] Blueflood Elasticsearch Indexer and Discovery ...... SUCCESS [  1.156 s]
[INFO] Blueflood HTTP Ingestion and Querying .............. SUCCESS [  3.048 s]
[INFO] Blueflood Rollup Kafka Producer .................... SUCCESS [  0.915 s]
[INFO] Blueflood Rollup Cloudfiles Exporter ............... SUCCESS [  0.486 s]
[INFO] Blueflood IO Bindings for Datastax Java Driver ..... SUCCESS [  0.140 s]
[INFO] Blueflood Out-of-band Rollup Tools ................. SUCCESS [  1.940 s]
[INFO] ------------------------------------------------------------------------
[INFO] BUILD SUCCESS
[INFO] ------------------------------------------------------------------------
[INFO] Total time: 25.359 s
[INFO] Finished at: 2022-01-01T05:42:34+00:00
[INFO] Final Memory: 50M/446M
[INFO] ------------------------------------------------------------------------
travis_time:end:02d92c52:start=1641015728177060271,finish=1641015755036443751,duration=26859383480,event=install[0Ktravis_fold:end:install[0Ktravis_time:start:2fb470d8[0K$ mvn verify -Dhttps.protocols=TLSv1.2 -Dhttps.protocols=TLSv1.2 -Dhttps.protocols=TLSv1.2 -Pcassandra-2.0 -Dmaven.javadoc.skip --quiet

-------------------------------------------------------
 T E S T S
-------------------------------------------------------
parallel='classes', perCoreThreadCount=true, threadCount=5, useUnlimitedThreads=false
Running com.rackspacecloud.blueflood.types.StatsTypeTest
Tests run: 4, Failures: 0, Errors: 0, Skipped: 0, Time elapsed: 0.06 sec
Running com.rackspacecloud.blueflood.service.ScheduleContextTest
Tests run: 6, Failures: 0, Errors: 0, Skipped: 0, Time elapsed: 5.75 sec
Running com.rackspacecloud.blueflood.io.serializers.SlotStateSerializerTest
Tests run: 5, Failures: 0, Errors: 0, Skipped: 0, Time elapsed: 0.048 sec
Running com.rackspacecloud.blueflood.inputs.processors.TypeAndUnitProcessorTest
Tests run: 1, Failures: 0, Errors: 0, Skipped: 0, Time elapsed: 0.402 sec
Running com.rackspacecloud.blueflood.types.BluefloodSetRollupTest
Tests run: 2, Failures: 0, Errors: 0, Skipped: 0, Time elapsed: 0.379 sec
Running com.rackspacecloud.blueflood.types.BluefloodCounterRollupTest
Tests run: 4, Failures: 0, Errors: 0, Skipped: 0, Time elapsed: 0.107 sec
Running com.rackspacecloud.blueflood.types.BluefloodTimerRollupTest
Tests run: 9, Failures: 0, Errors: 0, Skipped: 0, Time elapsed: 0.054 sec
Running com.rackspacecloud.blueflood.concurrent.ConcurrentStructuresTest
Tests run: 1, Failures: 0, Errors: 0, Skipped: 0, Time elapsed: 0.36 sec
Running com.rackspacecloud.blueflood.io.serializers.SerializationTest
Tests run: 14, Failures: 0, Errors: 0, Skipped: 0, Time elapsed: 5.017 sec
Running com.rackspacecloud.blueflood.inputs.processors.DiscoveryWriterTest
Tests run: 1, Failures: 0, Errors: 0, Skipped: 0, Time elapsed: 0.83 sec
Running com.rackspacecloud.blueflood.types.SimpleNumberTest
Tests run: 1, Failures: 0, Errors: 0, Skipped: 0, Time elapsed: 0.056 sec
Running com.rackspacecloud.blueflood.types.MetricTest
Tests run: 4, Failures: 0, Errors: 0, Skipped: 0, Time elapsed: 0.056 sec
Running com.rackspacecloud.blueflood.types.EventTest
Tests run: 3, Failures: 0, Errors: 0, Skipped: 0, Time elapsed: 0.089 sec
Running com.rackspacecloud.blueflood.service.SlotStateTest
Tests run: 3, Failures: 0, Errors: 0, Skipped: 0, Time elapsed: 0.098 sec
Running com.rackspacecloud.blueflood.io.serializers.CassandraModelTest
Tests run: 4, Failures: 0, Errors: 0, Skipped: 0, Time elapsed: 0.038 sec
Running com.rackspacecloud.blueflood.io.serializers.HistogramSerializationTest
Tests run: 2, Failures: 0, Errors: 0, Skipped: 0, Time elapsed: 0.108 sec
Running com.rackspacecloud.blueflood.service.ConfigurationTest
Tests run: 4, Failures: 0, Errors: 0, Skipped: 0, Time elapsed: 0.333 sec
Running com.rackspacecloud.blueflood.types.BluefloodGaugeRollupTest
Tests run: 1, Failures: 0, Errors: 0, Skipped: 0, Time elapsed: 0.422 sec
Running com.rackspacecloud.blueflood.types.HistogramRollupTest
Tests run: 2, Failures: 0, Errors: 0, Skipped: 0, Time elapsed: 0.1 sec
Running com.rackspacecloud.blueflood.io.serializers.TimerSerializationTest
Tests run: 2, Failures: 0, Errors: 0, Skipped: 0, Time elapsed: 0.519 sec
Running com.rackspacecloud.blueflood.concurrent.ThreadPoolBuilderTest
Tests run: 3, Failures: 0, Errors: 0, Skipped: 0, Time elapsed: 0.372 sec
Running com.rackspacecloud.blueflood.inputs.processors.IncomingMetricMetadataAnalyzerTest
Tests run: 5, Failures: 0, Errors: 0, Skipped: 0, Time elapsed: 0.405 sec
Running com.rackspacecloud.blueflood.types.VarianceTest
Tests run: 5, Failures: 0, Errors: 0, Skipped: 0, Time elapsed: 0.091 sec
Running com.rackspacecloud.blueflood.io.serializers.CounterRollupSerializationTest
Tests run: 1, Failures: 0, Errors: 0, Skipped: 0, Time elapsed: 0.386 sec
Running com.rackspacecloud.blueflood.outputs.serializers.RollupEventSerializerTest
log4j:WARN No appenders could be found for logger (com.rackspacecloud.blueflood.outputs.serializers.helpers.RollupSerializationHelper).
log4j:WARN Please initialize the log4j system properly.
log4j:WARN See http://logging.apache.org/log4j/1.2/faq.html#noconfig for more info.
Tests run: 7, Failures: 0, Errors: 0, Skipped: 0, Time elapsed: 0.087 sec
Running com.rackspacecloud.blueflood.service.ShardStateWorkerTest
Tests run: 1, Failures: 0, Errors: 0, Skipped: 0, Time elapsed: 4.896 sec
Running com.rackspacecloud.blueflood.rollup.UtilTest
Tests run: 4, Failures: 0, Errors: 0, Skipped: 0, Time elapsed: 0.69 sec
Running com.rackspacecloud.blueflood.types.AverageTest
Tests run: 8, Failures: 0, Errors: 0, Skipped: 0, Time elapsed: 0.108 sec
Running com.rackspacecloud.blueflood.eventemitter.RollupEventEmitterTest
Tests run: 2, Failures: 0, Errors: 0, Skipped: 0, Time elapsed: 1.371 sec
Running com.rackspacecloud.blueflood.cache.ConfigTtlProviderTest
Tests run: 2, Failures: 0, Errors: 0, Skipped: 0, Time elapsed: 0.388 sec
Running com.rackspacecloud.blueflood.io.serializers.IMetricSerializerTest
Tests run: 6, Failures: 0, Errors: 0, Skipped: 0, Time elapsed: 0.426 sec
Running com.rackspacecloud.blueflood.service.AtomicCountingSetTest
Tests run: 4, Failures: 0, Errors: 0, Skipped: 0, Time elapsed: 0.093 sec
Running com.rackspacecloud.blueflood.types.MaxValueTest
Tests run: 4, Failures: 0, Errors: 0, Skipped: 0, Time elapsed: 0.079 sec
Running com.rackspacecloud.blueflood.io.serializers.StringMetadataSerializerTest
Tests run: 1, Failures: 0, Errors: 0, Skipped: 0, Time elapsed: 0.066 sec
Running com.rackspacecloud.blueflood.inputs.processors.BatchWriterTest
Tests run: 1, Failures: 0, Errors: 0, Skipped: 0, Time elapsed: 0.539 sec
Running com.rackspacecloud.blueflood.service.RollupExecutionContextTest
Tests run: 1, Failures: 0, Errors: 0, Skipped: 0, Time elapsed: 0.053 sec
Running com.rackspacecloud.blueflood.rollup.GranularityTest
Tests run: 14, Failures: 0, Errors: 0, Skipped: 0, Time elapsed: 0.375 sec
Running com.rackspacecloud.blueflood.inputs.processors.RollupTypeCacherTest
Tests run: 2, Failures: 0, Errors: 0, Skipped: 0, Time elapsed: 0.435 sec
Running com.rackspacecloud.blueflood.rollup.SlotTest
Tests run: 12, Failures: 0, Errors: 0, Skipped: 0, Time elapsed: 0.505 sec
Running com.rackspacecloud.blueflood.rollup.RangeTest
Tests run: 5, Failures: 0, Errors: 0, Skipped: 0, Time elapsed: 0.054 sec
Running com.rackspacecloud.blueflood.types.MinValueTest
Tests run: 4, Failures: 0, Errors: 0, Skipped: 0, Time elapsed: 0.108 sec
Running com.rackspacecloud.blueflood.rollup.SlotKeyTest
Tests run: 2, Failures: 0, Errors: 0, Skipped: 0, Time elapsed: 0.044 sec

Results :

Tests run: 167, Failures: 0, Errors: 0, Skipped: 0


-------------------------------------------------------
 T E S T S
-------------------------------------------------------
Running com.rackspacecloud.blueflood.cache.MetadataCacheBatchedModeIntegrationTest
Tests run: 2, Failures: 0, Errors: 0, Skipped: 0, Time elapsed: 46.217 sec - in com.rackspacecloud.blueflood.cache.MetadataCacheBatchedModeIntegrationTest
Running com.rackspacecloud.blueflood.cache.MetadataCacheIntegrationTest
Clearing interrupted thread: AstyanaxAllRowsReader-49
Tests run: 18, Failures: 0, Errors: 0, Skipped: 0, Time elapsed: 219.104 sec - in com.rackspacecloud.blueflood.cache.MetadataCacheIntegrationTest
Running com.rackspacecloud.blueflood.io.AstyanaxMetadataIOIntegrationTest
Tests run: 1, Failures: 0, Errors: 0, Skipped: 0, Time elapsed: 5.184 sec - in com.rackspacecloud.blueflood.io.AstyanaxMetadataIOIntegrationTest
Running com.rackspacecloud.blueflood.io.AstyanaxReaderIntegrationTest
Tests run: 8, Failures: 0, Errors: 0, Skipped: 0, Time elapsed: 23.239 sec - in com.rackspacecloud.blueflood.io.AstyanaxReaderIntegrationTest
Running com.rackspacecloud.blueflood.io.AstyanaxWriterIntegrationTest
Clearing interrupted thread: AstyanaxAllRowsReader-230
Clearing interrupted thread: AstyanaxAllRowsReader-64
Clearing interrupted thread: AstyanaxAllRowsReader-6
Tests run: 3, Failures: 0, Errors: 0, Skipped: 0, Time elapsed: 17.818 sec - in com.rackspacecloud.blueflood.io.AstyanaxWriterIntegrationTest
Running com.rackspacecloud.blueflood.outputs.RollupHandlerIntegrationTest
Tests run: 3, Failures: 0, Errors: 0, Skipped: 0, Time elapsed: 40.634 sec - in com.rackspacecloud.blueflood.outputs.RollupHandlerIntegrationTest
Running com.rackspacecloud.blueflood.service.PreaggregatedMetricsIntegrationTest
Tests run: 3, Failures: 0, Errors: 0, Skipped: 0, Time elapsed: 27.602 sec - in com.rackspacecloud.blueflood.service.PreaggregatedMetricsIntegrationTest
Running com.rackspacecloud.blueflood.service.MetricsIntegrationTest
Tests run: 14, Failures: 0, Errors: 0, Skipped: 0, Time elapsed: 69.558 sec - in com.rackspacecloud.blueflood.service.MetricsIntegrationTest
Running com.rackspacecloud.blueflood.service.RollupRunnableIntegrationTest
Tests run: 5, Failures: 0, Errors: 0, Skipped: 0, Time elapsed: 11.685 sec - in com.rackspacecloud.blueflood.service.RollupRunnableIntegrationTest
Running com.rackspacecloud.blueflood.service.ShardStateIntegrationTest
Tests run: 1, Failures: 0, Errors: 0, Skipped: 1, Time elapsed: 0 sec - in com.rackspacecloud.blueflood.service.ShardStateIntegrationTest
Running com.rackspacecloud.blueflood.service.RollupThreadpoolIntegrationTest
Tests run: 1, Failures: 0, Errors: 0, Skipped: 0, Time elapsed: 2.261 sec - in com.rackspacecloud.blueflood.service.RollupThreadpoolIntegrationTest
Running com.rackspacecloud.blueflood.tools.RollupToolIntegrationTest
Calculating rollups for metrics_5m. Reading from: metrics_full. Writing to: metrics_5m
Rolled up 289 ranges of metrics_5m

Calculating rollups for metrics_20m. Reading from: metrics_5m. Writing to: metrics_20m
Rolled up 73 ranges of metrics_20m

Calculating rollups for metrics_60m. Reading from: metrics_20m. Writing to: metrics_60m
Rolled up 25 ranges of metrics_60m

Calculating rollups for metrics_240m. Reading from: metrics_60m. Writing to: metrics_240m
Rolled up 7 ranges of metrics_240m

Calculating rollups for metrics_1440m. Reading from: metrics_240m. Writing to: metrics_1440m
Rolled up 2 ranges of metrics_1440m

Tests run: 1, Failures: 0, Errors: 0, Skipped: 0, Time elapsed: 2.487 sec - in com.rackspacecloud.blueflood.tools.RollupToolIntegrationTest

Results :

Tests run: 60, Failures: 0, Errors: 0, Skipped: 1


-------------------------------------------------------
 T E S T S
-------------------------------------------------------
Running com.rackspacecloud.blueflood.service.ElasticIOTest
log4j:WARN No appenders could be found for logger (org.elasticsearch.node).
log4j:WARN Please initialize the log4j system properly.
log4j:WARN See http://logging.apache.org/log4j/1.2/faq.html#noconfig for more info.
Tests run: 10, Failures: 0, Errors: 0, Skipped: 0, Time elapsed: 15.228 sec
Running com.rackspacecloud.blueflood.io.EventElasticSearchIOTest
Tests run: 5, Failures: 0, Errors: 0, Skipped: 0, Time elapsed: 1.665 sec

Results :

Tests run: 15, Failures: 0, Errors: 0, Skipped: 0


-------------------------------------------------------
 T E S T S
-------------------------------------------------------
parallel='classes', perCoreThreadCount=true, threadCount=5, useUnlimitedThreads=false
Running com.rackspacecloud.blueflood.outputs.serializers.BatchedMetricsJSONOutputSerializerTest
Tests run: 1, Failures: 0, Errors: 0, Skipped: 0, Time elapsed: 0.129 sec
Running com.rackspacecloud.blueflood.outputs.handlers.HttpEventsQueryHandlerTest
Tests run: 3, Failures: 0, Errors: 0, Skipped: 0, Time elapsed: 0.081 sec
Running com.rackspacecloud.blueflood.inputs.handlers.TestIndexHandler
Tests run: 2, Failures: 0, Errors: 0, Skipped: 0, Time elapsed: 0.045 sec
Running com.rackspacecloud.blueflood.outputs.serializers.JSONBasicRollupOutputSerializerTest
Tests run: 7, Failures: 0, Errors: 0, Skipped: 0, Time elapsed: 0.175 sec
Running com.rackspacecloud.blueflood.utils.PlotRequestParserTest
Tests run: 2, Failures: 0, Errors: 0, Skipped: 0, Time elapsed: 0.012 sec
Running com.rackspacecloud.blueflood.outputs.serializers.JSONHistogramOutputSerializerTest
Tests run: 1, Failures: 0, Errors: 0, Skipped: 0, Time elapsed: 0.075 sec
Running com.rackspacecloud.blueflood.inputs.handlers.HttpAnnotationsEndToEndTest
Tests run: 1, Failures: 0, Errors: 0, Skipped: 0, Time elapsed: 1.563 sec
Running com.rackspacecloud.blueflood.inputs.formats.JSONMetricsContainerTest
Tests run: 2, Failures: 0, Errors: 0, Skipped: 0, Time elapsed: 0.23 sec
Running com.rackspacecloud.blueflood.http.RouteMatcherTest
Tests run: 4, Failures: 0, Errors: 0, Skipped: 0, Time elapsed: 0.096 sec
Running com.rackspacecloud.blueflood.tracker.TrackerTest
SLF4J: The following set of substitute loggers may have been accessed
SLF4J: during the initialization phase. Logging calls during this
SLF4J: phase were not honored. However, subsequent logging calls to these
SLF4J: loggers will work as normally expected.
SLF4J: See also http://www.slf4j.org/codes.html#substituteLogger
SLF4J: com.rackspacecloud.blueflood.utils.ModuleLoader
SLF4J: com.rackspacecloud.blueflood.service.ScheduleContext
SLF4J: com.rackspacecloud.blueflood.http.RouteMatcher
SLF4J: com.rackspacecloud.blueflood.outputs.handlers.HttpMetricsIndexHandler
SLF4J: com.rackspacecloud.blueflood.inputs.handlers.HttpAggregatedIngestionHandler
SLF4J: com.rackspacecloud.blueflood.outputs.serializers.JSONBasicRollupsOutputSerializer
SLF4J: com.rackspacecloud.blueflood.types.Locator
log4j:WARN No appenders could be found for logger (com.rackspacecloud.blueflood.tracker.Tracker).
log4j:WARN Please initialize the log4j system properly.
log4j:WARN See http://logging.apache.org/log4j/1.2/faq.html#noconfig for more info.
Tests run: 4, Failures: 0, Errors: 0, Skipped: 0, Time elapsed: 0.119 sec
Running com.rackspacecloud.blueflood.utils.ModuleLoaderTest
Tests run: 1, Failures: 0, Errors: 0, Skipped: 0, Time elapsed: 2.022 sec
Running com.rackspacecloud.blueflood.inputs.handlers.wrappers.TestGsonParsing
Tests run: 5, Failures: 0, Errors: 0, Skipped: 0, Time elapsed: 0.529 sec
Running com.rackspacecloud.blueflood.utils.DateTimeParserTest
Tests run: 12, Failures: 1, Errors: 0, Skipped: 0, Time elapsed: 0.335 sec <<< FAILURE!
testDayOfWeekFormat(com.rackspacecloud.blueflood.utils.DateTimeParserTest)  Time elapsed: 0.006 sec  <<< FAILURE!
junit.framework.AssertionFailedError: null
	at junit.framework.Assert.fail(Assert.java:48)
	at junit.framework.Assert.assertTrue(Assert.java:20)
	at junit.framework.Assert.assertTrue(Assert.java:27)
	at com.rackspacecloud.blueflood.utils.DateTimeParserTest.testDayOfWeekFormat(DateTimeParserTest.java:122)

Running com.rackspacecloud.blueflood.http.HttpRequestWithDecodedQueryParamsTest
Tests run: 1, Failures: 0, Errors: 0, Skipped: 0, Time elapsed: 0.086 sec
Running com.rackspacecloud.blueflood.inputs.handlers.HttpEventsIngestionHandlerTest
Tests run: 4, Failures: 0, Errors: 0, Skipped: 0, Time elapsed: 0.073 sec

Results :

Failed tests: 
  DateTimeParserTest.testDayOfWeekFormat:122 null

Tests run: 50, Failures: 1, Errors: 0, Skipped: 0

[ERROR] Failed to execute goal org.apache.maven.plugins:maven-surefire-plugin:2.14.1:test (default-test) on project blueflood-http: There are test failures.
[ERROR] 
[ERROR] Please refer to /home/travis/build/passed/rackerlabs/blueflood/blueflood-http/target/surefire-reports for the individual test results.
[ERROR] -> [Help 1]
[ERROR] 
[ERROR] To see the full stack trace of the errors, re-run Maven with the -e switch.
[ERROR] Re-run Maven using the -X switch to enable full debug logging.
[ERROR] 
[ERROR] For more information about the errors and possible solutions, please read the following articles:
[ERROR] [Help 1] http://cwiki.apache.org/confluence/display/MAVEN/MojoFailureException
[ERROR] 
[ERROR] After correcting the problems, you can resume the build with the command
[ERROR]   mvn <goals> -rf :blueflood-http
travis_time:end:2fb470d8:start=1641015755044150055,finish=1641016303276518191,duration=548232368136,event=script[0K[31;1mThe command "mvn verify -Dhttps.protocols=TLSv1.2 -Dhttps.protocols=TLSv1.2 -Dhttps.protocols=TLSv1.2 -Pcassandra-2.0 -Dmaven.javadoc.skip --quiet" exited with 1.[0m
travis_fold:start:cache.2[0Kstore build cache
travis_time:start:1ee8b57c[0Ktravis_time:end:1ee8b57c:start=1641016303287170914,finish=1641016303292613745,duration=5442831,event=cache[0Ktravis_time:start:0afdc714[0KYAML safe loading is not available. Please upgrade psych to a version that supports safe loading (>= 2.0).
[32;1mchanges detected, packing new archive[0m
[32;1muploading /[0m
[31;1mfailed to upload cache[0m
travis_time:end:0afdc714:start=1641016303300439743,finish=1641016309117041141,duration=5816601398,event=cache[0Ktravis_fold:end:cache.2[0K

Done. Your build exited with 1.
