travis_fold:start:system_info[0K[33;1mBuild system information[0m
Build language: java
Build group: stable
Build dist: precise
Build id: ''
Job id: ''
[34m[1mBuild image provisioning date and time[0m
Thu Feb  5 15:09:33 UTC 2015
[34m[1mOperating System Details[0m
Distributor ID:	Ubuntu
Description:	Ubuntu 12.04.5 LTS
Release:	12.04
Codename:	precise
[34m[1mLinux Version[0m
3.13.0-29-generic
[34m[1mCookbooks Version[0m
a68419e https://github.com/travis-ci/travis-cookbooks/tree/a68419e
[34m[1mGCC version[0m
gcc (Ubuntu/Linaro 4.6.3-1ubuntu5) 4.6.3
Copyright (C) 2011 Free Software Foundation, Inc.
This is free software; see the source for copying conditions.  There is NO
warranty; not even for MERCHANTABILITY or FITNESS FOR A PARTICULAR PURPOSE.

[34m[1mLLVM version[0m
clang version 3.4 (tags/RELEASE_34/final)
Target: x86_64-unknown-linux-gnu
Thread model: posix
[34m[1mPre-installed Ruby versions[0m
ruby-1.9.3-p551
[34m[1mPre-installed Node.js versions[0m
v0.10.36
[34m[1mPre-installed Go versions[0m
1.4.1
[34m[1mRedis version[0m
redis-server 2.8.19
[34m[1mriak version[0m
2.0.2
[34m[1mMongoDB version[0m
MongoDB 2.4.12
[34m[1mCouchDB version[0m
couchdb 1.6.1
[34m[1mNeo4j version[0m
1.9.4
[34m[1mRabbitMQ Version[0m
3.4.3
[34m[1mElasticSearch version[0m
1.4.0
[34m[1mInstalled Sphinx versions[0m
2.0.10
2.1.9
2.2.6
[34m[1mDefault Sphinx version[0m
2.2.6
[34m[1mInstalled Firefox version[0m
firefox 31.0esr
[34m[1mPhantomJS version[0m
1.9.8
[34m[1mant -version[0m
Apache Ant(TM) version 1.8.2 compiled on December 3 2011
[34m[1mmvn -version[0m
Apache Maven 3.2.5 (12a6b3acb947671f09b81f49094c53f426d8cea1; 2014-12-14T17:29:23+00:00)
Maven home: /usr/local/maven
Java version: 1.7.0_76, vendor: Oracle Corporation
Java home: /usr/lib/jvm/java-7-oracle/jre
Default locale: en_US, platform encoding: ANSI_X3.4-1968
OS name: "linux", version: "3.13.0-29-generic", arch: "amd64", family: "unix"
travis_fold:end:system_info[0K
grep: /etc/apt/sources.list.d/*: No such file or directory
W: Failed to fetch http://security.ubuntu.com/ubuntu/dists/precise-security/main/source/Sources  404  Not Found [IP: 91.189.91.39 80]

W: Failed to fetch http://security.ubuntu.com/ubuntu/dists/precise-security/restricted/source/Sources  404  Not Found [IP: 91.189.91.39 80]

W: Failed to fetch http://security.ubuntu.com/ubuntu/dists/precise-security/universe/source/Sources  404  Not Found [IP: 91.189.91.39 80]

W: Failed to fetch http://security.ubuntu.com/ubuntu/dists/precise-security/multiverse/source/Sources  404  Not Found [IP: 91.189.91.39 80]

W: Failed to fetch http://security.ubuntu.com/ubuntu/dists/precise-security/main/binary-amd64/Packages  404  Not Found [IP: 91.189.91.39 80]

W: Failed to fetch http://security.ubuntu.com/ubuntu/dists/precise-security/restricted/binary-amd64/Packages  404  Not Found [IP: 91.189.91.39 80]

W: Failed to fetch http://security.ubuntu.com/ubuntu/dists/precise-security/universe/binary-amd64/Packages  404  Not Found [IP: 91.189.91.39 80]

W: Failed to fetch http://security.ubuntu.com/ubuntu/dists/precise-security/multiverse/binary-amd64/Packages  404  Not Found [IP: 91.189.91.39 80]

W: Failed to fetch http://security.ubuntu.com/ubuntu/dists/precise-security/main/binary-i386/Packages  404  Not Found [IP: 91.189.91.39 80]

W: Failed to fetch http://security.ubuntu.com/ubuntu/dists/precise-security/restricted/binary-i386/Packages  404  Not Found [IP: 91.189.91.39 80]

W: Failed to fetch http://security.ubuntu.com/ubuntu/dists/precise-security/universe/binary-i386/Packages  404  Not Found [IP: 91.189.91.39 80]

W: Failed to fetch http://security.ubuntu.com/ubuntu/dists/precise-security/multiverse/binary-i386/Packages  404  Not Found [IP: 91.189.91.39 80]

W: Failed to fetch http://us.archive.ubuntu.com/ubuntu/dists/precise/main/source/Sources  404  Not Found [IP: 91.189.91.38 80]

W: Failed to fetch http://us.archive.ubuntu.com/ubuntu/dists/precise/restricted/source/Sources  404  Not Found [IP: 91.189.91.38 80]

W: Failed to fetch http://us.archive.ubuntu.com/ubuntu/dists/precise/universe/source/Sources  404  Not Found [IP: 91.189.91.38 80]

W: Failed to fetch http://us.archive.ubuntu.com/ubuntu/dists/precise/multiverse/source/Sources  404  Not Found [IP: 91.189.91.38 80]

W: Failed to fetch http://us.archive.ubuntu.com/ubuntu/dists/precise/main/binary-amd64/Packages  404  Not Found [IP: 91.189.91.38 80]

W: Failed to fetch http://us.archive.ubuntu.com/ubuntu/dists/precise/restricted/binary-amd64/Packages  404  Not Found [IP: 91.189.91.38 80]

W: Failed to fetch http://us.archive.ubuntu.com/ubuntu/dists/precise/universe/binary-amd64/Packages  404  Not Found [IP: 91.189.91.38 80]

W: Failed to fetch http://us.archive.ubuntu.com/ubuntu/dists/precise/multiverse/binary-amd64/Packages  404  Not Found [IP: 91.189.91.38 80]

W: Failed to fetch http://us.archive.ubuntu.com/ubuntu/dists/precise/main/binary-i386/Packages  404  Not Found [IP: 91.189.91.38 80]

W: Failed to fetch http://us.archive.ubuntu.com/ubuntu/dists/precise/restricted/binary-i386/Packages  404  Not Found [IP: 91.189.91.38 80]

W: Failed to fetch http://us.archive.ubuntu.com/ubuntu/dists/precise/universe/binary-i386/Packages  404  Not Found [IP: 91.189.91.38 80]

W: Failed to fetch http://us.archive.ubuntu.com/ubuntu/dists/precise/multiverse/binary-i386/Packages  404  Not Found [IP: 91.189.91.38 80]

W: Failed to fetch http://us.archive.ubuntu.com/ubuntu/dists/precise-updates/main/source/Sources  404  Not Found [IP: 91.189.91.38 80]

W: Failed to fetch http://us.archive.ubuntu.com/ubuntu/dists/precise-updates/restricted/source/Sources  404  Not Found [IP: 91.189.91.38 80]

W: Failed to fetch http://us.archive.ubuntu.com/ubuntu/dists/precise-updates/universe/source/Sources  404  Not Found [IP: 91.189.91.38 80]

W: Failed to fetch http://us.archive.ubuntu.com/ubuntu/dists/precise-updates/multiverse/source/Sources  404  Not Found [IP: 91.189.91.38 80]

W: Failed to fetch http://us.archive.ubuntu.com/ubuntu/dists/precise-updates/main/binary-amd64/Packages  404  Not Found [IP: 91.189.91.38 80]

W: Failed to fetch http://us.archive.ubuntu.com/ubuntu/dists/precise-updates/restricted/binary-amd64/Packages  404  Not Found [IP: 91.189.91.38 80]

W: Failed to fetch http://us.archive.ubuntu.com/ubuntu/dists/precise-updates/universe/binary-amd64/Packages  404  Not Found [IP: 91.189.91.38 80]

W: Failed to fetch http://us.archive.ubuntu.com/ubuntu/dists/precise-updates/multiverse/binary-amd64/Packages  404  Not Found [IP: 91.189.91.38 80]

W: Failed to fetch http://us.archive.ubuntu.com/ubuntu/dists/precise-updates/main/binary-i386/Packages  404  Not Found [IP: 91.189.91.38 80]

W: Failed to fetch http://us.archive.ubuntu.com/ubuntu/dists/precise-updates/restricted/binary-i386/Packages  404  Not Found [IP: 91.189.91.38 80]

W: Failed to fetch http://us.archive.ubuntu.com/ubuntu/dists/precise-updates/universe/binary-i386/Packages  404  Not Found [IP: 91.189.91.38 80]

W: Failed to fetch http://us.archive.ubuntu.com/ubuntu/dists/precise-updates/multiverse/binary-i386/Packages  404  Not Found [IP: 91.189.91.38 80]

W: Failed to fetch http://us.archive.ubuntu.com/ubuntu/dists/precise-backports/main/source/Sources  404  Not Found [IP: 91.189.91.38 80]

W: Failed to fetch http://us.archive.ubuntu.com/ubuntu/dists/precise-backports/restricted/source/Sources  404  Not Found [IP: 91.189.91.38 80]

W: Failed to fetch http://us.archive.ubuntu.com/ubuntu/dists/precise-backports/universe/source/Sources  404  Not Found [IP: 91.189.91.38 80]

W: Failed to fetch http://us.archive.ubuntu.com/ubuntu/dists/precise-backports/multiverse/source/Sources  404  Not Found [IP: 91.189.91.38 80]

W: Failed to fetch http://us.archive.ubuntu.com/ubuntu/dists/precise-backports/main/binary-amd64/Packages  404  Not Found [IP: 91.189.91.38 80]

W: Failed to fetch http://us.archive.ubuntu.com/ubuntu/dists/precise-backports/restricted/binary-amd64/Packages  404  Not Found [IP: 91.189.91.38 80]

W: Failed to fetch http://us.archive.ubuntu.com/ubuntu/dists/precise-backports/universe/binary-amd64/Packages  404  Not Found [IP: 91.189.91.38 80]

W: Failed to fetch http://us.archive.ubuntu.com/ubuntu/dists/precise-backports/multiverse/binary-amd64/Packages  404  Not Found [IP: 91.189.91.38 80]

W: Failed to fetch http://us.archive.ubuntu.com/ubuntu/dists/precise-backports/main/binary-i386/Packages  404  Not Found [IP: 91.189.91.38 80]

W: Failed to fetch http://us.archive.ubuntu.com/ubuntu/dists/precise-backports/restricted/binary-i386/Packages  404  Not Found [IP: 91.189.91.38 80]

W: Failed to fetch http://us.archive.ubuntu.com/ubuntu/dists/precise-backports/universe/binary-i386/Packages  404  Not Found [IP: 91.189.91.38 80]

W: Failed to fetch http://us.archive.ubuntu.com/ubuntu/dists/precise-backports/multiverse/binary-i386/Packages  404  Not Found [IP: 91.189.91.38 80]

E: Some index files failed to download. They have been ignored, or old ones used instead.
sed: cannot rename /etc/hosts: Device or resource busy
sed: cannot rename /etc/hosts: Device or resource busy
$ jdk_switcher use oraclejdk8
Switching to Oracle JDK8 (java-8-oracle), JAVA_HOME will be set to /usr/lib/jvm/java-8-oracle
$ cd failed/square/retrofit

[33;1mSetting environment variables from .travis.yml[0m
$ export CI_DEPLOY_USERNAME=[secure]
$ export CI_DEPLOY_PASSWORD=[secure]

travis_fold:start:cache.1[0KSetting up build cache
$ export CASHER_DIR=$HOME/.casher
travis_time:start:1909bcd2[0K
travis_time:end:1909bcd2:start=1645889570191005521,finish=1645889570200220763,duration=9215242[0Ktravis_time:start:0f78b6b7[0K/home/travis/.casher/bin/casher:213:in `cache_archive_name': undefined method `[]' for nil:NilClass (NoMethodError)
	from /home/travis/.casher/bin/casher:65:in `block in fetch'
	from /home/travis/.casher/bin/casher:64:in `each'
	from /home/travis/.casher/bin/casher:64:in `fetch'
	from /home/travis/.casher/bin/casher:53:in `block in run'
	from /home/travis/.rvm/rubies/ruby-1.9.3-p551/lib/ruby/1.9.1/timeout.rb:69:in `timeout'
	from /home/travis/.casher/bin/casher:53:in `run'
	from /home/travis/.casher/bin/casher:263:in `<main>'
[32;1mattempting to download cache archive[0m

travis_time:end:0f78b6b7:start=1645889570210104875,finish=1645889570998631052,duration=788526177[0Ktravis_time:start:0743929b[0K
travis_time:end:0743929b:start=1645889571007977464,finish=1645889571015979506,duration=8002042[0Ktravis_time:start:29e1f9a3[0K[32;1madding /home/travis/.m2 to cache[0m

travis_time:end:29e1f9a3:start=1645889571025661115,finish=1645889572230156005,duration=1204494890[0Ktravis_fold:end:cache.1[0K$ java -Xmx32m -version
java version "1.8.0_31"
Java(TM) SE Runtime Environment (build 1.8.0_31-b13)
Java HotSpot(TM) 64-Bit Server VM (build 25.31-b07, mixed mode)
$ javac -J-Xmx32m -version
javac 1.8.0_31
travis_fold:start:install[0Ktravis_time:start:26a50fd4[0K$ mvn -o install -Dhttps.protocols=TLSv1.2 -DskipTests=true -Dmaven.javadoc.skip=true -B -V
Java HotSpot(TM) 64-Bit Server VM warning: ignoring option MaxPermSize=192m; support was removed in 8.0
Apache Maven 3.2.5 (12a6b3acb947671f09b81f49094c53f426d8cea1; 2014-12-14T17:29:23+00:00)
Maven home: /usr/local/maven
Java version: 1.8.0_31, vendor: Oracle Corporation
Java home: /usr/lib/jvm/java-8-oracle/jre
Default locale: en_US, platform encoding: UTF-8
OS name: "linux", version: "4.15.0-109-generic", arch: "amd64", family: "unix"
[INFO] Scanning for projects...
[WARNING] 
[WARNING] Some problems were encountered while building the effective model for com.squareup.retrofit2:samples:jar:2.0.0-SNAPSHOT
[WARNING] 'build.plugins.plugin.version' for org.apache.maven.plugins:maven-deploy-plugin is missing. @ com.squareup.retrofit2:samples:[unknown-version], /home/travis/build/failed/square/retrofit/samples/pom.xml, line 50, column 15
[WARNING] 
[WARNING] It is highly recommended to fix these problems because they threaten the stability of your build.
[WARNING] 
[WARNING] For this reason, future Maven versions might no longer support building such malformed projects.
[WARNING] 
[INFO] ------------------------------------------------------------------------
[INFO] Reactor Build Order:
[INFO] 
[INFO] Retrofit (Parent)
[INFO] Retrofit
[INFO] Adapters
[INFO] Adapter: Guava
[INFO] Adapter: Java 8
[INFO] Adapter: RxJava
[INFO] Converters
[INFO] Converter: Gson
[INFO] Converter: Protocol Buffers
[INFO] Converter: Jackson
[INFO] Converter: Wire Protocol Buffers
[INFO] Converter: SimpleXML
[INFO] Converter: Java Scalars
[INFO] Converter: Moshi
[INFO] Retrofit Mock Adapter
[INFO] Samples
[INFO]                                                                         
[INFO] ------------------------------------------------------------------------
[INFO] Building Retrofit (Parent) 2.0.0-SNAPSHOT
[INFO] ------------------------------------------------------------------------
[INFO] 
[INFO] --- maven-enforcer-plugin:1.0:enforce (enforce-maven) @ parent ---
[INFO] 
[INFO] --- animal-sniffer-maven-plugin:1.14:check (default) @ parent ---
[INFO] Checking unresolved references to org.codehaus.mojo.signature:java16:1.1
[INFO] 
[INFO] --- maven-javadoc-plugin:2.10.3:jar (attach-javadocs) @ parent ---
[INFO] Skipping javadoc generation
[INFO] 
[INFO] --- maven-checkstyle-plugin:2.15:checkstyle (default) @ parent ---
[INFO] 
[INFO] --- maven-install-plugin:2.4:install (default-install) @ parent ---
[INFO] Installing /home/travis/build/failed/square/retrofit/pom.xml to /home/travis/.m2/repository/com/squareup/retrofit2/parent/2.0.0-SNAPSHOT/parent-2.0.0-SNAPSHOT.pom
[INFO]                                                                         
[INFO] ------------------------------------------------------------------------
[INFO] Building Retrofit 2.0.0-SNAPSHOT
[INFO] ------------------------------------------------------------------------
[INFO] 
[INFO] --- maven-enforcer-plugin:1.0:enforce (enforce-maven) @ retrofit ---
[INFO] 
[INFO] --- maven-resources-plugin:2.6:resources (default-resources) @ retrofit ---
[INFO] Using 'UTF-8' encoding to copy filtered resources.
[INFO] skip non existing resourceDirectory /home/travis/build/failed/square/retrofit/retrofit/src/main/resources
[INFO] 
[INFO] --- maven-compiler-plugin:3.0:compile (default-compile) @ retrofit ---
[INFO] Changes detected - recompiling the module!
[INFO] Compiling 43 source files to /home/travis/build/failed/square/retrofit/retrofit/target/classes
[WARNING] /home/travis/build/failed/square/retrofit/retrofit/src/main/java/retrofit2/Retrofit.java: Some input files use unchecked or unsafe operations.
[WARNING] /home/travis/build/failed/square/retrofit/retrofit/src/main/java/retrofit2/Retrofit.java: Recompile with -Xlint:unchecked for details.
[INFO] 
[INFO] --- maven-resources-plugin:2.6:testResources (default-testResources) @ retrofit ---
[INFO] Using 'UTF-8' encoding to copy filtered resources.
[INFO] skip non existing resourceDirectory /home/travis/build/failed/square/retrofit/retrofit/src/test/resources
[INFO] 
[INFO] --- maven-compiler-plugin:3.0:testCompile (default-testCompile) @ retrofit ---
[INFO] Changes detected - recompiling the module!
[INFO] Compiling 13 source files to /home/travis/build/failed/square/retrofit/retrofit/target/test-classes
[WARNING] /home/travis/build/failed/square/retrofit/retrofit/src/test/java/retrofit2/RetrofitTest.java: /home/travis/build/failed/square/retrofit/retrofit/src/test/java/retrofit2/RetrofitTest.java uses unchecked or unsafe operations.
[WARNING] /home/travis/build/failed/square/retrofit/retrofit/src/test/java/retrofit2/RetrofitTest.java: Recompile with -Xlint:unchecked for details.
[INFO] 
[INFO] --- maven-surefire-plugin:2.12.4:test (default-test) @ retrofit ---
[INFO] Tests are skipped.
[INFO] 
[INFO] --- animal-sniffer-maven-plugin:1.14:check (default) @ retrofit ---
[INFO] Checking unresolved references to org.codehaus.mojo.signature:java16:1.1
[INFO] 
[INFO] --- maven-jar-plugin:2.4:jar (default-jar) @ retrofit ---
[INFO] Building jar: /home/travis/build/failed/square/retrofit/retrofit/target/retrofit-2.0.0-SNAPSHOT.jar
[INFO] 
[INFO] --- maven-javadoc-plugin:2.10.3:jar (attach-javadocs) @ retrofit ---
[INFO] Skipping javadoc generation
[INFO] 
[INFO] --- maven-checkstyle-plugin:2.15:checkstyle (default) @ retrofit ---
[INFO] Starting audit...
Audit done.
[WARNING] Unable to locate Source XRef to link to - DISABLED
[INFO] 
[INFO] --- maven-install-plugin:2.4:install (default-install) @ retrofit ---
[INFO] Installing /home/travis/build/failed/square/retrofit/retrofit/target/retrofit-2.0.0-SNAPSHOT.jar to /home/travis/.m2/repository/com/squareup/retrofit2/retrofit/2.0.0-SNAPSHOT/retrofit-2.0.0-SNAPSHOT.jar
[INFO] Installing /home/travis/build/failed/square/retrofit/retrofit/pom.xml to /home/travis/.m2/repository/com/squareup/retrofit2/retrofit/2.0.0-SNAPSHOT/retrofit-2.0.0-SNAPSHOT.pom
[INFO]                                                                         
[INFO] ------------------------------------------------------------------------
[INFO] Building Adapters 2.0.0-SNAPSHOT
[INFO] ------------------------------------------------------------------------
[INFO] 
[INFO] --- maven-enforcer-plugin:1.0:enforce (enforce-maven) @ retrofit-adapters ---
[INFO] 
[INFO] --- animal-sniffer-maven-plugin:1.14:check (default) @ retrofit-adapters ---
[INFO] Checking unresolved references to org.codehaus.mojo.signature:java16:1.1
[INFO] 
[INFO] --- maven-javadoc-plugin:2.10.3:jar (attach-javadocs) @ retrofit-adapters ---
[INFO] Skipping javadoc generation
[INFO] 
[INFO] --- maven-checkstyle-plugin:2.15:checkstyle (default) @ retrofit-adapters ---
[INFO] 
[INFO] --- maven-install-plugin:2.4:install (default-install) @ retrofit-adapters ---
[INFO] Installing /home/travis/build/failed/square/retrofit/retrofit-adapters/pom.xml to /home/travis/.m2/repository/com/squareup/retrofit2/retrofit-adapters/2.0.0-SNAPSHOT/retrofit-adapters-2.0.0-SNAPSHOT.pom
[INFO]                                                                         
[INFO] ------------------------------------------------------------------------
[INFO] Building Adapter: Guava 2.0.0-SNAPSHOT
[INFO] ------------------------------------------------------------------------
[INFO] 
[INFO] --- maven-enforcer-plugin:1.0:enforce (enforce-maven) @ adapter-guava ---
[INFO] 
[INFO] --- maven-resources-plugin:2.6:resources (default-resources) @ adapter-guava ---
[INFO] Using 'UTF-8' encoding to copy filtered resources.
[INFO] skip non existing resourceDirectory /home/travis/build/failed/square/retrofit/retrofit-adapters/guava/src/main/resources
[INFO] 
[INFO] --- maven-compiler-plugin:3.0:compile (default-compile) @ adapter-guava ---
[INFO] Changes detected - recompiling the module!
[INFO] Compiling 2 source files to /home/travis/build/failed/square/retrofit/retrofit-adapters/guava/target/classes
[INFO] 
[INFO] --- maven-resources-plugin:2.6:testResources (default-testResources) @ adapter-guava ---
[INFO] Using 'UTF-8' encoding to copy filtered resources.
[INFO] skip non existing resourceDirectory /home/travis/build/failed/square/retrofit/retrofit-adapters/guava/src/test/resources
[INFO] 
[INFO] --- maven-compiler-plugin:3.0:testCompile (default-testCompile) @ adapter-guava ---
[INFO] Changes detected - recompiling the module!
[INFO] Compiling 3 source files to /home/travis/build/failed/square/retrofit/retrofit-adapters/guava/target/test-classes
[INFO] 
[INFO] --- maven-surefire-plugin:2.12.4:test (default-test) @ adapter-guava ---
[INFO] Tests are skipped.
[INFO] 
[INFO] --- animal-sniffer-maven-plugin:1.14:check (default) @ adapter-guava ---
[INFO] Checking unresolved references to org.codehaus.mojo.signature:java16:1.1
[INFO] 
[INFO] --- maven-jar-plugin:2.4:jar (default-jar) @ adapter-guava ---
[INFO] Building jar: /home/travis/build/failed/square/retrofit/retrofit-adapters/guava/target/adapter-guava-2.0.0-SNAPSHOT.jar
[INFO] 
[INFO] --- maven-javadoc-plugin:2.10.3:jar (attach-javadocs) @ adapter-guava ---
[INFO] Skipping javadoc generation
[INFO] 
[INFO] --- maven-checkstyle-plugin:2.15:checkstyle (default) @ adapter-guava ---
[INFO] Starting audit...
Audit done.
[WARNING] Unable to locate Source XRef to link to - DISABLED
[INFO] 
[INFO] --- maven-install-plugin:2.4:install (default-install) @ adapter-guava ---
[INFO] Installing /home/travis/build/failed/square/retrofit/retrofit-adapters/guava/target/adapter-guava-2.0.0-SNAPSHOT.jar to /home/travis/.m2/repository/com/squareup/retrofit2/adapter-guava/2.0.0-SNAPSHOT/adapter-guava-2.0.0-SNAPSHOT.jar
[INFO] Installing /home/travis/build/failed/square/retrofit/retrofit-adapters/guava/pom.xml to /home/travis/.m2/repository/com/squareup/retrofit2/adapter-guava/2.0.0-SNAPSHOT/adapter-guava-2.0.0-SNAPSHOT.pom
[INFO]                                                                         
[INFO] ------------------------------------------------------------------------
[INFO] Building Adapter: Java 8 2.0.0-SNAPSHOT
[INFO] ------------------------------------------------------------------------
[INFO] 
[INFO] --- maven-enforcer-plugin:1.0:enforce (enforce-maven) @ adapter-java8 ---
[INFO] 
[INFO] --- maven-resources-plugin:2.6:resources (default-resources) @ adapter-java8 ---
[INFO] Using 'UTF-8' encoding to copy filtered resources.
[INFO] skip non existing resourceDirectory /home/travis/build/failed/square/retrofit/retrofit-adapters/java8/src/main/resources
[INFO] 
[INFO] --- maven-compiler-plugin:3.0:compile (default-compile) @ adapter-java8 ---
[INFO] Changes detected - recompiling the module!
[INFO] Compiling 2 source files to /home/travis/build/failed/square/retrofit/retrofit-adapters/java8/target/classes
[INFO] 
[INFO] --- maven-resources-plugin:2.6:testResources (default-testResources) @ adapter-java8 ---
[INFO] Using 'UTF-8' encoding to copy filtered resources.
[INFO] skip non existing resourceDirectory /home/travis/build/failed/square/retrofit/retrofit-adapters/java8/src/test/resources
[INFO] 
[INFO] --- maven-compiler-plugin:3.0:testCompile (default-testCompile) @ adapter-java8 ---
[INFO] Changes detected - recompiling the module!
[INFO] Compiling 3 source files to /home/travis/build/failed/square/retrofit/retrofit-adapters/java8/target/test-classes
[INFO] 
[INFO] --- maven-surefire-plugin:2.12.4:test (default-test) @ adapter-java8 ---
[INFO] Tests are skipped.
[INFO] 
[INFO] --- animal-sniffer-maven-plugin:1.14:check (default) @ adapter-java8 ---
[INFO] Checking unresolved references to org.kaazing.mojo.signature:java18:1.0
[INFO] 
[INFO] --- maven-jar-plugin:2.4:jar (default-jar) @ adapter-java8 ---
[INFO] Building jar: /home/travis/build/failed/square/retrofit/retrofit-adapters/java8/target/adapter-java8-2.0.0-SNAPSHOT.jar
[INFO] 
[INFO] --- maven-javadoc-plugin:2.10.3:jar (attach-javadocs) @ adapter-java8 ---
[INFO] Skipping javadoc generation
[INFO] 
[INFO] --- maven-checkstyle-plugin:2.15:checkstyle (default) @ adapter-java8 ---
[INFO] Starting audit...
Audit done.
[WARNING] Unable to locate Source XRef to link to - DISABLED
[INFO] 
[INFO] --- maven-install-plugin:2.4:install (default-install) @ adapter-java8 ---
[INFO] Installing /home/travis/build/failed/square/retrofit/retrofit-adapters/java8/target/adapter-java8-2.0.0-SNAPSHOT.jar to /home/travis/.m2/repository/com/squareup/retrofit2/adapter-java8/2.0.0-SNAPSHOT/adapter-java8-2.0.0-SNAPSHOT.jar
[INFO] Installing /home/travis/build/failed/square/retrofit/retrofit-adapters/java8/pom.xml to /home/travis/.m2/repository/com/squareup/retrofit2/adapter-java8/2.0.0-SNAPSHOT/adapter-java8-2.0.0-SNAPSHOT.pom
[INFO]                                                                         
[INFO] ------------------------------------------------------------------------
[INFO] Building Adapter: RxJava 2.0.0-SNAPSHOT
[INFO] ------------------------------------------------------------------------
[INFO] 
[INFO] --- maven-enforcer-plugin:1.0:enforce (enforce-maven) @ adapter-rxjava ---
[INFO] 
[INFO] --- maven-resources-plugin:2.6:resources (default-resources) @ adapter-rxjava ---
[INFO] Using 'UTF-8' encoding to copy filtered resources.
[INFO] skip non existing resourceDirectory /home/travis/build/failed/square/retrofit/retrofit-adapters/rxjava/src/main/resources
[INFO] 
[INFO] --- maven-compiler-plugin:3.0:compile (default-compile) @ adapter-rxjava ---
[INFO] Changes detected - recompiling the module!
[INFO] Compiling 5 source files to /home/travis/build/failed/square/retrofit/retrofit-adapters/rxjava/target/classes
[INFO] 
[INFO] --- maven-resources-plugin:2.6:testResources (default-testResources) @ adapter-rxjava ---
[INFO] Using 'UTF-8' encoding to copy filtered resources.
[INFO] skip non existing resourceDirectory /home/travis/build/failed/square/retrofit/retrofit-adapters/rxjava/src/test/resources
[INFO] 
[INFO] --- maven-compiler-plugin:3.0:testCompile (default-testCompile) @ adapter-rxjava ---
[INFO] Changes detected - recompiling the module!
[INFO] Compiling 9 source files to /home/travis/build/failed/square/retrofit/retrofit-adapters/rxjava/target/test-classes
[INFO] 
[INFO] --- maven-surefire-plugin:2.12.4:test (default-test) @ adapter-rxjava ---
[INFO] Tests are skipped.
[INFO] 
[INFO] --- animal-sniffer-maven-plugin:1.14:check (default) @ adapter-rxjava ---
[INFO] Checking unresolved references to org.codehaus.mojo.signature:java16:1.1
[INFO] 
[INFO] --- maven-jar-plugin:2.4:jar (default-jar) @ adapter-rxjava ---
[INFO] Building jar: /home/travis/build/failed/square/retrofit/retrofit-adapters/rxjava/target/adapter-rxjava-2.0.0-SNAPSHOT.jar
[INFO] 
[INFO] --- maven-javadoc-plugin:2.10.3:jar (attach-javadocs) @ adapter-rxjava ---
[INFO] Skipping javadoc generation
[INFO] 
[INFO] --- maven-checkstyle-plugin:2.15:checkstyle (default) @ adapter-rxjava ---
[INFO] Starting audit...
Audit done.
[WARNING] Unable to locate Source XRef to link to - DISABLED
[INFO] 
[INFO] --- maven-install-plugin:2.4:install (default-install) @ adapter-rxjava ---
[INFO] Installing /home/travis/build/failed/square/retrofit/retrofit-adapters/rxjava/target/adapter-rxjava-2.0.0-SNAPSHOT.jar to /home/travis/.m2/repository/com/squareup/retrofit2/adapter-rxjava/2.0.0-SNAPSHOT/adapter-rxjava-2.0.0-SNAPSHOT.jar
[INFO] Installing /home/travis/build/failed/square/retrofit/retrofit-adapters/rxjava/pom.xml to /home/travis/.m2/repository/com/squareup/retrofit2/adapter-rxjava/2.0.0-SNAPSHOT/adapter-rxjava-2.0.0-SNAPSHOT.pom
[INFO]                                                                         
[INFO] ------------------------------------------------------------------------
[INFO] Building Converters 2.0.0-SNAPSHOT
[INFO] ------------------------------------------------------------------------
[INFO] 
[INFO] --- maven-enforcer-plugin:1.0:enforce (enforce-maven) @ retrofit-converters ---
[INFO] 
[INFO] --- animal-sniffer-maven-plugin:1.14:check (default) @ retrofit-converters ---
[INFO] Checking unresolved references to org.codehaus.mojo.signature:java16:1.1
[INFO] 
[INFO] --- maven-javadoc-plugin:2.10.3:jar (attach-javadocs) @ retrofit-converters ---
[INFO] Skipping javadoc generation
[INFO] 
[INFO] --- maven-checkstyle-plugin:2.15:checkstyle (default) @ retrofit-converters ---
[INFO] 
[INFO] --- maven-install-plugin:2.4:install (default-install) @ retrofit-converters ---
[INFO] Installing /home/travis/build/failed/square/retrofit/retrofit-converters/pom.xml to /home/travis/.m2/repository/com/squareup/retrofit2/retrofit-converters/2.0.0-SNAPSHOT/retrofit-converters-2.0.0-SNAPSHOT.pom
[INFO]                                                                         
[INFO] ------------------------------------------------------------------------
[INFO] Building Converter: Gson 2.0.0-SNAPSHOT
[INFO] ------------------------------------------------------------------------
[INFO] 
[INFO] --- maven-enforcer-plugin:1.0:enforce (enforce-maven) @ converter-gson ---
[INFO] 
[INFO] --- maven-resources-plugin:2.6:resources (default-resources) @ converter-gson ---
[INFO] Using 'UTF-8' encoding to copy filtered resources.
[INFO] skip non existing resourceDirectory /home/travis/build/failed/square/retrofit/retrofit-converters/gson/src/main/resources
[INFO] 
[INFO] --- maven-compiler-plugin:3.0:compile (default-compile) @ converter-gson ---
[INFO] Changes detected - recompiling the module!
[INFO] Compiling 3 source files to /home/travis/build/failed/square/retrofit/retrofit-converters/gson/target/classes
[INFO] 
[INFO] --- maven-resources-plugin:2.6:testResources (default-testResources) @ converter-gson ---
[INFO] Using 'UTF-8' encoding to copy filtered resources.
[INFO] skip non existing resourceDirectory /home/travis/build/failed/square/retrofit/retrofit-converters/gson/src/test/resources
[INFO] 
[INFO] --- maven-compiler-plugin:3.0:testCompile (default-testCompile) @ converter-gson ---
[INFO] Changes detected - recompiling the module!
[INFO] Compiling 1 source file to /home/travis/build/failed/square/retrofit/retrofit-converters/gson/target/test-classes
[INFO] 
[INFO] --- maven-surefire-plugin:2.12.4:test (default-test) @ converter-gson ---
[INFO] Tests are skipped.
[INFO] 
[INFO] --- animal-sniffer-maven-plugin:1.14:check (default) @ converter-gson ---
[INFO] Checking unresolved references to org.codehaus.mojo.signature:java16:1.1
[INFO] 
[INFO] --- maven-jar-plugin:2.4:jar (default-jar) @ converter-gson ---
[INFO] Building jar: /home/travis/build/failed/square/retrofit/retrofit-converters/gson/target/converter-gson-2.0.0-SNAPSHOT.jar
[INFO] 
[INFO] --- maven-javadoc-plugin:2.10.3:jar (attach-javadocs) @ converter-gson ---
[INFO] Skipping javadoc generation
[INFO] 
[INFO] --- maven-checkstyle-plugin:2.15:checkstyle (default) @ converter-gson ---
[INFO] Starting audit...
Audit done.
[WARNING] Unable to locate Source XRef to link to - DISABLED
[INFO] 
[INFO] --- maven-install-plugin:2.4:install (default-install) @ converter-gson ---
[INFO] Installing /home/travis/build/failed/square/retrofit/retrofit-converters/gson/target/converter-gson-2.0.0-SNAPSHOT.jar to /home/travis/.m2/repository/com/squareup/retrofit2/converter-gson/2.0.0-SNAPSHOT/converter-gson-2.0.0-SNAPSHOT.jar
[INFO] Installing /home/travis/build/failed/square/retrofit/retrofit-converters/gson/pom.xml to /home/travis/.m2/repository/com/squareup/retrofit2/converter-gson/2.0.0-SNAPSHOT/converter-gson-2.0.0-SNAPSHOT.pom
[INFO]                                                                         
[INFO] ------------------------------------------------------------------------
[INFO] Building Converter: Protocol Buffers 2.0.0-SNAPSHOT
[INFO] ------------------------------------------------------------------------
[INFO] 
[INFO] --- maven-enforcer-plugin:1.0:enforce (enforce-maven) @ converter-protobuf ---
[INFO] 
[INFO] --- maven-resources-plugin:2.6:resources (default-resources) @ converter-protobuf ---
[INFO] Using 'UTF-8' encoding to copy filtered resources.
[INFO] skip non existing resourceDirectory /home/travis/build/failed/square/retrofit/retrofit-converters/protobuf/src/main/resources
[INFO] 
[INFO] --- maven-compiler-plugin:3.0:compile (default-compile) @ converter-protobuf ---
[INFO] Changes detected - recompiling the module!
[INFO] Compiling 3 source files to /home/travis/build/failed/square/retrofit/retrofit-converters/protobuf/target/classes
[WARNING] /home/travis/build/failed/square/retrofit/retrofit-converters/protobuf/src/main/java/retrofit2/converter/protobuf/ProtoConverterFactory.java: /home/travis/build/failed/square/retrofit/retrofit-converters/protobuf/src/main/java/retrofit2/converter/protobuf/ProtoConverterFactory.java uses unchecked or unsafe operations.
[WARNING] /home/travis/build/failed/square/retrofit/retrofit-converters/protobuf/src/main/java/retrofit2/converter/protobuf/ProtoConverterFactory.java: Recompile with -Xlint:unchecked for details.
[INFO] 
[INFO] --- maven-resources-plugin:2.6:testResources (default-testResources) @ converter-protobuf ---
[INFO] Using 'UTF-8' encoding to copy filtered resources.
[INFO] skip non existing resourceDirectory /home/travis/build/failed/square/retrofit/retrofit-converters/protobuf/src/test/resources
[INFO] 
[INFO] --- maven-compiler-plugin:3.0:testCompile (default-testCompile) @ converter-protobuf ---
[INFO] Changes detected - recompiling the module!
[INFO] Compiling 2 source files to /home/travis/build/failed/square/retrofit/retrofit-converters/protobuf/target/test-classes
[INFO] 
[INFO] --- maven-surefire-plugin:2.12.4:test (default-test) @ converter-protobuf ---
[INFO] Tests are skipped.
[INFO] 
[INFO] --- animal-sniffer-maven-plugin:1.14:check (default) @ converter-protobuf ---
[INFO] Checking unresolved references to org.codehaus.mojo.signature:java16:1.1
[INFO] 
[INFO] --- maven-jar-plugin:2.4:jar (default-jar) @ converter-protobuf ---
[INFO] Building jar: /home/travis/build/failed/square/retrofit/retrofit-converters/protobuf/target/converter-protobuf-2.0.0-SNAPSHOT.jar
[INFO] 
[INFO] --- maven-javadoc-plugin:2.10.3:jar (attach-javadocs) @ converter-protobuf ---
[INFO] Skipping javadoc generation
[INFO] 
[INFO] --- maven-checkstyle-plugin:2.15:checkstyle (default) @ converter-protobuf ---
[INFO] Starting audit...
Audit done.
[WARNING] Unable to locate Source XRef to link to - DISABLED
[INFO] 
[INFO] --- maven-install-plugin:2.4:install (default-install) @ converter-protobuf ---
[INFO] Installing /home/travis/build/failed/square/retrofit/retrofit-converters/protobuf/target/converter-protobuf-2.0.0-SNAPSHOT.jar to /home/travis/.m2/repository/com/squareup/retrofit2/converter-protobuf/2.0.0-SNAPSHOT/converter-protobuf-2.0.0-SNAPSHOT.jar
[INFO] Installing /home/travis/build/failed/square/retrofit/retrofit-converters/protobuf/pom.xml to /home/travis/.m2/repository/com/squareup/retrofit2/converter-protobuf/2.0.0-SNAPSHOT/converter-protobuf-2.0.0-SNAPSHOT.pom
[INFO]                                                                         
[INFO] ------------------------------------------------------------------------
[INFO] Building Converter: Jackson 2.0.0-SNAPSHOT
[INFO] ------------------------------------------------------------------------
[INFO] 
[INFO] --- maven-enforcer-plugin:1.0:enforce (enforce-maven) @ converter-jackson ---
[INFO] 
[INFO] --- maven-resources-plugin:2.6:resources (default-resources) @ converter-jackson ---
[INFO] Using 'UTF-8' encoding to copy filtered resources.
[INFO] skip non existing resourceDirectory /home/travis/build/failed/square/retrofit/retrofit-converters/jackson/src/main/resources
[INFO] 
[INFO] --- maven-compiler-plugin:3.0:compile (default-compile) @ converter-jackson ---
[INFO] Changes detected - recompiling the module!
[INFO] Compiling 3 source files to /home/travis/build/failed/square/retrofit/retrofit-converters/jackson/target/classes
[WARNING] /home/travis/build/failed/square/retrofit/retrofit-converters/jackson/src/main/java/retrofit2/converter/jackson/JacksonConverterFactory.java: /home/travis/build/failed/square/retrofit/retrofit-converters/jackson/src/main/java/retrofit2/converter/jackson/JacksonConverterFactory.java uses or overrides a deprecated API.
[WARNING] /home/travis/build/failed/square/retrofit/retrofit-converters/jackson/src/main/java/retrofit2/converter/jackson/JacksonConverterFactory.java: Recompile with -Xlint:deprecation for details.
[INFO] 
[INFO] --- maven-resources-plugin:2.6:testResources (default-testResources) @ converter-jackson ---
[INFO] Using 'UTF-8' encoding to copy filtered resources.
[INFO] skip non existing resourceDirectory /home/travis/build/failed/square/retrofit/retrofit-converters/jackson/src/test/resources
[INFO] 
[INFO] --- maven-compiler-plugin:3.0:testCompile (default-testCompile) @ converter-jackson ---
[INFO] Changes detected - recompiling the module!
[INFO] Compiling 1 source file to /home/travis/build/failed/square/retrofit/retrofit-converters/jackson/target/test-classes
[WARNING] /home/travis/build/failed/square/retrofit/retrofit-converters/jackson/src/test/java/retrofit2/converter/jackson/JacksonConverterFactoryTest.java: /home/travis/build/failed/square/retrofit/retrofit-converters/jackson/src/test/java/retrofit2/converter/jackson/JacksonConverterFactoryTest.java uses or overrides a deprecated API.
[WARNING] /home/travis/build/failed/square/retrofit/retrofit-converters/jackson/src/test/java/retrofit2/converter/jackson/JacksonConverterFactoryTest.java: Recompile with -Xlint:deprecation for details.
[INFO] 
[INFO] --- maven-surefire-plugin:2.12.4:test (default-test) @ converter-jackson ---
[INFO] Tests are skipped.
[INFO] 
[INFO] --- animal-sniffer-maven-plugin:1.14:check (default) @ converter-jackson ---
[INFO] Checking unresolved references to org.codehaus.mojo.signature:java16:1.1
[INFO] 
[INFO] --- maven-jar-plugin:2.4:jar (default-jar) @ converter-jackson ---
[INFO] Building jar: /home/travis/build/failed/square/retrofit/retrofit-converters/jackson/target/converter-jackson-2.0.0-SNAPSHOT.jar
[INFO] 
[INFO] --- maven-javadoc-plugin:2.10.3:jar (attach-javadocs) @ converter-jackson ---
[INFO] Skipping javadoc generation
[INFO] 
[INFO] --- maven-checkstyle-plugin:2.15:checkstyle (default) @ converter-jackson ---
[INFO] Starting audit...
Audit done.
[WARNING] Unable to locate Source XRef to link to - DISABLED
[INFO] 
[INFO] --- maven-install-plugin:2.4:install (default-install) @ converter-jackson ---
[INFO] Installing /home/travis/build/failed/square/retrofit/retrofit-converters/jackson/target/converter-jackson-2.0.0-SNAPSHOT.jar to /home/travis/.m2/repository/com/squareup/retrofit2/converter-jackson/2.0.0-SNAPSHOT/converter-jackson-2.0.0-SNAPSHOT.jar
[INFO] Installing /home/travis/build/failed/square/retrofit/retrofit-converters/jackson/pom.xml to /home/travis/.m2/repository/com/squareup/retrofit2/converter-jackson/2.0.0-SNAPSHOT/converter-jackson-2.0.0-SNAPSHOT.pom
[INFO]                                                                         
[INFO] ------------------------------------------------------------------------
[INFO] Building Converter: Wire Protocol Buffers 2.0.0-SNAPSHOT
[INFO] ------------------------------------------------------------------------
[INFO] 
[INFO] --- maven-enforcer-plugin:1.0:enforce (enforce-maven) @ converter-wire ---
[INFO] 
[INFO] --- maven-resources-plugin:2.6:resources (default-resources) @ converter-wire ---
[INFO] Using 'UTF-8' encoding to copy filtered resources.
[INFO] skip non existing resourceDirectory /home/travis/build/failed/square/retrofit/retrofit-converters/wire/src/main/resources
[INFO] 
[INFO] --- maven-compiler-plugin:3.0:compile (default-compile) @ converter-wire ---
[INFO] Changes detected - recompiling the module!
[INFO] Compiling 3 source files to /home/travis/build/failed/square/retrofit/retrofit-converters/wire/target/classes
[WARNING] /home/travis/build/failed/square/retrofit/retrofit-converters/wire/src/main/java/retrofit2/converter/wire/WireConverterFactory.java: /home/travis/build/failed/square/retrofit/retrofit-converters/wire/src/main/java/retrofit2/converter/wire/WireConverterFactory.java uses unchecked or unsafe operations.
[WARNING] /home/travis/build/failed/square/retrofit/retrofit-converters/wire/src/main/java/retrofit2/converter/wire/WireConverterFactory.java: Recompile with -Xlint:unchecked for details.
[INFO] 
[INFO] --- maven-resources-plugin:2.6:testResources (default-testResources) @ converter-wire ---
[INFO] Using 'UTF-8' encoding to copy filtered resources.
[INFO] skip non existing resourceDirectory /home/travis/build/failed/square/retrofit/retrofit-converters/wire/src/test/resources
[INFO] 
[INFO] --- maven-compiler-plugin:3.0:testCompile (default-testCompile) @ converter-wire ---
[INFO] Changes detected - recompiling the module!
[INFO] Compiling 2 source files to /home/travis/build/failed/square/retrofit/retrofit-converters/wire/target/test-classes
[INFO] 
[INFO] --- maven-surefire-plugin:2.12.4:test (default-test) @ converter-wire ---
[INFO] Tests are skipped.
[INFO] 
[INFO] --- animal-sniffer-maven-plugin:1.14:check (default) @ converter-wire ---
[INFO] Checking unresolved references to org.codehaus.mojo.signature:java16:1.1
[INFO] 
[INFO] --- maven-jar-plugin:2.4:jar (default-jar) @ converter-wire ---
[INFO] Building jar: /home/travis/build/failed/square/retrofit/retrofit-converters/wire/target/converter-wire-2.0.0-SNAPSHOT.jar
[INFO] 
[INFO] --- maven-javadoc-plugin:2.10.3:jar (attach-javadocs) @ converter-wire ---
[INFO] Skipping javadoc generation
[INFO] 
[INFO] --- maven-checkstyle-plugin:2.15:checkstyle (default) @ converter-wire ---
[INFO] Starting audit...
Audit done.
[WARNING] Unable to locate Source XRef to link to - DISABLED
[INFO] 
[INFO] --- maven-install-plugin:2.4:install (default-install) @ converter-wire ---
[INFO] Installing /home/travis/build/failed/square/retrofit/retrofit-converters/wire/target/converter-wire-2.0.0-SNAPSHOT.jar to /home/travis/.m2/repository/com/squareup/retrofit2/converter-wire/2.0.0-SNAPSHOT/converter-wire-2.0.0-SNAPSHOT.jar
[INFO] Installing /home/travis/build/failed/square/retrofit/retrofit-converters/wire/pom.xml to /home/travis/.m2/repository/com/squareup/retrofit2/converter-wire/2.0.0-SNAPSHOT/converter-wire-2.0.0-SNAPSHOT.pom
[INFO]                                                                         
[INFO] ------------------------------------------------------------------------
[INFO] Building Converter: SimpleXML 2.0.0-SNAPSHOT
[INFO] ------------------------------------------------------------------------
[INFO] 
[INFO] --- maven-enforcer-plugin:1.0:enforce (enforce-maven) @ converter-simplexml ---
[INFO] 
[INFO] --- maven-resources-plugin:2.6:resources (default-resources) @ converter-simplexml ---
[INFO] Using 'UTF-8' encoding to copy filtered resources.
[INFO] skip non existing resourceDirectory /home/travis/build/failed/square/retrofit/retrofit-converters/simplexml/src/main/resources
[INFO] 
[INFO] --- maven-compiler-plugin:3.0:compile (default-compile) @ converter-simplexml ---
[INFO] Changes detected - recompiling the module!
[INFO] Compiling 3 source files to /home/travis/build/failed/square/retrofit/retrofit-converters/simplexml/target/classes
[INFO] 
[INFO] --- maven-resources-plugin:2.6:testResources (default-testResources) @ converter-simplexml ---
[INFO] Using 'UTF-8' encoding to copy filtered resources.
[INFO] skip non existing resourceDirectory /home/travis/build/failed/square/retrofit/retrofit-converters/simplexml/src/test/resources
[INFO] 
[INFO] --- maven-compiler-plugin:3.0:testCompile (default-testCompile) @ converter-simplexml ---
[INFO] Changes detected - recompiling the module!
[INFO] Compiling 2 source files to /home/travis/build/failed/square/retrofit/retrofit-converters/simplexml/target/test-classes
[INFO] 
[INFO] --- maven-surefire-plugin:2.12.4:test (default-test) @ converter-simplexml ---
[INFO] Tests are skipped.
[INFO] 
[INFO] --- animal-sniffer-maven-plugin:1.14:check (default) @ converter-simplexml ---
[INFO] Checking unresolved references to org.codehaus.mojo.signature:java16:1.1
[INFO] 
[INFO] --- maven-jar-plugin:2.4:jar (default-jar) @ converter-simplexml ---
[INFO] Building jar: /home/travis/build/failed/square/retrofit/retrofit-converters/simplexml/target/converter-simplexml-2.0.0-SNAPSHOT.jar
[INFO] 
[INFO] --- maven-javadoc-plugin:2.10.3:jar (attach-javadocs) @ converter-simplexml ---
[INFO] Skipping javadoc generation
[INFO] 
[INFO] --- maven-checkstyle-plugin:2.15:checkstyle (default) @ converter-simplexml ---
[INFO] Starting audit...
Audit done.
[WARNING] Unable to locate Source XRef to link to - DISABLED
[INFO] 
[INFO] --- maven-install-plugin:2.4:install (default-install) @ converter-simplexml ---
[INFO] Installing /home/travis/build/failed/square/retrofit/retrofit-converters/simplexml/target/converter-simplexml-2.0.0-SNAPSHOT.jar to /home/travis/.m2/repository/com/squareup/retrofit2/converter-simplexml/2.0.0-SNAPSHOT/converter-simplexml-2.0.0-SNAPSHOT.jar
[INFO] Installing /home/travis/build/failed/square/retrofit/retrofit-converters/simplexml/pom.xml to /home/travis/.m2/repository/com/squareup/retrofit2/converter-simplexml/2.0.0-SNAPSHOT/converter-simplexml-2.0.0-SNAPSHOT.pom
[INFO]                                                                         
[INFO] ------------------------------------------------------------------------
[INFO] Building Converter: Java Scalars 2.0.0-SNAPSHOT
[INFO] ------------------------------------------------------------------------
[INFO] 
[INFO] --- maven-enforcer-plugin:1.0:enforce (enforce-maven) @ converter-scalars ---
[INFO] 
[INFO] --- maven-resources-plugin:2.6:resources (default-resources) @ converter-scalars ---
[INFO] Using 'UTF-8' encoding to copy filtered resources.
[INFO] skip non existing resourceDirectory /home/travis/build/failed/square/retrofit/retrofit-converters/scalars/src/main/resources
[INFO] 
[INFO] --- maven-compiler-plugin:3.0:compile (default-compile) @ converter-scalars ---
[INFO] Changes detected - recompiling the module!
[INFO] Compiling 3 source files to /home/travis/build/failed/square/retrofit/retrofit-converters/scalars/target/classes
[INFO] 
[INFO] --- maven-resources-plugin:2.6:testResources (default-testResources) @ converter-scalars ---
[INFO] Using 'UTF-8' encoding to copy filtered resources.
[INFO] skip non existing resourceDirectory /home/travis/build/failed/square/retrofit/retrofit-converters/scalars/src/test/resources
[INFO] 
[INFO] --- maven-compiler-plugin:3.0:testCompile (default-testCompile) @ converter-scalars ---
[INFO] Changes detected - recompiling the module!
[INFO] Compiling 2 source files to /home/travis/build/failed/square/retrofit/retrofit-converters/scalars/target/test-classes
[INFO] 
[INFO] --- maven-surefire-plugin:2.12.4:test (default-test) @ converter-scalars ---
[INFO] Tests are skipped.
[INFO] 
[INFO] --- animal-sniffer-maven-plugin:1.14:check (default) @ converter-scalars ---
[INFO] Checking unresolved references to org.codehaus.mojo.signature:java16:1.1
[INFO] 
[INFO] --- maven-jar-plugin:2.4:jar (default-jar) @ converter-scalars ---
[INFO] Building jar: /home/travis/build/failed/square/retrofit/retrofit-converters/scalars/target/converter-scalars-2.0.0-SNAPSHOT.jar
[INFO] 
[INFO] --- maven-javadoc-plugin:2.10.3:jar (attach-javadocs) @ converter-scalars ---
[INFO] Skipping javadoc generation
[INFO] 
[INFO] --- maven-checkstyle-plugin:2.15:checkstyle (default) @ converter-scalars ---
[INFO] Starting audit...
Audit done.
[WARNING] Unable to locate Source XRef to link to - DISABLED
[INFO] 
[INFO] --- maven-install-plugin:2.4:install (default-install) @ converter-scalars ---
[INFO] Installing /home/travis/build/failed/square/retrofit/retrofit-converters/scalars/target/converter-scalars-2.0.0-SNAPSHOT.jar to /home/travis/.m2/repository/com/squareup/retrofit2/converter-scalars/2.0.0-SNAPSHOT/converter-scalars-2.0.0-SNAPSHOT.jar
[INFO] Installing /home/travis/build/failed/square/retrofit/retrofit-converters/scalars/pom.xml to /home/travis/.m2/repository/com/squareup/retrofit2/converter-scalars/2.0.0-SNAPSHOT/converter-scalars-2.0.0-SNAPSHOT.pom
[INFO]                                                                         
[INFO] ------------------------------------------------------------------------
[INFO] Building Converter: Moshi 2.0.0-SNAPSHOT
[INFO] ------------------------------------------------------------------------
[INFO] 
[INFO] --- maven-enforcer-plugin:1.0:enforce (enforce-maven) @ converter-moshi ---
[INFO] 
[INFO] --- maven-resources-plugin:2.6:resources (default-resources) @ converter-moshi ---
[INFO] Using 'UTF-8' encoding to copy filtered resources.
[INFO] skip non existing resourceDirectory /home/travis/build/failed/square/retrofit/retrofit-converters/moshi/src/main/resources
[INFO] 
[INFO] --- maven-compiler-plugin:3.0:compile (default-compile) @ converter-moshi ---
[INFO] Changes detected - recompiling the module!
[INFO] Compiling 3 source files to /home/travis/build/failed/square/retrofit/retrofit-converters/moshi/target/classes
[INFO] 
[INFO] --- maven-resources-plugin:2.6:testResources (default-testResources) @ converter-moshi ---
[INFO] Using 'UTF-8' encoding to copy filtered resources.
[INFO] skip non existing resourceDirectory /home/travis/build/failed/square/retrofit/retrofit-converters/moshi/src/test/resources
[INFO] 
[INFO] --- maven-compiler-plugin:3.0:testCompile (default-testCompile) @ converter-moshi ---
[INFO] Changes detected - recompiling the module!
[INFO] Compiling 1 source file to /home/travis/build/failed/square/retrofit/retrofit-converters/moshi/target/test-classes
[INFO] 
[INFO] --- maven-surefire-plugin:2.12.4:test (default-test) @ converter-moshi ---
[INFO] Tests are skipped.
[INFO] 
[INFO] --- animal-sniffer-maven-plugin:1.14:check (default) @ converter-moshi ---
[INFO] Checking unresolved references to org.codehaus.mojo.signature:java16:1.1
[INFO] 
[INFO] --- maven-jar-plugin:2.4:jar (default-jar) @ converter-moshi ---
[INFO] Building jar: /home/travis/build/failed/square/retrofit/retrofit-converters/moshi/target/converter-moshi-2.0.0-SNAPSHOT.jar
[INFO] 
[INFO] --- maven-javadoc-plugin:2.10.3:jar (attach-javadocs) @ converter-moshi ---
[INFO] Skipping javadoc generation
[INFO] 
[INFO] --- maven-checkstyle-plugin:2.15:checkstyle (default) @ converter-moshi ---
[INFO] Starting audit...
Audit done.
[WARNING] Unable to locate Source XRef to link to - DISABLED
[INFO] 
[INFO] --- maven-install-plugin:2.4:install (default-install) @ converter-moshi ---
[INFO] Installing /home/travis/build/failed/square/retrofit/retrofit-converters/moshi/target/converter-moshi-2.0.0-SNAPSHOT.jar to /home/travis/.m2/repository/com/squareup/retrofit2/converter-moshi/2.0.0-SNAPSHOT/converter-moshi-2.0.0-SNAPSHOT.jar
[INFO] Installing /home/travis/build/failed/square/retrofit/retrofit-converters/moshi/pom.xml to /home/travis/.m2/repository/com/squareup/retrofit2/converter-moshi/2.0.0-SNAPSHOT/converter-moshi-2.0.0-SNAPSHOT.pom
[INFO]                                                                         
[INFO] ------------------------------------------------------------------------
[INFO] Building Retrofit Mock Adapter 2.0.0-SNAPSHOT
[INFO] ------------------------------------------------------------------------
[INFO] 
[INFO] --- maven-enforcer-plugin:1.0:enforce (enforce-maven) @ retrofit-mock ---
[INFO] 
[INFO] --- maven-resources-plugin:2.6:resources (default-resources) @ retrofit-mock ---
[INFO] Using 'UTF-8' encoding to copy filtered resources.
[INFO] skip non existing resourceDirectory /home/travis/build/failed/square/retrofit/retrofit-mock/src/main/resources
[INFO] 
[INFO] --- maven-compiler-plugin:3.0:compile (default-compile) @ retrofit-mock ---
[INFO] Changes detected - recompiling the module!
[INFO] Compiling 5 source files to /home/travis/build/failed/square/retrofit/retrofit-mock/target/classes
[INFO] 
[INFO] --- maven-resources-plugin:2.6:testResources (default-testResources) @ retrofit-mock ---
[INFO] Using 'UTF-8' encoding to copy filtered resources.
[INFO] skip non existing resourceDirectory /home/travis/build/failed/square/retrofit/retrofit-mock/src/test/resources
[INFO] 
[INFO] --- maven-compiler-plugin:3.0:testCompile (default-testCompile) @ retrofit-mock ---
[INFO] Changes detected - recompiling the module!
[INFO] Compiling 3 source files to /home/travis/build/failed/square/retrofit/retrofit-mock/target/test-classes
[INFO] 
[INFO] --- maven-surefire-plugin:2.12.4:test (default-test) @ retrofit-mock ---
[INFO] Tests are skipped.
[INFO] 
[INFO] --- animal-sniffer-maven-plugin:1.14:check (default) @ retrofit-mock ---
[INFO] Checking unresolved references to org.codehaus.mojo.signature:java16:1.1
[INFO] 
[INFO] --- maven-jar-plugin:2.4:jar (default-jar) @ retrofit-mock ---
[INFO] Building jar: /home/travis/build/failed/square/retrofit/retrofit-mock/target/retrofit-mock-2.0.0-SNAPSHOT.jar
[INFO] 
[INFO] --- maven-javadoc-plugin:2.10.3:jar (attach-javadocs) @ retrofit-mock ---
[INFO] Skipping javadoc generation
[INFO] 
[INFO] --- maven-checkstyle-plugin:2.15:checkstyle (default) @ retrofit-mock ---
[INFO] Starting audit...
Audit done.
[WARNING] Unable to locate Source XRef to link to - DISABLED
[INFO] 
[INFO] --- maven-install-plugin:2.4:install (default-install) @ retrofit-mock ---
[INFO] Installing /home/travis/build/failed/square/retrofit/retrofit-mock/target/retrofit-mock-2.0.0-SNAPSHOT.jar to /home/travis/.m2/repository/com/squareup/retrofit2/retrofit-mock/2.0.0-SNAPSHOT/retrofit-mock-2.0.0-SNAPSHOT.jar
[INFO] Installing /home/travis/build/failed/square/retrofit/retrofit-mock/pom.xml to /home/travis/.m2/repository/com/squareup/retrofit2/retrofit-mock/2.0.0-SNAPSHOT/retrofit-mock-2.0.0-SNAPSHOT.pom
[INFO]                                                                         
[INFO] ------------------------------------------------------------------------
[INFO] Building Samples 2.0.0-SNAPSHOT
[INFO] ------------------------------------------------------------------------
[INFO] 
[INFO] --- maven-enforcer-plugin:1.0:enforce (enforce-maven) @ samples ---
[INFO] 
[INFO] --- maven-resources-plugin:2.6:resources (default-resources) @ samples ---
[INFO] Using 'UTF-8' encoding to copy filtered resources.
[INFO] skip non existing resourceDirectory /home/travis/build/failed/square/retrofit/samples/src/main/resources
[INFO] 
[INFO] --- maven-compiler-plugin:3.0:compile (default-compile) @ samples ---
[INFO] Changes detected - recompiling the module!
[INFO] Compiling 7 source files to /home/travis/build/failed/square/retrofit/samples/target/classes
[INFO] 
[INFO] --- maven-resources-plugin:2.6:testResources (default-testResources) @ samples ---
[INFO] Using 'UTF-8' encoding to copy filtered resources.
[INFO] skip non existing resourceDirectory /home/travis/build/failed/square/retrofit/samples/src/test/resources
[INFO] 
[INFO] --- maven-compiler-plugin:3.0:testCompile (default-testCompile) @ samples ---
[INFO] No sources to compile
[INFO] 
[INFO] --- maven-surefire-plugin:2.12.4:test (default-test) @ samples ---
[INFO] Tests are skipped.
[INFO] 
[INFO] --- animal-sniffer-maven-plugin:1.14:check (default) @ samples ---
[INFO] Checking unresolved references to org.codehaus.mojo.signature:java16:1.1
[INFO] 
[INFO] --- maven-jar-plugin:2.4:jar (default-jar) @ samples ---
[INFO] Building jar: /home/travis/build/failed/square/retrofit/samples/target/samples-2.0.0-SNAPSHOT.jar
[INFO] 
[INFO] --- maven-javadoc-plugin:2.10.3:jar (attach-javadocs) @ samples ---
[INFO] Skipping javadoc generation
[INFO] 
[INFO] --- maven-checkstyle-plugin:2.15:checkstyle (default) @ samples ---
[INFO] Starting audit...
Audit done.
[WARNING] Unable to locate Source XRef to link to - DISABLED
[INFO] 
[INFO] --- maven-install-plugin:2.4:install (default-install) @ samples ---
[INFO] Installing /home/travis/build/failed/square/retrofit/samples/target/samples-2.0.0-SNAPSHOT.jar to /home/travis/.m2/repository/com/squareup/retrofit2/samples/2.0.0-SNAPSHOT/samples-2.0.0-SNAPSHOT.jar
[INFO] Installing /home/travis/build/failed/square/retrofit/samples/pom.xml to /home/travis/.m2/repository/com/squareup/retrofit2/samples/2.0.0-SNAPSHOT/samples-2.0.0-SNAPSHOT.pom
[INFO] ------------------------------------------------------------------------
[INFO] Reactor Summary:
[INFO] 
[INFO] Retrofit (Parent) .................................. SUCCESS [ 37.805 s]
[INFO] Retrofit ........................................... SUCCESS [01:12 min]
[INFO] Adapters ........................................... SUCCESS [  0.938 s]
[INFO] Adapter: Guava ..................................... SUCCESS [  6.842 s]
[INFO] Adapter: Java 8 .................................... SUCCESS [  5.781 s]
[INFO] Adapter: RxJava .................................... SUCCESS [  5.321 s]
[INFO] Converters ......................................... SUCCESS [  0.873 s]
[INFO] Converter: Gson .................................... SUCCESS [  4.916 s]
[INFO] Converter: Protocol Buffers ........................ SUCCESS [  4.754 s]
[INFO] Converter: Jackson ................................. SUCCESS [  5.502 s]
[INFO] Converter: Wire Protocol Buffers ................... SUCCESS [  3.045 s]
[INFO] Converter: SimpleXML ............................... SUCCESS [  4.516 s]
[INFO] Converter: Java Scalars ............................ SUCCESS [  3.753 s]
[INFO] Converter: Moshi ................................... SUCCESS [  4.785 s]
[INFO] Retrofit Mock Adapter .............................. SUCCESS [  3.103 s]
[INFO] Samples ............................................ SUCCESS [  6.695 s]
[INFO] ------------------------------------------------------------------------
[INFO] BUILD SUCCESS
[INFO] ------------------------------------------------------------------------
[INFO] Total time: 02:53 min
[INFO] Finished at: 2022-02-26T15:35:47+00:00
[INFO] Final Memory: 45M/316M
[INFO] ------------------------------------------------------------------------

travis_time:end:26a50fd4:start=1645889572894761810,finish=1645889748414701925,duration=175519940115[0Ktravis_fold:end:install[0Ktravis_time:start:10bb7d4c[0K$ mvn -o test -Dhttps.protocols=TLSv1.2 -B
Java HotSpot(TM) 64-Bit Server VM warning: ignoring option MaxPermSize=192m; support was removed in 8.0
[INFO] Scanning for projects...
[WARNING] 
[WARNING] Some problems were encountered while building the effective model for com.squareup.retrofit2:samples:jar:2.0.0-SNAPSHOT
[WARNING] 'build.plugins.plugin.version' for org.apache.maven.plugins:maven-deploy-plugin is missing. @ com.squareup.retrofit2:samples:[unknown-version], /home/travis/build/failed/square/retrofit/samples/pom.xml, line 50, column 15
[WARNING] 
[WARNING] It is highly recommended to fix these problems because they threaten the stability of your build.
[WARNING] 
[WARNING] For this reason, future Maven versions might no longer support building such malformed projects.
[WARNING] 
[INFO] ------------------------------------------------------------------------
[INFO] Reactor Build Order:
[INFO] 
[INFO] Retrofit (Parent)
[INFO] Retrofit
[INFO] Adapters
[INFO] Adapter: Guava
[INFO] Adapter: Java 8
[INFO] Adapter: RxJava
[INFO] Converters
[INFO] Converter: Gson
[INFO] Converter: Protocol Buffers
[INFO] Converter: Jackson
[INFO] Converter: Wire Protocol Buffers
[INFO] Converter: SimpleXML
[INFO] Converter: Java Scalars
[INFO] Converter: Moshi
[INFO] Retrofit Mock Adapter
[INFO] Samples
[INFO]                                                                         
[INFO] ------------------------------------------------------------------------
[INFO] Building Retrofit (Parent) 2.0.0-SNAPSHOT
[INFO] ------------------------------------------------------------------------
[INFO] 
[INFO] --- maven-enforcer-plugin:1.0:enforce (enforce-maven) @ parent ---
[INFO] 
[INFO] --- animal-sniffer-maven-plugin:1.14:check (default) @ parent ---
[INFO] Checking unresolved references to org.codehaus.mojo.signature:java16:1.1
[INFO]                                                                         
[INFO] ------------------------------------------------------------------------
[INFO] Building Retrofit 2.0.0-SNAPSHOT
[INFO] ------------------------------------------------------------------------
[INFO] 
[INFO] --- maven-enforcer-plugin:1.0:enforce (enforce-maven) @ retrofit ---
[INFO] 
[INFO] --- maven-resources-plugin:2.6:resources (default-resources) @ retrofit ---
[INFO] Using 'UTF-8' encoding to copy filtered resources.
[INFO] skip non existing resourceDirectory /home/travis/build/failed/square/retrofit/retrofit/src/main/resources
[INFO] 
[INFO] --- maven-compiler-plugin:3.0:compile (default-compile) @ retrofit ---
[INFO] Changes detected - recompiling the module!
[INFO] Compiling 43 source files to /home/travis/build/failed/square/retrofit/retrofit/target/classes
[WARNING] /home/travis/build/failed/square/retrofit/retrofit/src/main/java/retrofit2/Retrofit.java: Some input files use unchecked or unsafe operations.
[WARNING] /home/travis/build/failed/square/retrofit/retrofit/src/main/java/retrofit2/Retrofit.java: Recompile with -Xlint:unchecked for details.
[INFO] 
[INFO] --- maven-resources-plugin:2.6:testResources (default-testResources) @ retrofit ---
[INFO] Using 'UTF-8' encoding to copy filtered resources.
[INFO] skip non existing resourceDirectory /home/travis/build/failed/square/retrofit/retrofit/src/test/resources
[INFO] 
[INFO] --- maven-compiler-plugin:3.0:testCompile (default-testCompile) @ retrofit ---
[INFO] Changes detected - recompiling the module!
[INFO] Compiling 13 source files to /home/travis/build/failed/square/retrofit/retrofit/target/test-classes
[WARNING] /home/travis/build/failed/square/retrofit/retrofit/src/test/java/retrofit2/RetrofitTest.java: /home/travis/build/failed/square/retrofit/retrofit/src/test/java/retrofit2/RetrofitTest.java uses unchecked or unsafe operations.
[WARNING] /home/travis/build/failed/square/retrofit/retrofit/src/test/java/retrofit2/RetrofitTest.java: Recompile with -Xlint:unchecked for details.
[INFO] 
[INFO] --- maven-surefire-plugin:2.12.4:test (default-test) @ retrofit ---
[INFO] Surefire report directory: /home/travis/build/failed/square/retrofit/retrofit/target/surefire-reports

-------------------------------------------------------
 T E S T S
-------------------------------------------------------
Running retrofit2.CallTest
Feb 26, 2022 3:35:55 PM okhttp3.mockwebserver.MockWebServer$3 execute
INFO: MockWebServer[33171] starting to accept connections
Feb 26, 2022 3:35:55 PM okhttp3.mockwebserver.MockWebServer$3 acceptConnections
INFO: MockWebServer[33171] done accepting connections: Socket closed
Feb 26, 2022 3:35:55 PM okhttp3.mockwebserver.MockWebServer$3 execute
INFO: MockWebServer[57589] starting to accept connections
Feb 26, 2022 3:35:55 PM okhttp3.mockwebserver.MockWebServer$4 processOneRequest
INFO: MockWebServer[57589] received request: GET / HTTP/1.1 and responded: HTTP/1.1 200 OK
Feb 26, 2022 3:35:55 PM okhttp3.mockwebserver.MockWebServer$3 acceptConnections
INFO: MockWebServer[57589] done accepting connections: Socket closed
Feb 26, 2022 3:35:55 PM okhttp3.mockwebserver.MockWebServer$3 execute
INFO: MockWebServer[41623] starting to accept connections
Feb 26, 2022 3:35:55 PM okhttp3.mockwebserver.MockWebServer$4 processOneRequest
INFO: MockWebServer[41623] received request: GET / HTTP/1.1 and responded: HTTP/1.1 404 Client Error
Feb 26, 2022 3:35:55 PM okhttp3.mockwebserver.MockWebServer$3 acceptConnections
INFO: MockWebServer[41623] done accepting connections: Socket closed
Feb 26, 2022 3:35:55 PM okhttp3.mockwebserver.MockWebServer$3 execute
INFO: MockWebServer[58829] starting to accept connections
Feb 26, 2022 3:35:55 PM okhttp3.mockwebserver.MockWebServer$4 processOneRequest
INFO: MockWebServer[58829] received request: POST /Hello HTTP/1.1 and responded: HTTP/1.1 200 OK
Feb 26, 2022 3:35:55 PM okhttp3.mockwebserver.MockWebServer$3 acceptConnections
INFO: MockWebServer[58829] done accepting connections: Socket closed
Feb 26, 2022 3:35:55 PM okhttp3.mockwebserver.MockWebServer$3 execute
INFO: MockWebServer[49183] starting to accept connections
Feb 26, 2022 3:35:55 PM okhttp3.mockwebserver.MockWebServer$3 acceptConnections
INFO: MockWebServer[49183] done accepting connections: Socket closed
Feb 26, 2022 3:35:55 PM okhttp3.mockwebserver.MockWebServer$3 execute
INFO: MockWebServer[42305] starting to accept connections
Feb 26, 2022 3:35:55 PM okhttp3.mockwebserver.MockWebServer$3 acceptConnections
INFO: MockWebServer[42305] done accepting connections: Socket closed
Feb 26, 2022 3:35:55 PM okhttp3.mockwebserver.MockWebServer$3 execute
INFO: MockWebServer[56587] starting to accept connections
Feb 26, 2022 3:35:55 PM okhttp3.mockwebserver.MockWebServer$4 processOneRequest
INFO: MockWebServer[56587] received request: GET / HTTP/1.1 and responded: HTTP/1.1 200 OK
Feb 26, 2022 3:35:55 PM okhttp3.mockwebserver.MockWebServer$3 acceptConnections
INFO: MockWebServer[56587] done accepting connections: Socket closed
Feb 26, 2022 3:35:55 PM okhttp3.mockwebserver.MockWebServer$3 execute
INFO: MockWebServer[48683] starting to accept connections
Feb 26, 2022 3:35:55 PM okhttp3.mockwebserver.MockWebServer$4 processOneRequest
INFO: MockWebServer[48683] received request: GET / HTTP/1.1 and responded: HTTP/1.1 200 OK
Feb 26, 2022 3:35:55 PM okhttp3.mockwebserver.MockWebServer$3 acceptConnections
INFO: MockWebServer[48683] done accepting connections: Socket closed
Feb 26, 2022 3:35:55 PM okhttp3.mockwebserver.MockWebServer$3 execute
INFO: MockWebServer[54295] starting to accept connections
Feb 26, 2022 3:35:55 PM okhttp3.mockwebserver.MockWebServer$3 acceptConnections
INFO: MockWebServer[54295] done accepting connections: Socket closed
Feb 26, 2022 3:35:55 PM okhttp3.mockwebserver.MockWebServer$3 execute
INFO: MockWebServer[47965] starting to accept connections
Feb 26, 2022 3:35:55 PM okhttp3.mockwebserver.MockWebServer$4 processOneRequest
INFO: MockWebServer[47965] received request: POST /Hello HTTP/1.1 and responded: HTTP/1.1 200 OK
Feb 26, 2022 3:35:55 PM okhttp3.mockwebserver.MockWebServer$3 acceptConnections
INFO: MockWebServer[47965] done accepting connections: Socket closed
Feb 26, 2022 3:35:55 PM okhttp3.mockwebserver.MockWebServer$3 execute
INFO: MockWebServer[35281] starting to accept connections
Feb 26, 2022 3:35:55 PM okhttp3.mockwebserver.MockWebServer$4 processOneRequest
INFO: MockWebServer[35281] received request: POST /Hello HTTP/1.1 and responded: HTTP/1.1 200 OK
Feb 26, 2022 3:35:55 PM okhttp3.mockwebserver.MockWebServer$3 acceptConnections
INFO: MockWebServer[35281] done accepting connections: Socket closed
Feb 26, 2022 3:35:55 PM okhttp3.mockwebserver.MockWebServer$3 execute
INFO: MockWebServer[49241] starting to accept connections
Feb 26, 2022 3:35:55 PM okhttp3.mockwebserver.MockWebServer$3 acceptConnections
INFO: MockWebServer[49241] done accepting connections: Socket closed
Feb 26, 2022 3:35:55 PM okhttp3.mockwebserver.MockWebServer$3 execute
INFO: MockWebServer[49073] starting to accept connections
Feb 26, 2022 3:35:55 PM okhttp3.mockwebserver.MockWebServer$4 processOneRequest
INFO: MockWebServer[49073] received request: GET / HTTP/1.1 and responded: HTTP/1.1 404 Client Error
Feb 26, 2022 3:35:55 PM okhttp3.mockwebserver.MockWebServer$3 acceptConnections
INFO: MockWebServer[49073] done accepting connections: Socket closed
Feb 26, 2022 3:35:55 PM okhttp3.mockwebserver.MockWebServer$3 execute
INFO: MockWebServer[39447] starting to accept connections
Feb 26, 2022 3:35:55 PM okhttp3.mockwebserver.MockWebServer$4 processOneRequest
INFO: MockWebServer[39447] received request: POST / HTTP/1.1 and responded: HTTP/1.1 200 OK
Feb 26, 2022 3:35:55 PM okhttp3.mockwebserver.MockWebServer$3 acceptConnections
INFO: MockWebServer[39447] done accepting connections: Socket closed
Feb 26, 2022 3:35:55 PM okhttp3.mockwebserver.MockWebServer$3 execute
INFO: MockWebServer[45135] starting to accept connections
Feb 26, 2022 3:35:58 PM okhttp3.mockwebserver.MockWebServer$4 processOneRequest
INFO: MockWebServer[45135] received request: GET / HTTP/1.1 and responded: HTTP/1.1 204 Nothin
Feb 26, 2022 3:35:58 PM okhttp3.mockwebserver.MockWebServer$3 acceptConnections
INFO: MockWebServer[45135] done accepting connections: Socket closed
Feb 26, 2022 3:35:58 PM okhttp3.mockwebserver.MockWebServer$3 execute
INFO: MockWebServer[58737] starting to accept connections
Feb 26, 2022 3:35:58 PM okhttp3.mockwebserver.MockWebServer$3 acceptConnections
INFO: MockWebServer[58737] done accepting connections: Socket closed
Feb 26, 2022 3:35:58 PM okhttp3.mockwebserver.MockWebServer$3 execute
INFO: MockWebServer[44237] starting to accept connections
Feb 26, 2022 3:35:58 PM okhttp3.mockwebserver.MockWebServer$4 processOneRequest
INFO: MockWebServer[44237] received request: GET / HTTP/1.1 and responded: HTTP/1.1 200 OK
Feb 26, 2022 3:35:58 PM okhttp3.mockwebserver.MockWebServer$3 acceptConnections
INFO: MockWebServer[44237] done accepting connections: Socket closed
Feb 26, 2022 3:35:58 PM okhttp3.mockwebserver.MockWebServer$3 execute
INFO: MockWebServer[47991] starting to accept connections
Feb 26, 2022 3:35:58 PM okhttp3.mockwebserver.MockWebServer$4 processOneRequest
INFO: MockWebServer[47991] received request: POST /Hello HTTP/1.1 and responded: HTTP/1.1 200 OK
Feb 26, 2022 3:35:58 PM okhttp3.mockwebserver.MockWebServer$3 acceptConnections
INFO: MockWebServer[47991] done accepting connections: Socket closed
Feb 26, 2022 3:35:58 PM okhttp3.mockwebserver.MockWebServer$3 execute
INFO: MockWebServer[54199] starting to accept connections
Feb 26, 2022 3:35:58 PM okhttp3.mockwebserver.MockWebServer$4 processOneRequest
INFO: MockWebServer[54199] received request: GET / HTTP/1.1 and responded: HTTP/1.1 200 OK
Feb 26, 2022 3:35:58 PM okhttp3.mockwebserver.MockWebServer$3 acceptConnections
INFO: MockWebServer[54199] done accepting connections: Socket closed
Feb 26, 2022 3:35:58 PM okhttp3.mockwebserver.MockWebServer$3 execute
INFO: MockWebServer[51147] starting to accept connections
Feb 26, 2022 3:35:58 PM okhttp3.mockwebserver.MockWebServer$4 processOneRequest
INFO: MockWebServer[51147] received request: POST / HTTP/1.1 and responded: HTTP/1.1 200 OK
Feb 26, 2022 3:35:58 PM okhttp3.mockwebserver.MockWebServer$3 acceptConnections
INFO: MockWebServer[51147] done accepting connections: Socket closed
Feb 26, 2022 3:35:58 PM okhttp3.mockwebserver.MockWebServer$3 execute
INFO: MockWebServer[60629] starting to accept connections
Feb 26, 2022 3:35:58 PM okhttp3.mockwebserver.MockWebServer$3 acceptConnections
INFO: MockWebServer[60629] done accepting connections: Socket closed
Feb 26, 2022 3:35:58 PM okhttp3.mockwebserver.MockWebServer$3 execute
INFO: MockWebServer[52831] starting to accept connections
Feb 26, 2022 3:35:58 PM okhttp3.mockwebserver.MockWebServer$3 acceptConnections
INFO: MockWebServer[52831] done accepting connections: Socket closed
Feb 26, 2022 3:35:58 PM okhttp3.mockwebserver.MockWebServer$3 execute
INFO: MockWebServer[33055] starting to accept connections
Feb 26, 2022 3:35:58 PM okhttp3.mockwebserver.MockWebServer$3 acceptConnections
INFO: MockWebServer[33055] done accepting connections: Socket closed
Feb 26, 2022 3:35:58 PM okhttp3.mockwebserver.MockWebServer$3 execute
INFO: MockWebServer[56861] starting to accept connections
Feb 26, 2022 3:35:58 PM okhttp3.mockwebserver.MockWebServer$4 processOneRequest
INFO: MockWebServer[56861] received request: GET / HTTP/1.1 and responded: HTTP/1.1 200 OK
Feb 26, 2022 3:35:58 PM okhttp3.mockwebserver.MockWebServer$3 acceptConnections
INFO: MockWebServer[56861] done accepting connections: Socket closed
Feb 26, 2022 3:35:58 PM okhttp3.mockwebserver.MockWebServer$3 execute
INFO: MockWebServer[40549] starting to accept connections
Feb 26, 2022 3:35:58 PM okhttp3.mockwebserver.MockWebServer$4 processOneRequest
INFO: MockWebServer[40549] received request: GET / HTTP/1.1 and responded: HTTP/1.1 200 OK
Feb 26, 2022 3:35:58 PM okhttp3.mockwebserver.MockWebServer$3 acceptConnections
INFO: MockWebServer[40549] done accepting connections: Socket closed
Feb 26, 2022 3:35:58 PM okhttp3.mockwebserver.MockWebServer$3 execute
INFO: MockWebServer[54651] starting to accept connections
Feb 26, 2022 3:35:58 PM okhttp3.mockwebserver.MockWebServer$4 processOneRequest
INFO: MockWebServer[54651] received request: GET / HTTP/1.1 and responded: HTTP/1.1 205 Nothin
Feb 26, 2022 3:35:58 PM okhttp3.mockwebserver.MockWebServer$3 acceptConnections
INFO: MockWebServer[54651] done accepting connections: Socket closed
Feb 26, 2022 3:35:58 PM okhttp3.mockwebserver.MockWebServer$3 execute
INFO: MockWebServer[51017] starting to accept connections
Feb 26, 2022 3:35:58 PM okhttp3.mockwebserver.MockWebServer$4 processOneRequest
INFO: MockWebServer[51017] received request: GET / HTTP/1.1 and responded: HTTP/1.1 200 OK
Feb 26, 2022 3:35:58 PM okhttp3.mockwebserver.MockWebServer$4 processOneRequest
INFO: MockWebServer[51017] received request: GET / HTTP/1.1 and responded: HTTP/1.1 200 OK
Feb 26, 2022 3:35:58 PM okhttp3.mockwebserver.MockWebServer$3 acceptConnections
INFO: MockWebServer[51017] done accepting connections: Socket closed
Feb 26, 2022 3:35:58 PM okhttp3.mockwebserver.MockWebServer$3 execute
INFO: MockWebServer[39835] starting to accept connections
Feb 26, 2022 3:35:58 PM okhttp3.mockwebserver.MockWebServer$4 processOneRequest
INFO: MockWebServer[39835] received request: GET / HTTP/1.1 and responded: HTTP/1.1 200 OK
Feb 26, 2022 3:35:58 PM okhttp3.mockwebserver.MockWebServer$3 acceptConnections
INFO: MockWebServer[39835] done accepting connections: Socket closed
Feb 26, 2022 3:35:58 PM okhttp3.mockwebserver.MockWebServer$3 execute
INFO: MockWebServer[44881] starting to accept connections
Feb 26, 2022 3:35:58 PM okhttp3.mockwebserver.MockWebServer$3 acceptConnections
INFO: MockWebServer[44881] done accepting connections: Socket closed
Feb 26, 2022 3:35:59 PM okhttp3.mockwebserver.MockWebServer$3 execute
INFO: MockWebServer[58857] starting to accept connections
Feb 26, 2022 3:35:59 PM okhttp3.mockwebserver.MockWebServer$3 acceptConnections
INFO: MockWebServer[58857] done accepting connections: Socket closed
Feb 26, 2022 3:35:59 PM okhttp3.mockwebserver.MockWebServer$3 execute
INFO: MockWebServer[51041] starting to accept connections
Feb 26, 2022 3:35:59 PM okhttp3.mockwebserver.MockWebServer$3 acceptConnections
INFO: MockWebServer[51041] done accepting connections: Socket closed
Feb 26, 2022 3:35:59 PM okhttp3.mockwebserver.MockWebServer$3 execute
INFO: MockWebServer[44179] starting to accept connections
Feb 26, 2022 3:35:59 PM okhttp3.mockwebserver.MockWebServer$4 processOneRequest
INFO: MockWebServer[44179] received request: GET / HTTP/1.1 and responded: HTTP/1.1 200 OK
Feb 26, 2022 3:35:59 PM okhttp3.mockwebserver.MockWebServer$3 acceptConnections
INFO: MockWebServer[44179] done accepting connections: Socket closed
Feb 26, 2022 3:35:59 PM okhttp3.mockwebserver.MockWebServer$3 execute
INFO: MockWebServer[51967] starting to accept connections
Feb 26, 2022 3:35:59 PM okhttp3.mockwebserver.MockWebServer$4 processOneRequest
INFO: MockWebServer[51967] received request: GET / HTTP/1.1 and responded: HTTP/1.1 200 OK
Feb 26, 2022 3:35:59 PM okhttp3.mockwebserver.MockWebServer$3 acceptConnections
INFO: MockWebServer[51967] done accepting connections: Socket closed
Feb 26, 2022 3:35:59 PM okhttp3.mockwebserver.MockWebServer$3 execute
INFO: MockWebServer[46685] starting to accept connections
Feb 26, 2022 3:35:59 PM okhttp3.mockwebserver.MockWebServer$4 processOneRequest
INFO: MockWebServer[46685] received request: GET / HTTP/1.1 and responded: HTTP/1.1 200 OK
Feb 26, 2022 3:35:59 PM okhttp3.mockwebserver.MockWebServer$3 acceptConnections
INFO: MockWebServer[46685] done accepting connections: Socket closed
Tests run: 34, Failures: 0, Errors: 0, Skipped: 0, Time elapsed: 3.834 sec
Running retrofit2.ExecutorCallAdapterFactoryTest
Tests run: 7, Failures: 0, Errors: 0, Skipped: 0, Time elapsed: 0.001 sec
Running retrofit2.RequestBuilderAndroidTest
WARNING: No manifest file found at ./AndroidManifest.xml.Falling back to the Android OS resources only.
To remove this warning, annotate your test class with @Config(manifest=Config.NONE).
WARNING: No manifest file found at ./AndroidManifest.xml.Falling back to the Android OS resources only.
To remove this warning, annotate your test class with @Config(manifest=Config.NONE).
Tests run: 2, Failures: 0, Errors: 0, Skipped: 0, Time elapsed: 35.594 sec
Running retrofit2.RequestBuilderTest
Tests run: 117, Failures: 0, Errors: 0, Skipped: 2, Time elapsed: 0.121 sec
Running retrofit2.RequestFactoryParserTest
Tests run: 1, Failures: 0, Errors: 0, Skipped: 0, Time elapsed: 0.001 sec
Running retrofit2.ResponseTest
Tests run: 14, Failures: 0, Errors: 0, Skipped: 0, Time elapsed: 0.002 sec
Running retrofit2.RetrofitTest
Feb 26, 2022 3:36:34 PM okhttp3.mockwebserver.MockWebServer$3 execute
INFO: MockWebServer[55083] starting to accept connections
Feb 26, 2022 3:36:35 PM okhttp3.mockwebserver.MockWebServer$3 acceptConnections
INFO: MockWebServer[55083] done accepting connections: Socket closed
Feb 26, 2022 3:36:35 PM okhttp3.mockwebserver.MockWebServer$3 execute
INFO: MockWebServer[51773] starting to accept connections
Feb 26, 2022 3:36:35 PM okhttp3.mockwebserver.MockWebServer$3 acceptConnections
INFO: MockWebServer[51773] done accepting connections: Socket closed
Feb 26, 2022 3:36:35 PM okhttp3.mockwebserver.MockWebServer$3 execute
INFO: MockWebServer[56627] starting to accept connections
Feb 26, 2022 3:36:35 PM okhttp3.mockwebserver.MockWebServer$3 acceptConnections
INFO: MockWebServer[56627] done accepting connections: Socket closed
Feb 26, 2022 3:36:35 PM okhttp3.mockwebserver.MockWebServer$3 execute
INFO: MockWebServer[43653] starting to accept connections
Feb 26, 2022 3:36:35 PM okhttp3.mockwebserver.MockWebServer$3 acceptConnections
INFO: MockWebServer[43653] done accepting connections: Socket closed
Feb 26, 2022 3:36:35 PM okhttp3.mockwebserver.MockWebServer$3 execute
INFO: MockWebServer[39497] starting to accept connections
Feb 26, 2022 3:36:35 PM okhttp3.mockwebserver.MockWebServer$3 acceptConnections
INFO: MockWebServer[39497] done accepting connections: Socket is closed
Feb 26, 2022 3:36:35 PM okhttp3.mockwebserver.MockWebServer$3 execute
INFO: MockWebServer[41047] starting to accept connections
Feb 26, 2022 3:36:35 PM okhttp3.mockwebserver.MockWebServer$4 processOneRequest
INFO: MockWebServer[41047] received request: GET / HTTP/1.1 and responded: HTTP/1.1 200 OK
Feb 26, 2022 3:36:35 PM okhttp3.mockwebserver.MockWebServer$3 acceptConnections
INFO: MockWebServer[41047] done accepting connections: Socket closed
Feb 26, 2022 3:36:35 PM okhttp3.mockwebserver.MockWebServer$3 execute
INFO: MockWebServer[47555] starting to accept connections
Feb 26, 2022 3:36:35 PM okhttp3.mockwebserver.MockWebServer$3 acceptConnections
INFO: MockWebServer[47555] done accepting connections: Socket closed
Feb 26, 2022 3:36:35 PM okhttp3.mockwebserver.MockWebServer$3 execute
INFO: MockWebServer[51343] starting to accept connections
Feb 26, 2022 3:36:35 PM okhttp3.mockwebserver.MockWebServer$3 acceptConnections
INFO: MockWebServer[51343] done accepting connections: Socket is closed
Feb 26, 2022 3:36:35 PM okhttp3.mockwebserver.MockWebServer$3 execute
INFO: MockWebServer[49913] starting to accept connections
Feb 26, 2022 3:36:35 PM okhttp3.mockwebserver.MockWebServer$3 acceptConnections
INFO: MockWebServer[49913] done accepting connections: Socket closed
Feb 26, 2022 3:36:35 PM okhttp3.mockwebserver.MockWebServer$3 execute
INFO: MockWebServer[41617] starting to accept connections
Feb 26, 2022 3:36:35 PM okhttp3.mockwebserver.MockWebServer$3 acceptConnections
INFO: MockWebServer[41617] done accepting connections: Socket closed
Feb 26, 2022 3:36:35 PM okhttp3.mockwebserver.MockWebServer$3 execute
INFO: MockWebServer[55829] starting to accept connections
Feb 26, 2022 3:36:35 PM okhttp3.mockwebserver.MockWebServer$3 acceptConnections
INFO: MockWebServer[55829] done accepting connections: Socket closed
Feb 26, 2022 3:36:35 PM okhttp3.mockwebserver.MockWebServer$3 execute
INFO: MockWebServer[56143] starting to accept connections
Feb 26, 2022 3:36:35 PM okhttp3.mockwebserver.MockWebServer$3 acceptConnections
INFO: MockWebServer[56143] done accepting connections: Socket closed
Feb 26, 2022 3:36:35 PM okhttp3.mockwebserver.MockWebServer$3 execute
INFO: MockWebServer[54787] starting to accept connections
Feb 26, 2022 3:36:35 PM okhttp3.mockwebserver.MockWebServer$3 acceptConnections
INFO: MockWebServer[54787] done accepting connections: Socket closed
Feb 26, 2022 3:36:35 PM okhttp3.mockwebserver.MockWebServer$3 execute
INFO: MockWebServer[44223] starting to accept connections
Feb 26, 2022 3:36:35 PM okhttp3.mockwebserver.MockWebServer$3 acceptConnections
INFO: MockWebServer[44223] done accepting connections: Socket closed
Feb 26, 2022 3:36:35 PM okhttp3.mockwebserver.MockWebServer$3 execute
INFO: MockWebServer[57887] starting to accept connections
Feb 26, 2022 3:36:35 PM okhttp3.mockwebserver.MockWebServer$3 acceptConnections
INFO: MockWebServer[57887] done accepting connections: Socket closed
Feb 26, 2022 3:36:35 PM okhttp3.mockwebserver.MockWebServer$3 execute
INFO: MockWebServer[35415] starting to accept connections
Feb 26, 2022 3:36:35 PM okhttp3.mockwebserver.MockWebServer$4 processOneRequest
INFO: MockWebServer[35415] received request: GET / HTTP/1.1 and responded: HTTP/1.1 200 OK
Feb 26, 2022 3:36:35 PM okhttp3.mockwebserver.MockWebServer$3 acceptConnections
INFO: MockWebServer[35415] done accepting connections: Socket closed
Feb 26, 2022 3:36:35 PM okhttp3.mockwebserver.MockWebServer$3 execute
INFO: MockWebServer[55649] starting to accept connections
Feb 26, 2022 3:36:35 PM okhttp3.mockwebserver.MockWebServer$3 acceptConnections
INFO: MockWebServer[55649] done accepting connections: Socket is closed
Feb 26, 2022 3:36:35 PM okhttp3.mockwebserver.MockWebServer$3 execute
INFO: MockWebServer[45289] starting to accept connections
Feb 26, 2022 3:36:35 PM okhttp3.mockwebserver.MockWebServer$3 acceptConnections
INFO: MockWebServer[45289] done accepting connections: Socket closed
Feb 26, 2022 3:36:35 PM okhttp3.mockwebserver.MockWebServer$3 execute
INFO: MockWebServer[36875] starting to accept connections
Feb 26, 2022 3:36:35 PM okhttp3.mockwebserver.MockWebServer$4 processOneRequest
INFO: MockWebServer[36875] received request: GET / HTTP/1.1 and responded: HTTP/1.1 200 OK
Feb 26, 2022 3:36:35 PM okhttp3.mockwebserver.MockWebServer$3 acceptConnections
INFO: MockWebServer[36875] done accepting connections: Socket closed
Feb 26, 2022 3:36:35 PM okhttp3.mockwebserver.MockWebServer$3 execute
INFO: MockWebServer[48731] starting to accept connections
Feb 26, 2022 3:36:35 PM okhttp3.mockwebserver.MockWebServer$3 acceptConnections
INFO: MockWebServer[48731] done accepting connections: Socket closed
Feb 26, 2022 3:36:35 PM okhttp3.mockwebserver.MockWebServer$3 execute
INFO: MockWebServer[43153] starting to accept connections
Feb 26, 2022 3:36:35 PM okhttp3.mockwebserver.MockWebServer$4 processOneRequest
INFO: MockWebServer[43153] received request: POST / HTTP/1.1 and responded: HTTP/1.1 200 OK
Feb 26, 2022 3:36:35 PM okhttp3.mockwebserver.MockWebServer$3 acceptConnections
INFO: MockWebServer[43153] done accepting connections: Socket closed
Feb 26, 2022 3:36:35 PM okhttp3.mockwebserver.MockWebServer$3 execute
INFO: MockWebServer[34019] starting to accept connections
Feb 26, 2022 3:36:35 PM okhttp3.mockwebserver.MockWebServer$3 acceptConnections
INFO: MockWebServer[34019] done accepting connections: Socket closed
Feb 26, 2022 3:36:35 PM okhttp3.mockwebserver.MockWebServer$3 execute
INFO: MockWebServer[51809] starting to accept connections
Feb 26, 2022 3:36:35 PM okhttp3.mockwebserver.MockWebServer$3 acceptConnections
INFO: MockWebServer[51809] done accepting connections: Socket closed
Feb 26, 2022 3:36:35 PM okhttp3.mockwebserver.MockWebServer$3 execute
INFO: MockWebServer[42875] starting to accept connections
Feb 26, 2022 3:36:35 PM okhttp3.mockwebserver.MockWebServer$3 acceptConnections
INFO: MockWebServer[42875] done accepting connections: Socket closed
Feb 26, 2022 3:36:35 PM okhttp3.mockwebserver.MockWebServer$3 execute
INFO: MockWebServer[48281] starting to accept connections
Feb 26, 2022 3:36:35 PM okhttp3.mockwebserver.MockWebServer$3 acceptConnections
INFO: MockWebServer[48281] done accepting connections: Socket is closed
Feb 26, 2022 3:36:35 PM okhttp3.mockwebserver.MockWebServer$3 execute
INFO: MockWebServer[43993] starting to accept connections
Feb 26, 2022 3:36:35 PM okhttp3.mockwebserver.MockWebServer$3 acceptConnections
INFO: MockWebServer[43993] done accepting connections: Socket closed
Feb 26, 2022 3:36:35 PM okhttp3.mockwebserver.MockWebServer$3 execute
INFO: MockWebServer[41599] starting to accept connections
Feb 26, 2022 3:36:35 PM okhttp3.mockwebserver.MockWebServer$3 acceptConnections
INFO: MockWebServer[41599] done accepting connections: Socket is closed
Feb 26, 2022 3:36:35 PM okhttp3.mockwebserver.MockWebServer$3 execute
INFO: MockWebServer[36177] starting to accept connections
Feb 26, 2022 3:36:35 PM okhttp3.mockwebserver.MockWebServer$3 acceptConnections
INFO: MockWebServer[36177] done accepting connections: Socket is closed
Feb 26, 2022 3:36:35 PM okhttp3.mockwebserver.MockWebServer$3 execute
INFO: MockWebServer[48579] starting to accept connections
Feb 26, 2022 3:36:35 PM okhttp3.mockwebserver.MockWebServer$4 processOneRequest
INFO: MockWebServer[48579] received request: GET / HTTP/1.1 and responded: HTTP/1.1 200 OK
Feb 26, 2022 3:36:35 PM okhttp3.mockwebserver.MockWebServer$3 acceptConnections
INFO: MockWebServer[48579] done accepting connections: Socket closed
Feb 26, 2022 3:36:35 PM okhttp3.mockwebserver.MockWebServer$3 execute
INFO: MockWebServer[32843] starting to accept connections
Feb 26, 2022 3:36:35 PM okhttp3.mockwebserver.MockWebServer$3 acceptConnections
INFO: MockWebServer[32843] done accepting connections: Socket closed
Feb 26, 2022 3:36:35 PM okhttp3.mockwebserver.MockWebServer$3 execute
INFO: MockWebServer[48711] starting to accept connections
Feb 26, 2022 3:36:35 PM okhttp3.mockwebserver.MockWebServer$3 acceptConnections
INFO: MockWebServer[48711] done accepting connections: Socket closed
Feb 26, 2022 3:36:35 PM okhttp3.mockwebserver.MockWebServer$3 execute
INFO: MockWebServer[34695] starting to accept connections
Feb 26, 2022 3:36:35 PM okhttp3.mockwebserver.MockWebServer$3 acceptConnections
INFO: MockWebServer[34695] done accepting connections: Socket closed
Feb 26, 2022 3:36:35 PM okhttp3.mockwebserver.MockWebServer$3 execute
INFO: MockWebServer[43965] starting to accept connections
Feb 26, 2022 3:36:35 PM okhttp3.mockwebserver.MockWebServer$3 acceptConnections
INFO: MockWebServer[43965] done accepting connections: Socket closed
Feb 26, 2022 3:36:35 PM okhttp3.mockwebserver.MockWebServer$3 execute
INFO: MockWebServer[60195] starting to accept connections
Feb 26, 2022 3:36:35 PM okhttp3.mockwebserver.MockWebServer$3 acceptConnections
INFO: MockWebServer[60195] done accepting connections: Socket closed
Feb 26, 2022 3:36:35 PM okhttp3.mockwebserver.MockWebServer$3 execute
INFO: MockWebServer[57513] starting to accept connections
Feb 26, 2022 3:36:35 PM okhttp3.mockwebserver.MockWebServer$3 acceptConnections
INFO: MockWebServer[57513] done accepting connections: Socket closed
Feb 26, 2022 3:36:35 PM okhttp3.mockwebserver.MockWebServer$3 execute
INFO: MockWebServer[55247] starting to accept connections
Feb 26, 2022 3:36:35 PM okhttp3.mockwebserver.MockWebServer$3 acceptConnections
INFO: MockWebServer[55247] done accepting connections: Socket closed
Feb 26, 2022 3:36:35 PM okhttp3.mockwebserver.MockWebServer$3 execute
INFO: MockWebServer[35079] starting to accept connections
Feb 26, 2022 3:36:35 PM okhttp3.mockwebserver.MockWebServer$3 acceptConnections
INFO: MockWebServer[35079] done accepting connections: Socket closed
Feb 26, 2022 3:36:35 PM okhttp3.mockwebserver.MockWebServer$3 execute
INFO: MockWebServer[42093] starting to accept connections
Feb 26, 2022 3:36:35 PM okhttp3.mockwebserver.MockWebServer$3 acceptConnections
INFO: MockWebServer[42093] done accepting connections: Socket closed
Feb 26, 2022 3:36:35 PM okhttp3.mockwebserver.MockWebServer$3 execute
INFO: MockWebServer[52547] starting to accept connections
Feb 26, 2022 3:36:35 PM okhttp3.mockwebserver.MockWebServer$3 acceptConnections
INFO: MockWebServer[52547] done accepting connections: Socket closed
Feb 26, 2022 3:36:35 PM okhttp3.mockwebserver.MockWebServer$3 execute
INFO: MockWebServer[33139] starting to accept connections
Feb 26, 2022 3:36:35 PM okhttp3.mockwebserver.MockWebServer$3 acceptConnections
INFO: MockWebServer[33139] done accepting connections: Socket closed
Feb 26, 2022 3:36:35 PM okhttp3.mockwebserver.MockWebServer$3 execute
INFO: MockWebServer[34309] starting to accept connections
Feb 26, 2022 3:36:35 PM okhttp3.mockwebserver.MockWebServer$3 acceptConnections
INFO: MockWebServer[34309] done accepting connections: Socket closed
Feb 26, 2022 3:36:35 PM okhttp3.mockwebserver.MockWebServer$3 execute
INFO: MockWebServer[57421] starting to accept connections
Feb 26, 2022 3:36:35 PM okhttp3.mockwebserver.MockWebServer$3 acceptConnections
INFO: MockWebServer[57421] done accepting connections: Socket closed
Feb 26, 2022 3:36:35 PM okhttp3.mockwebserver.MockWebServer$3 execute
INFO: MockWebServer[32997] starting to accept connections
Feb 26, 2022 3:36:35 PM okhttp3.mockwebserver.MockWebServer$3 acceptConnections
INFO: MockWebServer[32997] done accepting connections: Socket is closed
Feb 26, 2022 3:36:35 PM okhttp3.mockwebserver.MockWebServer$3 execute
INFO: MockWebServer[36037] starting to accept connections
Feb 26, 2022 3:36:35 PM okhttp3.mockwebserver.MockWebServer$3 acceptConnections
INFO: MockWebServer[36037] done accepting connections: Socket closed
Feb 26, 2022 3:36:35 PM okhttp3.mockwebserver.MockWebServer$3 execute
INFO: MockWebServer[42607] starting to accept connections
Feb 26, 2022 3:36:35 PM okhttp3.mockwebserver.MockWebServer$3 acceptConnections
INFO: MockWebServer[42607] done accepting connections: Socket is closed
Feb 26, 2022 3:36:35 PM okhttp3.mockwebserver.MockWebServer$3 execute
INFO: MockWebServer[56539] starting to accept connections
Feb 26, 2022 3:36:35 PM okhttp3.mockwebserver.MockWebServer$3 acceptConnections
INFO: MockWebServer[56539] done accepting connections: Socket closed
Feb 26, 2022 3:36:35 PM okhttp3.mockwebserver.MockWebServer$3 execute
INFO: MockWebServer[53141] starting to accept connections
Feb 26, 2022 3:36:35 PM okhttp3.mockwebserver.MockWebServer$3 acceptConnections
INFO: MockWebServer[53141] done accepting connections: Socket closed
Feb 26, 2022 3:36:35 PM okhttp3.mockwebserver.MockWebServer$3 execute
INFO: MockWebServer[38545] starting to accept connections
Feb 26, 2022 3:36:35 PM okhttp3.mockwebserver.MockWebServer$3 acceptConnections
INFO: MockWebServer[38545] done accepting connections: Socket closed
Feb 26, 2022 3:36:35 PM okhttp3.mockwebserver.MockWebServer$3 execute
INFO: MockWebServer[41799] starting to accept connections
Feb 26, 2022 3:36:35 PM okhttp3.mockwebserver.MockWebServer$3 acceptConnections
INFO: MockWebServer[41799] done accepting connections: Socket is closed
Feb 26, 2022 3:36:35 PM okhttp3.mockwebserver.MockWebServer$3 execute
INFO: MockWebServer[42333] starting to accept connections
Feb 26, 2022 3:36:35 PM okhttp3.mockwebserver.MockWebServer$3 acceptConnections
INFO: MockWebServer[42333] done accepting connections: Socket closed
Feb 26, 2022 3:36:35 PM okhttp3.mockwebserver.MockWebServer$3 execute
INFO: MockWebServer[40487] starting to accept connections
Feb 26, 2022 3:36:35 PM okhttp3.mockwebserver.MockWebServer$3 acceptConnections
INFO: MockWebServer[40487] done accepting connections: Socket closed
Feb 26, 2022 3:36:35 PM okhttp3.mockwebserver.MockWebServer$3 execute
INFO: MockWebServer[44751] starting to accept connections
Feb 26, 2022 3:36:35 PM okhttp3.mockwebserver.MockWebServer$3 acceptConnections
INFO: MockWebServer[44751] done accepting connections: Socket closed
Feb 26, 2022 3:36:35 PM okhttp3.mockwebserver.MockWebServer$3 execute
INFO: MockWebServer[40237] starting to accept connections
Feb 26, 2022 3:36:36 PM okhttp3.mockwebserver.MockWebServer$3 acceptConnections
INFO: MockWebServer[40237] done accepting connections: Socket closed
Feb 26, 2022 3:36:36 PM okhttp3.mockwebserver.MockWebServer$3 execute
INFO: MockWebServer[44921] starting to accept connections
Feb 26, 2022 3:36:36 PM okhttp3.mockwebserver.MockWebServer$3 acceptConnections
INFO: MockWebServer[44921] done accepting connections: Socket closed
Feb 26, 2022 3:36:36 PM okhttp3.mockwebserver.MockWebServer$3 execute
INFO: MockWebServer[53481] starting to accept connections
Feb 26, 2022 3:36:36 PM okhttp3.mockwebserver.MockWebServer$3 acceptConnections
INFO: MockWebServer[53481] done accepting connections: Socket closed
Feb 26, 2022 3:36:36 PM okhttp3.mockwebserver.MockWebServer$3 execute
INFO: MockWebServer[33155] starting to accept connections
Feb 26, 2022 3:36:36 PM okhttp3.mockwebserver.MockWebServer$3 acceptConnections
INFO: MockWebServer[33155] done accepting connections: Socket closed
Feb 26, 2022 3:36:36 PM okhttp3.mockwebserver.MockWebServer$3 execute
INFO: MockWebServer[36883] starting to accept connections
Feb 26, 2022 3:36:36 PM okhttp3.mockwebserver.MockWebServer$3 acceptConnections
INFO: MockWebServer[36883] done accepting connections: Socket closed
Feb 26, 2022 3:36:36 PM okhttp3.mockwebserver.MockWebServer$3 execute
INFO: MockWebServer[36681] starting to accept connections
Feb 26, 2022 3:36:36 PM okhttp3.mockwebserver.MockWebServer$3 acceptConnections
INFO: MockWebServer[36681] done accepting connections: Socket closed
Feb 26, 2022 3:36:36 PM okhttp3.mockwebserver.MockWebServer$3 execute
INFO: MockWebServer[52477] starting to accept connections
Feb 26, 2022 3:36:36 PM okhttp3.mockwebserver.MockWebServer$3 acceptConnections
INFO: MockWebServer[52477] done accepting connections: Socket closed
Feb 26, 2022 3:36:36 PM okhttp3.mockwebserver.MockWebServer$3 execute
INFO: MockWebServer[41997] starting to accept connections
Feb 26, 2022 3:36:36 PM okhttp3.mockwebserver.MockWebServer$3 acceptConnections
INFO: MockWebServer[41997] done accepting connections: Socket closed
Feb 26, 2022 3:36:36 PM okhttp3.mockwebserver.MockWebServer$3 execute
INFO: MockWebServer[56875] starting to accept connections
Feb 26, 2022 3:36:36 PM okhttp3.mockwebserver.MockWebServer$3 acceptConnections
INFO: MockWebServer[56875] done accepting connections: Socket closed
Feb 26, 2022 3:36:36 PM okhttp3.mockwebserver.MockWebServer$3 execute
INFO: MockWebServer[60171] starting to accept connections
Feb 26, 2022 3:36:36 PM okhttp3.mockwebserver.MockWebServer$3 acceptConnections
INFO: MockWebServer[60171] done accepting connections: Socket closed
Feb 26, 2022 3:36:36 PM okhttp3.mockwebserver.MockWebServer$3 execute
INFO: MockWebServer[59583] starting to accept connections
Feb 26, 2022 3:36:36 PM okhttp3.mockwebserver.MockWebServer$3 acceptConnections
INFO: MockWebServer[59583] done accepting connections: Socket closed
Tests run: 63, Failures: 0, Errors: 0, Skipped: 0, Time elapsed: 1.195 sec

Results :

Tests run: 238, Failures: 0, Errors: 0, Skipped: 2

[INFO] 
[INFO] --- animal-sniffer-maven-plugin:1.14:check (default) @ retrofit ---
[INFO] Checking unresolved references to org.codehaus.mojo.signature:java16:1.1
[INFO]                                                                         
[INFO] ------------------------------------------------------------------------
[INFO] Building Adapters 2.0.0-SNAPSHOT
[INFO] ------------------------------------------------------------------------
[INFO] 
[INFO] --- maven-enforcer-plugin:1.0:enforce (enforce-maven) @ retrofit-adapters ---
[INFO] 
[INFO] --- animal-sniffer-maven-plugin:1.14:check (default) @ retrofit-adapters ---
[INFO] Checking unresolved references to org.codehaus.mojo.signature:java16:1.1
[INFO]                                                                         
[INFO] ------------------------------------------------------------------------
[INFO] Building Adapter: Guava 2.0.0-SNAPSHOT
[INFO] ------------------------------------------------------------------------
[INFO] 
[INFO] --- maven-enforcer-plugin:1.0:enforce (enforce-maven) @ adapter-guava ---
[INFO] 
[INFO] --- maven-resources-plugin:2.6:resources (default-resources) @ adapter-guava ---
[INFO] Using 'UTF-8' encoding to copy filtered resources.
[INFO] skip non existing resourceDirectory /home/travis/build/failed/square/retrofit/retrofit-adapters/guava/src/main/resources
[INFO] 
[INFO] --- maven-compiler-plugin:3.0:compile (default-compile) @ adapter-guava ---
[INFO] Changes detected - recompiling the module!
[INFO] Compiling 2 source files to /home/travis/build/failed/square/retrofit/retrofit-adapters/guava/target/classes
[INFO] 
[INFO] --- maven-resources-plugin:2.6:testResources (default-testResources) @ adapter-guava ---
[INFO] Using 'UTF-8' encoding to copy filtered resources.
[INFO] skip non existing resourceDirectory /home/travis/build/failed/square/retrofit/retrofit-adapters/guava/src/test/resources
[INFO] 
[INFO] --- maven-compiler-plugin:3.0:testCompile (default-testCompile) @ adapter-guava ---
[INFO] Changes detected - recompiling the module!
[INFO] Compiling 3 source files to /home/travis/build/failed/square/retrofit/retrofit-adapters/guava/target/test-classes
[INFO] 
[INFO] --- maven-surefire-plugin:2.12.4:test (default-test) @ adapter-guava ---
[INFO] Surefire report directory: /home/travis/build/failed/square/retrofit/retrofit-adapters/guava/target/surefire-reports

-------------------------------------------------------
 T E S T S
-------------------------------------------------------
Running retrofit2.adapter.guava.GuavaCallAdapterFactoryTest
Feb 26, 2022 3:36:37 PM okhttp3.mockwebserver.MockWebServer$3 execute
INFO: MockWebServer[48531] starting to accept connections
Feb 26, 2022 3:36:37 PM okhttp3.mockwebserver.MockWebServer$3 acceptConnections
INFO: MockWebServer[48531] done accepting connections: Socket closed
Feb 26, 2022 3:36:37 PM okhttp3.mockwebserver.MockWebServer$3 execute
INFO: MockWebServer[42365] starting to accept connections
Feb 26, 2022 3:36:37 PM okhttp3.mockwebserver.MockWebServer$3 acceptConnections
INFO: MockWebServer[42365] done accepting connections: Socket closed
Feb 26, 2022 3:36:37 PM okhttp3.mockwebserver.MockWebServer$3 execute
INFO: MockWebServer[58243] starting to accept connections
Feb 26, 2022 3:36:37 PM okhttp3.mockwebserver.MockWebServer$3 acceptConnections
INFO: MockWebServer[58243] done accepting connections: Socket closed
Feb 26, 2022 3:36:37 PM okhttp3.mockwebserver.MockWebServer$3 execute
INFO: MockWebServer[33913] starting to accept connections
Feb 26, 2022 3:36:37 PM okhttp3.mockwebserver.MockWebServer$3 acceptConnections
INFO: MockWebServer[33913] done accepting connections: Socket closed
Tests run: 4, Failures: 0, Errors: 0, Skipped: 0, Time elapsed: 0.341 sec
Running retrofit2.adapter.guava.ListenableFutureTest
Feb 26, 2022 3:36:37 PM okhttp3.mockwebserver.MockWebServer$3 execute
INFO: MockWebServer[59481] starting to accept connections
Feb 26, 2022 3:36:37 PM okhttp3.mockwebserver.MockWebServer$4 processOneRequest
INFO: MockWebServer[59481] received request: GET / HTTP/1.1 and responded: HTTP/1.1 200 OK
Feb 26, 2022 3:36:37 PM okhttp3.mockwebserver.MockWebServer$3 acceptConnections
INFO: MockWebServer[59481] done accepting connections: Socket closed
Feb 26, 2022 3:36:37 PM okhttp3.mockwebserver.MockWebServer$3 execute
INFO: MockWebServer[42251] starting to accept connections
Feb 26, 2022 3:36:37 PM okhttp3.mockwebserver.MockWebServer$4 processOneRequest
INFO: MockWebServer[42251] received request: GET / HTTP/1.1 and responded: HTTP/1.1 404 Client Error
Feb 26, 2022 3:36:37 PM okhttp3.mockwebserver.MockWebServer$3 acceptConnections
INFO: MockWebServer[42251] done accepting connections: Socket closed
Feb 26, 2022 3:36:37 PM okhttp3.mockwebserver.MockWebServer$3 execute
INFO: MockWebServer[44091] starting to accept connections
Feb 26, 2022 3:36:37 PM okhttp3.mockwebserver.MockWebServer$4 processConnection
WARNING: MockWebServer[44091] connection from /127.0.0.1 didn't make a request
Feb 26, 2022 3:36:37 PM okhttp3.mockwebserver.MockWebServer$3 acceptConnections
INFO: MockWebServer[44091] done accepting connections: Socket closed
Feb 26, 2022 3:36:37 PM okhttp3.mockwebserver.MockWebServer$3 execute
INFO: MockWebServer[47597] starting to accept connections
Feb 26, 2022 3:36:37 PM okhttp3.mockwebserver.MockWebServer$4 processOneRequest
INFO: MockWebServer[47597] received request: GET / HTTP/1.1 and responded: HTTP/1.1 200 OK
Feb 26, 2022 3:36:37 PM okhttp3.mockwebserver.MockWebServer$3 acceptConnections
INFO: MockWebServer[47597] done accepting connections: Socket closed
Feb 26, 2022 3:36:37 PM okhttp3.mockwebserver.MockWebServer$3 execute
INFO: MockWebServer[40573] starting to accept connections
Feb 26, 2022 3:36:37 PM okhttp3.mockwebserver.MockWebServer$4 processOneRequest
INFO: MockWebServer[40573] received request: GET / HTTP/1.1 and responded: HTTP/1.1 404 Client Error
Feb 26, 2022 3:36:37 PM okhttp3.mockwebserver.MockWebServer$3 acceptConnections
INFO: MockWebServer[40573] done accepting connections: Socket closed
Feb 26, 2022 3:36:37 PM okhttp3.mockwebserver.MockWebServer$3 execute
INFO: MockWebServer[55571] starting to accept connections
Feb 26, 2022 3:36:37 PM okhttp3.mockwebserver.MockWebServer$4 processConnection
WARNING: MockWebServer[55571] connection from /127.0.0.1 didn't make a request
Feb 26, 2022 3:36:37 PM okhttp3.mockwebserver.MockWebServer$3 acceptConnections
INFO: MockWebServer[55571] done accepting connections: Socket closed
Tests run: 6, Failures: 0, Errors: 0, Skipped: 0, Time elapsed: 0.141 sec

Results :

Tests run: 10, Failures: 0, Errors: 0, Skipped: 0

[INFO] 
[INFO] --- animal-sniffer-maven-plugin:1.14:check (default) @ adapter-guava ---
[INFO] Checking unresolved references to org.codehaus.mojo.signature:java16:1.1
[INFO]                                                                         
[INFO] ------------------------------------------------------------------------
[INFO] Building Adapter: Java 8 2.0.0-SNAPSHOT
[INFO] ------------------------------------------------------------------------
[INFO] 
[INFO] --- maven-enforcer-plugin:1.0:enforce (enforce-maven) @ adapter-java8 ---
[INFO] 
[INFO] --- maven-resources-plugin:2.6:resources (default-resources) @ adapter-java8 ---
[INFO] Using 'UTF-8' encoding to copy filtered resources.
[INFO] skip non existing resourceDirectory /home/travis/build/failed/square/retrofit/retrofit-adapters/java8/src/main/resources
[INFO] 
[INFO] --- maven-compiler-plugin:3.0:compile (default-compile) @ adapter-java8 ---
[INFO] Changes detected - recompiling the module!
[INFO] Compiling 2 source files to /home/travis/build/failed/square/retrofit/retrofit-adapters/java8/target/classes
[INFO] 
[INFO] --- maven-resources-plugin:2.6:testResources (default-testResources) @ adapter-java8 ---
[INFO] Using 'UTF-8' encoding to copy filtered resources.
[INFO] skip non existing resourceDirectory /home/travis/build/failed/square/retrofit/retrofit-adapters/java8/src/test/resources
[INFO] 
[INFO] --- maven-compiler-plugin:3.0:testCompile (default-testCompile) @ adapter-java8 ---
[INFO] Changes detected - recompiling the module!
[INFO] Compiling 3 source files to /home/travis/build/failed/square/retrofit/retrofit-adapters/java8/target/test-classes
[INFO] 
[INFO] --- maven-surefire-plugin:2.12.4:test (default-test) @ adapter-java8 ---
[INFO] Surefire report directory: /home/travis/build/failed/square/retrofit/retrofit-adapters/java8/target/surefire-reports

-------------------------------------------------------
 T E S T S
-------------------------------------------------------
Running retrofit2.adapter.java8.CompletableFutureTest
Feb 26, 2022 3:36:38 PM okhttp3.mockwebserver.MockWebServer$3 execute
INFO: MockWebServer[60749] starting to accept connections
Feb 26, 2022 3:36:38 PM okhttp3.mockwebserver.MockWebServer$4 processOneRequest
INFO: MockWebServer[60749] received request: GET / HTTP/1.1 and responded: HTTP/1.1 200 OK
Feb 26, 2022 3:36:38 PM okhttp3.mockwebserver.MockWebServer$3 acceptConnections
INFO: MockWebServer[60749] done accepting connections: Socket closed
Feb 26, 2022 3:36:38 PM okhttp3.mockwebserver.MockWebServer$3 execute
INFO: MockWebServer[43747] starting to accept connections
Feb 26, 2022 3:36:38 PM okhttp3.mockwebserver.MockWebServer$4 processOneRequest
INFO: MockWebServer[43747] received request: GET / HTTP/1.1 and responded: HTTP/1.1 404 Client Error
Feb 26, 2022 3:36:38 PM okhttp3.mockwebserver.MockWebServer$3 acceptConnections
INFO: MockWebServer[43747] done accepting connections: Socket closed
Feb 26, 2022 3:36:38 PM okhttp3.mockwebserver.MockWebServer$3 execute
INFO: MockWebServer[33979] starting to accept connections
Feb 26, 2022 3:36:38 PM okhttp3.mockwebserver.MockWebServer$4 processConnection
WARNING: MockWebServer[33979] connection from /127.0.0.1 didn't make a request
Feb 26, 2022 3:36:38 PM okhttp3.mockwebserver.MockWebServer$3 acceptConnections
INFO: MockWebServer[33979] done accepting connections: Socket closed
Feb 26, 2022 3:36:38 PM okhttp3.mockwebserver.MockWebServer$3 execute
INFO: MockWebServer[59741] starting to accept connections
Feb 26, 2022 3:36:38 PM okhttp3.mockwebserver.MockWebServer$4 processOneRequest
INFO: MockWebServer[59741] received request: GET / HTTP/1.1 and responded: HTTP/1.1 200 OK
Feb 26, 2022 3:36:38 PM okhttp3.mockwebserver.MockWebServer$3 acceptConnections
INFO: MockWebServer[59741] done accepting connections: Socket closed
Feb 26, 2022 3:36:38 PM okhttp3.mockwebserver.MockWebServer$3 execute
INFO: MockWebServer[48701] starting to accept connections
Feb 26, 2022 3:36:38 PM okhttp3.mockwebserver.MockWebServer$4 processOneRequest
INFO: MockWebServer[48701] received request: GET / HTTP/1.1 and responded: HTTP/1.1 404 Client Error
Feb 26, 2022 3:36:38 PM okhttp3.mockwebserver.MockWebServer$3 acceptConnections
INFO: MockWebServer[48701] done accepting connections: Socket closed
Feb 26, 2022 3:36:38 PM okhttp3.mockwebserver.MockWebServer$3 execute
INFO: MockWebServer[36403] starting to accept connections
Feb 26, 2022 3:36:38 PM okhttp3.mockwebserver.MockWebServer$4 processConnection
WARNING: MockWebServer[36403] connection from /127.0.0.1 didn't make a request
Feb 26, 2022 3:36:38 PM okhttp3.mockwebserver.MockWebServer$3 acceptConnections
INFO: MockWebServer[36403] done accepting connections: Socket closed
Tests run: 6, Failures: 0, Errors: 0, Skipped: 0, Time elapsed: 0.421 sec
Running retrofit2.adapter.java8.Java8CallAdapterFactoryTest
Feb 26, 2022 3:36:38 PM okhttp3.mockwebserver.MockWebServer$3 execute
INFO: MockWebServer[57141] starting to accept connections
Feb 26, 2022 3:36:38 PM okhttp3.mockwebserver.MockWebServer$3 acceptConnections
INFO: MockWebServer[57141] done accepting connections: Socket closed
Feb 26, 2022 3:36:38 PM okhttp3.mockwebserver.MockWebServer$3 execute
INFO: MockWebServer[55117] starting to accept connections
Feb 26, 2022 3:36:38 PM okhttp3.mockwebserver.MockWebServer$3 acceptConnections
INFO: MockWebServer[55117] done accepting connections: Socket closed
Feb 26, 2022 3:36:38 PM okhttp3.mockwebserver.MockWebServer$3 execute
INFO: MockWebServer[58047] starting to accept connections
Feb 26, 2022 3:36:38 PM okhttp3.mockwebserver.MockWebServer$3 acceptConnections
INFO: MockWebServer[58047] done accepting connections: Socket closed
Feb 26, 2022 3:36:38 PM okhttp3.mockwebserver.MockWebServer$3 execute
INFO: MockWebServer[44825] starting to accept connections
Feb 26, 2022 3:36:38 PM okhttp3.mockwebserver.MockWebServer$3 acceptConnections
INFO: MockWebServer[44825] done accepting connections: Socket closed
Tests run: 4, Failures: 0, Errors: 0, Skipped: 0, Time elapsed: 0.03 sec

Results :

Tests run: 10, Failures: 0, Errors: 0, Skipped: 0

[INFO] 
[INFO] --- animal-sniffer-maven-plugin:1.14:check (default) @ adapter-java8 ---
[INFO] Checking unresolved references to org.kaazing.mojo.signature:java18:1.0
[INFO]                                                                         
[INFO] ------------------------------------------------------------------------
[INFO] Building Adapter: RxJava 2.0.0-SNAPSHOT
[INFO] ------------------------------------------------------------------------
[INFO] 
[INFO] --- maven-enforcer-plugin:1.0:enforce (enforce-maven) @ adapter-rxjava ---
[INFO] 
[INFO] --- maven-resources-plugin:2.6:resources (default-resources) @ adapter-rxjava ---
[INFO] Using 'UTF-8' encoding to copy filtered resources.
[INFO] skip non existing resourceDirectory /home/travis/build/failed/square/retrofit/retrofit-adapters/rxjava/src/main/resources
[INFO] 
[INFO] --- maven-compiler-plugin:3.0:compile (default-compile) @ adapter-rxjava ---
[INFO] Changes detected - recompiling the module!
[INFO] Compiling 5 source files to /home/travis/build/failed/square/retrofit/retrofit-adapters/rxjava/target/classes
[INFO] 
[INFO] --- maven-resources-plugin:2.6:testResources (default-testResources) @ adapter-rxjava ---
[INFO] Using 'UTF-8' encoding to copy filtered resources.
[INFO] skip non existing resourceDirectory /home/travis/build/failed/square/retrofit/retrofit-adapters/rxjava/src/test/resources
[INFO] 
[INFO] --- maven-compiler-plugin:3.0:testCompile (default-testCompile) @ adapter-rxjava ---
[INFO] Changes detected - recompiling the module!
[INFO] Compiling 9 source files to /home/travis/build/failed/square/retrofit/retrofit-adapters/rxjava/target/test-classes
[INFO] 
[INFO] --- maven-surefire-plugin:2.12.4:test (default-test) @ adapter-rxjava ---
[INFO] Surefire report directory: /home/travis/build/failed/square/retrofit/retrofit-adapters/rxjava/target/surefire-reports

-------------------------------------------------------
 T E S T S
-------------------------------------------------------
Running retrofit2.adapter.rxjava.CompletableSchedulerTest
Feb 26, 2022 3:36:39 PM okhttp3.mockwebserver.MockWebServer$3 execute
INFO: MockWebServer[38281] starting to accept connections
Feb 26, 2022 3:36:39 PM okhttp3.mockwebserver.MockWebServer$4 processOneRequest
INFO: MockWebServer[38281] received request: GET / HTTP/1.1 and responded: HTTP/1.1 200 OK
Feb 26, 2022 3:36:39 PM okhttp3.mockwebserver.MockWebServer$3 acceptConnections
INFO: MockWebServer[38281] done accepting connections: Socket closed
Tests run: 1, Failures: 0, Errors: 0, Skipped: 0, Time elapsed: 0.33 sec
Running retrofit2.adapter.rxjava.CompletableTest
Feb 26, 2022 3:36:39 PM okhttp3.mockwebserver.MockWebServer$3 execute
INFO: MockWebServer[34123] starting to accept connections
Feb 26, 2022 3:36:39 PM okhttp3.mockwebserver.MockWebServer$4 processOneRequest
INFO: MockWebServer[34123] received request: GET / HTTP/1.1 and responded: HTTP/1.1 200 OK
Feb 26, 2022 3:36:39 PM okhttp3.mockwebserver.MockWebServer$3 acceptConnections
INFO: MockWebServer[34123] done accepting connections: Socket closed
Feb 26, 2022 3:36:39 PM okhttp3.mockwebserver.MockWebServer$3 execute
INFO: MockWebServer[48015] starting to accept connections
Feb 26, 2022 3:36:39 PM okhttp3.mockwebserver.MockWebServer$4 processOneRequest
INFO: MockWebServer[48015] received request: GET / HTTP/1.1 and responded: HTTP/1.1 404 Client Error
Feb 26, 2022 3:36:39 PM okhttp3.mockwebserver.MockWebServer$3 acceptConnections
INFO: MockWebServer[48015] done accepting connections: Socket closed
Feb 26, 2022 3:36:39 PM okhttp3.mockwebserver.MockWebServer$3 execute
INFO: MockWebServer[51737] starting to accept connections
Feb 26, 2022 3:36:40 PM okhttp3.mockwebserver.MockWebServer$4 processConnection
WARNING: MockWebServer[51737] connection from /127.0.0.1 didn't make a request
Feb 26, 2022 3:36:40 PM okhttp3.mockwebserver.MockWebServer$3 acceptConnections
INFO: MockWebServer[51737] done accepting connections: Socket closed
Tests run: 3, Failures: 0, Errors: 0, Skipped: 0, Time elapsed: 0 sec
Running retrofit2.adapter.rxjava.ObservableSchedulerTest
Feb 26, 2022 3:36:40 PM okhttp3.mockwebserver.MockWebServer$3 execute
INFO: MockWebServer[57665] starting to accept connections
Feb 26, 2022 3:36:40 PM okhttp3.mockwebserver.MockWebServer$4 processOneRequest
INFO: MockWebServer[57665] received request: GET / HTTP/1.1 and responded: HTTP/1.1 200 OK
Feb 26, 2022 3:36:40 PM okhttp3.mockwebserver.MockWebServer$3 acceptConnections
INFO: MockWebServer[57665] done accepting connections: Socket closed
Feb 26, 2022 3:36:40 PM okhttp3.mockwebserver.MockWebServer$3 execute
INFO: MockWebServer[48519] starting to accept connections
Feb 26, 2022 3:36:40 PM okhttp3.mockwebserver.MockWebServer$4 processOneRequest
INFO: MockWebServer[48519] received request: GET / HTTP/1.1 and responded: HTTP/1.1 200 OK
Feb 26, 2022 3:36:40 PM okhttp3.mockwebserver.MockWebServer$3 acceptConnections
INFO: MockWebServer[48519] done accepting connections: Socket closed
Feb 26, 2022 3:36:40 PM okhttp3.mockwebserver.MockWebServer$3 execute
INFO: MockWebServer[48917] starting to accept connections
Feb 26, 2022 3:36:40 PM okhttp3.mockwebserver.MockWebServer$4 processOneRequest
INFO: MockWebServer[48917] received request: GET / HTTP/1.1 and responded: HTTP/1.1 200 OK
Feb 26, 2022 3:36:40 PM okhttp3.mockwebserver.MockWebServer$3 acceptConnections
INFO: MockWebServer[48917] done accepting connections: Socket closed
Tests run: 3, Failures: 0, Errors: 0, Skipped: 0, Time elapsed: 0.001 sec
Running retrofit2.adapter.rxjava.ObservableTest
Feb 26, 2022 3:36:40 PM okhttp3.mockwebserver.MockWebServer$3 execute
INFO: MockWebServer[56975] starting to accept connections
Feb 26, 2022 3:36:40 PM okhttp3.mockwebserver.MockWebServer$4 processConnection
WARNING: MockWebServer[56975] connection from /127.0.0.1 didn't make a request
Feb 26, 2022 3:36:40 PM okhttp3.mockwebserver.MockWebServer$3 acceptConnections
INFO: MockWebServer[56975] done accepting connections: Socket closed
Feb 26, 2022 3:36:40 PM okhttp3.mockwebserver.MockWebServer$3 execute
INFO: MockWebServer[56431] starting to accept connections
Feb 26, 2022 3:36:40 PM okhttp3.mockwebserver.MockWebServer$4 processOneRequest
INFO: MockWebServer[56431] received request: GET / HTTP/1.1 and responded: HTTP/1.1 200 OK
Feb 26, 2022 3:36:40 PM okhttp3.mockwebserver.MockWebServer$3 acceptConnections
INFO: MockWebServer[56431] done accepting connections: Socket closed
Feb 26, 2022 3:36:40 PM okhttp3.mockwebserver.MockWebServer$3 execute
INFO: MockWebServer[42241] starting to accept connections
Feb 26, 2022 3:36:40 PM okhttp3.mockwebserver.MockWebServer$4 processOneRequest
INFO: MockWebServer[42241] received request: GET / HTTP/1.1 and responded: HTTP/1.1 404 Client Error
Feb 26, 2022 3:36:40 PM okhttp3.mockwebserver.MockWebServer$3 acceptConnections
INFO: MockWebServer[42241] done accepting connections: Socket closed
Feb 26, 2022 3:36:40 PM okhttp3.mockwebserver.MockWebServer$3 execute
INFO: MockWebServer[52765] starting to accept connections
Feb 26, 2022 3:36:40 PM okhttp3.mockwebserver.MockWebServer$4 processConnection
WARNING: MockWebServer[52765] connection from /127.0.0.1 didn't make a request
Feb 26, 2022 3:36:40 PM okhttp3.mockwebserver.MockWebServer$3 acceptConnections
INFO: MockWebServer[52765] done accepting connections: Socket closed
Feb 26, 2022 3:36:40 PM okhttp3.mockwebserver.MockWebServer$3 execute
INFO: MockWebServer[42541] starting to accept connections
Feb 26, 2022 3:36:40 PM okhttp3.mockwebserver.MockWebServer$4 processOneRequest
INFO: MockWebServer[42541] received request: GET / HTTP/1.1 and responded: HTTP/1.1 200 OK
Feb 26, 2022 3:36:40 PM okhttp3.mockwebserver.MockWebServer$3 acceptConnections
INFO: MockWebServer[42541] done accepting connections: Socket closed
Feb 26, 2022 3:36:40 PM okhttp3.mockwebserver.MockWebServer$3 execute
INFO: MockWebServer[33545] starting to accept connections
Feb 26, 2022 3:36:40 PM okhttp3.mockwebserver.MockWebServer$4 processOneRequest
INFO: MockWebServer[33545] received request: GET / HTTP/1.1 and responded: HTTP/1.1 404 Client Error
Feb 26, 2022 3:36:40 PM okhttp3.mockwebserver.MockWebServer$3 acceptConnections
INFO: MockWebServer[33545] done accepting connections: Socket closed
Feb 26, 2022 3:36:40 PM okhttp3.mockwebserver.MockWebServer$3 execute
INFO: MockWebServer[50673] starting to accept connections
Feb 26, 2022 3:36:40 PM okhttp3.mockwebserver.MockWebServer$4 processConnection
WARNING: MockWebServer[50673] connection from /127.0.0.1 didn't make a request
Feb 26, 2022 3:36:40 PM okhttp3.mockwebserver.MockWebServer$3 acceptConnections
INFO: MockWebServer[50673] done accepting connections: Socket closed
Feb 26, 2022 3:36:40 PM okhttp3.mockwebserver.MockWebServer$3 execute
INFO: MockWebServer[52715] starting to accept connections
Feb 26, 2022 3:36:40 PM okhttp3.mockwebserver.MockWebServer$4 processOneRequest
INFO: MockWebServer[52715] received request: GET / HTTP/1.1 and responded: HTTP/1.1 200 OK
Feb 26, 2022 3:36:40 PM okhttp3.mockwebserver.MockWebServer$3 acceptConnections
INFO: MockWebServer[52715] done accepting connections: Socket closed
Feb 26, 2022 3:36:40 PM okhttp3.mockwebserver.MockWebServer$3 execute
INFO: MockWebServer[44089] starting to accept connections
Feb 26, 2022 3:36:40 PM okhttp3.mockwebserver.MockWebServer$4 processOneRequest
INFO: MockWebServer[44089] received request: GET / HTTP/1.1 and responded: HTTP/1.1 404 Client Error
Feb 26, 2022 3:36:40 PM okhttp3.mockwebserver.MockWebServer$3 acceptConnections
INFO: MockWebServer[44089] done accepting connections: Socket closed
Tests run: 9, Failures: 0, Errors: 0, Skipped: 0, Time elapsed: 0 sec
Running retrofit2.adapter.rxjava.ResultTest
Tests run: 4, Failures: 0, Errors: 0, Skipped: 0, Time elapsed: 0 sec
Running retrofit2.adapter.rxjava.RxJavaCallAdapterFactoryTest
Tests run: 6, Failures: 0, Errors: 0, Skipped: 0, Time elapsed: 0.011 sec
Running retrofit2.adapter.rxjava.SingleSchedulerTest
Feb 26, 2022 3:36:40 PM okhttp3.mockwebserver.MockWebServer$3 execute
INFO: MockWebServer[47915] starting to accept connections
Feb 26, 2022 3:36:40 PM okhttp3.mockwebserver.MockWebServer$4 processOneRequest
INFO: MockWebServer[47915] received request: GET / HTTP/1.1 and responded: HTTP/1.1 200 OK
Feb 26, 2022 3:36:40 PM okhttp3.mockwebserver.MockWebServer$3 acceptConnections
INFO: MockWebServer[47915] done accepting connections: Socket closed
Feb 26, 2022 3:36:40 PM okhttp3.mockwebserver.MockWebServer$3 execute
INFO: MockWebServer[53389] starting to accept connections
Feb 26, 2022 3:36:40 PM okhttp3.mockwebserver.MockWebServer$4 processOneRequest
INFO: MockWebServer[53389] received request: GET / HTTP/1.1 and responded: HTTP/1.1 200 OK
Feb 26, 2022 3:36:40 PM okhttp3.mockwebserver.MockWebServer$3 acceptConnections
INFO: MockWebServer[53389] done accepting connections: Socket closed
Feb 26, 2022 3:36:40 PM okhttp3.mockwebserver.MockWebServer$3 execute
INFO: MockWebServer[46555] starting to accept connections
Feb 26, 2022 3:36:40 PM okhttp3.mockwebserver.MockWebServer$4 processOneRequest
INFO: MockWebServer[46555] received request: GET / HTTP/1.1 and responded: HTTP/1.1 200 OK
Feb 26, 2022 3:36:40 PM okhttp3.mockwebserver.MockWebServer$3 acceptConnections
INFO: MockWebServer[46555] done accepting connections: Socket closed
Tests run: 3, Failures: 0, Errors: 0, Skipped: 0, Time elapsed: 0.042 sec
Running retrofit2.adapter.rxjava.SingleTest
Feb 26, 2022 3:36:40 PM okhttp3.mockwebserver.MockWebServer$3 execute
INFO: MockWebServer[59631] starting to accept connections
Feb 26, 2022 3:36:40 PM okhttp3.mockwebserver.MockWebServer$4 processConnection
WARNING: MockWebServer[59631] connection from /127.0.0.1 didn't make a request
Feb 26, 2022 3:36:40 PM okhttp3.mockwebserver.MockWebServer$3 acceptConnections
INFO: MockWebServer[59631] done accepting connections: Socket closed
Feb 26, 2022 3:36:40 PM okhttp3.mockwebserver.MockWebServer$3 execute
INFO: MockWebServer[35085] starting to accept connections
Feb 26, 2022 3:36:40 PM okhttp3.mockwebserver.MockWebServer$4 processOneRequest
INFO: MockWebServer[35085] received request: GET / HTTP/1.1 and responded: HTTP/1.1 200 OK
Feb 26, 2022 3:36:40 PM okhttp3.mockwebserver.MockWebServer$3 acceptConnections
INFO: MockWebServer[35085] done accepting connections: Socket closed
Feb 26, 2022 3:36:40 PM okhttp3.mockwebserver.MockWebServer$3 execute
INFO: MockWebServer[45605] starting to accept connections
Feb 26, 2022 3:36:40 PM okhttp3.mockwebserver.MockWebServer$4 processOneRequest
INFO: MockWebServer[45605] received request: GET / HTTP/1.1 and responded: HTTP/1.1 404 Client Error
Feb 26, 2022 3:36:40 PM okhttp3.mockwebserver.MockWebServer$3 acceptConnections
INFO: MockWebServer[45605] done accepting connections: Socket closed
Feb 26, 2022 3:36:40 PM okhttp3.mockwebserver.MockWebServer$3 execute
INFO: MockWebServer[46425] starting to accept connections
Feb 26, 2022 3:36:40 PM okhttp3.mockwebserver.MockWebServer$4 processConnection
WARNING: MockWebServer[46425] connection from /127.0.0.1 didn't make a request
Feb 26, 2022 3:36:40 PM okhttp3.mockwebserver.MockWebServer$3 acceptConnections
INFO: MockWebServer[46425] done accepting connections: Socket closed
Feb 26, 2022 3:36:40 PM okhttp3.mockwebserver.MockWebServer$3 execute
INFO: MockWebServer[36823] starting to accept connections
Feb 26, 2022 3:36:40 PM okhttp3.mockwebserver.MockWebServer$4 processOneRequest
INFO: MockWebServer[36823] received request: GET / HTTP/1.1 and responded: HTTP/1.1 200 OK
Feb 26, 2022 3:36:40 PM okhttp3.mockwebserver.MockWebServer$3 acceptConnections
INFO: MockWebServer[36823] done accepting connections: Socket closed
Feb 26, 2022 3:36:40 PM okhttp3.mockwebserver.MockWebServer$3 execute
INFO: MockWebServer[58331] starting to accept connections
Feb 26, 2022 3:36:40 PM okhttp3.mockwebserver.MockWebServer$4 processOneRequest
INFO: MockWebServer[58331] received request: GET / HTTP/1.1 and responded: HTTP/1.1 404 Client Error
Feb 26, 2022 3:36:40 PM okhttp3.mockwebserver.MockWebServer$3 acceptConnections
INFO: MockWebServer[58331] done accepting connections: Socket closed
Feb 26, 2022 3:36:40 PM okhttp3.mockwebserver.MockWebServer$3 execute
INFO: MockWebServer[38987] starting to accept connections
Feb 26, 2022 3:36:40 PM okhttp3.mockwebserver.MockWebServer$4 processConnection
WARNING: MockWebServer[38987] connection from /127.0.0.1 didn't make a request
Feb 26, 2022 3:36:40 PM okhttp3.mockwebserver.MockWebServer$3 acceptConnections
INFO: MockWebServer[38987] done accepting connections: Socket closed
Feb 26, 2022 3:36:40 PM okhttp3.mockwebserver.MockWebServer$3 execute
INFO: MockWebServer[51959] starting to accept connections
Feb 26, 2022 3:36:40 PM okhttp3.mockwebserver.MockWebServer$4 processOneRequest
INFO: MockWebServer[51959] received request: GET / HTTP/1.1 and responded: HTTP/1.1 200 OK
Feb 26, 2022 3:36:40 PM okhttp3.mockwebserver.MockWebServer$3 acceptConnections
INFO: MockWebServer[51959] done accepting connections: Socket closed
Feb 26, 2022 3:36:40 PM okhttp3.mockwebserver.MockWebServer$3 execute
INFO: MockWebServer[40283] starting to accept connections
Feb 26, 2022 3:36:40 PM okhttp3.mockwebserver.MockWebServer$4 processOneRequest
INFO: MockWebServer[40283] received request: GET / HTTP/1.1 and responded: HTTP/1.1 404 Client Error
Feb 26, 2022 3:36:40 PM okhttp3.mockwebserver.MockWebServer$3 acceptConnections
INFO: MockWebServer[40283] done accepting connections: Socket closed
Tests run: 9, Failures: 0, Errors: 0, Skipped: 0, Time elapsed: 0.06 sec

Results :

Tests run: 38, Failures: 0, Errors: 0, Skipped: 0

[INFO] 
[INFO] --- animal-sniffer-maven-plugin:1.14:check (default) @ adapter-rxjava ---
[INFO] Checking unresolved references to org.codehaus.mojo.signature:java16:1.1
[INFO]                                                                         
[INFO] ------------------------------------------------------------------------
[INFO] Building Converters 2.0.0-SNAPSHOT
[INFO] ------------------------------------------------------------------------
[INFO] 
[INFO] --- maven-enforcer-plugin:1.0:enforce (enforce-maven) @ retrofit-converters ---
[INFO] 
[INFO] --- animal-sniffer-maven-plugin:1.14:check (default) @ retrofit-converters ---
[INFO] Checking unresolved references to org.codehaus.mojo.signature:java16:1.1
[INFO]                                                                         
[INFO] ------------------------------------------------------------------------
[INFO] Building Converter: Gson 2.0.0-SNAPSHOT
[INFO] ------------------------------------------------------------------------
[INFO] 
[INFO] --- maven-enforcer-plugin:1.0:enforce (enforce-maven) @ converter-gson ---
[INFO] 
[INFO] --- maven-resources-plugin:2.6:resources (default-resources) @ converter-gson ---
[INFO] Using 'UTF-8' encoding to copy filtered resources.
[INFO] skip non existing resourceDirectory /home/travis/build/failed/square/retrofit/retrofit-converters/gson/src/main/resources
[INFO] 
[INFO] --- maven-compiler-plugin:3.0:compile (default-compile) @ converter-gson ---
[INFO] Changes detected - recompiling the module!
[INFO] Compiling 3 source files to /home/travis/build/failed/square/retrofit/retrofit-converters/gson/target/classes
[INFO] 
[INFO] --- maven-resources-plugin:2.6:testResources (default-testResources) @ converter-gson ---
[INFO] Using 'UTF-8' encoding to copy filtered resources.
[INFO] skip non existing resourceDirectory /home/travis/build/failed/square/retrofit/retrofit-converters/gson/src/test/resources
[INFO] 
[INFO] --- maven-compiler-plugin:3.0:testCompile (default-testCompile) @ converter-gson ---
[INFO] Changes detected - recompiling the module!
[INFO] Compiling 1 source file to /home/travis/build/failed/square/retrofit/retrofit-converters/gson/target/test-classes
[INFO] 
[INFO] --- maven-surefire-plugin:2.12.4:test (default-test) @ converter-gson ---
[INFO] Surefire report directory: /home/travis/build/failed/square/retrofit/retrofit-converters/gson/target/surefire-reports

-------------------------------------------------------
 T E S T S
-------------------------------------------------------
Running retrofit2.converter.gson.GsonConverterFactoryTest
Feb 26, 2022 3:36:41 PM okhttp3.mockwebserver.MockWebServer$3 execute
INFO: MockWebServer[49421] starting to accept connections
Feb 26, 2022 3:36:41 PM okhttp3.mockwebserver.MockWebServer$4 processOneRequest
INFO: MockWebServer[49421] received request: POST / HTTP/1.1 and responded: HTTP/1.1 200 OK
Feb 26, 2022 3:36:41 PM okhttp3.mockwebserver.MockWebServer$3 acceptConnections
INFO: MockWebServer[49421] done accepting connections: Socket closed
Feb 26, 2022 3:36:41 PM okhttp3.mockwebserver.MockWebServer$3 execute
INFO: MockWebServer[48487] starting to accept connections
Feb 26, 2022 3:36:41 PM okhttp3.mockwebserver.MockWebServer$4 processOneRequest
INFO: MockWebServer[48487] received request: POST / HTTP/1.1 and responded: HTTP/1.1 200 OK
Feb 26, 2022 3:36:41 PM okhttp3.mockwebserver.MockWebServer$3 acceptConnections
INFO: MockWebServer[48487] done accepting connections: Socket closed
Feb 26, 2022 3:36:41 PM okhttp3.mockwebserver.MockWebServer$3 execute
INFO: MockWebServer[33779] starting to accept connections
Feb 26, 2022 3:36:41 PM okhttp3.mockwebserver.MockWebServer$4 processOneRequest
INFO: MockWebServer[33779] received request: POST / HTTP/1.1 and responded: HTTP/1.1 200 OK
Feb 26, 2022 3:36:41 PM okhttp3.mockwebserver.MockWebServer$3 acceptConnections
INFO: MockWebServer[33779] done accepting connections: Socket closed
Feb 26, 2022 3:36:41 PM okhttp3.mockwebserver.MockWebServer$3 execute
INFO: MockWebServer[33533] starting to accept connections
Feb 26, 2022 3:36:41 PM okhttp3.mockwebserver.MockWebServer$4 processOneRequest
INFO: MockWebServer[33533] received request: POST / HTTP/1.1 and responded: HTTP/1.1 200 OK
Feb 26, 2022 3:36:41 PM okhttp3.mockwebserver.MockWebServer$3 acceptConnections
INFO: MockWebServer[33533] done accepting connections: Socket closed
Feb 26, 2022 3:36:41 PM okhttp3.mockwebserver.MockWebServer$3 execute
INFO: MockWebServer[48621] starting to accept connections
Feb 26, 2022 3:36:41 PM okhttp3.mockwebserver.MockWebServer$4 processOneRequest
INFO: MockWebServer[48621] received request: POST / HTTP/1.1 and responded: HTTP/1.1 200 OK
Feb 26, 2022 3:36:41 PM okhttp3.mockwebserver.MockWebServer$3 acceptConnections
INFO: MockWebServer[48621] done accepting connections: Socket closed
Tests run: 5, Failures: 0, Errors: 0, Skipped: 0, Time elapsed: 0.453 sec

Results :

Tests run: 5, Failures: 0, Errors: 0, Skipped: 0

[INFO] 
[INFO] --- animal-sniffer-maven-plugin:1.14:check (default) @ converter-gson ---
[INFO] Checking unresolved references to org.codehaus.mojo.signature:java16:1.1
[INFO]                                                                         
[INFO] ------------------------------------------------------------------------
[INFO] Building Converter: Protocol Buffers 2.0.0-SNAPSHOT
[INFO] ------------------------------------------------------------------------
[INFO] 
[INFO] --- maven-enforcer-plugin:1.0:enforce (enforce-maven) @ converter-protobuf ---
[INFO] 
[INFO] --- maven-resources-plugin:2.6:resources (default-resources) @ converter-protobuf ---
[INFO] Using 'UTF-8' encoding to copy filtered resources.
[INFO] skip non existing resourceDirectory /home/travis/build/failed/square/retrofit/retrofit-converters/protobuf/src/main/resources
[INFO] 
[INFO] --- maven-compiler-plugin:3.0:compile (default-compile) @ converter-protobuf ---
[INFO] Changes detected - recompiling the module!
[INFO] Compiling 3 source files to /home/travis/build/failed/square/retrofit/retrofit-converters/protobuf/target/classes
[WARNING] /home/travis/build/failed/square/retrofit/retrofit-converters/protobuf/src/main/java/retrofit2/converter/protobuf/ProtoConverterFactory.java: /home/travis/build/failed/square/retrofit/retrofit-converters/protobuf/src/main/java/retrofit2/converter/protobuf/ProtoConverterFactory.java uses unchecked or unsafe operations.
[WARNING] /home/travis/build/failed/square/retrofit/retrofit-converters/protobuf/src/main/java/retrofit2/converter/protobuf/ProtoConverterFactory.java: Recompile with -Xlint:unchecked for details.
[INFO] 
[INFO] --- maven-resources-plugin:2.6:testResources (default-testResources) @ converter-protobuf ---
[INFO] Using 'UTF-8' encoding to copy filtered resources.
[INFO] skip non existing resourceDirectory /home/travis/build/failed/square/retrofit/retrofit-converters/protobuf/src/test/resources
[INFO] 
[INFO] --- maven-compiler-plugin:3.0:testCompile (default-testCompile) @ converter-protobuf ---
[INFO] Changes detected - recompiling the module!
[INFO] Compiling 2 source files to /home/travis/build/failed/square/retrofit/retrofit-converters/protobuf/target/test-classes
[INFO] 
[INFO] --- maven-surefire-plugin:2.12.4:test (default-test) @ converter-protobuf ---
[INFO] Surefire report directory: /home/travis/build/failed/square/retrofit/retrofit-converters/protobuf/target/surefire-reports

-------------------------------------------------------
 T E S T S
-------------------------------------------------------
Running retrofit2.converter.protobuf.ProtoConverterFactoryTest
Feb 26, 2022 3:36:42 PM okhttp3.mockwebserver.MockWebServer$3 execute
INFO: MockWebServer[60627] starting to accept connections
Feb 26, 2022 3:36:42 PM okhttp3.mockwebserver.MockWebServer$4 processOneRequest
INFO: MockWebServer[60627] received request: POST / HTTP/1.1 and responded: HTTP/1.1 200 OK
Feb 26, 2022 3:36:42 PM okhttp3.mockwebserver.MockWebServer$3 acceptConnections
INFO: MockWebServer[60627] done accepting connections: Socket closed
Feb 26, 2022 3:36:42 PM okhttp3.mockwebserver.MockWebServer$3 execute
INFO: MockWebServer[45867] starting to accept connections
Feb 26, 2022 3:36:42 PM okhttp3.mockwebserver.MockWebServer$3 acceptConnections
INFO: MockWebServer[45867] done accepting connections: Socket closed
Feb 26, 2022 3:36:42 PM okhttp3.mockwebserver.MockWebServer$3 execute
INFO: MockWebServer[39813] starting to accept connections
Feb 26, 2022 3:36:42 PM okhttp3.mockwebserver.MockWebServer$4 processOneRequest
INFO: MockWebServer[39813] received request: GET / HTTP/1.1 and responded: HTTP/1.1 200 OK
Feb 26, 2022 3:36:42 PM okhttp3.mockwebserver.MockWebServer$3 acceptConnections
INFO: MockWebServer[39813] done accepting connections: Socket closed
Feb 26, 2022 3:36:42 PM okhttp3.mockwebserver.MockWebServer$3 execute
INFO: MockWebServer[46573] starting to accept connections
Feb 26, 2022 3:36:42 PM okhttp3.mockwebserver.MockWebServer$3 acceptConnections
INFO: MockWebServer[46573] done accepting connections: Socket closed
Feb 26, 2022 3:36:42 PM okhttp3.mockwebserver.MockWebServer$3 execute
INFO: MockWebServer[55705] starting to accept connections
Feb 26, 2022 3:36:42 PM okhttp3.mockwebserver.MockWebServer$3 acceptConnections
INFO: MockWebServer[55705] done accepting connections: Socket closed
Feb 26, 2022 3:36:42 PM okhttp3.mockwebserver.MockWebServer$3 execute
INFO: MockWebServer[51877] starting to accept connections
Feb 26, 2022 3:36:42 PM okhttp3.mockwebserver.MockWebServer$4 processOneRequest
INFO: MockWebServer[51877] received request: GET / HTTP/1.1 and responded: HTTP/1.1 200 OK
Feb 26, 2022 3:36:42 PM okhttp3.mockwebserver.MockWebServer$3 acceptConnections
INFO: MockWebServer[51877] done accepting connections: Socket closed
Tests run: 6, Failures: 1, Errors: 0, Skipped: 0, Time elapsed: 0.415 sec <<< FAILURE!
serializeNullThrows(retrofit2.converter.protobuf.ProtoConverterFactoryTest)  Time elapsed: 0.015 sec  <<< FAILURE!
java.lang.AssertionError
	at org.junit.Assert.fail(Assert.java:86)
	at org.junit.Assert.fail(Assert.java:95)
	at retrofit2.converter.protobuf.ProtoConverterFactoryTest.serializeNullThrows(ProtoConverterFactoryTest.java:138)
	at sun.reflect.NativeMethodAccessorImpl.invoke0(Native Method)
	at sun.reflect.NativeMethodAccessorImpl.invoke(NativeMethodAccessorImpl.java:62)
	at sun.reflect.DelegatingMethodAccessorImpl.invoke(DelegatingMethodAccessorImpl.java:43)
	at java.lang.reflect.Method.invoke(Method.java:483)
	at org.junit.runners.model.FrameworkMethod$1.runReflectiveCall(FrameworkMethod.java:50)
	at org.junit.internal.runners.model.ReflectiveCallable.run(ReflectiveCallable.java:12)
	at org.junit.runners.model.FrameworkMethod.invokeExplosively(FrameworkMethod.java:47)
	at org.junit.internal.runners.statements.InvokeMethod.evaluate(InvokeMethod.java:17)
	at org.junit.internal.runners.statements.RunBefores.evaluate(RunBefores.java:26)
	at okhttp3.mockwebserver.MockWebServer$2.evaluate(MockWebServer.java:154)
	at org.junit.rules.RunRules.evaluate(RunRules.java:20)
	at org.junit.runners.ParentRunner.runLeaf(ParentRunner.java:325)
	at org.junit.runners.BlockJUnit4ClassRunner.runChild(BlockJUnit4ClassRunner.java:78)
	at org.junit.runners.BlockJUnit4ClassRunner.runChild(BlockJUnit4ClassRunner.java:57)
	at org.junit.runners.ParentRunner$3.run(ParentRunner.java:290)
	at org.junit.runners.ParentRunner$1.schedule(ParentRunner.java:71)
	at org.junit.runners.ParentRunner.runChildren(ParentRunner.java:288)
	at org.junit.runners.ParentRunner.access$000(ParentRunner.java:58)
	at org.junit.runners.ParentRunner$2.evaluate(ParentRunner.java:268)
	at org.junit.runners.ParentRunner.run(ParentRunner.java:363)
	at org.apache.maven.surefire.junit4.JUnit4Provider.execute(JUnit4Provider.java:252)
	at org.apache.maven.surefire.junit4.JUnit4Provider.executeTestSet(JUnit4Provider.java:141)
	at org.apache.maven.surefire.junit4.JUnit4Provider.invoke(JUnit4Provider.java:112)
	at sun.reflect.NativeMethodAccessorImpl.invoke0(Native Method)
	at sun.reflect.NativeMethodAccessorImpl.invoke(NativeMethodAccessorImpl.java:62)
	at sun.reflect.DelegatingMethodAccessorImpl.invoke(DelegatingMethodAccessorImpl.java:43)
	at java.lang.reflect.Method.invoke(Method.java:483)
	at org.apache.maven.surefire.util.ReflectionUtils.invokeMethodWithArray(ReflectionUtils.java:189)
	at org.apache.maven.surefire.booter.ProviderFactory$ProviderProxy.invoke(ProviderFactory.java:165)
	at org.apache.maven.surefire.booter.ProviderFactory.invokeProvider(ProviderFactory.java:85)
	at org.apache.maven.surefire.booter.ForkedBooter.runSuitesInProcess(ForkedBooter.java:115)
	at org.apache.maven.surefire.booter.ForkedBooter.main(ForkedBooter.java:75)


Results :

Failed tests:   serializeNullThrows(retrofit2.converter.protobuf.ProtoConverterFactoryTest)

Tests run: 6, Failures: 1, Errors: 0, Skipped: 0

[INFO] ------------------------------------------------------------------------
[INFO] Reactor Summary:
[INFO] 
[INFO] Retrofit (Parent) .................................. SUCCESS [  0.925 s]
[INFO] Retrofit ........................................... SUCCESS [ 45.964 s]
[INFO] Adapters ........................................... SUCCESS [  0.239 s]
[INFO] Adapter: Guava ..................................... SUCCESS [  1.148 s]
[INFO] Adapter: Java 8 .................................... SUCCESS [  1.164 s]
[INFO] Adapter: RxJava .................................... SUCCESS [  1.652 s]
[INFO] Converters ......................................... SUCCESS [  0.203 s]
[INFO] Converter: Gson .................................... SUCCESS [  0.977 s]
[INFO] Converter: Protocol Buffers ........................ FAILURE [  0.716 s]
[INFO] Converter: Jackson ................................. SKIPPED
[INFO] Converter: Wire Protocol Buffers ................... SKIPPED
[INFO] Converter: SimpleXML ............................... SKIPPED
[INFO] Converter: Java Scalars ............................ SKIPPED
[INFO] Converter: Moshi ................................... SKIPPED
[INFO] Retrofit Mock Adapter .............................. SKIPPED
[INFO] Samples ............................................ SKIPPED
[INFO] ------------------------------------------------------------------------
[INFO] BUILD FAILURE
[INFO] ------------------------------------------------------------------------
[INFO] Total time: 53.269 s
[INFO] Finished at: 2022-02-26T15:36:42+00:00
[INFO] Final Memory: 27M/273M
[INFO] ------------------------------------------------------------------------
[ERROR] Failed to execute goal org.apache.maven.plugins:maven-surefire-plugin:2.12.4:test (default-test) on project converter-protobuf: There are test failures.
[ERROR] 
[ERROR] Please refer to /home/travis/build/failed/square/retrofit/retrofit-converters/protobuf/target/surefire-reports for the individual test results.
[ERROR] -> [Help 1]
[ERROR] 
[ERROR] To see the full stack trace of the errors, re-run Maven with the -e switch.
[ERROR] Re-run Maven using the -X switch to enable full debug logging.
[ERROR] 
[ERROR] For more information about the errors and possible solutions, please read the following articles:
[ERROR] [Help 1] http://cwiki.apache.org/confluence/display/MAVEN/MojoFailureException
[ERROR] 
[ERROR] After correcting the problems, you can resume the build with the command
[ERROR]   mvn <goals> -rf :converter-protobuf

travis_time:end:10bb7d4c:start=1645889748425035310,finish=1645889802995211204,duration=54570175894[0K
[31;1mThe command "mvn -o test -Dhttps.protocols=TLSv1.2 -B" exited with 1.[0m
travis_fold:start:cache.2[0Kstore build cache
travis_time:start:11693827[0K
travis_time:end:11693827:start=1645889803004555030,finish=1645889803011959287,duration=7404257[0Ktravis_time:start:09e13008[0K/home/travis/.casher/bin/casher:190: warning: Insecure world writable dir /home/travis/build/failed/square/retrofit/. in PATH, mode 040777
[32;1mchanges detected, packing new archive[0m
/home/travis/.casher/bin/casher:213:in `cache_archive_name': undefined method `[]' for nil:NilClass (NoMethodError)
	from /home/travis/.casher/bin/casher:143:in `push'
	from /home/travis/.casher/bin/casher:53:in `block in run'
	from /home/travis/.rvm/rubies/ruby-1.9.3-p551/lib/ruby/1.9.1/timeout.rb:69:in `timeout'
	from /home/travis/.casher/bin/casher:53:in `run'
	from /home/travis/.casher/bin/casher:263:in `<main>'
.
.
.
.
.
.
.
.
.
.
.
.
.
.
.
.
.
.
.
.
.
.

travis_time:end:09e13008:start=1645889803020774151,finish=1645889915778987344,duration=112758213193[0Ktravis_fold:end:cache.2[0K
Done. Your build exited with 1.
