travis_time:start:2a687aa0[0Ktravis_time:end:2a687aa0:start=1660527861835407555,finish=1660527862142019385,duration=306611830,event=no_world_writable_dirs[0Ktravis_time:start:0ad56650[0Ktravis_time:end:0ad56650:start=1660527862150056307,finish=1660527862154995615,duration=4939308,event=check_unsupported[0Ktravis_time:start:03a6cca3[0Ktravis_fold:start:system_info[0K[33;1mBuild system information[0m
Build language: java
Build group: stable
Build dist: xenial
Build id: ''
Job id: ''
Runtime kernel version: 4.15.0-109-generic
[34m[1mBuild image provisioning date and time[0m
Fri Aug  2 14:20:18 UTC 2019
[34m[1mOperating System Details[0m
Distributor ID:	Ubuntu
Description:	Ubuntu 16.04.6 LTS
Release:	16.04
Codename:	xenial
[34m[1mSystemd Version[0m
systemd 229
[34m[1mCookbooks Version[0m
790f512 https://github.com/travis-ci/travis-cookbooks/tree/790f512
[34m[1mgit version[0m
git version 2.22.0
[34m[1mbash version[0m
GNU bash, version 4.3.48(1)-release (x86_64-pc-linux-gnu)
[34m[1mgcc version[0m
gcc (Ubuntu 5.4.0-6ubuntu1~16.04.11) 5.4.0 20160609
[34m[1mdocker version[0m
Client:
 Version:           18.06.1-ce
 API version:       1.38
 Go version:        go1.10.3
 Git commit:        e68fc7a
 Built:             Tue Aug 21 17:20:43 2018
 OS/Arch:           linux/amd64
 Experimental:      false
[34m[1mclang version[0m
clang version 7.0.0 (tags/RELEASE_700/final)
[34m[1mjq version[0m
jq-1.5
[34m[1mbats version[0m
Bats 0.4.0
[34m[1mshellcheck version[0m
0.6.0
[34m[1mshfmt version[0m
v2.6.3
[34m[1mccache version[0m
3.2.4
[34m[1mcmake version[0m
cmake version 3.12.4
[34m[1mheroku version[0m
heroku/7.27.1 linux-x64 node-v11.14.0
[34m[1mimagemagick version[0m
Version: ImageMagick 6.8.9-9 Q16 x86_64 2019-06-15 http://www.imagemagick.org
[34m[1mmd5deep version[0m
4.4
[34m[1mmercurial version[0m
version 4.8
[34m[1mmysql version[0m
mysql  Ver 14.14 Distrib 5.7.27, for Linux (x86_64) using  EditLine wrapper
[34m[1mopenssl version[0m
OpenSSL 1.0.2g  1 Mar 2016
[34m[1mpacker version[0m
1.3.3
[34m[1mpostgresql client version[0m
psql (PostgreSQL) 10.9 (Ubuntu 10.9-1.pgdg16.04+1)
[34m[1mragel version[0m
Ragel State Machine Compiler version 6.8 Feb 2013
[34m[1msudo version[0m
1.8.16
[34m[1mgzip version[0m
gzip 1.6
[34m[1mzip version[0m
Zip 3.0
[34m[1mvim version[0m
VIM - Vi IMproved 7.4 (2013 Aug 10, compiled Jun 07 2019 15:35:43)
[34m[1miptables version[0m
iptables v1.6.0
[34m[1mcurl version[0m
curl 7.47.0 (x86_64-pc-linux-gnu) libcurl/7.47.0 GnuTLS/3.4.10 zlib/1.2.8 libidn/1.32 librtmp/2.3
[34m[1mwget version[0m
GNU Wget 1.17.1 built on linux-gnu.
[34m[1mrsync version[0m
rsync  version 3.1.1  protocol version 31
[34m[1mgimme version[0m
v1.5.3
[34m[1mnvm version[0m
0.34.0
[34m[1mperlbrew version[0m
/home/travis/perl5/perlbrew/bin/perlbrew  - App::perlbrew/0.86
[34m[1mphpenv version[0m
rbenv 1.1.2-2-g4e92322
[34m[1mrvm version[0m
rvm 1.29.9 (latest) by Michal Papis, Piotr Kuczynski, Wayne E. Seguin [https://rvm.io]
[34m[1mdefault ruby version[0m
ruby 2.5.3p105 (2018-10-18 revision 65156) [x86_64-linux]
[34m[1mCouchDB version[0m
couchdb 1.6.1
[34m[1mElasticSearch version[0m
5.5.0
[34m[1mInstalled Firefox version[0m
firefox 63.0.1
[34m[1mMongoDB version[0m
MongoDB 4.0.11
[34m[1mPhantomJS version[0m
2.1.1
[34m[1mPre-installed PostgreSQL versions[0m
9.4.23
9.5.18
9.6.14
[34m[1mRedis version[0m
redis-server 5.0.5
[34m[1mPre-installed Go versions[0m
1.11.1
[34m[1mant version[0m
Apache Ant(TM) version 1.9.6 compiled on July 20 2018
[34m[1mmvn version[0m
Apache Maven 3.6.0 (97c98ec64a1fdfee7767ce5ffb20918da4f719f3; 2018-10-24T18:41:47Z)
[34m[1mgradle version[0m
Gradle 5.1.1!
[34m[1mlein version[0m
Leiningen 2.9.1 on Java 11.0.2 OpenJDK 64-Bit Server VM
[34m[1mPre-installed Node.js versions[0m
v10.16.1
v11.0.0
v4.9.1
v6.17.1
v8.12.0
v8.16.0
v8.9
[34m[1mphpenv versions[0m
  system
  5.6
  5.6.40
  7.1
  7.1.27
  7.2
* 7.2.15 (set by /home/travis/.phpenv/version)
  hhvm
  hhvm-stable
[34m[1mcomposer --version[0m
Composer version 1.8.4 2019-02-11 10:52:10
[34m[1mPre-installed Ruby versions[0m
ruby-2.3.8
ruby-2.4.5
ruby-2.5.3
travis_fold:end:system_info[0K
travis_time:end:03a6cca3:start=1660527862162901319,finish=1660527862174116642,duration=11215323,event=show_system_info[0Ktravis_time:start:039153ba[0Ktravis_time:end:039153ba:start=1660527862181065690,finish=1660527862203341205,duration=22275515,event=rm_riak_source[0Ktravis_time:start:15a59c6f[0Ktravis_time:end:15a59c6f:start=1660527862209889508,finish=1660527862222193335,duration=12303827,event=fix_rwky_redis[0Ktravis_time:start:2b6b49a4[0K[31;1mTimeout waiting for network availability.[0m
travis_time:end:2b6b49a4:start=1660527862228828395,finish=1660527882971987330,duration=20743158935,event=wait_for_network[0Ktravis_time:start:017945f4[0Ktravis_time:end:017945f4:start=1660527882979788499,finish=1660527883325725303,duration=345936804,event=update_apt_keys[0Ktravis_time:start:0b8adf8c[0Ktravis_time:end:0b8adf8c:start=1660527883332292395,finish=1660527883423602879,duration=91310484,event=fix_hhvm_source[0Ktravis_time:start:16f38786[0Ktravis_time:end:16f38786:start=1660527883430379465,finish=1660527883436465146,duration=6085681,event=update_mongo_arch[0Ktravis_time:start:0c06a565[0Ktravis_time:end:0c06a565:start=1660527883442880069,finish=1660527883512134419,duration=69254350,event=fix_sudo_enabled_trusty[0Ktravis_time:start:212fef20[0Ktravis_time:end:212fef20:start=1660527883519454644,finish=1660527883536488570,duration=17033926,event=clean_up_path[0Ktravis_time:start:1e91f8c1[0Ktravis_time:end:1e91f8c1:start=1660527883543217803,finish=1660527883561064400,duration=17846597,event=fix_resolv_conf[0Ktravis_time:start:0e5300a8[0Ktravis_time:end:0e5300a8:start=1660527883568850141,finish=1660527883591486813,duration=22636672,event=fix_etc_hosts[0Ktravis_time:start:09fccbc2[0Ktravis_time:end:09fccbc2:start=1660527883598224206,finish=1660527883614586030,duration=16361824,event=fix_mvn_settings_xml[0Ktravis_time:start:12fcf12f[0Ktravis_time:end:12fcf12f:start=1660527883622041022,finish=1660527883642637627,duration=20596605,event=no_ipv6_localhost[0Ktravis_time:start:1ba3db7a[0Ktravis_time:end:1ba3db7a:start=1660527883648875782,finish=1660527883653432060,duration=4556278,event=fix_etc_mavenrc[0Ktravis_time:start:243d4230[0Ktravis_time:end:243d4230:start=1660527883659925674,finish=1660527883666756129,duration=6830455,event=fix_wwdr_certificate[0Ktravis_time:start:220c0c68[0Ktravis_time:end:220c0c68:start=1660527883673394555,finish=1660527883717023357,duration=43628802,event=put_localhost_first[0Ktravis_time:start:18013065[0Ktravis_time:end:18013065:start=1660527883724343434,finish=1660527883729803509,duration=5460075,event=home_paths[0Ktravis_time:start:007ccc50[0Ktravis_time:end:007ccc50:start=1660527883737845801,finish=1660527883774948794,duration=37102993,event=disable_initramfs[0Ktravis_time:start:18f6d899[0Ktravis_time:end:18f6d899:start=1660527883781867699,finish=1660527883953735899,duration=171868200,event=disable_ssh_roaming[0Ktravis_time:start:2096d90c[0Ktravis_time:end:2096d90c:start=1660527883961905883,finish=1660527883967761522,duration=5855639,event=debug_tools[0Ktravis_time:start:2b1f8130[0Ktravis_time:end:2b1f8130:start=1660527883974292172,finish=1660527883980970933,duration=6678761,event=uninstall_oclint[0Ktravis_time:start:08196168[0Ktravis_time:end:08196168:start=1660527883987807286,finish=1660527883994625977,duration=6818691,event=rvm_use[0Ktravis_time:start:0893a7f8[0Ktravis_time:end:0893a7f8:start=1660527884001676234,finish=1660527884017787139,duration=16110905,event=rm_etc_boto_cfg[0Ktravis_time:start:0b4fe339[0Ktravis_time:end:0b4fe339:start=1660527884024934998,finish=1660527884030202964,duration=5267966,event=rm_oraclejdk8_symlink[0Ktravis_time:start:02636bc8[0Ktravis_time:end:02636bc8:start=1660527884036482434,finish=1660527884179525020,duration=143042586,event=enable_i386[0Ktravis_time:start:1b27386e[0Ktravis_time:end:1b27386e:start=1660527884186238479,finish=1660527884193462405,duration=7223926,event=update_rubygems[0Ktravis_time:start:08780b74[0Ktravis_time:end:08780b74:start=1660527884200447141,finish=1660527885381699845,duration=1181252704,event=ensure_path_components[0Ktravis_time:start:0083aad2[0Ktravis_time:end:0083aad2:start=1660527885389069940,finish=1660527885394282663,duration=5212723,event=redefine_curl[0Ktravis_time:start:0ed8c256[0Ktravis_time:end:0ed8c256:start=1660527885401518371,finish=1660527885407471841,duration=5953470,event=nonblock_pipe[0Ktravis_time:start:01cae09b[0Ktravis_time:end:01cae09b:start=1660527885414334248,finish=1660527897246005881,duration=11831671633,event=apt_get_update[0Ktravis_time:start:0495309a[0Ktravis_time:end:0495309a:start=1660527897254417348,finish=1660527897260771761,duration=6354413,event=deprecate_xcode_64[0Ktravis_time:start:1d7e24d0[0Ktravis_time:end:1d7e24d0:start=1660527897269043656,finish=1660527907047500976,duration=9778457320,event=update_heroku[0Ktravis_time:start:0112d930[0Ktravis_time:end:0112d930:start=1660527907055914749,finish=1660527907061605547,duration=5690798,event=shell_session_update[0Ktravis_time:start:0a54d4b7[0Ktravis_fold:start:docker_mtu[0Ktee: /etc/docker/daemon.json: No such file or directory
docker: unrecognized service
travis_fold:end:docker_mtu[0Ktravis_time:end:0a54d4b7:start=1660527907067283183,finish=1660527907103161463,duration=35878280,event=set_docker_mtu[0Ktravis_time:start:31fb8916[0Ktravis_time:end:31fb8916:start=1660527907109617194,finish=1660527907128151878,duration=18534684,event=resolvconf[0Ktravis_time:start:25d65e5f[0Ktravis_time:end:25d65e5f:start=1660527907134532787,finish=1660527907283543523,duration=149010736,event=maven_https[0K
travis_fold:start:install_jdk[0K[33;1mInstalling openjdk11[0m
travis_fold:end:install_jdk[0Ktravis_time:start:1ef7caec[0Ktravis_time:end:1ef7caec:start=1660527907301866670,finish=1660527907306314445,duration=4447775,event=fix_ps4[0Ktravis_time:start:0429b484[0K
$ cd failed/alibaba/canal

travis_time:end:0429b484:start=1660527907313284830,finish=1660527907318073845,duration=4789015,event=checkout[0Ktravis_time:start:00dc9748[0Ktravis_time:end:00dc9748:start=1660527907324034700,finish=1660527908140381687,duration=816346987,event=env[0Ktravis_fold:start:cache.1[0KSetting up build cache
$ export CASHER_DIR=${TRAVIS_HOME}/.casher
travis_time:start:1f457ee0[0K$ Installing caching utilities
curl: (6) Could not resolve host: https

[31;1mThe command "eval curl -sf  -o $CASHER_DIR/bin/casher https:///files/casher " failed. Retrying, 2 of 3.[0m

curl: (6) Could not resolve host: https

[31;1mThe command "eval curl -sf  -o $CASHER_DIR/bin/casher https:///files/casher " failed. Retrying, 3 of 3.[0m

curl: (6) Could not resolve host: https

[31;1mThe command "eval curl -sf  -o $CASHER_DIR/bin/casher https:///files/casher " failed 3 times.[0m

travis_time:end:1f457ee0:start=1660527909340587507,finish=1660527921518742278,duration=12178154771,event=setup_casher[0Ktravis_time:start:0a28bdd6[0K$ Installing caching utilities from the Travis CI server (https:///files/casher) failed, failing over to using GitHub (https://raw.githubusercontent.com/travis-ci/casher/bash/bin/casher)
travis_time:end:0a28bdd6:start=1660527921526844027,finish=1660527921653124884,duration=126280857,event=setup_casher[0Ktravis_time:start:1375d142[0Ktravis_time:end:1375d142:start=1660527921665035384,finish=1660527921671466614,duration=6431230,event=setup_casher[0Ktravis_time:start:0f6f4844[0Kattempting to download cache archive[0m
[31;1mcould not download cache[0m
travis_time:end:0f6f4844:start=1660527921679444486,finish=1660527923317360941,duration=1637916455,event=setup_casher[0Ktravis_time:start:07dbc2bc[0Ktravis_time:end:07dbc2bc:start=1660527923324823951,finish=1660527923330663387,duration=5839436,event=setup_casher[0Ktravis_time:start:2804f33a[0Kadding /home/travis/.m2 to cache[0m
travis_time:end:2804f33a:start=1660527923339511058,finish=1660527931650420610,duration=8310909552,event=setup_casher[0Ktravis_fold:end:cache.1[0K
$ java -Xmx32m -version
Picked up _JAVA_OPTIONS: -Xmx2048m -Xms512m
openjdk version "11.0.2" 2019-01-15
OpenJDK Runtime Environment 18.9 (build 11.0.2+9)
OpenJDK 64-Bit Server VM 18.9 (build 11.0.2+9, mixed mode)
$ javac -J-Xmx32m -version
Picked up _JAVA_OPTIONS: -Xmx2048m -Xms512m
javac 11.0.2
travis_fold:start:install[0Ktravis_time:start:080120e5[0K$ true
travis_time:end:080120e5:start=1660527931981545304,finish=1660527931987312209,duration=5766905,event=install[0Ktravis_fold:end:install[0Ktravis_time:start:36743170[0K$ travis_wait 30 ./mvnw clean install -DskipTests=false -Dcheckstyle.skip=true -Dmaven.javadoc.skip=true


Still running (1 of 30): ./mvnw clean install -DskipTests=false -Dcheckstyle.skip=true -Dmaven.javadoc.skip=true
[31;1mThe command ./mvnw clean install -DskipTests=false -Dcheckstyle.skip=true -Dmaven.javadoc.skip=true exited with 1.[0m

[32;1mLog:[0m

Picked up _JAVA_OPTIONS: -Xmx2048m -Xms512m
[[1;34mINFO[m] Scanning for projects...
WARNING: An illegal reflective access operation has occurred
WARNING: Illegal reflective access by org.codehaus.groovy.reflection.CachedClass (file:/home/travis/.m2/repository/org/codehaus/groovy/groovy-all/2.4.14/groovy-all-2.4.14.jar) to method java.lang.Object.finalize()
WARNING: Please consider reporting this to the maintainers of org.codehaus.groovy.reflection.CachedClass
WARNING: Use --illegal-access=warn to enable warnings of further illegal reflective access operations
WARNING: All illegal access operations will be denied in a future release
[[1;34mINFO[m] --- tiles-maven-plugin: Injecting 1 tiles as intermediary parent artifacts for com.alibaba.otter:canal-admin-server...
[[1;34mINFO[m] Mixed 'null:canal-admin-server:null' with tile 'io.ebean.tile:enhancement:11.41.1' as its new parent.
[[1;34mINFO[m] Explicitly set groupId to 'com.alibaba.otter' from original parent 'com.alibaba.otter:canal-admin:1.1.4-SNAPSHOT'.
[[1;34mINFO[m] Explicitly set version to '1.1.4-SNAPSHOT' from original parent 'com.alibaba.otter:canal-admin:1.1.4-SNAPSHOT'.
[[1;34mINFO[m] Mixed 'io.ebean.tile:enhancement:11.41.1' with original parent 'com.alibaba.otter:canal-admin:1.1.4-SNAPSHOT' as its new top level parent.
[[1;34mINFO[m] 
[[1;34mINFO[m] [1m------------------------------------------------------------------------[m
[[1;34mINFO[m] [1mReactor Build Order:[m
[[1;34mINFO[m] 
[[1;34mINFO[m] canal module for otter 1.1.4-SNAPSHOT
[[1;34mINFO[m] canal common module for otter 1.1.4-SNAPSHOT
[[1;34mINFO[m] canal protocol module for otter 1.1.4-SNAPSHOT
[[1;34mINFO[m] canal meta module for otter 1.1.4-SNAPSHOT
[[1;34mINFO[m] canal driver module for otter 1.1.4-SNAPSHOT
[[1;34mINFO[m] canal dbsync module for otter 1.1.4-SNAPSHOT
[[1;34mINFO[m] canal sink module for otter 1.1.4-SNAPSHOT
[[1;34mINFO[m] canal store module for otter 1.1.4-SNAPSHOT
[[1;34mINFO[m] canal sink module for otter 1.1.4-SNAPSHOT
[[1;34mINFO[m] canal parse module for otter 1.1.4-SNAPSHOT
[[1;34mINFO[m] canal instance core module for otter 1.1.4-SNAPSHOT
[[1;34mINFO[m] canal instance spring module for otter 1.1.4-SNAPSHOT
[[1;34mINFO[m] canal instance manager module for otter 1.1.4-SNAPSHOT
[[1;34mINFO[m] canal instance module for otter 1.1.4-SNAPSHOT
[[1;34mINFO[m] canal server module for otter 1.1.4-SNAPSHOT
[[1;34mINFO[m] canal client module for otter 1.1.4-SNAPSHOT
[[1;34mINFO[m] canal prometheus module for otter 1.1.4-SNAPSHOT
[[1;34mINFO[m] canal deployer module for otter 1.1.4-SNAPSHOT
[[1;34mINFO[m] canal example module for otter 1.1.4-SNAPSHOT
[[1;34mINFO[m] canal client adapter module for otter 1.1.4-SNAPSHOT
[[1;34mINFO[m] canal client adapter common module for otter 1.1.4-SNAPSHOT
[[1;34mINFO[m] canal client adapter logger example module for otter 1.1.4-SNAPSHOT
[[1;34mINFO[m] canal client adapter hbase module for otter 1.1.4-SNAPSHOT
[[1;34mINFO[m] canal client adapter elasticsearch module for otter 1.1.4-SNAPSHOT
[[1;34mINFO[m] canal client adapter rdb module for otter 1.1.4-SNAPSHOT
[[1;34mINFO[m] canal client adapter launcher module for otter 1.1.4-SNAPSHOT
[[1;34mINFO[m] canal-admin
[[1;34mINFO[m] canal-admin-ui
[[1;34mINFO[m] canal-admin-server
[[1;34mINFO[m] 
[[1;34mINFO[m] [1m------------------------------------------------------------------------[m
[[1;34mINFO[m] [1mBuilding canal module for otter 1.1.4-SNAPSHOT 1.1.4-SNAPSHOT[m
[[1;34mINFO[m] [1m------------------------------------------------------------------------[m
[[1;34mINFO[m] 
[[1;34mINFO[m] [1m--- [0;32mmaven-clean-plugin:2.5:clean[m [1m(default-clean)[m @ [36mcanal[0;1m ---[m
[[1;34mINFO[m] 
[[1;34mINFO[m] [1m--- [0;32mmaven-enforcer-plugin:1.0:enforce[m [1m(enforce-maven)[m @ [36mcanal[0;1m ---[m
[[1;34mINFO[m] 
[[1;34mINFO[m] [1m--- [0;32mjacoco-maven-plugin:0.8.3:prepare-agent[m [1m(jacoco-initialize)[m @ [36mcanal[0;1m ---[m
[[1;34mINFO[m] jacocoArgLine set to -javaagent:/home/travis/.m2/repository/org/jacoco/org.jacoco.agent/0.8.3/org.jacoco.agent-0.8.3-runtime.jar=destfile=/home/travis/build/failed/alibaba/canal/target/jacoco.exec
[[1;34mINFO[m] 
[[1;34mINFO[m] [1m>>> [0;32mmaven-source-plugin:2.4:jar[m [1m(attach-sources)[0;1m > [0;1mgenerate-sources[m @ [36mcanal[0;1m >>>[m
[[1;34mINFO[m] 
[[1;34mINFO[m] [1m--- [0;32mmaven-enforcer-plugin:1.0:enforce[m [1m(enforce-maven)[m @ [36mcanal[0;1m ---[m
[[1;34mINFO[m] 
[[1;34mINFO[m] [1m--- [0;32mjacoco-maven-plugin:0.8.3:prepare-agent[m [1m(jacoco-initialize)[m @ [36mcanal[0;1m ---[m
[[1;34mINFO[m] jacocoArgLine set to -javaagent:/home/travis/.m2/repository/org/jacoco/org.jacoco.agent/0.8.3/org.jacoco.agent-0.8.3-runtime.jar=destfile=/home/travis/build/failed/alibaba/canal/target/jacoco.exec
[[1;34mINFO[m] 
[[1;34mINFO[m] [1m<<< [0;32mmaven-source-plugin:2.4:jar[m [1m(attach-sources)[0;1m < [0;1mgenerate-sources[m @ [36mcanal[0;1m <<<[m
[[1;34mINFO[m] 
[[1;34mINFO[m] 
[[1;34mINFO[m] [1m--- [0;32mmaven-source-plugin:2.4:jar[m [1m(attach-sources)[m @ [36mcanal[0;1m ---[m
[[1;34mINFO[m] 
[[1;34mINFO[m] [1m--- [0;32mmaven-javadoc-plugin:2.9.1:jar[m [1m(attach-javadocs)[m @ [36mcanal[0;1m ---[m
[[1;34mINFO[m] Skipping javadoc generation
[[1;34mINFO[m] 
[[1;34mINFO[m] [1m--- [0;32mjacoco-maven-plugin:0.8.3:report-aggregate[m [1m(report-aggregate)[m @ [36mcanal[0;1m ---[m
[[1;34mINFO[m] 
[[1;34mINFO[m] [1m--- [0;32mmaven-install-plugin:2.4:install[m [1m(default-install)[m @ [36mcanal[0;1m ---[m
[[1;34mINFO[m] Installing /home/travis/build/failed/alibaba/canal/pom.xml to /home/travis/.m2/repository/com/alibaba/otter/canal/1.1.4-SNAPSHOT/canal-1.1.4-SNAPSHOT.pom
[[1;34mINFO[m] 
[[1;34mINFO[m] [1m------------------------------------------------------------------------[m
[[1;34mINFO[m] [1mBuilding canal common module for otter 1.1.4-SNAPSHOT 1.1.4-SNAPSHOT[m
[[1;34mINFO[m] [1m------------------------------------------------------------------------[m
[[1;34mINFO[m] 
[[1;34mINFO[m] [1m--- [0;32mmaven-clean-plugin:2.5:clean[m [1m(default-clean)[m @ [36mcanal.common[0;1m ---[m
[[1;34mINFO[m] 
[[1;34mINFO[m] [1m--- [0;32mmaven-enforcer-plugin:1.0:enforce[m [1m(enforce-maven)[m @ [36mcanal.common[0;1m ---[m
[[1;34mINFO[m] 
[[1;34mINFO[m] [1m--- [0;32mjacoco-maven-plugin:0.8.3:prepare-agent[m [1m(jacoco-initialize)[m @ [36mcanal.common[0;1m ---[m
[[1;34mINFO[m] jacocoArgLine set to -javaagent:/home/travis/.m2/repository/org/jacoco/org.jacoco.agent/0.8.3/org.jacoco.agent-0.8.3-runtime.jar=destfile=/home/travis/build/failed/alibaba/canal/common/target/jacoco.exec
[[1;34mINFO[m] 
[[1;34mINFO[m] [1m--- [0;32mmaven-resources-plugin:2.6:resources[m [1m(default-resources)[m @ [36mcanal.common[0;1m ---[m
[[1;34mINFO[m] Using 'UTF-8' encoding to copy filtered resources.
[[1;34mINFO[m] skip non existing resourceDirectory /home/travis/build/failed/alibaba/canal/common/src/main/resources
[[1;34mINFO[m] 
[[1;34mINFO[m] [1m--- [0;32mmaven-compiler-plugin:3.7.0:compile[m [1m(default-compile)[m @ [36mcanal.common[0;1m ---[m
[[1;34mINFO[m] Changes detected - recompiling the module!
[[1;34mINFO[m] Compiling 23 source files to /home/travis/build/failed/alibaba/canal/common/target/classes
[[1;34mINFO[m] /home/travis/build/failed/alibaba/canal/common/src/main/java/com/alibaba/otter/canal/common/utils/UriUtils.java: Some input files use unchecked or unsafe operations.
[[1;34mINFO[m] /home/travis/build/failed/alibaba/canal/common/src/main/java/com/alibaba/otter/canal/common/utils/UriUtils.java: Recompile with -Xlint:unchecked for details.
[[1;34mINFO[m] 
[[1;34mINFO[m] [1m--- [0;32mmaven-resources-plugin:2.6:testResources[m [1m(default-testResources)[m @ [36mcanal.common[0;1m ---[m
[[1;34mINFO[m] Using 'UTF-8' encoding to copy filtered resources.
[[1;34mINFO[m] skip non existing resourceDirectory /home/travis/build/failed/alibaba/canal/common/src/test/resources
[[1;34mINFO[m] 
[[1;34mINFO[m] [1m--- [0;32mmaven-compiler-plugin:3.7.0:testCompile[m [1m(default-testCompile)[m @ [36mcanal.common[0;1m ---[m
[[1;34mINFO[m] Changes detected - recompiling the module!
[[1;34mINFO[m] Compiling 2 source files to /home/travis/build/failed/alibaba/canal/common/target/test-classes
[[1;34mINFO[m] 
[[1;34mINFO[m] [1m--- [0;32mmaven-surefire-plugin:2.22.1:test[m [1m(default-test)[m @ [36mcanal.common[0;1m ---[m
[[1;34mINFO[m] 
[[1;34mINFO[m] -------------------------------------------------------
[[1;34mINFO[m]  T E S T S
[[1;34mINFO[m] -------------------------------------------------------
[[1;34mINFO[m] Running com.alibaba.otter.canal.common.[1mServerRunningTest[m
[[1;33mWARNING[m] [1;33mTests [0;1mrun: [0;1m1[m, Failures: 0, Errors: 0, [1;33mSkipped: [0;1;33m1[m, Time elapsed: 0.007 s - in com.alibaba.otter.canal.common.[1mServerRunningTest[m
[[1;34mINFO[m] 
[[1;34mINFO[m] Results:
[[1;34mINFO[m] 
[[1;33mWARNING[m] [1;33mTests run: 1, Failures: 0, Errors: 0, Skipped: 1[m
[[1;34mINFO[m] 
[[1;34mINFO[m] 
[[1;34mINFO[m] [1m--- [0;32mmaven-jar-plugin:3.0.2:jar[m [1m(default-jar)[m @ [36mcanal.common[0;1m ---[m
[[1;34mINFO[m] Building jar: /home/travis/build/failed/alibaba/canal/common/target/canal.common-1.1.4-SNAPSHOT.jar
[[1;34mINFO[m] 
[[1;34mINFO[m] [1m>>> [0;32mmaven-source-plugin:2.4:jar[m [1m(attach-sources)[0;1m > [0;1mgenerate-sources[m @ [36mcanal.common[0;1m >>>[m
[[1;34mINFO[m] 
[[1;34mINFO[m] [1m--- [0;32mmaven-enforcer-plugin:1.0:enforce[m [1m(enforce-maven)[m @ [36mcanal.common[0;1m ---[m
[[1;34mINFO[m] 
[[1;34mINFO[m] [1m--- [0;32mjacoco-maven-plugin:0.8.3:prepare-agent[m [1m(jacoco-initialize)[m @ [36mcanal.common[0;1m ---[m
[[1;34mINFO[m] jacocoArgLine set to -javaagent:/home/travis/.m2/repository/org/jacoco/org.jacoco.agent/0.8.3/org.jacoco.agent-0.8.3-runtime.jar=destfile=/home/travis/build/failed/alibaba/canal/common/target/jacoco.exec
[[1;34mINFO[m] 
[[1;34mINFO[m] [1m<<< [0;32mmaven-source-plugin:2.4:jar[m [1m(attach-sources)[0;1m < [0;1mgenerate-sources[m @ [36mcanal.common[0;1m <<<[m
[[1;34mINFO[m] 
[[1;34mINFO[m] 
[[1;34mINFO[m] [1m--- [0;32mmaven-source-plugin:2.4:jar[m [1m(attach-sources)[m @ [36mcanal.common[0;1m ---[m
[[1;34mINFO[m] Building jar: /home/travis/build/failed/alibaba/canal/common/target/canal.common-1.1.4-SNAPSHOT-sources.jar
[[1;34mINFO[m] 
[[1;34mINFO[m] [1m--- [0;32mmaven-javadoc-plugin:2.9.1:jar[m [1m(attach-javadocs)[m @ [36mcanal.common[0;1m ---[m
[[1;34mINFO[m] Skipping javadoc generation
[[1;34mINFO[m] 
[[1;34mINFO[m] [1m--- [0;32mjacoco-maven-plugin:0.8.3:report-aggregate[m [1m(report-aggregate)[m @ [36mcanal.common[0;1m ---[m
[[1;34mINFO[m] Loading execution data file /home/travis/build/failed/alibaba/canal/common/target/jacoco.exec
[[1;34mINFO[m] 
[[1;34mINFO[m] [1m--- [0;32mmaven-install-plugin:2.4:install[m [1m(default-install)[m @ [36mcanal.common[0;1m ---[m
[[1;34mINFO[m] Installing /home/travis/build/failed/alibaba/canal/common/target/canal.common-1.1.4-SNAPSHOT.jar to /home/travis/.m2/repository/com/alibaba/otter/canal.common/1.1.4-SNAPSHOT/canal.common-1.1.4-SNAPSHOT.jar
[[1;34mINFO[m] Installing /home/travis/build/failed/alibaba/canal/common/pom.xml to /home/travis/.m2/repository/com/alibaba/otter/canal.common/1.1.4-SNAPSHOT/canal.common-1.1.4-SNAPSHOT.pom
[[1;34mINFO[m] Installing /home/travis/build/failed/alibaba/canal/common/target/canal.common-1.1.4-SNAPSHOT-sources.jar to /home/travis/.m2/repository/com/alibaba/otter/canal.common/1.1.4-SNAPSHOT/canal.common-1.1.4-SNAPSHOT-sources.jar
[[1;34mINFO[m] 
[[1;34mINFO[m] [1m------------------------------------------------------------------------[m
[[1;34mINFO[m] [1mBuilding canal protocol module for otter 1.1.4-SNAPSHOT 1.1.4-SNAPSHOT[m
[[1;34mINFO[m] [1m------------------------------------------------------------------------[m
[[1;34mINFO[m] 
[[1;34mINFO[m] [1m--- [0;32mmaven-clean-plugin:2.5:clean[m [1m(default-clean)[m @ [36mcanal.protocol[0;1m ---[m
[[1;34mINFO[m] 
[[1;34mINFO[m] [1m--- [0;32mmaven-enforcer-plugin:1.0:enforce[m [1m(enforce-maven)[m @ [36mcanal.protocol[0;1m ---[m
[[1;34mINFO[m] 
[[1;34mINFO[m] [1m--- [0;32mjacoco-maven-plugin:0.8.3:prepare-agent[m [1m(jacoco-initialize)[m @ [36mcanal.protocol[0;1m ---[m
[[1;34mINFO[m] jacocoArgLine set to -javaagent:/home/travis/.m2/repository/org/jacoco/org.jacoco.agent/0.8.3/org.jacoco.agent-0.8.3-runtime.jar=destfile=/home/travis/build/failed/alibaba/canal/protocol/target/jacoco.exec
[[1;34mINFO[m] 
[[1;34mINFO[m] [1m--- [0;32mmaven-resources-plugin:2.6:resources[m [1m(default-resources)[m @ [36mcanal.protocol[0;1m ---[m
[[1;34mINFO[m] Using 'UTF-8' encoding to copy filtered resources.
[[1;34mINFO[m] skip non existing resourceDirectory /home/travis/build/failed/alibaba/canal/protocol/src/main/resources
[[1;34mINFO[m] 
[[1;34mINFO[m] [1m--- [0;32mmaven-compiler-plugin:3.7.0:compile[m [1m(default-compile)[m @ [36mcanal.protocol[0;1m ---[m
[[1;34mINFO[m] Changes detected - recompiling the module!
[[1;34mINFO[m] Compiling 15 source files to /home/travis/build/failed/alibaba/canal/protocol/target/classes
[[1;34mINFO[m] /home/travis/build/failed/alibaba/canal/protocol/src/main/java/com/alibaba/otter/canal/protocol/Message.java: /home/travis/build/failed/alibaba/canal/protocol/src/main/java/com/alibaba/otter/canal/protocol/Message.java uses unchecked or unsafe operations.
[[1;34mINFO[m] /home/travis/build/failed/alibaba/canal/protocol/src/main/java/com/alibaba/otter/canal/protocol/Message.java: Recompile with -Xlint:unchecked for details.
[[1;34mINFO[m] 
[[1;34mINFO[m] [1m--- [0;32mmaven-resources-plugin:2.6:testResources[m [1m(default-testResources)[m @ [36mcanal.protocol[0;1m ---[m
[[1;34mINFO[m] Using 'UTF-8' encoding to copy filtered resources.
[[1;34mINFO[m] skip non existing resourceDirectory /home/travis/build/failed/alibaba/canal/protocol/src/test/resources
[[1;34mINFO[m] 
[[1;34mINFO[m] [1m--- [0;32mmaven-compiler-plugin:3.7.0:testCompile[m [1m(default-testCompile)[m @ [36mcanal.protocol[0;1m ---[m
[[1;34mINFO[m] No sources to compile
[[1;34mINFO[m] 
[[1;34mINFO[m] [1m--- [0;32mmaven-surefire-plugin:2.22.1:test[m [1m(default-test)[m @ [36mcanal.protocol[0;1m ---[m
[[1;34mINFO[m] No tests to run.
[[1;34mINFO[m] 
[[1;34mINFO[m] [1m--- [0;32mmaven-jar-plugin:3.0.2:jar[m [1m(default-jar)[m @ [36mcanal.protocol[0;1m ---[m
[[1;34mINFO[m] Building jar: /home/travis/build/failed/alibaba/canal/protocol/target/canal.protocol-1.1.4-SNAPSHOT.jar
[[1;34mINFO[m] 
[[1;34mINFO[m] [1m>>> [0;32mmaven-source-plugin:2.4:jar[m [1m(attach-sources)[0;1m > [0;1mgenerate-sources[m @ [36mcanal.protocol[0;1m >>>[m
[[1;34mINFO[m] 
[[1;34mINFO[m] [1m--- [0;32mmaven-enforcer-plugin:1.0:enforce[m [1m(enforce-maven)[m @ [36mcanal.protocol[0;1m ---[m
[[1;34mINFO[m] 
[[1;34mINFO[m] [1m--- [0;32mjacoco-maven-plugin:0.8.3:prepare-agent[m [1m(jacoco-initialize)[m @ [36mcanal.protocol[0;1m ---[m
[[1;34mINFO[m] jacocoArgLine set to -javaagent:/home/travis/.m2/repository/org/jacoco/org.jacoco.agent/0.8.3/org.jacoco.agent-0.8.3-runtime.jar=destfile=/home/travis/build/failed/alibaba/canal/protocol/target/jacoco.exec
[[1;34mINFO[m] 
[[1;34mINFO[m] [1m<<< [0;32mmaven-source-plugin:2.4:jar[m [1m(attach-sources)[0;1m < [0;1mgenerate-sources[m @ [36mcanal.protocol[0;1m <<<[m
[[1;34mINFO[m] 
[[1;34mINFO[m] 
[[1;34mINFO[m] [1m--- [0;32mmaven-source-plugin:2.4:jar[m [1m(attach-sources)[m @ [36mcanal.protocol[0;1m ---[m
[[1;34mINFO[m] Building jar: /home/travis/build/failed/alibaba/canal/protocol/target/canal.protocol-1.1.4-SNAPSHOT-sources.jar
[[1;34mINFO[m] 
[[1;34mINFO[m] [1m--- [0;32mmaven-javadoc-plugin:2.9.1:jar[m [1m(attach-javadocs)[m @ [36mcanal.protocol[0;1m ---[m
[[1;34mINFO[m] Skipping javadoc generation
[[1;34mINFO[m] 
[[1;34mINFO[m] [1m--- [0;32mjacoco-maven-plugin:0.8.3:report-aggregate[m [1m(report-aggregate)[m @ [36mcanal.protocol[0;1m ---[m
[[1;34mINFO[m] Loading execution data file /home/travis/build/failed/alibaba/canal/common/target/jacoco.exec
[[1;34mINFO[m] Analyzed bundle 'canal.common' with 28 classes
[[1;34mINFO[m] 
[[1;34mINFO[m] [1m--- [0;32mmaven-install-plugin:2.4:install[m [1m(default-install)[m @ [36mcanal.protocol[0;1m ---[m
[[1;34mINFO[m] Installing /home/travis/build/failed/alibaba/canal/protocol/target/canal.protocol-1.1.4-SNAPSHOT.jar to /home/travis/.m2/repository/com/alibaba/otter/canal.protocol/1.1.4-SNAPSHOT/canal.protocol-1.1.4-SNAPSHOT.jar
[[1;34mINFO[m] Installing /home/travis/build/failed/alibaba/canal/protocol/pom.xml to /home/travis/.m2/repository/com/alibaba/otter/canal.protocol/1.1.4-SNAPSHOT/canal.protocol-1.1.4-SNAPSHOT.pom
[[1;34mINFO[m] Installing /home/travis/build/failed/alibaba/canal/protocol/target/canal.protocol-1.1.4-SNAPSHOT-sources.jar to /home/travis/.m2/repository/com/alibaba/otter/canal.protocol/1.1.4-SNAPSHOT/canal.protocol-1.1.4-SNAPSHOT-sources.jar
[[1;34mINFO[m] 
[[1;34mINFO[m] [1m------------------------------------------------------------------------[m
[[1;34mINFO[m] [1mBuilding canal meta module for otter 1.1.4-SNAPSHOT 1.1.4-SNAPSHOT[m
[[1;34mINFO[m] [1m------------------------------------------------------------------------[m
[[1;34mINFO[m] 
[[1;34mINFO[m] [1m--- [0;32mmaven-clean-plugin:2.5:clean[m [1m(default-clean)[m @ [36mcanal.meta[0;1m ---[m
[[1;34mINFO[m] 
[[1;34mINFO[m] [1m--- [0;32mmaven-enforcer-plugin:1.0:enforce[m [1m(enforce-maven)[m @ [36mcanal.meta[0;1m ---[m
[[1;34mINFO[m] 
[[1;34mINFO[m] [1m--- [0;32mjacoco-maven-plugin:0.8.3:prepare-agent[m [1m(jacoco-initialize)[m @ [36mcanal.meta[0;1m ---[m
[[1;34mINFO[m] jacocoArgLine set to -javaagent:/home/travis/.m2/repository/org/jacoco/org.jacoco.agent/0.8.3/org.jacoco.agent-0.8.3-runtime.jar=destfile=/home/travis/build/failed/alibaba/canal/meta/target/jacoco.exec
[[1;34mINFO[m] 
[[1;34mINFO[m] [1m--- [0;32mmaven-resources-plugin:2.6:resources[m [1m(default-resources)[m @ [36mcanal.meta[0;1m ---[m
[[1;34mINFO[m] Using 'UTF-8' encoding to copy filtered resources.
[[1;34mINFO[m] skip non existing resourceDirectory /home/travis/build/failed/alibaba/canal/meta/src/main/resources
[[1;34mINFO[m] 
[[1;34mINFO[m] [1m--- [0;32mmaven-compiler-plugin:3.7.0:compile[m [1m(default-compile)[m @ [36mcanal.meta[0;1m ---[m
[[1;34mINFO[m] Changes detected - recompiling the module!
[[1;34mINFO[m] Compiling 7 source files to /home/travis/build/failed/alibaba/canal/meta/target/classes
[[1;34mINFO[m] 
[[1;34mINFO[m] [1m--- [0;32mmaven-resources-plugin:2.6:testResources[m [1m(default-testResources)[m @ [36mcanal.meta[0;1m ---[m
[[1;34mINFO[m] Using 'UTF-8' encoding to copy filtered resources.
[[1;34mINFO[m] skip non existing resourceDirectory /home/travis/build/failed/alibaba/canal/meta/src/test/resources
[[1;34mINFO[m] 
[[1;34mINFO[m] [1m--- [0;32mmaven-compiler-plugin:3.7.0:testCompile[m [1m(default-testCompile)[m @ [36mcanal.meta[0;1m ---[m
[[1;34mINFO[m] Changes detected - recompiling the module!
[[1;34mINFO[m] Compiling 7 source files to /home/travis/build/failed/alibaba/canal/meta/target/test-classes
[[1;34mINFO[m] 
[[1;34mINFO[m] [1m--- [0;32mmaven-surefire-plugin:2.22.1:test[m [1m(default-test)[m @ [36mcanal.meta[0;1m ---[m
[[1;34mINFO[m] 
[[1;34mINFO[m] -------------------------------------------------------
[[1;34mINFO[m]  T E S T S
[[1;34mINFO[m] -------------------------------------------------------
[[1;34mINFO[m] Running com.alibaba.otter.canal.meta.[1mAbstractMetaManagerTest[m
[[1;33mWARNING[m] [1;33mTests [0;1mrun: [0;1m1[m, Failures: 0, Errors: 0, [1;33mSkipped: [0;1;33m1[m, Time elapsed: 0.02 s - in com.alibaba.otter.canal.meta.[1mAbstractMetaManagerTest[m
[[1;34mINFO[m] Running com.alibaba.otter.canal.meta.[1mMixedMetaManagerTest[m
[[1;33mWARNING[m] [1;33mTests [0;1mrun: [0;1m1[m, Failures: 0, Errors: 0, [1;33mSkipped: [0;1;33m1[m, Time elapsed: 0 s - in com.alibaba.otter.canal.meta.[1mMixedMetaManagerTest[m
[[1;34mINFO[m] Running com.alibaba.otter.canal.meta.[1mPeriodMixedMetaManagerTest[m
[[1;33mWARNING[m] [1;33mTests [0;1mrun: [0;1m1[m, Failures: 0, Errors: 0, [1;33mSkipped: [0;1;33m1[m, Time elapsed: 0 s - in com.alibaba.otter.canal.meta.[1mPeriodMixedMetaManagerTest[m
[[1;34mINFO[m] Running com.alibaba.otter.canal.meta.[1mZooKeeperMetaManagerTest[m
[[1;33mWARNING[m] [1;33mTests [0;1mrun: [0;1m1[m, Failures: 0, Errors: 0, [1;33mSkipped: [0;1;33m1[m, Time elapsed: 0 s - in com.alibaba.otter.canal.meta.[1mZooKeeperMetaManagerTest[m
[[1;34mINFO[m] Running com.alibaba.otter.canal.meta.[1mMemoryMetaManagerTest[m
[[1;33mWARNING[m] [1;33mTests [0;1mrun: [0;1m1[m, Failures: 0, Errors: 0, [1;33mSkipped: [0;1;33m1[m, Time elapsed: 0 s - in com.alibaba.otter.canal.meta.[1mMemoryMetaManagerTest[m
[[1;34mINFO[m] Running com.alibaba.otter.canal.meta.[1mFileMixedMetaManagerTest[m
[[1;33mWARNING[m] [1;33mTests [0;1mrun: [0;1m1[m, Failures: 0, Errors: 0, [1;33mSkipped: [0;1;33m1[m, Time elapsed: 0 s - in com.alibaba.otter.canal.meta.[1mFileMixedMetaManagerTest[m
[[1;34mINFO[m] 
[[1;34mINFO[m] Results:
[[1;34mINFO[m] 
[[1;33mWARNING[m] [1;33mTests run: 6, Failures: 0, Errors: 0, Skipped: 6[m
[[1;34mINFO[m] 
[[1;34mINFO[m] 
[[1;34mINFO[m] [1m--- [0;32mmaven-jar-plugin:3.0.2:jar[m [1m(default-jar)[m @ [36mcanal.meta[0;1m ---[m
[[1;34mINFO[m] Building jar: /home/travis/build/failed/alibaba/canal/meta/target/canal.meta-1.1.4-SNAPSHOT.jar
[[1;34mINFO[m] 
[[1;34mINFO[m] [1m>>> [0;32mmaven-source-plugin:2.4:jar[m [1m(attach-sources)[0;1m > [0;1mgenerate-sources[m @ [36mcanal.meta[0;1m >>>[m
[[1;34mINFO[m] 
[[1;34mINFO[m] [1m--- [0;32mmaven-enforcer-plugin:1.0:enforce[m [1m(enforce-maven)[m @ [36mcanal.meta[0;1m ---[m
[[1;34mINFO[m] 
[[1;34mINFO[m] [1m--- [0;32mjacoco-maven-plugin:0.8.3:prepare-agent[m [1m(jacoco-initialize)[m @ [36mcanal.meta[0;1m ---[m
[[1;34mINFO[m] jacocoArgLine set to -javaagent:/home/travis/.m2/repository/org/jacoco/org.jacoco.agent/0.8.3/org.jacoco.agent-0.8.3-runtime.jar=destfile=/home/travis/build/failed/alibaba/canal/meta/target/jacoco.exec
[[1;34mINFO[m] 
[[1;34mINFO[m] [1m<<< [0;32mmaven-source-plugin:2.4:jar[m [1m(attach-sources)[0;1m < [0;1mgenerate-sources[m @ [36mcanal.meta[0;1m <<<[m
[[1;34mINFO[m] 
[[1;34mINFO[m] 
[[1;34mINFO[m] [1m--- [0;32mmaven-source-plugin:2.4:jar[m [1m(attach-sources)[m @ [36mcanal.meta[0;1m ---[m
[[1;34mINFO[m] Building jar: /home/travis/build/failed/alibaba/canal/meta/target/canal.meta-1.1.4-SNAPSHOT-sources.jar
[[1;34mINFO[m] 
[[1;34mINFO[m] [1m--- [0;32mmaven-javadoc-plugin:2.9.1:jar[m [1m(attach-javadocs)[m @ [36mcanal.meta[0;1m ---[m
[[1;34mINFO[m] Skipping javadoc generation
[[1;34mINFO[m] 
[[1;34mINFO[m] [1m--- [0;32mjacoco-maven-plugin:0.8.3:report-aggregate[m [1m(report-aggregate)[m @ [36mcanal.meta[0;1m ---[m
[[1;34mINFO[m] Loading execution data file /home/travis/build/failed/alibaba/canal/meta/target/jacoco.exec
[[1;34mINFO[m] Loading execution data file /home/travis/build/failed/alibaba/canal/common/target/jacoco.exec
[[1;34mINFO[m] Analyzed bundle 'canal.common' with 28 classes
[[1;34mINFO[m] Analyzed bundle 'canal.protocol' with 131 classes
[[1;34mINFO[m] 
[[1;34mINFO[m] [1m--- [0;32mmaven-install-plugin:2.4:install[m [1m(default-install)[m @ [36mcanal.meta[0;1m ---[m
[[1;34mINFO[m] Installing /home/travis/build/failed/alibaba/canal/meta/target/canal.meta-1.1.4-SNAPSHOT.jar to /home/travis/.m2/repository/com/alibaba/otter/canal.meta/1.1.4-SNAPSHOT/canal.meta-1.1.4-SNAPSHOT.jar
[[1;34mINFO[m] Installing /home/travis/build/failed/alibaba/canal/meta/pom.xml to /home/travis/.m2/repository/com/alibaba/otter/canal.meta/1.1.4-SNAPSHOT/canal.meta-1.1.4-SNAPSHOT.pom
[[1;34mINFO[m] Installing /home/travis/build/failed/alibaba/canal/meta/target/canal.meta-1.1.4-SNAPSHOT-sources.jar to /home/travis/.m2/repository/com/alibaba/otter/canal.meta/1.1.4-SNAPSHOT/canal.meta-1.1.4-SNAPSHOT-sources.jar
[[1;34mINFO[m] 
[[1;34mINFO[m] [1m------------------------------------------------------------------------[m
[[1;34mINFO[m] [1mBuilding canal driver module for otter 1.1.4-SNAPSHOT 1.1.4-SNAPSHOT[m
[[1;34mINFO[m] [1m------------------------------------------------------------------------[m
[[1;34mINFO[m] 
[[1;34mINFO[m] [1m--- [0;32mmaven-clean-plugin:2.5:clean[m [1m(default-clean)[m @ [36mcanal.parse.driver[0;1m ---[m
[[1;34mINFO[m] 
[[1;34mINFO[m] [1m--- [0;32mmaven-enforcer-plugin:1.0:enforce[m [1m(enforce-maven)[m @ [36mcanal.parse.driver[0;1m ---[m
[[1;34mINFO[m] 
[[1;34mINFO[m] [1m--- [0;32mjacoco-maven-plugin:0.8.3:prepare-agent[m [1m(jacoco-initialize)[m @ [36mcanal.parse.driver[0;1m ---[m
[[1;34mINFO[m] jacocoArgLine set to -javaagent:/home/travis/.m2/repository/org/jacoco/org.jacoco.agent/0.8.3/org.jacoco.agent-0.8.3-runtime.jar=destfile=/home/travis/build/failed/alibaba/canal/driver/target/jacoco.exec
[[1;34mINFO[m] 
[[1;34mINFO[m] [1m--- [0;32mmaven-resources-plugin:2.6:resources[m [1m(default-resources)[m @ [36mcanal.parse.driver[0;1m ---[m
[[1;34mINFO[m] Using 'UTF-8' encoding to copy filtered resources.
[[1;34mINFO[m] skip non existing resourceDirectory /home/travis/build/failed/alibaba/canal/driver/src/main/resources
[[1;34mINFO[m] 
[[1;34mINFO[m] [1m--- [0;32mmaven-compiler-plugin:3.7.0:compile[m [1m(default-compile)[m @ [36mcanal.parse.driver[0;1m ---[m
[[1;34mINFO[m] Changes detected - recompiling the module!
[[1;34mINFO[m] Compiling 45 source files to /home/travis/build/failed/alibaba/canal/driver/target/classes
[[1;34mINFO[m] 
[[1;34mINFO[m] [1m--- [0;32mmaven-resources-plugin:2.6:testResources[m [1m(default-testResources)[m @ [36mcanal.parse.driver[0;1m ---[m
[[1;34mINFO[m] Using 'UTF-8' encoding to copy filtered resources.
[[1;34mINFO[m] skip non existing resourceDirectory /home/travis/build/failed/alibaba/canal/driver/src/test/resources
[[1;34mINFO[m] 
[[1;34mINFO[m] [1m--- [0;32mmaven-compiler-plugin:3.7.0:testCompile[m [1m(default-testCompile)[m @ [36mcanal.parse.driver[0;1m ---[m
[[1;34mINFO[m] Changes detected - recompiling the module!
[[1;34mINFO[m] Compiling 6 source files to /home/travis/build/failed/alibaba/canal/driver/target/test-classes
[[1;34mINFO[m] 
[[1;34mINFO[m] [1m--- [0;32mmaven-surefire-plugin:2.22.1:test[m [1m(default-test)[m @ [36mcanal.parse.driver[0;1m ---[m
[[1;34mINFO[m] 
[[1;34mINFO[m] -------------------------------------------------------
[[1;34mINFO[m]  T E S T S
[[1;34mINFO[m] -------------------------------------------------------
[[1;34mINFO[m] Running com.alibaba.otter.canal.parse.driver.mysql.[1mMysqlConnectorTest[m
01:45:53.817 [main] INFO  c.a.o.c.p.d.mysql.MysqlConnector - disConnect MysqlConnection to /127.0.0.1:3306...
01:45:53.824 [main] INFO  c.a.o.c.p.d.mysql.MysqlConnector - the channel /127.0.0.1:3306 is not connected
[[1;31mERROR[m] [1;31mTests [0;1mrun: [0;1m1[m, [1;31mFailures: [0;1;31m1[m, Errors: 0, Skipped: 0, Time elapsed: 0.385 s[1;31m <<< FAILURE![m - in com.alibaba.otter.canal.parse.driver.mysql.[1mMysqlConnectorTest[m
[[1;31mERROR[m] testQuery(com.alibaba.otter.canal.parse.driver.mysql.MysqlConnectorTest)  Time elapsed: 0.317 s  <<< FAILURE!
java.lang.AssertionError: connect /127.0.0.1:3306 failure
	at com.alibaba.otter.canal.parse.driver.mysql.MysqlConnectorTest.testQuery(MysqlConnectorTest.java:25)

[[1;34mINFO[m] Running com.alibaba.otter.canal.parse.driver.mysql.[1mUUIDSetTest[m
[[1;34mINFO[m] [1;32mTests run: [0;1;32m1[m, Failures: 0, Errors: 0, Skipped: 0, Time elapsed: 0 s - in com.alibaba.otter.canal.parse.driver.mysql.[1mUUIDSetTest[m
[[1;34mINFO[m] Running com.alibaba.otter.canal.parse.driver.mysql.[1mMysqlGTIDSetTest[m
[[1;34mINFO[m] [1;32mTests run: [0;1;32m2[m, Failures: 0, Errors: 0, Skipped: 0, Time elapsed: 0 s - in com.alibaba.otter.canal.parse.driver.mysql.[1mMysqlGTIDSetTest[m
[[1;34mINFO[m] Running com.alibaba.otter.canal.parse.driver.mysql.utils.[1mMySQLPasswordEncrypterTest[m
[[1;34mINFO[m] [1;32mTests run: [0;1;32m3[m, Failures: 0, Errors: 0, Skipped: 0, Time elapsed: 0.014 s - in com.alibaba.otter.canal.parse.driver.mysql.utils.[1mMySQLPasswordEncrypterTest[m
[[1;34mINFO[m] Running com.alibaba.otter.canal.parse.driver.mysql.utils.[1mByteHelperTest[m
[[1;34mINFO[m] [1;32mTests run: [0;1;32m20[m, Failures: 0, Errors: 0, Skipped: 0, Time elapsed: 0.077 s - in com.alibaba.otter.canal.parse.driver.mysql.utils.[1mByteHelperTest[m
[[1;34mINFO[m] Running com.alibaba.otter.canal.parse.driver.mysql.[1mCharsetUtilTest[m
[[1;34mINFO[m] [1;32mTests run: [0;1;32m6[m, Failures: 0, Errors: 0, Skipped: 0, Time elapsed: 0.002 s - in com.alibaba.otter.canal.parse.driver.mysql.[1mCharsetUtilTest[m
[[1;34mINFO[m] 
[[1;34mINFO[m] Results:
[[1;34mINFO[m] 
[[1;31mERROR[m] [1;31mFailures: [m
[[1;31mERROR[m] [1;31m  MysqlConnectorTest.testQuery:25 connect /127.0.0.1:3306 failure[m
[[1;34mINFO[m] 
[[1;31mERROR[m] [1;31mTests run: 33, Failures: 1, Errors: 0, Skipped: 0[m
[[1;34mINFO[m] 
[[1;34mINFO[m] [1m------------------------------------------------------------------------[m
[[1;34mINFO[m] [1mReactor Summary:[m
[[1;34mINFO[m] 
[[1;34mINFO[m] canal module for otter 1.1.4-SNAPSHOT .............. [1;32mSUCCESS[m [  7.522 s]
[[1;34mINFO[m] canal common module for otter 1.1.4-SNAPSHOT ....... [1;32mSUCCESS[m [  3.956 s]
[[1;34mINFO[m] canal protocol module for otter 1.1.4-SNAPSHOT ..... [1;32mSUCCESS[m [  2.855 s]
[[1;34mINFO[m] canal meta module for otter 1.1.4-SNAPSHOT ......... [1;32mSUCCESS[m [  2.076 s]
[[1;34mINFO[m] canal driver module for otter 1.1.4-SNAPSHOT ....... [1;31mFAILURE[m [  2.231 s]
[[1;34mINFO[m] canal dbsync module for otter 1.1.4-SNAPSHOT ....... [1;33mSKIPPED[m
[[1;34mINFO[m] canal sink module for otter 1.1.4-SNAPSHOT ......... [1;33mSKIPPED[m
[[1;34mINFO[m] canal store module for otter 1.1.4-SNAPSHOT ........ [1;33mSKIPPED[m
[[1;34mINFO[m] canal sink module for otter 1.1.4-SNAPSHOT ......... [1;33mSKIPPED[m
[[1;34mINFO[m] canal parse module for otter 1.1.4-SNAPSHOT ........ [1;33mSKIPPED[m
[[1;34mINFO[m] canal instance core module for otter 1.1.4-SNAPSHOT  [1;33mSKIPPED[m
[[1;34mINFO[m] canal instance spring module for otter 1.1.4-SNAPSHOT [1;33mSKIPPED[m
[[1;34mINFO[m] canal instance manager module for otter 1.1.4-SNAPSHOT [1;33mSKIPPED[m
[[1;34mINFO[m] canal instance module for otter 1.1.4-SNAPSHOT ..... [1;33mSKIPPED[m
[[1;34mINFO[m] canal server module for otter 1.1.4-SNAPSHOT ....... [1;33mSKIPPED[m
[[1;34mINFO[m] canal client module for otter 1.1.4-SNAPSHOT ....... [1;33mSKIPPED[m
[[1;34mINFO[m] canal prometheus module for otter 1.1.4-SNAPSHOT ... [1;33mSKIPPED[m
[[1;34mINFO[m] canal deployer module for otter 1.1.4-SNAPSHOT ..... [1;33mSKIPPED[m
[[1;34mINFO[m] canal example module for otter 1.1.4-SNAPSHOT ...... [1;33mSKIPPED[m
[[1;34mINFO[m] canal client adapter module for otter 1.1.4-SNAPSHOT [1;33mSKIPPED[m
[[1;34mINFO[m] canal client adapter common module for otter 1.1.4-SNAPSHOT [1;33mSKIPPED[m
[[1;34mINFO[m] canal client adapter logger example module for otter 1.1.4-SNAPSHOT [1;33mSKIPPED[m
[[1;34mINFO[m] canal client adapter hbase module for otter 1.1.4-SNAPSHOT [1;33mSKIPPED[m
[[1;34mINFO[m] canal client adapter elasticsearch module for otter 1.1.4-SNAPSHOT [1;33mSKIPPED[m
[[1;34mINFO[m] canal client adapter rdb module for otter 1.1.4-SNAPSHOT [1;33mSKIPPED[m
[[1;34mINFO[m] canal client adapter launcher module for otter 1.1.4-SNAPSHOT [1;33mSKIPPED[m
[[1;34mINFO[m] canal-admin ........................................ [1;33mSKIPPED[m
[[1;34mINFO[m] canal-admin-ui ..................................... [1;33mSKIPPED[m
[[1;34mINFO[m] canal-admin-server ................................. [1;33mSKIPPED[m
[[1;34mINFO[m] [1m------------------------------------------------------------------------[m
[[1;34mINFO[m] [1;31mBUILD FAILURE[m
[[1;34mINFO[m] [1m------------------------------------------------------------------------[m
[[1;34mINFO[m] Total time: 20.980 s
[[1;34mINFO[m] Finished at: 2022-08-15T01:45:54Z
[[1;34mINFO[m] Final Memory: 50M/512M
[[1;34mINFO[m] [1m------------------------------------------------------------------------[m
[[1;31mERROR[m] Failed to execute goal [32morg.apache.maven.plugins:maven-surefire-plugin:2.22.1:test[m [1m(default-test)[m on project [36mcanal.parse.driver[m: [1;31mThere are test failures.[m
[[1;31mERROR[m] [1;31m[m
[[1;31mERROR[m] [1;31mPlease refer to /home/travis/build/failed/alibaba/canal/driver/target/surefire-reports for the individual test results.[m
[[1;31mERROR[m] [1;31mPlease refer to dump files (if any exist) [date].dump, [date]-jvmRun[N].dump and [date].dumpstream.[m
[[1;31mERROR[m] -> [1m[Help 1][m
[[1;31mERROR[m] 
[[1;31mERROR[m] To see the full stack trace of the errors, re-run Maven with the [1m-e[m switch.
[[1;31mERROR[m] Re-run Maven using the [1m-X[m switch to enable full debug logging.
[[1;31mERROR[m] 
[[1;31mERROR[m] For more information about the errors and possible solutions, please read the following articles:
[[1;31mERROR[m] [1m[Help 1][m http://cwiki.apache.org/confluence/display/MAVEN/MojoFailureException
[[1;31mERROR[m] 
[[1;31mERROR[m] After correcting the problems, you can resume the build with the command
[[1;31mERROR[m]   [1mmvn <goals> -rf :canal.parse.driver[m
/home/travis/.travis/functions: line 607:  2508 Terminated              travis_jigger "${!}" "${timeout}" "${cmd[@]}"
travis_time:end:36743170:start=1660527931996253899,finish=1660527954473511759,duration=22477257860,event=script[0K[31;1mThe command "travis_wait 30 ./mvnw clean install -DskipTests=false -Dcheckstyle.skip=true -Dmaven.javadoc.skip=true" exited with 1.[0m
travis_fold:start:cache.2[0Kstore build cache
travis_time:start:2522b7be[0Ktravis_time:end:2522b7be:start=1660527954482409219,finish=1660527954489213393,duration=6804174,event=cache[0Ktravis_time:start:0ab1f348[0K[32;1mchanges detected, packing new archive[0m
[32;1muploading /[0m
[31;1mfailed to upload cache[0m
travis_time:end:0ab1f348:start=1660527954497627297,finish=1660527967415263801,duration=12917636504,event=cache[0Ktravis_fold:end:cache.2[0K
travis_fold:start:after_failure[0Ktravis_time:start:02b29b8a[0K$ if [ -f canal.log ]; then echo "------TAIL of canal.log------"; tail -n 1000 canal.log; echo "------END of canal.log------"; fi
travis_time:end:02b29b8a:start=1660527967422472940,finish=1660527967427718443,duration=5245503,event=after_failure[0Ktravis_fold:end:after_failure[0K
Done. Your build exited with 1.
