travis_fold:start:system_info[0K[33;1mBuild system information[0m
Build language: java
Build group: stable
Build dist: precise
Build id: ''
Job id: ''
Runtime kernel version: 4.15.0-109-generic
[34m[1mBuild image provisioning date and time[0m
Thu Feb  5 15:09:33 UTC 2015
[34m[1mOperating System Details[0m
Distributor ID:	Ubuntu
Description:	Ubuntu 12.04.5 LTS
Release:	12.04
Codename:	precise
[34m[1mLinux Version[0m
3.13.0-29-generic
[34m[1mCookbooks Version[0m
a68419e https://github.com/travis-ci/travis-cookbooks/tree/a68419e
[34m[1mGCC version[0m
gcc (Ubuntu/Linaro 4.6.3-1ubuntu5) 4.6.3
Copyright (C) 2011 Free Software Foundation, Inc.
This is free software; see the source for copying conditions.  There is NO
warranty; not even for MERCHANTABILITY or FITNESS FOR A PARTICULAR PURPOSE.

[34m[1mLLVM version[0m
clang version 3.4 (tags/RELEASE_34/final)
Target: x86_64-unknown-linux-gnu
Thread model: posix
[34m[1mPre-installed Ruby versions[0m
ruby-1.9.3-p551
[34m[1mPre-installed Node.js versions[0m
v0.10.36
[34m[1mPre-installed Go versions[0m
1.4.1
[34m[1mRedis version[0m
redis-server 2.8.19
[34m[1mriak version[0m
2.0.2
[34m[1mMongoDB version[0m
MongoDB 2.4.12
[34m[1mCouchDB version[0m
couchdb 1.6.1
[34m[1mNeo4j version[0m
1.9.4
[34m[1mRabbitMQ Version[0m
3.4.3
[34m[1mElasticSearch version[0m
1.4.0
[34m[1mInstalled Sphinx versions[0m
2.0.10
2.1.9
2.2.6
[34m[1mDefault Sphinx version[0m
2.2.6
[34m[1mInstalled Firefox version[0m
firefox 31.0esr
[34m[1mPhantomJS version[0m
1.9.8
[34m[1mant -version[0m
Apache Ant(TM) version 1.8.2 compiled on December 3 2011
[34m[1mmvn -version[0m
Apache Maven 3.2.5 (12a6b3acb947671f09b81f49094c53f426d8cea1; 2014-12-14T17:29:23+00:00)
Maven home: /usr/local/maven
Java version: 1.7.0_76, vendor: Oracle Corporation
Java home: /usr/lib/jvm/java-7-oracle/jre
Default locale: en_US, platform encoding: ANSI_X3.4-1968
OS name: "linux", version: "3.13.0-29-generic", arch: "amd64", family: "unix"
travis_fold:end:system_info[0K
[31;1mTimeout waiting for network availability.[0m
sed: cannot rename /etc/hosts: Device or resource busy
travis_fold:start:docker_mtu[0Ktee: /etc/docker/daemon.json: No such file or directory
docker: unrecognized service
travis_fold:end:docker_mtu[0K
travis_fold:start:install_jdk[0K[33;1mInstalling oraclejdk8[0m
$ jdk_switcher use "oraclejdk8"
Switching to Oracle JDK8 (java-8-oracle), JAVA_HOME will be set to /usr/lib/jvm/java-8-oracle
travis_fold:end:install_jdk[0K
$ cd failed/graphhopper/graphhopper


[33;1mSetting environment variables from .travis.yml[0m
$ export BASEURL=https://www-eu.apache.org/dist/maven/maven-3/VERSION/binaries/apache-maven-VERSION-bin.zip
$ export FILE=apache-maven-VERSION-bin.zip
$ export DIR=apache-maven-VERSION
$ export VERSION=3.3.9
$ export CI_DEPLOY_USERNAME=[secure]
$ export CI_DEPLOY_PASSWORD=[secure]

travis_fold:start:cache.1[0KSetting up build cache
$ export CASHER_DIR=${TRAVIS_HOME}/.casher
travis_time:start:159706e8[0K$ Installing caching utilities

[31;1mThe command "eval curl -sf  -o $CASHER_DIR/bin/casher https:///files/casher " failed. Retrying, 2 of 3.[0m


[31;1mThe command "eval curl -sf  -o $CASHER_DIR/bin/casher https:///files/casher " failed. Retrying, 3 of 3.[0m


[31;1mThe command "eval curl -sf  -o $CASHER_DIR/bin/casher https:///files/casher " failed 3 times.[0m

travis_time:end:159706e8:start=1660538605142230046,finish=1660538608225299318,duration=3083069272[0Ktravis_time:start:139e1508[0K$ Installing caching utilities from the Travis CI server (https:///files/casher) failed, failing over to using GitHub (https://raw.githubusercontent.com/travis-ci/casher/bash/bin/casher)
travis_time:end:139e1508:start=1660538608232903333,finish=1660538608289445396,duration=56542063[0Ktravis_time:start:02abf8a5[0Ktravis_time:end:02abf8a5:start=1660538608299199715,finish=1660538608305600557,duration=6400842[0Ktravis_time:start:10dbea6b[0KYAML safe loading is not available. Please upgrade psych to a version that supports safe loading (>= 2.0).
attempting to download cache archive[0m
[31;1mcould not download cache[0m
travis_time:end:10dbea6b:start=1660538608313743453,finish=1660538609794550435,duration=1480806982[0Ktravis_time:start:1399e33c[0Ktravis_time:end:1399e33c:start=1660538609801080747,finish=1660538609805818923,duration=4738176[0Ktravis_time:start:14740b80[0KYAML safe loading is not available. Please upgrade psych to a version that supports safe loading (>= 2.0).
adding /home/travis/.m2 to cache[0m
travis_time:end:14740b80:start=1660538609811537959,finish=1660538621308621779,duration=11497083820[0Ktravis_fold:end:cache.1[0K
$ java -Xmx32m -version
java version "1.8.0_31"
Java(TM) SE Runtime Environment (build 1.8.0_31-b13)
Java HotSpot(TM) 64-Bit Server VM (build 25.31-b07, mixed mode)
$ javac -J-Xmx32m -version
javac 1.8.0_31
travis_fold:start:before_install.1[0Ktravis_time:start:03c5f987[0K$ if [ "$TRAVIS_OS_NAME" == "linux" ]; then wget --no-check-certificate $(echo -n $BASEURL | sed -e 's#VERSION#'$VERSION'#g'); unzip -qq $(echo -n $FILE | sed -e 's#VERSION#'$VERSION'#'); export M2_HOME=$PWD/$(echo -n $DIR | sed -e 's#VERSION#'$VERSION'#'); export PATH=$M2_HOME/bin:$PATH; fi
--2022-08-15 04:43:41--  https://www-eu.apache.org/dist/maven/maven-3/3.3.9/binaries/apache-maven-3.3.9-bin.zip
Resolving www-eu.apache.org (www-eu.apache.org)... 65.108.131.22, 2a01:4f9:6b:2ecf::1
Connecting to www-eu.apache.org (www-eu.apache.org)|65.108.131.22|:443... connected.
WARNING: no certificate subject alternative name matches
	requested host name `www-eu.apache.org'.
HTTP request sent, awaiting response... 302 Found
Location: https://downloads.apache.org/maven/maven-3/3.3.9/binaries/apache-maven-3.3.9-bin.zip [following]
--2022-08-15 04:43:42--  https://downloads.apache.org/maven/maven-3/3.3.9/binaries/apache-maven-3.3.9-bin.zip
Resolving downloads.apache.org (downloads.apache.org)... 88.99.95.219, 135.181.214.104, 2a01:4f9:3a:2c57::2, ...
Connecting to downloads.apache.org (downloads.apache.org)|88.99.95.219|:443... connected.
HTTP request sent, awaiting response... 200 OK
Length: 8617253 (8.2M) [application/zip]
Saving to: `apache-maven-3.3.9-bin.zip'

     0K .......... .......... .......... .......... ..........  0%  148K 56s
    50K .......... .......... .......... .......... ..........  1%  306K 42s
   100K .......... .......... .......... .......... ..........  1%  301K 37s
   150K .......... .......... .......... .......... ..........  2% 19.6M 27s
   200K .......... .......... .......... .......... ..........  2% 15.7M 22s
   250K .......... .......... .......... .......... ..........  3%  336K 22s
   300K .......... .......... .......... .......... ..........  4% 6.20M 19s
   350K .......... .......... .......... .......... ..........  4% 32.6M 17s
   400K .......... .......... .......... .......... ..........  5% 26.1M 15s
   450K .......... .......... .......... .......... ..........  5% 22.9M 13s
   500K .......... .......... .......... .......... ..........  6%  306K 14s
   550K .......... .......... .......... .......... ..........  7% 12.9M 13s
   600K .......... .......... .......... .......... ..........  7% 37.8M 12s
   650K .......... .......... .......... .......... ..........  8% 30.1M 11s
   700K .......... .......... .......... .......... ..........  8% 26.4M 10s
   750K .......... .......... .......... .......... ..........  9% 34.0M 10s
   800K .......... .......... .......... .......... .......... 10% 30.3M 9s
   850K .......... .......... .......... .......... .......... 10% 33.6M 8s
   900K .......... .......... .......... .......... .......... 11% 36.4M 8s
   950K .......... .......... .......... .......... .......... 11% 37.1M 8s
  1000K .......... .......... .......... .......... .......... 12%  360K 8s
  1050K .......... .......... .......... .......... .......... 13% 2.23M 8s
  1100K .......... .......... .......... .......... .......... 13% 20.6M 7s
  1150K .......... .......... .......... .......... .......... 14% 47.7M 7s
  1200K .......... .......... .......... .......... .......... 14% 45.6M 7s
  1250K .......... .......... .......... .......... .......... 15% 73.8M 6s
  1300K .......... .......... .......... .......... .......... 16% 71.0M 6s
  1350K .......... .......... .......... .......... .......... 16% 68.1M 6s
  1400K .......... .......... .......... .......... .......... 17% 57.1M 6s
  1450K .......... .......... .......... .......... .......... 17% 91.6M 5s
  1500K .......... .......... .......... .......... .......... 18% 69.6M 5s
  1550K .......... .......... .......... .......... .......... 19% 52.9M 5s
  1600K .......... .......... .......... .......... .......... 19% 51.5M 5s
  1650K .......... .......... .......... .......... .......... 20% 78.4M 5s
  1700K .......... .......... .......... .......... .......... 20% 61.1M 5s
  1750K .......... .......... .......... .......... .......... 21% 65.2M 4s
  1800K .......... .......... .......... .......... .......... 21%  369K 5s
  1850K .......... .......... .......... .......... .......... 22% 1.77M 5s
  1900K .......... .......... .......... .......... .......... 23% 4.27M 5s
  1950K .......... .......... .......... .......... .......... 23%  461K 5s
  2000K .......... .......... .......... .......... .......... 24% 74.7M 5s
  2050K .......... .......... .......... .......... .......... 24%  100M 4s
  2100K .......... .......... .......... .......... .......... 25% 78.8M 4s
  2150K .......... .......... .......... .......... .......... 26% 95.9M 4s
  2200K .......... .......... .......... .......... .......... 26% 84.4M 4s
  2250K .......... .......... .......... .......... .......... 27%  104M 4s
  2300K .......... .......... .......... .......... .......... 27% 77.5M 4s
  2350K .......... .......... .......... .......... .......... 28% 97.7M 4s
  2400K .......... .......... .......... .......... .......... 29% 74.9M 4s
  2450K .......... .......... .......... .......... .......... 29% 96.9M 3s
  2500K .......... .......... .......... .......... .......... 30% 86.0M 3s
  2550K .......... .......... .......... .......... .......... 30% 53.9M 3s
  2600K .......... .......... .......... .......... .......... 31% 89.9M 3s
  2650K .......... .......... .......... .......... .......... 32% 68.3M 3s
  2700K .......... .......... .......... .......... .......... 32% 47.1M 3s
  2750K .......... .......... .......... .......... .......... 33% 98.5M 3s
  2800K .......... .......... .......... .......... .......... 33% 69.8M 3s
  2850K .......... .......... .......... .......... .......... 34%  101M 3s
  2900K .......... .......... .......... .......... .......... 35% 98.5M 3s
  2950K .......... .......... .......... .......... .......... 35%  111M 3s
  3000K .......... .......... .......... .......... .......... 36% 70.3M 3s
  3050K .......... .......... .......... .......... .......... 36% 99.9M 3s
  3100K .......... .......... .......... .......... .......... 37% 79.2M 2s
  3150K .......... .......... .......... .......... .......... 38% 74.1M 2s
  3200K .......... .......... .......... .......... .......... 38% 16.2M 2s
  3250K .......... .......... .......... .......... .......... 39% 80.0M 2s
  3300K .......... .......... .......... .......... .......... 39%  109M 2s
  3350K .......... .......... .......... .......... .......... 40% 92.3M 2s
  3400K .......... .......... .......... .......... .......... 40% 76.1M 2s
  3450K .......... .......... .......... .......... .......... 41% 64.4M 2s
  3500K .......... .......... .......... .......... .......... 42% 82.8M 2s
  3550K .......... .......... .......... .......... .......... 42% 2.28M 2s
  3600K .......... .......... .......... .......... .......... 43% 4.25M 2s
  3650K .......... .......... .......... .......... .......... 43% 2.65M 2s
  3700K .......... .......... .......... .......... .......... 44%  551K 2s
  3750K .......... .......... .......... .......... .......... 45% 4.00M 2s
  3800K .......... .......... .......... .......... .......... 45% 4.51M 2s
  3850K .......... .......... .......... .......... .......... 46% 3.66M 2s
  3900K .......... .......... .......... .......... .......... 46% 2.97M 2s
  3950K .......... .......... .......... .......... .......... 47% 64.4M 2s
  4000K .......... .......... .......... .......... .......... 48% 67.5M 2s
  4050K .......... .......... .......... .......... .......... 48% 64.2M 2s
  4100K .......... .......... .......... .......... .......... 49% 66.1M 2s
  4150K .......... .......... .......... .......... .......... 49% 72.6M 2s
  4200K .......... .......... .......... .......... .......... 50% 61.7M 2s
  4250K .......... .......... .......... .......... .......... 51% 71.9M 2s
  4300K .......... .......... .......... .......... .......... 51% 64.5M 2s
  4350K .......... .......... .......... .......... .......... 52% 49.8M 2s
  4400K .......... .......... .......... .......... .......... 52% 60.6M 2s
  4450K .......... .......... .......... .......... .......... 53% 66.0M 1s
  4500K .......... .......... .......... .......... .......... 54% 70.5M 1s
  4550K .......... .......... .......... .......... .......... 54% 60.8M 1s
  4600K .......... .......... .......... .......... .......... 55%  123M 1s
  4650K .......... .......... .......... .......... .......... 55%  165M 1s
  4700K .......... .......... .......... .......... .......... 56%  165M 1s
  4750K .......... .......... .......... .......... .......... 57%  176M 1s
  4800K .......... .......... .......... .......... .......... 57%  138M 1s
  4850K .......... .......... .......... .......... .......... 58%  186M 1s
  4900K .......... .......... .......... .......... .......... 58%  179M 1s
  4950K .......... .......... .......... .......... .......... 59%  164M 1s
  5000K .......... .......... .......... .......... .......... 60%  128M 1s
  5050K .......... .......... .......... .......... .......... 60% 97.2M 1s
  5100K .......... .......... .......... .......... .......... 61%  109M 1s
  5150K .......... .......... .......... .......... .......... 61%  108M 1s
  5200K .......... .......... .......... .......... .......... 62% 85.8M 1s
  5250K .......... .......... .......... .......... .......... 62% 97.4M 1s
  5300K .......... .......... .......... .......... .......... 63%  113M 1s
  5350K .......... .......... .......... .......... .......... 64%  113M 1s
  5400K .......... .......... .......... .......... .......... 64% 85.3M 1s
  5450K .......... .......... .......... .......... .......... 65% 92.1M 1s
  5500K .......... .......... .......... .......... .......... 65%  109M 1s
  5550K .......... .......... .......... .......... .......... 66% 87.0M 1s
  5600K .......... .......... .......... .......... .......... 67% 86.7M 1s
  5650K .......... .......... .......... .......... .......... 67% 77.2M 1s
  5700K .......... .......... .......... .......... .......... 68% 55.5M 1s
  5750K .......... .......... .......... .......... .......... 68% 98.9M 1s
  5800K .......... .......... .......... .......... .......... 69% 53.6M 1s
  5850K .......... .......... .......... .......... .......... 70% 64.7M 1s
  5900K .......... .......... .......... .......... .......... 70% 80.9M 1s
  5950K .......... .......... .......... .......... .......... 71% 64.5M 1s
  6000K .......... .......... .......... .......... .......... 71% 61.9M 1s
  6050K .......... .......... .......... .......... .......... 72% 80.7M 1s
  6100K .......... .......... .......... .......... .......... 73% 68.2M 1s
  6150K .......... .......... .......... .......... .......... 73% 59.9M 1s
  6200K .......... .......... .......... .......... .......... 74% 69.9M 1s
  6250K .......... .......... .......... .......... .......... 74% 68.1M 1s
  6300K .......... .......... .......... .......... .......... 75% 75.3M 1s
  6350K .......... .......... .......... .......... .......... 76% 89.6M 1s
  6400K .......... .......... .......... .......... .......... 76% 46.0M 1s
  6450K .......... .......... .......... .......... .......... 77% 67.2M 1s
  6500K .......... .......... .......... .......... .......... 77% 80.8M 0s
  6550K .......... .......... .......... .......... .......... 78% 64.7M 0s
  6600K .......... .......... .......... .......... .......... 79% 73.0M 0s
  6650K .......... .......... .......... .......... .......... 79% 81.4M 0s
  6700K .......... .......... .......... .......... .......... 80% 77.0M 0s
  6750K .......... .......... .......... .......... .......... 80%  575K 0s
  6800K .......... .......... .......... .......... .......... 81% 4.49M 0s
  6850K .......... .......... .......... .......... .......... 81% 5.50M 0s
  6900K .......... .......... .......... .......... .......... 82% 5.27M 0s
  6950K .......... .......... .......... .......... .......... 83% 2.32M 0s
  7000K .......... .......... .......... .......... .......... 83% 6.31M 0s
  7050K .......... .......... .......... .......... .......... 84% 8.47M 0s
  7100K .......... .......... .......... .......... .......... 84% 12.1M 0s
  7150K .......... .......... .......... .......... .......... 85% 6.82M 0s
  7200K .......... .......... .......... .......... .......... 86% 54.2M 0s
  7250K .......... .......... .......... .......... .......... 86% 83.0M 0s
  7300K .......... .......... .......... .......... .......... 87%  107M 0s
  7350K .......... .......... .......... .......... .......... 87% 80.8M 0s
  7400K .......... .......... .......... .......... .......... 88% 63.9M 0s
  7450K .......... .......... .......... .......... .......... 89% 73.9M 0s
  7500K .......... .......... .......... .......... .......... 89%  107M 0s
  7550K .......... .......... .......... .......... .......... 90% 97.9M 0s
  7600K .......... .......... .......... .......... .......... 90% 90.3M 0s
  7650K .......... .......... .......... .......... .......... 91%  106M 0s
  7700K .......... .......... .......... .......... .......... 92%  109M 0s
  7750K .......... .......... .......... .......... .......... 92%  111M 0s
  7800K .......... .......... .......... .......... .......... 93% 83.7M 0s
  7850K .......... .......... .......... .......... .......... 93%  113M 0s
  7900K .......... .......... .......... .......... .......... 94% 99.7M 0s
  7950K .......... .......... .......... .......... .......... 95% 99.9M 0s
  8000K .......... .......... .......... .......... .......... 95% 79.9M 0s
  8050K .......... .......... .......... .......... .......... 96%  101M 0s
  8100K .......... .......... .......... .......... .......... 96% 88.9M 0s
  8150K .......... .......... .......... .......... .......... 97%  112M 0s
  8200K .......... .......... .......... .......... .......... 98% 83.6M 0s
  8250K .......... .......... .......... .......... .......... 98% 89.2M 0s
  8300K .......... .......... .......... .......... .......... 99%  100M 0s
  8350K .......... .......... .......... .......... .......... 99%  100M 0s
  8400K .......... .....                                      100% 35.7M=1.9s

2022-08-15 04:43:44 (4.34 MB/s) - `apache-maven-3.3.9-bin.zip' saved [8617253/8617253]

travis_time:end:03c5f987:start=1660538621610376259,finish=1660538625105704256,duration=3495327997[0Ktravis_fold:end:before_install.1[0Ktravis_fold:start:before_install.2[0Ktravis_time:start:250435da[0K$ if [ "$TRAVIS_OS_NAME" == "linux" ] && [ "$JVM" == "latest" ]; then sudo apt-get update -qq; sudo /bin/echo -e oracle-java9-installer shared/accepted-oracle-license-v1-1 select true | sudo debconf-set-selections; sudo apt-get -o Dpkg::Options::="--force-confnew" install -y oracle-java9-installer oracle-java9-set-default oracle-java9-unlimited-jce-policy; sudo update-java-alternatives -s java-9-oracle; fi
travis_time:end:250435da:start=1660538625113321566,finish=1660538625118480175,duration=5158609[0Ktravis_fold:end:before_install.2[0Ktravis_fold:start:install[0Ktravis_time:start:1276c45d[0K$ true
travis_time:end:1276c45d:start=1660538625125530999,finish=1660538625130384682,duration=4853683[0Ktravis_fold:end:install[0Ktravis_time:start:046af4a8[0K$ mvn clean test verify -Dhttps.protocols=TLSv1.2 -B
Java HotSpot(TM) 64-Bit Server VM warning: ignoring option MaxPermSize=192m; support was removed in 8.0
[INFO] Scanning for projects...
[INFO] ------------------------------------------------------------------------
[INFO] Reactor Build Order:
[INFO] 
[INFO] GraphHopper Parent Project
[INFO] GraphHopper Core
[INFO] GraphHopper Reader for OpenStreetMap Data
[INFO] GraphHopper Reader JSON
[INFO] GraphHopper Tools
[INFO] GraphHopper Web
[INFO] GraphHopper Reader for Shapefile Data
[INFO]                                                                         
[INFO] ------------------------------------------------------------------------
[INFO] Building GraphHopper Parent Project 0.9-SNAPSHOT
[INFO] ------------------------------------------------------------------------
[INFO] 
[INFO] --- maven-clean-plugin:2.5:clean (default-clean) @ graphhopper-parent ---
[INFO] 
[INFO] --- maven-failsafe-plugin:2.19.1:integration-test (default) @ graphhopper-parent ---
[INFO] No tests to run.
[INFO] 
[INFO] --- maven-failsafe-plugin:2.19.1:verify (default) @ graphhopper-parent ---
[INFO]                                                                         
[INFO] ------------------------------------------------------------------------
[INFO] Building GraphHopper Core 0.9-SNAPSHOT
[INFO] ------------------------------------------------------------------------
[INFO] 
[INFO] --- maven-clean-plugin:2.5:clean (default-clean) @ graphhopper-core ---
[INFO] 
[INFO] --- maven-resources-plugin:2.6:resources (default-resources) @ graphhopper-core ---
[INFO] Using 'UTF-8' encoding to copy filtered resources.
[INFO] Copying 2 resources
[INFO] Copying 46 resources
[INFO] 
[INFO] --- maven-compiler-plugin:3.5.1:compile (default-compile) @ graphhopper-core ---
[INFO] Changes detected - recompiling the module!
[INFO] Compiling 266 source files to /home/travis/build/failed/graphhopper/graphhopper/core/target/classes
[INFO] 
[INFO] --- maven-resources-plugin:2.6:testResources (default-testResources) @ graphhopper-core ---
[INFO] Using 'UTF-8' encoding to copy filtered resources.
[INFO] Copying 11 resources
[INFO] 
[INFO] --- maven-compiler-plugin:3.5.1:testCompile (default-testCompile) @ graphhopper-core ---
[INFO] Changes detected - recompiling the module!
[INFO] Compiling 132 source files to /home/travis/build/failed/graphhopper/graphhopper/core/target/test-classes
[INFO] 
[INFO] --- maven-surefire-plugin:2.19.1:test (default-test) @ graphhopper-core ---

-------------------------------------------------------
 T E S T S
-------------------------------------------------------
Running com.graphhopper.reader.OSMElementTest
Tests run: 2, Failures: 0, Errors: 0, Skipped: 0, Time elapsed: 0.036 sec - in com.graphhopper.reader.OSMElementTest
Running com.graphhopper.reader.osm.conditional.ConditionalParserTest
Tests run: 5, Failures: 0, Errors: 0, Skipped: 0, Time elapsed: 0.112 sec - in com.graphhopper.reader.osm.conditional.ConditionalParserTest
Running com.graphhopper.reader.osm.conditional.DateRangeParserTest
Tests run: 18, Failures: 0, Errors: 0, Skipped: 0, Time elapsed: 0.026 sec - in com.graphhopper.reader.osm.conditional.DateRangeParserTest
Running com.graphhopper.reader.osm.conditional.ConditionalOSMTagInspectorTest
Tests run: 7, Failures: 0, Errors: 0, Skipped: 0, Time elapsed: 0.002 sec - in com.graphhopper.reader.osm.conditional.ConditionalOSMTagInspectorTest
Running com.graphhopper.reader.dem.CGIARProviderTest
Tests run: 3, Failures: 0, Errors: 0, Skipped: 0, Time elapsed: 0.111 sec - in com.graphhopper.reader.dem.CGIARProviderTest
Running com.graphhopper.reader.dem.TunnelElevationInterpolatorTest
Tests run: 5, Failures: 0, Errors: 0, Skipped: 0, Time elapsed: 0.062 sec - in com.graphhopper.reader.dem.TunnelElevationInterpolatorTest
Running com.graphhopper.reader.dem.BridgeElevationInterpolatorTest
Tests run: 1, Failures: 0, Errors: 0, Skipped: 0, Time elapsed: 0.004 sec - in com.graphhopper.reader.dem.BridgeElevationInterpolatorTest
Running com.graphhopper.reader.dem.ElevationInterpolatorTest
Tests run: 3, Failures: 0, Errors: 0, Skipped: 0, Time elapsed: 0 sec - in com.graphhopper.reader.dem.ElevationInterpolatorTest
Running com.graphhopper.reader.dem.HeightTileTest
Tests run: 3, Failures: 0, Errors: 0, Skipped: 0, Time elapsed: 0.008 sec - in com.graphhopper.reader.dem.HeightTileTest
Running com.graphhopper.reader.dem.SRTMProviderTest
Tests run: 4, Failures: 0, Errors: 0, Skipped: 0, Time elapsed: 1.423 sec - in com.graphhopper.reader.dem.SRTMProviderTest
Running com.graphhopper.reader.OSMNodeTest
Tests run: 1, Failures: 0, Errors: 0, Skipped: 0, Time elapsed: 0.001 sec - in com.graphhopper.reader.OSMNodeTest
Running com.graphhopper.reader.PrinctonReaderTest
Tests run: 2, Failures: 0, Errors: 0, Skipped: 0, Time elapsed: 0.036 sec - in com.graphhopper.reader.PrinctonReaderTest
Running com.graphhopper.routing.util.MotorcycleFlagEncoderTest
Tests run: 4, Failures: 0, Errors: 0, Skipped: 0, Time elapsed: 0.006 sec - in com.graphhopper.routing.util.MotorcycleFlagEncoderTest
Running com.graphhopper.routing.util.BikeFlagEncoderTest
Tests run: 25, Failures: 0, Errors: 0, Skipped: 0, Time elapsed: 0.045 sec - in com.graphhopper.routing.util.BikeFlagEncoderTest
Running com.graphhopper.routing.util.spatialrules.SpatialRuleLookupQuadtreeTest
Tests run: 5, Failures: 0, Errors: 0, Skipped: 0, Time elapsed: 0.061 sec - in com.graphhopper.routing.util.spatialrules.SpatialRuleLookupQuadtreeTest
Running com.graphhopper.routing.util.spatialrules.SpatialRuleLookupArrayTest
Tests run: 5, Failures: 0, Errors: 0, Skipped: 0, Time elapsed: 0.028 sec - in com.graphhopper.routing.util.spatialrules.SpatialRuleLookupArrayTest
Running com.graphhopper.routing.util.spatialrules.PolygonTest
Tests run: 1, Failures: 0, Errors: 0, Skipped: 0, Time elapsed: 0 sec - in com.graphhopper.routing.util.spatialrules.PolygonTest
Running com.graphhopper.routing.util.Bike2WeightFlagEncoderTest
Tests run: 29, Failures: 0, Errors: 0, Skipped: 0, Time elapsed: 0.017 sec - in com.graphhopper.routing.util.Bike2WeightFlagEncoderTest
Running com.graphhopper.routing.util.FootFlagEncoderTest
Tests run: 12, Failures: 0, Errors: 0, Skipped: 0, Time elapsed: 0.015 sec - in com.graphhopper.routing.util.FootFlagEncoderTest
Running com.graphhopper.routing.util.MountainBikeFlagEncoderTest
Tests run: 17, Failures: 0, Errors: 0, Skipped: 0, Time elapsed: 0.006 sec - in com.graphhopper.routing.util.MountainBikeFlagEncoderTest
Running com.graphhopper.routing.util.AbstractFlagEncoderTest
Tests run: 1, Failures: 0, Errors: 0, Skipped: 0, Time elapsed: 0 sec - in com.graphhopper.routing.util.AbstractFlagEncoderTest
Running com.graphhopper.routing.util.HikeFlagEncoderTest
Tests run: 1, Failures: 0, Errors: 0, Skipped: 0, Time elapsed: 0 sec - in com.graphhopper.routing.util.HikeFlagEncoderTest
Running com.graphhopper.routing.util.CarFlagEncoderTest
Tests run: 21, Failures: 0, Errors: 0, Skipped: 0, Time elapsed: 0.004 sec - in com.graphhopper.routing.util.CarFlagEncoderTest
Running com.graphhopper.routing.util.Car4WDFlagEncoderTest
Tests run: 21, Failures: 0, Errors: 0, Skipped: 0, Time elapsed: 0.008 sec - in com.graphhopper.routing.util.Car4WDFlagEncoderTest
Running com.graphhopper.routing.util.tour.SinglePointTourTest
Tests run: 1, Failures: 0, Errors: 0, Skipped: 0, Time elapsed: 0.001 sec - in com.graphhopper.routing.util.tour.SinglePointTourTest
Running com.graphhopper.routing.util.DataFlagEncoderTest
Tests run: 17, Failures: 0, Errors: 1, Skipped: 0, Time elapsed: 0.024 sec <<< FAILURE! - in com.graphhopper.routing.util.DataFlagEncoderTest
testSpatialId(com.graphhopper.routing.util.DataFlagEncoderTest)  Time elapsed: 0.01 sec  <<< ERROR!
java.lang.RuntimeException: Error while parsing way Way id:27, nodes:0, tags:{highway=track, estimated_center=0.005,0.005}
	at com.graphhopper.routing.util.DataFlagEncoderTest.testSpatialId(DataFlagEncoderTest.java:377)
Caused by: java.lang.NullPointerException
	at com.graphhopper.routing.util.DataFlagEncoderTest.testSpatialId(DataFlagEncoderTest.java:377)

Running com.graphhopper.routing.util.EncodedValueTest
Tests run: 2, Failures: 0, Errors: 0, Skipped: 0, Time elapsed: 0 sec - in com.graphhopper.routing.util.EncodedValueTest
Running com.graphhopper.routing.util.NameSimilarityEdgeFilterTest
Tests run: 4, Failures: 0, Errors: 0, Skipped: 0, Time elapsed: 0.007 sec - in com.graphhopper.routing.util.NameSimilarityEdgeFilterTest
Running com.graphhopper.routing.util.RacingBikeFlagEncoderTest
Tests run: 18, Failures: 0, Errors: 0, Skipped: 0, Time elapsed: 0.007 sec - in com.graphhopper.routing.util.RacingBikeFlagEncoderTest
Running com.graphhopper.routing.util.EncodingManagerTest
Tests run: 10, Failures: 0, Errors: 0, Skipped: 0, Time elapsed: 0.01 sec - in com.graphhopper.routing.util.EncodingManagerTest
Running com.graphhopper.routing.util.EncodedDoubleValueTest
Tests run: 4, Failures: 0, Errors: 0, Skipped: 0, Time elapsed: 0 sec - in com.graphhopper.routing.util.EncodedDoubleValueTest
Running com.graphhopper.routing.ch.CHAlgoFactoryDecoratorTest
Tests run: 1, Failures: 0, Errors: 0, Skipped: 0, Time elapsed: 0 sec - in com.graphhopper.routing.ch.CHAlgoFactoryDecoratorTest
Running com.graphhopper.routing.ch.DijkstraBidirectionCHTest
Tests run: 27, Failures: 0, Errors: 0, Skipped: 0, Time elapsed: 0.394 sec - in com.graphhopper.routing.ch.DijkstraBidirectionCHTest
Running com.graphhopper.routing.ch.PrepareContractionHierarchiesTest
Tests run: 18, Failures: 0, Errors: 0, Skipped: 0, Time elapsed: 0.092 sec - in com.graphhopper.routing.ch.PrepareContractionHierarchiesTest
Running com.graphhopper.routing.ch.PrepareEncoderTest
Tests run: 1, Failures: 0, Errors: 0, Skipped: 0, Time elapsed: 0 sec - in com.graphhopper.routing.ch.PrepareEncoderTest
Running com.graphhopper.routing.weighting.AbstractWeightingTest
Tests run: 1, Failures: 0, Errors: 0, Skipped: 0, Time elapsed: 0.001 sec - in com.graphhopper.routing.weighting.AbstractWeightingTest
Running com.graphhopper.routing.weighting.ShortFastestWeightingTest
Tests run: 2, Failures: 0, Errors: 0, Skipped: 0, Time elapsed: 0 sec - in com.graphhopper.routing.weighting.ShortFastestWeightingTest
Running com.graphhopper.routing.weighting.GenericWeightingTest
Tests run: 6, Failures: 0, Errors: 0, Skipped: 0, Time elapsed: 0.019 sec - in com.graphhopper.routing.weighting.GenericWeightingTest
Running com.graphhopper.routing.weighting.FastestWeightingTest
Tests run: 4, Failures: 0, Errors: 0, Skipped: 0, Time elapsed: 0.004 sec - in com.graphhopper.routing.weighting.FastestWeightingTest
Running com.graphhopper.routing.lm.LandmarkStorageTest
2022-08-15 04:44:01,986 [main] WARN  com.graphhopper.routing.lm.LandmarkStorage - next start node not found in big enough network of size 2, first element is 5, 0.0,0.0
Tests run: 7, Failures: 0, Errors: 0, Skipped: 0, Time elapsed: 0.051 sec - in com.graphhopper.routing.lm.LandmarkStorageTest
Running com.graphhopper.routing.lm.PrepareLandmarksTest
Tests run: 2, Failures: 0, Errors: 0, Skipped: 0, Time elapsed: 0.058 sec - in com.graphhopper.routing.lm.PrepareLandmarksTest
Running com.graphhopper.routing.lm.LMAlgoFactoryDecoratorTest
Tests run: 1, Failures: 0, Errors: 0, Skipped: 0, Time elapsed: 0.001 sec - in com.graphhopper.routing.lm.LMAlgoFactoryDecoratorTest
Running com.graphhopper.routing.template.RoundTripRoutingTemplateTest
Tests run: 1, Failures: 0, Errors: 0, Skipped: 0, Time elapsed: 0.006 sec - in com.graphhopper.routing.template.RoundTripRoutingTemplateTest
Running com.graphhopper.routing.PathBidirRefTest
Tests run: 2, Failures: 0, Errors: 0, Skipped: 0, Time elapsed: 0.009 sec - in com.graphhopper.routing.PathBidirRefTest
Running com.graphhopper.routing.AStarTest
Tests run: 96, Failures: 0, Errors: 0, Skipped: 0, Time elapsed: 0.357 sec - in com.graphhopper.routing.AStarTest
Running com.graphhopper.routing.QueryGraphTest
Tests run: 17, Failures: 0, Errors: 0, Skipped: 0, Time elapsed: 0.039 sec - in com.graphhopper.routing.QueryGraphTest
Running com.graphhopper.routing.subnetwork.PrepareRoutingSubnetworksTest
Tests run: 9, Failures: 0, Errors: 0, Skipped: 0, Time elapsed: 0.026 sec - in com.graphhopper.routing.subnetwork.PrepareRoutingSubnetworksTest
Running com.graphhopper.routing.subnetwork.SubnetworkStorageTest
Tests run: 1, Failures: 0, Errors: 0, Skipped: 0, Time elapsed: 0 sec - in com.graphhopper.routing.subnetwork.SubnetworkStorageTest
Running com.graphhopper.routing.DijkstraTest
Tests run: 96, Failures: 0, Errors: 0, Skipped: 0, Time elapsed: 0.322 sec - in com.graphhopper.routing.DijkstraTest
Running com.graphhopper.routing.EdgeBasedRoutingAlgorithmTest
Tests run: 12, Failures: 0, Errors: 0, Skipped: 0, Time elapsed: 0.033 sec - in com.graphhopper.routing.EdgeBasedRoutingAlgorithmTest
Running com.graphhopper.routing.PathTest
Tests run: 8, Failures: 0, Errors: 0, Skipped: 0, Time elapsed: 0.052 sec - in com.graphhopper.routing.PathTest
Running com.graphhopper.routing.DijkstraOneToManyTest
Tests run: 30, Failures: 0, Errors: 0, Skipped: 0, Time elapsed: 0.075 sec - in com.graphhopper.routing.DijkstraOneToManyTest
Running com.graphhopper.routing.AStarBidirectionTest
Tests run: 100, Failures: 0, Errors: 0, Skipped: 0, Time elapsed: 0.359 sec - in com.graphhopper.routing.AStarBidirectionTest
Running com.graphhopper.routing.AlternativeRouteTest
Tests run: 6, Failures: 0, Errors: 0, Skipped: 0, Time elapsed: 0.017 sec - in com.graphhopper.routing.AlternativeRouteTest
Running com.graphhopper.routing.DijkstraBidirectionRefTest
Tests run: 96, Failures: 0, Errors: 0, Skipped: 0, Time elapsed: 0.321 sec - in com.graphhopper.routing.DijkstraBidirectionRefTest
Running com.graphhopper.storage.index.Location2IDQuadtreeTest
Tests run: 8, Failures: 0, Errors: 0, Skipped: 0, Time elapsed: 0.85 sec - in com.graphhopper.storage.index.Location2IDQuadtreeTest
Running com.graphhopper.storage.index.Location2IDFullIndexTest
Tests run: 8, Failures: 0, Errors: 0, Skipped: 0, Time elapsed: 0.191 sec - in com.graphhopper.storage.index.Location2IDFullIndexTest
Running com.graphhopper.storage.index.LocationIndexTreeCHTest
Tests run: 22, Failures: 0, Errors: 0, Skipped: 0, Time elapsed: 0.559 sec - in com.graphhopper.storage.index.LocationIndexTreeCHTest
Running com.graphhopper.storage.index.LocationIndexTreeTest
Tests run: 19, Failures: 0, Errors: 0, Skipped: 0, Time elapsed: 0.497 sec - in com.graphhopper.storage.index.LocationIndexTreeTest
Running com.graphhopper.storage.index.Location2IDFullWithEdgesIndexTest
Tests run: 8, Failures: 0, Errors: 0, Skipped: 0, Time elapsed: 0.21 sec - in com.graphhopper.storage.index.Location2IDFullWithEdgesIndexTest
Running com.graphhopper.storage.index.BresenhamLineTest
Tests run: 9, Failures: 0, Errors: 0, Skipped: 0, Time elapsed: 0.001 sec - in com.graphhopper.storage.index.BresenhamLineTest
Running com.graphhopper.storage.GraphEdgeIdFinderTest
Tests run: 1, Failures: 0, Errors: 0, Skipped: 0, Time elapsed: 0.009 sec - in com.graphhopper.storage.GraphEdgeIdFinderTest
Running com.graphhopper.storage.UnsafeDataAccessTest
Tests run: 15, Failures: 0, Errors: 0, Skipped: 0, Time elapsed: 0.014 sec - in com.graphhopper.storage.UnsafeDataAccessTest
Running com.graphhopper.storage.EdgeTest
Tests run: 1, Failures: 0, Errors: 0, Skipped: 0, Time elapsed: 0 sec - in com.graphhopper.storage.EdgeTest
Running com.graphhopper.storage.GraphHopperStorageCHTest
Tests run: 56, Failures: 0, Errors: 0, Skipped: 0, Time elapsed: 0.771 sec - in com.graphhopper.storage.GraphHopperStorageCHTest
Running com.graphhopper.storage.GraphHopperStorageTest
Tests run: 47, Failures: 0, Errors: 0, Skipped: 0, Time elapsed: 0.438 sec - in com.graphhopper.storage.GraphHopperStorageTest
Running com.graphhopper.storage.GraphStorageViaMMapTest
Tests run: 39, Failures: 0, Errors: 0, Skipped: 0, Time elapsed: 9.287 sec - in com.graphhopper.storage.GraphStorageViaMMapTest
Running com.graphhopper.storage.RAMDirectoryTest
Tests run: 4, Failures: 0, Errors: 0, Skipped: 0, Time elapsed: 0.005 sec - in com.graphhopper.storage.RAMDirectoryTest
Running com.graphhopper.storage.MMapDirectoryTest
Tests run: 4, Failures: 0, Errors: 0, Skipped: 0, Time elapsed: 0.114 sec - in com.graphhopper.storage.MMapDirectoryTest
Running com.graphhopper.storage.RAMDataAccessTest
Tests run: 14, Failures: 0, Errors: 0, Skipped: 0, Time elapsed: 0.008 sec - in com.graphhopper.storage.RAMDataAccessTest
Running com.graphhopper.storage.VLongStorageTest
Tests run: 2, Failures: 0, Errors: 0, Skipped: 0, Time elapsed: 0 sec - in com.graphhopper.storage.VLongStorageTest
Running com.graphhopper.storage.SynchedDAWrapperTest
Tests run: 14, Failures: 0, Errors: 0, Skipped: 0, Time elapsed: 0.005 sec - in com.graphhopper.storage.SynchedDAWrapperTest
Running com.graphhopper.storage.GraphHopperStorageWithTurnCostsTest
Tests run: 48, Failures: 0, Errors: 0, Skipped: 0, Time elapsed: 0.758 sec - in com.graphhopper.storage.GraphHopperStorageWithTurnCostsTest
Running com.graphhopper.storage.MMapDataAccessTest
Tests run: 16, Failures: 0, Errors: 0, Skipped: 0, Time elapsed: 1.379 sec - in com.graphhopper.storage.MMapDataAccessTest
Running com.graphhopper.storage.SimpleFSLockFactoryTest
Tests run: 2, Failures: 0, Errors: 0, Skipped: 0, Time elapsed: 0.002 sec - in com.graphhopper.storage.SimpleFSLockFactoryTest
Running com.graphhopper.storage.StorablePropertiesTest
Tests run: 3, Failures: 0, Errors: 0, Skipped: 0, Time elapsed: 0.001 sec - in com.graphhopper.storage.StorablePropertiesTest
Running com.graphhopper.storage.NativeFSLockFactoryTest
Tests run: 3, Failures: 0, Errors: 0, Skipped: 0, Time elapsed: 0.003 sec - in com.graphhopper.storage.NativeFSLockFactoryTest
Running com.graphhopper.storage.RAMIntDataAccessTest
Tests run: 14, Failures: 0, Errors: 0, Skipped: 0, Time elapsed: 0.007 sec - in com.graphhopper.storage.RAMIntDataAccessTest
Running com.graphhopper.storage.GraphHopperStorageForDataFlagEncoderTest
Tests run: 1, Failures: 0, Errors: 0, Skipped: 0, Time elapsed: 0.049 sec - in com.graphhopper.storage.GraphHopperStorageForDataFlagEncoderTest
Running com.graphhopper.util.shapes.GHPoint3DTest
Tests run: 1, Failures: 0, Errors: 0, Skipped: 0, Time elapsed: 0 sec - in com.graphhopper.util.shapes.GHPoint3DTest
Running com.graphhopper.util.shapes.BBoxTest
Tests run: 8, Failures: 0, Errors: 0, Skipped: 0, Time elapsed: 0.001 sec - in com.graphhopper.util.shapes.BBoxTest
Running com.graphhopper.util.shapes.GHPointTest
Tests run: 1, Failures: 0, Errors: 0, Skipped: 0, Time elapsed: 0 sec - in com.graphhopper.util.shapes.GHPointTest
Running com.graphhopper.util.shapes.CircleTest
Tests run: 5, Failures: 0, Errors: 0, Skipped: 0, Time elapsed: 0 sec - in com.graphhopper.util.shapes.CircleTest
Running com.graphhopper.util.BitUtilBigTest
Tests run: 10, Failures: 0, Errors: 0, Skipped: 0, Time elapsed: 0 sec - in com.graphhopper.util.BitUtilBigTest
Running com.graphhopper.util.SimpleIntDequeTest
Tests run: 3, Failures: 0, Errors: 0, Skipped: 0, Time elapsed: 0 sec - in com.graphhopper.util.SimpleIntDequeTest
Running com.graphhopper.util.TranslationMapTest
Tests run: 2, Failures: 0, Errors: 0, Skipped: 0, Time elapsed: 0 sec - in com.graphhopper.util.TranslationMapTest
Running com.graphhopper.util.DepthFirstSearchTest
Tests run: 2, Failures: 0, Errors: 0, Skipped: 0, Time elapsed: 0.015 sec - in com.graphhopper.util.DepthFirstSearchTest
Running com.graphhopper.util.BreadthFirstSearchTest
Tests run: 2, Failures: 0, Errors: 0, Skipped: 0, Time elapsed: 0.003 sec - in com.graphhopper.util.BreadthFirstSearchTest
Running com.graphhopper.util.GHUtilityTest
Tests run: 7, Failures: 0, Errors: 0, Skipped: 0, Time elapsed: 0.025 sec - in com.graphhopper.util.GHUtilityTest
Running com.graphhopper.util.ConfigMapTest
Tests run: 1, Failures: 0, Errors: 0, Skipped: 0, Time elapsed: 0 sec - in com.graphhopper.util.ConfigMapTest
Running com.graphhopper.util.FinishInstructionTest
Tests run: 1, Failures: 0, Errors: 0, Skipped: 0, Time elapsed: 0 sec - in com.graphhopper.util.FinishInstructionTest
Running com.graphhopper.util.PointListTest
Tests run: 4, Failures: 0, Errors: 0, Skipped: 0, Time elapsed: 0 sec - in com.graphhopper.util.PointListTest
Running com.graphhopper.util.DistanceCalcEarthTest
Tests run: 6, Failures: 0, Errors: 0, Skipped: 0, Time elapsed: 0 sec - in com.graphhopper.util.DistanceCalcEarthTest
Running com.graphhopper.util.InstructionTest
Tests run: 1, Failures: 0, Errors: 0, Skipped: 0, Time elapsed: 0 sec - in com.graphhopper.util.InstructionTest
Running com.graphhopper.util.CHEdgeIteratorTest
Tests run: 1, Failures: 0, Errors: 0, Skipped: 0, Time elapsed: 0 sec - in com.graphhopper.util.CHEdgeIteratorTest
Running com.graphhopper.util.DouglasPeuckerTest
Tests run: 4, Failures: 0, Errors: 0, Skipped: 0, Time elapsed: 0.001 sec - in com.graphhopper.util.DouglasPeuckerTest
Running com.graphhopper.util.BitUtilLittleTest
Tests run: 10, Failures: 0, Errors: 0, Skipped: 0, Time elapsed: 0 sec - in com.graphhopper.util.BitUtilLittleTest
Running com.graphhopper.util.AngleCalcTest
Tests run: 8, Failures: 0, Errors: 0, Skipped: 0, Time elapsed: 0.001 sec - in com.graphhopper.util.AngleCalcTest
Running com.graphhopper.util.PMapTest
Tests run: 6, Failures: 0, Errors: 0, Skipped: 0, Time elapsed: 0.001 sec - in com.graphhopper.util.PMapTest
Running com.graphhopper.util.HelperTest
Tests run: 9, Failures: 0, Errors: 0, Skipped: 0, Time elapsed: 0.002 sec - in com.graphhopper.util.HelperTest
Running com.graphhopper.util.InstructionListTest
Tests run: 11, Failures: 0, Errors: 0, Skipped: 0, Time elapsed: 0.137 sec - in com.graphhopper.util.InstructionListTest
Running com.graphhopper.coll.GHTreeMapComposedTest
Tests run: 1, Failures: 0, Errors: 0, Skipped: 0, Time elapsed: 0 sec - in com.graphhopper.coll.GHTreeMapComposedTest
Running com.graphhopper.coll.GHTBitSetTest
Tests run: 5, Failures: 0, Errors: 0, Skipped: 0, Time elapsed: 0 sec - in com.graphhopper.coll.GHTBitSetTest
Running com.graphhopper.coll.BitSetImplTest
Tests run: 5, Failures: 0, Errors: 0, Skipped: 0, Time elapsed: 0 sec - in com.graphhopper.coll.BitSetImplTest
Running com.graphhopper.coll.GHLongIntBTreeTest
Tests run: 6, Failures: 0, Errors: 0, Skipped: 0, Time elapsed: 0.005 sec - in com.graphhopper.coll.GHLongIntBTreeTest
Running com.graphhopper.coll.GHSortedCollectionTest
Tests run: 3, Failures: 0, Errors: 0, Skipped: 0, Time elapsed: 0.001 sec - in com.graphhopper.coll.GHSortedCollectionTest
Running com.graphhopper.coll.CompressedArrayTest
Tests run: 2, Failures: 0, Errors: 0, Skipped: 0, Time elapsed: 0.02 sec - in com.graphhopper.coll.CompressedArrayTest
Running com.graphhopper.coll.GHIntArrayListTest
Tests run: 3, Failures: 0, Errors: 0, Skipped: 0, Time elapsed: 0 sec - in com.graphhopper.coll.GHIntArrayListTest
Running com.graphhopper.coll.OSMIDMapTest
Tests run: 5, Failures: 0, Errors: 0, Skipped: 0, Time elapsed: 0 sec - in com.graphhopper.coll.OSMIDMapTest
Running com.graphhopper.geohash.LinearKeyAlgoTest
Tests run: 3, Failures: 0, Errors: 0, Skipped: 0, Time elapsed: 0 sec - in com.graphhopper.geohash.LinearKeyAlgoTest
Running com.graphhopper.geohash.SpatialKeyAlgoTest
Tests run: 10, Failures: 0, Errors: 0, Skipped: 0, Time elapsed: 0 sec - in com.graphhopper.geohash.SpatialKeyAlgoTest
Running com.graphhopper.GHRequestTest
Tests run: 2, Failures: 0, Errors: 0, Skipped: 0, Time elapsed: 0 sec - in com.graphhopper.GHRequestTest
Running com.graphhopper.GHResponseTest
Tests run: 2, Failures: 0, Errors: 0, Skipped: 0, Time elapsed: 0 sec - in com.graphhopper.GHResponseTest
Running com.graphhopper.search.NameIndexTest
Tests run: 5, Failures: 0, Errors: 0, Skipped: 0, Time elapsed: 0.018 sec - in com.graphhopper.search.NameIndexTest
Running com.graphhopper.apache.commons.lang3.StringUtilsTest
Tests run: 3, Failures: 0, Errors: 0, Skipped: 0, Time elapsed: 0 sec - in com.graphhopper.apache.commons.lang3.StringUtilsTest
Running com.graphhopper.apache.commons.collections.IntDoubleBinaryHeapTest
Tests run: 6, Failures: 0, Errors: 0, Skipped: 0, Time elapsed: 0.001 sec - in com.graphhopper.apache.commons.collections.IntDoubleBinaryHeapTest
Running com.graphhopper.GraphHopperAPITest
Tests run: 4, Failures: 0, Errors: 0, Skipped: 0, Time elapsed: 0.489 sec - in com.graphhopper.GraphHopperAPITest

Results :

Tests in error: 
  DataFlagEncoderTest.testSpatialId:377 Â» Runtime Error while parsing way Way id...

Tests run: 1322, Failures: 0, Errors: 1, Skipped: 0

[INFO] ------------------------------------------------------------------------
[INFO] Reactor Summary:
[INFO] 
[INFO] GraphHopper Parent Project ......................... SUCCESS [  0.550 s]
[INFO] GraphHopper Core ................................... FAILURE [ 32.738 s]
[INFO] GraphHopper Reader for OpenStreetMap Data .......... SKIPPED
[INFO] GraphHopper Reader JSON ............................ SKIPPED
[INFO] GraphHopper Tools .................................. SKIPPED
[INFO] GraphHopper Web .................................... SKIPPED
[INFO] GraphHopper Reader for Shapefile Data .............. SKIPPED
[INFO] ------------------------------------------------------------------------
[INFO] BUILD FAILURE
[INFO] ------------------------------------------------------------------------
[INFO] Total time: 33.627 s
[INFO] Finished at: 2022-08-15T04:44:20+00:00
[INFO] Final Memory: 11M/491M
[INFO] ------------------------------------------------------------------------
[ERROR] Failed to execute goal org.apache.maven.plugins:maven-surefire-plugin:2.19.1:test (default-test) on project graphhopper-core: There are test failures.
[ERROR] 
[ERROR] Please refer to /home/travis/build/failed/graphhopper/graphhopper/core/target/surefire-reports for the individual test results.
[ERROR] -> [Help 1]
[ERROR] 
[ERROR] To see the full stack trace of the errors, re-run Maven with the -e switch.
[ERROR] Re-run Maven using the -X switch to enable full debug logging.
[ERROR] 
[ERROR] For more information about the errors and possible solutions, please read the following articles:
[ERROR] [Help 1] http://cwiki.apache.org/confluence/display/MAVEN/MojoFailureException
[ERROR] 
[ERROR] After correcting the problems, you can resume the build with the command
[ERROR]   mvn <goals> -rf :graphhopper-core
travis_time:end:046af4a8:start=1660538625137948739,finish=1660538660168416515,duration=35030467776[0K[31;1mThe command "mvn clean test verify -Dhttps.protocols=TLSv1.2 -B" exited with 1.[0m

travis_fold:start:cache.2[0Kstore build cache
travis_time:start:263eb49d[0Ktravis_time:end:263eb49d:start=1660538660176685308,finish=1660538660182304622,duration=5619314[0Ktravis_time:start:18273164[0KYAML safe loading is not available. Please upgrade psych to a version that supports safe loading (>= 2.0).
[32;1mchanges detected, packing new archive[0m
[32;1muploading /[0m
[31;1mfailed to upload cache[0m
travis_time:end:18273164:start=1660538660189749599,finish=1660538662887477649,duration=2697728050[0Ktravis_fold:end:cache.2[0K

Done. Your build exited with 1.
