travis_fold:start:system_info[0K[33;1mBuild system information[0m
Build language: java
Build group: stable
Build dist: precise
Build id: ''
Job id: ''
[34m[1mBuild image provisioning date and time[0m
Thu Feb  5 15:09:33 UTC 2015
[34m[1mOperating System Details[0m
Distributor ID:	Ubuntu
Description:	Ubuntu 12.04.5 LTS
Release:	12.04
Codename:	precise
[34m[1mLinux Version[0m
3.13.0-29-generic
[34m[1mCookbooks Version[0m
a68419e https://github.com/travis-ci/travis-cookbooks/tree/a68419e
[34m[1mGCC version[0m
gcc (Ubuntu/Linaro 4.6.3-1ubuntu5) 4.6.3
Copyright (C) 2011 Free Software Foundation, Inc.
This is free software; see the source for copying conditions.  There is NO
warranty; not even for MERCHANTABILITY or FITNESS FOR A PARTICULAR PURPOSE.

[34m[1mLLVM version[0m
clang version 3.4 (tags/RELEASE_34/final)
Target: x86_64-unknown-linux-gnu
Thread model: posix
[34m[1mPre-installed Ruby versions[0m
ruby-1.9.3-p551
[34m[1mPre-installed Node.js versions[0m
v0.10.36
[34m[1mPre-installed Go versions[0m
1.4.1
[34m[1mRedis version[0m
redis-server 2.8.19
[34m[1mriak version[0m
2.0.2
[34m[1mMongoDB version[0m
MongoDB 2.4.12
[34m[1mCouchDB version[0m
couchdb 1.6.1
[34m[1mNeo4j version[0m
1.9.4
[34m[1mRabbitMQ Version[0m
3.4.3
[34m[1mElasticSearch version[0m
1.4.0
[34m[1mInstalled Sphinx versions[0m
2.0.10
2.1.9
2.2.6
[34m[1mDefault Sphinx version[0m
2.2.6
[34m[1mInstalled Firefox version[0m
firefox 31.0esr
[34m[1mPhantomJS version[0m
1.9.8
[34m[1mant -version[0m
Apache Ant(TM) version 1.8.2 compiled on December 3 2011
[34m[1mmvn -version[0m
Apache Maven 3.2.5 (12a6b3acb947671f09b81f49094c53f426d8cea1; 2014-12-14T17:29:23+00:00)
Maven home: /usr/local/maven
Java version: 1.7.0_76, vendor: Oracle Corporation
Java home: /usr/lib/jvm/java-7-oracle/jre
Default locale: en_US, platform encoding: ANSI_X3.4-1968
OS name: "linux", version: "3.13.0-29-generic", arch: "amd64", family: "unix"
travis_fold:end:system_info[0K
grep: /etc/apt/sources.list.d/*: No such file or directory
W: Failed to fetch http://us.archive.ubuntu.com/ubuntu/dists/precise/main/source/Sources  404  Not Found [IP: 91.189.91.38 80]

W: Failed to fetch http://us.archive.ubuntu.com/ubuntu/dists/precise/restricted/source/Sources  404  Not Found [IP: 91.189.91.38 80]

W: Failed to fetch http://us.archive.ubuntu.com/ubuntu/dists/precise/universe/source/Sources  404  Not Found [IP: 91.189.91.38 80]

W: Failed to fetch http://us.archive.ubuntu.com/ubuntu/dists/precise/multiverse/source/Sources  404  Not Found [IP: 91.189.91.38 80]

W: Failed to fetch http://us.archive.ubuntu.com/ubuntu/dists/precise/main/binary-amd64/Packages  404  Not Found [IP: 91.189.91.38 80]

W: Failed to fetch http://us.archive.ubuntu.com/ubuntu/dists/precise/restricted/binary-amd64/Packages  404  Not Found [IP: 91.189.91.38 80]

W: Failed to fetch http://us.archive.ubuntu.com/ubuntu/dists/precise/universe/binary-amd64/Packages  404  Not Found [IP: 91.189.91.38 80]

W: Failed to fetch http://us.archive.ubuntu.com/ubuntu/dists/precise/multiverse/binary-amd64/Packages  404  Not Found [IP: 91.189.91.38 80]

W: Failed to fetch http://us.archive.ubuntu.com/ubuntu/dists/precise/main/binary-i386/Packages  404  Not Found [IP: 91.189.91.38 80]

W: Failed to fetch http://us.archive.ubuntu.com/ubuntu/dists/precise/restricted/binary-i386/Packages  404  Not Found [IP: 91.189.91.38 80]

W: Failed to fetch http://us.archive.ubuntu.com/ubuntu/dists/precise/universe/binary-i386/Packages  404  Not Found [IP: 91.189.91.38 80]

W: Failed to fetch http://us.archive.ubuntu.com/ubuntu/dists/precise/multiverse/binary-i386/Packages  404  Not Found [IP: 91.189.91.38 80]

W: Failed to fetch http://us.archive.ubuntu.com/ubuntu/dists/precise-updates/main/source/Sources  404  Not Found [IP: 91.189.91.38 80]

W: Failed to fetch http://us.archive.ubuntu.com/ubuntu/dists/precise-updates/restricted/source/Sources  404  Not Found [IP: 91.189.91.38 80]

W: Failed to fetch http://us.archive.ubuntu.com/ubuntu/dists/precise-updates/universe/source/Sources  404  Not Found [IP: 91.189.91.38 80]

W: Failed to fetch http://us.archive.ubuntu.com/ubuntu/dists/precise-updates/multiverse/source/Sources  404  Not Found [IP: 91.189.91.38 80]

W: Failed to fetch http://us.archive.ubuntu.com/ubuntu/dists/precise-updates/main/binary-amd64/Packages  404  Not Found [IP: 91.189.91.38 80]

W: Failed to fetch http://us.archive.ubuntu.com/ubuntu/dists/precise-updates/restricted/binary-amd64/Packages  404  Not Found [IP: 91.189.91.38 80]

W: Failed to fetch http://us.archive.ubuntu.com/ubuntu/dists/precise-updates/universe/binary-amd64/Packages  404  Not Found [IP: 91.189.91.38 80]

W: Failed to fetch http://us.archive.ubuntu.com/ubuntu/dists/precise-updates/multiverse/binary-amd64/Packages  404  Not Found [IP: 91.189.91.38 80]

W: Failed to fetch http://us.archive.ubuntu.com/ubuntu/dists/precise-updates/main/binary-i386/Packages  404  Not Found [IP: 91.189.91.38 80]

W: Failed to fetch http://us.archive.ubuntu.com/ubuntu/dists/precise-updates/restricted/binary-i386/Packages  404  Not Found [IP: 91.189.91.38 80]

W: Failed to fetch http://us.archive.ubuntu.com/ubuntu/dists/precise-updates/universe/binary-i386/Packages  404  Not Found [IP: 91.189.91.38 80]

W: Failed to fetch http://us.archive.ubuntu.com/ubuntu/dists/precise-updates/multiverse/binary-i386/Packages  404  Not Found [IP: 91.189.91.38 80]

W: Failed to fetch http://us.archive.ubuntu.com/ubuntu/dists/precise-backports/main/source/Sources  404  Not Found [IP: 91.189.91.38 80]

W: Failed to fetch http://us.archive.ubuntu.com/ubuntu/dists/precise-backports/restricted/source/Sources  404  Not Found [IP: 91.189.91.38 80]

W: Failed to fetch http://us.archive.ubuntu.com/ubuntu/dists/precise-backports/universe/source/Sources  404  Not Found [IP: 91.189.91.38 80]

W: Failed to fetch http://us.archive.ubuntu.com/ubuntu/dists/precise-backports/multiverse/source/Sources  404  Not Found [IP: 91.189.91.38 80]

W: Failed to fetch http://us.archive.ubuntu.com/ubuntu/dists/precise-backports/main/binary-amd64/Packages  404  Not Found [IP: 91.189.91.38 80]

W: Failed to fetch http://us.archive.ubuntu.com/ubuntu/dists/precise-backports/restricted/binary-amd64/Packages  404  Not Found [IP: 91.189.91.38 80]

W: Failed to fetch http://us.archive.ubuntu.com/ubuntu/dists/precise-backports/universe/binary-amd64/Packages  404  Not Found [IP: 91.189.91.38 80]

W: Failed to fetch http://us.archive.ubuntu.com/ubuntu/dists/precise-backports/multiverse/binary-amd64/Packages  404  Not Found [IP: 91.189.91.38 80]

W: Failed to fetch http://us.archive.ubuntu.com/ubuntu/dists/precise-backports/main/binary-i386/Packages  404  Not Found [IP: 91.189.91.38 80]

W: Failed to fetch http://us.archive.ubuntu.com/ubuntu/dists/precise-backports/restricted/binary-i386/Packages  404  Not Found [IP: 91.189.91.38 80]

W: Failed to fetch http://us.archive.ubuntu.com/ubuntu/dists/precise-backports/universe/binary-i386/Packages  404  Not Found [IP: 91.189.91.38 80]

W: Failed to fetch http://us.archive.ubuntu.com/ubuntu/dists/precise-backports/multiverse/binary-i386/Packages  404  Not Found [IP: 91.189.91.38 80]

W: Failed to fetch http://security.ubuntu.com/ubuntu/dists/precise-security/main/source/Sources  404  Not Found [IP: 185.125.190.39 80]

W: Failed to fetch http://security.ubuntu.com/ubuntu/dists/precise-security/restricted/source/Sources  404  Not Found [IP: 185.125.190.39 80]

W: Failed to fetch http://security.ubuntu.com/ubuntu/dists/precise-security/universe/source/Sources  404  Not Found [IP: 185.125.190.39 80]

W: Failed to fetch http://security.ubuntu.com/ubuntu/dists/precise-security/multiverse/source/Sources  404  Not Found [IP: 185.125.190.39 80]

W: Failed to fetch http://security.ubuntu.com/ubuntu/dists/precise-security/main/binary-amd64/Packages  404  Not Found [IP: 185.125.190.39 80]

W: Failed to fetch http://security.ubuntu.com/ubuntu/dists/precise-security/restricted/binary-amd64/Packages  404  Not Found [IP: 185.125.190.39 80]

W: Failed to fetch http://security.ubuntu.com/ubuntu/dists/precise-security/universe/binary-amd64/Packages  404  Not Found [IP: 185.125.190.39 80]

W: Failed to fetch http://security.ubuntu.com/ubuntu/dists/precise-security/multiverse/binary-amd64/Packages  404  Not Found [IP: 185.125.190.39 80]

W: Failed to fetch http://security.ubuntu.com/ubuntu/dists/precise-security/main/binary-i386/Packages  404  Not Found [IP: 185.125.190.39 80]

W: Failed to fetch http://security.ubuntu.com/ubuntu/dists/precise-security/restricted/binary-i386/Packages  404  Not Found [IP: 185.125.190.39 80]

W: Failed to fetch http://security.ubuntu.com/ubuntu/dists/precise-security/universe/binary-i386/Packages  404  Not Found [IP: 185.125.190.39 80]

W: Failed to fetch http://security.ubuntu.com/ubuntu/dists/precise-security/multiverse/binary-i386/Packages  404  Not Found [IP: 185.125.190.39 80]

E: Some index files failed to download. They have been ignored, or old ones used instead.
sed: cannot rename /etc/hosts: Device or resource busy
sed: cannot rename /etc/hosts: Device or resource busy
$ jdk_switcher use openjdk7
Switching to OpenJDK7 (java-1.7.0-openjdk-amd64), JAVA_HOME will be set to /usr/lib/jvm/java-7-openjdk-amd64
$ cd failed/openmicroscopy/bioformats
travis_fold:start:apt[0K[33;1mInstalling APT Packages (BETA)[0m
$ export DEBIAN_FRONTEND=noninteractive
travis_time:start:074f1cf0[0K$ sudo -E apt-get -yq update &>> ~/apt-get-update.log

travis_time:end:074f1cf0:start=1657321571419102455,finish=1657321574485948343,duration=3066845888[0Ktravis_time:start:055407d0[0K$ sudo -E apt-get -yq --no-install-suggests --no-install-recommends --force-yes install git
Reading package lists...
Building dependency tree...
Reading state information...
git is already the newest version.
0 upgraded, 0 newly installed, 0 to remove and 0 not upgraded.

travis_time:end:055407d0:start=1657321574495122778,finish=1657321574634127825,duration=139005047[0Ktravis_fold:end:apt[0K
[33;1mSetting environment variables from .travis.yml[0m
$ export BUILD=maven

travis_fold:start:cache.1[0KSetting up build cache
$ export CASHER_DIR=$HOME/.casher
travis_time:start:28191edf[0K
travis_time:end:28191edf:start=1657321575613709476,finish=1657321575623154410,duration=9444934[0Ktravis_time:start:02f8524c[0K/home/travis/.casher/bin/casher:213:in `cache_archive_name': undefined method `[]' for nil:NilClass (NoMethodError)
	from /home/travis/.casher/bin/casher:65:in `block in fetch'
	from /home/travis/.casher/bin/casher:64:in `each'
	from /home/travis/.casher/bin/casher:64:in `fetch'
	from /home/travis/.casher/bin/casher:53:in `block in run'
	from /home/travis/.rvm/rubies/ruby-1.9.3-p551/lib/ruby/1.9.1/timeout.rb:69:in `timeout'
	from /home/travis/.casher/bin/casher:53:in `run'
	from /home/travis/.casher/bin/casher:263:in `<main>'
[32;1mattempting to download cache archive[0m

travis_time:end:02f8524c:start=1657321575633247566,finish=1657321576416446548,duration=783198982[0Ktravis_time:start:30b71978[0K
travis_time:end:30b71978:start=1657321576427267710,finish=1657321576435913625,duration=8645915[0Ktravis_time:start:155aa84c[0K[32;1madding /home/travis/.m2 to cache[0m

travis_time:end:155aa84c:start=1657321576445847912,finish=1657321577246566797,duration=800718885[0Ktravis_fold:end:cache.1[0K$ java -Xmx32m -version
java version "1.7.0_75"
OpenJDK Runtime Environment (IcedTea 2.5.4) (7u75-2.5.4-1~precise1)
OpenJDK 64-Bit Server VM (build 24.75-b04, mixed mode)
$ javac -J-Xmx32m -version
javac 1.7.0_75
travis_fold:start:before_install[0Ktravis_time:start:0eb371bf[0K$ if [[ $BUILD == 'ant' ]]; then pip install --user flake8 Sphinx; fi

travis_time:end:0eb371bf:start=1657321577536065352,finish=1657321577544405260,duration=8339908[0Ktravis_fold:end:before_install[0Ktravis_fold:start:install[0Ktravis_time:start:076ea75c[0K$ mvn -o install -Dhttps.protocols=TLSv1.2 -Dhttps.protocols=TLSv1.2 -Dhttps.protocols=TLSv1.2 -DskipTests=true -Dmaven.javadoc.skip=true -B -V
Apache Maven 3.2.5 (12a6b3acb947671f09b81f49094c53f426d8cea1; 2014-12-14T17:29:23+00:00)
Maven home: /usr/local/maven
Java version: 1.7.0_75, vendor: Oracle Corporation
Java home: /usr/lib/jvm/java-7-openjdk-amd64/jre
Default locale: en_US, platform encoding: UTF-8
OS name: "linux", version: "4.15.0-109-generic", arch: "amd64", family: "unix"
[INFO] Scanning for projects...
[INFO] ------------------------------------------------------------------------
[INFO] Reactor Build Order:
[INFO] 
[INFO] Bio-Formats projects
[INFO] JAI Image I/O Tools
[INFO] libjpeg-turbo Java bindings
[INFO] Bio-Formats API
[INFO] BSD Bio-Formats readers and writers
[INFO] Bio-Formats library
[INFO] Bio-Formats code generator
[INFO] Bio-Formats Plugins for ImageJ
[INFO] Bio-Formats command line tools
[INFO] bioformats_package bundle
[INFO] LOCI Tools bundle
[INFO] Bio-Formats testing framework
[INFO] Bio-Formats Sphinx documentation
[INFO]                                                                         
[INFO] ------------------------------------------------------------------------
[INFO] Building Bio-Formats projects 5.6.0-SNAPSHOT
[INFO] ------------------------------------------------------------------------
[INFO] 
[INFO] --- buildnumber-maven-plugin:1.2:create (default) @ pom-bio-formats ---
[INFO] Checking for local modifications: skipped.
[INFO] maven is executed in offline mode, Updating project files from SCM: skipped.
[INFO] Executing: /bin/sh -c cd /home/travis/build/failed/openmicroscopy/bioformats && git rev-parse --verify HEAD
[INFO] Working directory: /home/travis/build/failed/openmicroscopy/bioformats
[INFO] Storing buildNumber: 09b93831c003553490c99087ee101fd08fd7440f at timestamp: 1657321584716
[INFO] Executing: /bin/sh -c cd /home/travis/build/failed/openmicroscopy/bioformats && git rev-parse --verify HEAD
[INFO] Working directory: /home/travis/build/failed/openmicroscopy/bioformats
[INFO] Storing buildScmBranch: UNKNOWN
[INFO] 
[INFO] >>> maven-source-plugin:2.2.1:jar (default) > generate-sources @ pom-bio-formats >>>
[INFO] 
[INFO] --- buildnumber-maven-plugin:1.2:create (default) @ pom-bio-formats ---
[INFO] 
[INFO] <<< maven-source-plugin:2.2.1:jar (default) < generate-sources @ pom-bio-formats <<<
[INFO] 
[INFO] --- maven-source-plugin:2.2.1:jar (default) @ pom-bio-formats ---
[INFO] 
[INFO] --- maven-install-plugin:2.5.1:install (default-install) @ pom-bio-formats ---
[INFO] Installing /home/travis/build/failed/openmicroscopy/bioformats/pom.xml to /home/travis/.m2/repository/ome/pom-bio-formats/5.6.0-SNAPSHOT/pom-bio-formats-5.6.0-SNAPSHOT.pom
[INFO]                                                                         
[INFO] ------------------------------------------------------------------------
[INFO] Building JAI Image I/O Tools 5.6.0-SNAPSHOT
[INFO] ------------------------------------------------------------------------
[INFO] 
[INFO] --- buildnumber-maven-plugin:1.2:create (default) @ jai_imageio ---
[INFO] 
[INFO] --- maven-resources-plugin:2.6:resources (default-resources) @ jai_imageio ---
[INFO] Using 'UTF-8' encoding to copy filtered resources.
[INFO] Copying 14 resources
[INFO] skip non existing resourceDirectory /home/travis/build/failed/openmicroscopy/bioformats/components/forks/jai/lib
[INFO] Copying 0 resource
[INFO] Copying 0 resource
[INFO] 
[INFO] --- maven-compiler-plugin:3.1:compile (default-compile) @ jai_imageio ---
[INFO] Nothing to compile - all classes are up to date
[INFO] 
[INFO] --- maven-resources-plugin:2.6:testResources (default-testResources) @ jai_imageio ---
[INFO] Using 'UTF-8' encoding to copy filtered resources.
[INFO] skip non existing resourceDirectory /home/travis/build/failed/openmicroscopy/bioformats/components/forks/jai/test
[INFO] 
[INFO] --- maven-compiler-plugin:3.1:testCompile (default-testCompile) @ jai_imageio ---
[INFO] No sources to compile
[INFO] 
[INFO] --- maven-surefire-plugin:2.16:test (default-test) @ jai_imageio ---
[INFO] Tests are skipped.
[INFO] 
[INFO] --- maven-jar-plugin:2.4:jar (default-jar) @ jai_imageio ---
[INFO] 
[INFO] >>> maven-source-plugin:2.2.1:jar (default) > generate-sources @ jai_imageio >>>
[INFO] 
[INFO] --- buildnumber-maven-plugin:1.2:create (default) @ jai_imageio ---
[INFO] 
[INFO] <<< maven-source-plugin:2.2.1:jar (default) < generate-sources @ jai_imageio <<<
[INFO] 
[INFO] --- maven-source-plugin:2.2.1:jar (default) @ jai_imageio ---
[INFO] Building jar: /home/travis/build/failed/openmicroscopy/bioformats/components/forks/jai/target/jai_imageio-5.6.0-SNAPSHOT-sources.jar
[INFO] 
[INFO] --- maven-jar-plugin:2.4:test-jar (default) @ jai_imageio ---
[INFO] Skipping packaging of the test-jar
[INFO] 
[INFO] --- maven-install-plugin:2.5.1:install (default-install) @ jai_imageio ---
[INFO] Installing /home/travis/build/failed/openmicroscopy/bioformats/components/forks/jai/target/jai_imageio-5.6.0-SNAPSHOT.jar to /home/travis/.m2/repository/ome/jai_imageio/5.6.0-SNAPSHOT/jai_imageio-5.6.0-SNAPSHOT.jar
[INFO] Installing /home/travis/build/failed/openmicroscopy/bioformats/components/forks/jai/pom.xml to /home/travis/.m2/repository/ome/jai_imageio/5.6.0-SNAPSHOT/jai_imageio-5.6.0-SNAPSHOT.pom
[INFO] Installing /home/travis/build/failed/openmicroscopy/bioformats/components/forks/jai/target/jai_imageio-5.6.0-SNAPSHOT-sources.jar to /home/travis/.m2/repository/ome/jai_imageio/5.6.0-SNAPSHOT/jai_imageio-5.6.0-SNAPSHOT-sources.jar
[INFO]                                                                         
[INFO] ------------------------------------------------------------------------
[INFO] Building libjpeg-turbo Java bindings 5.6.0-SNAPSHOT
[INFO] ------------------------------------------------------------------------
[INFO] 
[INFO] --- buildnumber-maven-plugin:1.2:create (default) @ turbojpeg ---
[INFO] 
[INFO] --- maven-resources-plugin:2.6:resources (default-resources) @ turbojpeg ---
[INFO] Using 'UTF-8' encoding to copy filtered resources.
[INFO] Copying 0 resource
[INFO] Copying 7 resources to META-INF/lib
[INFO] Copying 0 resource
[INFO] Copying 0 resource
[INFO] 
[INFO] --- maven-compiler-plugin:3.1:compile (default-compile) @ turbojpeg ---
[INFO] Nothing to compile - all classes are up to date
[INFO] 
[INFO] --- maven-resources-plugin:2.6:testResources (default-testResources) @ turbojpeg ---
[INFO] Using 'UTF-8' encoding to copy filtered resources.
[INFO] skip non existing resourceDirectory /home/travis/build/failed/openmicroscopy/bioformats/components/forks/turbojpeg/test
[INFO] 
[INFO] --- maven-compiler-plugin:3.1:testCompile (default-testCompile) @ turbojpeg ---
[INFO] No sources to compile
[INFO] 
[INFO] --- maven-surefire-plugin:2.16:test (default-test) @ turbojpeg ---
[INFO] Tests are skipped.
[INFO] 
[INFO] --- maven-jar-plugin:2.4:jar (default-jar) @ turbojpeg ---
[INFO] 
[INFO] >>> maven-source-plugin:2.2.1:jar (default) > generate-sources @ turbojpeg >>>
[INFO] 
[INFO] --- buildnumber-maven-plugin:1.2:create (default) @ turbojpeg ---
[INFO] 
[INFO] <<< maven-source-plugin:2.2.1:jar (default) < generate-sources @ turbojpeg <<<
[INFO] 
[INFO] --- maven-source-plugin:2.2.1:jar (default) @ turbojpeg ---
[INFO] Building jar: /home/travis/build/failed/openmicroscopy/bioformats/components/forks/turbojpeg/target/turbojpeg-5.6.0-SNAPSHOT-sources.jar
[INFO] 
[INFO] --- maven-jar-plugin:2.4:test-jar (default) @ turbojpeg ---
[INFO] Skipping packaging of the test-jar
[INFO] 
[INFO] --- maven-install-plugin:2.5.1:install (default-install) @ turbojpeg ---
[INFO] Installing /home/travis/build/failed/openmicroscopy/bioformats/components/forks/turbojpeg/target/turbojpeg-5.6.0-SNAPSHOT.jar to /home/travis/.m2/repository/ome/turbojpeg/5.6.0-SNAPSHOT/turbojpeg-5.6.0-SNAPSHOT.jar
[INFO] Installing /home/travis/build/failed/openmicroscopy/bioformats/components/forks/turbojpeg/pom.xml to /home/travis/.m2/repository/ome/turbojpeg/5.6.0-SNAPSHOT/turbojpeg-5.6.0-SNAPSHOT.pom
[INFO] Installing /home/travis/build/failed/openmicroscopy/bioformats/components/forks/turbojpeg/target/turbojpeg-5.6.0-SNAPSHOT-sources.jar to /home/travis/.m2/repository/ome/turbojpeg/5.6.0-SNAPSHOT/turbojpeg-5.6.0-SNAPSHOT-sources.jar
[INFO]                                                                         
[INFO] ------------------------------------------------------------------------
[INFO] Building Bio-Formats API 5.6.0-SNAPSHOT
[INFO] ------------------------------------------------------------------------
[INFO] 
[INFO] --- buildnumber-maven-plugin:1.2:create (default) @ formats-api ---
[INFO] 
[INFO] --- maven-resources-plugin:2.6:resources (default-resources) @ formats-api ---
[INFO] Using 'UTF-8' encoding to copy filtered resources.
[INFO] Copying 2 resources
[INFO] Copying 0 resource
[INFO] Copying 0 resource
[INFO] 
[INFO] --- maven-compiler-plugin:3.1:compile (default-compile) @ formats-api ---
[INFO] Nothing to compile - all classes are up to date
[INFO] 
[INFO] --- maven-resources-plugin:2.6:testResources (default-testResources) @ formats-api ---
[INFO] Using 'UTF-8' encoding to copy filtered resources.
[INFO] Copying 2 resources
[INFO] 
[INFO] --- maven-compiler-plugin:3.1:testCompile (default-testCompile) @ formats-api ---
[INFO] Nothing to compile - all classes are up to date
[INFO] 
[INFO] --- maven-surefire-plugin:2.16:test (default-test) @ formats-api ---
[INFO] Tests are skipped.
[INFO] 
[INFO] --- maven-jar-plugin:2.4:jar (default-jar) @ formats-api ---
[INFO] 
[INFO] >>> maven-source-plugin:2.2.1:jar (default) > generate-sources @ formats-api >>>
[INFO] 
[INFO] --- buildnumber-maven-plugin:1.2:create (default) @ formats-api ---
[INFO] 
[INFO] <<< maven-source-plugin:2.2.1:jar (default) < generate-sources @ formats-api <<<
[INFO] 
[INFO] --- maven-source-plugin:2.2.1:jar (default) @ formats-api ---
[INFO] Building jar: /home/travis/build/failed/openmicroscopy/bioformats/components/formats-api/target/formats-api-5.6.0-SNAPSHOT-sources.jar
[INFO] 
[INFO] --- maven-jar-plugin:2.4:test-jar (default) @ formats-api ---
[INFO] 
[INFO] --- maven-install-plugin:2.5.1:install (default-install) @ formats-api ---
[INFO] Installing /home/travis/build/failed/openmicroscopy/bioformats/components/formats-api/target/formats-api-5.6.0-SNAPSHOT.jar to /home/travis/.m2/repository/ome/formats-api/5.6.0-SNAPSHOT/formats-api-5.6.0-SNAPSHOT.jar
[INFO] Installing /home/travis/build/failed/openmicroscopy/bioformats/components/formats-api/pom.xml to /home/travis/.m2/repository/ome/formats-api/5.6.0-SNAPSHOT/formats-api-5.6.0-SNAPSHOT.pom
[INFO] Installing /home/travis/build/failed/openmicroscopy/bioformats/components/formats-api/target/formats-api-5.6.0-SNAPSHOT-sources.jar to /home/travis/.m2/repository/ome/formats-api/5.6.0-SNAPSHOT/formats-api-5.6.0-SNAPSHOT-sources.jar
[INFO] Installing /home/travis/build/failed/openmicroscopy/bioformats/components/formats-api/target/formats-api-5.6.0-SNAPSHOT-tests.jar to /home/travis/.m2/repository/ome/formats-api/5.6.0-SNAPSHOT/formats-api-5.6.0-SNAPSHOT-tests.jar
[INFO]                                                                         
[INFO] ------------------------------------------------------------------------
[INFO] Building BSD Bio-Formats readers and writers 5.6.0-SNAPSHOT
[INFO] ------------------------------------------------------------------------
[INFO] 
[INFO] --- buildnumber-maven-plugin:1.2:create (default) @ formats-bsd ---
[INFO] 
[INFO] --- maven-resources-plugin:2.6:resources (default-resources) @ formats-bsd ---
[INFO] Using 'UTF-8' encoding to copy filtered resources.
[INFO] Copying 0 resource
[INFO] Copying 0 resource
[INFO] 
[INFO] --- maven-compiler-plugin:3.1:compile (default-compile) @ formats-bsd ---
[INFO] Nothing to compile - all classes are up to date
[INFO] 
[INFO] --- maven-resources-plugin:2.6:testResources (default-testResources) @ formats-bsd ---
[INFO] Using 'UTF-8' encoding to copy filtered resources.
[INFO] Copying 11 resources
[INFO] 
[INFO] --- maven-compiler-plugin:3.1:testCompile (default-testCompile) @ formats-bsd ---
[INFO] Nothing to compile - all classes are up to date
[INFO] 
[INFO] --- maven-surefire-plugin:2.16:test (default-test) @ formats-bsd ---
[INFO] Tests are skipped.
[INFO] 
[INFO] --- maven-jar-plugin:2.4:jar (default-jar) @ formats-bsd ---
[INFO] 
[INFO] >>> maven-source-plugin:2.2.1:jar (default) > generate-sources @ formats-bsd >>>
[INFO] 
[INFO] --- buildnumber-maven-plugin:1.2:create (default) @ formats-bsd ---
[INFO] 
[INFO] <<< maven-source-plugin:2.2.1:jar (default) < generate-sources @ formats-bsd <<<
[INFO] 
[INFO] --- maven-source-plugin:2.2.1:jar (default) @ formats-bsd ---
[INFO] Building jar: /home/travis/build/failed/openmicroscopy/bioformats/components/formats-bsd/target/formats-bsd-5.6.0-SNAPSHOT-sources.jar
[INFO] 
[INFO] --- maven-jar-plugin:2.4:test-jar (default) @ formats-bsd ---
[INFO] 
[INFO] --- maven-install-plugin:2.5.1:install (default-install) @ formats-bsd ---
[INFO] Installing /home/travis/build/failed/openmicroscopy/bioformats/components/formats-bsd/target/formats-bsd-5.6.0-SNAPSHOT.jar to /home/travis/.m2/repository/ome/formats-bsd/5.6.0-SNAPSHOT/formats-bsd-5.6.0-SNAPSHOT.jar
[INFO] Installing /home/travis/build/failed/openmicroscopy/bioformats/components/formats-bsd/pom.xml to /home/travis/.m2/repository/ome/formats-bsd/5.6.0-SNAPSHOT/formats-bsd-5.6.0-SNAPSHOT.pom
[INFO] Installing /home/travis/build/failed/openmicroscopy/bioformats/components/formats-bsd/target/formats-bsd-5.6.0-SNAPSHOT-sources.jar to /home/travis/.m2/repository/ome/formats-bsd/5.6.0-SNAPSHOT/formats-bsd-5.6.0-SNAPSHOT-sources.jar
[INFO] Installing /home/travis/build/failed/openmicroscopy/bioformats/components/formats-bsd/target/formats-bsd-5.6.0-SNAPSHOT-tests.jar to /home/travis/.m2/repository/ome/formats-bsd/5.6.0-SNAPSHOT/formats-bsd-5.6.0-SNAPSHOT-tests.jar
[INFO]                                                                         
[INFO] ------------------------------------------------------------------------
[INFO] Building Bio-Formats library 5.6.0-SNAPSHOT
[INFO] ------------------------------------------------------------------------
[INFO] 
[INFO] --- buildnumber-maven-plugin:1.2:create (default) @ formats-gpl ---
[INFO] 
[INFO] --- maven-resources-plugin:2.6:resources (default-resources) @ formats-gpl ---
[INFO] Using 'UTF-8' encoding to copy filtered resources.
[INFO] Copying 3 resources
[INFO] skip non existing resourceDirectory /home/travis/build/failed/openmicroscopy/bioformats/components/formats-gpl/lib
[INFO] Copying 1 resource
[INFO] Copying 1 resource
[INFO] 
[INFO] --- maven-compiler-plugin:3.1:compile (default-compile) @ formats-gpl ---
[INFO] Nothing to compile - all classes are up to date
[INFO] 
[INFO] --- maven-resources-plugin:2.6:testResources (default-testResources) @ formats-gpl ---
[INFO] Using 'UTF-8' encoding to copy filtered resources.
[INFO] Copying 26 resources
[INFO] 
[INFO] --- maven-compiler-plugin:3.1:testCompile (default-testCompile) @ formats-gpl ---
[INFO] Nothing to compile - all classes are up to date
[INFO] 
[INFO] --- maven-surefire-plugin:2.16:test (default-test) @ formats-gpl ---
[INFO] Tests are skipped.
[INFO] 
[INFO] --- maven-surefire-plugin:2.16:test (missing-mdb-test) @ formats-gpl ---
[INFO] Tests are skipped.
[INFO] 
[INFO] --- maven-surefire-plugin:2.16:test (missing-poi-test) @ formats-gpl ---
[INFO] Tests are skipped.
[INFO] 
[INFO] --- maven-surefire-plugin:2.16:test (missing-netcdf-test) @ formats-gpl ---
[INFO] Tests are skipped.
[INFO] 
[INFO] --- maven-jar-plugin:2.4:jar (default-jar) @ formats-gpl ---
[INFO] 
[INFO] >>> maven-source-plugin:2.2.1:jar (default) > generate-sources @ formats-gpl >>>
[INFO] 
[INFO] --- buildnumber-maven-plugin:1.2:create (default) @ formats-gpl ---
[INFO] 
[INFO] <<< maven-source-plugin:2.2.1:jar (default) < generate-sources @ formats-gpl <<<
[INFO] 
[INFO] --- maven-source-plugin:2.2.1:jar (default) @ formats-gpl ---
[INFO] 
[INFO] --- maven-jar-plugin:2.4:test-jar (default) @ formats-gpl ---
[INFO] 
[INFO] --- maven-install-plugin:2.5.1:install (default-install) @ formats-gpl ---
[INFO] Installing /home/travis/build/failed/openmicroscopy/bioformats/components/formats-gpl/target/formats-gpl-5.6.0-SNAPSHOT.jar to /home/travis/.m2/repository/ome/formats-gpl/5.6.0-SNAPSHOT/formats-gpl-5.6.0-SNAPSHOT.jar
[INFO] Installing /home/travis/build/failed/openmicroscopy/bioformats/components/formats-gpl/pom.xml to /home/travis/.m2/repository/ome/formats-gpl/5.6.0-SNAPSHOT/formats-gpl-5.6.0-SNAPSHOT.pom
[INFO] Installing /home/travis/build/failed/openmicroscopy/bioformats/components/formats-gpl/target/formats-gpl-5.6.0-SNAPSHOT-sources.jar to /home/travis/.m2/repository/ome/formats-gpl/5.6.0-SNAPSHOT/formats-gpl-5.6.0-SNAPSHOT-sources.jar
[INFO] Installing /home/travis/build/failed/openmicroscopy/bioformats/components/formats-gpl/target/formats-gpl-5.6.0-SNAPSHOT-tests.jar to /home/travis/.m2/repository/ome/formats-gpl/5.6.0-SNAPSHOT/formats-gpl-5.6.0-SNAPSHOT-tests.jar
[INFO]                                                                         
[INFO] ------------------------------------------------------------------------
[INFO] Building Bio-Formats code generator 5.6.0-SNAPSHOT
[INFO] ------------------------------------------------------------------------
[INFO] 
[INFO] --- buildnumber-maven-plugin:1.2:create (default) @ bf-autogen ---
[INFO] 
[INFO] --- maven-resources-plugin:2.6:resources (default-resources) @ bf-autogen ---
[INFO] Using 'UTF-8' encoding to copy filtered resources.
[INFO] Copying 11 resources
[INFO] skip non existing resourceDirectory /home/travis/build/failed/openmicroscopy/bioformats/components/autogen/lib
[INFO] Copying 0 resource
[INFO] Copying 0 resource
[INFO] 
[INFO] --- maven-compiler-plugin:3.1:compile (default-compile) @ bf-autogen ---
[INFO] Nothing to compile - all classes are up to date
[INFO] 
[INFO] --- maven-resources-plugin:2.6:testResources (default-testResources) @ bf-autogen ---
[INFO] Using 'UTF-8' encoding to copy filtered resources.
[INFO] skip non existing resourceDirectory /home/travis/build/failed/openmicroscopy/bioformats/components/autogen/test
[INFO] 
[INFO] --- maven-compiler-plugin:3.1:testCompile (default-testCompile) @ bf-autogen ---
[INFO] No sources to compile
[INFO] 
[INFO] --- maven-surefire-plugin:2.16:test (default-test) @ bf-autogen ---
[INFO] Tests are skipped.
[INFO] 
[INFO] --- maven-jar-plugin:2.4:jar (default-jar) @ bf-autogen ---
[INFO] 
[INFO] >>> maven-source-plugin:2.2.1:jar (default) > generate-sources @ bf-autogen >>>
[INFO] 
[INFO] --- buildnumber-maven-plugin:1.2:create (default) @ bf-autogen ---
[INFO] 
[INFO] <<< maven-source-plugin:2.2.1:jar (default) < generate-sources @ bf-autogen <<<
[INFO] 
[INFO] --- maven-source-plugin:2.2.1:jar (default) @ bf-autogen ---
[INFO] Building jar: /home/travis/build/failed/openmicroscopy/bioformats/components/autogen/target/bf-autogen-5.6.0-SNAPSHOT-sources.jar
[INFO] 
[INFO] --- maven-jar-plugin:2.4:test-jar (default) @ bf-autogen ---
[INFO] Skipping packaging of the test-jar
[INFO] 
[INFO] --- maven-install-plugin:2.5.1:install (default-install) @ bf-autogen ---
[INFO] Installing /home/travis/build/failed/openmicroscopy/bioformats/components/autogen/target/bf-autogen-5.6.0-SNAPSHOT.jar to /home/travis/.m2/repository/ome/bf-autogen/5.6.0-SNAPSHOT/bf-autogen-5.6.0-SNAPSHOT.jar
[INFO] Installing /home/travis/build/failed/openmicroscopy/bioformats/components/autogen/pom.xml to /home/travis/.m2/repository/ome/bf-autogen/5.6.0-SNAPSHOT/bf-autogen-5.6.0-SNAPSHOT.pom
[INFO] Installing /home/travis/build/failed/openmicroscopy/bioformats/components/autogen/target/bf-autogen-5.6.0-SNAPSHOT-sources.jar to /home/travis/.m2/repository/ome/bf-autogen/5.6.0-SNAPSHOT/bf-autogen-5.6.0-SNAPSHOT-sources.jar
[INFO]                                                                         
[INFO] ------------------------------------------------------------------------
[INFO] Building Bio-Formats Plugins for ImageJ 5.6.0-SNAPSHOT
[INFO] ------------------------------------------------------------------------
[INFO] 
[INFO] --- buildnumber-maven-plugin:1.2:create (default) @ bio-formats_plugins ---
[INFO] 
[INFO] --- maven-resources-plugin:2.6:resources (default-resources) @ bio-formats_plugins ---
[INFO] Using 'UTF-8' encoding to copy filtered resources.
[INFO] Copying 3 resources
[INFO] skip non existing resourceDirectory /home/travis/build/failed/openmicroscopy/bioformats/components/bio-formats-plugins/lib
[INFO] Copying 0 resource
[INFO] Copying 0 resource
[INFO] 
[INFO] --- maven-compiler-plugin:3.1:compile (default-compile) @ bio-formats_plugins ---
[INFO] Nothing to compile - all classes are up to date
[INFO] 
[INFO] --- maven-resources-plugin:2.6:testResources (default-testResources) @ bio-formats_plugins ---
[INFO] Using 'UTF-8' encoding to copy filtered resources.
[INFO] Copying 1 resource
[INFO] 
[INFO] --- maven-compiler-plugin:3.1:testCompile (default-testCompile) @ bio-formats_plugins ---
[INFO] Nothing to compile - all classes are up to date
[INFO] 
[INFO] --- maven-surefire-plugin:2.16:test (default-test) @ bio-formats_plugins ---
[INFO] Tests are skipped.
[INFO] 
[INFO] --- maven-jar-plugin:2.4:jar (default-jar) @ bio-formats_plugins ---
[INFO] 
[INFO] >>> maven-source-plugin:2.2.1:jar (default) > generate-sources @ bio-formats_plugins >>>
[INFO] 
[INFO] --- buildnumber-maven-plugin:1.2:create (default) @ bio-formats_plugins ---
[INFO] 
[INFO] <<< maven-source-plugin:2.2.1:jar (default) < generate-sources @ bio-formats_plugins <<<
[INFO] 
[INFO] --- maven-source-plugin:2.2.1:jar (default) @ bio-formats_plugins ---
[INFO] Building jar: /home/travis/build/failed/openmicroscopy/bioformats/components/bio-formats-plugins/target/bio-formats_plugins-5.6.0-SNAPSHOT-sources.jar
[INFO] 
[INFO] --- maven-jar-plugin:2.4:test-jar (default) @ bio-formats_plugins ---
[INFO] 
[INFO] --- maven-install-plugin:2.5.1:install (default-install) @ bio-formats_plugins ---
[INFO] Installing /home/travis/build/failed/openmicroscopy/bioformats/components/bio-formats-plugins/target/bio-formats_plugins-5.6.0-SNAPSHOT.jar to /home/travis/.m2/repository/ome/bio-formats_plugins/5.6.0-SNAPSHOT/bio-formats_plugins-5.6.0-SNAPSHOT.jar
[INFO] Installing /home/travis/build/failed/openmicroscopy/bioformats/components/bio-formats-plugins/pom.xml to /home/travis/.m2/repository/ome/bio-formats_plugins/5.6.0-SNAPSHOT/bio-formats_plugins-5.6.0-SNAPSHOT.pom
[INFO] Installing /home/travis/build/failed/openmicroscopy/bioformats/components/bio-formats-plugins/target/bio-formats_plugins-5.6.0-SNAPSHOT-sources.jar to /home/travis/.m2/repository/ome/bio-formats_plugins/5.6.0-SNAPSHOT/bio-formats_plugins-5.6.0-SNAPSHOT-sources.jar
[INFO] Installing /home/travis/build/failed/openmicroscopy/bioformats/components/bio-formats-plugins/target/bio-formats_plugins-5.6.0-SNAPSHOT-tests.jar to /home/travis/.m2/repository/ome/bio-formats_plugins/5.6.0-SNAPSHOT/bio-formats_plugins-5.6.0-SNAPSHOT-tests.jar
[INFO]                                                                         
[INFO] ------------------------------------------------------------------------
[INFO] Building Bio-Formats command line tools 5.6.0-SNAPSHOT
[INFO] ------------------------------------------------------------------------
[INFO] 
[INFO] --- buildnumber-maven-plugin:1.2:create (default) @ bio-formats-tools ---
[INFO] 
[INFO] --- maven-resources-plugin:2.6:resources (default-resources) @ bio-formats-tools ---
[INFO] Using 'UTF-8' encoding to copy filtered resources.
[INFO] Copying 0 resource
[INFO] skip non existing resourceDirectory /home/travis/build/failed/openmicroscopy/bioformats/components/bio-formats-tools/lib
[INFO] Copying 0 resource
[INFO] Copying 0 resource
[INFO] 
[INFO] --- maven-compiler-plugin:3.1:compile (default-compile) @ bio-formats-tools ---
[INFO] Nothing to compile - all classes are up to date
[INFO] 
[INFO] --- maven-resources-plugin:2.6:testResources (default-testResources) @ bio-formats-tools ---
[INFO] Using 'UTF-8' encoding to copy filtered resources.
[INFO] Copying 1 resource
[INFO] 
[INFO] --- maven-compiler-plugin:3.1:testCompile (default-testCompile) @ bio-formats-tools ---
[INFO] Nothing to compile - all classes are up to date
[INFO] 
[INFO] --- maven-surefire-plugin:2.16:test (default-test) @ bio-formats-tools ---
[INFO] Tests are skipped.
[INFO] 
[INFO] --- maven-jar-plugin:2.4:jar (default-jar) @ bio-formats-tools ---
[INFO] 
[INFO] >>> maven-source-plugin:2.2.1:jar (default) > generate-sources @ bio-formats-tools >>>
[INFO] 
[INFO] --- buildnumber-maven-plugin:1.2:create (default) @ bio-formats-tools ---
[INFO] 
[INFO] <<< maven-source-plugin:2.2.1:jar (default) < generate-sources @ bio-formats-tools <<<
[INFO] 
[INFO] --- maven-source-plugin:2.2.1:jar (default) @ bio-formats-tools ---
[INFO] Building jar: /home/travis/build/failed/openmicroscopy/bioformats/components/bio-formats-tools/target/bio-formats-tools-5.6.0-SNAPSHOT-sources.jar
[INFO] 
[INFO] --- maven-jar-plugin:2.4:test-jar (default) @ bio-formats-tools ---
[INFO] 
[INFO] --- maven-install-plugin:2.5.1:install (default-install) @ bio-formats-tools ---
[INFO] Installing /home/travis/build/failed/openmicroscopy/bioformats/components/bio-formats-tools/target/bio-formats-tools-5.6.0-SNAPSHOT.jar to /home/travis/.m2/repository/ome/bio-formats-tools/5.6.0-SNAPSHOT/bio-formats-tools-5.6.0-SNAPSHOT.jar
[INFO] Installing /home/travis/build/failed/openmicroscopy/bioformats/components/bio-formats-tools/pom.xml to /home/travis/.m2/repository/ome/bio-formats-tools/5.6.0-SNAPSHOT/bio-formats-tools-5.6.0-SNAPSHOT.pom
[INFO] Installing /home/travis/build/failed/openmicroscopy/bioformats/components/bio-formats-tools/target/bio-formats-tools-5.6.0-SNAPSHOT-sources.jar to /home/travis/.m2/repository/ome/bio-formats-tools/5.6.0-SNAPSHOT/bio-formats-tools-5.6.0-SNAPSHOT-sources.jar
[INFO] Installing /home/travis/build/failed/openmicroscopy/bioformats/components/bio-formats-tools/target/bio-formats-tools-5.6.0-SNAPSHOT-tests.jar to /home/travis/.m2/repository/ome/bio-formats-tools/5.6.0-SNAPSHOT/bio-formats-tools-5.6.0-SNAPSHOT-tests.jar
[INFO]                                                                         
[INFO] ------------------------------------------------------------------------
[INFO] Building bioformats_package bundle 5.6.0-SNAPSHOT
[INFO] ------------------------------------------------------------------------
[INFO] 
[INFO] --- buildnumber-maven-plugin:1.2:create (default) @ bioformats_package ---
[INFO] 
[INFO] >>> maven-source-plugin:2.2.1:jar (default) > generate-sources @ bioformats_package >>>
[INFO] 
[INFO] --- buildnumber-maven-plugin:1.2:create (default) @ bioformats_package ---
[INFO] 
[INFO] <<< maven-source-plugin:2.2.1:jar (default) < generate-sources @ bioformats_package <<<
[INFO] 
[INFO] --- maven-source-plugin:2.2.1:jar (default) @ bioformats_package ---
[INFO] 
[INFO] --- maven-assembly-plugin:2.4:single (make-assembly) @ bioformats_package ---
[INFO] Reading assembly descriptor: assembly.xml
[WARNING] The following patterns were never triggered in this artifact exclusion filter:
o  'gov.nih.imagej:imagej'
o  'net.imagej:ij'
o  'org.springframework:spring*'
o  'aopalliance:aopalliance'
o  'org.aspectj:aspectj*'
o  'org.slf4j:slf4j-log4j12'
o  'log4j:log4j'
o  'org.testng:testng'
o  'com.beust:jcommander'
o  'org.yaml:snakeyaml'
o  'org.beanshell:bsh'
o  'edu.princeton.cup:java-cup'
o  'org.apache.bcel:bcel'
o  'commons-codec:commons-codec'
o  'regexp:regexp'
o  'org.apache.ant:ant-trax'
o  'edu.ucar:udunits'
o  'javax.servlet:servlet-api'

[INFO] Building jar: /home/travis/build/failed/openmicroscopy/bioformats/components/bundles/bioformats_package/target/bioformats_package-5.6.0-SNAPSHOT.jar
[INFO] 
[INFO] --- maven-install-plugin:2.5.1:install (default-install) @ bioformats_package ---
[INFO] Installing /home/travis/build/failed/openmicroscopy/bioformats/components/bundles/bioformats_package/pom.xml to /home/travis/.m2/repository/ome/bioformats_package/5.6.0-SNAPSHOT/bioformats_package-5.6.0-SNAPSHOT.pom
[INFO] Installing /home/travis/build/failed/openmicroscopy/bioformats/components/bundles/bioformats_package/target/bioformats_package-5.6.0-SNAPSHOT.jar to /home/travis/.m2/repository/ome/bioformats_package/5.6.0-SNAPSHOT/bioformats_package-5.6.0-SNAPSHOT.jar
[INFO]                                                                         
[INFO] ------------------------------------------------------------------------
[INFO] Building LOCI Tools bundle 5.6.0-SNAPSHOT
[INFO] ------------------------------------------------------------------------
[INFO] 
[INFO] --- buildnumber-maven-plugin:1.2:create (default) @ loci_tools ---
[INFO] 
[INFO] >>> maven-source-plugin:2.2.1:jar (default) > generate-sources @ loci_tools >>>
[INFO] 
[INFO] --- buildnumber-maven-plugin:1.2:create (default) @ loci_tools ---
[INFO] 
[INFO] <<< maven-source-plugin:2.2.1:jar (default) < generate-sources @ loci_tools <<<
[INFO] 
[INFO] --- maven-source-plugin:2.2.1:jar (default) @ loci_tools ---
[INFO] 
[INFO] --- maven-assembly-plugin:2.4:single (make-assembly) @ loci_tools ---
[INFO] Reading assembly descriptor: assembly.xml
[WARNING] The following patterns were never triggered in this artifact exclusion filter:
o  'gov.nih.imagej:imagej'
o  'net.imagej:ij'
o  'org.testng:testng'
o  'com.beust:jcommander'
o  'org.yaml:snakeyaml'
o  'org.beanshell:bsh'
o  'edu.princeton.cup:java-cup'
o  'org.apache.bcel:bcel'
o  'commons-codec:commons-codec'
o  'regexp:regexp'
o  'org.apache.ant:ant-trax'
o  'edu.ucar:udunits'
o  'javax.servlet:servlet-api'

[INFO] Building jar: /home/travis/build/failed/openmicroscopy/bioformats/components/bundles/loci_tools/target/loci_tools-5.6.0-SNAPSHOT.jar
[INFO] 
[INFO] --- maven-install-plugin:2.5.1:install (default-install) @ loci_tools ---
[INFO] Installing /home/travis/build/failed/openmicroscopy/bioformats/components/bundles/loci_tools/pom.xml to /home/travis/.m2/repository/ome/loci_tools/5.6.0-SNAPSHOT/loci_tools-5.6.0-SNAPSHOT.pom
[INFO] Installing /home/travis/build/failed/openmicroscopy/bioformats/components/bundles/loci_tools/target/loci_tools-5.6.0-SNAPSHOT.jar to /home/travis/.m2/repository/ome/loci_tools/5.6.0-SNAPSHOT/loci_tools-5.6.0-SNAPSHOT.jar
[INFO]                                                                         
[INFO] ------------------------------------------------------------------------
[INFO] Building Bio-Formats testing framework 5.6.0-SNAPSHOT
[INFO] ------------------------------------------------------------------------
[INFO] 
[INFO] --- buildnumber-maven-plugin:1.2:create (default) @ test-suite ---
[INFO] 
[INFO] --- maven-resources-plugin:2.6:resources (default-resources) @ test-suite ---
[INFO] Using 'UTF-8' encoding to copy filtered resources.
[INFO] Copying 0 resource
[INFO] skip non existing resourceDirectory /home/travis/build/failed/openmicroscopy/bioformats/components/test-suite/lib
[INFO] Copying 0 resource
[INFO] Copying 0 resource
[INFO] 
[INFO] --- maven-compiler-plugin:3.1:compile (default-compile) @ test-suite ---
[INFO] Nothing to compile - all classes are up to date
[INFO] 
[INFO] --- maven-resources-plugin:2.6:testResources (default-testResources) @ test-suite ---
[INFO] Using 'UTF-8' encoding to copy filtered resources.
[INFO] skip non existing resourceDirectory /home/travis/build/failed/openmicroscopy/bioformats/components/test-suite/test
[INFO] 
[INFO] --- maven-compiler-plugin:3.1:testCompile (default-testCompile) @ test-suite ---
[INFO] No sources to compile
[INFO] 
[INFO] --- maven-surefire-plugin:2.16:test (default-test) @ test-suite ---
[INFO] Tests are skipped.
[INFO] 
[INFO] --- maven-jar-plugin:2.4:jar (default-jar) @ test-suite ---
[INFO] 
[INFO] >>> maven-source-plugin:2.2.1:jar (default) > generate-sources @ test-suite >>>
[INFO] 
[INFO] --- buildnumber-maven-plugin:1.2:create (default) @ test-suite ---
[INFO] 
[INFO] <<< maven-source-plugin:2.2.1:jar (default) < generate-sources @ test-suite <<<
[INFO] 
[INFO] --- maven-source-plugin:2.2.1:jar (default) @ test-suite ---
[INFO] Building jar: /home/travis/build/failed/openmicroscopy/bioformats/components/test-suite/target/test-suite-5.6.0-SNAPSHOT-sources.jar
[INFO] 
[INFO] --- maven-jar-plugin:2.4:test-jar (default) @ test-suite ---
[INFO] Skipping packaging of the test-jar
[INFO] 
[INFO] --- maven-install-plugin:2.5.1:install (default-install) @ test-suite ---
[INFO] Installing /home/travis/build/failed/openmicroscopy/bioformats/components/test-suite/target/test-suite-5.6.0-SNAPSHOT.jar to /home/travis/.m2/repository/ome/test-suite/5.6.0-SNAPSHOT/test-suite-5.6.0-SNAPSHOT.jar
[INFO] Installing /home/travis/build/failed/openmicroscopy/bioformats/components/test-suite/pom.xml to /home/travis/.m2/repository/ome/test-suite/5.6.0-SNAPSHOT/test-suite-5.6.0-SNAPSHOT.pom
[INFO] Installing /home/travis/build/failed/openmicroscopy/bioformats/components/test-suite/target/test-suite-5.6.0-SNAPSHOT-sources.jar to /home/travis/.m2/repository/ome/test-suite/5.6.0-SNAPSHOT/test-suite-5.6.0-SNAPSHOT-sources.jar
[INFO]                                                                         
[INFO] ------------------------------------------------------------------------
[INFO] Building Bio-Formats Sphinx documentation 5.6.0-SNAPSHOT
[INFO] ------------------------------------------------------------------------
[INFO] 
[INFO] --- buildnumber-maven-plugin:1.2:create (default) @ formats-docs ---
[INFO] 
[INFO] --- maven-resources-plugin:2.6:resources (default-resources) @ formats-docs ---
[INFO] Using 'UTF-8' encoding to copy filtered resources.
[INFO] Copying 4 resources
[INFO] 
[INFO] --- maven-compiler-plugin:3.1:compile (default-compile) @ formats-docs ---
[INFO] Nothing to compile - all classes are up to date
[INFO] 
[INFO] --- maven-resources-plugin:2.6:testResources (default-testResources) @ formats-docs ---
[INFO] Using 'UTF-8' encoding to copy filtered resources.
[INFO] skip non existing resourceDirectory /home/travis/build/failed/openmicroscopy/bioformats/docs/sphinx/test
[INFO] 
[INFO] --- maven-compiler-plugin:3.1:testCompile (default-testCompile) @ formats-docs ---
[INFO] No sources to compile
[INFO] 
[INFO] --- maven-surefire-plugin:2.16:test (default-test) @ formats-docs ---
[INFO] Tests are skipped.
[INFO] 
[INFO] >>> exec-maven-plugin:1.2.1:java (default) > validate @ formats-docs >>>
[INFO] 
[INFO] --- buildnumber-maven-plugin:1.2:create (default) @ formats-docs ---
[INFO] 
[INFO] <<< exec-maven-plugin:1.2.1:java (default) < validate @ formats-docs <<<
[INFO] 
[INFO] --- exec-maven-plugin:1.2.1:java (default) @ formats-docs ---
Executing ReadPhysicalSize
Physical calibration - Image: 0
	X = 1.0 nm = 0.001 Âµm
	Y = 0.1 Âµm = 0.1 Âµm
Success
Executing FileConvert
Success
Executing FileExport
Success
Executing FileExportSPW
Success
Executing SimpleTiledWriter
Success
Executing TiledReaderWriter
Success
Executing TiledReaderWriter
Success
Executing OverlappedTiledWriter
Success
Executing OverlappedTiledWriter
Success
Executing ReadWriteInMemory
Reading file into memory from disk...
0 bytes read.

Reading image data from memory...
Series count: 1
First series:
	Image count = 1
	SizeX = 512
	SizeY = 512
	SizeZ = 1
	SizeC = 1
	SizeT = 1

Writing planes to destination in memory: .

Flushing image data to disk...
Success
Executing OrthogonalReader
2022-07-08 23:07:07,939 [ExampleSuite.main()] INFO  loci.formats.ImageReader - FakeReader initializing /home/travis/build/failed/openmicroscopy/bioformats/docs/sphinx/target/classes/test.fake
Success
[INFO] 
[INFO] --- maven-jar-plugin:2.4:jar (default-jar) @ formats-docs ---
[INFO] Building jar: /home/travis/build/failed/openmicroscopy/bioformats/docs/sphinx/target/formats-docs-5.6.0-SNAPSHOT.jar
[INFO] 
[INFO] >>> maven-source-plugin:2.2.1:jar (default) > generate-sources @ formats-docs >>>
[INFO] 
[INFO] --- buildnumber-maven-plugin:1.2:create (default) @ formats-docs ---
[INFO] 
[INFO] <<< maven-source-plugin:2.2.1:jar (default) < generate-sources @ formats-docs <<<
[INFO] 
[INFO] --- maven-source-plugin:2.2.1:jar (default) @ formats-docs ---
[INFO] 
[INFO] --- maven-jar-plugin:2.4:test-jar (default) @ formats-docs ---
[INFO] Skipping packaging of the test-jar
[INFO] 
[INFO] --- maven-install-plugin:2.5.1:install (default-install) @ formats-docs ---
[INFO] Skipping artifact installation
[INFO] ------------------------------------------------------------------------
[INFO] Reactor Summary:
[INFO] 
[INFO] Bio-Formats projects ............................... SUCCESS [  5.633 s]
[INFO] JAI Image I/O Tools ................................ SUCCESS [  8.409 s]
[INFO] libjpeg-turbo Java bindings ........................ SUCCESS [  1.033 s]
[INFO] Bio-Formats API .................................... SUCCESS [  1.194 s]
[INFO] BSD Bio-Formats readers and writers ................ SUCCESS [  2.550 s]
[INFO] Bio-Formats library ................................ SUCCESS [  1.874 s]
[INFO] Bio-Formats code generator ......................... SUCCESS [  0.496 s]
[INFO] Bio-Formats Plugins for ImageJ ..................... SUCCESS [  0.987 s]
[INFO] Bio-Formats command line tools ..................... SUCCESS [  0.304 s]
[INFO] bioformats_package bundle .......................... SUCCESS [ 11.084 s]
[INFO] LOCI Tools bundle .................................. SUCCESS [  6.703 s]
[INFO] Bio-Formats testing framework ...................... SUCCESS [  0.647 s]
[INFO] Bio-Formats Sphinx documentation ................... SUCCESS [ 33.138 s]
[INFO] ------------------------------------------------------------------------
[INFO] BUILD SUCCESS
[INFO] ------------------------------------------------------------------------
[INFO] Total time: 01:15 min
[INFO] Finished at: 2022-07-08T23:07:34+00:00
[INFO] Final Memory: 19M/488M
[INFO] ------------------------------------------------------------------------

travis_time:end:076ea75c:start=1657321577566076201,finish=1657321654600195753,duration=77034119552[0Ktravis_fold:end:install[0Ktravis_time:start:014749d1[0K$ ./tools/test-build $BUILD
+maven
+mvn
[INFO] Scanning for projects...
[INFO] ------------------------------------------------------------------------
[INFO] Reactor Build Order:
[INFO] 
[INFO] Bio-Formats projects
[INFO] JAI Image I/O Tools
[INFO] libjpeg-turbo Java bindings
[INFO] Bio-Formats API
[INFO] BSD Bio-Formats readers and writers
[INFO] Bio-Formats library
[INFO] Bio-Formats code generator
[INFO] Bio-Formats Plugins for ImageJ
[INFO] Bio-Formats command line tools
[INFO] bioformats_package bundle
[INFO] LOCI Tools bundle
[INFO] Bio-Formats testing framework
[INFO] Bio-Formats Sphinx documentation
[INFO]                                                                         
[INFO] ------------------------------------------------------------------------
[INFO] Building Bio-Formats projects 5.6.0-SNAPSHOT
[INFO] ------------------------------------------------------------------------
[INFO] 
[INFO] --- buildnumber-maven-plugin:1.2:create (default) @ pom-bio-formats ---
[INFO] Checking for local modifications: skipped.
[INFO] Updating project files from SCM: skipped.
[INFO] Executing: /bin/sh -c cd /home/travis/build/failed/openmicroscopy/bioformats && git rev-parse --verify HEAD
[INFO] Working directory: /home/travis/build/failed/openmicroscopy/bioformats
[INFO] Storing buildNumber: 09b93831c003553490c99087ee101fd08fd7440f at timestamp: 1657321656756
[INFO] Executing: /bin/sh -c cd /home/travis/build/failed/openmicroscopy/bioformats && git rev-parse --verify HEAD
[INFO] Working directory: /home/travis/build/failed/openmicroscopy/bioformats
[INFO] Storing buildScmBranch: UNKNOWN
[INFO] 
[INFO] >>> maven-source-plugin:2.2.1:jar (default) > generate-sources @ pom-bio-formats >>>
[INFO] 
[INFO] --- buildnumber-maven-plugin:1.2:create (default) @ pom-bio-formats ---
[INFO] 
[INFO] <<< maven-source-plugin:2.2.1:jar (default) < generate-sources @ pom-bio-formats <<<
[INFO] 
[INFO] --- maven-source-plugin:2.2.1:jar (default) @ pom-bio-formats ---
[INFO] 
[INFO] --- maven-install-plugin:2.5.1:install (default-install) @ pom-bio-formats ---
[INFO] Installing /home/travis/build/failed/openmicroscopy/bioformats/pom.xml to /home/travis/.m2/repository/ome/pom-bio-formats/5.6.0-SNAPSHOT/pom-bio-formats-5.6.0-SNAPSHOT.pom
[INFO]                                                                         
[INFO] ------------------------------------------------------------------------
[INFO] Building JAI Image I/O Tools 5.6.0-SNAPSHOT
[INFO] ------------------------------------------------------------------------
[INFO] 
[INFO] --- buildnumber-maven-plugin:1.2:create (default) @ jai_imageio ---
[INFO] 
[INFO] --- maven-resources-plugin:2.6:resources (default-resources) @ jai_imageio ---
[INFO] Using 'UTF-8' encoding to copy filtered resources.
[INFO] Copying 14 resources
[INFO] skip non existing resourceDirectory /home/travis/build/failed/openmicroscopy/bioformats/components/forks/jai/lib
[INFO] Copying 0 resource
[INFO] Copying 0 resource
[INFO] 
[INFO] --- maven-compiler-plugin:3.1:compile (default-compile) @ jai_imageio ---
[INFO] Nothing to compile - all classes are up to date
[INFO] 
[INFO] --- maven-resources-plugin:2.6:testResources (default-testResources) @ jai_imageio ---
[INFO] Using 'UTF-8' encoding to copy filtered resources.
[INFO] skip non existing resourceDirectory /home/travis/build/failed/openmicroscopy/bioformats/components/forks/jai/test
[INFO] 
[INFO] --- maven-compiler-plugin:3.1:testCompile (default-testCompile) @ jai_imageio ---
[INFO] No sources to compile
[INFO] 
[INFO] --- maven-surefire-plugin:2.16:test (default-test) @ jai_imageio ---
[INFO] No tests to run.
[INFO] 
[INFO] --- maven-jar-plugin:2.4:jar (default-jar) @ jai_imageio ---
[INFO] 
[INFO] >>> maven-source-plugin:2.2.1:jar (default) > generate-sources @ jai_imageio >>>
[INFO] 
[INFO] --- buildnumber-maven-plugin:1.2:create (default) @ jai_imageio ---
[INFO] 
[INFO] <<< maven-source-plugin:2.2.1:jar (default) < generate-sources @ jai_imageio <<<
[INFO] 
[INFO] --- maven-source-plugin:2.2.1:jar (default) @ jai_imageio ---
[INFO] Building jar: /home/travis/build/failed/openmicroscopy/bioformats/components/forks/jai/target/jai_imageio-5.6.0-SNAPSHOT-sources.jar
[INFO] 
[INFO] --- maven-jar-plugin:2.4:test-jar (default) @ jai_imageio ---
[INFO] Skipping packaging of the test-jar
[INFO] 
[INFO] --- maven-install-plugin:2.5.1:install (default-install) @ jai_imageio ---
[INFO] Installing /home/travis/build/failed/openmicroscopy/bioformats/components/forks/jai/target/jai_imageio-5.6.0-SNAPSHOT.jar to /home/travis/.m2/repository/ome/jai_imageio/5.6.0-SNAPSHOT/jai_imageio-5.6.0-SNAPSHOT.jar
[INFO] Installing /home/travis/build/failed/openmicroscopy/bioformats/components/forks/jai/pom.xml to /home/travis/.m2/repository/ome/jai_imageio/5.6.0-SNAPSHOT/jai_imageio-5.6.0-SNAPSHOT.pom
[INFO] Installing /home/travis/build/failed/openmicroscopy/bioformats/components/forks/jai/target/jai_imageio-5.6.0-SNAPSHOT-sources.jar to /home/travis/.m2/repository/ome/jai_imageio/5.6.0-SNAPSHOT/jai_imageio-5.6.0-SNAPSHOT-sources.jar
[INFO]                                                                         
[INFO] ------------------------------------------------------------------------
[INFO] Building libjpeg-turbo Java bindings 5.6.0-SNAPSHOT
[INFO] ------------------------------------------------------------------------
[INFO] 
[INFO] --- buildnumber-maven-plugin:1.2:create (default) @ turbojpeg ---
[INFO] 
[INFO] --- maven-resources-plugin:2.6:resources (default-resources) @ turbojpeg ---
[INFO] Using 'UTF-8' encoding to copy filtered resources.
[INFO] Copying 0 resource
[INFO] Copying 7 resources to META-INF/lib
[INFO] Copying 0 resource
[INFO] Copying 0 resource
[INFO] 
[INFO] --- maven-compiler-plugin:3.1:compile (default-compile) @ turbojpeg ---
[INFO] Nothing to compile - all classes are up to date
[INFO] 
[INFO] --- maven-resources-plugin:2.6:testResources (default-testResources) @ turbojpeg ---
[INFO] Using 'UTF-8' encoding to copy filtered resources.
[INFO] skip non existing resourceDirectory /home/travis/build/failed/openmicroscopy/bioformats/components/forks/turbojpeg/test
[INFO] 
[INFO] --- maven-compiler-plugin:3.1:testCompile (default-testCompile) @ turbojpeg ---
[INFO] No sources to compile
[INFO] 
[INFO] --- maven-surefire-plugin:2.16:test (default-test) @ turbojpeg ---
[INFO] No tests to run.
[INFO] 
[INFO] --- maven-jar-plugin:2.4:jar (default-jar) @ turbojpeg ---
[INFO] 
[INFO] >>> maven-source-plugin:2.2.1:jar (default) > generate-sources @ turbojpeg >>>
[INFO] 
[INFO] --- buildnumber-maven-plugin:1.2:create (default) @ turbojpeg ---
[INFO] 
[INFO] <<< maven-source-plugin:2.2.1:jar (default) < generate-sources @ turbojpeg <<<
[INFO] 
[INFO] --- maven-source-plugin:2.2.1:jar (default) @ turbojpeg ---
[INFO] Building jar: /home/travis/build/failed/openmicroscopy/bioformats/components/forks/turbojpeg/target/turbojpeg-5.6.0-SNAPSHOT-sources.jar
[INFO] 
[INFO] --- maven-jar-plugin:2.4:test-jar (default) @ turbojpeg ---
[INFO] Skipping packaging of the test-jar
[INFO] 
[INFO] --- maven-install-plugin:2.5.1:install (default-install) @ turbojpeg ---
[INFO] Installing /home/travis/build/failed/openmicroscopy/bioformats/components/forks/turbojpeg/target/turbojpeg-5.6.0-SNAPSHOT.jar to /home/travis/.m2/repository/ome/turbojpeg/5.6.0-SNAPSHOT/turbojpeg-5.6.0-SNAPSHOT.jar
[INFO] Installing /home/travis/build/failed/openmicroscopy/bioformats/components/forks/turbojpeg/pom.xml to /home/travis/.m2/repository/ome/turbojpeg/5.6.0-SNAPSHOT/turbojpeg-5.6.0-SNAPSHOT.pom
[INFO] Installing /home/travis/build/failed/openmicroscopy/bioformats/components/forks/turbojpeg/target/turbojpeg-5.6.0-SNAPSHOT-sources.jar to /home/travis/.m2/repository/ome/turbojpeg/5.6.0-SNAPSHOT/turbojpeg-5.6.0-SNAPSHOT-sources.jar
[INFO]                                                                         
[INFO] ------------------------------------------------------------------------
[INFO] Building Bio-Formats API 5.6.0-SNAPSHOT
[INFO] ------------------------------------------------------------------------
[INFO] 
[INFO] --- buildnumber-maven-plugin:1.2:create (default) @ formats-api ---
[INFO] 
[INFO] --- maven-resources-plugin:2.6:resources (default-resources) @ formats-api ---
[INFO] Using 'UTF-8' encoding to copy filtered resources.
[INFO] Copying 2 resources
[INFO] Copying 0 resource
[INFO] Copying 0 resource
[INFO] 
[INFO] --- maven-compiler-plugin:3.1:compile (default-compile) @ formats-api ---
[INFO] Nothing to compile - all classes are up to date
[INFO] 
[INFO] --- maven-resources-plugin:2.6:testResources (default-testResources) @ formats-api ---
[INFO] Using 'UTF-8' encoding to copy filtered resources.
[INFO] Copying 2 resources
[INFO] 
[INFO] --- maven-compiler-plugin:3.1:testCompile (default-testCompile) @ formats-api ---
[INFO] Nothing to compile - all classes are up to date
[INFO] 
[INFO] --- maven-surefire-plugin:2.16:test (default-test) @ formats-api ---
[INFO] Surefire report directory: /home/travis/build/failed/openmicroscopy/bioformats/components/formats-api/target/surefire-reports

-------------------------------------------------------
 T E S T S
-------------------------------------------------------
Running TestSuite
Configuring TestNG with: TestNG652Configurator
2022-07-08 23:07:41,042 [main] WARN  loci.formats.ClassList - Could not find invalid
2022-07-08 23:07:41,046 [main] WARN  loci.formats.ClassList - Could not find invalid
2022-07-08 23:07:41,202 [main] WARN  loci.formats.FormatTools - Invalid base unit: using default reference frame unit
2022-07-08 23:07:41,202 [main] WARN  loci.formats.FormatTools - Invalid base unit: using default reference frame unit
2022-07-08 23:07:41,203 [main] WARN  loci.formats.FormatTools - Invalid base unit: using default reference frame unit
2022-07-08 23:07:41,203 [main] WARN  loci.formats.FormatTools - Invalid base unit: using default reference frame unit
Tests run: 123, Failures: 0, Errors: 0, Skipped: 0, Time elapsed: 1.383 sec - in TestSuite

Results :

Tests run: 123, Failures: 0, Errors: 0, Skipped: 0

[INFO] 
[INFO] --- maven-jar-plugin:2.4:jar (default-jar) @ formats-api ---
[INFO] 
[INFO] >>> maven-source-plugin:2.2.1:jar (default) > generate-sources @ formats-api >>>
[INFO] 
[INFO] --- buildnumber-maven-plugin:1.2:create (default) @ formats-api ---
[INFO] 
[INFO] <<< maven-source-plugin:2.2.1:jar (default) < generate-sources @ formats-api <<<
[INFO] 
[INFO] --- maven-source-plugin:2.2.1:jar (default) @ formats-api ---
[INFO] Building jar: /home/travis/build/failed/openmicroscopy/bioformats/components/formats-api/target/formats-api-5.6.0-SNAPSHOT-sources.jar
[INFO] 
[INFO] --- maven-jar-plugin:2.4:test-jar (default) @ formats-api ---
[INFO] 
[INFO] --- maven-install-plugin:2.5.1:install (default-install) @ formats-api ---
[INFO] Installing /home/travis/build/failed/openmicroscopy/bioformats/components/formats-api/target/formats-api-5.6.0-SNAPSHOT.jar to /home/travis/.m2/repository/ome/formats-api/5.6.0-SNAPSHOT/formats-api-5.6.0-SNAPSHOT.jar
[INFO] Installing /home/travis/build/failed/openmicroscopy/bioformats/components/formats-api/pom.xml to /home/travis/.m2/repository/ome/formats-api/5.6.0-SNAPSHOT/formats-api-5.6.0-SNAPSHOT.pom
[INFO] Installing /home/travis/build/failed/openmicroscopy/bioformats/components/formats-api/target/formats-api-5.6.0-SNAPSHOT-sources.jar to /home/travis/.m2/repository/ome/formats-api/5.6.0-SNAPSHOT/formats-api-5.6.0-SNAPSHOT-sources.jar
[INFO] Installing /home/travis/build/failed/openmicroscopy/bioformats/components/formats-api/target/formats-api-5.6.0-SNAPSHOT-tests.jar to /home/travis/.m2/repository/ome/formats-api/5.6.0-SNAPSHOT/formats-api-5.6.0-SNAPSHOT-tests.jar
[INFO]                                                                         
[INFO] ------------------------------------------------------------------------
[INFO] Building BSD Bio-Formats readers and writers 5.6.0-SNAPSHOT
[INFO] ------------------------------------------------------------------------
[INFO] 
[INFO] --- buildnumber-maven-plugin:1.2:create (default) @ formats-bsd ---
[INFO] 
[INFO] --- maven-resources-plugin:2.6:resources (default-resources) @ formats-bsd ---
[INFO] Using 'UTF-8' encoding to copy filtered resources.
[INFO] Copying 0 resource
[INFO] Copying 0 resource
[INFO] 
[INFO] --- maven-compiler-plugin:3.1:compile (default-compile) @ formats-bsd ---
[INFO] Nothing to compile - all classes are up to date
[INFO] 
[INFO] --- maven-resources-plugin:2.6:testResources (default-testResources) @ formats-bsd ---
[INFO] Using 'UTF-8' encoding to copy filtered resources.
[INFO] Copying 11 resources
[INFO] 
[INFO] --- maven-compiler-plugin:3.1:testCompile (default-testCompile) @ formats-bsd ---
[INFO] Nothing to compile - all classes are up to date
[INFO] 
[INFO] --- maven-surefire-plugin:2.16:test (default-test) @ formats-bsd ---
[INFO] Surefire report directory: /home/travis/build/failed/openmicroscopy/bioformats/components/formats-bsd/target/surefire-reports

-------------------------------------------------------
 T E S T S
-------------------------------------------------------
Running TestSuite
2022-07-08 23:07:45,686 [main] ERROR loci.formats.ClassList - "loci.formats.out.WlzWriter" is not valid.
2022-07-08 23:07:45,690 [main] ERROR loci.formats.ClassList - "loci.formats.out.CellH5Writer" is not valid.
2022-07-08 23:07:45,975 [main] ERROR loci.formats.ClassList - "loci.formats.in.IPLabReader" is not valid.
2022-07-08 23:07:45,976 [main] ERROR loci.formats.ClassList - "loci.formats.in.IvisionReader" is not valid.
2022-07-08 23:07:45,976 [main] ERROR loci.formats.ClassList - "loci.formats.in.DeltavisionReader" is not valid.
2022-07-08 23:07:45,976 [main] ERROR loci.formats.ClassList - "loci.formats.in.MRCReader" is not valid.
2022-07-08 23:07:45,976 [main] ERROR loci.formats.ClassList - "loci.formats.in.GatanReader" is not valid.
2022-07-08 23:07:45,976 [main] ERROR loci.formats.ClassList - "loci.formats.in.GatanDM2Reader" is not valid.
2022-07-08 23:07:45,976 [main] ERROR loci.formats.ClassList - "loci.formats.in.ImarisReader" is not valid.
2022-07-08 23:07:45,977 [main] ERROR loci.formats.ClassList - "loci.formats.in.OpenlabRawReader" is not valid.
2022-07-08 23:07:45,978 [main] ERROR loci.formats.ClassList - "loci.formats.in.LIFReader" is not valid.
2022-07-08 23:07:45,982 [main] ERROR loci.formats.ClassList - "loci.formats.in.SDTReader" is not valid.
2022-07-08 23:07:45,982 [main] ERROR loci.formats.ClassList - "loci.formats.in.SPCReader" is not valid.
2022-07-08 23:07:45,983 [main] ERROR loci.formats.ClassList - "loci.formats.in.SlidebookReader" is not valid.
2022-07-08 23:07:45,983 [main] ERROR loci.formats.ClassList - "loci.formats.in.AliconaReader" is not valid.
2022-07-08 23:07:45,984 [main] ERROR loci.formats.ClassList - "loci.formats.in.KhorosReader" is not valid.
2022-07-08 23:07:45,984 [main] ERROR loci.formats.ClassList - "loci.formats.in.VisitechReader" is not valid.
2022-07-08 23:07:45,984 [main] ERROR loci.formats.ClassList - "loci.formats.in.LIMReader" is not valid.
2022-07-08 23:07:45,984 [main] ERROR loci.formats.ClassList - "loci.formats.in.PSDReader" is not valid.
2022-07-08 23:07:45,984 [main] ERROR loci.formats.ClassList - "loci.formats.in.InCellReader" is not valid.
2022-07-08 23:07:45,985 [main] ERROR loci.formats.ClassList - "loci.formats.in.L2DReader" is not valid.
2022-07-08 23:07:45,985 [main] ERROR loci.formats.ClassList - "loci.formats.in.FEIReader" is not valid.
2022-07-08 23:07:45,985 [main] ERROR loci.formats.ClassList - "loci.formats.in.NAFReader" is not valid.
2022-07-08 23:07:45,985 [main] ERROR loci.formats.ClassList - "loci.formats.in.MINCReader" is not valid.
2022-07-08 23:07:45,985 [main] ERROR loci.formats.ClassList - "loci.formats.in.MRWReader" is not valid.
2022-07-08 23:07:45,986 [main] ERROR loci.formats.ClassList - "loci.formats.in.TillVisionReader" is not valid.
2022-07-08 23:07:45,986 [main] ERROR loci.formats.ClassList - "loci.formats.in.ARFReader" is not valid.
2022-07-08 23:07:45,986 [main] ERROR loci.formats.ClassList - "loci.formats.in.CellomicsReader" is not valid.
2022-07-08 23:07:45,986 [main] ERROR loci.formats.ClassList - "loci.formats.in.LiFlimReader" is not valid.
2022-07-08 23:07:45,986 [main] ERROR loci.formats.ClassList - "loci.formats.in.TargaReader" is not valid.
2022-07-08 23:07:45,987 [main] ERROR loci.formats.ClassList - "loci.formats.in.OxfordInstrumentsReader" is not valid.
2022-07-08 23:07:45,987 [main] ERROR loci.formats.ClassList - "loci.formats.in.VGSAMReader" is not valid.
2022-07-08 23:07:45,987 [main] ERROR loci.formats.ClassList - "loci.formats.in.HISReader" is not valid.
2022-07-08 23:07:45,987 [main] ERROR loci.formats.ClassList - "loci.formats.in.WATOPReader" is not valid.
2022-07-08 23:07:45,987 [main] ERROR loci.formats.ClassList - "loci.formats.in.SeikoReader" is not valid.
2022-07-08 23:07:45,987 [main] ERROR loci.formats.ClassList - "loci.formats.in.TopometrixReader" is not valid.
2022-07-08 23:07:45,988 [main] ERROR loci.formats.ClassList - "loci.formats.in.UBMReader" is not valid.
2022-07-08 23:07:45,988 [main] ERROR loci.formats.ClassList - "loci.formats.in.QuesantReader" is not valid.
2022-07-08 23:07:45,988 [main] ERROR loci.formats.ClassList - "loci.formats.in.BioRadGelReader" is not valid.
2022-07-08 23:07:45,988 [main] ERROR loci.formats.ClassList - "loci.formats.in.RHKReader" is not valid.
2022-07-08 23:07:45,988 [main] ERROR loci.formats.ClassList - "loci.formats.in.MolecularImagingReader" is not valid.
2022-07-08 23:07:45,988 [main] ERROR loci.formats.ClassList - "loci.formats.in.CellWorxReader" is not valid.
2022-07-08 23:07:45,989 [main] ERROR loci.formats.ClassList - "loci.formats.in.Ecat7Reader" is not valid.
2022-07-08 23:07:45,989 [main] ERROR loci.formats.ClassList - "loci.formats.in.VarianFDFReader" is not valid.
2022-07-08 23:07:45,989 [main] ERROR loci.formats.ClassList - "loci.formats.in.AIMReader" is not valid.
2022-07-08 23:07:45,989 [main] ERROR loci.formats.ClassList - "loci.formats.in.InCell3000Reader" is not valid.
2022-07-08 23:07:45,989 [main] ERROR loci.formats.ClassList - "loci.formats.in.SpiderReader" is not valid.
2022-07-08 23:07:45,989 [main] ERROR loci.formats.ClassList - "loci.formats.in.VolocityReader" is not valid.
2022-07-08 23:07:45,990 [main] ERROR loci.formats.ClassList - "loci.formats.in.ImagicReader" is not valid.
2022-07-08 23:07:45,990 [main] ERROR loci.formats.ClassList - "loci.formats.in.HamamatsuVMSReader" is not valid.
2022-07-08 23:07:45,990 [main] ERROR loci.formats.ClassList - "loci.formats.in.CellSensReader" is not valid.
2022-07-08 23:07:45,990 [main] ERROR loci.formats.ClassList - "loci.formats.in.INRReader" is not valid.
2022-07-08 23:07:45,990 [main] ERROR loci.formats.ClassList - "loci.formats.in.KodakReader" is not valid.
2022-07-08 23:07:45,990 [main] ERROR loci.formats.ClassList - "loci.formats.in.VolocityClippingReader" is not valid.
2022-07-08 23:07:45,991 [main] ERROR loci.formats.ClassList - "loci.formats.in.ZeissCZIReader" is not valid.
2022-07-08 23:07:45,991 [main] ERROR loci.formats.ClassList - "loci.formats.in.SIFReader" is not valid.
2022-07-08 23:07:45,991 [main] ERROR loci.formats.ClassList - "loci.formats.in.NDPISReader" is not valid.
2022-07-08 23:07:45,991 [main] ERROR loci.formats.ClassList - "loci.formats.in.PovrayReader" is not valid.
2022-07-08 23:07:45,991 [main] ERROR loci.formats.ClassList - "loci.formats.in.IMODReader" is not valid.
2022-07-08 23:07:46,038 [main] ERROR loci.formats.ClassList - "loci.formats.in.AFIReader" is not valid.
2022-07-08 23:07:46,039 [main] ERROR loci.formats.ClassList - "loci.formats.in.ImspectorReader" is not valid.
2022-07-08 23:07:46,039 [main] ERROR loci.formats.ClassList - "loci.formats.in.BioRadSCNReader" is not valid.
2022-07-08 23:07:46,039 [main] ERROR loci.formats.ClassList - "loci.formats.in.ZeissLMSReader" is not valid.
2022-07-08 23:07:46,039 [main] ERROR loci.formats.ClassList - "loci.formats.in.PQBinReader" is not valid.
2022-07-08 23:07:46,042 [main] ERROR loci.formats.ClassList - "loci.formats.in.I2IReader" is not valid.
2022-07-08 23:07:46,042 [main] ERROR loci.formats.ClassList - "loci.formats.in.SPEReader" is not valid.
2022-07-08 23:07:46,042 [main] ERROR loci.formats.ClassList - "loci.formats.in.OIRReader" is not valid.
2022-07-08 23:07:46,043 [main] ERROR loci.formats.ClassList - "loci.formats.in.JEOLReader" is not valid.
2022-07-08 23:07:46,043 [main] ERROR loci.formats.ClassList - "loci.formats.in.NiftiReader" is not valid.
2022-07-08 23:07:46,043 [main] ERROR loci.formats.ClassList - "loci.formats.in.AnalyzeReader" is not valid.
2022-07-08 23:07:46,043 [main] ERROR loci.formats.ClassList - "loci.formats.in.APLReader" is not valid.
2022-07-08 23:07:46,046 [main] ERROR loci.formats.ClassList - "loci.formats.in.PerkinElmerReader" is not valid.
2022-07-08 23:07:46,047 [main] ERROR loci.formats.ClassList - "loci.formats.in.AmiraReader" is not valid.
2022-07-08 23:07:46,047 [main] ERROR loci.formats.ClassList - "loci.formats.in.ScanrReader" is not valid.
2022-07-08 23:07:46,047 [main] ERROR loci.formats.ClassList - "loci.formats.in.BDReader" is not valid.
2022-07-08 23:07:46,047 [main] ERROR loci.formats.ClassList - "loci.formats.in.UnisokuReader" is not valid.
2022-07-08 23:07:46,047 [main] ERROR loci.formats.ClassList - "loci.formats.in.PDSReader" is not valid.
2022-07-08 23:07:46,047 [main] ERROR loci.formats.ClassList - "loci.formats.in.FujiReader" is not valid.
2022-07-08 23:07:46,048 [main] ERROR loci.formats.ClassList - "loci.formats.in.OperettaReader" is not valid.
2022-07-08 23:07:46,048 [main] ERROR loci.formats.ClassList - "loci.formats.in.InveonReader" is not valid.
2022-07-08 23:07:46,048 [main] ERROR loci.formats.ClassList - "loci.formats.in.CellVoyagerReader" is not valid.
2022-07-08 23:07:46,048 [main] ERROR loci.formats.ClassList - "loci.formats.in.ColumbusReader" is not valid.
2022-07-08 23:07:46,048 [main] ERROR loci.formats.ClassList - "loci.formats.in.BioRadReader" is not valid.
2022-07-08 23:07:46,048 [main] ERROR loci.formats.ClassList - "loci.formats.in.FV1000Reader" is not valid.
2022-07-08 23:07:46,049 [main] ERROR loci.formats.ClassList - "loci.formats.in.ZeissZVIReader" is not valid.
2022-07-08 23:07:46,049 [main] ERROR loci.formats.ClassList - "loci.formats.in.IPWReader" is not valid.
2022-07-08 23:07:46,049 [main] ERROR loci.formats.ClassList - "loci.formats.in.JPXReader" is not valid.
2022-07-08 23:07:46,050 [main] ERROR loci.formats.ClassList - "loci.formats.in.ND2Reader" is not valid.
2022-07-08 23:07:46,050 [main] ERROR loci.formats.ClassList - "loci.formats.in.PCIReader" is not valid.
2022-07-08 23:07:46,050 [main] ERROR loci.formats.ClassList - "loci.formats.in.ImarisHDFReader" is not valid.
2022-07-08 23:07:46,050 [main] ERROR loci.formats.ClassList - "loci.formats.in.CellH5Reader" is not valid.
2022-07-08 23:07:46,050 [main] ERROR loci.formats.ClassList - "loci.formats.in.WlzReader" is not valid.
2022-07-08 23:07:46,051 [main] ERROR loci.formats.ClassList - "loci.formats.in.VeecoReader" is not valid.
2022-07-08 23:07:46,051 [main] ERROR loci.formats.ClassList - "loci.formats.in.ZeissLSMReader" is not valid.
2022-07-08 23:07:46,051 [main] ERROR loci.formats.ClassList - "loci.formats.in.SEQReader" is not valid.
2022-07-08 23:07:46,051 [main] ERROR loci.formats.ClassList - "loci.formats.in.GelReader" is not valid.
2022-07-08 23:07:46,051 [main] ERROR loci.formats.ClassList - "loci.formats.in.ImarisTiffReader" is not valid.
2022-07-08 23:07:46,051 [main] ERROR loci.formats.ClassList - "loci.formats.in.FlexReader" is not valid.
2022-07-08 23:07:46,051 [main] ERROR loci.formats.ClassList - "loci.formats.in.SVSReader" is not valid.
2022-07-08 23:07:46,052 [main] ERROR loci.formats.ClassList - "loci.formats.in.ImaconReader" is not valid.
2022-07-08 23:07:46,052 [main] ERROR loci.formats.ClassList - "loci.formats.in.LEOReader" is not valid.
2022-07-08 23:07:46,052 [main] ERROR loci.formats.ClassList - "loci.formats.in.JPKReader" is not valid.
2022-07-08 23:07:46,052 [main] ERROR loci.formats.ClassList - "loci.formats.in.NDPIReader" is not valid.
2022-07-08 23:07:46,052 [main] ERROR loci.formats.ClassList - "loci.formats.in.PCORAWReader" is not valid.
2022-07-08 23:07:46,054 [main] ERROR loci.formats.ClassList - "loci.formats.in.PyramidTiffReader" is not valid.
2022-07-08 23:07:46,054 [main] ERROR loci.formats.ClassList - "loci.formats.in.MIASReader" is not valid.
2022-07-08 23:07:46,055 [main] ERROR loci.formats.ClassList - "loci.formats.in.TCSReader" is not valid.
2022-07-08 23:07:46,055 [main] ERROR loci.formats.ClassList - "loci.formats.in.LeicaReader" is not valid.
2022-07-08 23:07:46,055 [main] ERROR loci.formats.ClassList - "loci.formats.in.NikonReader" is not valid.
2022-07-08 23:07:46,055 [main] ERROR loci.formats.ClassList - "loci.formats.in.FluoviewReader" is not valid.
2022-07-08 23:07:46,055 [main] ERROR loci.formats.ClassList - "loci.formats.in.PrairieReader" is not valid.
2022-07-08 23:07:46,055 [main] ERROR loci.formats.ClassList - "loci.formats.in.MetamorphReader" is not valid.
2022-07-08 23:07:46,057 [main] ERROR loci.formats.ClassList - "loci.formats.in.ImprovisionTiffReader" is not valid.
2022-07-08 23:07:46,057 [main] ERROR loci.formats.ClassList - "loci.formats.in.MetamorphTiffReader" is not valid.
2022-07-08 23:07:46,057 [main] ERROR loci.formats.ClassList - "loci.formats.in.NikonTiffReader" is not valid.
2022-07-08 23:07:46,058 [main] ERROR loci.formats.ClassList - "loci.formats.in.PhotoshopTiffReader" is not valid.
2022-07-08 23:07:46,058 [main] ERROR loci.formats.ClassList - "loci.formats.in.FEITiffReader" is not valid.
2022-07-08 23:07:46,058 [main] ERROR loci.formats.ClassList - "loci.formats.in.SimplePCITiffReader" is not valid.
2022-07-08 23:07:46,058 [main] ERROR loci.formats.ClassList - "loci.formats.in.NikonElementsTiffReader" is not valid.
2022-07-08 23:07:46,058 [main] ERROR loci.formats.ClassList - "loci.formats.in.TrestleReader" is not valid.
2022-07-08 23:07:46,058 [main] ERROR loci.formats.ClassList - "loci.formats.in.SISReader" is not valid.
2022-07-08 23:07:46,059 [main] ERROR loci.formats.ClassList - "loci.formats.in.DNGReader" is not valid.
2022-07-08 23:07:46,059 [main] ERROR loci.formats.ClassList - "loci.formats.in.ZeissTIFFReader" is not valid.
2022-07-08 23:07:46,059 [main] ERROR loci.formats.ClassList - "loci.formats.in.LeicaSCNReader" is not valid.
2022-07-08 23:07:46,059 [main] ERROR loci.formats.ClassList - "loci.formats.in.SlidebookTiffReader" is not valid.
2022-07-08 23:07:46,060 [main] ERROR loci.formats.ClassList - "loci.formats.in.BurleighReader" is not valid.
2022-07-08 23:07:46,060 [main] ERROR loci.formats.ClassList - "loci.formats.in.OpenlabReader" is not valid.
2022-07-08 23:07:46,071 [main] ERROR loci.formats.ClassList - "loci.formats.in.SMCameraReader" is not valid.
2022-07-08 23:07:46,071 [main] ERROR loci.formats.ClassList - "loci.formats.in.SBIGReader" is not valid.
2022-07-08 23:07:46,072 [main] ERROR loci.formats.ClassList - "loci.formats.in.HRDGDFReader" is not valid.
2022-07-08 23:07:46,072 [main] ERROR loci.formats.ClassList - "loci.formats.in.HitachiReader" is not valid.
2022-07-08 23:07:46,072 [main] ERROR loci.formats.ClassList - "loci.formats.in.BrukerReader" is not valid.
2022-07-08 23:07:46,072 [main] ERROR loci.formats.ClassList - "loci.formats.in.CanonRawReader" is not valid.
2022-07-08 23:07:46,103 [main] WARN  loci.formats.FormatHandler - Image ID 'Image:1': missing plane #1.  Using TiffReader to determine the number of planes.
2022-07-08 23:18:51,514 [main] WARN  loci.formats.Memoizer - skipping memo: directory not writeable - /tmp/loci.formats.utests.MemoizerTest.6615064612103059436
2022-07-08 23:18:51,595 [main] WARN  loci.formats.Memoizer - skipping memo: directory not writeable - /tmp/loci.formats.utests.MemoizerTest.1949755612731737197
2022-07-08 23:18:51,637 [main] WARN  loci.formats.Memoizer - skipping memo: directory not writeable - /tmp/loci.formats.utests.MemoizerTest.3923773661097930730
2022-07-08 23:18:51,638 [main] WARN  loci.formats.Memoizer - skipping memo: directory not writeable - /tmp/loci.formats.utests.MemoizerTest.3209311529014143026
2022-07-08 23:18:51,639 [main] WARN  loci.formats.Memoizer - skipping memo: directory not writeable - /tmp/loci.formats.utests.MemoizerTest.637935327697912054
2022-07-08 23:19:00,631 [main] WARN  ome.xml.model.enums.handlers.ExperimentTypeEnumHandler - Unknown ExperimentType value 'null' will be stored as "Other"
2022-07-08 23:19:00,737 [main] WARN  ome.xml.model.enums.handlers.ExperimentTypeEnumHandler - Unknown ExperimentType value 'null' will be stored as "Other"
2022-07-08 23:19:00,831 [main] WARN  ome.xml.model.enums.handlers.ExperimentTypeEnumHandler - Unknown ExperimentType value 'null' will be stored as "Other"
2022-07-08 23:19:01,003 [main] WARN  ome.xml.model.enums.handlers.ExperimentTypeEnumHandler - Unknown ExperimentType value 'null' will be stored as "Other"
2022-07-08 23:19:01,081 [main] WARN  ome.xml.model.enums.handlers.ExperimentTypeEnumHandler - Unknown ExperimentType value 'null' will be stored as "Other"
2022-07-08 23:19:01,124 [main] WARN  ome.xml.model.enums.handlers.ExperimentTypeEnumHandler - Unknown ExperimentType value 'null' will be stored as "Other"
2022-07-08 23:19:01,303 [main] WARN  ome.xml.model.enums.handlers.ExperimentTypeEnumHandler - Unknown ExperimentType value 'null' will be stored as "Other"
2022-07-08 23:19:01,379 [main] WARN  ome.xml.model.enums.handlers.ExperimentTypeEnumHandler - Unknown ExperimentType value 'null' will be stored as "Other"
2022-07-08 23:19:01,478 [main] WARN  ome.xml.model.enums.handlers.ExperimentTypeEnumHandler - Unknown ExperimentType value 'null' will be stored as "Other"
2022-07-08 23:19:01,625 [main] WARN  ome.xml.model.enums.handlers.ExperimentTypeEnumHandler - Unknown ExperimentType value 'null' will be stored as "Other"
2022-07-08 23:19:01,751 [main] WARN  ome.xml.model.enums.handlers.ExperimentTypeEnumHandler - Unknown ExperimentType value 'null' will be stored as "Other"
2022-07-08 23:19:01,890 [main] WARN  ome.xml.model.enums.handlers.ExperimentTypeEnumHandler - Unknown ExperimentType value 'null' will be stored as "Other"
2022-07-08 23:19:01,977 [main] WARN  ome.xml.model.enums.handlers.ExperimentTypeEnumHandler - Unknown ExperimentType value 'null' will be stored as "Other"
2022-07-08 23:19:02,081 [main] WARN  ome.xml.model.enums.handlers.ExperimentTypeEnumHandler - Unknown ExperimentType value 'null' will be stored as "Other"
2022-07-08 23:19:02,230 [main] WARN  ome.xml.model.enums.handlers.ExperimentTypeEnumHandler - Unknown ExperimentType value 'null' will be stored as "Other"
2022-07-08 23:19:02,402 [main] WARN  ome.xml.model.enums.handlers.ExperimentTypeEnumHandler - Unknown ExperimentType value 'null' will be stored as "Other"
2022-07-08 23:19:02,499 [main] WARN  ome.xml.model.enums.handlers.ExperimentTypeEnumHandler - Unknown ExperimentType value 'null' will be stored as "Other"
2022-07-08 23:19:02,612 [main] WARN  ome.xml.model.enums.handlers.ExperimentTypeEnumHandler - Unknown ExperimentType value 'null' will be stored as "Other"
2022-07-08 23:19:02,743 [main] WARN  ome.xml.model.enums.handlers.ExperimentTypeEnumHandler - Unknown ExperimentType value 'null' will be stored as "Other"
2022-07-08 23:19:02,871 [main] WARN  ome.xml.model.enums.handlers.ExperimentTypeEnumHandler - Unknown ExperimentType value 'null' will be stored as "Other"
2022-07-08 23:19:02,967 [main] WARN  ome.xml.model.enums.handlers.ExperimentTypeEnumHandler - Unknown ExperimentType value 'null' will be stored as "Other"
2022-07-08 23:19:03,013 [main] WARN  ome.xml.model.enums.handlers.ExperimentTypeEnumHandler - Unknown ExperimentType value 'null' will be stored as "Other"
2022-07-08 23:19:03,153 [main] WARN  ome.xml.model.enums.handlers.ExperimentTypeEnumHandler - Unknown ExperimentType value 'null' will be stored as "Other"
2022-07-08 23:19:03,252 [main] WARN  ome.xml.model.enums.handlers.ExperimentTypeEnumHandler - Unknown ExperimentType value 'null' will be stored as "Other"
2022-07-08 23:19:03,308 [main] WARN  ome.xml.model.enums.handlers.ExperimentTypeEnumHandler - Unknown ExperimentType value 'null' will be stored as "Other"
2022-07-08 23:19:03,389 [main] WARN  ome.xml.model.enums.handlers.ExperimentTypeEnumHandler - Unknown ExperimentType value 'null' will be stored as "Other"
2022-07-08 23:19:03,496 [main] WARN  ome.xml.model.enums.handlers.ExperimentTypeEnumHandler - Unknown ExperimentType value 'null' will be stored as "Other"
2022-07-08 23:19:03,631 [main] WARN  ome.xml.model.enums.handlers.ExperimentTypeEnumHandler - Unknown ExperimentType value 'null' will be stored as "Other"
Tests run: 1383, Failures: 0, Errors: 0, Skipped: 0, Time elapsed: 734.703 sec - in TestSuite

Results :

Tests run: 1383, Failures: 0, Errors: 0, Skipped: 0

[INFO] 
[INFO] --- maven-jar-plugin:2.4:jar (default-jar) @ formats-bsd ---
[INFO] 
[INFO] >>> maven-source-plugin:2.2.1:jar (default) > generate-sources @ formats-bsd >>>
[INFO] 
[INFO] --- buildnumber-maven-plugin:1.2:create (default) @ formats-bsd ---
[INFO] 
[INFO] <<< maven-source-plugin:2.2.1:jar (default) < generate-sources @ formats-bsd <<<
[INFO] 
[INFO] --- maven-source-plugin:2.2.1:jar (default) @ formats-bsd ---
[INFO] Building jar: /home/travis/build/failed/openmicroscopy/bioformats/components/formats-bsd/target/formats-bsd-5.6.0-SNAPSHOT-sources.jar
[INFO] 
[INFO] --- maven-jar-plugin:2.4:test-jar (default) @ formats-bsd ---
[INFO] 
[INFO] --- maven-install-plugin:2.5.1:install (default-install) @ formats-bsd ---
[INFO] Installing /home/travis/build/failed/openmicroscopy/bioformats/components/formats-bsd/target/formats-bsd-5.6.0-SNAPSHOT.jar to /home/travis/.m2/repository/ome/formats-bsd/5.6.0-SNAPSHOT/formats-bsd-5.6.0-SNAPSHOT.jar
[INFO] Installing /home/travis/build/failed/openmicroscopy/bioformats/components/formats-bsd/pom.xml to /home/travis/.m2/repository/ome/formats-bsd/5.6.0-SNAPSHOT/formats-bsd-5.6.0-SNAPSHOT.pom
[INFO] Installing /home/travis/build/failed/openmicroscopy/bioformats/components/formats-bsd/target/formats-bsd-5.6.0-SNAPSHOT-sources.jar to /home/travis/.m2/repository/ome/formats-bsd/5.6.0-SNAPSHOT/formats-bsd-5.6.0-SNAPSHOT-sources.jar
[INFO] Installing /home/travis/build/failed/openmicroscopy/bioformats/components/formats-bsd/target/formats-bsd-5.6.0-SNAPSHOT-tests.jar to /home/travis/.m2/repository/ome/formats-bsd/5.6.0-SNAPSHOT/formats-bsd-5.6.0-SNAPSHOT-tests.jar
[INFO]                                                                         
[INFO] ------------------------------------------------------------------------
[INFO] Building Bio-Formats library 5.6.0-SNAPSHOT
[INFO] ------------------------------------------------------------------------
[INFO] 
[INFO] --- buildnumber-maven-plugin:1.2:create (default) @ formats-gpl ---
[INFO] 
[INFO] --- maven-resources-plugin:2.6:resources (default-resources) @ formats-gpl ---
[INFO] Using 'UTF-8' encoding to copy filtered resources.
[INFO] Copying 3 resources
[INFO] skip non existing resourceDirectory /home/travis/build/failed/openmicroscopy/bioformats/components/formats-gpl/lib
[INFO] Copying 1 resource
[INFO] Copying 1 resource
[INFO] 
[INFO] --- maven-compiler-plugin:3.1:compile (default-compile) @ formats-gpl ---
[INFO] Nothing to compile - all classes are up to date
[INFO] 
[INFO] --- maven-resources-plugin:2.6:testResources (default-testResources) @ formats-gpl ---
[INFO] Using 'UTF-8' encoding to copy filtered resources.
[INFO] Copying 26 resources
[INFO] 
[INFO] --- maven-compiler-plugin:3.1:testCompile (default-testCompile) @ formats-gpl ---
[INFO] Nothing to compile - all classes are up to date
[INFO] 
[INFO] --- maven-surefire-plugin:2.16:test (default-test) @ formats-gpl ---
[INFO] Surefire report directory: /home/travis/build/failed/openmicroscopy/bioformats/components/formats-gpl/target/surefire-reports

-------------------------------------------------------
 T E S T S
-------------------------------------------------------
Running TestSuite
2022-07-08 23:20:00,089 [main] WARN  ome.xml.model.OMEModelImpl - ome.xml.model.FilterSet@56153406 reference to urn:lsid:foo.bar.com:Dichroic:123456 missing from object hierarchy.
2022-07-08 23:20:00,095 [main] WARN  ome.xml.model.OMEModelImpl - ome.xml.model.Laser@67e8ce84 reference to urn:lsid:foo.bar.com:LightSource:123789 missing from object hierarchy.
2022-07-08 23:20:00,295 [main] WARN  ome.xml.model.OMEModelImpl - ome.xml.model.FilterSet@4bada6c3 reference to urn:lsid:foo.bar.com:Dichroic:123456 missing from object hierarchy.
2022-07-08 23:20:00,296 [main] WARN  ome.xml.model.OMEModelImpl - ome.xml.model.Laser@1aa2def reference to urn:lsid:foo.bar.com:LightSource:123789 missing from object hierarchy.
2022-07-08 23:20:00,443 [main] WARN  ome.xml.model.OMEModelImpl - ome.xml.model.FilterSet@4072e154 reference to urn:lsid:foo.bar.com:Dichroic:123456 missing from object hierarchy.
2022-07-08 23:20:00,443 [main] WARN  ome.xml.model.OMEModelImpl - ome.xml.model.Laser@1b1ce9a reference to urn:lsid:foo.bar.com:LightSource:123789 missing from object hierarchy.
2022-07-08 23:20:00,630 [main] WARN  ome.xml.model.OMEModelImpl - ome.xml.model.FilterSet@1410697f reference to urn:lsid:foo.bar.com:Dichroic:123456 missing from object hierarchy.
2022-07-08 23:20:00,630 [main] WARN  ome.xml.model.OMEModelImpl - ome.xml.model.Laser@5f5825a8 reference to urn:lsid:foo.bar.com:LightSource:123789 missing from object hierarchy.
2022-07-08 23:20:00,998 [main] WARN  ome.xml.model.OMEModelImpl - ome.xml.model.FilterSet@2f3a5d68 reference to urn:lsid:foo.bar.com:Dichroic:123456 missing from object hierarchy.
2022-07-08 23:20:00,998 [main] WARN  ome.xml.model.OMEModelImpl - ome.xml.model.Laser@65cfd350 reference to urn:lsid:foo.bar.com:LightSource:123789 missing from object hierarchy.
2022-07-08 23:20:01,113 [main] WARN  ome.xml.model.OMEModelImpl - ome.xml.model.Laser@2a3ebfa9 reference to urn:lsid:foo.bar.com:LightSource:123789 missing from object hierarchy.
2022-07-08 23:20:01,113 [main] WARN  ome.xml.model.OMEModelImpl - ome.xml.model.FilterSet@7d9905e9 reference to urn:lsid:foo.bar.com:Dichroic:123456 missing from object hierarchy.
2022-07-08 23:20:01,221 [main] WARN  ome.xml.model.OMEModelImpl - ome.xml.model.FilterSet@5a47586c reference to urn:lsid:foo.bar.com:Dichroic:123456 missing from object hierarchy.
2022-07-08 23:20:01,222 [main] WARN  ome.xml.model.OMEModelImpl - ome.xml.model.Laser@32127712 reference to urn:lsid:foo.bar.com:LightSource:123789 missing from object hierarchy.
Tests run: 107, Failures: 0, Errors: 0, Skipped: 0, Time elapsed: 3.976 sec - in TestSuite

Results :

Tests run: 107, Failures: 0, Errors: 0, Skipped: 0

[INFO] 
[INFO] --- maven-surefire-plugin:2.16:test (missing-mdb-test) @ formats-gpl ---
[INFO] Surefire report directory: /home/travis/build/failed/openmicroscopy/bioformats/components/formats-gpl/target/surefire-reports

-------------------------------------------------------
 T E S T S
-------------------------------------------------------
Running TestSuite
Tests run: 1, Failures: 0, Errors: 0, Skipped: 0, Time elapsed: 0.739 sec - in TestSuite

Results :

Tests run: 1, Failures: 0, Errors: 0, Skipped: 0

[INFO] 
[INFO] --- maven-surefire-plugin:2.16:test (missing-poi-test) @ formats-gpl ---
[INFO] Surefire report directory: /home/travis/build/failed/openmicroscopy/bioformats/components/formats-gpl/target/surefire-reports

-------------------------------------------------------
 T E S T S
-------------------------------------------------------
Running TestSuite
Tests run: 1, Failures: 0, Errors: 0, Skipped: 0, Time elapsed: 0.763 sec - in TestSuite

Results :

Tests run: 1, Failures: 0, Errors: 0, Skipped: 0

[INFO] 
[INFO] --- maven-surefire-plugin:2.16:test (missing-netcdf-test) @ formats-gpl ---
[INFO] Surefire report directory: /home/travis/build/failed/openmicroscopy/bioformats/components/formats-gpl/target/surefire-reports

-------------------------------------------------------
 T E S T S
-------------------------------------------------------
Running TestSuite
Tests run: 1, Failures: 0, Errors: 0, Skipped: 0, Time elapsed: 0.887 sec - in TestSuite

Results :

Tests run: 1, Failures: 0, Errors: 0, Skipped: 0

[INFO] 
[INFO] --- maven-jar-plugin:2.4:jar (default-jar) @ formats-gpl ---
[INFO] 
[INFO] >>> maven-source-plugin:2.2.1:jar (default) > generate-sources @ formats-gpl >>>
[INFO] 
[INFO] --- buildnumber-maven-plugin:1.2:create (default) @ formats-gpl ---
[INFO] 
[INFO] <<< maven-source-plugin:2.2.1:jar (default) < generate-sources @ formats-gpl <<<
[INFO] 
[INFO] --- maven-source-plugin:2.2.1:jar (default) @ formats-gpl ---
[INFO] 
[INFO] --- maven-jar-plugin:2.4:test-jar (default) @ formats-gpl ---
[INFO] 
[INFO] --- maven-install-plugin:2.5.1:install (default-install) @ formats-gpl ---
[INFO] Installing /home/travis/build/failed/openmicroscopy/bioformats/components/formats-gpl/target/formats-gpl-5.6.0-SNAPSHOT.jar to /home/travis/.m2/repository/ome/formats-gpl/5.6.0-SNAPSHOT/formats-gpl-5.6.0-SNAPSHOT.jar
[INFO] Installing /home/travis/build/failed/openmicroscopy/bioformats/components/formats-gpl/pom.xml to /home/travis/.m2/repository/ome/formats-gpl/5.6.0-SNAPSHOT/formats-gpl-5.6.0-SNAPSHOT.pom
[INFO] Installing /home/travis/build/failed/openmicroscopy/bioformats/components/formats-gpl/target/formats-gpl-5.6.0-SNAPSHOT-sources.jar to /home/travis/.m2/repository/ome/formats-gpl/5.6.0-SNAPSHOT/formats-gpl-5.6.0-SNAPSHOT-sources.jar
[INFO] Installing /home/travis/build/failed/openmicroscopy/bioformats/components/formats-gpl/target/formats-gpl-5.6.0-SNAPSHOT-tests.jar to /home/travis/.m2/repository/ome/formats-gpl/5.6.0-SNAPSHOT/formats-gpl-5.6.0-SNAPSHOT-tests.jar
[INFO]                                                                         
[INFO] ------------------------------------------------------------------------
[INFO] Building Bio-Formats code generator 5.6.0-SNAPSHOT
[INFO] ------------------------------------------------------------------------
[INFO] 
[INFO] --- buildnumber-maven-plugin:1.2:create (default) @ bf-autogen ---
[INFO] 
[INFO] --- maven-resources-plugin:2.6:resources (default-resources) @ bf-autogen ---
[INFO] Using 'UTF-8' encoding to copy filtered resources.
[INFO] Copying 11 resources
[INFO] skip non existing resourceDirectory /home/travis/build/failed/openmicroscopy/bioformats/components/autogen/lib
[INFO] Copying 0 resource
[INFO] Copying 0 resource
[INFO] 
[INFO] --- maven-compiler-plugin:3.1:compile (default-compile) @ bf-autogen ---
[INFO] Nothing to compile - all classes are up to date
[INFO] 
[INFO] --- maven-resources-plugin:2.6:testResources (default-testResources) @ bf-autogen ---
[INFO] Using 'UTF-8' encoding to copy filtered resources.
[INFO] skip non existing resourceDirectory /home/travis/build/failed/openmicroscopy/bioformats/components/autogen/test
[INFO] 
[INFO] --- maven-compiler-plugin:3.1:testCompile (default-testCompile) @ bf-autogen ---
[INFO] No sources to compile
[INFO] 
[INFO] --- maven-surefire-plugin:2.16:test (default-test) @ bf-autogen ---
[INFO] No tests to run.
[INFO] 
[INFO] --- maven-jar-plugin:2.4:jar (default-jar) @ bf-autogen ---
[INFO] 
[INFO] >>> maven-source-plugin:2.2.1:jar (default) > generate-sources @ bf-autogen >>>
[INFO] 
[INFO] --- buildnumber-maven-plugin:1.2:create (default) @ bf-autogen ---
[INFO] 
[INFO] <<< maven-source-plugin:2.2.1:jar (default) < generate-sources @ bf-autogen <<<
[INFO] 
[INFO] --- maven-source-plugin:2.2.1:jar (default) @ bf-autogen ---
[INFO] Building jar: /home/travis/build/failed/openmicroscopy/bioformats/components/autogen/target/bf-autogen-5.6.0-SNAPSHOT-sources.jar
[INFO] 
[INFO] --- maven-jar-plugin:2.4:test-jar (default) @ bf-autogen ---
[INFO] Skipping packaging of the test-jar
[INFO] 
[INFO] --- maven-install-plugin:2.5.1:install (default-install) @ bf-autogen ---
[INFO] Installing /home/travis/build/failed/openmicroscopy/bioformats/components/autogen/target/bf-autogen-5.6.0-SNAPSHOT.jar to /home/travis/.m2/repository/ome/bf-autogen/5.6.0-SNAPSHOT/bf-autogen-5.6.0-SNAPSHOT.jar
[INFO] Installing /home/travis/build/failed/openmicroscopy/bioformats/components/autogen/pom.xml to /home/travis/.m2/repository/ome/bf-autogen/5.6.0-SNAPSHOT/bf-autogen-5.6.0-SNAPSHOT.pom
[INFO] Installing /home/travis/build/failed/openmicroscopy/bioformats/components/autogen/target/bf-autogen-5.6.0-SNAPSHOT-sources.jar to /home/travis/.m2/repository/ome/bf-autogen/5.6.0-SNAPSHOT/bf-autogen-5.6.0-SNAPSHOT-sources.jar
[INFO]                                                                         
[INFO] ------------------------------------------------------------------------
[INFO] Building Bio-Formats Plugins for ImageJ 5.6.0-SNAPSHOT
[INFO] ------------------------------------------------------------------------
[INFO] 
[INFO] --- buildnumber-maven-plugin:1.2:create (default) @ bio-formats_plugins ---
[INFO] 
[INFO] --- maven-resources-plugin:2.6:resources (default-resources) @ bio-formats_plugins ---
[INFO] Using 'UTF-8' encoding to copy filtered resources.
[INFO] Copying 3 resources
[INFO] skip non existing resourceDirectory /home/travis/build/failed/openmicroscopy/bioformats/components/bio-formats-plugins/lib
[INFO] Copying 0 resource
[INFO] Copying 0 resource
[INFO] 
[INFO] --- maven-compiler-plugin:3.1:compile (default-compile) @ bio-formats_plugins ---
[INFO] Nothing to compile - all classes are up to date
[INFO] 
[INFO] --- maven-resources-plugin:2.6:testResources (default-testResources) @ bio-formats_plugins ---
[INFO] Using 'UTF-8' encoding to copy filtered resources.
[INFO] Copying 1 resource
[INFO] 
[INFO] --- maven-compiler-plugin:3.1:testCompile (default-testCompile) @ bio-formats_plugins ---
[INFO] Nothing to compile - all classes are up to date
[INFO] 
[INFO] --- maven-surefire-plugin:2.16:test (default-test) @ bio-formats_plugins ---
[INFO] Surefire report directory: /home/travis/build/failed/openmicroscopy/bioformats/components/bio-formats-plugins/target/surefire-reports

-------------------------------------------------------
 T E S T S
-------------------------------------------------------
Running TestSuite
Warning: Data has too many channels for Colorized color mode
Warning: Data has too many channels for Colorized color mode
Warning: Data has too many channels for Colorized color mode
Warning: Data has too many channels for Colorized color mode
Warning: Data has too many channels for Colorized color mode
Warning: Data has too many channels for Colorized color mode
Warning: Data has too many channels for Colorized color mode
Warning: Data has too many channels for Colorized color mode
Warning: Data has too many channels for Composite color mode
Warning: Data has too many channels for Composite color mode
Warning: Data has too many channels for Composite color mode
Warning: Data has too many channels for Composite color mode
Warning: Data has too many channels for Composite color mode
Warning: Data has too many channels for Composite color mode
Warning: Data has too many channels for Composite color mode
Warning: Data has too many channels for Composite color mode
Warning: Data has too many channels for Composite color mode
Warning: Data has too many channels for Composite color mode
Warning: Data has too many channels for Composite color mode
Warning: Data has too many channels for Composite color mode
Warning: Data has too many channels for Composite color mode
Warning: Data has too many channels for Composite color mode
Warning: Data has too many channels for Composite color mode
Warning: Data has too many channels for Composite color mode
Warning: Data has too many channels for Composite color mode
Warning: Data has too many channels for Composite color mode
Warning: Data has too many channels for Composite color mode
Warning: Data has too many channels for Composite color mode
Warning: Data has too many channels for Composite color mode
Warning: Data has too many channels for Composite color mode
Warning: Data has too many channels for Composite color mode
Warning: Data has too many channels for Composite color mode
Warning: Data has too many channels for Composite color mode
Warning: Data has too many channels for Composite color mode
Warning: Data has too many channels for Composite color mode
Warning: Data has too many channels for Composite color mode
Warning: Data has too many channels for Composite color mode
Warning: Data has too many channels for Composite color mode
Warning: Data has too many channels for Composite color mode
Warning: Data has too many channels for Composite color mode
Warning: Data has too many channels for Composite color mode
Warning: Data has too many channels for Composite color mode
Warning: Data has too many channels for Composite color mode
Warning: Data has too many channels for Composite color mode
Warning: Data has too many channels for Composite color mode
Warning: Data has too many channels for Composite color mode
Warning: Data has too many channels for Composite color mode
Warning: Data has too many channels for Composite color mode
Warning: Data has too many channels for Composite color mode
Warning: Data has too many channels for Composite color mode
Warning: Data has too many channels for Composite color mode
Warning: Data has too many channels for Composite color mode
Warning: Data has too many channels for Composite color mode
Warning: Data has too many channels for Composite color mode
Warning: Data has too many channels for Composite color mode
Warning: Data has too many channels for Composite color mode
Warning: Data has too many channels for Composite color mode
Warning: Data has too many channels for Composite color mode
Warning: Data has too many channels for Composite color mode
Warning: Data has too many channels for Composite color mode
Warning: Data has too many channels for Composite color mode
Warning: Data has too many channels for Composite color mode
Warning: Data has too many channels for Composite color mode
Warning: Data has too many channels for Composite color mode
Warning: Data has too many channels for Composite color mode
Warning: Data has too many channels for Composite color mode
Warning: Data has too many channels for Composite color mode
Warning: Data has too many channels for Composite color mode
Warning: Data has too many channels for Composite color mode
Warning: Data has too many channels for Composite color mode
Warning: Data has too many channels for Composite color mode
Warning: Data has too many channels for Composite color mode
Warning: Data has too many channels for Composite color mode
Warning: Data has too many channels for Composite color mode
Warning: Data has too many channels for Composite color mode
Warning: Data has too many channels for Composite color mode
Warning: Data has too many channels for Custom color mode
Warning: Data has too many channels for Custom color mode
Warning: Data has too many channels for Custom color mode
Warning: Data has too many channels for Custom color mode
Warning: Data has too many channels for Custom color mode
Warning: Data has too many channels for Custom color mode
Warning: Data has too many channels for Custom color mode
Warning: Data has too many channels for Custom color mode
Warning: Data has too many channels for Default color mode
Warning: Data has too many channels for Default color mode
Warning: Data has too many channels for Default color mode
Warning: Data has too many channels for Default color mode
Warning: Data has too many channels for Default color mode
Warning: Data has too many channels for Default color mode
Warning: Data has too many channels for Default color mode
Warning: Data has too many channels for Default color mode
Warning: Data has too many channels for Default color mode
Warning: Data has too many channels for Default color mode
Warning: Data has too many channels for Default color mode
Warning: Data has too many channels for Default color mode
Warning: Data has too many channels for Default color mode
Warning: Data has too many channels for Default color mode
Warning: Data has too many channels for Default color mode
Warning: Data has too many channels for Default color mode
Warning: Data has too many channels for Grayscale color mode
Warning: Data has too many channels for Grayscale color mode
Warning: Data has too many channels for Grayscale color mode
Warning: Data has too many channels for Grayscale color mode
Warning: Data has too many channels for Grayscale color mode
Warning: Data has too many channels for Grayscale color mode
Warning: Data has too many channels for Grayscale color mode
Warning: Data has too many channels for Grayscale color mode
Warning: Data has too many channels for Colorized color mode
Warning: Data has too many channels for Colorized color mode
Warning: Data has too many channels for Colorized color mode
Warning: Data has too many channels for Default color mode
Tests run: 30, Failures: 1, Errors: 0, Skipped: 0, Time elapsed: 9.863 sec <<< FAILURE! - in TestSuite
testDatasetGroupFiles(loci.plugins.in.ImporterTest)  Time elapsed: 0.036 sec  <<< FAILURE!
java.lang.NullPointerException: null
	at loci.plugins.in.ImagePlusReader.constructSliceLabel(ImagePlusReader.java:596)
	at loci.plugins.in.ImagePlusReader.readPlanes(ImagePlusReader.java:390)
	at loci.plugins.in.ImagePlusReader.readImage(ImagePlusReader.java:282)
	at loci.plugins.in.ImagePlusReader.readImages(ImagePlusReader.java:243)
	at loci.plugins.in.ImagePlusReader.readImages(ImagePlusReader.java:221)
	at loci.plugins.in.ImagePlusReader.openImagePlus(ImagePlusReader.java:116)
	at loci.plugins.BF.openImagePlus(BF.java:98)
	at loci.plugins.in.ImporterTest.datasetGroupFilesTester(ImporterTest.java:1035)
	at loci.plugins.in.ImporterTest.testDatasetGroupFiles(ImporterTest.java:2019)


Results :

Failed tests: 
  ImporterTest.testDatasetGroupFiles:2019->datasetGroupFilesTester:1035 Â» NullPointer

Tests run: 30, Failures: 1, Errors: 0, Skipped: 0

[INFO] ------------------------------------------------------------------------
[INFO] Reactor Summary:
[INFO] 
[INFO] Bio-Formats projects ............................... SUCCESS [  0.678 s]
[INFO] JAI Image I/O Tools ................................ SUCCESS [  2.075 s]
[INFO] libjpeg-turbo Java bindings ........................ SUCCESS [  0.323 s]
[INFO] Bio-Formats API .................................... SUCCESS [  2.465 s]
[INFO] BSD Bio-Formats readers and writers ................ SUCCESS [12:15 min]
[INFO] Bio-Formats library ................................ SUCCESS [  8.196 s]
[INFO] Bio-Formats code generator ......................... SUCCESS [  0.376 s]
[INFO] Bio-Formats Plugins for ImageJ ..................... FAILURE [ 10.264 s]
[INFO] Bio-Formats command line tools ..................... SKIPPED
[INFO] bioformats_package bundle .......................... SKIPPED
[INFO] LOCI Tools bundle .................................. SKIPPED
[INFO] Bio-Formats testing framework ...................... SKIPPED
[INFO] Bio-Formats Sphinx documentation ................... SKIPPED
[INFO] ------------------------------------------------------------------------
[INFO] BUILD FAILURE
[INFO] ------------------------------------------------------------------------
[INFO] Total time: 12:40 min
[INFO] Finished at: 2022-07-08T23:20:16+00:00
[INFO] Final Memory: 14M/484M
[INFO] ------------------------------------------------------------------------
[ERROR] Failed to execute goal org.apache.maven.plugins:maven-surefire-plugin:2.16:test (default-test) on project bio-formats_plugins: There are test failures.
[ERROR] 
[ERROR] Please refer to /home/travis/build/failed/openmicroscopy/bioformats/components/bio-formats-plugins/target/surefire-reports for the individual test results.
[ERROR] -> [Help 1]
[ERROR] 
[ERROR] To see the full stack trace of the errors, re-run Maven with the -e switch.
[ERROR] Re-run Maven using the -X switch to enable full debug logging.
[ERROR] 
[ERROR] For more information about the errors and possible solutions, please read the following articles:
[ERROR] [Help 1] http://cwiki.apache.org/confluence/display/MAVEN/MojoFailureException
[ERROR] 
[ERROR] After correcting the problems, you can resume the build with the command
[ERROR]   mvn <goals> -rf :bio-formats_plugins

travis_time:end:014749d1:start=1657321654610681875,finish=1657322416847813448,duration=762237131573[0K
[31;1mThe command "./tools/test-build $BUILD" exited with 1.[0m
travis_fold:start:cache.2[0Kstore build cache
travis_time:start:1be9a3e1[0K
travis_time:end:1be9a3e1:start=1657322416860108705,finish=1657322416869122339,duration=9013634[0Ktravis_time:start:199426da[0K/home/travis/.casher/bin/casher:190: warning: Insecure world writable dir /home/travis/build/failed/openmicroscopy/bioformats/. in PATH, mode 040777
[32;1mchanges detected, packing new archive[0m
/home/travis/.casher/bin/casher:213:in `cache_archive_name': undefined method `[]' for nil:NilClass (NoMethodError)
	from /home/travis/.casher/bin/casher:143:in `push'
	from /home/travis/.casher/bin/casher:53:in `block in run'
	from /home/travis/.rvm/rubies/ruby-1.9.3-p551/lib/ruby/1.9.1/timeout.rb:69:in `timeout'
	from /home/travis/.casher/bin/casher:53:in `run'
	from /home/travis/.casher/bin/casher:263:in `<main>'
.
.
.
.

travis_time:end:199426da:start=1657322416879290765,finish=1657322439674443799,duration=22795153034[0Ktravis_fold:end:cache.2[0K
Done. Your build exited with 1.
