travis_fold:start:system_info[0K[33;1mBuild system information[0m
Build language: java
Build group: stable
Build dist: trusty
Build id: ''
Job id: ''
[34m[1mBuild image provisioning date and time[0m
Tue Aug 29 02:50:02 UTC 2017
[34m[1mOperating System Details[0m
Distributor ID:	Ubuntu
Description:	Ubuntu 14.04.5 LTS
Release:	14.04
Codename:	trusty
[34m[1mCookbooks Version[0m
4642454 https://github.com/travis-ci/travis-cookbooks/tree/4642454
[34m[1mgit version[0m
git version 2.14.1
[34m[1mbash version[0m
GNU bash, version 4.3.11(1)-release (x86_64-pc-linux-gnu)
[34m[1mgcc version[0m
gcc (Ubuntu 4.8.4-2ubuntu1~14.04.3) 4.8.4
Copyright (C) 2013 Free Software Foundation, Inc.
This is free software; see the source for copying conditions.  There is NO
warranty; not even for MERCHANTABILITY or FITNESS FOR A PARTICULAR PURPOSE.

[34m[1mdocker version[0m
Client:
 Version:      17.03.1-ce
 API version:  1.27
 Go version:   go1.7.5
 Git commit:   c6d412e
 Built:        Mon Mar 27 16:58:30 2017
 OS/Arch:      linux/amd64
[34m[1mclang version[0m
clang version 3.9.0 (tags/RELEASE_390/final)
Target: x86_64-unknown-linux-gnu
Thread model: posix
InstalledDir: /usr/local/clang-3.9.0/bin
[34m[1mjq version[0m
jq-1.5
[34m[1mbats version[0m
Bats 0.4.0
[34m[1mshellcheck version[0m
0.4.6
[34m[1mshfmt version[0m
v1.3.1
[34m[1mccache version[0m
ccache version 3.1.9

Copyright (C) 2002-2007 Andrew Tridgell
Copyright (C) 2009-2011 Joel Rosdahl

This program is free software; you can redistribute it and/or modify it under
the terms of the GNU General Public License as published by the Free Software
Foundation; either version 3 of the License, or (at your option) any later
version.
[34m[1mcmake version[0m
cmake version 3.2.2

CMake suite maintained and supported by Kitware (kitware.com/cmake).
[34m[1mheroku version[0m
heroku-cli/6.13.19-6cd27b3 (linux-x64) node-v8.3.0
[34m[1mimagemagick version[0m
Version: ImageMagick 6.7.7-10 2017-07-31 Q16 http://www.imagemagick.org
[34m[1mmd5deep version[0m
4.2
[34m[1mmercurial version[0m
Mercurial Distributed SCM (version 4.2.2)
(see https://mercurial-scm.org for more information)

Copyright (C) 2005-2017 Matt Mackall and others
This is free software; see the source for copying conditions. There is NO
warranty; not even for MERCHANTABILITY or FITNESS FOR A PARTICULAR PURPOSE.
[34m[1mmysql version[0m
mysql  Ver 14.14 Distrib 5.6.33, for debian-linux-gnu (x86_64) using  EditLine wrapper
[34m[1mopenssl version[0m
OpenSSL 1.0.1f 6 Jan 2014
[34m[1mpacker version[0m
Packer v1.0.2

Your version of Packer is out of date! The latest version
is 1.0.4. You can update by downloading from www.packer.io
[34m[1mpostgresql client version[0m
psql (PostgreSQL) 9.6.4
[34m[1mragel version[0m
Ragel State Machine Compiler version 6.8 Feb 2013
Copyright (c) 2001-2009 by Adrian Thurston
[34m[1msubversion version[0m
svn, version 1.8.8 (r1568071)
   compiled Aug 10 2017, 17:20:39 on x86_64-pc-linux-gnu

Copyright (C) 2013 The Apache Software Foundation.
This software consists of contributions made by many people;
see the NOTICE file for more information.
Subversion is open source software, see http://subversion.apache.org/

The following repository access (RA) modules are available:

* ra_svn : Module for accessing a repository using the svn network protocol.
  - with Cyrus SASL authentication
  - handles 'svn' scheme
* ra_local : Module for accessing a repository on local disk.
  - handles 'file' scheme
* ra_serf : Module for accessing a repository via WebDAV protocol using serf.
  - using serf 1.3.3
  - handles 'http' scheme
  - handles 'https' scheme

[34m[1msudo version[0m
Sudo version 1.8.9p5
Configure options: --prefix=/usr -v --with-all-insults --with-pam --with-fqdn --with-logging=syslog --with-logfac=authpriv --with-env-editor --with-editor=/usr/bin/editor --with-timeout=15 --with-password-timeout=0 --with-passprompt=[sudo] password for %p:  --without-lecture --with-tty-tickets --disable-root-mailer --enable-admin-flag --with-sendmail=/usr/sbin/sendmail --with-timedir=/var/lib/sudo --mandir=/usr/share/man --libexecdir=/usr/lib/sudo --with-sssd --with-sssd-lib=/usr/lib/x86_64-linux-gnu --with-selinux
Sudoers policy plugin version 1.8.9p5
Sudoers file grammar version 43

Sudoers path: /etc/sudoers
Authentication methods: 'pam'
Syslog facility if syslog is being used for logging: authpriv
Syslog priority to use when user authenticates successfully: notice
Syslog priority to use when user authenticates unsuccessfully: alert
Send mail if the user is not in sudoers
Use a separate timestamp for each user/tty combo
Lecture user the first time they run sudo
Root may run sudo
Allow some information gathering to give useful error messages
Require fully-qualified hostnames in the sudoers file
Visudo will honor the EDITOR environment variable
Set the LOGNAME and USER environment variables
Length at which to wrap log file lines (0 for no wrap): 80
Authentication timestamp timeout: 15.0 minutes
Password prompt timeout: 0.0 minutes
Number of tries to enter a password: 3
Umask to use or 0777 to use user's: 022
Path to mail program: /usr/sbin/sendmail
Flags for mail program: -t
Address to send mail to: root
Subject line for mail messages: *** SECURITY information for %h ***
Incorrect password message: Sorry, try again.
Path to authentication timestamp dir: /var/lib/sudo
Default password prompt: [sudo] password for %p: 
Default user to run commands as: root
Value to override user's $PATH with: /usr/local/sbin:/usr/local/bin:/usr/sbin:/usr/bin:/sbin:/bin:/snap/bin
Path to the editor for use by visudo: /usr/bin/editor
When to require a password for 'list' pseudocommand: any
When to require a password for 'verify' pseudocommand: all
File descriptors >= 3 will be closed before executing a command
Environment variables to check for sanity:
	TZ
	TERM
	LINGUAS
	LC_*
	LANGUAGE
	LANG
	COLORTERM
Environment variables to remove:
	RUBYOPT
	RUBYLIB
	PYTHONUSERBASE
	PYTHONINSPECT
	PYTHONPATH
	PYTHONHOME
	TMPPREFIX
	ZDOTDIR
	READNULLCMD
	NULLCMD
	FPATH
	PERL5DB
	PERL5OPT
	PERL5LIB
	PERLLIB
	PERLIO_DEBUG 
	JAVA_TOOL_OPTIONS
	SHELLOPTS
	GLOBIGNORE
	PS4
	BASH_ENV
	ENV
	TERMCAP
	TERMPATH
	TERMINFO_DIRS
	TERMINFO
	_RLD*
	LD_*
	PATH_LOCALE
	NLSPATH
	HOSTALIASES
	RES_OPTIONS
	LOCALDOMAIN
	CDPATH
	IFS
Environment variables to preserve:
	JAVA_HOME
	TRAVIS
	CI
	DEBIAN_FRONTEND
	XAUTHORIZATION
	XAUTHORITY
	PS2
	PS1
	PATH
	LS_COLORS
	KRB5CCNAME
	HOSTNAME
	HOME
	DISPLAY
	COLORS
Locale to use while parsing sudoers: C
Directory in which to store input/output logs: /var/log/sudo-io
File in which to store the input/output log: %{seq}
Add an entry to the utmp/utmpx file when allocating a pty
PAM service name to use
PAM service name to use for login shells
Create a new PAM session for the command to run in
Maximum I/O log sequence number: 0

Local IP address and netmask pairs:
	172.17.0.2/255.255.0.0

Sudoers I/O plugin version 1.8.9p5
[34m[1mgzip version[0m
gzip 1.6
Copyright (C) 2007, 2010, 2011 Free Software Foundation, Inc.
Copyright (C) 1993 Jean-loup Gailly.
This is free software.  You may redistribute copies of it under the terms of
the GNU General Public License <http://www.gnu.org/licenses/gpl.html>.
There is NO WARRANTY, to the extent permitted by law.

Written by Jean-loup Gailly.
[34m[1mzip version[0m
Copyright (c) 1990-2008 Info-ZIP - Type 'zip "-L"' for software license.
This is Zip 3.0 (July 5th 2008), by Info-ZIP.
Currently maintained by E. Gordon.  Please send bug reports to
the authors using the web page at www.info-zip.org; see README for details.

Latest sources and executables are at ftp://ftp.info-zip.org/pub/infozip,
as of above date; see http://www.info-zip.org/ for other sites.

Compiled with gcc 4.8.2 for Unix (Linux ELF) on Oct 21 2013.

Zip special compilation options:
	USE_EF_UT_TIME       (store Universal Time)
	BZIP2_SUPPORT        (bzip2 library version 1.0.6, 6-Sept-2010)
	    bzip2 code and library copyright (c) Julian R Seward
	    (See the bzip2 license for terms of use)
	SYMLINK_SUPPORT      (symbolic links supported)
	LARGE_FILE_SUPPORT   (can read and write large files on file system)
	ZIP64_SUPPORT        (use Zip64 to store large files in archives)
	UNICODE_SUPPORT      (store and read UTF-8 Unicode paths)
	STORE_UNIX_UIDs_GIDs (store UID/GID sizes/values using new extra field)
	UIDGID_NOT_16BIT     (old Unix 16-bit UID/GID extra field not used)
	[encryption, version 2.91 of 05 Jan 2007] (modified for Zip 3)

Encryption notice:
	The encryption code of this program is not copyrighted and is
	put in the public domain.  It was originally written in Europe
	and, to the best of our knowledge, can be freely distributed
	in both source and object forms from any country, including
	the USA under License Exception TSU of the U.S. Export
	Administration Regulations (section 740.13(e)) of 6 June 2002.

Zip environment options:
             ZIP:  [none]
          ZIPOPT:  [none]
[34m[1mvim version[0m
VIM - Vi IMproved 7.4 (2013 Aug 10, compiled Nov 24 2016 16:43:18)
Included patches: 1-52
Extra patches: 8.0.0056
Modified by pkg-vim-maintainers@lists.alioth.debian.org
Compiled by buildd@
Huge version without GUI.  Features included (+) or not (-):
+acl             +farsi           +mouse_netterm   +syntax
+arabic          +file_in_path    +mouse_sgr       +tag_binary
+autocmd         +find_in_path    -mouse_sysmouse  +tag_old_static
-balloon_eval    +float           +mouse_urxvt     -tag_any_white
-browse          +folding         +mouse_xterm     -tcl
++builtin_terms  -footer          +multi_byte      +terminfo
+byte_offset     +fork()          +multi_lang      +termresponse
+cindent         +gettext         -mzscheme        +textobjects
-clientserver    -hangul_input    +netbeans_intg   +title
-clipboard       +iconv           +path_extra      -toolbar
+cmdline_compl   +insert_expand   -perl            +user_commands
+cmdline_hist    +jumplist        +persistent_undo +vertsplit
+cmdline_info    +keymap          +postscript      +virtualedit
+comments        +langmap         +printer         +visual
+conceal         +libcall         +profile         +visualextra
+cryptv          +linebreak       +python          +viminfo
+cscope          +lispindent      -python3         +vreplace
+cursorbind      +listcmds        +quickfix        +wildignore
+cursorshape     +localmap        +reltime         +wildmenu
+dialog_con      -lua             +rightleft       +windows
+diff            +menu            -ruby            +writebackup
+digraphs        +mksession       +scrollbind      -X11
-dnd             +modify_fname    +signs           -xfontset
-ebcdic          +mouse           +smartindent     -xim
+emacs_tags      -mouseshape      -sniff           -xsmp
+eval            +mouse_dec       +startuptime     -xterm_clipboard
+ex_extra        +mouse_gpm       +statusline      -xterm_save
+extra_search    -mouse_jsbterm   -sun_workshop    -xpm
   system vimrc file: "$VIM/vimrc"
     user vimrc file: "$HOME/.vimrc"
 2nd user vimrc file: "~/.vim/vimrc"
      user exrc file: "$HOME/.exrc"
  fall-back for $VIM: "/usr/share/vim"
Compilation: gcc -c -I. -Iproto -DHAVE_CONFIG_H     -g -O2 -fstack-protector --param=ssp-buffer-size=4 -Wformat -Werror=format-security -U_FORTIFY_SOURCE -D_FORTIFY_SOURCE=1      
Linking: gcc   -Wl,-Bsymbolic-functions -Wl,-z,relro -Wl,--as-needed -o vim        -lm -ltinfo -lnsl  -lselinux  -lacl -lattr -lgpm -ldl    -L/usr/lib/python2.7/config-x86_64-linux-gnu -lpython2.7 -lpthread -ldl -lutil -lm -Xlinker -export-dynamic -Wl,-O1 -Wl,-Bsymbolic-functions      
[34m[1miptables version[0m
iptables v1.4.21
[34m[1mcurl version[0m
curl 7.35.0 (x86_64-pc-linux-gnu) libcurl/7.35.0 OpenSSL/1.0.1f zlib/1.2.8 libidn/1.28 librtmp/2.3
[34m[1mwget version[0m
GNU Wget 1.15 built on linux-gnu.
[34m[1mrsync version[0m
rsync  version 3.1.0  protocol version 31
[34m[1mgimme version[0m
v1.2.0
[34m[1mnvm version[0m
0.33.2
[34m[1mperlbrew version[0m
/home/travis/perl5/perlbrew/bin/perlbrew  - App::perlbrew/0.80
[34m[1mphpenv version[0m
rbenv 1.1.1-4-g4ebd1bd
[34m[1mrvm version[0m
rvm 1.29.2 (latest) by Michal Papis, Piotr Kuczynski, Wayne E. Seguin [https://rvm.io/]
[34m[1mdefault ruby version[0m
ruby 2.4.1p111 (2017-03-22 revision 58053) [x86_64-linux]
[34m[1mCouchDB version[0m
couchdb 1.6.1
[34m[1mElasticSearch version[0m
5.5.0
[34m[1mInstalled Firefox version[0m
firefox 55.0.2
[34m[1mMongoDB version[0m
MongoDB 3.2.16
[34m[1mPre-installed PostgreSQL versions[0m
9.2.22
9.3.18
9.4.13
9.5.8
9.6.4
[34m[1mRabbitMQ Version[0m
3.6.11
[34m[1mRedis version[0m
redis-server 4.0.1
[34m[1mriak version[0m
2.2.3
[34m[1mPre-installed Go versions[0m
1.7.4
[34m[1mant version[0m
Apache Ant(TM) version 1.9.3 compiled on April 8 2014
[34m[1mmvn version[0m
Apache Maven 3.5.0 (ff8f5e7444045639af65f6095c62210b5713f426; 2017-04-03T19:39:06Z)
Maven home: /usr/local/maven-3.5.0
Java version: 1.8.0_144, vendor: Oracle Corporation
Java home: /usr/lib/jvm/java-8-oracle/jre
Default locale: en_US, platform encoding: UTF-8
OS name: "linux", version: "4.4.0-92-generic", arch: "amd64", family: "unix"
[34m[1mgradle version[0m

------------------------------------------------------------
Gradle 4.0.1
------------------------------------------------------------

Build time:   2017-07-07 14:02:41 UTC
Revision:     38e5dc0f772daecca1d2681885d3d85414eb6826

Groovy:       2.4.11
Ant:          Apache Ant(TM) version 1.9.6 compiled on June 29 2015
JVM:          1.8.0_144 (Oracle Corporation 25.144-b01)
OS:           Linux 4.4.0-92-generic amd64

[34m[1mlein version[0m
WARNING: You're currently running as root; probably by accident.
Press control-C to abort or Enter to continue as root.
Set LEIN_ROOT to disable this warning.
Leiningen 2.7.1 on Java 1.8.0_144 Java HotSpot(TM) 64-Bit Server VM
[34m[1mPre-installed Node.js versions[0m
v4.8.4
v6.11.2
v6.9.4
v7.4.0
v8.4
[34m[1mphpenv versions[0m
  system
  5.6
* 5.6.31 (set by /home/travis/.phpenv/version)
  7.0
  7.0.22
  hhvm
  hhvm-stable
[34m[1mcomposer --version[0m
Composer version 1.4.2 2017-05-17 08:17:52
[34m[1mPre-installed Ruby versions[0m
ruby-2.2.7
ruby-2.3.4
ruby-2.4.1
travis_fold:end:system_info[0K
W: GPG error: http://dl.google.com/linux/chrome/deb stable InRelease: The following signatures couldn't be verified because the public key is not available: NO_PUBKEY 4EB27DB2A3B88B8B
W: The repository 'http://dl.google.com/linux/chrome/deb stable InRelease' is not signed.
W: There is no public key available for the following key IDs:
4EB27DB2A3B88B8B  
W: The repository 'http://www.apache.org/dist/cassandra/debian 39x Release' does not have a Release file.
W: GPG error: http://dl.hhvm.com/ubuntu trusty InRelease: The following signatures couldn't be verified because the public key is not available: NO_PUBKEY B4112585D386EB94
W: The repository 'http://dl.hhvm.com/ubuntu trusty InRelease' is not signed.
W: There is no public key available for the following key IDs:
B4112585D386EB94  
W: The repository 'http://apt.postgresql.org/pub/repos/apt trusty-pgdg Release' does not have a Release file.
W: GPG error: http://repo.mongodb.org/apt/ubuntu trusty/mongodb-org/3.2 Release: The following signatures were invalid: KEYEXPIRED 1507497109
W: The repository 'http://repo.mongodb.org/apt/ubuntu trusty/mongodb-org/3.2 Release' is not signed.
W: The repository 'https://packagecloud.io/basho/riak/ubuntu trusty Release' does not have a Release file.
W: GPG error: https://packagecloud.io/github/git-lfs/ubuntu trusty InRelease: The following signatures couldn't be verified because the public key is not available: NO_PUBKEY 6B05F25D762E3157
W: The repository 'https://packagecloud.io/github/git-lfs/ubuntu trusty InRelease' is not signed.
W: There is no public key available for the following key IDs:
6B05F25D762E3157  
W: GPG error: https://packagecloud.io/rabbitmq/rabbitmq-server/ubuntu trusty InRelease: The following signatures couldn't be verified because the public key is not available: NO_PUBKEY F6609E60DC62814E
W: The repository 'https://packagecloud.io/rabbitmq/rabbitmq-server/ubuntu trusty InRelease' is not signed.
W: There is no public key available for the following key IDs:
F6609E60DC62814E  
W: http://ppa.launchpad.net/couchdb/stable/ubuntu/dists/trusty/Release.gpg: Signature by key 15866BAFD9BCC4F3C1E0DFC7D69548E1C17EAB57 uses weak digest algorithm (SHA1)
E: Failed to fetch https://www.apache.org/dist/cassandra/debian/dists/39x/main/binary-amd64/Packages  gnutls_handshake() failed: Handshake failed
E: Failed to fetch https://www.apache.org/dist/cassandra/debian/dists/39x/main/binary-i386/Packages  gnutls_handshake() failed: Handshake failed
E: Failed to fetch http://apt.postgresql.org/pub/repos/apt/dists/trusty-pgdg/main/binary-amd64/Packages  404  Not Found [IP: 147.75.85.69 80]
E: Failed to fetch http://apt.postgresql.org/pub/repos/apt/dists/trusty-pgdg/main/binary-i386/Packages  404  Not Found [IP: 147.75.85.69 80]
E: Failed to fetch https://packagecloud.io/basho/riak/ubuntu/dists/trusty/main/source/Sources  HttpError404
E: Failed to fetch https://packagecloud.io/basho/riak/ubuntu/dists/trusty/main/binary-amd64/Packages  HttpError402
E: Failed to fetch https://packagecloud.io/basho/riak/ubuntu/dists/trusty/main/binary-i386/Packages  HttpError402
E: Some index files failed to download. They have been ignored, or old ones used instead.
sed: cannot rename /etc/hosts: Device or resource busy
sed: cannot rename /etc/hosts: Device or resource busy
$ jdk_switcher use oraclejdk8
Switching to Oracle JDK8 (java-8-oracle), JAVA_HOME will be set to /usr/lib/jvm/java-8-oracle
$ cd failed/petergeneric/stdlib

[33;1mSetting environment variables from .travis.yml[0m
$ export COVERITY_SCAN_TOKEN=[secure]

travis_fold:start:cache.1[0KSetting up build cache
$ export CASHER_DIR=$HOME/.casher
travis_time:start:012c69f0[0K
travis_time:end:012c69f0:start=1657325706651973548,finish=1657325706661950798,duration=9977250[0Ktravis_time:start:00efee76[0K/home/travis/.casher/bin/casher:213:in `cache_archive_name': undefined method `[]' for nil:NilClass (NoMethodError)
	from /home/travis/.casher/bin/casher:65:in `block in fetch'
	from /home/travis/.casher/bin/casher:64:in `each'
	from /home/travis/.casher/bin/casher:64:in `fetch'
	from /home/travis/.casher/bin/casher:53:in `block in run'
	from /home/travis/.rvm/rubies/ruby-2.2.7/lib/ruby/2.2.0/timeout.rb:88:in `block in timeout'
	from /home/travis/.rvm/rubies/ruby-2.2.7/lib/ruby/2.2.0/timeout.rb:32:in `block in catch'
	from /home/travis/.rvm/rubies/ruby-2.2.7/lib/ruby/2.2.0/timeout.rb:32:in `catch'
	from /home/travis/.rvm/rubies/ruby-2.2.7/lib/ruby/2.2.0/timeout.rb:32:in `catch'
	from /home/travis/.rvm/rubies/ruby-2.2.7/lib/ruby/2.2.0/timeout.rb:103:in `timeout'
	from /home/travis/.casher/bin/casher:53:in `run'
	from /home/travis/.casher/bin/casher:263:in `<main>'
[32;1mattempting to download cache archive[0m

travis_time:end:00efee76:start=1657325706672533299,finish=1657325707556138809,duration=883605510[0Ktravis_time:start:1f3d9638[0K
travis_time:end:1f3d9638:start=1657325707568090778,finish=1657325707578172510,duration=10081732[0Ktravis_time:start:16ffad2a[0K[32;1madding /home/travis/.m2 to cache[0m

travis_time:end:16ffad2a:start=1657325707590608954,finish=1657325708655522386,duration=1064913432[0Ktravis_fold:end:cache.1[0K$ java -Xmx32m -version
Picked up _JAVA_OPTIONS: -Xmx2048m -Xms512m
java version "1.8.0_144"
Java(TM) SE Runtime Environment (build 1.8.0_144-b01)
Java HotSpot(TM) 64-Bit Server VM (build 25.144-b01, mixed mode)
$ javac -J-Xmx32m -version
Picked up _JAVA_OPTIONS: -Xmx2048m -Xms512m
javac 1.8.0_144
travis_fold:start:install[0Ktravis_time:start:0204f357[0K$ mvn -o install -Dhttps.protocols=TLSv1.2 -Dhttps.protocols=TLSv1.2 -DskipTests=true -Dmaven.javadoc.skip=true -B -V
Picked up _JAVA_OPTIONS: -Xmx2048m -Xms512m
Apache Maven 3.5.0 (ff8f5e7444045639af65f6095c62210b5713f426; 2017-04-03T19:39:06Z)
Maven home: /usr/local/maven-3.5.0
Java version: 1.8.0_144, vendor: Oracle Corporation
Java home: /usr/lib/jvm/java-8-oracle/jre
Default locale: en_US, platform encoding: UTF-8
OS name: "linux", version: "4.15.0-109-generic", arch: "amd64", family: "unix"
[INFO] Scanning for projects...
[INFO] Inspecting build with total of 22 modules...
[INFO] Installing Nexus Staging features:
[INFO]   ... total of 22 executions of maven-deploy-plugin replaced with nexus-staging-maven-plugin
[INFO] ------------------------------------------------------------------------
[INFO] Reactor Build Order:
[INFO] 
[INFO] application framework parent
[INFO] stdlib
[INFO] application framework guice modules parent
[INFO] stdlib guice common
[INFO] user-manager
[INFO] user manager rest api
[INFO] stdlib guice webapp
[INFO] stdlib guice metrics
[INFO] stdlib guice freemarker webapp
[INFO] stdlib guice testing support
[INFO] stdlib guice hibernate
[INFO] stdlib guice hibernate testing support
[INFO] stdlib guice liquibase support
[INFO] carbon client
[INFO] service-manager
[INFO] Configuration Service
[INFO] Service Manager API
[INFO] stdlib-rules
[INFO] stdlib-azure
[INFO] Service Manager Main
[INFO] Host Agent
[INFO] user manager service
[INFO] 
[INFO] ------------------------------------------------------------------------
[INFO] Building application framework parent 9.5.4-SNAPSHOT
[INFO] ------------------------------------------------------------------------
[INFO] 
[INFO] --- maven-enforcer-plugin:1.0:enforce (enforce-maven) @ stdlib-parent ---
[INFO] 
[INFO] --- buildnumber-maven-plugin:1.3:create (default) @ stdlib-parent ---
[INFO] maven is executed in offline mode, Updating project files from SCM: skipped.
[INFO] Executing: /bin/sh -c cd /home/travis/build/failed/petergeneric/stdlib && git rev-parse --verify HEAD
[INFO] Working directory: /home/travis/build/failed/petergeneric/stdlib
[INFO] Storing buildNumber: ad9cf5497382d96ec2d2c14e5a36ee683a6bb108 at timestamp: 1657325777063
[INFO] Storing buildScmBranch: master
[INFO] 
[INFO] --- maven-install-plugin:2.4:install (default-install) @ stdlib-parent ---
[INFO] Installing /home/travis/build/failed/petergeneric/stdlib/pom.xml to /home/travis/.m2/failed/com/peterphi/std/stdlib-parent/9.5.4-SNAPSHOT/stdlib-parent-9.5.4-SNAPSHOT.pom
[INFO] 
[INFO] ------------------------------------------------------------------------
[INFO] Building stdlib 9.5.4-SNAPSHOT
[INFO] ------------------------------------------------------------------------
[INFO] 
[INFO] --- maven-enforcer-plugin:1.0:enforce (enforce-maven) @ stdlib ---
[INFO] 
[INFO] --- buildnumber-maven-plugin:1.3:create (default) @ stdlib ---
[INFO] 
[INFO] --- maven-resources-plugin:2.6:resources (default-resources) @ stdlib ---
[INFO] Using 'UTF-8' encoding to copy filtered resources.
[INFO] skip non existing resourceDirectory /home/travis/build/failed/petergeneric/stdlib/stdlib/src/main/resources
[INFO] 
[INFO] --- maven-compiler-plugin:3.3:compile (default-compile) @ stdlib ---
[INFO] Nothing to compile - all classes are up to date
[INFO] 
[INFO] --- maven-resources-plugin:2.6:testResources (default-testResources) @ stdlib ---
[INFO] Using 'UTF-8' encoding to copy filtered resources.
[INFO] skip non existing resourceDirectory /home/travis/build/failed/petergeneric/stdlib/stdlib/src/test/resources
[INFO] 
[INFO] --- maven-compiler-plugin:3.3:testCompile (default-testCompile) @ stdlib ---
[INFO] Nothing to compile - all classes are up to date
[INFO] 
[INFO] --- maven-surefire-plugin:2.19:test (default-test) @ stdlib ---
[INFO] Tests are skipped.
[INFO] 
[INFO] --- maven-jar-plugin:2.6:jar (default-jar) @ stdlib ---
[INFO] 
[INFO] --- maven-install-plugin:2.4:install (default-install) @ stdlib ---
[INFO] Installing /home/travis/build/failed/petergeneric/stdlib/stdlib/target/stdlib-9.5.4-SNAPSHOT.jar to /home/travis/.m2/failed/com/peterphi/std/stdlib/9.5.4-SNAPSHOT/stdlib-9.5.4-SNAPSHOT.jar
[INFO] Installing /home/travis/build/failed/petergeneric/stdlib/stdlib/pom.xml to /home/travis/.m2/failed/com/peterphi/std/stdlib/9.5.4-SNAPSHOT/stdlib-9.5.4-SNAPSHOT.pom
[INFO] 
[INFO] ------------------------------------------------------------------------
[INFO] Building application framework guice modules parent 9.5.4-SNAPSHOT
[INFO] ------------------------------------------------------------------------
[INFO] 
[INFO] --- maven-enforcer-plugin:1.0:enforce (enforce-maven) @ stdlib-guice-parent ---
[INFO] 
[INFO] --- buildnumber-maven-plugin:1.3:create (default) @ stdlib-guice-parent ---
[INFO] 
[INFO] --- maven-install-plugin:2.4:install (default-install) @ stdlib-guice-parent ---
[INFO] Installing /home/travis/build/failed/petergeneric/stdlib/guice/pom.xml to /home/travis/.m2/failed/com/peterphi/std/guice/stdlib-guice-parent/9.5.4-SNAPSHOT/stdlib-guice-parent-9.5.4-SNAPSHOT.pom
[INFO] 
[INFO] ------------------------------------------------------------------------
[INFO] Building stdlib guice common 9.5.4-SNAPSHOT
[INFO] ------------------------------------------------------------------------
[WARNING] The artifact xml-apis:xml-apis:jar:2.0.2 has been relocated to xml-apis:xml-apis:jar:1.0.b2
[INFO] 
[INFO] --- maven-enforcer-plugin:1.0:enforce (enforce-maven) @ stdlib-guice-common ---
[INFO] 
[INFO] --- buildnumber-maven-plugin:1.3:create (default) @ stdlib-guice-common ---
[INFO] 
[INFO] --- maven-resources-plugin:2.6:resources (default-resources) @ stdlib-guice-common ---
[INFO] Using 'UTF-8' encoding to copy filtered resources.
[INFO] Copying 1 resource
[INFO] 
[INFO] --- maven-compiler-plugin:3.3:compile (default-compile) @ stdlib-guice-common ---
[INFO] Nothing to compile - all classes are up to date
[INFO] 
[INFO] --- maven-resources-plugin:2.6:testResources (default-testResources) @ stdlib-guice-common ---
[INFO] Using 'UTF-8' encoding to copy filtered resources.
[INFO] Copying 2 resources
[INFO] 
[INFO] --- maven-compiler-plugin:3.3:testCompile (default-testCompile) @ stdlib-guice-common ---
[INFO] Nothing to compile - all classes are up to date
[INFO] 
[INFO] --- maven-surefire-plugin:2.19:test (default-test) @ stdlib-guice-common ---
[INFO] Tests are skipped.
[INFO] 
[INFO] --- maven-jar-plugin:2.6:jar (default-jar) @ stdlib-guice-common ---
[INFO] 
[INFO] --- maven-install-plugin:2.4:install (default-install) @ stdlib-guice-common ---
[INFO] Installing /home/travis/build/failed/petergeneric/stdlib/guice/common/target/stdlib-guice-common-9.5.4-SNAPSHOT.jar to /home/travis/.m2/failed/com/peterphi/std/guice/stdlib-guice-common/9.5.4-SNAPSHOT/stdlib-guice-common-9.5.4-SNAPSHOT.jar
[INFO] Installing /home/travis/build/failed/petergeneric/stdlib/guice/common/pom.xml to /home/travis/.m2/failed/com/peterphi/std/guice/stdlib-guice-common/9.5.4-SNAPSHOT/stdlib-guice-common-9.5.4-SNAPSHOT.pom
[INFO] 
[INFO] ------------------------------------------------------------------------
[INFO] Building user-manager 9.5.4-SNAPSHOT
[INFO] ------------------------------------------------------------------------
[INFO] 
[INFO] --- maven-enforcer-plugin:1.0:enforce (enforce-maven) @ user-manager-parent ---
[INFO] 
[INFO] --- buildnumber-maven-plugin:1.3:create (default) @ user-manager-parent ---
[INFO] 
[INFO] --- maven-install-plugin:2.4:install (default-install) @ user-manager-parent ---
[INFO] Installing /home/travis/build/failed/petergeneric/stdlib/user-manager/pom.xml to /home/travis/.m2/failed/com/peterphi/user-manager/user-manager-parent/9.5.4-SNAPSHOT/user-manager-parent-9.5.4-SNAPSHOT.pom
[INFO] 
[INFO] ------------------------------------------------------------------------
[INFO] Building user manager rest api 9.5.4-SNAPSHOT
[INFO] ------------------------------------------------------------------------
[INFO] 
[INFO] --- maven-enforcer-plugin:1.0:enforce (enforce-maven) @ user-manager-api ---
[INFO] 
[INFO] --- buildnumber-maven-plugin:1.3:create (default) @ user-manager-api ---
[INFO] 
[INFO] --- maven-resources-plugin:2.6:resources (default-resources) @ user-manager-api ---
[INFO] Using 'UTF-8' encoding to copy filtered resources.
[INFO] skip non existing resourceDirectory /home/travis/build/failed/petergeneric/stdlib/user-manager/api/src/main/resources
[INFO] 
[INFO] --- maven-compiler-plugin:3.3:compile (default-compile) @ user-manager-api ---
[INFO] Nothing to compile - all classes are up to date
[INFO] 
[INFO] --- maven-resources-plugin:2.6:testResources (default-testResources) @ user-manager-api ---
[INFO] Using 'UTF-8' encoding to copy filtered resources.
[INFO] skip non existing resourceDirectory /home/travis/build/failed/petergeneric/stdlib/user-manager/api/src/test/resources
[INFO] 
[INFO] --- maven-compiler-plugin:3.3:testCompile (default-testCompile) @ user-manager-api ---
[INFO] No sources to compile
[INFO] 
[INFO] --- maven-surefire-plugin:2.19:test (default-test) @ user-manager-api ---
[INFO] Tests are skipped.
[INFO] 
[INFO] --- maven-jar-plugin:2.6:jar (default-jar) @ user-manager-api ---
[INFO] 
[INFO] --- maven-install-plugin:2.4:install (default-install) @ user-manager-api ---
[INFO] Installing /home/travis/build/failed/petergeneric/stdlib/user-manager/api/target/user-manager-api-9.5.4-SNAPSHOT.jar to /home/travis/.m2/failed/com/peterphi/user-manager/user-manager-api/9.5.4-SNAPSHOT/user-manager-api-9.5.4-SNAPSHOT.jar
[INFO] Installing /home/travis/build/failed/petergeneric/stdlib/user-manager/api/pom.xml to /home/travis/.m2/failed/com/peterphi/user-manager/user-manager-api/9.5.4-SNAPSHOT/user-manager-api-9.5.4-SNAPSHOT.pom
[INFO] 
[INFO] ------------------------------------------------------------------------
[INFO] Building stdlib guice webapp 9.5.4-SNAPSHOT
[INFO] ------------------------------------------------------------------------
[WARNING] The artifact xml-apis:xml-apis:jar:2.0.2 has been relocated to xml-apis:xml-apis:jar:1.0.b2
[INFO] 
[INFO] --- maven-enforcer-plugin:1.0:enforce (enforce-maven) @ stdlib-guice-webapp ---
[INFO] 
[INFO] --- buildnumber-maven-plugin:1.3:create (default) @ stdlib-guice-webapp ---
[INFO] 
[INFO] --- maven-resources-plugin:2.6:resources (default-resources) @ stdlib-guice-webapp ---
[INFO] Using 'UTF-8' encoding to copy filtered resources.
[INFO] Copying 9 resources
[INFO] 
[INFO] --- maven-compiler-plugin:3.3:compile (default-compile) @ stdlib-guice-webapp ---
[INFO] Nothing to compile - all classes are up to date
[INFO] 
[INFO] --- maven-resources-plugin:2.6:testResources (default-testResources) @ stdlib-guice-webapp ---
[INFO] Using 'UTF-8' encoding to copy filtered resources.
[INFO] skip non existing resourceDirectory /home/travis/build/failed/petergeneric/stdlib/guice/webapp/src/test/resources
[INFO] 
[INFO] --- maven-compiler-plugin:3.3:testCompile (default-testCompile) @ stdlib-guice-webapp ---
[INFO] Nothing to compile - all classes are up to date
[INFO] 
[INFO] --- maven-surefire-plugin:2.19:test (default-test) @ stdlib-guice-webapp ---
[INFO] Tests are skipped.
[INFO] 
[INFO] --- maven-jar-plugin:2.6:jar (default-jar) @ stdlib-guice-webapp ---
[INFO] 
[INFO] --- maven-install-plugin:2.4:install (default-install) @ stdlib-guice-webapp ---
[INFO] Installing /home/travis/build/failed/petergeneric/stdlib/guice/webapp/target/stdlib-guice-webapp-9.5.4-SNAPSHOT.jar to /home/travis/.m2/failed/com/peterphi/std/guice/stdlib-guice-webapp/9.5.4-SNAPSHOT/stdlib-guice-webapp-9.5.4-SNAPSHOT.jar
[INFO] Installing /home/travis/build/failed/petergeneric/stdlib/guice/webapp/pom.xml to /home/travis/.m2/failed/com/peterphi/std/guice/stdlib-guice-webapp/9.5.4-SNAPSHOT/stdlib-guice-webapp-9.5.4-SNAPSHOT.pom
[INFO] 
[INFO] ------------------------------------------------------------------------
[INFO] Building stdlib guice metrics 9.5.4-SNAPSHOT
[INFO] ------------------------------------------------------------------------
[INFO] 
[INFO] --- maven-enforcer-plugin:1.0:enforce (enforce-maven) @ stdlib-guice-metrics ---
[INFO] 
[INFO] --- buildnumber-maven-plugin:1.3:create (default) @ stdlib-guice-metrics ---
[INFO] 
[INFO] --- maven-resources-plugin:2.6:resources (default-resources) @ stdlib-guice-metrics ---
[INFO] Using 'UTF-8' encoding to copy filtered resources.
[INFO] Copying 3 resources
[INFO] 
[INFO] --- maven-compiler-plugin:3.3:compile (default-compile) @ stdlib-guice-metrics ---
[INFO] Nothing to compile - all classes are up to date
[INFO] 
[INFO] --- maven-resources-plugin:2.6:testResources (default-testResources) @ stdlib-guice-metrics ---
[INFO] Using 'UTF-8' encoding to copy filtered resources.
[INFO] skip non existing resourceDirectory /home/travis/build/failed/petergeneric/stdlib/guice/metrics/src/test/resources
[INFO] 
[INFO] --- maven-compiler-plugin:3.3:testCompile (default-testCompile) @ stdlib-guice-metrics ---
[INFO] No sources to compile
[INFO] 
[INFO] --- maven-surefire-plugin:2.19:test (default-test) @ stdlib-guice-metrics ---
[INFO] Tests are skipped.
[INFO] 
[INFO] --- maven-jar-plugin:2.6:jar (default-jar) @ stdlib-guice-metrics ---
[INFO] 
[INFO] --- maven-install-plugin:2.4:install (default-install) @ stdlib-guice-metrics ---
[INFO] Installing /home/travis/build/failed/petergeneric/stdlib/guice/metrics/target/stdlib-guice-metrics-9.5.4-SNAPSHOT.jar to /home/travis/.m2/failed/com/peterphi/std/guice/stdlib-guice-metrics/9.5.4-SNAPSHOT/stdlib-guice-metrics-9.5.4-SNAPSHOT.jar
[INFO] Installing /home/travis/build/failed/petergeneric/stdlib/guice/metrics/pom.xml to /home/travis/.m2/failed/com/peterphi/std/guice/stdlib-guice-metrics/9.5.4-SNAPSHOT/stdlib-guice-metrics-9.5.4-SNAPSHOT.pom
[INFO] 
[INFO] ------------------------------------------------------------------------
[INFO] Building stdlib guice freemarker webapp 9.5.4-SNAPSHOT
[INFO] ------------------------------------------------------------------------
[INFO] 
[INFO] --- maven-enforcer-plugin:1.0:enforce (enforce-maven) @ stdlib-guice-freemarker ---
[INFO] 
[INFO] --- buildnumber-maven-plugin:1.3:create (default) @ stdlib-guice-freemarker ---
[INFO] 
[INFO] --- maven-resources-plugin:2.6:resources (default-resources) @ stdlib-guice-freemarker ---
[INFO] Using 'UTF-8' encoding to copy filtered resources.
[INFO] skip non existing resourceDirectory /home/travis/build/failed/petergeneric/stdlib/guice/freemarker/src/main/resources
[INFO] 
[INFO] --- maven-compiler-plugin:3.3:compile (default-compile) @ stdlib-guice-freemarker ---
[INFO] Nothing to compile - all classes are up to date
[INFO] 
[INFO] --- maven-resources-plugin:2.6:testResources (default-testResources) @ stdlib-guice-freemarker ---
[INFO] Using 'UTF-8' encoding to copy filtered resources.
[INFO] skip non existing resourceDirectory /home/travis/build/failed/petergeneric/stdlib/guice/freemarker/src/test/resources
[INFO] 
[INFO] --- maven-compiler-plugin:3.3:testCompile (default-testCompile) @ stdlib-guice-freemarker ---
[INFO] No sources to compile
[INFO] 
[INFO] --- maven-surefire-plugin:2.19:test (default-test) @ stdlib-guice-freemarker ---
[INFO] Tests are skipped.
[INFO] 
[INFO] --- maven-jar-plugin:2.6:jar (default-jar) @ stdlib-guice-freemarker ---
[INFO] 
[INFO] --- maven-install-plugin:2.4:install (default-install) @ stdlib-guice-freemarker ---
[INFO] Installing /home/travis/build/failed/petergeneric/stdlib/guice/freemarker/target/stdlib-guice-freemarker-9.5.4-SNAPSHOT.jar to /home/travis/.m2/failed/com/peterphi/std/guice/stdlib-guice-freemarker/9.5.4-SNAPSHOT/stdlib-guice-freemarker-9.5.4-SNAPSHOT.jar
[INFO] Installing /home/travis/build/failed/petergeneric/stdlib/guice/freemarker/pom.xml to /home/travis/.m2/failed/com/peterphi/std/guice/stdlib-guice-freemarker/9.5.4-SNAPSHOT/stdlib-guice-freemarker-9.5.4-SNAPSHOT.pom
[INFO] 
[INFO] ------------------------------------------------------------------------
[INFO] Building stdlib guice testing support 9.5.4-SNAPSHOT
[INFO] ------------------------------------------------------------------------
[INFO] 
[INFO] --- maven-enforcer-plugin:1.0:enforce (enforce-maven) @ stdlib-guice-testing ---
[INFO] 
[INFO] --- buildnumber-maven-plugin:1.3:create (default) @ stdlib-guice-testing ---
[INFO] 
[INFO] --- maven-resources-plugin:2.6:resources (default-resources) @ stdlib-guice-testing ---
[INFO] Using 'UTF-8' encoding to copy filtered resources.
[INFO] skip non existing resourceDirectory /home/travis/build/failed/petergeneric/stdlib/guice/testing/src/main/resources
[INFO] 
[INFO] --- maven-compiler-plugin:3.3:compile (default-compile) @ stdlib-guice-testing ---
[INFO] Nothing to compile - all classes are up to date
[INFO] 
[INFO] --- maven-resources-plugin:2.6:testResources (default-testResources) @ stdlib-guice-testing ---
[INFO] Using 'UTF-8' encoding to copy filtered resources.
[INFO] skip non existing resourceDirectory /home/travis/build/failed/petergeneric/stdlib/guice/testing/src/test/resources
[INFO] 
[INFO] --- maven-compiler-plugin:3.3:testCompile (default-testCompile) @ stdlib-guice-testing ---
[INFO] Nothing to compile - all classes are up to date
[INFO] 
[INFO] --- maven-surefire-plugin:2.19:test (default-test) @ stdlib-guice-testing ---
[INFO] Tests are skipped.
[INFO] 
[INFO] --- maven-jar-plugin:2.6:jar (default-jar) @ stdlib-guice-testing ---
[INFO] 
[INFO] --- maven-install-plugin:2.4:install (default-install) @ stdlib-guice-testing ---
[INFO] Installing /home/travis/build/failed/petergeneric/stdlib/guice/testing/target/stdlib-guice-testing-9.5.4-SNAPSHOT.jar to /home/travis/.m2/failed/com/peterphi/std/guice/stdlib-guice-testing/9.5.4-SNAPSHOT/stdlib-guice-testing-9.5.4-SNAPSHOT.jar
[INFO] Installing /home/travis/build/failed/petergeneric/stdlib/guice/testing/pom.xml to /home/travis/.m2/failed/com/peterphi/std/guice/stdlib-guice-testing/9.5.4-SNAPSHOT/stdlib-guice-testing-9.5.4-SNAPSHOT.pom
[INFO] 
[INFO] ------------------------------------------------------------------------
[INFO] Building stdlib guice hibernate 9.5.4-SNAPSHOT
[INFO] ------------------------------------------------------------------------
[INFO] 
[INFO] --- maven-enforcer-plugin:1.0:enforce (enforce-maven) @ stdlib-guice-hibernate ---
[INFO] 
[INFO] --- buildnumber-maven-plugin:1.3:create (default) @ stdlib-guice-hibernate ---
[INFO] 
[INFO] --- maven-resources-plugin:2.6:resources (default-resources) @ stdlib-guice-hibernate ---
[INFO] Using 'UTF-8' encoding to copy filtered resources.
[INFO] Copying 1 resource
[INFO] 
[INFO] --- maven-compiler-plugin:3.3:compile (default-compile) @ stdlib-guice-hibernate ---
[INFO] Nothing to compile - all classes are up to date
[INFO] 
[INFO] --- maven-resources-plugin:2.6:testResources (default-testResources) @ stdlib-guice-hibernate ---
[INFO] Using 'UTF-8' encoding to copy filtered resources.
[INFO] Copying 2 resources
[INFO] 
[INFO] --- maven-compiler-plugin:3.3:testCompile (default-testCompile) @ stdlib-guice-hibernate ---
[INFO] Nothing to compile - all classes are up to date
[INFO] 
[INFO] --- maven-surefire-plugin:2.19:test (default-test) @ stdlib-guice-hibernate ---
[INFO] Tests are skipped.
[INFO] 
[INFO] --- maven-jar-plugin:2.6:jar (default-jar) @ stdlib-guice-hibernate ---
[INFO] 
[INFO] --- maven-install-plugin:2.4:install (default-install) @ stdlib-guice-hibernate ---
[INFO] Installing /home/travis/build/failed/petergeneric/stdlib/guice/hibernate/target/stdlib-guice-hibernate-9.5.4-SNAPSHOT.jar to /home/travis/.m2/failed/com/peterphi/std/guice/stdlib-guice-hibernate/9.5.4-SNAPSHOT/stdlib-guice-hibernate-9.5.4-SNAPSHOT.jar
[INFO] Installing /home/travis/build/failed/petergeneric/stdlib/guice/hibernate/pom.xml to /home/travis/.m2/failed/com/peterphi/std/guice/stdlib-guice-hibernate/9.5.4-SNAPSHOT/stdlib-guice-hibernate-9.5.4-SNAPSHOT.pom
[INFO] 
[INFO] ------------------------------------------------------------------------
[INFO] Building stdlib guice hibernate testing support 9.5.4-SNAPSHOT
[INFO] ------------------------------------------------------------------------
[INFO] 
[INFO] --- maven-enforcer-plugin:1.0:enforce (enforce-maven) @ stdlib-guice-hibernate-testing ---
[INFO] 
[INFO] --- buildnumber-maven-plugin:1.3:create (default) @ stdlib-guice-hibernate-testing ---
[INFO] 
[INFO] --- maven-resources-plugin:2.6:resources (default-resources) @ stdlib-guice-hibernate-testing ---
[INFO] Using 'UTF-8' encoding to copy filtered resources.
[INFO] Copying 2 resources
[INFO] 
[INFO] --- maven-compiler-plugin:3.3:compile (default-compile) @ stdlib-guice-hibernate-testing ---
[INFO] Nothing to compile - all classes are up to date
[INFO] 
[INFO] --- maven-resources-plugin:2.6:testResources (default-testResources) @ stdlib-guice-hibernate-testing ---
[INFO] Using 'UTF-8' encoding to copy filtered resources.
[INFO] Copying 1 resource
[INFO] 
[INFO] --- maven-compiler-plugin:3.3:testCompile (default-testCompile) @ stdlib-guice-hibernate-testing ---
[INFO] Nothing to compile - all classes are up to date
[INFO] 
[INFO] --- maven-surefire-plugin:2.19:test (default-test) @ stdlib-guice-hibernate-testing ---
[INFO] Tests are skipped.
[INFO] 
[INFO] --- maven-jar-plugin:2.6:jar (default-jar) @ stdlib-guice-hibernate-testing ---
[INFO] 
[INFO] --- maven-install-plugin:2.4:install (default-install) @ stdlib-guice-hibernate-testing ---
[INFO] Installing /home/travis/build/failed/petergeneric/stdlib/guice/hibernate-testing/target/stdlib-guice-hibernate-testing-9.5.4-SNAPSHOT.jar to /home/travis/.m2/failed/com/peterphi/std/guice/stdlib-guice-hibernate-testing/9.5.4-SNAPSHOT/stdlib-guice-hibernate-testing-9.5.4-SNAPSHOT.jar
[INFO] Installing /home/travis/build/failed/petergeneric/stdlib/guice/hibernate-testing/pom.xml to /home/travis/.m2/failed/com/peterphi/std/guice/stdlib-guice-hibernate-testing/9.5.4-SNAPSHOT/stdlib-guice-hibernate-testing-9.5.4-SNAPSHOT.pom
[INFO] 
[INFO] ------------------------------------------------------------------------
[INFO] Building stdlib guice liquibase support 9.5.4-SNAPSHOT
[INFO] ------------------------------------------------------------------------
[INFO] 
[INFO] --- maven-enforcer-plugin:1.0:enforce (enforce-maven) @ stdlib-guice-liquibase ---
[INFO] 
[INFO] --- buildnumber-maven-plugin:1.3:create (default) @ stdlib-guice-liquibase ---
[INFO] 
[INFO] --- maven-resources-plugin:2.6:resources (default-resources) @ stdlib-guice-liquibase ---
[INFO] Using 'UTF-8' encoding to copy filtered resources.
[INFO] Copying 1 resource
[INFO] 
[INFO] --- maven-compiler-plugin:3.3:compile (default-compile) @ stdlib-guice-liquibase ---
[INFO] Nothing to compile - all classes are up to date
[INFO] 
[INFO] --- maven-resources-plugin:2.6:testResources (default-testResources) @ stdlib-guice-liquibase ---
[INFO] Using 'UTF-8' encoding to copy filtered resources.
[INFO] Copying 4 resources
[INFO] 
[INFO] --- maven-compiler-plugin:3.3:testCompile (default-testCompile) @ stdlib-guice-liquibase ---
[INFO] Nothing to compile - all classes are up to date
[INFO] 
[INFO] --- maven-surefire-plugin:2.19:test (default-test) @ stdlib-guice-liquibase ---
[INFO] Tests are skipped.
[INFO] 
[INFO] --- maven-jar-plugin:2.6:jar (default-jar) @ stdlib-guice-liquibase ---
[INFO] 
[INFO] --- maven-install-plugin:2.4:install (default-install) @ stdlib-guice-liquibase ---
[INFO] Installing /home/travis/build/failed/petergeneric/stdlib/guice/liquibase/target/stdlib-guice-liquibase-9.5.4-SNAPSHOT.jar to /home/travis/.m2/failed/com/peterphi/std/guice/stdlib-guice-liquibase/9.5.4-SNAPSHOT/stdlib-guice-liquibase-9.5.4-SNAPSHOT.jar
[INFO] Installing /home/travis/build/failed/petergeneric/stdlib/guice/liquibase/pom.xml to /home/travis/.m2/failed/com/peterphi/std/guice/stdlib-guice-liquibase/9.5.4-SNAPSHOT/stdlib-guice-liquibase-9.5.4-SNAPSHOT.pom
[INFO] 
[INFO] ------------------------------------------------------------------------
[INFO] Building carbon client 9.5.4-SNAPSHOT
[INFO] ------------------------------------------------------------------------
[INFO] 
[INFO] --- maven-enforcer-plugin:1.0:enforce (enforce-maven) @ carbon-client ---
[INFO] 
[INFO] --- buildnumber-maven-plugin:1.3:create (default) @ carbon-client ---
[INFO] 
[INFO] --- maven-resources-plugin:2.6:resources (default-resources) @ carbon-client ---
[INFO] Using 'UTF-8' encoding to copy filtered resources.
[INFO] Copying 1 resource
[INFO] 
[INFO] --- maven-compiler-plugin:3.3:compile (default-compile) @ carbon-client ---
[INFO] Nothing to compile - all classes are up to date
[INFO] 
[INFO] --- maven-resources-plugin:2.6:testResources (default-testResources) @ carbon-client ---
[INFO] Using 'UTF-8' encoding to copy filtered resources.
[INFO] Copying 3 resources
[INFO] 
[INFO] --- maven-compiler-plugin:3.3:testCompile (default-testCompile) @ carbon-client ---
[INFO] Nothing to compile - all classes are up to date
[INFO] 
[INFO] --- maven-surefire-plugin:2.19:test (default-test) @ carbon-client ---
[INFO] Tests are skipped.
[INFO] 
[INFO] --- maven-jar-plugin:2.6:jar (default-jar) @ carbon-client ---
[INFO] 
[INFO] --- maven-install-plugin:2.4:install (default-install) @ carbon-client ---
[INFO] Installing /home/travis/build/failed/petergeneric/stdlib/util/carbon-client/target/carbon-client-9.5.4-SNAPSHOT.jar to /home/travis/.m2/failed/com/peterphi/std/util/carbon/carbon-client/9.5.4-SNAPSHOT/carbon-client-9.5.4-SNAPSHOT.jar
[INFO] Installing /home/travis/build/failed/petergeneric/stdlib/util/carbon-client/pom.xml to /home/travis/.m2/failed/com/peterphi/std/util/carbon/carbon-client/9.5.4-SNAPSHOT/carbon-client-9.5.4-SNAPSHOT.pom
[INFO] 
[INFO] ------------------------------------------------------------------------
[INFO] Building service-manager 9.5.4-SNAPSHOT
[INFO] ------------------------------------------------------------------------
[INFO] 
[INFO] --- maven-enforcer-plugin:1.0:enforce (enforce-maven) @ service-manager-parent ---
[INFO] 
[INFO] --- buildnumber-maven-plugin:1.3:create (default) @ service-manager-parent ---
[INFO] 
[INFO] --- maven-install-plugin:2.4:install (default-install) @ service-manager-parent ---
[INFO] Installing /home/travis/build/failed/petergeneric/stdlib/service-manager/pom.xml to /home/travis/.m2/failed/com/peterphi/std/config/service-manager-parent/9.5.4-SNAPSHOT/service-manager-parent-9.5.4-SNAPSHOT.pom
[INFO] 
[INFO] ------------------------------------------------------------------------
[INFO] Building Configuration Service 9.5.4-SNAPSHOT
[INFO] ------------------------------------------------------------------------
[INFO] 
[INFO] --- maven-enforcer-plugin:1.0:enforce (enforce-maven) @ configuration ---
[INFO] 
[INFO] --- buildnumber-maven-plugin:1.3:create (default) @ configuration ---
[INFO] 
[INFO] --- maven-resources-plugin:2.6:resources (default-resources) @ configuration ---
[INFO] Using 'UTF-8' encoding to copy filtered resources.
[INFO] Copying 5 resources
[INFO] 
[INFO] --- maven-compiler-plugin:3.3:compile (default-compile) @ configuration ---
[INFO] Nothing to compile - all classes are up to date
[INFO] 
[INFO] --- maven-resources-plugin:2.6:testResources (default-testResources) @ configuration ---
[INFO] Using 'UTF-8' encoding to copy filtered resources.
[INFO] Copying 1 resource
[INFO] 
[INFO] --- maven-compiler-plugin:3.3:testCompile (default-testCompile) @ configuration ---
[INFO] Nothing to compile - all classes are up to date
[INFO] 
[INFO] --- maven-surefire-plugin:2.19:test (default-test) @ configuration ---
[INFO] Tests are skipped.
[INFO] 
[INFO] --- maven-war-plugin:2.6:war (default-war) @ configuration ---
[INFO] Packaging webapp
[INFO] Assembling webapp [configuration] in [/home/travis/build/failed/petergeneric/stdlib/service-manager/configuration/target/configuration-9.5.4-SNAPSHOT]
[INFO] Processing war project
[INFO] Copying webapp resources [/home/travis/build/failed/petergeneric/stdlib/service-manager/configuration/src/main/webapp]
[INFO] Webapp assembled in [16773 msecs]
[INFO] Building war: /home/travis/build/failed/petergeneric/stdlib/service-manager/configuration/target/configuration-9.5.4-SNAPSHOT.war
[INFO] 
[INFO] --- maven-install-plugin:2.4:install (default-install) @ configuration ---
[INFO] Installing /home/travis/build/failed/petergeneric/stdlib/service-manager/configuration/target/configuration-9.5.4-SNAPSHOT.war to /home/travis/.m2/failed/com/peterphi/std/config/configuration/9.5.4-SNAPSHOT/configuration-9.5.4-SNAPSHOT.war
[INFO] Installing /home/travis/build/failed/petergeneric/stdlib/service-manager/configuration/pom.xml to /home/travis/.m2/failed/com/peterphi/std/config/configuration/9.5.4-SNAPSHOT/configuration-9.5.4-SNAPSHOT.pom
[INFO] 
[INFO] ------------------------------------------------------------------------
[INFO] Building Service Manager API 9.5.4-SNAPSHOT
[INFO] ------------------------------------------------------------------------
[INFO] 
[INFO] --- maven-enforcer-plugin:1.0:enforce (enforce-maven) @ service-manager-api ---
[INFO] 
[INFO] --- buildnumber-maven-plugin:1.3:create (default) @ service-manager-api ---
[INFO] 
[INFO] --- maven-resources-plugin:2.6:resources (default-resources) @ service-manager-api ---
[INFO] Using 'UTF-8' encoding to copy filtered resources.
[INFO] skip non existing resourceDirectory /home/travis/build/failed/petergeneric/stdlib/service-manager/service-manager-api/src/main/resources
[INFO] 
[INFO] --- maven-compiler-plugin:3.3:compile (default-compile) @ service-manager-api ---
[INFO] Nothing to compile - all classes are up to date
[INFO] 
[INFO] --- maven-resources-plugin:2.6:testResources (default-testResources) @ service-manager-api ---
[INFO] Using 'UTF-8' encoding to copy filtered resources.
[INFO] skip non existing resourceDirectory /home/travis/build/failed/petergeneric/stdlib/service-manager/service-manager-api/src/test/resources
[INFO] 
[INFO] --- maven-compiler-plugin:3.3:testCompile (default-testCompile) @ service-manager-api ---
[INFO] No sources to compile
[INFO] 
[INFO] --- maven-surefire-plugin:2.19:test (default-test) @ service-manager-api ---
[INFO] Tests are skipped.
[INFO] 
[INFO] --- maven-jar-plugin:2.6:jar (default-jar) @ service-manager-api ---
[INFO] 
[INFO] --- maven-install-plugin:2.4:install (default-install) @ service-manager-api ---
[INFO] Installing /home/travis/build/failed/petergeneric/stdlib/service-manager/service-manager-api/target/service-manager-api-9.5.4-SNAPSHOT.jar to /home/travis/.m2/failed/com/peterphi/std/config/service-manager-api/9.5.4-SNAPSHOT/service-manager-api-9.5.4-SNAPSHOT.jar
[INFO] Installing /home/travis/build/failed/petergeneric/stdlib/service-manager/service-manager-api/pom.xml to /home/travis/.m2/failed/com/peterphi/std/config/service-manager-api/9.5.4-SNAPSHOT/service-manager-api-9.5.4-SNAPSHOT.pom
[INFO] 
[INFO] ------------------------------------------------------------------------
[INFO] Building stdlib-rules 9.5.4-SNAPSHOT
[INFO] ------------------------------------------------------------------------
[INFO] 
[INFO] --- maven-enforcer-plugin:1.0:enforce (enforce-maven) @ stdlib-rules ---
[INFO] 
[INFO] --- buildnumber-maven-plugin:1.3:create (default) @ stdlib-rules ---
[INFO] 
[INFO] --- maven-resources-plugin:2.6:resources (default-resources) @ stdlib-rules ---
[INFO] Using 'UTF-8' encoding to copy filtered resources.
[INFO] skip non existing resourceDirectory /home/travis/build/failed/petergeneric/stdlib/rules/src/main/resources
[INFO] 
[INFO] --- maven-compiler-plugin:3.3:compile (default-compile) @ stdlib-rules ---
[INFO] Nothing to compile - all classes are up to date
[INFO] 
[INFO] --- maven-resources-plugin:2.6:testResources (default-testResources) @ stdlib-rules ---
[INFO] Using 'UTF-8' encoding to copy filtered resources.
[INFO] Copying 3 resources
[INFO] 
[INFO] --- maven-compiler-plugin:3.3:testCompile (default-testCompile) @ stdlib-rules ---
[INFO] Nothing to compile - all classes are up to date
[INFO] 
[INFO] --- maven-surefire-plugin:2.19:test (default-test) @ stdlib-rules ---
[INFO] Tests are skipped.
[INFO] 
[INFO] --- maven-jar-plugin:2.6:jar (default-jar) @ stdlib-rules ---
[INFO] 
[INFO] --- maven-install-plugin:2.4:install (default-install) @ stdlib-rules ---
[INFO] Installing /home/travis/build/failed/petergeneric/stdlib/rules/target/stdlib-rules-9.5.4-SNAPSHOT.jar to /home/travis/.m2/failed/com/peterphi/std/stdlib-rules/9.5.4-SNAPSHOT/stdlib-rules-9.5.4-SNAPSHOT.jar
[INFO] Installing /home/travis/build/failed/petergeneric/stdlib/rules/pom.xml to /home/travis/.m2/failed/com/peterphi/std/stdlib-rules/9.5.4-SNAPSHOT/stdlib-rules-9.5.4-SNAPSHOT.pom
[INFO] 
[INFO] ------------------------------------------------------------------------
[INFO] Building stdlib-azure 9.5.4-SNAPSHOT
[INFO] ------------------------------------------------------------------------
[INFO] 
[INFO] --- maven-enforcer-plugin:1.0:enforce (enforce-maven) @ stdlib-azure ---
[INFO] 
[INFO] --- buildnumber-maven-plugin:1.3:create (default) @ stdlib-azure ---
[INFO] 
[INFO] --- maven-resources-plugin:2.6:resources (default-resources) @ stdlib-azure ---
[INFO] Using 'UTF-8' encoding to copy filtered resources.
[INFO] skip non existing resourceDirectory /home/travis/build/failed/petergeneric/stdlib/azure/src/main/resources
[INFO] 
[INFO] --- maven-compiler-plugin:3.3:compile (default-compile) @ stdlib-azure ---
[INFO] Nothing to compile - all classes are up to date
[INFO] 
[INFO] --- maven-resources-plugin:2.6:testResources (default-testResources) @ stdlib-azure ---
[INFO] Using 'UTF-8' encoding to copy filtered resources.
[INFO] Copying 1 resource
[INFO] 
[INFO] --- maven-compiler-plugin:3.3:testCompile (default-testCompile) @ stdlib-azure ---
[INFO] Nothing to compile - all classes are up to date
[INFO] 
[INFO] --- maven-surefire-plugin:2.19:test (default-test) @ stdlib-azure ---
[INFO] Tests are skipped.
[INFO] 
[INFO] --- maven-jar-plugin:2.6:jar (default-jar) @ stdlib-azure ---
[INFO] 
[INFO] --- maven-install-plugin:2.4:install (default-install) @ stdlib-azure ---
[INFO] Installing /home/travis/build/failed/petergeneric/stdlib/azure/target/stdlib-azure-9.5.4-SNAPSHOT.jar to /home/travis/.m2/failed/com/peterphi/std/stdlib-azure/9.5.4-SNAPSHOT/stdlib-azure-9.5.4-SNAPSHOT.jar
[INFO] Installing /home/travis/build/failed/petergeneric/stdlib/azure/pom.xml to /home/travis/.m2/failed/com/peterphi/std/stdlib-azure/9.5.4-SNAPSHOT/stdlib-azure-9.5.4-SNAPSHOT.pom
[INFO] 
[INFO] ------------------------------------------------------------------------
[INFO] Building Service Manager Main 9.5.4-SNAPSHOT
[INFO] ------------------------------------------------------------------------
[INFO] 
[INFO] --- maven-enforcer-plugin:1.0:enforce (enforce-maven) @ service-manager ---
[INFO] 
[INFO] --- buildnumber-maven-plugin:1.3:create (default) @ service-manager ---
[INFO] 
[INFO] --- maven-resources-plugin:2.6:resources (default-resources) @ service-manager ---
[INFO] Using 'UTF-8' encoding to copy filtered resources.
[INFO] Copying 6 resources
[INFO] 
[INFO] --- maven-compiler-plugin:3.3:compile (default-compile) @ service-manager ---
[INFO] Nothing to compile - all classes are up to date
[INFO] 
[INFO] --- maven-resources-plugin:2.6:testResources (default-testResources) @ service-manager ---
[INFO] Using 'UTF-8' encoding to copy filtered resources.
[INFO] Copying 1 resource
[INFO] 
[INFO] --- maven-compiler-plugin:3.3:testCompile (default-testCompile) @ service-manager ---
[INFO] Nothing to compile - all classes are up to date
[INFO] 
[INFO] --- maven-surefire-plugin:2.19:test (default-test) @ service-manager ---
[INFO] Tests are skipped.
[INFO] 
[INFO] --- maven-war-plugin:2.6:war (default-war) @ service-manager ---
[INFO] Packaging webapp
[INFO] Assembling webapp [service-manager] in [/home/travis/build/failed/petergeneric/stdlib/service-manager/service-manager/target/service-manager-9.5.4-SNAPSHOT]
[INFO] Processing war project
[INFO] Copying webapp resources [/home/travis/build/failed/petergeneric/stdlib/service-manager/service-manager/src/main/webapp]
[INFO] Webapp assembled in [19350 msecs]
[INFO] Building war: /home/travis/build/failed/petergeneric/stdlib/service-manager/service-manager/target/service-manager-9.5.4-SNAPSHOT.war
[INFO] 
[INFO] --- maven-install-plugin:2.4:install (default-install) @ service-manager ---
[INFO] Installing /home/travis/build/failed/petergeneric/stdlib/service-manager/service-manager/target/service-manager-9.5.4-SNAPSHOT.war to /home/travis/.m2/failed/com/peterphi/std/config/service-manager/9.5.4-SNAPSHOT/service-manager-9.5.4-SNAPSHOT.war
[INFO] Installing /home/travis/build/failed/petergeneric/stdlib/service-manager/service-manager/pom.xml to /home/travis/.m2/failed/com/peterphi/std/config/service-manager/9.5.4-SNAPSHOT/service-manager-9.5.4-SNAPSHOT.pom
[INFO] 
[INFO] ------------------------------------------------------------------------
[INFO] Building Host Agent 9.5.4-SNAPSHOT
[INFO] ------------------------------------------------------------------------
[INFO] 
[INFO] --- maven-enforcer-plugin:1.0:enforce (enforce-maven) @ host-agent ---
[INFO] 
[INFO] --- buildnumber-maven-plugin:1.3:create (default) @ host-agent ---
[INFO] 
[INFO] --- maven-resources-plugin:2.6:resources (default-resources) @ host-agent ---
[INFO] Using 'UTF-8' encoding to copy filtered resources.
[INFO] Copying 2 resources
[INFO] 
[INFO] --- maven-compiler-plugin:3.3:compile (default-compile) @ host-agent ---
[INFO] Nothing to compile - all classes are up to date
[INFO] 
[INFO] --- maven-resources-plugin:2.6:testResources (default-testResources) @ host-agent ---
[INFO] Using 'UTF-8' encoding to copy filtered resources.
[INFO] skip non existing resourceDirectory /home/travis/build/failed/petergeneric/stdlib/service-manager/host-agent/src/test/resources
[INFO] 
[INFO] --- maven-compiler-plugin:3.3:testCompile (default-testCompile) @ host-agent ---
[INFO] No sources to compile
[INFO] 
[INFO] --- maven-surefire-plugin:2.19:test (default-test) @ host-agent ---
[INFO] Tests are skipped.
[INFO] 
[INFO] --- maven-war-plugin:2.6:war (default-war) @ host-agent ---
[INFO] Packaging webapp
[INFO] Assembling webapp [host-agent] in [/home/travis/build/failed/petergeneric/stdlib/service-manager/host-agent/target/host-agent-9.5.4-SNAPSHOT]
[INFO] Processing war project
[INFO] Copying webapp resources [/home/travis/build/failed/petergeneric/stdlib/service-manager/host-agent/src/main/webapp]
[INFO] Webapp assembled in [4687 msecs]
[INFO] Building war: /home/travis/build/failed/petergeneric/stdlib/service-manager/host-agent/target/host-agent-9.5.4-SNAPSHOT.war
[INFO] 
[INFO] --- maven-install-plugin:2.4:install (default-install) @ host-agent ---
[INFO] Installing /home/travis/build/failed/petergeneric/stdlib/service-manager/host-agent/target/host-agent-9.5.4-SNAPSHOT.war to /home/travis/.m2/failed/com/peterphi/std/config/host-agent/9.5.4-SNAPSHOT/host-agent-9.5.4-SNAPSHOT.war
[INFO] Installing /home/travis/build/failed/petergeneric/stdlib/service-manager/host-agent/pom.xml to /home/travis/.m2/failed/com/peterphi/std/config/host-agent/9.5.4-SNAPSHOT/host-agent-9.5.4-SNAPSHOT.pom
[INFO] 
[INFO] ------------------------------------------------------------------------
[INFO] Building user manager service 9.5.4-SNAPSHOT
[INFO] ------------------------------------------------------------------------
[INFO] 
[INFO] --- maven-enforcer-plugin:1.0:enforce (enforce-maven) @ user-manager ---
[INFO] 
[INFO] --- buildnumber-maven-plugin:1.3:create (default) @ user-manager ---
[INFO] 
[INFO] --- maven-resources-plugin:2.6:resources (default-resources) @ user-manager ---
[INFO] Using 'UTF-8' encoding to copy filtered resources.
[INFO] Copying 6 resources
[INFO] 
[INFO] --- maven-compiler-plugin:3.3:compile (default-compile) @ user-manager ---
[INFO] Nothing to compile - all classes are up to date
[INFO] 
[INFO] --- maven-resources-plugin:2.6:testResources (default-testResources) @ user-manager ---
[INFO] Using 'UTF-8' encoding to copy filtered resources.
[INFO] Copying 1 resource
[INFO] 
[INFO] --- maven-compiler-plugin:3.3:testCompile (default-testCompile) @ user-manager ---
[INFO] Nothing to compile - all classes are up to date
[INFO] 
[INFO] --- maven-surefire-plugin:2.19:test (default-test) @ user-manager ---
[INFO] Tests are skipped.
[INFO] 
[INFO] --- maven-war-plugin:2.6:war (default-war) @ user-manager ---
[INFO] Packaging webapp
[INFO] Assembling webapp [user-manager] in [/home/travis/build/failed/petergeneric/stdlib/user-manager/service/target/user-manager-9.5.4-SNAPSHOT]
[INFO] Processing war project
[INFO] Copying webapp resources [/home/travis/build/failed/petergeneric/stdlib/user-manager/service/src/main/webapp]
[INFO] Webapp assembled in [5923 msecs]
[INFO] Building war: /home/travis/build/failed/petergeneric/stdlib/user-manager/service/target/user-manager-9.5.4-SNAPSHOT.war
[INFO] 
[INFO] --- maven-install-plugin:2.4:install (default-install) @ user-manager ---
[INFO] Installing /home/travis/build/failed/petergeneric/stdlib/user-manager/service/target/user-manager-9.5.4-SNAPSHOT.war to /home/travis/.m2/failed/com/peterphi/user-manager/user-manager/9.5.4-SNAPSHOT/user-manager-9.5.4-SNAPSHOT.war
[INFO] Installing /home/travis/build/failed/petergeneric/stdlib/user-manager/service/pom.xml to /home/travis/.m2/failed/com/peterphi/user-manager/user-manager/9.5.4-SNAPSHOT/user-manager-9.5.4-SNAPSHOT.pom
[INFO] ------------------------------------------------------------------------
[INFO] Reactor Summary:
[INFO] 
[INFO] application framework parent ....................... SUCCESS [ 27.244 s]
[INFO] stdlib ............................................. SUCCESS [ 38.530 s]
[INFO] application framework guice modules parent ......... SUCCESS [  4.829 s]
[INFO] stdlib guice common ................................ SUCCESS [ 17.060 s]
[INFO] user-manager ....................................... SUCCESS [  0.548 s]
[INFO] user manager rest api .............................. SUCCESS [  1.610 s]
[INFO] stdlib guice webapp ................................ SUCCESS [  4.842 s]
[INFO] stdlib guice metrics ............................... SUCCESS [  3.441 s]
[INFO] stdlib guice freemarker webapp ..................... SUCCESS [  1.390 s]
[INFO] stdlib guice testing support ....................... SUCCESS [  2.738 s]
[INFO] stdlib guice hibernate ............................. SUCCESS [  4.763 s]
[INFO] stdlib guice hibernate testing support ............. SUCCESS [  3.009 s]
[INFO] stdlib guice liquibase support ..................... SUCCESS [  1.821 s]
[INFO] carbon client ...................................... SUCCESS [  1.151 s]
[INFO] service-manager .................................... SUCCESS [  0.646 s]
[INFO] Configuration Service .............................. SUCCESS [ 30.075 s]
[INFO] Service Manager API ................................ SUCCESS [  1.579 s]
[INFO] stdlib-rules ....................................... SUCCESS [  1.698 s]
[INFO] stdlib-azure ....................................... SUCCESS [ 10.490 s]
[INFO] Service Manager Main ............................... SUCCESS [ 31.546 s]
[INFO] Host Agent ......................................... SUCCESS [  7.542 s]
[INFO] user manager service ............................... SUCCESS [  8.624 s]
[INFO] ------------------------------------------------------------------------
[INFO] BUILD SUCCESS
[INFO] ------------------------------------------------------------------------
[INFO] Total time: 03:52 min
[INFO] Finished at: 2022-07-09T00:19:17Z
[INFO] Final Memory: 25M/492M
[INFO] ------------------------------------------------------------------------

travis_time:end:0204f357:start=1657325718514069701,finish=1657325957554333235,duration=239040263534[0Ktravis_fold:end:install[0Ktravis_time:start:0b4f891d[0K$ mvn test -Dhttps.protocols=TLSv1.2 -Dhttps.protocols=TLSv1.2 -B
Picked up _JAVA_OPTIONS: -Xmx2048m -Xms512m
[INFO] Scanning for projects...
[INFO] Inspecting build with total of 22 modules...
[INFO] Installing Nexus Staging features:
[INFO]   ... total of 22 executions of maven-deploy-plugin replaced with nexus-staging-maven-plugin
[INFO] ------------------------------------------------------------------------
[INFO] Reactor Build Order:
[INFO] 
[INFO] application framework parent
[INFO] stdlib
[INFO] application framework guice modules parent
[INFO] stdlib guice common
[INFO] user-manager
[INFO] user manager rest api
[INFO] stdlib guice webapp
[INFO] stdlib guice metrics
[INFO] stdlib guice freemarker webapp
[INFO] stdlib guice testing support
[INFO] stdlib guice hibernate
[INFO] stdlib guice hibernate testing support
[INFO] stdlib guice liquibase support
[INFO] carbon client
[INFO] service-manager
[INFO] Configuration Service
[INFO] Service Manager API
[INFO] stdlib-rules
[INFO] stdlib-azure
[INFO] Service Manager Main
[INFO] Host Agent
[INFO] user manager service
[INFO] 
[INFO] ------------------------------------------------------------------------
[INFO] Building application framework parent 9.5.4-SNAPSHOT
[INFO] ------------------------------------------------------------------------
[INFO] 
[INFO] --- maven-enforcer-plugin:1.0:enforce (enforce-maven) @ stdlib-parent ---
[INFO] 
[INFO] --- buildnumber-maven-plugin:1.3:create (default) @ stdlib-parent ---
[INFO] Executing: /bin/sh -c cd /home/travis/build/failed/petergeneric/stdlib && git rev-parse --verify HEAD
[INFO] Working directory: /home/travis/build/failed/petergeneric/stdlib
[INFO] Storing buildNumber: ad9cf5497382d96ec2d2c14e5a36ee683a6bb108 at timestamp: 1657325960105
[INFO] Storing buildScmBranch: master
[INFO] 
[INFO] ------------------------------------------------------------------------
[INFO] Building stdlib 9.5.4-SNAPSHOT
[INFO] ------------------------------------------------------------------------
[INFO] 
[INFO] --- maven-enforcer-plugin:1.0:enforce (enforce-maven) @ stdlib ---
[INFO] 
[INFO] --- buildnumber-maven-plugin:1.3:create (default) @ stdlib ---
[INFO] 
[INFO] --- maven-resources-plugin:2.6:resources (default-resources) @ stdlib ---
[INFO] Using 'UTF-8' encoding to copy filtered resources.
[INFO] skip non existing resourceDirectory /home/travis/build/failed/petergeneric/stdlib/stdlib/src/main/resources
[INFO] 
[INFO] --- maven-compiler-plugin:3.3:compile (default-compile) @ stdlib ---
[INFO] Nothing to compile - all classes are up to date
[INFO] 
[INFO] --- maven-resources-plugin:2.6:testResources (default-testResources) @ stdlib ---
[INFO] Using 'UTF-8' encoding to copy filtered resources.
[INFO] skip non existing resourceDirectory /home/travis/build/failed/petergeneric/stdlib/stdlib/src/test/resources
[INFO] 
[INFO] --- maven-compiler-plugin:3.3:testCompile (default-testCompile) @ stdlib ---
[INFO] Nothing to compile - all classes are up to date
[INFO] 
[INFO] --- maven-surefire-plugin:2.19:test (default-test) @ stdlib ---

-------------------------------------------------------
 T E S T S
-------------------------------------------------------
Picked up _JAVA_OPTIONS: -Xmx2048m -Xms512m
Running com.peterphi.std.io.PropertyFileTest
Tests run: 3, Failures: 0, Errors: 0, Skipped: 0, Time elapsed: 0.528 sec - in com.peterphi.std.io.PropertyFileTest
Running com.peterphi.std.threading.SettableFutureTest
log4j:WARN No appenders could be found for logger (com.peterphi.std.threading.SettableFuture).
log4j:WARN Please initialize the log4j system properly.
log4j:WARN See http://logging.apache.org/log4j/1.2/faq.html#noconfig for more info.
Tests run: 4, Failures: 0, Errors: 0, Skipped: 0, Time elapsed: 0 sec - in com.peterphi.std.threading.SettableFutureTest
Running com.peterphi.std.types.TimebaseTest
Tests run: 7, Failures: 0, Errors: 0, Skipped: 0, Time elapsed: 0 sec - in com.peterphi.std.types.TimebaseTest
Running com.peterphi.std.types.TimecodeComparatorTest
Tests run: 5, Failures: 0, Errors: 0, Skipped: 0, Time elapsed: 0.169 sec - in com.peterphi.std.types.TimecodeComparatorTest
Running com.peterphi.std.types.TimecodeRangeTest
Tests run: 10, Failures: 0, Errors: 0, Skipped: 0, Time elapsed: 0.002 sec - in com.peterphi.std.types.TimecodeRangeTest
Running com.peterphi.std.types.TimecodeTest
Tests run: 32, Failures: 0, Errors: 0, Skipped: 0, Time elapsed: 0.292 sec - in com.peterphi.std.types.TimecodeTest
Running com.peterphi.std.util.JDOMUtilsTest
Tests run: 3, Failures: 0, Errors: 0, Skipped: 0, Time elapsed: 4.616 sec - in com.peterphi.std.util.JDOMUtilsTest
Running com.peterphi.std.util.ListUtilityTest
Tests run: 15, Failures: 0, Errors: 0, Skipped: 0, Time elapsed: 0.094 sec - in com.peterphi.std.util.ListUtilityTest
Running com.peterphi.std.util.jaxb.MultiXSDGeneratorAndValidatorTest
Tests run: 2, Failures: 0, Errors: 0, Skipped: 0, Time elapsed: 16.19 sec - in com.peterphi.std.util.jaxb.MultiXSDGeneratorAndValidatorTest

Results :

Tests run: 81, Failures: 0, Errors: 0, Skipped: 0

[INFO] 
[INFO] ------------------------------------------------------------------------
[INFO] Building application framework guice modules parent 9.5.4-SNAPSHOT
[INFO] ------------------------------------------------------------------------
[INFO] 
[INFO] --- maven-enforcer-plugin:1.0:enforce (enforce-maven) @ stdlib-guice-parent ---
[INFO] 
[INFO] --- buildnumber-maven-plugin:1.3:create (default) @ stdlib-guice-parent ---
[INFO] 
[INFO] ------------------------------------------------------------------------
[INFO] Building stdlib guice common 9.5.4-SNAPSHOT
[INFO] ------------------------------------------------------------------------
[WARNING] The artifact xml-apis:xml-apis:jar:2.0.2 has been relocated to xml-apis:xml-apis:jar:1.0.b2
[INFO] 
[INFO] --- maven-enforcer-plugin:1.0:enforce (enforce-maven) @ stdlib-guice-common ---
[INFO] 
[INFO] --- buildnumber-maven-plugin:1.3:create (default) @ stdlib-guice-common ---
[INFO] 
[INFO] --- maven-resources-plugin:2.6:resources (default-resources) @ stdlib-guice-common ---
[INFO] Using 'UTF-8' encoding to copy filtered resources.
[INFO] Copying 1 resource
[INFO] 
[INFO] --- maven-compiler-plugin:3.3:compile (default-compile) @ stdlib-guice-common ---
[INFO] Nothing to compile - all classes are up to date
[INFO] 
[INFO] --- maven-resources-plugin:2.6:testResources (default-testResources) @ stdlib-guice-common ---
[INFO] Using 'UTF-8' encoding to copy filtered resources.
[INFO] Copying 2 resources
[INFO] 
[INFO] --- maven-compiler-plugin:3.3:testCompile (default-testCompile) @ stdlib-guice-common ---
[INFO] Nothing to compile - all classes are up to date
[INFO] 
[INFO] --- maven-surefire-plugin:2.19:test (default-test) @ stdlib-guice-common ---

-------------------------------------------------------
 T E S T S
-------------------------------------------------------
Picked up _JAVA_OPTIONS: -Xmx2048m -Xms512m
Running com.peterphi.std.guice.common.cache.module.CacheMethodInterceptorTest
log4j:WARN No appenders could be found for logger (com.peterphi.std.guice.apploader.impl.GuiceFactory).
log4j:WARN Please initialize the log4j system properly.
log4j:WARN See http://logging.apache.org/log4j/1.2/faq.html#noconfig for more info.
Tests run: 1, Failures: 1, Errors: 0, Skipped: 0, Time elapsed: 7.201 sec <<< FAILURE! - in com.peterphi.std.guice.common.cache.module.CacheMethodInterceptorTest
testCache(com.peterphi.std.guice.common.cache.module.CacheMethodInterceptorTest)  Time elapsed: 7.195 sec  <<< FAILURE!
java.lang.AssertionError: expected:<1> but was:<2>
	at com.peterphi.std.guice.common.cache.module.CacheMethodInterceptorTest.testCache(CacheMethodInterceptorTest.java:38)

Running com.peterphi.std.guice.common.lifecycle.GuiceLifecycleModuleTest
Tests run: 3, Failures: 0, Errors: 0, Skipped: 0, Time elapsed: 1.347 sec - in com.peterphi.std.guice.common.lifecycle.GuiceLifecycleModuleTest
Running com.peterphi.std.guice.common.retry.module.RetryMethodInterceptorTest
Tests run: 1, Failures: 0, Errors: 0, Skipped: 0, Time elapsed: 0.942 sec - in com.peterphi.std.guice.common.retry.module.RetryMethodInterceptorTest
Running com.peterphi.std.guice.common.retry.retry.RetryManagerTest
Tests run: 1, Failures: 0, Errors: 0, Skipped: 0, Time elapsed: 0.288 sec - in com.peterphi.std.guice.common.retry.retry.RetryManagerTest
Running com.peterphi.std.guice.common.retry.retry.backoff.ExponentialBackoffTest
Tests run: 2, Failures: 0, Errors: 0, Skipped: 0, Time elapsed: 0 sec - in com.peterphi.std.guice.common.retry.retry.backoff.ExponentialBackoffTest
Running com.peterphi.std.guice.common.retry.retry.backoff.NoBackoffStrategyTest
Tests run: 1, Failures: 0, Errors: 0, Skipped: 0, Time elapsed: 0 sec - in com.peterphi.std.guice.common.retry.retry.backoff.NoBackoffStrategyTest
Running com.peterphi.std.guice.common.serviceprops.ConfigRefTest
Tests run: 1, Failures: 0, Errors: 0, Skipped: 0, Time elapsed: 0.001 sec - in com.peterphi.std.guice.common.serviceprops.ConfigRefTest
Running com.peterphi.std.guice.common.serviceprops.composite.GuiceConfigTest
Tests run: 4, Failures: 0, Errors: 0, Skipped: 0, Time elapsed: 0.112 sec - in com.peterphi.std.guice.common.serviceprops.composite.GuiceConfigTest
Running com.peterphi.std.guice.common.serviceprops.jaxbref.JAXBResourceFactoryTest
Tests run: 7, Failures: 0, Errors: 0, Skipped: 0, Time elapsed: 1.436 sec - in com.peterphi.std.guice.common.serviceprops.jaxbref.JAXBResourceFactoryTest
Running com.peterphi.std.guice.common.serviceprops.typed.TimeoutConverterTest
Tests run: 1, Failures: 0, Errors: 0, Skipped: 0, Time elapsed: 0.349 sec - in com.peterphi.std.guice.common.serviceprops.typed.TimeoutConverterTest
Running com.peterphi.std.guice.restclient.jaxb.webquery.WQDatesTest
Tests run: 4, Failures: 0, Errors: 0, Skipped: 0, Time elapsed: 0.178 sec - in com.peterphi.std.guice.restclient.jaxb.webquery.WQDatesTest

Results :

Failed tests: 
  CacheMethodInterceptorTest.testCache:38 expected:<1> but was:<2>

Tests run: 26, Failures: 1, Errors: 0, Skipped: 0

[INFO] ------------------------------------------------------------------------
[INFO] Reactor Summary:
[INFO] 
[INFO] application framework parent ....................... SUCCESS [  0.477 s]
[INFO] stdlib ............................................. SUCCESS [ 30.414 s]
[INFO] application framework guice modules parent ......... SUCCESS [  0.035 s]
[INFO] stdlib guice common ................................ FAILURE [ 15.452 s]
[INFO] user-manager ....................................... SKIPPED
[INFO] user manager rest api .............................. SKIPPED
[INFO] stdlib guice webapp ................................ SKIPPED
[INFO] stdlib guice metrics ............................... SKIPPED
[INFO] stdlib guice freemarker webapp ..................... SKIPPED
[INFO] stdlib guice testing support ....................... SKIPPED
[INFO] stdlib guice hibernate ............................. SKIPPED
[INFO] stdlib guice hibernate testing support ............. SKIPPED
[INFO] stdlib guice liquibase support ..................... SKIPPED
[INFO] carbon client ...................................... SKIPPED
[INFO] service-manager .................................... SKIPPED
[INFO] Configuration Service .............................. SKIPPED
[INFO] Service Manager API ................................ SKIPPED
[INFO] stdlib-rules ....................................... SKIPPED
[INFO] stdlib-azure ....................................... SKIPPED
[INFO] Service Manager Main ............................... SKIPPED
[INFO] Host Agent ......................................... SKIPPED
[INFO] user manager service ............................... SKIPPED
[INFO] ------------------------------------------------------------------------
[INFO] BUILD FAILURE
[INFO] ------------------------------------------------------------------------
[INFO] Total time: 47.277 s
[INFO] Finished at: 2022-07-09T00:20:06Z
[INFO] Final Memory: 24M/752M
[INFO] ------------------------------------------------------------------------
[ERROR] Failed to execute goal org.apache.maven.plugins:maven-surefire-plugin:2.19:test (default-test) on project stdlib-guice-common: There are test failures.
[ERROR] 
[ERROR] Please refer to /home/travis/build/failed/petergeneric/stdlib/guice/common/target/surefire-reports for the individual test results.
[ERROR] -> [Help 1]
[ERROR] 
[ERROR] To see the full stack trace of the errors, re-run Maven with the -e switch.
[ERROR] Re-run Maven using the -X switch to enable full debug logging.
[ERROR] 
[ERROR] For more information about the errors and possible solutions, please read the following articles:
[ERROR] [Help 1] http://cwiki.apache.org/confluence/display/MAVEN/MojoFailureException
[ERROR] 
[ERROR] After correcting the problems, you can resume the build with the command
[ERROR]   mvn <goals> -rf :stdlib-guice-common

travis_time:end:0b4f891d:start=1657325957565100801,finish=1657326006362078881,duration=48796978080[0K
[31;1mThe command "mvn test -Dhttps.protocols=TLSv1.2 -Dhttps.protocols=TLSv1.2 -B" exited with 1.[0m
travis_fold:start:before_cache[0Ktravis_time:start:28d02050[0K$ rm -f $HOME/.m2/repository/com/peterphi

travis_time:end:28d02050:start=1657326006370808268,finish=1657326006379229694,duration=8421426[0Ktravis_fold:end:before_cache[0Ktravis_fold:start:cache.2[0Kstore build cache
travis_time:start:06cdc8c0[0K
travis_time:end:06cdc8c0:start=1657326006389990457,finish=1657326006396921690,duration=6931233[0Ktravis_time:start:05b00ff8[0K/home/travis/.casher/bin/casher:190: warning: Insecure world writable dir /usr/local/bin in PATH, mode 040757
[32;1mchanges detected, packing new archive[0m
running `casher push` took longer than 180 seconds and has been aborted.
You can extend the timeout with `cache.timeout`. See https://docs.travis-ci.com/user/caching/#Setting-the-timeout for details
.
.
.
.
.
.
.
.
.
.
.
.
.
.
.
.
.
.
.
.
.
.
.
.
.
.
.
.
.
.
.
.
.
.
.
.

travis_time:end:05b00ff8:start=1657326006407632716,finish=1657326187152919631,duration=180745286915[0Ktravis_fold:end:cache.2[0K
Done. Your build exited with 1.
