travis_time:start:08d424fe[0Ktravis_time:end:08d424fe:start=1657385069669254950,finish=1657385069930509083,duration=261254133,event=no_world_writable_dirs[0Ktravis_time:start:0f9f5260[0Ktravis_time:end:0f9f5260:start=1657385069936930719,finish=1657385069940504719,duration=3574000,event=check_unsupported[0Ktravis_time:start:08201958[0Ktravis_fold:start:system_info[0K[33;1mBuild system information[0m
Build language: java
Build group: stable
Build dist: xenial
Build id: ''
Job id: ''
Runtime kernel version: 4.15.0-109-generic
[34m[1mBuild image provisioning date and time[0m
Fri Aug  2 14:20:18 UTC 2019
[34m[1mOperating System Details[0m
Distributor ID:	Ubuntu
Description:	Ubuntu 16.04.6 LTS
Release:	16.04
Codename:	xenial
[34m[1mSystemd Version[0m
systemd 229
[34m[1mCookbooks Version[0m
790f512 https://github.com/travis-ci/travis-cookbooks/tree/790f512
[34m[1mgit version[0m
git version 2.22.0
[34m[1mbash version[0m
GNU bash, version 4.3.48(1)-release (x86_64-pc-linux-gnu)
[34m[1mgcc version[0m
gcc (Ubuntu 5.4.0-6ubuntu1~16.04.11) 5.4.0 20160609
[34m[1mdocker version[0m
Client:
 Version:           18.06.1-ce
 API version:       1.38
 Go version:        go1.10.3
 Git commit:        e68fc7a
 Built:             Tue Aug 21 17:20:43 2018
 OS/Arch:           linux/amd64
 Experimental:      false
[34m[1mclang version[0m
clang version 7.0.0 (tags/RELEASE_700/final)
[34m[1mjq version[0m
jq-1.5
[34m[1mbats version[0m
Bats 0.4.0
[34m[1mshellcheck version[0m
0.6.0
[34m[1mshfmt version[0m
v2.6.3
[34m[1mccache version[0m
3.2.4
[34m[1mcmake version[0m
cmake version 3.12.4
[34m[1mheroku version[0m
heroku/7.27.1 linux-x64 node-v11.14.0
[34m[1mimagemagick version[0m
Version: ImageMagick 6.8.9-9 Q16 x86_64 2019-06-15 http://www.imagemagick.org
[34m[1mmd5deep version[0m
4.4
[34m[1mmercurial version[0m
version 4.8
[34m[1mmysql version[0m
mysql  Ver 14.14 Distrib 5.7.27, for Linux (x86_64) using  EditLine wrapper
[34m[1mopenssl version[0m
OpenSSL 1.0.2g  1 Mar 2016
[34m[1mpacker version[0m
1.3.3
[34m[1mpostgresql client version[0m
psql (PostgreSQL) 10.9 (Ubuntu 10.9-1.pgdg16.04+1)
[34m[1mragel version[0m
Ragel State Machine Compiler version 6.8 Feb 2013
[34m[1msudo version[0m
1.8.16
[34m[1mgzip version[0m
gzip 1.6
[34m[1mzip version[0m
Zip 3.0
[34m[1mvim version[0m
VIM - Vi IMproved 7.4 (2013 Aug 10, compiled Jun 07 2019 15:35:43)
[34m[1miptables version[0m
iptables v1.6.0
[34m[1mcurl version[0m
curl 7.47.0 (x86_64-pc-linux-gnu) libcurl/7.47.0 GnuTLS/3.4.10 zlib/1.2.8 libidn/1.32 librtmp/2.3
[34m[1mwget version[0m
GNU Wget 1.17.1 built on linux-gnu.
[34m[1mrsync version[0m
rsync  version 3.1.1  protocol version 31
[34m[1mgimme version[0m
v1.5.3
[34m[1mnvm version[0m
0.34.0
[34m[1mperlbrew version[0m
/home/travis/perl5/perlbrew/bin/perlbrew  - App::perlbrew/0.86
[34m[1mphpenv version[0m
rbenv 1.1.2-2-g4e92322
[34m[1mrvm version[0m
rvm 1.29.9 (latest) by Michal Papis, Piotr Kuczynski, Wayne E. Seguin [https://rvm.io]
[34m[1mdefault ruby version[0m
ruby 2.5.3p105 (2018-10-18 revision 65156) [x86_64-linux]
[34m[1mCouchDB version[0m
couchdb 1.6.1
[34m[1mElasticSearch version[0m
5.5.0
[34m[1mInstalled Firefox version[0m
firefox 63.0.1
[34m[1mMongoDB version[0m
MongoDB 4.0.11
[34m[1mPhantomJS version[0m
2.1.1
[34m[1mPre-installed PostgreSQL versions[0m
9.4.23
9.5.18
9.6.14
[34m[1mRedis version[0m
redis-server 5.0.5
[34m[1mPre-installed Go versions[0m
1.11.1
[34m[1mant version[0m
Apache Ant(TM) version 1.9.6 compiled on July 20 2018
[34m[1mmvn version[0m
Apache Maven 3.6.0 (97c98ec64a1fdfee7767ce5ffb20918da4f719f3; 2018-10-24T18:41:47Z)
[34m[1mgradle version[0m
Gradle 5.1.1!
[34m[1mlein version[0m
Leiningen 2.9.1 on Java 11.0.2 OpenJDK 64-Bit Server VM
[34m[1mPre-installed Node.js versions[0m
v10.16.1
v11.0.0
v4.9.1
v6.17.1
v8.12.0
v8.16.0
v8.9
[34m[1mphpenv versions[0m
  system
  5.6
  5.6.40
  7.1
  7.1.27
  7.2
* 7.2.15 (set by /home/travis/.phpenv/version)
  hhvm
  hhvm-stable
[34m[1mcomposer --version[0m
Composer version 1.8.4 2019-02-11 10:52:10
[34m[1mPre-installed Ruby versions[0m
ruby-2.3.8
ruby-2.4.5
ruby-2.5.3
travis_fold:end:system_info[0K
travis_time:end:08201958:start=1657385069946252591,finish=1657385069955199433,duration=8946842,event=show_system_info[0Ktravis_time:start:0e2ca5da[0Ktravis_time:end:0e2ca5da:start=1657385069961306482,finish=1657385069979983835,duration=18677353,event=rm_riak_source[0Ktravis_time:start:01a76894[0Ktravis_time:end:01a76894:start=1657385069985525735,finish=1657385069994202651,duration=8676916,event=fix_rwky_redis[0Ktravis_time:start:1ebba7fc[0K[31;1mTimeout waiting for network availability.[0m
travis_time:end:1ebba7fc:start=1657385069999707988,finish=1657385090729885479,duration=20730177491,event=wait_for_network[0Ktravis_time:start:00750428[0Ktravis_time:end:00750428:start=1657385090735840176,finish=1657385091640756950,duration=904916774,event=update_apt_keys[0Ktravis_time:start:08b2a383[0Ktravis_time:end:08b2a383:start=1657385091647208770,finish=1657385092418347909,duration=771139139,event=fix_hhvm_source[0Ktravis_time:start:262d4134[0Ktravis_time:end:262d4134:start=1657385092423361584,finish=1657385092428567239,duration=5205655,event=update_mongo_arch[0Ktravis_time:start:160cc452[0Ktravis_time:end:160cc452:start=1657385092434974507,finish=1657385092505842076,duration=70867569,event=fix_sudo_enabled_trusty[0Ktravis_time:start:06eccfd8[0Ktravis_time:end:06eccfd8:start=1657385092513230676,finish=1657385092532652916,duration=19422240,event=clean_up_path[0Ktravis_time:start:121f9641[0Ktravis_time:end:121f9641:start=1657385092539524336,finish=1657385092553993567,duration=14469231,event=fix_resolv_conf[0Ktravis_time:start:1bf98510[0Ktravis_time:end:1bf98510:start=1657385092560002790,finish=1657385092577108296,duration=17105506,event=fix_etc_hosts[0Ktravis_time:start:27929f40[0Ktravis_time:end:27929f40:start=1657385092585049134,finish=1657385092601194436,duration=16145302,event=fix_mvn_settings_xml[0Ktravis_time:start:00c3a71c[0Ktravis_time:end:00c3a71c:start=1657385092607802517,finish=1657385092622187653,duration=14385136,event=no_ipv6_localhost[0Ktravis_time:start:1e833d8a[0Ktravis_time:end:1e833d8a:start=1657385092629671374,finish=1657385092635123418,duration=5452044,event=fix_etc_mavenrc[0Ktravis_time:start:05548ab2[0Ktravis_time:end:05548ab2:start=1657385092641649603,finish=1657385092647979551,duration=6329948,event=fix_wwdr_certificate[0Ktravis_time:start:0f22106e[0Ktravis_time:end:0f22106e:start=1657385092654625000,finish=1657385092883367029,duration=228742029,event=put_localhost_first[0Ktravis_time:start:0d9494e2[0Ktravis_time:end:0d9494e2:start=1657385092890106468,finish=1657385092894469239,duration=4362771,event=home_paths[0Ktravis_time:start:0d26253c[0Ktravis_time:end:0d26253c:start=1657385092900347740,finish=1657385093872591442,duration=972243702,event=disable_initramfs[0Ktravis_time:start:12851119[0Ktravis_time:end:12851119:start=1657385093878558875,finish=1657385094662169780,duration=783610905,event=disable_ssh_roaming[0Ktravis_time:start:081c1300[0Ktravis_time:end:081c1300:start=1657385094668449698,finish=1657385094673170605,duration=4720907,event=debug_tools[0Ktravis_time:start:02205b8d[0Ktravis_time:end:02205b8d:start=1657385094680484498,finish=1657385094687350911,duration=6866413,event=uninstall_oclint[0Ktravis_time:start:05db0dca[0Ktravis_time:end:05db0dca:start=1657385094694156962,finish=1657385094700378711,duration=6221749,event=rvm_use[0Ktravis_time:start:041bd608[0Ktravis_time:end:041bd608:start=1657385094707307167,finish=1657385094720660200,duration=13353033,event=rm_etc_boto_cfg[0Ktravis_time:start:1011c450[0Ktravis_time:end:1011c450:start=1657385094728135440,finish=1657385094732459758,duration=4324318,event=rm_oraclejdk8_symlink[0Ktravis_time:start:00a90f50[0Ktravis_time:end:00a90f50:start=1657385094738004698,finish=1657385097308252536,duration=2570247838,event=enable_i386[0Ktravis_time:start:11b4c00f[0Ktravis_time:end:11b4c00f:start=1657385097313297310,finish=1657385098067837633,duration=754540323,event=update_rubygems[0Ktravis_time:start:050fde1c[0Ktravis_time:end:050fde1c:start=1657385098074241761,finish=1657385099631964738,duration=1557722977,event=ensure_path_components[0Ktravis_time:start:380ac67e[0Ktravis_time:end:380ac67e:start=1657385099637993499,finish=1657385099641543217,duration=3549718,event=redefine_curl[0Ktravis_time:start:012ba3a4[0Ktravis_time:end:012ba3a4:start=1657385099646898895,finish=1657385099650302466,duration=3403571,event=nonblock_pipe[0Ktravis_time:start:0aff7a54[0Ktravis_time:end:0aff7a54:start=1657385099654979057,finish=1657385114218361902,duration=14563382845,event=apt_get_update[0Ktravis_time:start:0071d440[0Ktravis_time:end:0071d440:start=1657385114223456482,finish=1657385114228157079,duration=4700597,event=deprecate_xcode_64[0Ktravis_time:start:23dc51c6[0Ktravis_time:end:23dc51c6:start=1657385114234050628,finish=1657385333176459299,duration=218942408671,event=update_heroku[0Ktravis_time:start:27b82456[0Ktravis_time:end:27b82456:start=1657385333180441895,finish=1657385333183522549,duration=3080654,event=shell_session_update[0Ktravis_time:start:059d1608[0Ktravis_fold:start:docker_mtu[0Ktee: /etc/docker/daemon.json: No such file or directory
docker: unrecognized service
travis_fold:end:docker_mtu[0Ktravis_time:end:059d1608:start=1657385333187697553,finish=1657385333209906642,duration=22209089,event=set_docker_mtu[0Ktravis_time:start:00415e04[0Ktravis_time:end:00415e04:start=1657385333214635377,finish=1657385333224340730,duration=9705353,event=resolvconf[0K
travis_fold:start:install_jdk[0K[33;1mInstalling openjdk8[0m
travis_fold:end:install_jdk[0Ktravis_time:start:00da614f[0Ktravis_time:end:00da614f:start=1657385333236873332,finish=1657385333240552336,duration=3679004,event=fix_ps4[0Ktravis_time:start:13674960[0K
$ cd failed/Wikidata/Wikidata-Toolkit

travis_time:end:13674960:start=1657385333245323122,finish=1657385333248739035,duration=3415913,event=checkout[0Ktravis_time:start:25701c30[0Ktravis_time:end:25701c30:start=1657385333253493374,finish=1657385334504226354,duration=1250732980,event=env[0Ktravis_fold:start:cache.1[0KSetting up build cache
$ export CASHER_DIR=${TRAVIS_HOME}/.casher
travis_time:start:0a2037f8[0K$ Installing caching utilities
curl: (6) Could not resolve host: https

[31;1mThe command "eval curl -sf  -o $CASHER_DIR/bin/casher https:///files/casher " failed. Retrying, 2 of 3.[0m

curl: (6) Could not resolve host: https

[31;1mThe command "eval curl -sf  -o $CASHER_DIR/bin/casher https:///files/casher " failed. Retrying, 3 of 3.[0m

curl: (6) Could not resolve host: https

[31;1mThe command "eval curl -sf  -o $CASHER_DIR/bin/casher https:///files/casher " failed 3 times.[0m

travis_time:end:0a2037f8:start=1657385335394215546,finish=1657385347599400681,duration=12205185135,event=setup_casher[0Ktravis_time:start:313cd9d8[0K$ Installing caching utilities from the Travis CI server (https:///files/casher) failed, failing over to using GitHub (https://raw.githubusercontent.com/travis-ci/casher/bash/bin/casher)
travis_time:end:313cd9d8:start=1657385347606676542,finish=1657385347721038062,duration=114361520,event=setup_casher[0Ktravis_time:start:1a652668[0Ktravis_time:end:1a652668:start=1657385347731886264,finish=1657385347737656359,duration=5770095,event=setup_casher[0Ktravis_time:start:30292626[0Kattempting to download cache archive[0m
[31;1mcould not download cache[0m
travis_time:end:30292626:start=1657385347743569046,finish=1657385349229467377,duration=1485898331,event=setup_casher[0Ktravis_time:start:087415ba[0Ktravis_time:end:087415ba:start=1657385349235761496,finish=1657385349239754578,duration=3993082,event=setup_casher[0Ktravis_time:start:021babf8[0Kadding /home/travis/.m2 to cache[0m
travis_time:end:021babf8:start=1657385349246400327,finish=1657385476632154661,duration=127385754334,event=setup_casher[0Ktravis_fold:end:cache.1[0K
$ java -Xmx32m -version
Picked up _JAVA_OPTIONS: -Xmx2048m -Xms512m
openjdk version "1.8.0_222"
OpenJDK Runtime Environment (build 1.8.0_222-8u222-b10-1ubuntu1~16.04.1-b10)
OpenJDK 64-Bit Server VM (build 25.222-b10, mixed mode)
$ javac -J-Xmx32m -version
Picked up _JAVA_OPTIONS: -Xmx2048m -Xms512m
javac 1.8.0_222
travis_fold:start:install[0Ktravis_time:start:1417dc8e[0K$ mvn -o install -DskipTests=true -Dmaven.javadoc.skip=true -B -V
Picked up _JAVA_OPTIONS: -Xmx2048m -Xms512m
Apache Maven 3.6.0 (97c98ec64a1fdfee7767ce5ffb20918da4f719f3; 2018-10-24T18:41:47Z)
Maven home: /usr/local/maven-3.6.0
Java version: 1.8.0_222, vendor: Private Build, runtime: /usr/lib/jvm/java-8-openjdk-amd64/jre
Default locale: en_US, platform encoding: UTF-8
OS name: "linux", version: "4.15.0-109-generic", arch: "amd64", family: "unix"
[INFO] Scanning for projects...
[INFO] ------------------------------------------------------------------------
[INFO] Reactor Build Order:
[INFO] 
[INFO] Wikidata Toolkit                                                   [pom]
[INFO] Wikidata Toolkit Utilities                                         [jar]
[INFO] Wikidata Toolkit Testing Utilities                                 [jar]
[INFO] Wikidata Toolkit Data Model                                        [jar]
[INFO] Wikidata Toolkit Storage                                           [jar]
[INFO] Wikidata Toolkit Dump File Handling                                [jar]
[INFO] Wikidata Toolkit Wikibase API                                      [jar]
[INFO] Wikidata Toolkit RDF                                               [jar]
[INFO] Wikidata Toolkit Examples                                          [jar]
[INFO] Wikidata Toolkit Distribution                                      [jar]
[INFO] 
[INFO] -------------------< org.wikidata.wdtk:wdtk-parent >--------------------
[INFO] Building Wikidata Toolkit 0.11.0-SNAPSHOT                         [1/10]
[INFO] --------------------------------[ pom ]---------------------------------
[INFO] 
[INFO] --- jacoco-maven-plugin:0.8.4:prepare-agent (prepare-agent) @ wdtk-parent ---
[INFO] argLine set to -javaagent:/home/travis/.m2/failed/org/jacoco/org.jacoco.agent/0.8.4/org.jacoco.agent-0.8.4-runtime.jar=destfile=/home/travis/build/failed/Wikidata/Wikidata-Toolkit/target/jacoco.exec
[INFO] 
[INFO] --- license-maven-plugin:1.20:update-file-header (first) @ wdtk-parent ---
[WARNING] No file to scan.
[INFO] 
[INFO] 
[INFO] --- license-maven-plugin:1.20:update-project-license (first) @ wdtk-parent ---
[INFO] 
[INFO] --- maven-install-plugin:2.4:install (default-install) @ wdtk-parent ---
[INFO] Installing /home/travis/build/failed/Wikidata/Wikidata-Toolkit/pom.xml to /home/travis/.m2/failed/org/wikidata/wdtk/wdtk-parent/0.11.0-SNAPSHOT/wdtk-parent-0.11.0-SNAPSHOT.pom
[INFO] 
[INFO] --------------------< org.wikidata.wdtk:wdtk-util >---------------------
[INFO] Building Wikidata Toolkit Utilities 0.11.0-SNAPSHOT               [2/10]
[INFO] --------------------------------[ jar ]---------------------------------
[INFO] 
[INFO] --- jacoco-maven-plugin:0.8.4:prepare-agent (prepare-agent) @ wdtk-util ---
[INFO] argLine set to -javaagent:/home/travis/.m2/failed/org/jacoco/org.jacoco.agent/0.8.4/org.jacoco.agent-0.8.4-runtime.jar=destfile=/home/travis/build/failed/Wikidata/Wikidata-Toolkit/wdtk-util/target/jacoco.exec
[INFO] 
[INFO] --- license-maven-plugin:1.20:update-file-header (first) @ wdtk-util ---
[INFO] Will search files to update from root /home/travis/build/failed/Wikidata/Wikidata-Toolkit/wdtk-util/src/main/java
[INFO] Will search files to update from root /home/travis/build/failed/Wikidata/Wikidata-Toolkit/wdtk-util/src/test/java
[INFO] Scan 14 files header done in 234.647ms.
[INFO] All files are up-to-date.
[INFO] 
[INFO] --- license-maven-plugin:1.20:update-project-license (first) @ wdtk-util ---
[INFO] 
[INFO] --- maven-resources-plugin:2.6:resources (default-resources) @ wdtk-util ---
[INFO] Using 'UTF-8' encoding to copy filtered resources.
[INFO] skip non existing resourceDirectory /home/travis/build/failed/Wikidata/Wikidata-Toolkit/wdtk-util/src/main/resources
[INFO] Copying 1 resource
[INFO] 
[INFO] --- maven-compiler-plugin:3.8.0:compile (default-compile) @ wdtk-util ---
[INFO] Changes detected - recompiling the module!
[INFO] Compiling 9 source files to /home/travis/build/failed/Wikidata/Wikidata-Toolkit/wdtk-util/target/classes
[INFO] 
[INFO] --- maven-resources-plugin:2.6:testResources (default-testResources) @ wdtk-util ---
[INFO] Using 'UTF-8' encoding to copy filtered resources.
[INFO] skip non existing resourceDirectory /home/travis/build/failed/Wikidata/Wikidata-Toolkit/wdtk-util/src/test/resources
[INFO] 
[INFO] --- maven-compiler-plugin:3.8.0:testCompile (default-testCompile) @ wdtk-util ---
[INFO] Nothing to compile - all classes are up to date
[INFO] 
[INFO] --- maven-surefire-plugin:2.12.4:test (default-test) @ wdtk-util ---
[INFO] Tests are skipped.
[INFO] 
[INFO] --- maven-jar-plugin:2.4:jar (default-jar) @ wdtk-util ---
[INFO] Building jar: /home/travis/build/failed/Wikidata/Wikidata-Toolkit/wdtk-util/target/wdtk-util-0.11.0-SNAPSHOT.jar
[INFO] 
[INFO] --- maven-install-plugin:2.4:install (default-install) @ wdtk-util ---
[INFO] Installing /home/travis/build/failed/Wikidata/Wikidata-Toolkit/wdtk-util/target/wdtk-util-0.11.0-SNAPSHOT.jar to /home/travis/.m2/failed/org/wikidata/wdtk/wdtk-util/0.11.0-SNAPSHOT/wdtk-util-0.11.0-SNAPSHOT.jar
[INFO] Installing /home/travis/build/failed/Wikidata/Wikidata-Toolkit/wdtk-util/pom.xml to /home/travis/.m2/failed/org/wikidata/wdtk/wdtk-util/0.11.0-SNAPSHOT/wdtk-util-0.11.0-SNAPSHOT.pom
[INFO] 
[INFO] -------------------< org.wikidata.wdtk:wdtk-testing >-------------------
[INFO] Building Wikidata Toolkit Testing Utilities 0.11.0-SNAPSHOT       [3/10]
[INFO] --------------------------------[ jar ]---------------------------------
[INFO] 
[INFO] --- jacoco-maven-plugin:0.8.4:prepare-agent (prepare-agent) @ wdtk-testing ---
[INFO] argLine set to -javaagent:/home/travis/.m2/failed/org/jacoco/org.jacoco.agent/0.8.4/org.jacoco.agent-0.8.4-runtime.jar=destfile=/home/travis/build/failed/Wikidata/Wikidata-Toolkit/wdtk-testing/target/jacoco.exec
[INFO] 
[INFO] --- license-maven-plugin:1.20:update-file-header (first) @ wdtk-testing ---
[INFO] Will search files to update from root /home/travis/build/failed/Wikidata/Wikidata-Toolkit/wdtk-testing/src/main/java
[INFO] Will search files to update from root /home/travis/build/failed/Wikidata/Wikidata-Toolkit/wdtk-testing/src/test/java
[INFO] Scan 7 files header done in 613.735ms.
[INFO] All files are up-to-date.
[INFO] 
[INFO] --- license-maven-plugin:1.20:update-project-license (first) @ wdtk-testing ---
[INFO] 
[INFO] --- maven-resources-plugin:2.6:resources (default-resources) @ wdtk-testing ---
[INFO] Using 'UTF-8' encoding to copy filtered resources.
[INFO] skip non existing resourceDirectory /home/travis/build/failed/Wikidata/Wikidata-Toolkit/wdtk-testing/src/main/resources
[INFO] Copying 1 resource
[INFO] 
[INFO] --- maven-compiler-plugin:3.8.0:compile (default-compile) @ wdtk-testing ---
[INFO] Changes detected - recompiling the module!
[INFO] Compiling 5 source files to /home/travis/build/failed/Wikidata/Wikidata-Toolkit/wdtk-testing/target/classes
[INFO] 
[INFO] --- maven-resources-plugin:2.6:testResources (default-testResources) @ wdtk-testing ---
[INFO] Using 'UTF-8' encoding to copy filtered resources.
[INFO] Copying 1 resource
[INFO] 
[INFO] --- maven-compiler-plugin:3.8.0:testCompile (default-testCompile) @ wdtk-testing ---
[INFO] Nothing to compile - all classes are up to date
[INFO] 
[INFO] --- maven-surefire-plugin:2.12.4:test (default-test) @ wdtk-testing ---
[INFO] Tests are skipped.
[INFO] 
[INFO] --- maven-jar-plugin:2.4:jar (default-jar) @ wdtk-testing ---
[INFO] Building jar: /home/travis/build/failed/Wikidata/Wikidata-Toolkit/wdtk-testing/target/wdtk-testing-0.11.0-SNAPSHOT.jar
[INFO] 
[INFO] --- maven-install-plugin:2.4:install (default-install) @ wdtk-testing ---
[INFO] Installing /home/travis/build/failed/Wikidata/Wikidata-Toolkit/wdtk-testing/target/wdtk-testing-0.11.0-SNAPSHOT.jar to /home/travis/.m2/failed/org/wikidata/wdtk/wdtk-testing/0.11.0-SNAPSHOT/wdtk-testing-0.11.0-SNAPSHOT.jar
[INFO] Installing /home/travis/build/failed/Wikidata/Wikidata-Toolkit/wdtk-testing/pom.xml to /home/travis/.m2/failed/org/wikidata/wdtk/wdtk-testing/0.11.0-SNAPSHOT/wdtk-testing-0.11.0-SNAPSHOT.pom
[INFO] 
[INFO] ------------------< org.wikidata.wdtk:wdtk-datamodel >------------------
[INFO] Building Wikidata Toolkit Data Model 0.11.0-SNAPSHOT              [4/10]
[INFO] --------------------------------[ jar ]---------------------------------
[INFO] 
[INFO] --- jacoco-maven-plugin:0.8.4:prepare-agent (prepare-agent) @ wdtk-datamodel ---
[INFO] argLine set to -javaagent:/home/travis/.m2/failed/org/jacoco/org.jacoco.agent/0.8.4/org.jacoco.agent-0.8.4-runtime.jar=destfile=/home/travis/build/failed/Wikidata/Wikidata-Toolkit/wdtk-datamodel/target/jacoco.exec
[INFO] 
[INFO] --- license-maven-plugin:1.20:update-file-header (first) @ wdtk-datamodel ---
[INFO] Will search files to update from root /home/travis/build/failed/Wikidata/Wikidata-Toolkit/wdtk-datamodel/src/main/java
[INFO] Will search files to update from root /home/travis/build/failed/Wikidata/Wikidata-Toolkit/wdtk-datamodel/src/test/java
[INFO] Scan 157 files header done in 8.165s.
[INFO] All files are up-to-date.
[INFO] 
[INFO] --- license-maven-plugin:1.20:update-project-license (first) @ wdtk-datamodel ---
[INFO] 
[INFO] --- maven-resources-plugin:2.6:resources (default-resources) @ wdtk-datamodel ---
[INFO] Using 'UTF-8' encoding to copy filtered resources.
[INFO] skip non existing resourceDirectory /home/travis/build/failed/Wikidata/Wikidata-Toolkit/wdtk-datamodel/src/main/resources
[INFO] Copying 1 resource
[INFO] 
[INFO] --- maven-compiler-plugin:3.8.0:compile (default-compile) @ wdtk-datamodel ---
[INFO] Changes detected - recompiling the module!
[INFO] Compiling 109 source files to /home/travis/build/failed/Wikidata/Wikidata-Toolkit/wdtk-datamodel/target/classes
[INFO] /home/travis/build/failed/Wikidata/Wikidata-Toolkit/wdtk-datamodel/src/main/java/org/wikidata/wdtk/datamodel/interfaces/ValueSnak.java: Some input files use or override a deprecated API.
[INFO] /home/travis/build/failed/Wikidata/Wikidata-Toolkit/wdtk-datamodel/src/main/java/org/wikidata/wdtk/datamodel/interfaces/ValueSnak.java: Recompile with -Xlint:deprecation for details.
[INFO] 
[INFO] --- maven-resources-plugin:2.6:testResources (default-testResources) @ wdtk-datamodel ---
[INFO] Using 'UTF-8' encoding to copy filtered resources.
[INFO] skip non existing resourceDirectory /home/travis/build/failed/Wikidata/Wikidata-Toolkit/wdtk-datamodel/src/test/resources
[INFO] 
[INFO] --- maven-compiler-plugin:3.8.0:testCompile (default-testCompile) @ wdtk-datamodel ---
[INFO] Nothing to compile - all classes are up to date
[INFO] 
[INFO] --- maven-surefire-plugin:2.12.4:test (default-test) @ wdtk-datamodel ---
[INFO] Tests are skipped.
[INFO] 
[INFO] --- maven-jar-plugin:2.4:jar (default-jar) @ wdtk-datamodel ---
[INFO] Building jar: /home/travis/build/failed/Wikidata/Wikidata-Toolkit/wdtk-datamodel/target/wdtk-datamodel-0.11.0-SNAPSHOT.jar
[INFO] 
[INFO] --- maven-install-plugin:2.4:install (default-install) @ wdtk-datamodel ---
[INFO] Installing /home/travis/build/failed/Wikidata/Wikidata-Toolkit/wdtk-datamodel/target/wdtk-datamodel-0.11.0-SNAPSHOT.jar to /home/travis/.m2/failed/org/wikidata/wdtk/wdtk-datamodel/0.11.0-SNAPSHOT/wdtk-datamodel-0.11.0-SNAPSHOT.jar
[INFO] Installing /home/travis/build/failed/Wikidata/Wikidata-Toolkit/wdtk-datamodel/pom.xml to /home/travis/.m2/failed/org/wikidata/wdtk/wdtk-datamodel/0.11.0-SNAPSHOT/wdtk-datamodel-0.11.0-SNAPSHOT.pom
[INFO] 
[INFO] -------------------< org.wikidata.wdtk:wdtk-storage >-------------------
[INFO] Building Wikidata Toolkit Storage 0.11.0-SNAPSHOT                 [5/10]
[INFO] --------------------------------[ jar ]---------------------------------
[INFO] 
[INFO] --- jacoco-maven-plugin:0.8.4:prepare-agent (prepare-agent) @ wdtk-storage ---
[INFO] argLine set to -javaagent:/home/travis/.m2/failed/org/jacoco/org.jacoco.agent/0.8.4/org.jacoco.agent-0.8.4-runtime.jar=destfile=/home/travis/build/failed/Wikidata/Wikidata-Toolkit/wdtk-storage/target/jacoco.exec
[INFO] 
[INFO] --- license-maven-plugin:1.20:update-file-header (first) @ wdtk-storage ---
[INFO] Will search files to update from root /home/travis/build/failed/Wikidata/Wikidata-Toolkit/wdtk-storage/src/main/java
[INFO] Will search files to update from root /home/travis/build/failed/Wikidata/Wikidata-Toolkit/wdtk-storage/src/test/java
[INFO] Scan 12 files header done in 666.546ms.
[INFO] All files are up-to-date.
[INFO] 
[INFO] --- license-maven-plugin:1.20:update-project-license (first) @ wdtk-storage ---
[INFO] 
[INFO] --- maven-resources-plugin:2.6:resources (default-resources) @ wdtk-storage ---
[INFO] Using 'UTF-8' encoding to copy filtered resources.
[INFO] skip non existing resourceDirectory /home/travis/build/failed/Wikidata/Wikidata-Toolkit/wdtk-storage/src/main/resources
[INFO] Copying 1 resource
[INFO] 
[INFO] --- maven-compiler-plugin:3.8.0:compile (default-compile) @ wdtk-storage ---
[INFO] Changes detected - recompiling the module!
[INFO] Compiling 8 source files to /home/travis/build/failed/Wikidata/Wikidata-Toolkit/wdtk-storage/target/classes
[INFO] 
[INFO] --- maven-resources-plugin:2.6:testResources (default-testResources) @ wdtk-storage ---
[INFO] Using 'UTF-8' encoding to copy filtered resources.
[INFO] skip non existing resourceDirectory /home/travis/build/failed/Wikidata/Wikidata-Toolkit/wdtk-storage/src/test/resources
[INFO] 
[INFO] --- maven-compiler-plugin:3.8.0:testCompile (default-testCompile) @ wdtk-storage ---
[INFO] Nothing to compile - all classes are up to date
[INFO] 
[INFO] --- maven-surefire-plugin:2.12.4:test (default-test) @ wdtk-storage ---
[INFO] Tests are skipped.
[INFO] 
[INFO] --- maven-jar-plugin:2.4:jar (default-jar) @ wdtk-storage ---
[INFO] Building jar: /home/travis/build/failed/Wikidata/Wikidata-Toolkit/wdtk-storage/target/wdtk-storage-0.11.0-SNAPSHOT.jar
[INFO] 
[INFO] --- maven-install-plugin:2.4:install (default-install) @ wdtk-storage ---
[INFO] Installing /home/travis/build/failed/Wikidata/Wikidata-Toolkit/wdtk-storage/target/wdtk-storage-0.11.0-SNAPSHOT.jar to /home/travis/.m2/failed/org/wikidata/wdtk/wdtk-storage/0.11.0-SNAPSHOT/wdtk-storage-0.11.0-SNAPSHOT.jar
[INFO] Installing /home/travis/build/failed/Wikidata/Wikidata-Toolkit/wdtk-storage/pom.xml to /home/travis/.m2/failed/org/wikidata/wdtk/wdtk-storage/0.11.0-SNAPSHOT/wdtk-storage-0.11.0-SNAPSHOT.pom
[INFO] 
[INFO] ------------------< org.wikidata.wdtk:wdtk-dumpfiles >------------------
[INFO] Building Wikidata Toolkit Dump File Handling 0.11.0-SNAPSHOT      [6/10]
[INFO] --------------------------------[ jar ]---------------------------------
[INFO] 
[INFO] --- jacoco-maven-plugin:0.8.4:prepare-agent (prepare-agent) @ wdtk-dumpfiles ---
[INFO] argLine set to -javaagent:/home/travis/.m2/failed/org/jacoco/org.jacoco.agent/0.8.4/org.jacoco.agent-0.8.4-runtime.jar=destfile=/home/travis/build/failed/Wikidata/Wikidata-Toolkit/wdtk-dumpfiles/target/jacoco.exec
[INFO] 
[INFO] --- license-maven-plugin:1.20:update-file-header (first) @ wdtk-dumpfiles ---
[INFO] Will search files to update from root /home/travis/build/failed/Wikidata/Wikidata-Toolkit/wdtk-dumpfiles/src/main/java
[INFO] Will search files to update from root /home/travis/build/failed/Wikidata/Wikidata-Toolkit/wdtk-dumpfiles/src/test/java
[INFO] Scan 33 files header done in 857.638ms.
[INFO] All files are up-to-date.
[INFO] 
[INFO] --- license-maven-plugin:1.20:update-project-license (first) @ wdtk-dumpfiles ---
[INFO] 
[INFO] --- maven-resources-plugin:2.6:resources (default-resources) @ wdtk-dumpfiles ---
[INFO] Using 'UTF-8' encoding to copy filtered resources.
[INFO] skip non existing resourceDirectory /home/travis/build/failed/Wikidata/Wikidata-Toolkit/wdtk-dumpfiles/src/main/resources
[INFO] Copying 1 resource
[INFO] 
[INFO] --- maven-compiler-plugin:3.8.0:compile (default-compile) @ wdtk-dumpfiles ---
[INFO] Changes detected - recompiling the module!
[INFO] Compiling 24 source files to /home/travis/build/failed/Wikidata/Wikidata-Toolkit/wdtk-dumpfiles/target/classes
[INFO] 
[INFO] --- maven-resources-plugin:2.6:testResources (default-testResources) @ wdtk-dumpfiles ---
[INFO] Using 'UTF-8' encoding to copy filtered resources.
[INFO] Copying 17 resources
[INFO] 
[INFO] --- maven-compiler-plugin:3.8.0:testCompile (default-testCompile) @ wdtk-dumpfiles ---
[INFO] Nothing to compile - all classes are up to date
[INFO] 
[INFO] --- maven-surefire-plugin:2.12.4:test (default-test) @ wdtk-dumpfiles ---
[INFO] Tests are skipped.
[INFO] 
[INFO] --- maven-jar-plugin:2.4:jar (default-jar) @ wdtk-dumpfiles ---
[INFO] Building jar: /home/travis/build/failed/Wikidata/Wikidata-Toolkit/wdtk-dumpfiles/target/wdtk-dumpfiles-0.11.0-SNAPSHOT.jar
[INFO] 
[INFO] --- maven-install-plugin:2.4:install (default-install) @ wdtk-dumpfiles ---
[INFO] Installing /home/travis/build/failed/Wikidata/Wikidata-Toolkit/wdtk-dumpfiles/target/wdtk-dumpfiles-0.11.0-SNAPSHOT.jar to /home/travis/.m2/failed/org/wikidata/wdtk/wdtk-dumpfiles/0.11.0-SNAPSHOT/wdtk-dumpfiles-0.11.0-SNAPSHOT.jar
[INFO] Installing /home/travis/build/failed/Wikidata/Wikidata-Toolkit/wdtk-dumpfiles/pom.xml to /home/travis/.m2/failed/org/wikidata/wdtk/wdtk-dumpfiles/0.11.0-SNAPSHOT/wdtk-dumpfiles-0.11.0-SNAPSHOT.pom
[INFO] 
[INFO] -----------------< org.wikidata.wdtk:wdtk-wikibaseapi >-----------------
[INFO] Building Wikidata Toolkit Wikibase API 0.11.0-SNAPSHOT            [7/10]
[INFO] --------------------------------[ jar ]---------------------------------
[INFO] 
[INFO] --- jacoco-maven-plugin:0.8.4:prepare-agent (prepare-agent) @ wdtk-wikibaseapi ---
[INFO] argLine set to -javaagent:/home/travis/.m2/failed/org/jacoco/org.jacoco.agent/0.8.4/org.jacoco.agent-0.8.4-runtime.jar=destfile=/home/travis/build/failed/Wikidata/Wikidata-Toolkit/wdtk-wikibaseapi/target/jacoco.exec
[INFO] 
[INFO] --- license-maven-plugin:1.20:update-file-header (first) @ wdtk-wikibaseapi ---
[INFO] Will search files to update from root /home/travis/build/failed/Wikidata/Wikidata-Toolkit/wdtk-wikibaseapi/src/main/java
[INFO] Will search files to update from root /home/travis/build/failed/Wikidata/Wikidata-Toolkit/wdtk-wikibaseapi/src/test/java
[INFO] Scan 37 files header done in 1.486s.
[INFO] All files are up-to-date.
[INFO] 
[INFO] --- license-maven-plugin:1.20:update-project-license (first) @ wdtk-wikibaseapi ---
[INFO] 
[INFO] --- maven-resources-plugin:2.6:resources (default-resources) @ wdtk-wikibaseapi ---
[INFO] Using 'UTF-8' encoding to copy filtered resources.
[INFO] skip non existing resourceDirectory /home/travis/build/failed/Wikidata/Wikidata-Toolkit/wdtk-wikibaseapi/src/main/resources
[INFO] Copying 1 resource
[INFO] 
[INFO] --- maven-compiler-plugin:3.8.0:compile (default-compile) @ wdtk-wikibaseapi ---
[INFO] Changes detected - recompiling the module!
[INFO] Compiling 26 source files to /home/travis/build/failed/Wikidata/Wikidata-Toolkit/wdtk-wikibaseapi/target/classes
[INFO] /home/travis/build/failed/Wikidata/Wikidata-Toolkit/wdtk-wikibaseapi/src/main/java/org/wikidata/wdtk/wikibaseapi/WikibaseDataFetcher.java: Some input files use or override a deprecated API.
[INFO] /home/travis/build/failed/Wikidata/Wikidata-Toolkit/wdtk-wikibaseapi/src/main/java/org/wikidata/wdtk/wikibaseapi/WikibaseDataFetcher.java: Recompile with -Xlint:deprecation for details.
[INFO] 
[INFO] --- maven-resources-plugin:2.6:testResources (default-testResources) @ wdtk-wikibaseapi ---
[INFO] Using 'UTF-8' encoding to copy filtered resources.
[INFO] Copying 19 resources
[INFO] 
[INFO] --- maven-compiler-plugin:3.8.0:testCompile (default-testCompile) @ wdtk-wikibaseapi ---
[INFO] Nothing to compile - all classes are up to date
[INFO] 
[INFO] --- maven-surefire-plugin:2.12.4:test (default-test) @ wdtk-wikibaseapi ---
[INFO] Tests are skipped.
[INFO] 
[INFO] --- maven-jar-plugin:2.4:jar (default-jar) @ wdtk-wikibaseapi ---
[INFO] Building jar: /home/travis/build/failed/Wikidata/Wikidata-Toolkit/wdtk-wikibaseapi/target/wdtk-wikibaseapi-0.11.0-SNAPSHOT.jar
[INFO] 
[INFO] --- maven-install-plugin:2.4:install (default-install) @ wdtk-wikibaseapi ---
[INFO] Installing /home/travis/build/failed/Wikidata/Wikidata-Toolkit/wdtk-wikibaseapi/target/wdtk-wikibaseapi-0.11.0-SNAPSHOT.jar to /home/travis/.m2/failed/org/wikidata/wdtk/wdtk-wikibaseapi/0.11.0-SNAPSHOT/wdtk-wikibaseapi-0.11.0-SNAPSHOT.jar
[INFO] Installing /home/travis/build/failed/Wikidata/Wikidata-Toolkit/wdtk-wikibaseapi/pom.xml to /home/travis/.m2/failed/org/wikidata/wdtk/wdtk-wikibaseapi/0.11.0-SNAPSHOT/wdtk-wikibaseapi-0.11.0-SNAPSHOT.pom
[INFO] 
[INFO] ---------------------< org.wikidata.wdtk:wdtk-rdf >---------------------
[INFO] Building Wikidata Toolkit RDF 0.11.0-SNAPSHOT                     [8/10]
[INFO] --------------------------------[ jar ]---------------------------------
[INFO] 
[INFO] --- jacoco-maven-plugin:0.8.4:prepare-agent (prepare-agent) @ wdtk-rdf ---
[INFO] argLine set to -javaagent:/home/travis/.m2/failed/org/jacoco/org.jacoco.agent/0.8.4/org.jacoco.agent-0.8.4-runtime.jar=destfile=/home/travis/build/failed/Wikidata/Wikidata-Toolkit/wdtk-rdf/target/jacoco.exec
[INFO] 
[INFO] --- license-maven-plugin:1.20:update-file-header (first) @ wdtk-rdf ---
[INFO] Will search files to update from root /home/travis/build/failed/Wikidata/Wikidata-Toolkit/wdtk-rdf/src/main/java
[INFO] Will search files to update from root /home/travis/build/failed/Wikidata/Wikidata-Toolkit/wdtk-rdf/src/test/java
[INFO] Scan 30 files header done in 994.819ms.
[INFO] All files are up-to-date.
[INFO] 
[INFO] --- license-maven-plugin:1.20:update-project-license (first) @ wdtk-rdf ---
[INFO] 
[INFO] --- maven-resources-plugin:2.6:resources (default-resources) @ wdtk-rdf ---
[INFO] Using 'UTF-8' encoding to copy filtered resources.
[INFO] skip non existing resourceDirectory /home/travis/build/failed/Wikidata/Wikidata-Toolkit/wdtk-rdf/src/main/resources
[INFO] Copying 1 resource
[INFO] 
[INFO] --- maven-compiler-plugin:3.8.0:compile (default-compile) @ wdtk-rdf ---
[INFO] Changes detected - recompiling the module!
[INFO] Compiling 23 source files to /home/travis/build/failed/Wikidata/Wikidata-Toolkit/wdtk-rdf/target/classes
[INFO] /home/travis/build/failed/Wikidata/Wikidata-Toolkit/wdtk-rdf/src/main/java/org/wikidata/wdtk/rdf/PropertyRegister.java: /home/travis/build/failed/Wikidata/Wikidata-Toolkit/wdtk-rdf/src/main/java/org/wikidata/wdtk/rdf/PropertyRegister.java uses or overrides a deprecated API.
[INFO] /home/travis/build/failed/Wikidata/Wikidata-Toolkit/wdtk-rdf/src/main/java/org/wikidata/wdtk/rdf/PropertyRegister.java: Recompile with -Xlint:deprecation for details.
[INFO] 
[INFO] --- maven-resources-plugin:2.6:testResources (default-testResources) @ wdtk-rdf ---
[INFO] Using 'UTF-8' encoding to copy filtered resources.
[INFO] Copying 17 resources
[INFO] 
[INFO] --- maven-compiler-plugin:3.8.0:testCompile (default-testCompile) @ wdtk-rdf ---
[INFO] Nothing to compile - all classes are up to date
[INFO] 
[INFO] --- maven-surefire-plugin:2.12.4:test (default-test) @ wdtk-rdf ---
[INFO] Tests are skipped.
[INFO] 
[INFO] --- maven-jar-plugin:2.4:jar (default-jar) @ wdtk-rdf ---
[INFO] Building jar: /home/travis/build/failed/Wikidata/Wikidata-Toolkit/wdtk-rdf/target/wdtk-rdf-0.11.0-SNAPSHOT.jar
[INFO] 
[INFO] --- maven-install-plugin:2.4:install (default-install) @ wdtk-rdf ---
[INFO] Installing /home/travis/build/failed/Wikidata/Wikidata-Toolkit/wdtk-rdf/target/wdtk-rdf-0.11.0-SNAPSHOT.jar to /home/travis/.m2/failed/org/wikidata/wdtk/wdtk-rdf/0.11.0-SNAPSHOT/wdtk-rdf-0.11.0-SNAPSHOT.jar
[INFO] Installing /home/travis/build/failed/Wikidata/Wikidata-Toolkit/wdtk-rdf/pom.xml to /home/travis/.m2/failed/org/wikidata/wdtk/wdtk-rdf/0.11.0-SNAPSHOT/wdtk-rdf-0.11.0-SNAPSHOT.pom
[INFO] 
[INFO] ------------------< org.wikidata.wdtk:wdtk-examples >-------------------
[INFO] Building Wikidata Toolkit Examples 0.11.0-SNAPSHOT                [9/10]
[INFO] --------------------------------[ jar ]---------------------------------
[INFO] 
[INFO] --- jacoco-maven-plugin:0.8.4:prepare-agent (prepare-agent) @ wdtk-examples ---
[INFO] argLine set to -javaagent:/home/travis/.m2/failed/org/jacoco/org.jacoco.agent/0.8.4/org.jacoco.agent-0.8.4-runtime.jar=destfile=/home/travis/build/failed/Wikidata/Wikidata-Toolkit/wdtk-examples/target/jacoco.exec
[INFO] 
[INFO] --- license-maven-plugin:1.20:update-file-header (first) @ wdtk-examples ---
[INFO] Will search files to update from root /home/travis/build/failed/Wikidata/Wikidata-Toolkit/wdtk-examples/src/main/java
[INFO] Scan 21 files header done in 2.387s.
[INFO] All files are up-to-date.
[INFO] 
[INFO] --- license-maven-plugin:1.20:update-project-license (first) @ wdtk-examples ---
[INFO] 
[INFO] --- maven-resources-plugin:2.6:resources (default-resources) @ wdtk-examples ---
[INFO] Using 'UTF-8' encoding to copy filtered resources.
[INFO] skip non existing resourceDirectory /home/travis/build/failed/Wikidata/Wikidata-Toolkit/wdtk-examples/src/main/resources
[INFO] Copying 1 resource
[INFO] 
[INFO] --- maven-compiler-plugin:3.8.0:compile (default-compile) @ wdtk-examples ---
[INFO] Changes detected - recompiling the module!
[INFO] Compiling 21 source files to /home/travis/build/failed/Wikidata/Wikidata-Toolkit/wdtk-examples/target/classes
[INFO] /home/travis/build/failed/Wikidata/Wikidata-Toolkit/wdtk-examples/src/main/java/org/wikidata/wdtk/examples/bots/SetLabelsForNumbersBot.java: Some input files use or override a deprecated API.
[INFO] /home/travis/build/failed/Wikidata/Wikidata-Toolkit/wdtk-examples/src/main/java/org/wikidata/wdtk/examples/bots/SetLabelsForNumbersBot.java: Recompile with -Xlint:deprecation for details.
[INFO] 
[INFO] --- maven-resources-plugin:2.6:testResources (default-testResources) @ wdtk-examples ---
[INFO] Using 'UTF-8' encoding to copy filtered resources.
[INFO] skip non existing resourceDirectory /home/travis/build/failed/Wikidata/Wikidata-Toolkit/wdtk-examples/src/test/resources
[INFO] 
[INFO] --- maven-compiler-plugin:3.8.0:testCompile (default-testCompile) @ wdtk-examples ---
[INFO] No sources to compile
[INFO] 
[INFO] --- maven-surefire-plugin:2.12.4:test (default-test) @ wdtk-examples ---
[INFO] Tests are skipped.
[INFO] 
[INFO] --- maven-jar-plugin:2.4:jar (default-jar) @ wdtk-examples ---
[INFO] Building jar: /home/travis/build/failed/Wikidata/Wikidata-Toolkit/wdtk-examples/target/wdtk-examples-0.11.0-SNAPSHOT.jar
[INFO] 
[INFO] --- maven-install-plugin:2.4:install (default-install) @ wdtk-examples ---
[INFO] Installing /home/travis/build/failed/Wikidata/Wikidata-Toolkit/wdtk-examples/target/wdtk-examples-0.11.0-SNAPSHOT.jar to /home/travis/.m2/failed/org/wikidata/wdtk/wdtk-examples/0.11.0-SNAPSHOT/wdtk-examples-0.11.0-SNAPSHOT.jar
[INFO] Installing /home/travis/build/failed/Wikidata/Wikidata-Toolkit/wdtk-examples/pom.xml to /home/travis/.m2/failed/org/wikidata/wdtk/wdtk-examples/0.11.0-SNAPSHOT/wdtk-examples-0.11.0-SNAPSHOT.pom
[INFO] 
[INFO] ----------------< org.wikidata.wdtk:wdtk-distribution >-----------------
[INFO] Building Wikidata Toolkit Distribution 0.11.0-SNAPSHOT           [10/10]
[INFO] --------------------------------[ jar ]---------------------------------
[INFO] 
[INFO] --- jacoco-maven-plugin:0.8.4:prepare-agent (prepare-agent) @ wdtk-distribution ---
[INFO] argLine set to -javaagent:/home/travis/.m2/failed/org/jacoco/org.jacoco.agent/0.8.4/org.jacoco.agent-0.8.4-runtime.jar=destfile=/home/travis/build/failed/Wikidata/Wikidata-Toolkit/wdtk-distribution/target/jacoco.exec
[INFO] 
[INFO] --- license-maven-plugin:1.20:update-file-header (first) @ wdtk-distribution ---
[WARNING] No file to scan.
[INFO] 
[INFO] 
[INFO] --- license-maven-plugin:1.20:update-project-license (first) @ wdtk-distribution ---
[INFO] 
[INFO] --- maven-resources-plugin:2.6:resources (default-resources) @ wdtk-distribution ---
[INFO] Using 'UTF-8' encoding to copy filtered resources.
[INFO] skip non existing resourceDirectory /home/travis/build/failed/Wikidata/Wikidata-Toolkit/wdtk-distribution/src/main/resources
[INFO] Copying 1 resource
[INFO] 
[INFO] --- maven-compiler-plugin:3.8.0:compile (default-compile) @ wdtk-distribution ---
[INFO] No sources to compile
[INFO] 
[INFO] --- maven-resources-plugin:2.6:testResources (default-testResources) @ wdtk-distribution ---
[INFO] Using 'UTF-8' encoding to copy filtered resources.
[INFO] skip non existing resourceDirectory /home/travis/build/failed/Wikidata/Wikidata-Toolkit/wdtk-distribution/src/test/resources
[INFO] 
[INFO] --- maven-compiler-plugin:3.8.0:testCompile (default-testCompile) @ wdtk-distribution ---
[INFO] No sources to compile
[INFO] 
[INFO] --- maven-surefire-plugin:2.12.4:test (default-test) @ wdtk-distribution ---
[INFO] Tests are skipped.
[INFO] 
[INFO] --- maven-jar-plugin:2.4:jar (default-jar) @ wdtk-distribution ---
[INFO] 
[INFO] --- maven-install-plugin:2.4:install (default-install) @ wdtk-distribution ---
[INFO] Installing /home/travis/build/failed/Wikidata/Wikidata-Toolkit/wdtk-distribution/target/wdtk-distribution-0.11.0-SNAPSHOT.jar to /home/travis/.m2/failed/org/wikidata/wdtk/wdtk-distribution/0.11.0-SNAPSHOT/wdtk-distribution-0.11.0-SNAPSHOT.jar
[INFO] Installing /home/travis/build/failed/Wikidata/Wikidata-Toolkit/wdtk-distribution/pom.xml to /home/travis/.m2/failed/org/wikidata/wdtk/wdtk-distribution/0.11.0-SNAPSHOT/wdtk-distribution-0.11.0-SNAPSHOT.pom
[INFO] ------------------------------------------------------------------------
[INFO] Reactor Summary for Wikidata Toolkit 0.11.0-SNAPSHOT:
[INFO] 
[INFO] Wikidata Toolkit ................................... SUCCESS [  1.683 s]
[INFO] Wikidata Toolkit Utilities ......................... SUCCESS [  2.675 s]
[INFO] Wikidata Toolkit Testing Utilities ................. SUCCESS [  4.172 s]
[INFO] Wikidata Toolkit Data Model ........................ SUCCESS [ 13.591 s]
[INFO] Wikidata Toolkit Storage ........................... SUCCESS [  2.074 s]
[INFO] Wikidata Toolkit Dump File Handling ................ SUCCESS [  4.007 s]
[INFO] Wikidata Toolkit Wikibase API ...................... SUCCESS [  3.552 s]
[INFO] Wikidata Toolkit RDF ............................... SUCCESS [  7.348 s]
[INFO] Wikidata Toolkit Examples .......................... SUCCESS [  5.353 s]
[INFO] Wikidata Toolkit Distribution ...................... SUCCESS [  1.053 s]
[INFO] ------------------------------------------------------------------------
[INFO] BUILD SUCCESS
[INFO] ------------------------------------------------------------------------
[INFO] Total time:  46.361 s
[INFO] Finished at: 2022-07-09T16:52:04Z
[INFO] ------------------------------------------------------------------------
travis_time:end:1417dc8e:start=1657385476857684053,finish=1657385524522596245,duration=47664912192,event=install[0Ktravis_fold:end:install[0Ktravis_time:start:16fd8300[0K$ mvn test jacoco:report
Picked up _JAVA_OPTIONS: -Xmx2048m -Xms512m
[INFO] Scanning for projects...
[INFO] ------------------------------------------------------------------------
[INFO] Reactor Build Order:
[INFO] 
[INFO] Wikidata Toolkit                                                   [pom]
[INFO] Wikidata Toolkit Utilities                                         [jar]
[INFO] Wikidata Toolkit Testing Utilities                                 [jar]
[INFO] Wikidata Toolkit Data Model                                        [jar]
[INFO] Wikidata Toolkit Storage                                           [jar]
[INFO] Wikidata Toolkit Dump File Handling                                [jar]
[INFO] Wikidata Toolkit Wikibase API                                      [jar]
[INFO] Wikidata Toolkit RDF                                               [jar]
[INFO] Wikidata Toolkit Examples                                          [jar]
[INFO] Wikidata Toolkit Distribution                                      [jar]
[INFO] 
[INFO] -------------------< org.wikidata.wdtk:wdtk-parent >--------------------
[INFO] Building Wikidata Toolkit 0.11.0-SNAPSHOT                         [1/10]
[INFO] --------------------------------[ pom ]---------------------------------
[INFO] 
[INFO] --- jacoco-maven-plugin:0.8.4:prepare-agent (prepare-agent) @ wdtk-parent ---
[INFO] argLine set to -javaagent:/home/travis/.m2/failed/org/jacoco/org.jacoco.agent/0.8.4/org.jacoco.agent-0.8.4-runtime.jar=destfile=/home/travis/build/failed/Wikidata/Wikidata-Toolkit/target/jacoco.exec
[INFO] 
[INFO] --- license-maven-plugin:1.20:update-file-header (first) @ wdtk-parent ---
[WARNING] No file to scan.
[INFO] 
[INFO] 
[INFO] --- license-maven-plugin:1.20:update-project-license (first) @ wdtk-parent ---
[INFO] 
[INFO] --- jacoco-maven-plugin:0.8.4:report (default-cli) @ wdtk-parent ---
[INFO] Skipping JaCoCo execution due to missing execution data file.
[INFO] 
[INFO] --------------------< org.wikidata.wdtk:wdtk-util >---------------------
[INFO] Building Wikidata Toolkit Utilities 0.11.0-SNAPSHOT               [2/10]
[INFO] --------------------------------[ jar ]---------------------------------
[INFO] 
[INFO] --- jacoco-maven-plugin:0.8.4:prepare-agent (prepare-agent) @ wdtk-util ---
[INFO] argLine set to -javaagent:/home/travis/.m2/failed/org/jacoco/org.jacoco.agent/0.8.4/org.jacoco.agent-0.8.4-runtime.jar=destfile=/home/travis/build/failed/Wikidata/Wikidata-Toolkit/wdtk-util/target/jacoco.exec
[INFO] 
[INFO] --- license-maven-plugin:1.20:update-file-header (first) @ wdtk-util ---
[INFO] Will search files to update from root /home/travis/build/failed/Wikidata/Wikidata-Toolkit/wdtk-util/src/main/java
[INFO] Will search files to update from root /home/travis/build/failed/Wikidata/Wikidata-Toolkit/wdtk-util/src/test/java
[INFO] Scan 14 files header done in 37.122ms.
[INFO] All files are up-to-date.
[INFO] 
[INFO] --- license-maven-plugin:1.20:update-project-license (first) @ wdtk-util ---
[INFO] 
[INFO] --- maven-resources-plugin:2.6:resources (default-resources) @ wdtk-util ---
[INFO] Using 'UTF-8' encoding to copy filtered resources.
[INFO] skip non existing resourceDirectory /home/travis/build/failed/Wikidata/Wikidata-Toolkit/wdtk-util/src/main/resources
[INFO] Copying 1 resource
[INFO] 
[INFO] --- maven-compiler-plugin:3.8.0:compile (default-compile) @ wdtk-util ---
[INFO] Changes detected - recompiling the module!
[INFO] Compiling 9 source files to /home/travis/build/failed/Wikidata/Wikidata-Toolkit/wdtk-util/target/classes
[INFO] 
[INFO] --- maven-resources-plugin:2.6:testResources (default-testResources) @ wdtk-util ---
[INFO] Using 'UTF-8' encoding to copy filtered resources.
[INFO] skip non existing resourceDirectory /home/travis/build/failed/Wikidata/Wikidata-Toolkit/wdtk-util/src/test/resources
[INFO] 
[INFO] --- maven-compiler-plugin:3.8.0:testCompile (default-testCompile) @ wdtk-util ---
[INFO] Nothing to compile - all classes are up to date
[INFO] 
[INFO] --- maven-surefire-plugin:2.12.4:test (default-test) @ wdtk-util ---
[INFO] Surefire report directory: /home/travis/build/failed/Wikidata/Wikidata-Toolkit/wdtk-util/target/surefire-reports

-------------------------------------------------------
 T E S T S
-------------------------------------------------------
Picked up _JAVA_OPTIONS: -Xmx2048m -Xms512m
Running org.wikidata.wdtk.util.DirectoryManagerFactoryTest
Tests run: 4, Failures: 0, Errors: 0, Skipped: 0, Time elapsed: 0.133 sec
Running org.wikidata.wdtk.util.DirectoryManagerTest
Tests run: 9, Failures: 0, Errors: 0, Skipped: 0, Time elapsed: 0.001 sec
Running org.wikidata.wdtk.util.NestedIteratorTest
Tests run: 4, Failures: 0, Errors: 0, Skipped: 0, Time elapsed: 0.001 sec
Running org.wikidata.wdtk.util.TimerTest
Tests run: 4, Failures: 0, Errors: 0, Skipped: 0, Time elapsed: 0.48 sec
Running org.wikidata.wdtk.util.WebResourceFetcherTest
Tests run: 2, Failures: 0, Errors: 0, Skipped: 0, Time elapsed: 0.022 sec

Results :

Tests run: 23, Failures: 0, Errors: 0, Skipped: 0

[INFO] 
[INFO] --- jacoco-maven-plugin:0.8.4:report (default-cli) @ wdtk-util ---
[INFO] Loading execution data file /home/travis/build/failed/Wikidata/Wikidata-Toolkit/wdtk-util/target/jacoco.exec
[INFO] Analyzed bundle 'Wikidata Toolkit Utilities' with 6 classes
[INFO] 
[INFO] -------------------< org.wikidata.wdtk:wdtk-testing >-------------------
[INFO] Building Wikidata Toolkit Testing Utilities 0.11.0-SNAPSHOT       [3/10]
[INFO] --------------------------------[ jar ]---------------------------------
[INFO] 
[INFO] --- jacoco-maven-plugin:0.8.4:prepare-agent (prepare-agent) @ wdtk-testing ---
[INFO] argLine set to -javaagent:/home/travis/.m2/failed/org/jacoco/org.jacoco.agent/0.8.4/org.jacoco.agent-0.8.4-runtime.jar=destfile=/home/travis/build/failed/Wikidata/Wikidata-Toolkit/wdtk-testing/target/jacoco.exec
[INFO] 
[INFO] --- license-maven-plugin:1.20:update-file-header (first) @ wdtk-testing ---
[INFO] Will search files to update from root /home/travis/build/failed/Wikidata/Wikidata-Toolkit/wdtk-testing/src/main/java
[INFO] Will search files to update from root /home/travis/build/failed/Wikidata/Wikidata-Toolkit/wdtk-testing/src/test/java
[INFO] Scan 7 files header done in 18.648ms.
[INFO] All files are up-to-date.
[INFO] 
[INFO] --- license-maven-plugin:1.20:update-project-license (first) @ wdtk-testing ---
[INFO] 
[INFO] --- maven-resources-plugin:2.6:resources (default-resources) @ wdtk-testing ---
[INFO] Using 'UTF-8' encoding to copy filtered resources.
[INFO] skip non existing resourceDirectory /home/travis/build/failed/Wikidata/Wikidata-Toolkit/wdtk-testing/src/main/resources
[INFO] Copying 1 resource
[INFO] 
[INFO] --- maven-compiler-plugin:3.8.0:compile (default-compile) @ wdtk-testing ---
[INFO] Changes detected - recompiling the module!
[INFO] Compiling 5 source files to /home/travis/build/failed/Wikidata/Wikidata-Toolkit/wdtk-testing/target/classes
[INFO] 
[INFO] --- maven-resources-plugin:2.6:testResources (default-testResources) @ wdtk-testing ---
[INFO] Using 'UTF-8' encoding to copy filtered resources.
[INFO] Copying 1 resource
[INFO] 
[INFO] --- maven-compiler-plugin:3.8.0:testCompile (default-testCompile) @ wdtk-testing ---
[INFO] Nothing to compile - all classes are up to date
[INFO] 
[INFO] --- maven-surefire-plugin:2.12.4:test (default-test) @ wdtk-testing ---
[INFO] Surefire report directory: /home/travis/build/failed/Wikidata/Wikidata-Toolkit/wdtk-testing/target/surefire-reports

-------------------------------------------------------
 T E S T S
-------------------------------------------------------
Picked up _JAVA_OPTIONS: -Xmx2048m -Xms512m
Running org.wikidata.wdtk.testing.MockDirectoryManagerTest
Tests run: 20, Failures: 0, Errors: 0, Skipped: 0, Time elapsed: 0.508 sec
Running org.wikidata.wdtk.testing.MockWebResourceFetcherTest
Tests run: 4, Failures: 0, Errors: 0, Skipped: 0, Time elapsed: 0.075 sec

Results :

Tests run: 24, Failures: 0, Errors: 0, Skipped: 0

[INFO] 
[INFO] --- jacoco-maven-plugin:0.8.4:report (default-cli) @ wdtk-testing ---
[INFO] Loading execution data file /home/travis/build/failed/Wikidata/Wikidata-Toolkit/wdtk-testing/target/jacoco.exec
[INFO] Analyzed bundle 'Wikidata Toolkit Testing Utilities' with 4 classes
[INFO] 
[INFO] ------------------< org.wikidata.wdtk:wdtk-datamodel >------------------
[INFO] Building Wikidata Toolkit Data Model 0.11.0-SNAPSHOT              [4/10]
[INFO] --------------------------------[ jar ]---------------------------------
[INFO] 
[INFO] --- jacoco-maven-plugin:0.8.4:prepare-agent (prepare-agent) @ wdtk-datamodel ---
[INFO] argLine set to -javaagent:/home/travis/.m2/failed/org/jacoco/org.jacoco.agent/0.8.4/org.jacoco.agent-0.8.4-runtime.jar=destfile=/home/travis/build/failed/Wikidata/Wikidata-Toolkit/wdtk-datamodel/target/jacoco.exec
[INFO] 
[INFO] --- license-maven-plugin:1.20:update-file-header (first) @ wdtk-datamodel ---
[INFO] Will search files to update from root /home/travis/build/failed/Wikidata/Wikidata-Toolkit/wdtk-datamodel/src/main/java
[INFO] Will search files to update from root /home/travis/build/failed/Wikidata/Wikidata-Toolkit/wdtk-datamodel/src/test/java
[INFO] Scan 157 files header done in 313.605ms.
[INFO] All files are up-to-date.
[INFO] 
[INFO] --- license-maven-plugin:1.20:update-project-license (first) @ wdtk-datamodel ---
[INFO] 
[INFO] --- maven-resources-plugin:2.6:resources (default-resources) @ wdtk-datamodel ---
[INFO] Using 'UTF-8' encoding to copy filtered resources.
[INFO] skip non existing resourceDirectory /home/travis/build/failed/Wikidata/Wikidata-Toolkit/wdtk-datamodel/src/main/resources
[INFO] Copying 1 resource
[INFO] 
[INFO] --- maven-compiler-plugin:3.8.0:compile (default-compile) @ wdtk-datamodel ---
[INFO] Changes detected - recompiling the module!
[INFO] Compiling 109 source files to /home/travis/build/failed/Wikidata/Wikidata-Toolkit/wdtk-datamodel/target/classes
[INFO] /home/travis/build/failed/Wikidata/Wikidata-Toolkit/wdtk-datamodel/src/main/java/org/wikidata/wdtk/datamodel/interfaces/ValueSnak.java: Some input files use or override a deprecated API.
[INFO] /home/travis/build/failed/Wikidata/Wikidata-Toolkit/wdtk-datamodel/src/main/java/org/wikidata/wdtk/datamodel/interfaces/ValueSnak.java: Recompile with -Xlint:deprecation for details.
[INFO] 
[INFO] --- maven-resources-plugin:2.6:testResources (default-testResources) @ wdtk-datamodel ---
[INFO] Using 'UTF-8' encoding to copy filtered resources.
[INFO] skip non existing resourceDirectory /home/travis/build/failed/Wikidata/Wikidata-Toolkit/wdtk-datamodel/src/test/resources
[INFO] 
[INFO] --- maven-compiler-plugin:3.8.0:testCompile (default-testCompile) @ wdtk-datamodel ---
[INFO] Nothing to compile - all classes are up to date
[INFO] 
[INFO] --- maven-surefire-plugin:2.12.4:test (default-test) @ wdtk-datamodel ---
[INFO] Surefire report directory: /home/travis/build/failed/Wikidata/Wikidata-Toolkit/wdtk-datamodel/target/surefire-reports

-------------------------------------------------------
 T E S T S
-------------------------------------------------------
Picked up _JAVA_OPTIONS: -Xmx2048m -Xms512m
Running org.wikidata.wdtk.datamodel.helpers.DatamodelConverterTest
SLF4J: Failed to load class "org.slf4j.impl.StaticLoggerBinder".
SLF4J: Defaulting to no-operation (NOP) logger implementation
SLF4J: See http://www.slf4j.org/codes.html#StaticLoggerBinder for further details.
Tests run: 3, Failures: 0, Errors: 0, Skipped: 0, Time elapsed: 0.241 sec
Running org.wikidata.wdtk.datamodel.helpers.DatamodelFilterTest
Tests run: 11, Failures: 0, Errors: 0, Skipped: 0, Time elapsed: 0.001 sec
Running org.wikidata.wdtk.datamodel.helpers.DatamodelTest
Tests run: 39, Failures: 0, Errors: 0, Skipped: 0, Time elapsed: 0.002 sec
Running org.wikidata.wdtk.datamodel.helpers.DatatypeConvertersTest
Tests run: 2, Failures: 0, Errors: 0, Skipped: 0, Time elapsed: 0 sec
Running org.wikidata.wdtk.datamodel.helpers.FilterCopyTest
Tests run: 7, Failures: 0, Errors: 0, Skipped: 0, Time elapsed: 0.001 sec
Running org.wikidata.wdtk.datamodel.helpers.ItemDocumentBuilderTest
Tests run: 6, Failures: 0, Errors: 0, Skipped: 0, Time elapsed: 0 sec
Running org.wikidata.wdtk.datamodel.helpers.JsonSerializerTest
Tests run: 5, Failures: 0, Errors: 0, Skipped: 0, Time elapsed: 0.928 sec
Running org.wikidata.wdtk.datamodel.helpers.PropertyDocumentBuilderTest
Tests run: 3, Failures: 0, Errors: 0, Skipped: 0, Time elapsed: 0.002 sec
Running org.wikidata.wdtk.datamodel.helpers.ReferenceBuilderTest
Tests run: 2, Failures: 0, Errors: 0, Skipped: 0, Time elapsed: 0.003 sec
Running org.wikidata.wdtk.datamodel.helpers.StatementBuilderTest
Tests run: 6, Failures: 0, Errors: 0, Skipped: 0, Time elapsed: 0.003 sec
Running org.wikidata.wdtk.datamodel.helpers.StatementDocumentTest
Tests run: 1, Failures: 0, Errors: 0, Skipped: 0, Time elapsed: 0 sec
Running org.wikidata.wdtk.datamodel.implementation.ClaimImplTest
Tests run: 7, Failures: 0, Errors: 0, Skipped: 0, Time elapsed: 0.002 sec
Running org.wikidata.wdtk.datamodel.implementation.DataObjectFactoryImplTest
Tests run: 25, Failures: 0, Errors: 0, Skipped: 0, Time elapsed: 0.007 sec
Running org.wikidata.wdtk.datamodel.implementation.DatatypeIdImplTest
Tests run: 28, Failures: 0, Errors: 0, Skipped: 0, Time elapsed: 0.024 sec
Running org.wikidata.wdtk.datamodel.implementation.EntityIdValueImplTest
Tests run: 7, Failures: 0, Errors: 0, Skipped: 0, Time elapsed: 0.001 sec
Running org.wikidata.wdtk.datamodel.implementation.EntityRedirectDocumentImplTest
Tests run: 8, Failures: 0, Errors: 0, Skipped: 0, Time elapsed: 0.007 sec
Running org.wikidata.wdtk.datamodel.implementation.FormDocumentImplTest
Tests run: 18, Failures: 0, Errors: 0, Skipped: 0, Time elapsed: 0.038 sec
Running org.wikidata.wdtk.datamodel.implementation.FormIdValueImplTest
Tests run: 16, Failures: 0, Errors: 0, Skipped: 0, Time elapsed: 0.023 sec
Running org.wikidata.wdtk.datamodel.implementation.GlobeCoordinatesValueImplTest
Tests run: 13, Failures: 0, Errors: 0, Skipped: 0, Time elapsed: 0.016 sec
Running org.wikidata.wdtk.datamodel.implementation.ItemDocumentImplTest
Tests run: 31, Failures: 0, Errors: 0, Skipped: 0, Time elapsed: 0.126 sec
Running org.wikidata.wdtk.datamodel.implementation.ItemIdValueImplTest
Tests run: 18, Failures: 0, Errors: 0, Skipped: 0, Time elapsed: 0.04 sec
Running org.wikidata.wdtk.datamodel.implementation.LexemeDocumentImplTest
Tests run: 29, Failures: 0, Errors: 0, Skipped: 0, Time elapsed: 0.048 sec
Running org.wikidata.wdtk.datamodel.implementation.LexemeIdValueImplTest
Tests run: 14, Failures: 0, Errors: 0, Skipped: 0, Time elapsed: 0.008 sec
Running org.wikidata.wdtk.datamodel.implementation.MediaInfoDocumentImplTest
Tests run: 20, Failures: 0, Errors: 0, Skipped: 0, Time elapsed: 0.072 sec
Running org.wikidata.wdtk.datamodel.implementation.MediaInfoIdValueImplTest
Tests run: 14, Failures: 0, Errors: 0, Skipped: 0, Time elapsed: 0.007 sec
Running org.wikidata.wdtk.datamodel.implementation.MonolingualTextValueImplTest
Tests run: 7, Failures: 0, Errors: 0, Skipped: 0, Time elapsed: 0.004 sec
Running org.wikidata.wdtk.datamodel.implementation.PropertyDocumentImplTest
Tests run: 26, Failures: 0, Errors: 0, Skipped: 0, Time elapsed: 0.04 sec
Running org.wikidata.wdtk.datamodel.implementation.PropertyIdValueImplTest
Tests run: 11, Failures: 0, Errors: 0, Skipped: 0, Time elapsed: 0.006 sec
Running org.wikidata.wdtk.datamodel.implementation.QuantityValueImplTest
Tests run: 19, Failures: 0, Errors: 0, Skipped: 0, Time elapsed: 0.031 sec
Running org.wikidata.wdtk.datamodel.implementation.ReferenceImplTest
Tests run: 5, Failures: 0, Errors: 0, Skipped: 0, Time elapsed: 0.002 sec
Running org.wikidata.wdtk.datamodel.implementation.SenseDocumentImplTest
Tests run: 15, Failures: 0, Errors: 0, Skipped: 0, Time elapsed: 0.026 sec
Running org.wikidata.wdtk.datamodel.implementation.SenseIdValueImplTest
Tests run: 16, Failures: 0, Errors: 0, Skipped: 0, Time elapsed: 0.026 sec
Running org.wikidata.wdtk.datamodel.implementation.SiteLinkImplTest
Tests run: 8, Failures: 0, Errors: 0, Skipped: 0, Time elapsed: 0.013 sec
Running org.wikidata.wdtk.datamodel.implementation.SitesImplTest
Tests run: 3, Failures: 0, Errors: 0, Skipped: 0, Time elapsed: 0.008 sec
Running org.wikidata.wdtk.datamodel.implementation.SnakGroupTest
Tests run: 8, Failures: 0, Errors: 0, Skipped: 0, Time elapsed: 0.005 sec
Running org.wikidata.wdtk.datamodel.implementation.SnakImplTest
Tests run: 18, Failures: 0, Errors: 0, Skipped: 0, Time elapsed: 0.024 sec
Running org.wikidata.wdtk.datamodel.implementation.StatementDocumentAccessTest
Tests run: 10, Failures: 0, Errors: 0, Skipped: 0, Time elapsed: 0.004 sec
Running org.wikidata.wdtk.datamodel.implementation.StatementGroupTest
Tests run: 16, Failures: 0, Errors: 0, Skipped: 0, Time elapsed: 0.002 sec
Running org.wikidata.wdtk.datamodel.implementation.StatementImplTest
Tests run: 12, Failures: 0, Errors: 0, Skipped: 0, Time elapsed: 0.027 sec
Running org.wikidata.wdtk.datamodel.implementation.StringValueImplTest
Tests run: 6, Failures: 0, Errors: 0, Skipped: 0, Time elapsed: 0.003 sec
Running org.wikidata.wdtk.datamodel.implementation.TermImplTest
Tests run: 7, Failures: 0, Errors: 0, Skipped: 0, Time elapsed: 0.004 sec
Running org.wikidata.wdtk.datamodel.implementation.TermedStatementDocumentImplTest
Tests run: 4, Failures: 0, Errors: 0, Skipped: 0, Time elapsed: 0.001 sec
Running org.wikidata.wdtk.datamodel.implementation.TimeValueImplTest
Tests run: 10, Failures: 0, Errors: 0, Skipped: 0, Time elapsed: 0.051 sec
Running org.wikidata.wdtk.datamodel.implementation.UnsupportedEntityIdValueTest
Tests run: 9, Failures: 0, Errors: 0, Skipped: 0, Time elapsed: 0.016 sec
Running org.wikidata.wdtk.datamodel.implementation.UnsupportedValueImplTest
Tests run: 5, Failures: 0, Errors: 0, Skipped: 0, Time elapsed: 0.006 sec
Running org.wikidata.wdtk.datamodel.implementation.WikimediaLanguageCodesTest
Tests run: 4, Failures: 0, Errors: 0, Skipped: 0, Time elapsed: 0.003 sec
Running org.wikidata.wdtk.datamodel.interfaces.NullEntityIdsTest
Tests run: 3, Failures: 0, Errors: 0, Skipped: 0, Time elapsed: 0.033 sec

Results :

Tests run: 555, Failures: 0, Errors: 0, Skipped: 0

[INFO] 
[INFO] --- jacoco-maven-plugin:0.8.4:report (default-cli) @ wdtk-datamodel ---
[INFO] Loading execution data file /home/travis/build/failed/Wikidata/Wikidata-Toolkit/wdtk-datamodel/target/jacoco.exec
[INFO] Analyzed bundle 'Wikidata Toolkit Data Model' with 87 classes
[INFO] 
[INFO] -------------------< org.wikidata.wdtk:wdtk-storage >-------------------
[INFO] Building Wikidata Toolkit Storage 0.11.0-SNAPSHOT                 [5/10]
[INFO] --------------------------------[ jar ]---------------------------------
[INFO] 
[INFO] --- jacoco-maven-plugin:0.8.4:prepare-agent (prepare-agent) @ wdtk-storage ---
[INFO] argLine set to -javaagent:/home/travis/.m2/failed/org/jacoco/org.jacoco.agent/0.8.4/org.jacoco.agent-0.8.4-runtime.jar=destfile=/home/travis/build/failed/Wikidata/Wikidata-Toolkit/wdtk-storage/target/jacoco.exec
[INFO] 
[INFO] --- license-maven-plugin:1.20:update-file-header (first) @ wdtk-storage ---
[INFO] Will search files to update from root /home/travis/build/failed/Wikidata/Wikidata-Toolkit/wdtk-storage/src/main/java
[INFO] Will search files to update from root /home/travis/build/failed/Wikidata/Wikidata-Toolkit/wdtk-storage/src/test/java
[INFO] Scan 12 files header done in 10.627ms.
[INFO] All files are up-to-date.
[INFO] 
[INFO] --- license-maven-plugin:1.20:update-project-license (first) @ wdtk-storage ---
[INFO] 
[INFO] --- maven-resources-plugin:2.6:resources (default-resources) @ wdtk-storage ---
[INFO] Using 'UTF-8' encoding to copy filtered resources.
[INFO] skip non existing resourceDirectory /home/travis/build/failed/Wikidata/Wikidata-Toolkit/wdtk-storage/src/main/resources
[INFO] Copying 1 resource
[INFO] 
[INFO] --- maven-compiler-plugin:3.8.0:compile (default-compile) @ wdtk-storage ---
[INFO] Changes detected - recompiling the module!
[INFO] Compiling 8 source files to /home/travis/build/failed/Wikidata/Wikidata-Toolkit/wdtk-storage/target/classes
[INFO] 
[INFO] --- maven-resources-plugin:2.6:testResources (default-testResources) @ wdtk-storage ---
[INFO] Using 'UTF-8' encoding to copy filtered resources.
[INFO] skip non existing resourceDirectory /home/travis/build/failed/Wikidata/Wikidata-Toolkit/wdtk-storage/src/test/resources
[INFO] 
[INFO] --- maven-compiler-plugin:3.8.0:testCompile (default-testCompile) @ wdtk-storage ---
[INFO] Nothing to compile - all classes are up to date
[INFO] 
[INFO] --- maven-surefire-plugin:2.12.4:test (default-test) @ wdtk-storage ---
[INFO] Surefire report directory: /home/travis/build/failed/Wikidata/Wikidata-Toolkit/wdtk-storage/target/surefire-reports

-------------------------------------------------------
 T E S T S
-------------------------------------------------------
Picked up _JAVA_OPTIONS: -Xmx2048m -Xms512m
Running org.wikidata.wdtk.storage.datastructures.BitVectorImplTest
Tests run: 17, Failures: 0, Errors: 0, Skipped: 0, Time elapsed: 0.224 sec
Running org.wikidata.wdtk.storage.datastructures.BitVectorIteratorTest
Tests run: 5, Failures: 0, Errors: 0, Skipped: 0, Time elapsed: 0 sec
Running org.wikidata.wdtk.storage.datastructures.RankedBitVectorImplTest
Tests run: 17, Failures: 0, Errors: 0, Skipped: 0, Time elapsed: 1.792 sec

Results :

Tests run: 39, Failures: 0, Errors: 0, Skipped: 0

[INFO] 
[INFO] --- jacoco-maven-plugin:0.8.4:report (default-cli) @ wdtk-storage ---
[INFO] Loading execution data file /home/travis/build/failed/Wikidata/Wikidata-Toolkit/wdtk-storage/target/jacoco.exec
[INFO] Analyzed bundle 'Wikidata Toolkit Storage' with 5 classes
[INFO] 
[INFO] ------------------< org.wikidata.wdtk:wdtk-dumpfiles >------------------
[INFO] Building Wikidata Toolkit Dump File Handling 0.11.0-SNAPSHOT      [6/10]
[INFO] --------------------------------[ jar ]---------------------------------
[INFO] 
[INFO] --- jacoco-maven-plugin:0.8.4:prepare-agent (prepare-agent) @ wdtk-dumpfiles ---
[INFO] argLine set to -javaagent:/home/travis/.m2/failed/org/jacoco/org.jacoco.agent/0.8.4/org.jacoco.agent-0.8.4-runtime.jar=destfile=/home/travis/build/failed/Wikidata/Wikidata-Toolkit/wdtk-dumpfiles/target/jacoco.exec
[INFO] 
[INFO] --- license-maven-plugin:1.20:update-file-header (first) @ wdtk-dumpfiles ---
[INFO] Will search files to update from root /home/travis/build/failed/Wikidata/Wikidata-Toolkit/wdtk-dumpfiles/src/main/java
[INFO] Will search files to update from root /home/travis/build/failed/Wikidata/Wikidata-Toolkit/wdtk-dumpfiles/src/test/java
[INFO] Scan 33 files header done in 33.64ms.
[INFO] All files are up-to-date.
[INFO] 
[INFO] --- license-maven-plugin:1.20:update-project-license (first) @ wdtk-dumpfiles ---
[INFO] 
[INFO] --- maven-resources-plugin:2.6:resources (default-resources) @ wdtk-dumpfiles ---
[INFO] Using 'UTF-8' encoding to copy filtered resources.
[INFO] skip non existing resourceDirectory /home/travis/build/failed/Wikidata/Wikidata-Toolkit/wdtk-dumpfiles/src/main/resources
[INFO] Copying 1 resource
[INFO] 
[INFO] --- maven-compiler-plugin:3.8.0:compile (default-compile) @ wdtk-dumpfiles ---
[INFO] Changes detected - recompiling the module!
[INFO] Compiling 24 source files to /home/travis/build/failed/Wikidata/Wikidata-Toolkit/wdtk-dumpfiles/target/classes
[INFO] 
[INFO] --- maven-resources-plugin:2.6:testResources (default-testResources) @ wdtk-dumpfiles ---
[INFO] Using 'UTF-8' encoding to copy filtered resources.
[INFO] Copying 17 resources
[INFO] 
[INFO] --- maven-compiler-plugin:3.8.0:testCompile (default-testCompile) @ wdtk-dumpfiles ---
[INFO] Nothing to compile - all classes are up to date
[INFO] 
[INFO] --- maven-surefire-plugin:2.12.4:test (default-test) @ wdtk-dumpfiles ---
[INFO] Surefire report directory: /home/travis/build/failed/Wikidata/Wikidata-Toolkit/wdtk-dumpfiles/target/surefire-reports

-------------------------------------------------------
 T E S T S
-------------------------------------------------------
Picked up _JAVA_OPTIONS: -Xmx2048m -Xms512m
Running org.wikidata.wdtk.dumpfiles.JsonDumpFileProcessingTest
SLF4J: Failed to load class "org.slf4j.impl.StaticLoggerBinder".
SLF4J: Defaulting to no-operation (NOP) logger implementation
SLF4J: See http://www.slf4j.org/codes.html#StaticLoggerBinder for further details.
Tests run: 4, Failures: 0, Errors: 0, Skipped: 1, Time elapsed: 3.502 sec
Running org.wikidata.wdtk.dumpfiles.MwDumpFileProcessingTest
Tests run: 6, Failures: 0, Errors: 0, Skipped: 0, Time elapsed: 1.384 sec
Running org.wikidata.wdtk.dumpfiles.MwLocalDumpFileTest
Tests run: 11, Failures: 0, Errors: 0, Skipped: 0, Time elapsed: 0.007 sec
Running org.wikidata.wdtk.dumpfiles.SitesTest
Tests run: 1, Failures: 0, Errors: 0, Skipped: 0, Time elapsed: 0.299 sec
Running org.wikidata.wdtk.dumpfiles.wmf.WmfDumpFileManagerTest
Tests run: 10, Failures: 0, Errors: 0, Skipped: 0, Time elapsed: 0.552 sec
Running org.wikidata.wdtk.dumpfiles.wmf.WmfDumpFileTest
Tests run: 1, Failures: 0, Errors: 0, Skipped: 0, Time elapsed: 0.001 sec
Running org.wikidata.wdtk.dumpfiles.wmf.WmfLocalDumpFileTest
Tests run: 3, Failures: 0, Errors: 0, Skipped: 0, Time elapsed: 0.031 sec
Running org.wikidata.wdtk.dumpfiles.wmf.WmfOnlineDailyDumpFileTest
Tests run: 6, Failures: 0, Errors: 0, Skipped: 0, Time elapsed: 0.019 sec
Running org.wikidata.wdtk.dumpfiles.wmf.WmfOnlineStandardDumpFileTest
Tests run: 8, Failures: 0, Errors: 0, Skipped: 0, Time elapsed: 0.252 sec

Results :

Tests run: 50, Failures: 0, Errors: 0, Skipped: 1

[INFO] 
[INFO] --- jacoco-maven-plugin:0.8.4:report (default-cli) @ wdtk-dumpfiles ---
[INFO] Loading execution data file /home/travis/build/failed/Wikidata/Wikidata-Toolkit/wdtk-dumpfiles/target/jacoco.exec
[INFO] Analyzed bundle 'Wikidata Toolkit Dump File Handling' with 22 classes
[INFO] 
[INFO] -----------------< org.wikidata.wdtk:wdtk-wikibaseapi >-----------------
[INFO] Building Wikidata Toolkit Wikibase API 0.11.0-SNAPSHOT            [7/10]
[INFO] --------------------------------[ jar ]---------------------------------
[INFO] 
[INFO] --- jacoco-maven-plugin:0.8.4:prepare-agent (prepare-agent) @ wdtk-wikibaseapi ---
[INFO] argLine set to -javaagent:/home/travis/.m2/failed/org/jacoco/org.jacoco.agent/0.8.4/org.jacoco.agent-0.8.4-runtime.jar=destfile=/home/travis/build/failed/Wikidata/Wikidata-Toolkit/wdtk-wikibaseapi/target/jacoco.exec
[INFO] 
[INFO] --- license-maven-plugin:1.20:update-file-header (first) @ wdtk-wikibaseapi ---
[INFO] Will search files to update from root /home/travis/build/failed/Wikidata/Wikidata-Toolkit/wdtk-wikibaseapi/src/main/java
[INFO] Will search files to update from root /home/travis/build/failed/Wikidata/Wikidata-Toolkit/wdtk-wikibaseapi/src/test/java
[INFO] Scan 37 files header done in 112.285ms.
[INFO] All files are up-to-date.
[INFO] 
[INFO] --- license-maven-plugin:1.20:update-project-license (first) @ wdtk-wikibaseapi ---
[INFO] 
[INFO] --- maven-resources-plugin:2.6:resources (default-resources) @ wdtk-wikibaseapi ---
[INFO] Using 'UTF-8' encoding to copy filtered resources.
[INFO] skip non existing resourceDirectory /home/travis/build/failed/Wikidata/Wikidata-Toolkit/wdtk-wikibaseapi/src/main/resources
[INFO] Copying 1 resource
[INFO] 
[INFO] --- maven-compiler-plugin:3.8.0:compile (default-compile) @ wdtk-wikibaseapi ---
[INFO] Changes detected - recompiling the module!
[INFO] Compiling 26 source files to /home/travis/build/failed/Wikidata/Wikidata-Toolkit/wdtk-wikibaseapi/target/classes
[INFO] /home/travis/build/failed/Wikidata/Wikidata-Toolkit/wdtk-wikibaseapi/src/main/java/org/wikidata/wdtk/wikibaseapi/WikibaseDataFetcher.java: Some input files use or override a deprecated API.
[INFO] /home/travis/build/failed/Wikidata/Wikidata-Toolkit/wdtk-wikibaseapi/src/main/java/org/wikidata/wdtk/wikibaseapi/WikibaseDataFetcher.java: Recompile with -Xlint:deprecation for details.
[INFO] 
[INFO] --- maven-resources-plugin:2.6:testResources (default-testResources) @ wdtk-wikibaseapi ---
[INFO] Using 'UTF-8' encoding to copy filtered resources.
[INFO] Copying 19 resources
[INFO] 
[INFO] --- maven-compiler-plugin:3.8.0:testCompile (default-testCompile) @ wdtk-wikibaseapi ---
[INFO] Nothing to compile - all classes are up to date
[INFO] 
[INFO] --- maven-surefire-plugin:2.12.4:test (default-test) @ wdtk-wikibaseapi ---
[INFO] Surefire report directory: /home/travis/build/failed/Wikidata/Wikidata-Toolkit/wdtk-wikibaseapi/target/surefire-reports

-------------------------------------------------------
 T E S T S
-------------------------------------------------------
Picked up _JAVA_OPTIONS: -Xmx2048m -Xms512m
Running org.wikidata.wdtk.wikibaseapi.BasicApiConnectionTest
SLF4J: Failed to load class "org.slf4j.impl.StaticLoggerBinder".
SLF4J: Defaulting to no-operation (NOP) logger implementation
SLF4J: See http://www.slf4j.org/codes.html#StaticLoggerBinder for further details.
Tests run: 25, Failures: 0, Errors: 0, Skipped: 0, Time elapsed: 1.488 sec
Running org.wikidata.wdtk.wikibaseapi.StatementUpdateTest
Tests run: 12, Failures: 0, Errors: 0, Skipped: 0, Time elapsed: 0.021 sec
Running org.wikidata.wdtk.wikibaseapi.TermStatementUpdateTest
Tests run: 12, Failures: 0, Errors: 0, Skipped: 0, Time elapsed: 0.051 sec
Running org.wikidata.wdtk.wikibaseapi.WbEditingActionTest
Tests run: 11, Failures: 0, Errors: 2, Skipped: 0, Time elapsed: 0.177 sec <<< FAILURE!
testNoTokenInReponse(org.wikidata.wdtk.wikibaseapi.WbEditingActionTest)  Time elapsed: 0.08 sec  <<< ERROR!
java.lang.Exception: Unexpected exception, expected<org.wikidata.wdtk.wikibaseapi.apierrors.TokenErrorException> but was<java.io.IOException>
	at org.junit.internal.runners.statements.ExpectException.evaluate(ExpectException.java:28)
	at org.junit.runners.ParentRunner.runLeaf(ParentRunner.java:325)
	at org.junit.runners.BlockJUnit4ClassRunner.runChild(BlockJUnit4ClassRunner.java:78)
	at org.junit.runners.BlockJUnit4ClassRunner.runChild(BlockJUnit4ClassRunner.java:57)
	at org.junit.runners.ParentRunner$3.run(ParentRunner.java:290)
	at org.junit.runners.ParentRunner$1.schedule(ParentRunner.java:71)
	at org.junit.runners.ParentRunner.runChildren(ParentRunner.java:288)
	at org.junit.runners.ParentRunner.access$000(ParentRunner.java:58)
	at org.junit.runners.ParentRunner$2.evaluate(ParentRunner.java:268)
	at org.junit.runners.ParentRunner.run(ParentRunner.java:363)
	at org.apache.maven.surefire.junit4.JUnit4Provider.execute(JUnit4Provider.java:252)
	at org.apache.maven.surefire.junit4.JUnit4Provider.executeTestSet(JUnit4Provider.java:141)
	at org.apache.maven.surefire.junit4.JUnit4Provider.invoke(JUnit4Provider.java:112)
	at sun.reflect.NativeMethodAccessorImpl.invoke0(Native Method)
	at sun.reflect.NativeMethodAccessorImpl.invoke(NativeMethodAccessorImpl.java:62)
	at sun.reflect.DelegatingMethodAccessorImpl.invoke(DelegatingMethodAccessorImpl.java:43)
	at java.lang.reflect.Method.invoke(Method.java:498)
	at org.apache.maven.surefire.util.ReflectionUtils.invokeMethodWithArray(ReflectionUtils.java:189)
	at org.apache.maven.surefire.booter.ProviderFactory$ProviderProxy.invoke(ProviderFactory.java:165)
	at org.apache.maven.surefire.booter.ProviderFactory.invokeProvider(ProviderFactory.java:85)
	at org.apache.maven.surefire.booter.ForkedBooter.runSuitesInProcess(ForkedBooter.java:115)
	at org.apache.maven.surefire.booter.ForkedBooter.main(ForkedBooter.java:75)
Caused by: java.io.IOException: API result not mocked for parameters {meta=tokens, format=json, action=query, type=csrf}
	at org.wikidata.wdtk.wikibaseapi.MockBasicApiConnection.sendRequest(MockBasicApiConnection.java:109)
	at org.wikidata.wdtk.wikibaseapi.ApiConnection.sendJsonRequest(ApiConnection.java:456)
	at org.wikidata.wdtk.wikibaseapi.ApiConnection.fetchToken(ApiConnection.java:428)
	at org.wikidata.wdtk.wikibaseapi.ApiConnection.getOrFetchToken(ApiConnection.java:397)
	at org.wikidata.wdtk.wikibaseapi.WbEditingAction.performAPIAction(WbEditingAction.java:712)
	at org.wikidata.wdtk.wikibaseapi.WbEditingAction.wbEditEntity(WbEditingAction.java:291)
	at org.wikidata.wdtk.wikibaseapi.WbEditingActionTest.testNoTokenInReponse(WbEditingActionTest.java:105)
	at sun.reflect.NativeMethodAccessorImpl.invoke0(Native Method)
	at sun.reflect.NativeMethodAccessorImpl.invoke(NativeMethodAccessorImpl.java:62)
	at sun.reflect.DelegatingMethodAccessorImpl.invoke(DelegatingMethodAccessorImpl.java:43)
	at java.lang.reflect.Method.invoke(Method.java:498)
	at org.junit.runners.model.FrameworkMethod$1.runReflectiveCall(FrameworkMethod.java:50)
	at org.junit.internal.runners.model.ReflectiveCallable.run(ReflectiveCallable.java:12)
	at org.junit.runners.model.FrameworkMethod.invokeExplosively(FrameworkMethod.java:47)
	at org.junit.internal.runners.statements.InvokeMethod.evaluate(InvokeMethod.java:17)
	at org.junit.internal.runners.statements.ExpectException.evaluate(ExpectException.java:19)
	... 21 more

testApiErrorGettingToken(org.wikidata.wdtk.wikibaseapi.WbEditingActionTest)  Time elapsed: 0.002 sec  <<< ERROR!
java.lang.Exception: Unexpected exception, expected<org.wikidata.wdtk.wikibaseapi.apierrors.TokenErrorException> but was<java.io.IOException>
	at org.junit.internal.runners.statements.ExpectException.evaluate(ExpectException.java:28)
	at org.junit.runners.ParentRunner.runLeaf(ParentRunner.java:325)
	at org.junit.runners.BlockJUnit4ClassRunner.runChild(BlockJUnit4ClassRunner.java:78)
	at org.junit.runners.BlockJUnit4ClassRunner.runChild(BlockJUnit4ClassRunner.java:57)
	at org.junit.runners.ParentRunner$3.run(ParentRunner.java:290)
	at org.junit.runners.ParentRunner$1.schedule(ParentRunner.java:71)
	at org.junit.runners.ParentRunner.runChildren(ParentRunner.java:288)
	at org.junit.runners.ParentRunner.access$000(ParentRunner.java:58)
	at org.junit.runners.ParentRunner$2.evaluate(ParentRunner.java:268)
	at org.junit.runners.ParentRunner.run(ParentRunner.java:363)
	at org.apache.maven.surefire.junit4.JUnit4Provider.execute(JUnit4Provider.java:252)
	at org.apache.maven.surefire.junit4.JUnit4Provider.executeTestSet(JUnit4Provider.java:141)
	at org.apache.maven.surefire.junit4.JUnit4Provider.invoke(JUnit4Provider.java:112)
	at sun.reflect.NativeMethodAccessorImpl.invoke0(Native Method)
	at sun.reflect.NativeMethodAccessorImpl.invoke(NativeMethodAccessorImpl.java:62)
	at sun.reflect.DelegatingMethodAccessorImpl.invoke(DelegatingMethodAccessorImpl.java:43)
	at java.lang.reflect.Method.invoke(Method.java:498)
	at org.apache.maven.surefire.util.ReflectionUtils.invokeMethodWithArray(ReflectionUtils.java:189)
	at org.apache.maven.surefire.booter.ProviderFactory$ProviderProxy.invoke(ProviderFactory.java:165)
	at org.apache.maven.surefire.booter.ProviderFactory.invokeProvider(ProviderFactory.java:85)
	at org.apache.maven.surefire.booter.ForkedBooter.runSuitesInProcess(ForkedBooter.java:115)
	at org.apache.maven.surefire.booter.ForkedBooter.main(ForkedBooter.java:75)
Caused by: java.io.IOException: Error when trying to fetch token: org.wikidata.wdtk.wikibaseapi.apierrors.TokenErrorException: [badtoken] bla bla
	at org.wikidata.wdtk.wikibaseapi.ApiConnection.fetchToken(ApiConnection.java:431)
	at org.wikidata.wdtk.wikibaseapi.ApiConnection.getOrFetchToken(ApiConnection.java:397)
	at org.wikidata.wdtk.wikibaseapi.WbEditingAction.performAPIAction(WbEditingAction.java:712)
	at org.wikidata.wdtk.wikibaseapi.WbEditingAction.wbEditEntity(WbEditingAction.java:291)
	at org.wikidata.wdtk.wikibaseapi.WbEditingActionTest.testApiErrorGettingToken(WbEditingActionTest.java:77)
	at sun.reflect.NativeMethodAccessorImpl.invoke0(Native Method)
	at sun.reflect.NativeMethodAccessorImpl.invoke(NativeMethodAccessorImpl.java:62)
	at sun.reflect.DelegatingMethodAccessorImpl.invoke(DelegatingMethodAccessorImpl.java:43)
	at java.lang.reflect.Method.invoke(Method.java:498)
	at org.junit.runners.model.FrameworkMethod$1.runReflectiveCall(FrameworkMethod.java:50)
	at org.junit.internal.runners.model.ReflectiveCallable.run(ReflectiveCallable.java:12)
	at org.junit.runners.model.FrameworkMethod.invokeExplosively(FrameworkMethod.java:47)
	at org.junit.internal.runners.statements.InvokeMethod.evaluate(InvokeMethod.java:17)
	at org.junit.internal.runners.statements.ExpectException.evaluate(ExpectException.java:19)
	... 21 more

Running org.wikidata.wdtk.wikibaseapi.WbGetEntitiesActionTest
Tests run: 9, Failures: 0, Errors: 0, Skipped: 0, Time elapsed: 0.56 sec
Running org.wikidata.wdtk.wikibaseapi.WbSearchEntitiesActionTest
Tests run: 4, Failures: 0, Errors: 0, Skipped: 0, Time elapsed: 0.052 sec
Running org.wikidata.wdtk.wikibaseapi.WikibaseDataEditorTest
Tests run: 22, Failures: 0, Errors: 0, Skipped: 0, Time elapsed: 0.249 sec
Running org.wikidata.wdtk.wikibaseapi.WikibaseDataFetcherTest
Tests run: 10, Failures: 0, Errors: 0, Skipped: 0, Time elapsed: 0.405 sec
Running org.wikidata.wdtk.wikibaseapi.apierrors.MediaWikiApiErrorHandlerTest
Tests run: 6, Failures: 0, Errors: 0, Skipped: 0, Time elapsed: 0 sec

Results :

Tests in error: 
  testNoTokenInReponse(org.wikidata.wdtk.wikibaseapi.WbEditingActionTest): Unexpected exception, expected<org.wikidata.wdtk.wikibaseapi.apierrors.TokenErrorException> but was<java.io.IOException>
  testApiErrorGettingToken(org.wikidata.wdtk.wikibaseapi.WbEditingActionTest): Unexpected exception, expected<org.wikidata.wdtk.wikibaseapi.apierrors.TokenErrorException> but was<java.io.IOException>

Tests run: 111, Failures: 0, Errors: 2, Skipped: 0

[INFO] ------------------------------------------------------------------------
[INFO] Reactor Summary for Wikidata Toolkit 0.11.0-SNAPSHOT:
[INFO] 
[INFO] Wikidata Toolkit ................................... SUCCESS [  1.819 s]
[INFO] Wikidata Toolkit Utilities ......................... SUCCESS [  3.247 s]
[INFO] Wikidata Toolkit Testing Utilities ................. SUCCESS [  1.486 s]
[INFO] Wikidata Toolkit Data Model ........................ SUCCESS [  6.347 s]
[INFO] Wikidata Toolkit Storage ........................... SUCCESS [  3.596 s]
[INFO] Wikidata Toolkit Dump File Handling ................ SUCCESS [  8.258 s]
[INFO] Wikidata Toolkit Wikibase API ...................... FAILURE [  4.597 s]
[INFO] Wikidata Toolkit RDF ............................... SKIPPED
[INFO] Wikidata Toolkit Examples .......................... SKIPPED
[INFO] Wikidata Toolkit Distribution ...................... SKIPPED
[INFO] ------------------------------------------------------------------------
[INFO] BUILD FAILURE
[INFO] ------------------------------------------------------------------------
[INFO] Total time:  29.754 s
[INFO] Finished at: 2022-07-09T16:52:35Z
[INFO] ------------------------------------------------------------------------
[ERROR] Failed to execute goal org.apache.maven.plugins:maven-surefire-plugin:2.12.4:test (default-test) on project wdtk-wikibaseapi: There are test failures.
[ERROR] 
[ERROR] Please refer to /home/travis/build/failed/Wikidata/Wikidata-Toolkit/wdtk-wikibaseapi/target/surefire-reports for the individual test results.
[ERROR] -> [Help 1]
[ERROR] 
[ERROR] To see the full stack trace of the errors, re-run Maven with the -e switch.
[ERROR] Re-run Maven using the -X switch to enable full debug logging.
[ERROR] 
[ERROR] For more information about the errors and possible solutions, please read the following articles:
[ERROR] [Help 1] http://cwiki.apache.org/confluence/display/MAVEN/MojoFailureException
[ERROR] 
[ERROR] After correcting the problems, you can resume the build with the command
[ERROR]   mvn <goals> -rf :wdtk-wikibaseapi
travis_time:end:16fd8300:start=1657385524527746969,finish=1657385555429523428,duration=30901776459,event=script[0K[31;1mThe command "mvn test jacoco:report" exited with 1.[0m
travis_fold:start:cache.2[0Kstore build cache
travis_time:start:031f156c[0Ktravis_time:end:031f156c:start=1657385555436003806,finish=1657385555441106672,duration=5102866,event=cache[0Ktravis_time:start:124b0ed8[0K[32;1mchanges detected, packing new archive[0m
[32;1muploading /[0m
[31;1mfailed to upload cache[0m
travis_time:end:124b0ed8:start=1657385555447211092,finish=1657385560208026768,duration=4760815676,event=cache[0Ktravis_fold:end:cache.2[0K

Done. Your build exited with 1.
