travis_fold:start:system_info[0K[33;1mBuild system information[0m
Build language: java
Build id: ''
Job id: ''
[34m[1mBuild image provisioning date and time[0m
Thu Feb  5 15:09:33 UTC 2015
[34m[1mOperating System Details[0m
Distributor ID:	Ubuntu
Description:	Ubuntu 12.04.5 LTS
Release:	12.04
Codename:	precise
[34m[1mLinux Version[0m
3.13.0-29-generic
[34m[1mCookbooks Version[0m
a68419e https://github.com/travis-ci/travis-cookbooks/tree/a68419e
[34m[1mGCC version[0m
gcc (Ubuntu/Linaro 4.6.3-1ubuntu5) 4.6.3
Copyright (C) 2011 Free Software Foundation, Inc.
This is free software; see the source for copying conditions.  There is NO
warranty; not even for MERCHANTABILITY or FITNESS FOR A PARTICULAR PURPOSE.

[34m[1mLLVM version[0m
clang version 3.4 (tags/RELEASE_34/final)
Target: x86_64-unknown-linux-gnu
Thread model: posix
[34m[1mPre-installed Ruby versions[0m
ruby-1.9.3-p551
[34m[1mPre-installed Node.js versions[0m
v0.10.36
[34m[1mPre-installed Go versions[0m
1.4.1
[34m[1mRedis version[0m
redis-server 2.8.19
[34m[1mriak version[0m
2.0.2
[34m[1mMongoDB version[0m
MongoDB 2.4.12
[34m[1mCouchDB version[0m
couchdb 1.6.1
[34m[1mNeo4j version[0m
1.9.4
[34m[1mRabbitMQ Version[0m
3.4.3
[34m[1mElasticSearch version[0m
1.4.0
[34m[1mInstalled Sphinx versions[0m
2.0.10
2.1.9
2.2.6
[34m[1mDefault Sphinx version[0m
2.2.6
[34m[1mInstalled Firefox version[0m
firefox 31.0esr
[34m[1mPhantomJS version[0m
1.9.8
[34m[1mant -version[0m
Apache Ant(TM) version 1.8.2 compiled on December 3 2011
[34m[1mmvn -version[0m
Apache Maven 3.2.5 (12a6b3acb947671f09b81f49094c53f426d8cea1; 2014-12-14T17:29:23+00:00)
Maven home: /usr/local/maven
Java version: 1.7.0_76, vendor: Oracle Corporation
Java home: /usr/lib/jvm/java-7-oracle/jre
Default locale: en_US, platform encoding: ANSI_X3.4-1968
OS name: "linux", version: "3.13.0-29-generic", arch: "amd64", family: "unix"
travis_fold:end:system_info[0K
W: Failed to fetch http://apt.postgresql.org/pub/repos/apt/dists/precise-pgdg/main/binary-amd64/Packages  404  Not Found [IP: 72.32.157.246 80]

W: Failed to fetch http://apt.postgresql.org/pub/repos/apt/dists/precise-pgdg/main/binary-i386/Packages  404  Not Found [IP: 72.32.157.246 80]

W: Failed to fetch http://security.ubuntu.com/ubuntu/dists/precise-security/main/source/Sources  404  Not Found [IP: 91.189.91.38 80]

W: Failed to fetch http://security.ubuntu.com/ubuntu/dists/precise-security/restricted/source/Sources  404  Not Found [IP: 91.189.91.38 80]

W: Failed to fetch http://security.ubuntu.com/ubuntu/dists/precise-security/universe/source/Sources  404  Not Found [IP: 91.189.91.38 80]

W: Failed to fetch http://security.ubuntu.com/ubuntu/dists/precise-security/multiverse/source/Sources  404  Not Found [IP: 91.189.91.38 80]

W: Failed to fetch http://security.ubuntu.com/ubuntu/dists/precise-security/main/binary-amd64/Packages  404  Not Found [IP: 91.189.91.38 80]

W: Failed to fetch http://security.ubuntu.com/ubuntu/dists/precise-security/restricted/binary-amd64/Packages  404  Not Found [IP: 91.189.91.38 80]

W: Failed to fetch http://security.ubuntu.com/ubuntu/dists/precise-security/universe/binary-amd64/Packages  404  Not Found [IP: 91.189.91.38 80]

W: Failed to fetch http://security.ubuntu.com/ubuntu/dists/precise-security/multiverse/binary-amd64/Packages  404  Not Found [IP: 91.189.91.38 80]

W: Failed to fetch http://security.ubuntu.com/ubuntu/dists/precise-security/main/binary-i386/Packages  404  Not Found [IP: 91.189.91.38 80]

W: Failed to fetch http://security.ubuntu.com/ubuntu/dists/precise-security/restricted/binary-i386/Packages  404  Not Found [IP: 91.189.91.38 80]

W: Failed to fetch http://security.ubuntu.com/ubuntu/dists/precise-security/universe/binary-i386/Packages  404  Not Found [IP: 91.189.91.38 80]

W: Failed to fetch http://security.ubuntu.com/ubuntu/dists/precise-security/multiverse/binary-i386/Packages  404  Not Found [IP: 91.189.91.38 80]

W: Failed to fetch http://us.archive.ubuntu.com/ubuntu/dists/precise/main/source/Sources  404  Not Found [IP: 91.189.91.39 80]

W: Failed to fetch http://us.archive.ubuntu.com/ubuntu/dists/precise/restricted/source/Sources  404  Not Found [IP: 91.189.91.39 80]

W: Failed to fetch http://us.archive.ubuntu.com/ubuntu/dists/precise/universe/source/Sources  404  Not Found [IP: 91.189.91.39 80]

W: Failed to fetch http://us.archive.ubuntu.com/ubuntu/dists/precise/multiverse/source/Sources  404  Not Found [IP: 91.189.91.39 80]

W: Failed to fetch http://us.archive.ubuntu.com/ubuntu/dists/precise/main/binary-amd64/Packages  404  Not Found [IP: 91.189.91.39 80]

W: Failed to fetch http://us.archive.ubuntu.com/ubuntu/dists/precise/restricted/binary-amd64/Packages  404  Not Found [IP: 91.189.91.39 80]

W: Failed to fetch http://us.archive.ubuntu.com/ubuntu/dists/precise/universe/binary-amd64/Packages  404  Not Found [IP: 91.189.91.39 80]

W: Failed to fetch http://us.archive.ubuntu.com/ubuntu/dists/precise/multiverse/binary-amd64/Packages  404  Not Found [IP: 91.189.91.39 80]

W: Failed to fetch http://us.archive.ubuntu.com/ubuntu/dists/precise/main/binary-i386/Packages  404  Not Found [IP: 91.189.91.39 80]

W: Failed to fetch http://us.archive.ubuntu.com/ubuntu/dists/precise/restricted/binary-i386/Packages  404  Not Found [IP: 91.189.91.39 80]

W: Failed to fetch http://us.archive.ubuntu.com/ubuntu/dists/precise/universe/binary-i386/Packages  404  Not Found [IP: 91.189.91.39 80]

W: Failed to fetch http://us.archive.ubuntu.com/ubuntu/dists/precise/multiverse/binary-i386/Packages  404  Not Found [IP: 91.189.91.39 80]

W: Failed to fetch http://us.archive.ubuntu.com/ubuntu/dists/precise-updates/main/source/Sources  404  Not Found [IP: 91.189.91.39 80]

W: Failed to fetch http://us.archive.ubuntu.com/ubuntu/dists/precise-updates/restricted/source/Sources  404  Not Found [IP: 91.189.91.39 80]

W: Failed to fetch http://us.archive.ubuntu.com/ubuntu/dists/precise-updates/universe/source/Sources  404  Not Found [IP: 91.189.91.39 80]

W: Failed to fetch http://us.archive.ubuntu.com/ubuntu/dists/precise-updates/multiverse/source/Sources  404  Not Found [IP: 91.189.91.39 80]

W: Failed to fetch http://us.archive.ubuntu.com/ubuntu/dists/precise-updates/main/binary-amd64/Packages  404  Not Found [IP: 91.189.91.39 80]

W: Failed to fetch http://us.archive.ubuntu.com/ubuntu/dists/precise-updates/restricted/binary-amd64/Packages  404  Not Found [IP: 91.189.91.39 80]

W: Failed to fetch http://us.archive.ubuntu.com/ubuntu/dists/precise-updates/universe/binary-amd64/Packages  404  Not Found [IP: 91.189.91.39 80]

W: Failed to fetch http://us.archive.ubuntu.com/ubuntu/dists/precise-updates/multiverse/binary-amd64/Packages  404  Not Found [IP: 91.189.91.39 80]

W: Failed to fetch http://us.archive.ubuntu.com/ubuntu/dists/precise-updates/main/binary-i386/Packages  404  Not Found [IP: 91.189.91.39 80]

W: Failed to fetch http://us.archive.ubuntu.com/ubuntu/dists/precise-updates/restricted/binary-i386/Packages  404  Not Found [IP: 91.189.91.39 80]

W: Failed to fetch http://us.archive.ubuntu.com/ubuntu/dists/precise-updates/universe/binary-i386/Packages  404  Not Found [IP: 91.189.91.39 80]

W: Failed to fetch http://us.archive.ubuntu.com/ubuntu/dists/precise-updates/multiverse/binary-i386/Packages  404  Not Found [IP: 91.189.91.39 80]

W: Failed to fetch http://us.archive.ubuntu.com/ubuntu/dists/precise-backports/main/source/Sources  404  Not Found [IP: 91.189.91.39 80]

W: Failed to fetch http://us.archive.ubuntu.com/ubuntu/dists/precise-backports/restricted/source/Sources  404  Not Found [IP: 91.189.91.39 80]

W: Failed to fetch http://us.archive.ubuntu.com/ubuntu/dists/precise-backports/universe/source/Sources  404  Not Found [IP: 91.189.91.39 80]

W: Failed to fetch http://us.archive.ubuntu.com/ubuntu/dists/precise-backports/multiverse/source/Sources  404  Not Found [IP: 91.189.91.39 80]

W: Failed to fetch http://us.archive.ubuntu.com/ubuntu/dists/precise-backports/main/binary-amd64/Packages  404  Not Found [IP: 91.189.91.39 80]

W: Failed to fetch http://us.archive.ubuntu.com/ubuntu/dists/precise-backports/restricted/binary-amd64/Packages  404  Not Found [IP: 91.189.91.39 80]

W: Failed to fetch http://us.archive.ubuntu.com/ubuntu/dists/precise-backports/universe/binary-amd64/Packages  404  Not Found [IP: 91.189.91.39 80]

W: Failed to fetch http://us.archive.ubuntu.com/ubuntu/dists/precise-backports/multiverse/binary-amd64/Packages  404  Not Found [IP: 91.189.91.39 80]

W: Failed to fetch http://us.archive.ubuntu.com/ubuntu/dists/precise-backports/main/binary-i386/Packages  404  Not Found [IP: 91.189.91.39 80]

W: Failed to fetch http://us.archive.ubuntu.com/ubuntu/dists/precise-backports/restricted/binary-i386/Packages  404  Not Found [IP: 91.189.91.39 80]

W: Failed to fetch http://us.archive.ubuntu.com/ubuntu/dists/precise-backports/universe/binary-i386/Packages  404  Not Found [IP: 91.189.91.39 80]

W: Failed to fetch http://us.archive.ubuntu.com/ubuntu/dists/precise-backports/multiverse/binary-i386/Packages  404  Not Found [IP: 91.189.91.39 80]

W: Failed to fetch http://ppa.launchpad.net/travis-ci/zero-mq/ubuntu/dists/precise/main/binary-amd64/Packages  403  Forbidden

W: Failed to fetch http://ppa.launchpad.net/travis-ci/zero-mq/ubuntu/dists/precise/main/binary-i386/Packages  403  Forbidden

W: Failed to fetch http://downloads-distro.mongodb.org/repo/debian-sysvinit/dists/dist/10gen/binary-amd64/Packages  Undetermined Error [IP: 52.21.89.200 80]

W: Failed to fetch http://downloads-distro.mongodb.org/repo/debian-sysvinit/dists/dist/10gen/binary-i386/Packages  Undetermined Error [IP: 52.21.89.200 80]

E: Some index files failed to download. They have been ignored, or old ones used instead.
sed: cannot rename /etc/hosts: Device or resource busy
sed: cannot rename /etc/hosts: Device or resource busy
$ jdk_switcher use oraclejdk8
Switching to Oracle JDK8 (java-8-oracle), JAVA_HOME will be set to /usr/lib/jvm/java-8-oracle
$ cd failed/davidmoten/rxjava-jdbc
$ java -Xmx32m -version
java version "1.8.0_31"
Java(TM) SE Runtime Environment (build 1.8.0_31-b13)
Java HotSpot(TM) 64-Bit Server VM (build 25.31-b07, mixed mode)
$ javac -J-Xmx32m -version
javac 1.8.0_31
travis_fold:start:install[0Ktravis_time:start:0cd1c093[0K$ mvn -o install -Dhttps.protocols=TLSv1.2 -DskipTests=true -Dmaven.javadoc.skip=true -B -V
Java HotSpot(TM) 64-Bit Server VM warning: ignoring option MaxPermSize=192m; support was removed in 8.0
Apache Maven 3.2.5 (12a6b3acb947671f09b81f49094c53f426d8cea1; 2014-12-14T17:29:23+00:00)
Maven home: /usr/local/maven
Java version: 1.8.0_31, vendor: Oracle Corporation
Java home: /usr/lib/jvm/java-8-oracle/jre
Default locale: en_US, platform encoding: UTF-8
OS name: "linux", version: "4.15.0-109-generic", arch: "amd64", family: "unix"
[INFO] Scanning for projects...
[INFO] Inspecting build with total of 1 modules...
[INFO] Installing Nexus Staging features:
[INFO]   ... total of 1 executions of maven-deploy-plugin replaced with nexus-staging-maven-plugin
[INFO]                                                                         
[INFO] ------------------------------------------------------------------------
[INFO] Building rxjava-jdbc 0.6.6-SNAPSHOT
[INFO] ------------------------------------------------------------------------
[INFO] 
[INFO] --- maven-resources-plugin:2.6:resources (default-resources) @ rxjava-jdbc ---
[INFO] Using 'UTF-8' encoding to copy filtered resources.
[INFO] skip non existing resourceDirectory /home/travis/build/failed/davidmoten/rxjava-jdbc/src/main/resources
[INFO] 
[INFO] --- maven-compiler-plugin:3.1:compile (default-compile) @ rxjava-jdbc ---
[INFO] Changes detected - recompiling the module!
[INFO] Compiling 48 source files to /home/travis/build/failed/davidmoten/rxjava-jdbc/target/classes
[INFO] 
[INFO] --- maven-resources-plugin:2.6:testResources (default-testResources) @ rxjava-jdbc ---
[INFO] Using 'UTF-8' encoding to copy filtered resources.
[INFO] Copying 4 resources
[INFO] 
[INFO] --- maven-compiler-plugin:3.1:testCompile (default-testCompile) @ rxjava-jdbc ---
[INFO] Nothing to compile - all classes are up to date
[INFO] 
[INFO] --- maven-surefire-plugin:2.12.4:test (default-test) @ rxjava-jdbc ---
[INFO] Tests are skipped.
[INFO] 
[INFO] --- maven-jar-plugin:2.4:jar (default-jar) @ rxjava-jdbc ---
[INFO] Building jar: /home/travis/build/failed/davidmoten/rxjava-jdbc/target/rxjava-jdbc-0.6.6-SNAPSHOT.jar
[INFO] 
[INFO] --- maven-javadoc-plugin:2.10.3:jar (attach-javadocs) @ rxjava-jdbc ---
[INFO] Skipping javadoc generation
[INFO] 
[INFO] --- maven-site-plugin:3.4:attach-descriptor (attach-descriptor) @ rxjava-jdbc ---
[INFO] 
[INFO] --- maven-install-plugin:2.4:install (default-install) @ rxjava-jdbc ---
[INFO] Installing /home/travis/build/failed/davidmoten/rxjava-jdbc/target/rxjava-jdbc-0.6.6-SNAPSHOT.jar to /home/travis/.m2/repository/com/github/davidmoten/rxjava-jdbc/0.6.6-SNAPSHOT/rxjava-jdbc-0.6.6-SNAPSHOT.jar
[INFO] Installing /home/travis/build/failed/davidmoten/rxjava-jdbc/pom.xml to /home/travis/.m2/repository/com/github/davidmoten/rxjava-jdbc/0.6.6-SNAPSHOT/rxjava-jdbc-0.6.6-SNAPSHOT.pom
[INFO] ------------------------------------------------------------------------
[INFO] BUILD SUCCESS
[INFO] ------------------------------------------------------------------------
[INFO] Total time: 02:10 min
[INFO] Finished at: 2021-12-26T07:09:20+00:00
[INFO] Final Memory: 28M/291M
[INFO] ------------------------------------------------------------------------

travis_time:end:0cd1c093:start=1640502428133111634,finish=1640502560477142897,duration=132344031263[0Ktravis_fold:end:install[0Ktravis_time:start:08081080[0K$ mvn test -Dhttps.protocols=TLSv1.2 -B
Java HotSpot(TM) 64-Bit Server VM warning: ignoring option MaxPermSize=192m; support was removed in 8.0
[INFO] Scanning for projects...
[INFO] Inspecting build with total of 1 modules...
[INFO] Installing Nexus Staging features:
[INFO]   ... total of 1 executions of maven-deploy-plugin replaced with nexus-staging-maven-plugin
[INFO]                                                                         
[INFO] ------------------------------------------------------------------------
[INFO] Building rxjava-jdbc 0.6.6-SNAPSHOT
[INFO] ------------------------------------------------------------------------
[INFO] 
[INFO] --- maven-resources-plugin:2.6:resources (default-resources) @ rxjava-jdbc ---
[INFO] Using 'UTF-8' encoding to copy filtered resources.
[INFO] skip non existing resourceDirectory /home/travis/build/failed/davidmoten/rxjava-jdbc/src/main/resources
[INFO] 
[INFO] --- maven-compiler-plugin:3.1:compile (default-compile) @ rxjava-jdbc ---
[INFO] Changes detected - recompiling the module!
[INFO] Compiling 48 source files to /home/travis/build/failed/davidmoten/rxjava-jdbc/target/classes
[INFO] 
[INFO] --- maven-resources-plugin:2.6:testResources (default-testResources) @ rxjava-jdbc ---
[INFO] Using 'UTF-8' encoding to copy filtered resources.
[INFO] Copying 4 resources
[INFO] 
[INFO] --- maven-compiler-plugin:3.1:testCompile (default-testCompile) @ rxjava-jdbc ---
[INFO] Nothing to compile - all classes are up to date
[INFO] 
[INFO] --- maven-surefire-plugin:2.12.4:test (default-test) @ rxjava-jdbc ---
[INFO] Surefire report directory: /home/travis/build/failed/davidmoten/rxjava-jdbc/target/surefire-reports

-------------------------------------------------------
 T E S T S
-------------------------------------------------------
Running com.github.davidmoten.rx.DynamicProxyTest
Tests run: 2, Failures: 0, Errors: 0, Skipped: 0, Time elapsed: 0.39 sec
Running com.github.davidmoten.rx.RetryTest
Tests run: 1, Failures: 0, Errors: 0, Skipped: 0, Time elapsed: 1.997 sec
Running com.github.davidmoten.rx.jdbc.ColumnNotFoundTest
Tests run: 1, Failures: 0, Errors: 0, Skipped: 0, Time elapsed: 4.543 sec
Running com.github.davidmoten.rx.jdbc.ConditionsTest
Tests run: 7, Failures: 0, Errors: 0, Skipped: 0, Time elapsed: 0.001 sec
Running com.github.davidmoten.rx.jdbc.ConnectionDemoTest
Tests run: 1, Failures: 0, Errors: 0, Skipped: 0, Time elapsed: 0.007 sec
Running com.github.davidmoten.rx.jdbc.ConnectionNonClosingTest
Tests run: 1, Failures: 0, Errors: 0, Skipped: 0, Time elapsed: 0 sec
Running com.github.davidmoten.rx.jdbc.ConnectionProviderAutoCommittingTest
Tests run: 1, Failures: 0, Errors: 0, Skipped: 0, Time elapsed: 0.091 sec
Running com.github.davidmoten.rx.jdbc.ConnectionProviderFromUrlTest
Tests run: 1, Failures: 0, Errors: 0, Skipped: 0, Time elapsed: 0.541 sec
Running com.github.davidmoten.rx.jdbc.DatabaseAsyncTest
2021-12-26 07:09:37.472 [main] INFO  com.github.davidmoten.rx.RxUtil - 1
2021-12-26 07:09:37.473 [main] INFO  com.github.davidmoten.rx.RxUtil - 2
2021-12-26 07:09:37.473 [main] INFO  com.github.davidmoten.rx.RxUtil - 3
2021-12-26 07:09:37.861 [RxComputationThreadPool-5] INFO  com.github.davidmoten.rx.RxUtil - 0
2021-12-26 07:09:37.865 [RxCachedThreadScheduler-1] INFO  com.github.davidmoten.rx.RxUtil - 21
[FRED, JOSEPH, MARMADUKE]
2021-12-26 07:09:39.630 [main] INFO  com.zaxxer.hikari.HikariDataSource - HikariCP pool HikariPool-0 is starting.
2021-12-26 07:09:40.141 [RxCachedThreadScheduler-2] INFO  com.github.davidmoten.rx.RxUtil - 21
2021-12-26 07:09:40.143 [RxCachedThreadScheduler-1] INFO  com.github.davidmoten.rx.RxUtil - 34
2021-12-26 07:09:41.140 [main] INFO  com.github.davidmoten.rx.RxUtil - rx.Observable@5d0a1059
2021-12-26 07:09:41.140 [main] INFO  com.github.davidmoten.rx.RxUtil - rx.Observable@5d0a1059
2021-12-26 07:09:41.141 [main] INFO  com.github.davidmoten.rx.RxUtil - rx.Observable@485966cc
2021-12-26 07:09:41.141 [main] INFO  com.github.davidmoten.rx.RxUtil - rx.Observable@54bff557
2021-12-26 07:09:41.142 [main] INFO  com.github.davidmoten.rx.RxUtil - rx.Observable@54bff557
2021-12-26 07:09:41.142 [main] INFO  com.github.davidmoten.rx.RxUtil - rx.Observable@593aaf41
2021-12-26 07:09:41.151 [main] INFO  com.github.davidmoten.rx.jdbc.DatabaseTestBase - committed 1
2021-12-26 07:09:41.151 [main] INFO  com.github.davidmoten.rx.jdbc.DatabaseTestBase - gets ok
2021-12-26 07:09:41.151 [main] INFO  com.github.davidmoten.rx.jdbc.DatabaseTestBase - closes ok
Syntax error in SQL statement "ZZZ[*] "; SQL statement:
zzz [42000-178]
Syntax error in SQL statement "ZZZ[*] "; SQL statement:
zzz [42000-178]
2021-12-26 07:09:42.197 [main] INFO  com.zaxxer.hikari.HikariDataSource - HikariCP pool HikariPool-1 is starting.
2021-12-26 07:09:42.202 [main] INFO  com.zaxxer.hikari.pool.HikariPool - HikariCP pool HikariPool-1 is shutting down.
2021-12-26 07:09:42.335 [main] INFO  com.github.davidmoten.rx.jdbc.DatabaseTestBase - committed 1
2021-12-26 07:09:42.335 [main] INFO  com.github.davidmoten.rx.jdbc.DatabaseTestBase - gets ok
2021-12-26 07:09:42.336 [main] INFO  com.github.davidmoten.rx.jdbc.DatabaseTestBase - closes ok
2021-12-26 07:09:42.338 [main] INFO  com.github.davidmoten.rx.RxUtil - rx.Observable@78e4deb0
2021-12-26 07:09:42.338 [main] INFO  com.github.davidmoten.rx.RxUtil - rx.Observable@78e4deb0
2021-12-26 07:09:42.338 [main] INFO  com.github.davidmoten.rx.RxUtil - rx.Observable@6e9175d8
2021-12-26 07:09:42.339 [main] INFO  com.github.davidmoten.rx.RxUtil - rx.Observable@15bb5034
2021-12-26 07:09:42.339 [main] INFO  com.github.davidmoten.rx.RxUtil - rx.Observable@15bb5034
2021-12-26 07:09:42.339 [main] INFO  com.github.davidmoten.rx.RxUtil - rx.Observable@4b741d6d
2021-12-26 07:09:42.718 [main] INFO  com.github.davidmoten.rx.RxUtil - 99
2021-12-26 07:09:42.719 [main] INFO  com.github.davidmoten.rx.RxUtil - 88
2021-12-26 07:09:42.824 [RxComputationThreadPool-6] INFO  com.github.davidmoten.rx.RxUtil - 0
2021-12-26 07:09:42.825 [RxCachedThreadScheduler-1] INFO  com.github.davidmoten.rx.RxUtil - 21
threads=[main]
2021-12-26 07:09:43.125 [main] INFO  com.zaxxer.hikari.HikariDataSource - HikariCP pool HikariPool-2 is starting.
[MARMADUKE, JOSEPH, MARMADUKE, JOSEPH, MARMADUKE, MARMADUKE, MARMADUKE, JOSEPH, MARMADUKE, JOSEPH, MARMADUKE, MARMADUKE]
2021-12-26 07:09:43.707 [main] INFO  com.github.davidmoten.rx.RxUtil - 99
2021-12-26 07:09:43.708 [main] INFO  com.github.davidmoten.rx.RxUtil - 88
2021-12-26 07:09:44.074 [RxCachedThreadScheduler-1] INFO  com.github.davidmoten.rx.RxUtil - 3
Column "NAMEZ" not found; SQL statement:
select namez from person where name=? [42122-178]
Column "NAMEZ" not found; SQL statement:
select namez from person where name=? [42122-178]
Tests run: 114, Failures: 0, Errors: 0, Skipped: 0, Time elapsed: 8.057 sec
Running com.github.davidmoten.rx.jdbc.DatabaseDerbyTest
Tests run: 1, Failures: 0, Errors: 0, Skipped: 1, Time elapsed: 0.001 sec
Running com.github.davidmoten.rx.jdbc.DatabaseExampleTest
FRED has score 21
JOE has score 34
Tests run: 2, Failures: 1, Errors: 0, Skipped: 0, Time elapsed: 0.32 sec <<< FAILURE!
testParameterOperatorBackpressure(com.github.davidmoten.rx.jdbc.DatabaseExampleTest)  Time elapsed: 0.004 sec  <<< FAILURE!
java.lang.AssertionError: Number of onNext events differ; expected: 1, actual: 0
	at rx.observers.TestSubscriber.assertValueCount(TestSubscriber.java:479)
	at com.github.davidmoten.rx.jdbc.DatabaseExampleTest.testParameterOperatorBackpressure(DatabaseExampleTest.java:63)
	at sun.reflect.NativeMethodAccessorImpl.invoke0(Native Method)
	at sun.reflect.NativeMethodAccessorImpl.invoke(NativeMethodAccessorImpl.java:62)
	at sun.reflect.DelegatingMethodAccessorImpl.invoke(DelegatingMethodAccessorImpl.java:43)
	at java.lang.reflect.Method.invoke(Method.java:483)
	at org.junit.runners.model.FrameworkMethod$1.runReflectiveCall(FrameworkMethod.java:50)
	at org.junit.internal.runners.model.ReflectiveCallable.run(ReflectiveCallable.java:12)
	at org.junit.runners.model.FrameworkMethod.invokeExplosively(FrameworkMethod.java:47)
	at org.junit.internal.runners.statements.InvokeMethod.evaluate(InvokeMethod.java:17)
	at org.junit.runners.ParentRunner.runLeaf(ParentRunner.java:325)
	at org.junit.runners.BlockJUnit4ClassRunner.runChild(BlockJUnit4ClassRunner.java:78)
	at org.junit.runners.BlockJUnit4ClassRunner.runChild(BlockJUnit4ClassRunner.java:57)
	at org.junit.runners.ParentRunner$3.run(ParentRunner.java:290)
	at org.junit.runners.ParentRunner$1.schedule(ParentRunner.java:71)
	at org.junit.runners.ParentRunner.runChildren(ParentRunner.java:288)
	at org.junit.runners.ParentRunner.access$000(ParentRunner.java:58)
	at org.junit.runners.ParentRunner$2.evaluate(ParentRunner.java:268)
	at org.junit.runners.ParentRunner.run(ParentRunner.java:363)
	at org.apache.maven.surefire.junit4.JUnit4Provider.execute(JUnit4Provider.java:252)
	at org.apache.maven.surefire.junit4.JUnit4Provider.executeTestSet(JUnit4Provider.java:141)
	at org.apache.maven.surefire.junit4.JUnit4Provider.invoke(JUnit4Provider.java:112)
	at sun.reflect.NativeMethodAccessorImpl.invoke0(Native Method)
	at sun.reflect.NativeMethodAccessorImpl.invoke(NativeMethodAccessorImpl.java:62)
	at sun.reflect.DelegatingMethodAccessorImpl.invoke(DelegatingMethodAccessorImpl.java:43)
	at java.lang.reflect.Method.invoke(Method.java:483)
	at org.apache.maven.surefire.util.ReflectionUtils.invokeMethodWithArray(ReflectionUtils.java:189)
	at org.apache.maven.surefire.booter.ProviderFactory$ProviderProxy.invoke(ProviderFactory.java:165)
	at org.apache.maven.surefire.booter.ProviderFactory.invokeProvider(ProviderFactory.java:85)
	at org.apache.maven.surefire.booter.ForkedBooter.runSuitesInProcess(ForkedBooter.java:115)
	at org.apache.maven.surefire.booter.ForkedBooter.main(ForkedBooter.java:75)

Running com.github.davidmoten.rx.jdbc.DatabaseMasterDetailTest
MasterAndDetails [id=1, name=FRED, details=[Detail [id=10, description=a good fellow], Detail [id=11, description=rides his bike]]]
MasterAndDetails [id=2, name=JOHN, details=[Detail [id=20, description=a bit of a bore], Detail [id=21, description=is a good cook]]]
Tests run: 2, Failures: 0, Errors: 0, Skipped: 0, Time elapsed: 0.485 sec
Running com.github.davidmoten.rx.jdbc.DatabaseSyncTest
2021-12-26 07:09:45.194 [main] INFO  com.github.davidmoten.rx.RxUtil - 1
2021-12-26 07:09:45.195 [main] INFO  com.github.davidmoten.rx.RxUtil - 2
2021-12-26 07:09:45.195 [main] INFO  com.github.davidmoten.rx.RxUtil - 3
2021-12-26 07:09:45.307 [RxComputationThreadPool-8] INFO  com.github.davidmoten.rx.RxUtil - 0
2021-12-26 07:09:45.308 [RxComputationThreadPool-8] INFO  com.github.davidmoten.rx.RxUtil - 21
[FRED, JOSEPH, MARMADUKE]
2021-12-26 07:09:45.325 [main] INFO  com.zaxxer.hikari.HikariDataSource - HikariCP pool HikariPool-3 is starting.
2021-12-26 07:09:45.357 [main] INFO  com.github.davidmoten.rx.RxUtil - 21
2021-12-26 07:09:45.357 [main] INFO  com.github.davidmoten.rx.RxUtil - 34
2021-12-26 07:09:45.391 [main] INFO  com.github.davidmoten.rx.RxUtil - rx.Observable@5d908d47
2021-12-26 07:09:45.391 [main] INFO  com.github.davidmoten.rx.RxUtil - rx.Observable@5d908d47
2021-12-26 07:09:45.391 [main] INFO  com.github.davidmoten.rx.RxUtil - rx.Observable@5efa40fe
2021-12-26 07:09:45.392 [main] INFO  com.github.davidmoten.rx.RxUtil - rx.Observable@1c9b0314
2021-12-26 07:09:45.392 [main] INFO  com.github.davidmoten.rx.RxUtil - rx.Observable@1c9b0314
2021-12-26 07:09:45.392 [main] INFO  com.github.davidmoten.rx.RxUtil - rx.Observable@45385f75
2021-12-26 07:09:45.400 [main] INFO  com.github.davidmoten.rx.jdbc.DatabaseTestBase - committed 1
2021-12-26 07:09:45.400 [main] INFO  com.github.davidmoten.rx.jdbc.DatabaseTestBase - gets ok
2021-12-26 07:09:45.401 [main] INFO  com.github.davidmoten.rx.jdbc.DatabaseTestBase - closes ok
Syntax error in SQL statement "ZZZ[*] "; SQL statement:
zzz [42000-178]
Syntax error in SQL statement "ZZZ[*] "; SQL statement:
zzz [42000-178]
2021-12-26 07:09:45.428 [main] INFO  com.zaxxer.hikari.HikariDataSource - HikariCP pool HikariPool-4 is starting.
2021-12-26 07:09:45.432 [main] INFO  com.zaxxer.hikari.pool.HikariPool - HikariCP pool HikariPool-4 is shutting down.
2021-12-26 07:09:45.438 [main] INFO  com.github.davidmoten.rx.jdbc.DatabaseTestBase - committed 1
2021-12-26 07:09:45.438 [main] INFO  com.github.davidmoten.rx.jdbc.DatabaseTestBase - gets ok
2021-12-26 07:09:45.438 [main] INFO  com.github.davidmoten.rx.jdbc.DatabaseTestBase - closes ok
2021-12-26 07:09:45.439 [main] INFO  com.github.davidmoten.rx.RxUtil - rx.Observable@28194a50
2021-12-26 07:09:45.439 [main] INFO  com.github.davidmoten.rx.RxUtil - rx.Observable@28194a50
2021-12-26 07:09:45.440 [main] INFO  com.github.davidmoten.rx.RxUtil - rx.Observable@7f2cfe3f
2021-12-26 07:09:45.440 [main] INFO  com.github.davidmoten.rx.RxUtil - rx.Observable@5038d0b5
2021-12-26 07:09:45.441 [main] INFO  com.github.davidmoten.rx.RxUtil - rx.Observable@5038d0b5
2021-12-26 07:09:45.441 [main] INFO  com.github.davidmoten.rx.RxUtil - rx.Observable@32115b28
2021-12-26 07:09:45.464 [main] INFO  com.github.davidmoten.rx.RxUtil - 99
2021-12-26 07:09:45.465 [main] INFO  com.github.davidmoten.rx.RxUtil - 88
2021-12-26 07:09:45.570 [RxComputationThreadPool-9] INFO  com.github.davidmoten.rx.RxUtil - 0
2021-12-26 07:09:45.571 [RxComputationThreadPool-9] INFO  com.github.davidmoten.rx.RxUtil - 21
threads=[main]
2021-12-26 07:09:45.592 [main] INFO  com.zaxxer.hikari.HikariDataSource - HikariCP pool HikariPool-5 is starting.
[MARMADUKE, JOSEPH, MARMADUKE, JOSEPH, MARMADUKE, MARMADUKE, MARMADUKE, JOSEPH, MARMADUKE, JOSEPH, MARMADUKE, MARMADUKE]
2021-12-26 07:09:45.618 [main] INFO  com.github.davidmoten.rx.RxUtil - 99
2021-12-26 07:09:45.618 [main] INFO  com.github.davidmoten.rx.RxUtil - 88
2021-12-26 07:09:45.637 [main] INFO  com.github.davidmoten.rx.RxUtil - 3
Column "NAMEZ" not found; SQL statement:
select namez from person where name=? [42122-178]
Column "NAMEZ" not found; SQL statement:
select namez from person where name=? [42122-178]
Tests run: 113, Failures: 0, Errors: 0, Skipped: 0, Time elapsed: 0.587 sec
Running com.github.davidmoten.rx.jdbc.DatabaseViaDataSourceTest
2021-12-26 07:09:46.136 [main] INFO  com.github.davidmoten.rx.RxUtil - 1
2021-12-26 07:09:46.136 [main] INFO  com.github.davidmoten.rx.RxUtil - 2
2021-12-26 07:09:46.137 [main] INFO  com.github.davidmoten.rx.RxUtil - 3
2021-12-26 07:09:46.248 [RxComputationThreadPool-11] INFO  com.github.davidmoten.rx.RxUtil - 0
2021-12-26 07:09:46.250 [RxComputationThreadPool-11] INFO  com.github.davidmoten.rx.RxUtil - 21
[FRED, JOSEPH, MARMADUKE]
2021-12-26 07:09:46.264 [main] INFO  com.zaxxer.hikari.HikariDataSource - HikariCP pool HikariPool-6 is starting.
2021-12-26 07:09:46.288 [main] INFO  com.github.davidmoten.rx.RxUtil - 21
2021-12-26 07:09:46.289 [main] INFO  com.github.davidmoten.rx.RxUtil - 34
2021-12-26 07:09:46.325 [main] INFO  com.github.davidmoten.rx.RxUtil - rx.Observable@7357a011
2021-12-26 07:09:46.325 [main] INFO  com.github.davidmoten.rx.RxUtil - rx.Observable@7357a011
2021-12-26 07:09:46.326 [main] INFO  com.github.davidmoten.rx.RxUtil - rx.Observable@3406472c
2021-12-26 07:09:46.326 [main] INFO  com.github.davidmoten.rx.RxUtil - rx.Observable@68f4865
2021-12-26 07:09:46.327 [main] INFO  com.github.davidmoten.rx.RxUtil - rx.Observable@68f4865
2021-12-26 07:09:46.327 [main] INFO  com.github.davidmoten.rx.RxUtil - rx.Observable@4816278d
2021-12-26 07:09:46.333 [main] INFO  com.github.davidmoten.rx.jdbc.DatabaseTestBase - committed 1
2021-12-26 07:09:46.333 [main] INFO  com.github.davidmoten.rx.jdbc.DatabaseTestBase - gets ok
2021-12-26 07:09:46.333 [main] INFO  com.github.davidmoten.rx.jdbc.DatabaseTestBase - closes ok
Syntax error in SQL statement "ZZZ[*] "; SQL statement:
zzz [42000-178]
Syntax error in SQL statement "ZZZ[*] "; SQL statement:
zzz [42000-178]
2021-12-26 07:09:46.350 [main] INFO  com.zaxxer.hikari.HikariDataSource - HikariCP pool HikariPool-7 is starting.
2021-12-26 07:09:46.353 [main] INFO  com.zaxxer.hikari.pool.HikariPool - HikariCP pool HikariPool-7 is shutting down.
2021-12-26 07:09:46.357 [main] INFO  com.github.davidmoten.rx.jdbc.DatabaseTestBase - committed 1
2021-12-26 07:09:46.357 [main] INFO  com.github.davidmoten.rx.jdbc.DatabaseTestBase - gets ok
2021-12-26 07:09:46.357 [main] INFO  com.github.davidmoten.rx.jdbc.DatabaseTestBase - closes ok
2021-12-26 07:09:46.359 [main] INFO  com.github.davidmoten.rx.RxUtil - rx.Observable@7aaca91a
2021-12-26 07:09:46.359 [main] INFO  com.github.davidmoten.rx.RxUtil - rx.Observable@7aaca91a
2021-12-26 07:09:46.359 [main] INFO  com.github.davidmoten.rx.RxUtil - rx.Observable@44c73c26
2021-12-26 07:09:46.359 [main] INFO  com.github.davidmoten.rx.RxUtil - rx.Observable@60b4beb4
2021-12-26 07:09:46.360 [main] INFO  com.github.davidmoten.rx.RxUtil - rx.Observable@60b4beb4
2021-12-26 07:09:46.360 [main] INFO  com.github.davidmoten.rx.RxUtil - rx.Observable@7fcf2fc1
2021-12-26 07:09:46.382 [main] INFO  com.github.davidmoten.rx.RxUtil - 99
2021-12-26 07:09:46.383 [main] INFO  com.github.davidmoten.rx.RxUtil - 88
2021-12-26 07:09:46.489 [RxComputationThreadPool-12] INFO  com.github.davidmoten.rx.RxUtil - 0
2021-12-26 07:09:46.490 [RxComputationThreadPool-12] INFO  com.github.davidmoten.rx.RxUtil - 21
threads=[main]
2021-12-26 07:09:46.503 [main] INFO  com.zaxxer.hikari.HikariDataSource - HikariCP pool HikariPool-8 is starting.
[MARMADUKE, JOSEPH, MARMADUKE, JOSEPH, MARMADUKE, MARMADUKE, MARMADUKE, JOSEPH, MARMADUKE, JOSEPH, MARMADUKE, MARMADUKE]
2021-12-26 07:09:46.524 [main] INFO  com.github.davidmoten.rx.RxUtil - 99
2021-12-26 07:09:46.524 [main] INFO  com.github.davidmoten.rx.RxUtil - 88
2021-12-26 07:09:46.599 [main] INFO  com.github.davidmoten.rx.RxUtil - 3
Column "NAMEZ" not found; SQL statement:
select namez from person where name=? [42122-178]
Column "NAMEZ" not found; SQL statement:
select namez from person where name=? [42122-178]
Tests run: 113, Failures: 0, Errors: 0, Skipped: 0, Time elapsed: 0.964 sec
Running com.github.davidmoten.rx.jdbc.NamedParametersTest
Tests run: 4, Failures: 0, Errors: 0, Skipped: 0, Time elapsed: 0 sec
Running com.github.davidmoten.rx.jdbc.QueriesTest
Tests run: 1, Failures: 0, Errors: 0, Skipped: 0, Time elapsed: 0 sec
Running com.github.davidmoten.rx.jdbc.UtilTest
Tests run: 60, Failures: 0, Errors: 0, Skipped: 0, Time elapsed: 1.259 sec
Running com.github.davidmoten.rx.jdbc.tuple.TuplesTest
Tests run: 1, Failures: 0, Errors: 0, Skipped: 0, Time elapsed: 0 sec

Results :

Failed tests:   testParameterOperatorBackpressure(com.github.davidmoten.rx.jdbc.DatabaseExampleTest): Number of onNext events differ; expected: 1, actual: 0

Tests run: 426, Failures: 1, Errors: 0, Skipped: 1

[INFO] ------------------------------------------------------------------------
[INFO] BUILD FAILURE
[INFO] ------------------------------------------------------------------------
[INFO] Total time: 26.409 s
[INFO] Finished at: 2021-12-26T07:09:47+00:00
[INFO] Final Memory: 20M/312M
[INFO] ------------------------------------------------------------------------
[ERROR] Failed to execute goal org.apache.maven.plugins:maven-surefire-plugin:2.12.4:test (default-test) on project rxjava-jdbc: There are test failures.
[ERROR] 
[ERROR] Please refer to /home/travis/build/failed/davidmoten/rxjava-jdbc/target/surefire-reports for the individual test results.
[ERROR] -> [Help 1]
[ERROR] 
[ERROR] To see the full stack trace of the errors, re-run Maven with the -e switch.
[ERROR] Re-run Maven using the -X switch to enable full debug logging.
[ERROR] 
[ERROR] For more information about the errors and possible solutions, please read the following articles:
[ERROR] [Help 1] http://cwiki.apache.org/confluence/display/MAVEN/MojoFailureException

travis_time:end:08081080:start=1640502560488637378,finish=1640502588238236576,duration=27749599198[0K
[31;1mThe command "mvn test -Dhttps.protocols=TLSv1.2 -B" exited with 1.[0m

Done. Your build exited with 1.
