travis_time:start:00650fa0[0Ktravis_time:end:00650fa0:start=1640482530723137569,finish=1640482531139866535,duration=416728966,event=no_world_writable_dirs[0Ktravis_time:start:22de9e3e[0Ktravis_time:end:22de9e3e:start=1640482531147367047,finish=1640482531152562941,duration=5195894,event=check_unsupported[0Ktravis_time:start:28e740a6[0Ktravis_fold:start:system_info[0K[33;1mBuild system information[0m
Build language: java
Build group: stable
Build dist: trusty
Build id: ''
Job id: ''
Runtime kernel version: 4.15.0-109-generic
[34m[1mBuild image provisioning date and time[0m
Tue Dec  5 20:11:19 UTC 2017
[34m[1mOperating System Details[0m
Distributor ID:	Ubuntu
Description:	Ubuntu 14.04.5 LTS
Release:	14.04
Codename:	trusty
[34m[1mCookbooks Version[0m
7c2c6a6 https://github.com/travis-ci/travis-cookbooks/tree/7c2c6a6
[34m[1mgit version[0m
git version 2.15.1
[34m[1mbash version[0m
GNU bash, version 4.3.11(1)-release (x86_64-pc-linux-gnu)
[34m[1mgcc version[0m
gcc (Ubuntu 4.8.4-2ubuntu1~14.04.3) 4.8.4
Copyright (C) 2013 Free Software Foundation, Inc.
This is free software; see the source for copying conditions.  There is NO
warranty; not even for MERCHANTABILITY or FITNESS FOR A PARTICULAR PURPOSE.

[34m[1mdocker version[0m
Client:
 Version:      17.09.0-ce
 API version:  1.32
 Go version:   go1.8.3
 Git commit:   afdb6d4
 Built:        Tue Sep 26 22:39:28 2017
 OS/Arch:      linux/amd64
[34m[1mclang version[0m
clang version 5.0.0 (tags/RELEASE_500/final)
Target: x86_64-unknown-linux-gnu
Thread model: posix
InstalledDir: /usr/local/clang-5.0.0/bin
[34m[1mjq version[0m
jq-1.5
[34m[1mbats version[0m
Bats 0.4.0
[34m[1mshellcheck version[0m
0.4.6
[34m[1mshfmt version[0m
v2.0.0
[34m[1mccache version[0m
ccache version 3.1.9

Copyright (C) 2002-2007 Andrew Tridgell
Copyright (C) 2009-2011 Joel Rosdahl

This program is free software; you can redistribute it and/or modify it under
the terms of the GNU General Public License as published by the Free Software
Foundation; either version 3 of the License, or (at your option) any later
version.
[34m[1mcmake version[0m
cmake version 3.9.2

CMake suite maintained and supported by Kitware (kitware.com/cmake).
[34m[1mheroku version[0m
heroku-cli/6.14.39-addc925 (linux-x64) node-v9.2.0
[34m[1mimagemagick version[0m
Version: ImageMagick 6.7.7-10 2017-07-31 Q16 http://www.imagemagick.org
[34m[1mmd5deep version[0m
4.2
[34m[1mmercurial version[0m
Mercurial Distributed SCM (version 4.2.2)
(see https://mercurial-scm.org for more information)

Copyright (C) 2005-2017 Matt Mackall and others
This is free software; see the source for copying conditions. There is NO
warranty; not even for MERCHANTABILITY or FITNESS FOR A PARTICULAR PURPOSE.
[34m[1mmysql version[0m
mysql  Ver 14.14 Distrib 5.6.33, for debian-linux-gnu (x86_64) using  EditLine wrapper
[34m[1mopenssl version[0m
OpenSSL 1.0.1f 6 Jan 2014
[34m[1mpacker version[0m
Packer v1.0.2

Your version of Packer is out of date! The latest version
is 1.1.2. You can update by downloading from www.packer.io
[34m[1mpostgresql client version[0m
psql (PostgreSQL) 9.6.6
[34m[1mragel version[0m
Ragel State Machine Compiler version 6.8 Feb 2013
Copyright (c) 2001-2009 by Adrian Thurston
[34m[1msubversion version[0m
svn, version 1.8.8 (r1568071)
   compiled Aug 10 2017, 17:20:39 on x86_64-pc-linux-gnu

Copyright (C) 2013 The Apache Software Foundation.
This software consists of contributions made by many people;
see the NOTICE file for more information.
Subversion is open source software, see http://subversion.apache.org/

The following repository access (RA) modules are available:

* ra_svn : Module for accessing a repository using the svn network protocol.
  - with Cyrus SASL authentication
  - handles 'svn' scheme
* ra_local : Module for accessing a repository on local disk.
  - handles 'file' scheme
* ra_serf : Module for accessing a repository via WebDAV protocol using serf.
  - using serf 1.3.3
  - handles 'http' scheme
  - handles 'https' scheme

[34m[1msudo version[0m
Sudo version 1.8.9p5
Configure options: --prefix=/usr -v --with-all-insults --with-pam --with-fqdn --with-logging=syslog --with-logfac=authpriv --with-env-editor --with-editor=/usr/bin/editor --with-timeout=15 --with-password-timeout=0 --with-passprompt=[sudo] password for %p:  --without-lecture --with-tty-tickets --disable-root-mailer --enable-admin-flag --with-sendmail=/usr/sbin/sendmail --with-timedir=/var/lib/sudo --mandir=/usr/share/man --libexecdir=/usr/lib/sudo --with-sssd --with-sssd-lib=/usr/lib/x86_64-linux-gnu --with-selinux
Sudoers policy plugin version 1.8.9p5
Sudoers file grammar version 43

Sudoers path: /etc/sudoers
Authentication methods: 'pam'
Syslog facility if syslog is being used for logging: authpriv
Syslog priority to use when user authenticates successfully: notice
Syslog priority to use when user authenticates unsuccessfully: alert
Send mail if the user is not in sudoers
Use a separate timestamp for each user/tty combo
Lecture user the first time they run sudo
Root may run sudo
Allow some information gathering to give useful error messages
Require fully-qualified hostnames in the sudoers file
Visudo will honor the EDITOR environment variable
Set the LOGNAME and USER environment variables
Length at which to wrap log file lines (0 for no wrap): 80
Authentication timestamp timeout: 15.0 minutes
Password prompt timeout: 0.0 minutes
Number of tries to enter a password: 3
Umask to use or 0777 to use user's: 022
Path to mail program: /usr/sbin/sendmail
Flags for mail program: -t
Address to send mail to: root
Subject line for mail messages: *** SECURITY information for %h ***
Incorrect password message: Sorry, try again.
Path to authentication timestamp dir: /var/lib/sudo
Default password prompt: [sudo] password for %p: 
Default user to run commands as: root
Value to override user's $PATH with: /usr/local/sbin:/usr/local/bin:/usr/sbin:/usr/bin:/sbin:/bin:/snap/bin
Path to the editor for use by visudo: /usr/bin/editor
When to require a password for 'list' pseudocommand: any
When to require a password for 'verify' pseudocommand: all
File descriptors >= 3 will be closed before executing a command
Environment variables to check for sanity:
	TZ
	TERM
	LINGUAS
	LC_*
	LANGUAGE
	LANG
	COLORTERM
Environment variables to remove:
	RUBYOPT
	RUBYLIB
	PYTHONUSERBASE
	PYTHONINSPECT
	PYTHONPATH
	PYTHONHOME
	TMPPREFIX
	ZDOTDIR
	READNULLCMD
	NULLCMD
	FPATH
	PERL5DB
	PERL5OPT
	PERL5LIB
	PERLLIB
	PERLIO_DEBUG 
	JAVA_TOOL_OPTIONS
	SHELLOPTS
	GLOBIGNORE
	PS4
	BASH_ENV
	ENV
	TERMCAP
	TERMPATH
	TERMINFO_DIRS
	TERMINFO
	_RLD*
	LD_*
	PATH_LOCALE
	NLSPATH
	HOSTALIASES
	RES_OPTIONS
	LOCALDOMAIN
	CDPATH
	IFS
Environment variables to preserve:
	JAVA_HOME
	TRAVIS
	CI
	DEBIAN_FRONTEND
	XAUTHORIZATION
	XAUTHORITY
	PS2
	PS1
	PATH
	LS_COLORS
	KRB5CCNAME
	HOSTNAME
	HOME
	DISPLAY
	COLORS
Locale to use while parsing sudoers: C
Directory in which to store input/output logs: /var/log/sudo-io
File in which to store the input/output log: %{seq}
Add an entry to the utmp/utmpx file when allocating a pty
PAM service name to use
PAM service name to use for login shells
Create a new PAM session for the command to run in
Maximum I/O log sequence number: 0

Local IP address and netmask pairs:
	172.17.0.2/255.255.0.0

Sudoers I/O plugin version 1.8.9p5
[34m[1mgzip version[0m
gzip 1.6
Copyright (C) 2007, 2010, 2011 Free Software Foundation, Inc.
Copyright (C) 1993 Jean-loup Gailly.
This is free software.  You may redistribute copies of it under the terms of
the GNU General Public License <http://www.gnu.org/licenses/gpl.html>.
There is NO WARRANTY, to the extent permitted by law.

Written by Jean-loup Gailly.
[34m[1mzip version[0m
Copyright (c) 1990-2008 Info-ZIP - Type 'zip "-L"' for software license.
This is Zip 3.0 (July 5th 2008), by Info-ZIP.
Currently maintained by E. Gordon.  Please send bug reports to
the authors using the web page at www.info-zip.org; see README for details.

Latest sources and executables are at ftp://ftp.info-zip.org/pub/infozip,
as of above date; see http://www.info-zip.org/ for other sites.

Compiled with gcc 4.8.2 for Unix (Linux ELF) on Oct 21 2013.

Zip special compilation options:
	USE_EF_UT_TIME       (store Universal Time)
	BZIP2_SUPPORT        (bzip2 library version 1.0.6, 6-Sept-2010)
	    bzip2 code and library copyright (c) Julian R Seward
	    (See the bzip2 license for terms of use)
	SYMLINK_SUPPORT      (symbolic links supported)
	LARGE_FILE_SUPPORT   (can read and write large files on file system)
	ZIP64_SUPPORT        (use Zip64 to store large files in archives)
	UNICODE_SUPPORT      (store and read UTF-8 Unicode paths)
	STORE_UNIX_UIDs_GIDs (store UID/GID sizes/values using new extra field)
	UIDGID_NOT_16BIT     (old Unix 16-bit UID/GID extra field not used)
	[encryption, version 2.91 of 05 Jan 2007] (modified for Zip 3)

Encryption notice:
	The encryption code of this program is not copyrighted and is
	put in the public domain.  It was originally written in Europe
	and, to the best of our knowledge, can be freely distributed
	in both source and object forms from any country, including
	the USA under License Exception TSU of the U.S. Export
	Administration Regulations (section 740.13(e)) of 6 June 2002.

Zip environment options:
             ZIP:  [none]
          ZIPOPT:  [none]
[34m[1mvim version[0m
VIM - Vi IMproved 7.4 (2013 Aug 10, compiled Nov 24 2016 16:43:18)
Included patches: 1-52
Extra patches: 8.0.0056
Modified by pkg-vim-maintainers@lists.alioth.debian.org
Compiled by buildd@
Huge version without GUI.  Features included (+) or not (-):
+acl             +farsi           +mouse_netterm   +syntax
+arabic          +file_in_path    +mouse_sgr       +tag_binary
+autocmd         +find_in_path    -mouse_sysmouse  +tag_old_static
-balloon_eval    +float           +mouse_urxvt     -tag_any_white
-browse          +folding         +mouse_xterm     -tcl
++builtin_terms  -footer          +multi_byte      +terminfo
+byte_offset     +fork()          +multi_lang      +termresponse
+cindent         +gettext         -mzscheme        +textobjects
-clientserver    -hangul_input    +netbeans_intg   +title
-clipboard       +iconv           +path_extra      -toolbar
+cmdline_compl   +insert_expand   -perl            +user_commands
+cmdline_hist    +jumplist        +persistent_undo +vertsplit
+cmdline_info    +keymap          +postscript      +virtualedit
+comments        +langmap         +printer         +visual
+conceal         +libcall         +profile         +visualextra
+cryptv          +linebreak       +python          +viminfo
+cscope          +lispindent      -python3         +vreplace
+cursorbind      +listcmds        +quickfix        +wildignore
+cursorshape     +localmap        +reltime         +wildmenu
+dialog_con      -lua             +rightleft       +windows
+diff            +menu            -ruby            +writebackup
+digraphs        +mksession       +scrollbind      -X11
-dnd             +modify_fname    +signs           -xfontset
-ebcdic          +mouse           +smartindent     -xim
+emacs_tags      -mouseshape      -sniff           -xsmp
+eval            +mouse_dec       +startuptime     -xterm_clipboard
+ex_extra        +mouse_gpm       +statusline      -xterm_save
+extra_search    -mouse_jsbterm   -sun_workshop    -xpm
   system vimrc file: "$VIM/vimrc"
     user vimrc file: "$HOME/.vimrc"
 2nd user vimrc file: "~/.vim/vimrc"
      user exrc file: "$HOME/.exrc"
  fall-back for $VIM: "/usr/share/vim"
Compilation: gcc -c -I. -Iproto -DHAVE_CONFIG_H     -g -O2 -fstack-protector --param=ssp-buffer-size=4 -Wformat -Werror=format-security -U_FORTIFY_SOURCE -D_FORTIFY_SOURCE=1      
Linking: gcc   -Wl,-Bsymbolic-functions -Wl,-z,relro -Wl,--as-needed -o vim        -lm -ltinfo -lnsl  -lselinux  -lacl -lattr -lgpm -ldl    -L/usr/lib/python2.7/config-x86_64-linux-gnu -lpython2.7 -lpthread -ldl -lutil -lm -Xlinker -export-dynamic -Wl,-O1 -Wl,-Bsymbolic-functions      
[34m[1miptables version[0m
iptables v1.4.21
[34m[1mcurl version[0m
curl 7.35.0 (x86_64-pc-linux-gnu) libcurl/7.35.0 OpenSSL/1.0.1f zlib/1.2.8 libidn/1.28 librtmp/2.3
[34m[1mwget version[0m
GNU Wget 1.15 built on linux-gnu.
[34m[1mrsync version[0m
rsync  version 3.1.0  protocol version 31
[34m[1mgimme version[0m
v1.2.0
[34m[1mnvm version[0m
0.33.6
[34m[1mperlbrew version[0m
/home/travis/perl5/perlbrew/bin/perlbrew  - App::perlbrew/0.80
[34m[1mphpenv version[0m
rbenv 1.1.1-25-g6aa70b6
[34m[1mrvm version[0m
rvm 1.29.3 (latest) by Michal Papis, Piotr Kuczynski, Wayne E. Seguin [https://rvm.io]
[34m[1mdefault ruby version[0m
ruby 2.4.1p111 (2017-03-22 revision 58053) [x86_64-linux]
[34m[1mCouchDB version[0m
couchdb 1.6.1
[34m[1mElasticSearch version[0m
5.5.0
[34m[1mInstalled Firefox version[0m
firefox 56.0.2
[34m[1mMongoDB version[0m
MongoDB 3.4.10
[34m[1mPhantomJS version[0m
2.1.1
[34m[1mPre-installed PostgreSQL versions[0m
9.2.24
9.3.20
9.4.15
9.5.10
9.6.6
[34m[1mRabbitMQ Version[0m
3.6.14
[34m[1mRedis version[0m
redis-server 4.0.6
[34m[1mriak version[0m
2.2.3
[34m[1mPre-installed Go versions[0m
1.7.4
[34m[1mant version[0m
Apache Ant(TM) version 1.9.3 compiled on April 8 2014
[34m[1mmvn version[0m
Apache Maven 3.5.2 (138edd61fd100ec658bfa2d307c43b76940a5d7d; 2017-10-18T07:58:13Z)
Maven home: /usr/local/maven-3.5.2
Java version: 1.8.0_151, vendor: Oracle Corporation
Java home: /usr/lib/jvm/java-8-oracle/jre
Default locale: en_US, platform encoding: UTF-8
OS name: "linux", version: "4.4.0-101-generic", arch: "amd64", family: "unix"
[34m[1mgradle version[0m

------------------------------------------------------------
Gradle 4.0.1
------------------------------------------------------------

Build time:   2017-07-07 14:02:41 UTC
Revision:     38e5dc0f772daecca1d2681885d3d85414eb6826

Groovy:       2.4.11
Ant:          Apache Ant(TM) version 1.9.6 compiled on June 29 2015
JVM:          1.8.0_151 (Oracle Corporation 25.151-b12)
OS:           Linux 4.4.0-101-generic amd64

[34m[1mlein version[0m
Leiningen 2.8.1 on Java 1.8.0_151 Java HotSpot(TM) 64-Bit Server VM
[34m[1mPre-installed Node.js versions[0m
v4.8.6
v6.12.0
v6.12.1
v8.9
v8.9.1
[34m[1mphpenv versions[0m
  system
  5.6
* 5.6.32 (set by /home/travis/.phpenv/version)
  7.0
  7.0.25
  7.1
  7.1.11
  hhvm
  hhvm-stable
[34m[1mcomposer --version[0m
Composer version 1.5.2 2017-09-11 16:59:25
[34m[1mPre-installed Ruby versions[0m
ruby-2.2.7
ruby-2.3.4
ruby-2.4.1
travis_fold:end:system_info[0K
travis_time:end:28e740a6:start=1640482531162319966,finish=1640482531176534588,duration=14214622,event=show_system_info[0Ktravis_time:start:0af297c0[0Ktravis_time:end:0af297c0:start=1640482531182841610,finish=1640482531296352292,duration=113510682,event=rm_riak_source[0Ktravis_time:start:07289971[0Ktravis_time:end:07289971:start=1640482531303718067,finish=1640482531318289123,duration=14571056,event=fix_rwky_redis[0Ktravis_time:start:057e2f90[0K[31;1mTimeout waiting for network availability.[0m
travis_time:end:057e2f90:start=1640482531323931713,finish=1640482552324592159,duration=21000660446,event=wait_for_network[0Ktravis_time:start:011a4085[0Ktravis_time:end:011a4085:start=1640482552331669193,finish=1640482558995075050,duration=6663405857,event=update_apt_keys[0Ktravis_time:start:184241c3[0Ktravis_time:end:184241c3:start=1640482559002664666,finish=1640482572802121948,duration=13799457282,event=fix_hhvm_source[0Ktravis_time:start:19e43a78[0Ktravis_time:end:19e43a78:start=1640482572809878179,finish=1640482572816695009,duration=6816830,event=update_mongo_arch[0Ktravis_time:start:0c5d4800[0Ktravis_time:end:0c5d4800:start=1640482572824831667,finish=1640482572884891505,duration=60059838,event=fix_sudo_enabled_trusty[0Ktravis_time:start:076d7380[0Ktravis_time:end:076d7380:start=1640482572892536425,finish=1640482572910337147,duration=17800722,event=clean_up_path[0Ktravis_time:start:09ad5341[0Ktravis_time:end:09ad5341:start=1640482572915940436,finish=1640482572932240863,duration=16300427,event=fix_resolv_conf[0Ktravis_time:start:21854076[0Ktravis_time:end:21854076:start=1640482572940198450,finish=1640482572958787843,duration=18589393,event=fix_etc_hosts[0Ktravis_time:start:04ac43bd[0Ktravis_time:start:1ca8fbb7[0Ktravis_time:end:1ca8fbb7:start=1640482573229986783,finish=1640482573504774962,duration=274788179,event=no_ipv6_localhost[0Ktravis_time:start:01dc7268[0Ktravis_time:end:01dc7268:start=1640482573512506233,finish=1640482573518244459,duration=5738226,event=fix_etc_mavenrc[0Ktravis_time:start:0c9c6605[0Ktravis_time:end:0c9c6605:start=1640482573525741105,finish=1640482573533445168,duration=7704063,event=fix_wwdr_certificate[0Ktravis_time:start:1360afd6[0Ktravis_time:end:1360afd6:start=1640482573539791186,finish=1640482573721142511,duration=181351325,event=put_localhost_first[0Ktravis_time:start:0a245900[0Ktravis_time:end:0a245900:start=1640482573728350063,finish=1640482573733421581,duration=5071518,event=home_paths[0Ktravis_time:start:037a6317[0Ktravis_time:end:037a6317:start=1640482573740543374,finish=1640482574265584775,duration=525041401,event=disable_initramfs[0Ktravis_time:start:013ae917[0Ktravis_time:end:013ae917:start=1640482574272288481,finish=1640482574672294723,duration=400006242,event=disable_ssh_roaming[0Ktravis_time:start:18867a02[0Ktravis_time:end:18867a02:start=1640482574677853056,finish=1640482574682224607,duration=4371551,event=debug_tools[0Ktravis_time:start:0ce09410[0Ktravis_time:end:0ce09410:start=1640482574689320195,finish=1640482574696517841,duration=7197646,event=uninstall_oclint[0Ktravis_time:start:103a905c[0Ktravis_time:end:103a905c:start=1640482574703290094,finish=1640482574711868381,duration=8578287,event=rvm_use[0Ktravis_time:start:15f70a22[0Ktravis_time:end:15f70a22:start=1640482574719785416,finish=1640482574736207323,duration=16421907,event=rm_etc_boto_cfg[0Ktravis_time:start:09424ab8[0Ktravis_time:end:09424ab8:start=1640482574743071302,finish=1640482574749463217,duration=6391915,event=rm_oraclejdk8_symlink[0Ktravis_time:start:04552bba[0Ktravis_time:end:04552bba:start=1640482574756330032,finish=1640482575014707508,duration=258377476,event=enable_i386[0Ktravis_time:start:229e1ac6[0Ktravis_time:end:229e1ac6:start=1640482575022644782,finish=1640482575203035810,duration=180391028,event=update_rubygems[0Ktravis_time:start:204bc152[0Ktravis_time:end:204bc152:start=1640482575210850971,finish=1640482576625643956,duration=1414792985,event=ensure_path_components[0Ktravis_time:start:04aea2c8[0Ktravis_time:end:04aea2c8:start=1640482576633267572,finish=1640482576637393515,duration=4125943,event=redefine_curl[0Ktravis_time:start:098d4614[0Ktravis_time:end:098d4614:start=1640482576644196226,finish=1640482576648934453,duration=4738227,event=nonblock_pipe[0Ktravis_time:start:076f2384[0Ktravis_time:end:076f2384:start=1640482576656087608,finish=1640482587823246057,duration=11167158449,event=apt_get_update[0Ktravis_time:start:06585282[0Ktravis_time:end:06585282:start=1640482587831260548,finish=1640482587836287489,duration=5026941,event=deprecate_xcode_64[0Ktravis_time:start:04e6d628[0Ktravis_time:end:04e6d628:start=1640482587842823419,finish=1640482708144206494,duration=120301383075,event=update_heroku[0Ktravis_time:start:1916a68a[0Ktravis_time:end:1916a68a:start=1640482708152880531,finish=1640482708158857244,duration=5976713,event=shell_session_update[0Ktravis_time:start:07a9a67b[0Ktravis_fold:start:docker_mtu[0Ktee: /etc/docker/daemon.json: No such file or directory
docker: unrecognized service
travis_fold:end:docker_mtu[0Ktravis_time:end:07a9a67b:start=1640482708166593050,finish=1640482708205849488,duration=39256438,event=set_docker_mtu[0Ktravis_time:start:00031434[0Ktravis_fold:start:resolvconf[0Kinitctl: Unable to connect to Upstart: Failed to connect to socket /com/ubuntu/upstart: Connection refused
 * Restarting resolvconf...
   ...done.
travis_fold:end:resolvconf[0Ktravis_time:end:00031434:start=1640482708215123215,finish=1640482708567246645,duration=352123430,event=resolvconf[0K
travis_fold:start:install_jdk[0K[33;1mInstalling oraclejdk8[0m
$ jdk_switcher use "oraclejdk8"
Switching to Oracle JDK8 (java-8-oracle), JAVA_HOME will be set to /usr/lib/jvm/java-8-oracle
travis_fold:end:install_jdk[0Ktravis_time:start:10c4d230[0Ktravis_time:end:10c4d230:start=1640482750776885262,finish=1640482750782973414,duration=6088152,event=fix_ps4[0Ktravis_time:start:12197a3c[0K
$ cd failed/FluentLenium/FluentLenium

travis_time:end:12197a3c:start=1640482750792090748,finish=1640482751074698116,duration=282607368,event=checkout[0Ktravis_time:start:1373f622[0K
[33;1mSetting environment variables from .travis.yml[0m
$ export CI_DEPLOY_USERNAME=[secure]
$ export CI_DEPLOY_PASSWORD=[secure]

travis_time:end:1373f622:start=1640482751083798433,finish=1640482751937465256,duration=853666823,event=env[0K$ java -Xmx32m -version
java version "1.8.0_151"
Java(TM) SE Runtime Environment (build 1.8.0_151-b12)
Java HotSpot(TM) 64-Bit Server VM (build 25.151-b12, mixed mode)
$ javac -J-Xmx32m -version
javac 1.8.0_151
travis_fold:start:install[0Ktravis_time:start:3bed896e[0K$ mvn -o install -Dhttps.protocols=TLSv1.2 -DskipTests=true -Dmaven.javadoc.skip=true -B -V
Apache Maven 3.5.2 (138edd61fd100ec658bfa2d307c43b76940a5d7d; 2017-10-18T07:58:13Z)
Maven home: /usr/local/maven-3.5.2
Java version: 1.8.0_151, vendor: Oracle Corporation
Java home: /usr/lib/jvm/java-8-oracle/jre
Default locale: en_US, platform encoding: UTF-8
OS name: "linux", version: "4.15.0-109-generic", arch: "amd64", family: "unix"
[INFO] Scanning for projects...
[WARNING] The project org.fluentlenium:fluentlenium-parent:pom:3.6.0-SNAPSHOT uses prerequisites which is only intended for maven-plugin projects but not for non maven-plugin projects. For such purposes you should use the maven-enforcer-plugin. See https://maven.apache.org/enforcer/enforcer-rules/requireMavenVersion.html
[INFO] ------------------------------------------------------------------------
[INFO] Reactor Build Order:
[INFO] 
[INFO] FluentLenium
[INFO] FluentLenium Core
[INFO] FluentLenium AssertJ
[INFO] FluentLenium JUnit
[INFO] FluentLenium TestNG
[INFO] FluentLenium Cucumber
[INFO] FluentLenium Spock
[INFO] 
[INFO] ------------------------------------------------------------------------
[INFO] Building FluentLenium 3.6.0-SNAPSHOT
[INFO] ------------------------------------------------------------------------
[INFO] 
[INFO] --- maven-enforcer-plugin:1.2:enforce (enforce-maven) @ fluentlenium-parent ---
[INFO] 
[INFO] --- jacoco-maven-plugin:0.7.5.201505241946:prepare-agent (prepare-agent) @ fluentlenium-parent ---
[INFO] argLine set to -javaagent:/home/travis/.m2/failed/org/jacoco/org.jacoco.agent/0.7.5.201505241946/org.jacoco.agent-0.7.5.201505241946-runtime.jar=destfile=/home/travis/build/failed/FluentLenium/FluentLenium/target/jacoco.exec,excludes=**com.steadystate*
[INFO] 
[INFO] --- maven-javadoc-plugin:2.10.4:jar (attach-javadocs) @ fluentlenium-parent ---
[INFO] Skipping javadoc generation
[INFO] 
[INFO] --- maven-install-plugin:2.4:install (default-install) @ fluentlenium-parent ---
[INFO] Installing /home/travis/build/failed/FluentLenium/FluentLenium/pom.xml to /home/travis/.m2/failed/org/fluentlenium/fluentlenium-parent/3.6.0-SNAPSHOT/fluentlenium-parent-3.6.0-SNAPSHOT.pom
[INFO] 
[INFO] ------------------------------------------------------------------------
[INFO] Building FluentLenium Core 3.6.0-SNAPSHOT
[INFO] ------------------------------------------------------------------------
[WARNING] The artifact xml-apis:xml-apis:jar:2.0.2 has been relocated to xml-apis:xml-apis:jar:1.0.b2
[INFO] 
[INFO] --- maven-enforcer-plugin:1.2:enforce (enforce-maven) @ fluentlenium-core ---
[INFO] 
[INFO] --- jacoco-maven-plugin:0.7.5.201505241946:prepare-agent (prepare-agent) @ fluentlenium-core ---
[INFO] argLine set to -javaagent:/home/travis/.m2/failed/org/jacoco/org.jacoco.agent/0.7.5.201505241946/org.jacoco.agent-0.7.5.201505241946-runtime.jar=destfile=/home/travis/build/failed/FluentLenium/FluentLenium/fluentlenium-core/target/jacoco.exec,excludes=**com.steadystate*
[INFO] 
[INFO] --- maven-resources-plugin:2.6:resources (default-resources) @ fluentlenium-core ---
[INFO] Using 'UTF-8' encoding to copy filtered resources.
[INFO] Copying 1 resource
[INFO] 
[INFO] --- maven-compiler-plugin:3.1:compile (default-compile) @ fluentlenium-core ---
[INFO] Nothing to compile - all classes are up to date
[INFO] 
[INFO] --- maven-resources-plugin:2.6:testResources (default-testResources) @ fluentlenium-core ---
[INFO] Using 'UTF-8' encoding to copy filtered resources.
[INFO] Copying 12 resources
[INFO] 
[INFO] --- maven-compiler-plugin:3.1:testCompile (default-testCompile) @ fluentlenium-core ---
[INFO] Nothing to compile - all classes are up to date
[INFO] 
[INFO] --- maven-surefire-plugin:2.19.1:test (default-test) @ fluentlenium-core ---
[INFO] Tests are skipped.
[INFO] 
[INFO] --- maven-jar-plugin:2.4:jar (default-jar) @ fluentlenium-core ---
[INFO] Building jar: /home/travis/build/failed/FluentLenium/FluentLenium/fluentlenium-core/target/fluentlenium-core-3.6.0-SNAPSHOT.jar
[INFO] 
[INFO] --- maven-javadoc-plugin:2.10.4:jar (attach-javadocs) @ fluentlenium-core ---
[INFO] Skipping javadoc generation
[INFO] 
[INFO] --- maven-failsafe-plugin:2.19.1:integration-test (default) @ fluentlenium-core ---
[INFO] Tests are skipped.
[INFO] 
[INFO] --- maven-failsafe-plugin:2.19.1:verify (default) @ fluentlenium-core ---
[INFO] Tests are skipped.
[INFO] 
[INFO] --- maven-install-plugin:2.4:install (default-install) @ fluentlenium-core ---
[INFO] Installing /home/travis/build/failed/FluentLenium/FluentLenium/fluentlenium-core/target/fluentlenium-core-3.6.0-SNAPSHOT.jar to /home/travis/.m2/failed/org/fluentlenium/fluentlenium-core/3.6.0-SNAPSHOT/fluentlenium-core-3.6.0-SNAPSHOT.jar
[INFO] Installing /home/travis/build/failed/FluentLenium/FluentLenium/fluentlenium-core/pom.xml to /home/travis/.m2/failed/org/fluentlenium/fluentlenium-core/3.6.0-SNAPSHOT/fluentlenium-core-3.6.0-SNAPSHOT.pom
[INFO] 
[INFO] ------------------------------------------------------------------------
[INFO] Building FluentLenium AssertJ 3.6.0-SNAPSHOT
[INFO] ------------------------------------------------------------------------
[WARNING] The artifact xml-apis:xml-apis:jar:2.0.2 has been relocated to xml-apis:xml-apis:jar:1.0.b2
[INFO] 
[INFO] --- maven-enforcer-plugin:1.2:enforce (enforce-maven) @ fluentlenium-assertj ---
[INFO] 
[INFO] --- jacoco-maven-plugin:0.7.5.201505241946:prepare-agent (prepare-agent) @ fluentlenium-assertj ---
[INFO] argLine set to -javaagent:/home/travis/.m2/failed/org/jacoco/org.jacoco.agent/0.7.5.201505241946/org.jacoco.agent-0.7.5.201505241946-runtime.jar=destfile=/home/travis/build/failed/FluentLenium/FluentLenium/fluentlenium-assertj/target/jacoco.exec,excludes=**com.steadystate*
[INFO] 
[INFO] --- maven-resources-plugin:2.6:resources (default-resources) @ fluentlenium-assertj ---
[INFO] Using 'UTF-8' encoding to copy filtered resources.
[INFO] skip non existing resourceDirectory /home/travis/build/failed/FluentLenium/FluentLenium/fluentlenium-assertj/src/main/resources
[INFO] 
[INFO] --- maven-compiler-plugin:3.1:compile (default-compile) @ fluentlenium-assertj ---
[INFO] Nothing to compile - all classes are up to date
[INFO] 
[INFO] --- maven-resources-plugin:2.6:testResources (default-testResources) @ fluentlenium-assertj ---
[INFO] Using 'UTF-8' encoding to copy filtered resources.
[INFO] Copying 1 resource
[INFO] 
[INFO] --- maven-compiler-plugin:3.1:testCompile (default-testCompile) @ fluentlenium-assertj ---
[INFO] Changes detected - recompiling the module!
[INFO] Compiling 11 source files to /home/travis/build/failed/FluentLenium/FluentLenium/fluentlenium-assertj/target/test-classes
[INFO] 
[INFO] --- maven-surefire-plugin:2.19.1:test (default-test) @ fluentlenium-assertj ---
[INFO] Tests are skipped.
[INFO] 
[INFO] --- maven-jar-plugin:2.4:jar (default-jar) @ fluentlenium-assertj ---
[INFO] Building jar: /home/travis/build/failed/FluentLenium/FluentLenium/fluentlenium-assertj/target/fluentlenium-assertj-3.6.0-SNAPSHOT.jar
[INFO] 
[INFO] --- maven-javadoc-plugin:2.10.4:jar (attach-javadocs) @ fluentlenium-assertj ---
[INFO] Skipping javadoc generation
[INFO] 
[INFO] --- maven-install-plugin:2.4:install (default-install) @ fluentlenium-assertj ---
[INFO] Installing /home/travis/build/failed/FluentLenium/FluentLenium/fluentlenium-assertj/target/fluentlenium-assertj-3.6.0-SNAPSHOT.jar to /home/travis/.m2/failed/org/fluentlenium/fluentlenium-assertj/3.6.0-SNAPSHOT/fluentlenium-assertj-3.6.0-SNAPSHOT.jar
[INFO] Installing /home/travis/build/failed/FluentLenium/FluentLenium/fluentlenium-assertj/pom.xml to /home/travis/.m2/failed/org/fluentlenium/fluentlenium-assertj/3.6.0-SNAPSHOT/fluentlenium-assertj-3.6.0-SNAPSHOT.pom
[INFO] 
[INFO] ------------------------------------------------------------------------
[INFO] Building FluentLenium JUnit 3.6.0-SNAPSHOT
[INFO] ------------------------------------------------------------------------
[WARNING] The artifact xml-apis:xml-apis:jar:2.0.2 has been relocated to xml-apis:xml-apis:jar:1.0.b2
[INFO] 
[INFO] --- maven-enforcer-plugin:1.2:enforce (enforce-maven) @ fluentlenium-junit ---
[INFO] 
[INFO] --- jacoco-maven-plugin:0.7.5.201505241946:prepare-agent (prepare-agent) @ fluentlenium-junit ---
[INFO] argLine set to -javaagent:/home/travis/.m2/failed/org/jacoco/org.jacoco.agent/0.7.5.201505241946/org.jacoco.agent-0.7.5.201505241946-runtime.jar=destfile=/home/travis/build/failed/FluentLenium/FluentLenium/fluentlenium-junit/target/jacoco.exec,excludes=**com.steadystate*
[INFO] 
[INFO] --- maven-resources-plugin:2.6:resources (default-resources) @ fluentlenium-junit ---
[INFO] Using 'UTF-8' encoding to copy filtered resources.
[INFO] skip non existing resourceDirectory /home/travis/build/failed/FluentLenium/FluentLenium/fluentlenium-junit/src/main/resources
[INFO] 
[INFO] --- maven-compiler-plugin:3.1:compile (default-compile) @ fluentlenium-junit ---
[INFO] Nothing to compile - all classes are up to date
[INFO] 
[INFO] --- maven-resources-plugin:2.6:testResources (default-testResources) @ fluentlenium-junit ---
[INFO] Using 'UTF-8' encoding to copy filtered resources.
[INFO] skip non existing resourceDirectory /home/travis/build/failed/FluentLenium/FluentLenium/fluentlenium-junit/src/test/resources
[INFO] 
[INFO] --- maven-compiler-plugin:3.1:testCompile (default-testCompile) @ fluentlenium-junit ---
[INFO] Changes detected - recompiling the module!
[INFO] Compiling 3 source files to /home/travis/build/failed/FluentLenium/FluentLenium/fluentlenium-junit/target/test-classes
[WARNING] /home/travis/build/failed/FluentLenium/FluentLenium/fluentlenium-junit/src/test/java/org/fluentlenium/adapter/junit/FluentTestRuleTest.java: Some input files use or override a deprecated API.
[WARNING] /home/travis/build/failed/FluentLenium/FluentLenium/fluentlenium-junit/src/test/java/org/fluentlenium/adapter/junit/FluentTestRuleTest.java: Recompile with -Xlint:deprecation for details.
[INFO] 
[INFO] --- maven-surefire-plugin:2.19.1:test (default-test) @ fluentlenium-junit ---
[INFO] Tests are skipped.
[INFO] 
[INFO] --- maven-jar-plugin:2.4:jar (default-jar) @ fluentlenium-junit ---
[INFO] Building jar: /home/travis/build/failed/FluentLenium/FluentLenium/fluentlenium-junit/target/fluentlenium-junit-3.6.0-SNAPSHOT.jar
[INFO] 
[INFO] --- maven-javadoc-plugin:2.10.4:jar (attach-javadocs) @ fluentlenium-junit ---
[INFO] Skipping javadoc generation
[INFO] 
[INFO] --- maven-invoker-plugin:2.0.0:install (junit-it-install) @ fluentlenium-junit ---
[INFO] Skipping artifact installation per configuration.
[INFO] 
[INFO] --- maven-failsafe-plugin:2.19.1:integration-test (default) @ fluentlenium-junit ---
[INFO] Tests are skipped.
[INFO] 
[INFO] --- maven-invoker-plugin:2.0.0:run (it-run) @ fluentlenium-junit ---
[INFO] Skipping invocation per configuration. If this is incorrect, ensure the skipInvocation parameter is not set to true.
[INFO] 
[INFO] --- maven-failsafe-plugin:2.19.1:verify (default) @ fluentlenium-junit ---
[INFO] Tests are skipped.
[INFO] 
[INFO] --- maven-install-plugin:2.4:install (default-install) @ fluentlenium-junit ---
[INFO] Installing /home/travis/build/failed/FluentLenium/FluentLenium/fluentlenium-junit/target/fluentlenium-junit-3.6.0-SNAPSHOT.jar to /home/travis/.m2/failed/org/fluentlenium/fluentlenium-junit/3.6.0-SNAPSHOT/fluentlenium-junit-3.6.0-SNAPSHOT.jar
[INFO] Installing /home/travis/build/failed/FluentLenium/FluentLenium/fluentlenium-junit/pom.xml to /home/travis/.m2/failed/org/fluentlenium/fluentlenium-junit/3.6.0-SNAPSHOT/fluentlenium-junit-3.6.0-SNAPSHOT.pom
[INFO] 
[INFO] ------------------------------------------------------------------------
[INFO] Building FluentLenium TestNG 3.6.0-SNAPSHOT
[INFO] ------------------------------------------------------------------------
[WARNING] The artifact xml-apis:xml-apis:jar:2.0.2 has been relocated to xml-apis:xml-apis:jar:1.0.b2
[INFO] 
[INFO] --- maven-enforcer-plugin:1.2:enforce (enforce-maven) @ fluentlenium-testng ---
[INFO] 
[INFO] --- jacoco-maven-plugin:0.7.5.201505241946:prepare-agent (prepare-agent) @ fluentlenium-testng ---
[INFO] argLine set to -javaagent:/home/travis/.m2/failed/org/jacoco/org.jacoco.agent/0.7.5.201505241946/org.jacoco.agent-0.7.5.201505241946-runtime.jar=destfile=/home/travis/build/failed/FluentLenium/FluentLenium/fluentlenium-testng/target/jacoco.exec,excludes=**com.steadystate*
[INFO] 
[INFO] --- maven-resources-plugin:2.6:resources (default-resources) @ fluentlenium-testng ---
[INFO] Using 'UTF-8' encoding to copy filtered resources.
[INFO] skip non existing resourceDirectory /home/travis/build/failed/FluentLenium/FluentLenium/fluentlenium-testng/src/main/resources
[INFO] 
[INFO] --- maven-compiler-plugin:3.1:compile (default-compile) @ fluentlenium-testng ---
[INFO] Nothing to compile - all classes are up to date
[INFO] 
[INFO] --- maven-resources-plugin:2.6:testResources (default-testResources) @ fluentlenium-testng ---
[INFO] Using 'UTF-8' encoding to copy filtered resources.
[INFO] Copying 2 resources
[INFO] 
[INFO] --- maven-compiler-plugin:3.1:testCompile (default-testCompile) @ fluentlenium-testng ---
[INFO] Changes detected - recompiling the module!
[INFO] Compiling 16 source files to /home/travis/build/failed/FluentLenium/FluentLenium/fluentlenium-testng/target/test-classes
[WARNING] /home/travis/build/failed/FluentLenium/FluentLenium/fluentlenium-testng/src/test/java/org/fluentlenium/adapter/testng/integration/DontRunTestsWhenInitFailTest.java: /home/travis/build/failed/FluentLenium/FluentLenium/fluentlenium-testng/src/test/java/org/fluentlenium/adapter/testng/integration/DontRunTestsWhenInitFailTest.java uses or overrides a deprecated API.
[WARNING] /home/travis/build/failed/FluentLenium/FluentLenium/fluentlenium-testng/src/test/java/org/fluentlenium/adapter/testng/integration/DontRunTestsWhenInitFailTest.java: Recompile with -Xlint:deprecation for details.
[WARNING] /home/travis/build/failed/FluentLenium/FluentLenium/fluentlenium-testng/src/test/java/org/fluentlenium/adapter/testng/integration/SearchTest.java: /home/travis/build/failed/FluentLenium/FluentLenium/fluentlenium-testng/src/test/java/org/fluentlenium/adapter/testng/integration/SearchTest.java uses unchecked or unsafe operations.
[WARNING] /home/travis/build/failed/FluentLenium/FluentLenium/fluentlenium-testng/src/test/java/org/fluentlenium/adapter/testng/integration/SearchTest.java: Recompile with -Xlint:unchecked for details.
[INFO] 
[INFO] --- maven-surefire-plugin:2.19.1:test (default-test) @ fluentlenium-testng ---
[INFO] Tests are skipped.
[INFO] 
[INFO] --- maven-jar-plugin:2.4:jar (default-jar) @ fluentlenium-testng ---
[INFO] Building jar: /home/travis/build/failed/FluentLenium/FluentLenium/fluentlenium-testng/target/fluentlenium-testng-3.6.0-SNAPSHOT.jar
[INFO] 
[INFO] --- maven-javadoc-plugin:2.10.4:jar (attach-javadocs) @ fluentlenium-testng ---
[INFO] Skipping javadoc generation
[INFO] 
[INFO] --- maven-invoker-plugin:2.0.0:install (testng-it-install) @ fluentlenium-testng ---
[INFO] Skipping artifact installation per configuration.
[INFO] 
[INFO] --- maven-failsafe-plugin:2.19.1:integration-test (default) @ fluentlenium-testng ---
[INFO] Tests are skipped.
[INFO] 
[INFO] --- maven-invoker-plugin:2.0.0:run (it-run) @ fluentlenium-testng ---
[INFO] Skipping invocation per configuration. If this is incorrect, ensure the skipInvocation parameter is not set to true.
[INFO] 
[INFO] --- maven-failsafe-plugin:2.19.1:verify (default) @ fluentlenium-testng ---
[INFO] Tests are skipped.
[INFO] 
[INFO] --- maven-install-plugin:2.4:install (default-install) @ fluentlenium-testng ---
[INFO] Installing /home/travis/build/failed/FluentLenium/FluentLenium/fluentlenium-testng/target/fluentlenium-testng-3.6.0-SNAPSHOT.jar to /home/travis/.m2/failed/org/fluentlenium/fluentlenium-testng/3.6.0-SNAPSHOT/fluentlenium-testng-3.6.0-SNAPSHOT.jar
[INFO] Installing /home/travis/build/failed/FluentLenium/FluentLenium/fluentlenium-testng/pom.xml to /home/travis/.m2/failed/org/fluentlenium/fluentlenium-testng/3.6.0-SNAPSHOT/fluentlenium-testng-3.6.0-SNAPSHOT.pom
[INFO] 
[INFO] ------------------------------------------------------------------------
[INFO] Building FluentLenium Cucumber 3.6.0-SNAPSHOT
[INFO] ------------------------------------------------------------------------
[WARNING] The artifact xml-apis:xml-apis:jar:2.0.2 has been relocated to xml-apis:xml-apis:jar:1.0.b2
[INFO] 
[INFO] --- maven-enforcer-plugin:1.2:enforce (enforce-maven) @ fluentlenium-cucumber ---
[INFO] 
[INFO] --- jacoco-maven-plugin:0.7.5.201505241946:prepare-agent (prepare-agent) @ fluentlenium-cucumber ---
[INFO] argLine set to -javaagent:/home/travis/.m2/failed/org/jacoco/org.jacoco.agent/0.7.5.201505241946/org.jacoco.agent-0.7.5.201505241946-runtime.jar=destfile=/home/travis/build/failed/FluentLenium/FluentLenium/fluentlenium-cucumber/target/jacoco.exec,excludes=**com.steadystate*
[INFO] 
[INFO] --- maven-resources-plugin:2.6:resources (default-resources) @ fluentlenium-cucumber ---
[INFO] Using 'UTF-8' encoding to copy filtered resources.
[INFO] skip non existing resourceDirectory /home/travis/build/failed/FluentLenium/FluentLenium/fluentlenium-cucumber/src/main/resources
[INFO] 
[INFO] --- maven-compiler-plugin:3.1:compile (default-compile) @ fluentlenium-cucumber ---
[INFO] Nothing to compile - all classes are up to date
[INFO] 
[INFO] --- maven-resources-plugin:2.6:testResources (default-testResources) @ fluentlenium-cucumber ---
[INFO] Using 'UTF-8' encoding to copy filtered resources.
[INFO] Copying 8 resources
[INFO] 
[INFO] --- maven-compiler-plugin:3.1:testCompile (default-testCompile) @ fluentlenium-cucumber ---
[INFO] Changes detected - recompiling the module!
[INFO] Compiling 11 source files to /home/travis/build/failed/FluentLenium/FluentLenium/fluentlenium-cucumber/target/test-classes
[INFO] 
[INFO] --- maven-surefire-plugin:2.19.1:test (default-test) @ fluentlenium-cucumber ---
[INFO] Tests are skipped.
[INFO] 
[INFO] --- maven-jar-plugin:2.4:jar (default-jar) @ fluentlenium-cucumber ---
[INFO] Building jar: /home/travis/build/failed/FluentLenium/FluentLenium/fluentlenium-cucumber/target/fluentlenium-cucumber-3.6.0-SNAPSHOT.jar
[INFO] 
[INFO] --- maven-javadoc-plugin:2.10.4:jar (attach-javadocs) @ fluentlenium-cucumber ---
[INFO] Skipping javadoc generation
[INFO] 
[INFO] --- maven-failsafe-plugin:2.19.1:integration-test (default) @ fluentlenium-cucumber ---
[INFO] Tests are skipped.
[INFO] 
[INFO] --- maven-failsafe-plugin:2.19.1:verify (default) @ fluentlenium-cucumber ---
[INFO] Tests are skipped.
[INFO] 
[INFO] --- maven-install-plugin:2.4:install (default-install) @ fluentlenium-cucumber ---
[INFO] Installing /home/travis/build/failed/FluentLenium/FluentLenium/fluentlenium-cucumber/target/fluentlenium-cucumber-3.6.0-SNAPSHOT.jar to /home/travis/.m2/failed/org/fluentlenium/fluentlenium-cucumber/3.6.0-SNAPSHOT/fluentlenium-cucumber-3.6.0-SNAPSHOT.jar
[INFO] Installing /home/travis/build/failed/FluentLenium/FluentLenium/fluentlenium-cucumber/pom.xml to /home/travis/.m2/failed/org/fluentlenium/fluentlenium-cucumber/3.6.0-SNAPSHOT/fluentlenium-cucumber-3.6.0-SNAPSHOT.pom
[INFO] 
[INFO] ------------------------------------------------------------------------
[INFO] Building FluentLenium Spock 3.6.0-SNAPSHOT
[INFO] ------------------------------------------------------------------------
[INFO] 
[INFO] --- maven-enforcer-plugin:1.2:enforce (enforce-maven) @ fluentlenium-spock ---
[INFO] 
[INFO] --- jacoco-maven-plugin:0.7.5.201505241946:prepare-agent (prepare-agent) @ fluentlenium-spock ---
[INFO] argLine set to -javaagent:/home/travis/.m2/failed/org/jacoco/org.jacoco.agent/0.7.5.201505241946/org.jacoco.agent-0.7.5.201505241946-runtime.jar=destfile=/home/travis/build/failed/FluentLenium/FluentLenium/fluentlenium-spock/target/jacoco.exec,excludes=**com.steadystate*
[INFO] 
[INFO] --- gmavenplus-plugin:1.5:addSources (default) @ fluentlenium-spock ---
[INFO] 
[INFO] --- gmavenplus-plugin:1.5:addTestSources (default) @ fluentlenium-spock ---
[INFO] 
[INFO] --- build-helper-maven-plugin:1.12:add-source (add-groovy-sources) @ fluentlenium-spock ---
[INFO] Source directory: /home/travis/build/failed/FluentLenium/FluentLenium/fluentlenium-spock/src/main/groovy added.
[INFO] 
[INFO] --- maven-resources-plugin:2.6:resources (default-resources) @ fluentlenium-spock ---
[INFO] Using 'UTF-8' encoding to copy filtered resources.
[INFO] skip non existing resourceDirectory /home/travis/build/failed/FluentLenium/FluentLenium/fluentlenium-spock/src/main/resources
[INFO] 
[INFO] --- maven-compiler-plugin:3.1:compile (default-compile) @ fluentlenium-spock ---
[INFO] Nothing to compile - all classes are up to date
[INFO] 
[INFO] --- gmavenplus-plugin:1.5:compile (default) @ fluentlenium-spock ---
[INFO] Using Groovy 2.4.9 to perform compile.
[INFO] Compiled 5 files.
[INFO] 
[INFO] --- build-helper-maven-plugin:1.12:add-test-source (add-test-source) @ fluentlenium-spock ---
[INFO] Test Source directory: /home/travis/build/failed/FluentLenium/FluentLenium/fluentlenium-spock/src/test/groovy added.
[INFO] 
[INFO] --- maven-resources-plugin:2.6:testResources (default-testResources) @ fluentlenium-spock ---
[INFO] Using 'UTF-8' encoding to copy filtered resources.
[INFO] Copying 2 resources
[INFO] 
[INFO] --- maven-compiler-plugin:3.1:testCompile (default-testCompile) @ fluentlenium-spock ---
[INFO] Nothing to compile - all classes are up to date
[INFO] 
[INFO] --- gmavenplus-plugin:1.5:testCompile (default) @ fluentlenium-spock ---
[INFO] Using Groovy 2.4.9 to perform testCompile.
[INFO] Compiled 5 files.
[INFO] 
[INFO] --- maven-surefire-plugin:2.19.1:test (default-test) @ fluentlenium-spock ---
[INFO] Tests are skipped.
[INFO] 
[INFO] --- maven-jar-plugin:2.4:jar (default-jar) @ fluentlenium-spock ---
[INFO] Building jar: /home/travis/build/failed/FluentLenium/FluentLenium/fluentlenium-spock/target/fluentlenium-spock-3.6.0-SNAPSHOT.jar
[INFO] 
[INFO] --- maven-javadoc-plugin:2.10.4:jar (attach-javadocs) @ fluentlenium-spock ---
[INFO] Skipping javadoc generation
[INFO] 
[INFO] --- maven-install-plugin:2.4:install (default-install) @ fluentlenium-spock ---
[INFO] Installing /home/travis/build/failed/FluentLenium/FluentLenium/fluentlenium-spock/target/fluentlenium-spock-3.6.0-SNAPSHOT.jar to /home/travis/.m2/failed/org/fluentlenium/fluentlenium-spock/3.6.0-SNAPSHOT/fluentlenium-spock-3.6.0-SNAPSHOT.jar
[INFO] Installing /home/travis/build/failed/FluentLenium/FluentLenium/fluentlenium-spock/pom.xml to /home/travis/.m2/failed/org/fluentlenium/fluentlenium-spock/3.6.0-SNAPSHOT/fluentlenium-spock-3.6.0-SNAPSHOT.pom
[INFO] ------------------------------------------------------------------------
[INFO] Reactor Summary:
[INFO] 
[INFO] FluentLenium ....................................... SUCCESS [ 37.900 s]
[INFO] FluentLenium Core .................................. SUCCESS [ 15.064 s]
[INFO] FluentLenium AssertJ ............................... SUCCESS [  7.574 s]
[INFO] FluentLenium JUnit ................................. SUCCESS [  4.794 s]
[INFO] FluentLenium TestNG ................................ SUCCESS [  2.019 s]
[INFO] FluentLenium Cucumber .............................. SUCCESS [  2.363 s]
[INFO] FluentLenium Spock ................................. SUCCESS [  8.830 s]
[INFO] ------------------------------------------------------------------------
[INFO] BUILD SUCCESS
[INFO] ------------------------------------------------------------------------
[INFO] Total time: 01:19 min
[INFO] Finished at: 2021-12-26T01:40:34Z
[INFO] Final Memory: 61M/1154M
[INFO] ------------------------------------------------------------------------
travis_time:end:3bed896e:start=1640482753282306010,finish=1640482834798576250,duration=81516270240,event=install[0Ktravis_fold:end:install[0Ktravis_time:start:0c46ed23[0K$ mvn -Dhttps.protocols=TLSv1.2 -Pexamples clean compile
[INFO] Scanning for projects...
[WARNING] The project org.fluentlenium:fluentlenium-parent:pom:3.6.0-SNAPSHOT uses prerequisites which is only intended for maven-plugin projects but not for non maven-plugin projects. For such purposes you should use the maven-enforcer-plugin. See https://maven.apache.org/enforcer/enforcer-rules/requireMavenVersion.html
[INFO] ------------------------------------------------------------------------
[INFO] Reactor Build Order:
[INFO] 
[INFO] FluentLenium
[INFO] FluentLenium Core
[INFO] FluentLenium AssertJ
[INFO] FluentLenium JUnit
[INFO] FluentLenium TestNG
[INFO] FluentLenium Cucumber
[INFO] FluentLenium Spock
[INFO] FluentLenium Examples Quickstart
[INFO] FluentLenium Examples Spring
[INFO] 
[INFO] ------------------------------------------------------------------------
[INFO] Building FluentLenium 3.6.0-SNAPSHOT
[INFO] ------------------------------------------------------------------------
[INFO] 
[INFO] --- maven-clean-plugin:2.5:clean (default-clean) @ fluentlenium-parent ---
[INFO] 
[INFO] --- maven-enforcer-plugin:1.2:enforce (enforce-maven) @ fluentlenium-parent ---
[INFO] 
[INFO] --- jacoco-maven-plugin:0.7.5.201505241946:prepare-agent (prepare-agent) @ fluentlenium-parent ---
[INFO] argLine set to -javaagent:/home/travis/.m2/failed/org/jacoco/org.jacoco.agent/0.7.5.201505241946/org.jacoco.agent-0.7.5.201505241946-runtime.jar=destfile=/home/travis/build/failed/FluentLenium/FluentLenium/target/jacoco.exec,excludes=**com.steadystate*
[INFO] 
[INFO] ------------------------------------------------------------------------
[INFO] Building FluentLenium Core 3.6.0-SNAPSHOT
[INFO] ------------------------------------------------------------------------
[WARNING] The artifact xml-apis:xml-apis:jar:2.0.2 has been relocated to xml-apis:xml-apis:jar:1.0.b2
[INFO] 
[INFO] --- maven-clean-plugin:2.5:clean (default-clean) @ fluentlenium-core ---
[INFO] Deleting /home/travis/build/failed/FluentLenium/FluentLenium/fluentlenium-core/target
[INFO] 
[INFO] --- maven-enforcer-plugin:1.2:enforce (enforce-maven) @ fluentlenium-core ---
[INFO] 
[INFO] --- jacoco-maven-plugin:0.7.5.201505241946:prepare-agent (prepare-agent) @ fluentlenium-core ---
[INFO] argLine set to -javaagent:/home/travis/.m2/failed/org/jacoco/org.jacoco.agent/0.7.5.201505241946/org.jacoco.agent-0.7.5.201505241946-runtime.jar=destfile=/home/travis/build/failed/FluentLenium/FluentLenium/fluentlenium-core/target/jacoco.exec,excludes=**com.steadystate*
[INFO] 
[INFO] --- maven-resources-plugin:2.6:resources (default-resources) @ fluentlenium-core ---
[INFO] Using 'UTF-8' encoding to copy filtered resources.
[INFO] Copying 1 resource
[INFO] 
[INFO] --- maven-compiler-plugin:3.1:compile (default-compile) @ fluentlenium-core ---
[INFO] Changes detected - recompiling the module!
[INFO] Compiling 274 source files to /home/travis/build/failed/FluentLenium/FluentLenium/fluentlenium-core/target/classes
[WARNING] /home/travis/build/failed/FluentLenium/FluentLenium/fluentlenium-core/src/main/java/org/fluentlenium/core/proxy/LocatorProxies.java: Some input files use or override a deprecated API.
[WARNING] /home/travis/build/failed/FluentLenium/FluentLenium/fluentlenium-core/src/main/java/org/fluentlenium/core/proxy/LocatorProxies.java: Recompile with -Xlint:deprecation for details.
[WARNING] /home/travis/build/failed/FluentLenium/FluentLenium/fluentlenium-core/src/main/java/org/fluentlenium/core/domain/FluentWebElement.java: Some input files use unchecked or unsafe operations.
[WARNING] /home/travis/build/failed/FluentLenium/FluentLenium/fluentlenium-core/src/main/java/org/fluentlenium/core/domain/FluentWebElement.java: Recompile with -Xlint:unchecked for details.
[INFO] 
[INFO] ------------------------------------------------------------------------
[INFO] Building FluentLenium AssertJ 3.6.0-SNAPSHOT
[INFO] ------------------------------------------------------------------------
[WARNING] The artifact xml-apis:xml-apis:jar:2.0.2 has been relocated to xml-apis:xml-apis:jar:1.0.b2
[INFO] 
[INFO] --- maven-clean-plugin:2.5:clean (default-clean) @ fluentlenium-assertj ---
[INFO] Deleting /home/travis/build/failed/FluentLenium/FluentLenium/fluentlenium-assertj/target
[INFO] 
[INFO] --- maven-enforcer-plugin:1.2:enforce (enforce-maven) @ fluentlenium-assertj ---
[INFO] 
[INFO] --- jacoco-maven-plugin:0.7.5.201505241946:prepare-agent (prepare-agent) @ fluentlenium-assertj ---
[INFO] argLine set to -javaagent:/home/travis/.m2/failed/org/jacoco/org.jacoco.agent/0.7.5.201505241946/org.jacoco.agent-0.7.5.201505241946-runtime.jar=destfile=/home/travis/build/failed/FluentLenium/FluentLenium/fluentlenium-assertj/target/jacoco.exec,excludes=**com.steadystate*
[INFO] 
[INFO] --- maven-resources-plugin:2.6:resources (default-resources) @ fluentlenium-assertj ---
[INFO] Using 'UTF-8' encoding to copy filtered resources.
[INFO] skip non existing resourceDirectory /home/travis/build/failed/FluentLenium/FluentLenium/fluentlenium-assertj/src/main/resources
[INFO] 
[INFO] --- maven-compiler-plugin:3.1:compile (default-compile) @ fluentlenium-assertj ---
[INFO] Changes detected - recompiling the module!
[INFO] Compiling 6 source files to /home/travis/build/failed/FluentLenium/FluentLenium/fluentlenium-assertj/target/classes
[WARNING] /home/travis/build/failed/FluentLenium/FluentLenium/fluentlenium-assertj/src/main/java/org/fluentlenium/assertj/custom/FluentListAssert.java: /home/travis/build/failed/FluentLenium/FluentLenium/fluentlenium-assertj/src/main/java/org/fluentlenium/assertj/custom/FluentListAssert.java uses unchecked or unsafe operations.
[WARNING] /home/travis/build/failed/FluentLenium/FluentLenium/fluentlenium-assertj/src/main/java/org/fluentlenium/assertj/custom/FluentListAssert.java: Recompile with -Xlint:unchecked for details.
[INFO] 
[INFO] ------------------------------------------------------------------------
[INFO] Building FluentLenium JUnit 3.6.0-SNAPSHOT
[INFO] ------------------------------------------------------------------------
[WARNING] The artifact xml-apis:xml-apis:jar:2.0.2 has been relocated to xml-apis:xml-apis:jar:1.0.b2
[INFO] 
[INFO] --- maven-clean-plugin:2.5:clean (default-clean) @ fluentlenium-junit ---
[INFO] Deleting /home/travis/build/failed/FluentLenium/FluentLenium/fluentlenium-junit/target
[INFO] 
[INFO] --- maven-enforcer-plugin:1.2:enforce (enforce-maven) @ fluentlenium-junit ---
[INFO] 
[INFO] --- jacoco-maven-plugin:0.7.5.201505241946:prepare-agent (prepare-agent) @ fluentlenium-junit ---
[INFO] argLine set to -javaagent:/home/travis/.m2/failed/org/jacoco/org.jacoco.agent/0.7.5.201505241946/org.jacoco.agent-0.7.5.201505241946-runtime.jar=destfile=/home/travis/build/failed/FluentLenium/FluentLenium/fluentlenium-junit/target/jacoco.exec,excludes=**com.steadystate*
[INFO] 
[INFO] --- maven-resources-plugin:2.6:resources (default-resources) @ fluentlenium-junit ---
[INFO] Using 'UTF-8' encoding to copy filtered resources.
[INFO] skip non existing resourceDirectory /home/travis/build/failed/FluentLenium/FluentLenium/fluentlenium-junit/src/main/resources
[INFO] 
[INFO] --- maven-compiler-plugin:3.1:compile (default-compile) @ fluentlenium-junit ---
[INFO] Changes detected - recompiling the module!
[INFO] Compiling 3 source files to /home/travis/build/failed/FluentLenium/FluentLenium/fluentlenium-junit/target/classes
[INFO] 
[INFO] ------------------------------------------------------------------------
[INFO] Building FluentLenium TestNG 3.6.0-SNAPSHOT
[INFO] ------------------------------------------------------------------------
[WARNING] The artifact xml-apis:xml-apis:jar:2.0.2 has been relocated to xml-apis:xml-apis:jar:1.0.b2
[INFO] 
[INFO] --- maven-clean-plugin:2.5:clean (default-clean) @ fluentlenium-testng ---
[INFO] Deleting /home/travis/build/failed/FluentLenium/FluentLenium/fluentlenium-testng/target
[INFO] 
[INFO] --- maven-enforcer-plugin:1.2:enforce (enforce-maven) @ fluentlenium-testng ---
[INFO] 
[INFO] --- jacoco-maven-plugin:0.7.5.201505241946:prepare-agent (prepare-agent) @ fluentlenium-testng ---
[INFO] argLine set to -javaagent:/home/travis/.m2/failed/org/jacoco/org.jacoco.agent/0.7.5.201505241946/org.jacoco.agent-0.7.5.201505241946-runtime.jar=destfile=/home/travis/build/failed/FluentLenium/FluentLenium/fluentlenium-testng/target/jacoco.exec,excludes=**com.steadystate*
[INFO] 
[INFO] --- maven-resources-plugin:2.6:resources (default-resources) @ fluentlenium-testng ---
[INFO] Using 'UTF-8' encoding to copy filtered resources.
[INFO] skip non existing resourceDirectory /home/travis/build/failed/FluentLenium/FluentLenium/fluentlenium-testng/src/main/resources
[INFO] 
[INFO] --- maven-compiler-plugin:3.1:compile (default-compile) @ fluentlenium-testng ---
[INFO] Changes detected - recompiling the module!
[INFO] Compiling 1 source file to /home/travis/build/failed/FluentLenium/FluentLenium/fluentlenium-testng/target/classes
[INFO] 
[INFO] ------------------------------------------------------------------------
[INFO] Building FluentLenium Cucumber 3.6.0-SNAPSHOT
[INFO] ------------------------------------------------------------------------
[WARNING] The artifact xml-apis:xml-apis:jar:2.0.2 has been relocated to xml-apis:xml-apis:jar:1.0.b2
[INFO] 
[INFO] --- maven-clean-plugin:2.5:clean (default-clean) @ fluentlenium-cucumber ---
[INFO] Deleting /home/travis/build/failed/FluentLenium/FluentLenium/fluentlenium-cucumber/target
[INFO] 
[INFO] --- maven-enforcer-plugin:1.2:enforce (enforce-maven) @ fluentlenium-cucumber ---
[INFO] 
[INFO] --- jacoco-maven-plugin:0.7.5.201505241946:prepare-agent (prepare-agent) @ fluentlenium-cucumber ---
[INFO] argLine set to -javaagent:/home/travis/.m2/failed/org/jacoco/org.jacoco.agent/0.7.5.201505241946/org.jacoco.agent-0.7.5.201505241946-runtime.jar=destfile=/home/travis/build/failed/FluentLenium/FluentLenium/fluentlenium-cucumber/target/jacoco.exec,excludes=**com.steadystate*
[INFO] 
[INFO] --- maven-resources-plugin:2.6:resources (default-resources) @ fluentlenium-cucumber ---
[INFO] Using 'UTF-8' encoding to copy filtered resources.
[INFO] skip non existing resourceDirectory /home/travis/build/failed/FluentLenium/FluentLenium/fluentlenium-cucumber/src/main/resources
[INFO] 
[INFO] --- maven-compiler-plugin:3.1:compile (default-compile) @ fluentlenium-cucumber ---
[INFO] Changes detected - recompiling the module!
[INFO] Compiling 2 source files to /home/travis/build/failed/FluentLenium/FluentLenium/fluentlenium-cucumber/target/classes
[INFO] 
[INFO] ------------------------------------------------------------------------
[INFO] Building FluentLenium Spock 3.6.0-SNAPSHOT
[INFO] ------------------------------------------------------------------------
[INFO] 
[INFO] --- maven-clean-plugin:2.5:clean (default-clean) @ fluentlenium-spock ---
[INFO] Deleting /home/travis/build/failed/FluentLenium/FluentLenium/fluentlenium-spock/target
[INFO] 
[INFO] --- maven-enforcer-plugin:1.2:enforce (enforce-maven) @ fluentlenium-spock ---
[INFO] 
[INFO] --- jacoco-maven-plugin:0.7.5.201505241946:prepare-agent (prepare-agent) @ fluentlenium-spock ---
[INFO] argLine set to -javaagent:/home/travis/.m2/failed/org/jacoco/org.jacoco.agent/0.7.5.201505241946/org.jacoco.agent-0.7.5.201505241946-runtime.jar=destfile=/home/travis/build/failed/FluentLenium/FluentLenium/fluentlenium-spock/target/jacoco.exec,excludes=**com.steadystate*
[INFO] 
[INFO] --- gmavenplus-plugin:1.5:addSources (default) @ fluentlenium-spock ---
[INFO] 
[INFO] --- gmavenplus-plugin:1.5:addTestSources (default) @ fluentlenium-spock ---
[INFO] 
[INFO] --- build-helper-maven-plugin:1.12:add-source (add-groovy-sources) @ fluentlenium-spock ---
[INFO] Source directory: /home/travis/build/failed/FluentLenium/FluentLenium/fluentlenium-spock/src/main/groovy added.
[INFO] 
[INFO] --- maven-resources-plugin:2.6:resources (default-resources) @ fluentlenium-spock ---
[INFO] Using 'UTF-8' encoding to copy filtered resources.
[INFO] skip non existing resourceDirectory /home/travis/build/failed/FluentLenium/FluentLenium/fluentlenium-spock/src/main/resources
[INFO] 
[INFO] --- maven-compiler-plugin:3.1:compile (default-compile) @ fluentlenium-spock ---
[INFO] Nothing to compile - all classes are up to date
[INFO] 
[INFO] --- gmavenplus-plugin:1.5:compile (default) @ fluentlenium-spock ---
[INFO] Using Groovy 2.4.9 to perform compile.
[INFO] Compiled 5 files.
[INFO] 
[INFO] ------------------------------------------------------------------------
[INFO] Building FluentLenium Examples Quickstart 3.6.0-SNAPSHOT
[INFO] ------------------------------------------------------------------------
[INFO] 
[INFO] --- maven-clean-plugin:2.5:clean (default-clean) @ fluentlenium-examples-quickstart ---
[INFO] 
[INFO] --- maven-resources-plugin:2.6:resources (default-resources) @ fluentlenium-examples-quickstart ---
[WARNING] Using platform encoding (UTF-8 actually) to copy filtered resources, i.e. build is platform dependent!
[INFO] skip non existing resourceDirectory /home/travis/build/failed/FluentLenium/FluentLenium/examples/quickstart/src/main/resources
[INFO] 
[INFO] --- maven-compiler-plugin:3.6.0:compile (default-compile) @ fluentlenium-examples-quickstart ---
[INFO] No sources to compile
[INFO] 
[INFO] ------------------------------------------------------------------------
[INFO] Building FluentLenium Examples Spring 3.6.0-SNAPSHOT
[INFO] ------------------------------------------------------------------------
[INFO] 
[INFO] --- maven-clean-plugin:2.5:clean (default-clean) @ fluentlenium-examples-spring ---
[INFO] Deleting /home/travis/build/failed/FluentLenium/FluentLenium/examples/spring/target
[INFO] 
[INFO] --- maven-resources-plugin:2.6:resources (default-resources) @ fluentlenium-examples-spring ---
[WARNING] Using platform encoding (UTF-8 actually) to copy filtered resources, i.e. build is platform dependent!
[INFO] Copying 1 resource
[INFO] 
[INFO] --- maven-compiler-plugin:3.6.0:compile (default-compile) @ fluentlenium-examples-spring ---
[INFO] Changes detected - recompiling the module!
[WARNING] File encoding has not been set, using platform encoding UTF-8, i.e. build is platform dependent!
[INFO] Compiling 8 source files to /home/travis/build/failed/FluentLenium/FluentLenium/examples/spring/target/classes
[INFO] ------------------------------------------------------------------------
[INFO] Reactor Summary:
[INFO] 
[INFO] FluentLenium ....................................... SUCCESS [  1.368 s]
[INFO] FluentLenium Core .................................. SUCCESS [ 15.051 s]
[INFO] FluentLenium AssertJ ............................... SUCCESS [  0.659 s]
[INFO] FluentLenium JUnit ................................. SUCCESS [  0.660 s]
[INFO] FluentLenium TestNG ................................ SUCCESS [  0.819 s]
[INFO] FluentLenium Cucumber .............................. SUCCESS [  0.293 s]
[INFO] FluentLenium Spock ................................. SUCCESS [  1.258 s]
[INFO] FluentLenium Examples Quickstart ................... SUCCESS [  1.506 s]
[INFO] FluentLenium Examples Spring ....................... SUCCESS [  1.386 s]
[INFO] ------------------------------------------------------------------------
[INFO] BUILD SUCCESS
[INFO] ------------------------------------------------------------------------
[INFO] Total time: 23.325 s
[INFO] Finished at: 2021-12-26T01:40:59Z
[INFO] Final Memory: 54M/2367M
[INFO] ------------------------------------------------------------------------
travis_time:end:0c46ed23:start=1640482834805711213,finish=1640482859965630969,duration=25159919756,event=script[0K[32;1mThe command "mvn -Dhttps.protocols=TLSv1.2 -Pexamples clean compile" exited with 0.[0m
travis_time:start:04d0c52f[0K$ mvn clean verify jacoco:report -Dhttps.protocols=TLSv1.2
[INFO] Scanning for projects...
[WARNING] The project org.fluentlenium:fluentlenium-parent:pom:3.6.0-SNAPSHOT uses prerequisites which is only intended for maven-plugin projects but not for non maven-plugin projects. For such purposes you should use the maven-enforcer-plugin. See https://maven.apache.org/enforcer/enforcer-rules/requireMavenVersion.html
[INFO] ------------------------------------------------------------------------
[INFO] Reactor Build Order:
[INFO] 
[INFO] FluentLenium
[INFO] FluentLenium Core
[INFO] FluentLenium AssertJ
[INFO] FluentLenium JUnit
[INFO] FluentLenium TestNG
[INFO] FluentLenium Cucumber
[INFO] FluentLenium Spock
[INFO] 
[INFO] ------------------------------------------------------------------------
[INFO] Building FluentLenium 3.6.0-SNAPSHOT
[INFO] ------------------------------------------------------------------------
[INFO] 
[INFO] --- maven-clean-plugin:2.5:clean (default-clean) @ fluentlenium-parent ---
[INFO] 
[INFO] --- maven-enforcer-plugin:1.2:enforce (enforce-maven) @ fluentlenium-parent ---
[INFO] 
[INFO] --- jacoco-maven-plugin:0.7.5.201505241946:prepare-agent (prepare-agent) @ fluentlenium-parent ---
[INFO] argLine set to -javaagent:/home/travis/.m2/failed/org/jacoco/org.jacoco.agent/0.7.5.201505241946/org.jacoco.agent-0.7.5.201505241946-runtime.jar=destfile=/home/travis/build/failed/FluentLenium/FluentLenium/target/jacoco.exec,excludes=**com.steadystate*
[INFO] 
[INFO] --- maven-javadoc-plugin:2.10.4:jar (attach-javadocs) @ fluentlenium-parent ---
[INFO] Not executing Javadoc as the project is not a Java classpath-capable package
[INFO] 
[INFO] --- jacoco-maven-plugin:0.7.5.201505241946:report (default-cli) @ fluentlenium-parent ---
[INFO] Skipping JaCoCo execution due to missing execution data file:/home/travis/build/failed/FluentLenium/FluentLenium/target/jacoco.exec
[INFO] 
[INFO] ------------------------------------------------------------------------
[INFO] Building FluentLenium Core 3.6.0-SNAPSHOT
[INFO] ------------------------------------------------------------------------
[WARNING] The artifact xml-apis:xml-apis:jar:2.0.2 has been relocated to xml-apis:xml-apis:jar:1.0.b2
[INFO] 
[INFO] --- maven-clean-plugin:2.5:clean (default-clean) @ fluentlenium-core ---
[INFO] Deleting /home/travis/build/failed/FluentLenium/FluentLenium/fluentlenium-core/target
[INFO] 
[INFO] --- maven-enforcer-plugin:1.2:enforce (enforce-maven) @ fluentlenium-core ---
[INFO] 
[INFO] --- jacoco-maven-plugin:0.7.5.201505241946:prepare-agent (prepare-agent) @ fluentlenium-core ---
[INFO] argLine set to -javaagent:/home/travis/.m2/failed/org/jacoco/org.jacoco.agent/0.7.5.201505241946/org.jacoco.agent-0.7.5.201505241946-runtime.jar=destfile=/home/travis/build/failed/FluentLenium/FluentLenium/fluentlenium-core/target/jacoco.exec,excludes=**com.steadystate*
[INFO] 
[INFO] --- maven-resources-plugin:2.6:resources (default-resources) @ fluentlenium-core ---
[INFO] Using 'UTF-8' encoding to copy filtered resources.
[INFO] Copying 1 resource
[INFO] 
[INFO] --- maven-compiler-plugin:3.1:compile (default-compile) @ fluentlenium-core ---
[INFO] Changes detected - recompiling the module!
[INFO] Compiling 274 source files to /home/travis/build/failed/FluentLenium/FluentLenium/fluentlenium-core/target/classes
[WARNING] /home/travis/build/failed/FluentLenium/FluentLenium/fluentlenium-core/src/main/java/org/fluentlenium/core/proxy/LocatorProxies.java: Some input files use or override a deprecated API.
[WARNING] /home/travis/build/failed/FluentLenium/FluentLenium/fluentlenium-core/src/main/java/org/fluentlenium/core/proxy/LocatorProxies.java: Recompile with -Xlint:deprecation for details.
[WARNING] /home/travis/build/failed/FluentLenium/FluentLenium/fluentlenium-core/src/main/java/org/fluentlenium/core/domain/FluentWebElement.java: Some input files use unchecked or unsafe operations.
[WARNING] /home/travis/build/failed/FluentLenium/FluentLenium/fluentlenium-core/src/main/java/org/fluentlenium/core/domain/FluentWebElement.java: Recompile with -Xlint:unchecked for details.
[INFO] 
[INFO] --- maven-resources-plugin:2.6:testResources (default-testResources) @ fluentlenium-core ---
[INFO] Using 'UTF-8' encoding to copy filtered resources.
[INFO] Copying 12 resources
[INFO] 
[INFO] --- maven-compiler-plugin:3.1:testCompile (default-testCompile) @ fluentlenium-core ---
[INFO] Changes detected - recompiling the module!
[INFO] Compiling 178 source files to /home/travis/build/failed/FluentLenium/FluentLenium/fluentlenium-core/target/test-classes
[WARNING] /home/travis/build/failed/FluentLenium/FluentLenium/fluentlenium-core/src/test/java/org/fluentlenium/core/hook/BaseHookTest.java: Some input files use or override a deprecated API.
[WARNING] /home/travis/build/failed/FluentLenium/FluentLenium/fluentlenium-core/src/test/java/org/fluentlenium/core/hook/BaseHookTest.java: Recompile with -Xlint:deprecation for details.
[WARNING] /home/travis/build/failed/FluentLenium/FluentLenium/fluentlenium-core/src/test/java/org/fluentlenium/integration/AnnotationsComponentEventsTest.java: Some input files use unchecked or unsafe operations.
[WARNING] /home/travis/build/failed/FluentLenium/FluentLenium/fluentlenium-core/src/test/java/org/fluentlenium/integration/AnnotationsComponentEventsTest.java: Recompile with -Xlint:unchecked for details.
[INFO] 
[INFO] --- maven-surefire-plugin:2.19.1:test (default-test) @ fluentlenium-core ---

-------------------------------------------------------
 T E S T S
-------------------------------------------------------
Running org.fluentlenium.configuration.ConfigurationDefaultsTest
Tests run: 1, Failures: 0, Errors: 0, Skipped: 0, Time elapsed: 0.517 sec - in org.fluentlenium.configuration.ConfigurationDefaultsTest
Running org.fluentlenium.configuration.ConfigurationFactoryProviderTest
Tests run: 6, Failures: 0, Errors: 0, Skipped: 0, Time elapsed: 0.819 sec - in org.fluentlenium.configuration.ConfigurationFactoryProviderTest
Running org.fluentlenium.configuration.PropertiesBackendConfigurationTest
Dec 26, 2021 1:41:28 AM org.openqa.selenium.remote.DesiredCapabilities firefox
INFO: Using `new FirefoxOptions()` is preferred to `DesiredCapabilities.firefox()`
Dec 26, 2021 1:41:29 AM org.openqa.selenium.remote.DesiredCapabilities firefox
INFO: Using `new FirefoxOptions()` is preferred to `DesiredCapabilities.firefox()`
Dec 26, 2021 1:41:29 AM org.openqa.selenium.remote.DesiredCapabilities chrome
INFO: Using `new ChromeOptions()` is preferred to `DesiredCapabilities.chrome()`
Tests run: 30, Failures: 0, Errors: 0, Skipped: 0, Time elapsed: 0.216 sec - in org.fluentlenium.configuration.PropertiesBackendConfigurationTest
Running org.fluentlenium.configuration.ComposedConfigurationTest
Tests run: 14, Failures: 0, Errors: 0, Skipped: 0, Time elapsed: 2.567 sec - in org.fluentlenium.configuration.ComposedConfigurationTest
Running org.fluentlenium.configuration.CapabilitiesTest
Tests run: 4, Failures: 0, Errors: 0, Skipped: 0, Time elapsed: 0.003 sec - in org.fluentlenium.configuration.CapabilitiesTest
Running org.fluentlenium.configuration.ConfigurationDefaultsFactoryTest
Tests run: 3, Failures: 0, Errors: 0, Skipped: 0, Time elapsed: 0.002 sec - in org.fluentlenium.configuration.ConfigurationDefaultsFactoryTest
Running org.fluentlenium.configuration.ReflectiveWebDriverFactoryTest
Tests run: 9, Failures: 0, Errors: 0, Skipped: 0, Time elapsed: 5.67 sec - in org.fluentlenium.configuration.ReflectiveWebDriverFactoryTest
Running org.fluentlenium.configuration.RemoteWebDriverTest
Dec 26, 2021 1:41:37 AM org.openqa.selenium.remote.DesiredCapabilities chrome
INFO: Using `new ChromeOptions()` is preferred to `DesiredCapabilities.chrome()`
Dec 26, 2021 1:41:37 AM org.openqa.selenium.remote.DesiredCapabilities chrome
INFO: Using `new ChromeOptions()` is preferred to `DesiredCapabilities.chrome()`
Tests run: 5, Failures: 0, Errors: 0, Skipped: 0, Time elapsed: 0.149 sec - in org.fluentlenium.configuration.RemoteWebDriverTest
Running org.fluentlenium.configuration.WebDriversTest
Tests run: 9, Failures: 0, Errors: 0, Skipped: 0, Time elapsed: 0.21 sec - in org.fluentlenium.configuration.WebDriversTest
Running org.fluentlenium.configuration.ProgrammaticConfigurationTest
SLF4J: Failed to load class "org.slf4j.impl.StaticLoggerBinder".
SLF4J: Defaulting to no-operation (NOP) logger implementation
SLF4J: See http://www.slf4j.org/codes.html#StaticLoggerBinder for further details.
Tests run: 1, Failures: 0, Errors: 0, Skipped: 0, Time elapsed: 0.029 sec - in org.fluentlenium.configuration.ProgrammaticConfigurationTest
Running org.fluentlenium.configuration.AnnotationConfigurationTest
Dec 26, 2021 1:41:37 AM org.openqa.selenium.remote.DesiredCapabilities firefox
INFO: Using `new FirefoxOptions()` is preferred to `DesiredCapabilities.firefox()`
Dec 26, 2021 1:41:37 AM org.openqa.selenium.remote.DesiredCapabilities firefox
INFO: Using `new FirefoxOptions()` is preferred to `DesiredCapabilities.firefox()`
Dec 26, 2021 1:41:37 AM org.openqa.selenium.remote.DesiredCapabilities chrome
INFO: Using `new ChromeOptions()` is preferred to `DesiredCapabilities.chrome()`
Dec 26, 2021 1:41:37 AM org.openqa.selenium.remote.DesiredCapabilities firefox
INFO: Using `new FirefoxOptions()` is preferred to `DesiredCapabilities.firefox()`
Tests run: 20, Failures: 0, Errors: 0, Skipped: 0, Time elapsed: 0.006 sec - in org.fluentlenium.configuration.AnnotationConfigurationTest
Running org.fluentlenium.core.conditions.IntegerConditionsTest
Tests run: 3, Failures: 0, Errors: 0, Skipped: 0, Time elapsed: 0.008 sec - in org.fluentlenium.core.conditions.IntegerConditionsTest
Running org.fluentlenium.core.conditions.message.MessageProxyTest
Tests run: 3, Failures: 0, Errors: 0, Skipped: 0, Time elapsed: 0.165 sec - in org.fluentlenium.core.conditions.message.MessageProxyTest
Running org.fluentlenium.core.filter.matcher.CaculateServiceTest
Tests run: 16, Failures: 0, Errors: 0, Skipped: 0, Time elapsed: 0.002 sec - in org.fluentlenium.core.filter.matcher.CaculateServiceTest
Running org.fluentlenium.core.url.UrlTemplateTest
Tests run: 14, Failures: 0, Errors: 0, Skipped: 0, Time elapsed: 0.046 sec - in org.fluentlenium.core.url.UrlTemplateTest
Running org.fluentlenium.utils.ReflectionUtilsTest
Tests run: 3, Failures: 0, Errors: 0, Skipped: 0, Time elapsed: 0.007 sec - in org.fluentlenium.utils.ReflectionUtilsTest
Running org.fluentlenium.utils.UrlUtilsTest
Tests run: 17, Failures: 0, Errors: 0, Skipped: 0, Time elapsed: 0.002 sec - in org.fluentlenium.utils.UrlUtilsTest
Running org.fluentlenium.adapter.DefaultSharedMutatorTest
Tests run: 1, Failures: 0, Errors: 0, Skipped: 0, Time elapsed: 0.003 sec - in org.fluentlenium.adapter.DefaultSharedMutatorTest
Running org.fluentlenium.adapter.SharedWebDriverContainerTest
Tests run: 8, Failures: 0, Errors: 0, Skipped: 0, Time elapsed: 0.04 sec - in org.fluentlenium.adapter.SharedWebDriverContainerTest
Running org.fluentlenium.core.hook.wait.WaitHookTest
Tests run: 9, Failures: 0, Errors: 0, Skipped: 0, Time elapsed: 0.325 sec - in org.fluentlenium.core.hook.wait.WaitHookTest
Running org.fluentlenium.core.hook.wait.WaitHookOptionsTest
Tests run: 3, Failures: 0, Errors: 0, Skipped: 0, Time elapsed: 0.015 sec - in org.fluentlenium.core.hook.wait.WaitHookOptionsTest
Running org.fluentlenium.core.hook.HookControlTest
Tests run: 8, Failures: 0, Errors: 0, Skipped: 0, Time elapsed: 0.165 sec - in org.fluentlenium.core.hook.HookControlTest
Running org.fluentlenium.core.conditions.EachElementConditionsTest
Tests run: 21, Failures: 0, Errors: 0, Skipped: 0, Time elapsed: 0.084 sec - in org.fluentlenium.core.conditions.EachElementConditionsTest
Running org.fluentlenium.core.conditions.AtLeastOneElementConditionsTest
Tests run: 22, Failures: 0, Errors: 0, Skipped: 0, Time elapsed: 0.03 sec - in org.fluentlenium.core.conditions.AtLeastOneElementConditionsTest
Running org.fluentlenium.core.conditions.wait.WaitConditionTest
Tests run: 7, Failures: 0, Errors: 0, Skipped: 0, Time elapsed: 3.486 sec - in org.fluentlenium.core.conditions.wait.WaitConditionTest
Running org.fluentlenium.core.proxy.ElementListSupplierLocatorTest
Tests run: 2, Failures: 0, Errors: 0, Skipped: 0, Time elapsed: 0.002 sec - in org.fluentlenium.core.proxy.ElementListSupplierLocatorTest
Running org.fluentlenium.core.proxy.ProxyListenerTest
Tests run: 2, Failures: 0, Errors: 0, Skipped: 0, Time elapsed: 0.024 sec - in org.fluentlenium.core.proxy.ProxyListenerTest
Running org.fluentlenium.core.proxy.ElementSupplierLocatorTest
Tests run: 2, Failures: 0, Errors: 0, Skipped: 0, Time elapsed: 0.003 sec - in org.fluentlenium.core.proxy.ElementSupplierLocatorTest
Running org.fluentlenium.core.proxy.ElementListInstanceLocatorTest
Tests run: 2, Failures: 0, Errors: 0, Skipped: 0, Time elapsed: 0.002 sec - in org.fluentlenium.core.proxy.ElementListInstanceLocatorTest
Running org.fluentlenium.core.proxy.ElementInstanceLocatorTest
Tests run: 2, Failures: 0, Errors: 0, Skipped: 0, Time elapsed: 0.001 sec - in org.fluentlenium.core.proxy.ElementInstanceLocatorTest
Running org.fluentlenium.core.proxy.ProxyHookTest
Tests run: 2, Failures: 0, Errors: 0, Skipped: 0, Time elapsed: 0.005 sec - in org.fluentlenium.core.proxy.ProxyHookTest
Running org.fluentlenium.core.proxy.ProxiesTest
Tests run: 16, Failures: 0, Errors: 0, Skipped: 0, Time elapsed: 0.029 sec - in org.fluentlenium.core.proxy.ProxiesTest
Running org.fluentlenium.core.proxy.ProxyMessageTest
Tests run: 2, Failures: 0, Errors: 0, Skipped: 0, Time elapsed: 0.007 sec - in org.fluentlenium.core.proxy.ProxyMessageTest
Running org.fluentlenium.core.proxy.IndexSupplierLocatorTest
Tests run: 6, Failures: 0, Errors: 0, Skipped: 0, Time elapsed: 0.008 sec - in org.fluentlenium.core.proxy.IndexSupplierLocatorTest
Running org.fluentlenium.core.alert.AlertTest
Tests run: 2, Failures: 0, Errors: 0, Skipped: 0, Time elapsed: 0.003 sec - in org.fluentlenium.core.alert.AlertTest
Running org.fluentlenium.core.wait.FluentWaitSupplierMatcherTest
Tests run: 1, Failures: 0, Errors: 0, Skipped: 0, Time elapsed: 0.012 sec - in org.fluentlenium.core.wait.FluentWaitSupplierMatcherTest
Running org.fluentlenium.core.wait.FluentWaitSupplierListMatcherTest
Tests run: 1, Failures: 0, Errors: 0, Skipped: 0, Time elapsed: 0.007 sec - in org.fluentlenium.core.wait.FluentWaitSupplierListMatcherTest
Running org.fluentlenium.core.wait.FluentWaitElementTest
Tests run: 27, Failures: 0, Errors: 0, Skipped: 0, Time elapsed: 0.294 sec - in org.fluentlenium.core.wait.FluentWaitElementTest
Running org.fluentlenium.core.wait.FluentWaitIntegerMatcherTest
Tests run: 1, Failures: 0, Errors: 0, Skipped: 0, Time elapsed: 0.006 sec - in org.fluentlenium.core.wait.FluentWaitIntegerMatcherTest
Running org.fluentlenium.core.wait.FluentWaitRectangleMatcherTest
Tests run: 1, Failures: 0, Errors: 0, Skipped: 0, Time elapsed: 0.007 sec - in org.fluentlenium.core.wait.FluentWaitRectangleMatcherTest
Running org.fluentlenium.core.wait.FluentWaitElementListTest
Tests run: 28, Failures: 0, Errors: 0, Skipped: 0, Time elapsed: 0.082 sec - in org.fluentlenium.core.wait.FluentWaitElementListTest
Running org.fluentlenium.core.wait.FluentWaitElementMatcherTest
Tests run: 15, Failures: 0, Errors: 0, Skipped: 0, Time elapsed: 0.074 sec - in org.fluentlenium.core.wait.FluentWaitElementMatcherTest
Running org.fluentlenium.core.wait.FluentWaitElementListMatcherTest
Tests run: 18, Failures: 0, Errors: 0, Skipped: 0, Time elapsed: 0.107 sec - in org.fluentlenium.core.wait.FluentWaitElementListMatcherTest
Running org.fluentlenium.core.wait.FluentWaitWindowMatcherTest
Tests run: 1, Failures: 0, Errors: 0, Skipped: 0, Time elapsed: 0.007 sec - in org.fluentlenium.core.wait.FluentWaitWindowMatcherTest
Running org.fluentlenium.core.wait.WaitForPageToLoadTest
Tests run: 2, Failures: 0, Errors: 0, Skipped: 0, Time elapsed: 0.003 sec - in org.fluentlenium.core.wait.WaitForPageToLoadTest
Running org.fluentlenium.core.wait.FluentWaitEachElementMatcherTest
Tests run: 18, Failures: 0, Errors: 0, Skipped: 0, Time elapsed: 0.094 sec - in org.fluentlenium.core.wait.FluentWaitEachElementMatcherTest
Running org.fluentlenium.core.action.MouseElementActionsTest
Dec 26, 2021 1:41:45 AM org.openqa.selenium.interactions.Actions moveToElement
INFO: When using the W3C Action commands, offsets are from the center of element
Tests run: 11, Failures: 0, Errors: 0, Skipped: 0, Time elapsed: 0.262 sec - in org.fluentlenium.core.action.MouseElementActionsTest
Running org.fluentlenium.core.action.KeyboardActionsTest
Tests run: 4, Failures: 0, Errors: 0, Skipped: 0, Time elapsed: 0.017 sec - in org.fluentlenium.core.action.KeyboardActionsTest
Running org.fluentlenium.core.action.KeyboardElementActionsTest
Tests run: 4, Failures: 0, Errors: 0, Skipped: 0, Time elapsed: 0.085 sec - in org.fluentlenium.core.action.KeyboardElementActionsTest
Running org.fluentlenium.core.action.FluentJavascriptActionsTest
Tests run: 3, Failures: 0, Errors: 0, Skipped: 0, Time elapsed: 0.002 sec - in org.fluentlenium.core.action.FluentJavascriptActionsTest
Running org.fluentlenium.core.action.WindowActionsTest
Tests run: 15, Failures: 0, Errors: 0, Skipped: 0, Time elapsed: 0.069 sec - in org.fluentlenium.core.action.WindowActionsTest
Running org.fluentlenium.core.action.MouseActionsTest
Tests run: 6, Failures: 0, Errors: 0, Skipped: 0, Time elapsed: 0.005 sec - in org.fluentlenium.core.action.MouseActionsTest
Running org.fluentlenium.core.domain.FluentJavascriptTest
Tests run: 2, Failures: 0, Errors: 0, Skipped: 0, Time elapsed: 0.019 sec - in org.fluentlenium.core.domain.FluentJavascriptTest
Running org.fluentlenium.core.label.FluentLabelImplTest
Tests run: 1, Failures: 0, Errors: 0, Skipped: 0, Time elapsed: 0.001 sec - in org.fluentlenium.core.label.FluentLabelImplTest
Running org.fluentlenium.core.switchto.FluentTargetLocatorTest
Tests run: 9, Failures: 0, Errors: 0, Skipped: 0, Time elapsed: 0.006 sec - in org.fluentlenium.core.switchto.FluentTargetLocatorTest
Running org.fluentlenium.core.FluentPageUrlTemplateTest
Tests run: 15, Failures: 0, Errors: 0, Skipped: 0, Time elapsed: 0.525 sec - in org.fluentlenium.core.FluentPageUrlTemplateTest
Running org.fluentlenium.adapter.FluentTestRunnerAdapterRetriesTest
Tests run: 2, Failures: 0, Errors: 0, Skipped: 0, Time elapsed: 0.016 sec - in org.fluentlenium.adapter.FluentTestRunnerAdapterRetriesTest
Running org.fluentlenium.adapter.DriverContainerTest
Tests run: 1, Failures: 0, Errors: 0, Skipped: 0, Time elapsed: 0.002 sec - in org.fluentlenium.adapter.DriverContainerTest
Running org.fluentlenium.core.search.NoSuchElementMessageTest
Tests run: 6, Failures: 0, Errors: 6, Skipped: 0, Time elapsed: 0.004 sec <<< FAILURE! - in org.fluentlenium.core.search.NoSuchElementMessageTest
testListBySelectorWithFilterSelector(org.fluentlenium.core.search.NoSuchElementMessageTest)  Time elapsed: 0.001 sec  <<< ERROR!
java.lang.IllegalStateException: FluentControl is not initialized, WebDriver or Configuration issue
	at org.fluentlenium.core.search.NoSuchElementMessageTest.before(NoSuchElementMessageTest.java:40)

testListWithFilterSelector(org.fluentlenium.core.search.NoSuchElementMessageTest)  Time elapsed: 0 sec  <<< ERROR!
java.lang.IllegalStateException: FluentControl is not initialized, WebDriver or Configuration issue
	at org.fluentlenium.core.search.NoSuchElementMessageTest.before(NoSuchElementMessageTest.java:40)

testListSelector(org.fluentlenium.core.search.NoSuchElementMessageTest)  Time elapsed: 0 sec  <<< ERROR!
java.lang.IllegalStateException: FluentControl is not initialized, WebDriver or Configuration issue
	at org.fluentlenium.core.search.NoSuchElementMessageTest.before(NoSuchElementMessageTest.java:40)

testElementSelector(org.fluentlenium.core.search.NoSuchElementMessageTest)  Time elapsed: 0.001 sec  <<< ERROR!
java.lang.IllegalStateException: FluentControl is not initialized, WebDriver or Configuration issue
	at org.fluentlenium.core.search.NoSuchElementMessageTest.before(NoSuchElementMessageTest.java:40)

testElWithFilterSelector(org.fluentlenium.core.search.NoSuchElementMessageTest)  Time elapsed: 0 sec  <<< ERROR!
java.lang.IllegalStateException: FluentControl is not initialized, WebDriver or Configuration issue
	at org.fluentlenium.core.search.NoSuchElementMessageTest.before(NoSuchElementMessageTest.java:40)

testElBySelectorWithFilterSelector(org.fluentlenium.core.search.NoSuchElementMessageTest)  Time elapsed: 0 sec  <<< ERROR!
java.lang.IllegalStateException: FluentControl is not initialized, WebDriver or Configuration issue
	at org.fluentlenium.core.search.NoSuchElementMessageTest.before(NoSuchElementMessageTest.java:40)

Running org.fluentlenium.core.conditions.RectangleListConditionsTest
Tests run: 2, Failures: 0, Errors: 2, Skipped: 0, Time elapsed: 0.003 sec <<< FAILURE! - in org.fluentlenium.core.conditions.RectangleListConditionsTest
fromEachElementConditions(org.fluentlenium.core.conditions.RectangleListConditionsTest)  Time elapsed: 0.002 sec  <<< ERROR!
java.lang.IllegalStateException: FluentControl is not initialized, WebDriver or Configuration issue
	at org.fluentlenium.core.conditions.RectangleListConditionsTest.before(RectangleListConditionsTest.java:46)

fromAtLeastOneElementConditions(org.fluentlenium.core.conditions.RectangleListConditionsTest)  Time elapsed: 0.001 sec  <<< ERROR!
java.lang.IllegalStateException: FluentControl is not initialized, WebDriver or Configuration issue
	at org.fluentlenium.core.conditions.RectangleListConditionsTest.before(RectangleListConditionsTest.java:46)

Running org.fluentlenium.core.hook.SearchHookTest
Tests run: 10, Failures: 0, Errors: 10, Skipped: 0, Time elapsed: 0.009 sec <<< FAILURE! - in org.fluentlenium.core.hook.SearchHookTest
testHookSearchListNoHookClone(org.fluentlenium.core.hook.SearchHookTest)  Time elapsed: 0 sec  <<< ERROR!
java.lang.IllegalStateException: FluentControl is not initialized, WebDriver or Configuration issue
	at org.fluentlenium.core.hook.SearchHookTest.before(SearchHookTest.java:42)

testHookSearchNoHookFunction(org.fluentlenium.core.hook.SearchHookTest)  Time elapsed: 0 sec  <<< ERROR!
java.lang.IllegalStateException: FluentControl is not initialized, WebDriver or Configuration issue
	at org.fluentlenium.core.hook.SearchHookTest.before(SearchHookTest.java:42)

testHookSearchNoHookClone(org.fluentlenium.core.hook.SearchHookTest)  Time elapsed: 0 sec  <<< ERROR!
java.lang.IllegalStateException: FluentControl is not initialized, WebDriver or Configuration issue
	at org.fluentlenium.core.hook.SearchHookTest.before(SearchHookTest.java:42)

testHookSearchNoHook(org.fluentlenium.core.hook.SearchHookTest)  Time elapsed: 0 sec  <<< ERROR!
java.lang.IllegalStateException: FluentControl is not initialized, WebDriver or Configuration issue
	at org.fluentlenium.core.hook.SearchHookTest.before(SearchHookTest.java:42)

testHookedSearch(org.fluentlenium.core.hook.SearchHookTest)  Time elapsed: 0 sec  <<< ERROR!
java.lang.IllegalStateException: FluentControl is not initialized, WebDriver or Configuration issue
	at org.fluentlenium.core.hook.SearchHookTest.before(SearchHookTest.java:42)

testHookSearchNoHookClickAndRestore(org.fluentlenium.core.hook.SearchHookTest)  Time elapsed: 0 sec  <<< ERROR!
java.lang.IllegalStateException: FluentControl is not initialized, WebDriver or Configuration issue
	at org.fluentlenium.core.hook.SearchHookTest.before(SearchHookTest.java:42)

testHookSearchFirstBefore(org.fluentlenium.core.hook.SearchHookTest)  Time elapsed: 0.001 sec  <<< ERROR!
java.lang.IllegalStateException: FluentControl is not initialized, WebDriver or Configuration issue
	at org.fluentlenium.core.hook.SearchHookTest.before(SearchHookTest.java:42)

testHookSearchFirstAfter(org.fluentlenium.core.hook.SearchHookTest)  Time elapsed: 0.001 sec  <<< ERROR!
java.lang.IllegalStateException: FluentControl is not initialized, WebDriver or Configuration issue
	at org.fluentlenium.core.hook.SearchHookTest.before(SearchHookTest.java:42)

testHookSearchFirstNoHookFunction(org.fluentlenium.core.hook.SearchHookTest)  Time elapsed: 0.001 sec  <<< ERROR!
java.lang.IllegalStateException: FluentControl is not initialized, WebDriver or Configuration issue
	at org.fluentlenium.core.hook.SearchHookTest.before(SearchHookTest.java:42)

testHookSearchHookBeforeFirstNoHookClickAndRestore(org.fluentlenium.core.hook.SearchHookTest)  Time elapsed: 0.001 sec  <<< ERROR!
java.lang.IllegalStateException: FluentControl is not initialized, WebDriver or Configuration issue
	at org.fluentlenium.core.hook.SearchHookTest.before(SearchHookTest.java:42)

Running org.fluentlenium.core.hook.DefaultHookChainBuilderTest
Tests run: 3, Failures: 0, Errors: 3, Skipped: 0, Time elapsed: 0.005 sec <<< FAILURE! - in org.fluentlenium.core.hook.DefaultHookChainBuilderTest
testInvalidConstructorHook(org.fluentlenium.core.hook.DefaultHookChainBuilderTest)  Time elapsed: 0.001 sec  <<< ERROR!
java.lang.IllegalStateException: FluentControl is not initialized, WebDriver or Configuration issue
	at org.fluentlenium.core.hook.DefaultHookChainBuilderTest.before(DefaultHookChainBuilderTest.java:47)

testBuildHook(org.fluentlenium.core.hook.DefaultHookChainBuilderTest)  Time elapsed: 0.001 sec  <<< ERROR!
java.lang.IllegalStateException: FluentControl is not initialized, WebDriver or Configuration issue
	at org.fluentlenium.core.hook.DefaultHookChainBuilderTest.before(DefaultHookChainBuilderTest.java:47)

testFailingConstructorHook(org.fluentlenium.core.hook.DefaultHookChainBuilderTest)  Time elapsed: 0 sec  <<< ERROR!
java.lang.IllegalStateException: FluentControl is not initialized, WebDriver or Configuration issue
	at org.fluentlenium.core.hook.DefaultHookChainBuilderTest.before(DefaultHookChainBuilderTest.java:47)

Running org.fluentlenium.core.conditions.IntegerListConditionsTest
Tests run: 2, Failures: 0, Errors: 2, Skipped: 0, Time elapsed: 0.004 sec <<< FAILURE! - in org.fluentlenium.core.conditions.IntegerListConditionsTest
fromEachElementConditions(org.fluentlenium.core.conditions.IntegerListConditionsTest)  Time elapsed: 0.002 sec  <<< ERROR!
java.lang.IllegalStateException: FluentControl is not initialized, WebDriver or Configuration issue
	at org.fluentlenium.core.conditions.IntegerListConditionsTest.before(IntegerListConditionsTest.java:46)

fromAtLeastOneElementConditions(org.fluentlenium.core.conditions.IntegerListConditionsTest)  Time elapsed: 0.001 sec  <<< ERROR!
java.lang.IllegalStateException: FluentControl is not initialized, WebDriver or Configuration issue
	at org.fluentlenium.core.conditions.IntegerListConditionsTest.before(IntegerListConditionsTest.java:46)

Running org.fluentlenium.core.inject.FluentInjectorElementTest
Tests run: 11, Failures: 0, Errors: 11, Skipped: 0, Time elapsed: 0.009 sec <<< FAILURE! - in org.fluentlenium.core.inject.FluentInjectorElementTest
testFluentWebElementExtendsList(org.fluentlenium.core.inject.FluentInjectorElementTest)  Time elapsed: 0 sec  <<< ERROR!
java.lang.IllegalStateException: FluentControl is not initialized, WebDriver or Configuration issue
	at org.fluentlenium.core.inject.FluentInjectorElementTest.before(FluentInjectorElementTest.java:42)

testFluentWebElementExtends(org.fluentlenium.core.inject.FluentInjectorElementTest)  Time elapsed: 0 sec  <<< ERROR!
java.lang.IllegalStateException: FluentControl is not initialized, WebDriver or Configuration issue
	at org.fluentlenium.core.inject.FluentInjectorElementTest.before(FluentInjectorElementTest.java:42)

testFluentWebElement(org.fluentlenium.core.inject.FluentInjectorElementTest)  Time elapsed: 0 sec  <<< ERROR!
java.lang.IllegalStateException: FluentControl is not initialized, WebDriver or Configuration issue
	at org.fluentlenium.core.inject.FluentInjectorElementTest.before(FluentInjectorElementTest.java:42)

testWebElementDriverWrapperList(org.fluentlenium.core.inject.FluentInjectorElementTest)  Time elapsed: 0 sec  <<< ERROR!
java.lang.IllegalStateException: FluentControl is not initialized, WebDriver or Configuration issue
	at org.fluentlenium.core.inject.FluentInjectorElementTest.before(FluentInjectorElementTest.java:42)

testListSubClass(org.fluentlenium.core.inject.FluentInjectorElementTest)  Time elapsed: 0.001 sec  <<< ERROR!
java.lang.IllegalStateException: FluentControl is not initialized, WebDriver or Configuration issue
	at org.fluentlenium.core.inject.FluentInjectorElementTest.before(FluentInjectorElementTest.java:42)

testExistingFluentWebElement(org.fluentlenium.core.inject.FluentInjectorElementTest)  Time elapsed: 0.001 sec  <<< ERROR!
java.lang.IllegalStateException: FluentControl is not initialized, WebDriver or Configuration issue
	at org.fluentlenium.core.inject.FluentInjectorElementTest.before(FluentInjectorElementTest.java:42)

testWebElementWrapperList(org.fluentlenium.core.inject.FluentInjectorElementTest)  Time elapsed: 0.001 sec  <<< ERROR!
java.lang.IllegalStateException: FluentControl is not initialized, WebDriver or Configuration issue
	at org.fluentlenium.core.inject.FluentInjectorElementTest.before(FluentInjectorElementTest.java:42)

testWebElementWrapper(org.fluentlenium.core.inject.FluentInjectorElementTest)  Time elapsed: 0 sec  <<< ERROR!
java.lang.IllegalStateException: FluentControl is not initialized, WebDriver or Configuration issue
	at org.fluentlenium.core.inject.FluentInjectorElementTest.before(FluentInjectorElementTest.java:42)

testNewInstance(org.fluentlenium.core.inject.FluentInjectorElementTest)  Time elapsed: 0 sec  <<< ERROR!
java.lang.IllegalStateException: FluentControl is not initialized, WebDriver or Configuration issue
	at org.fluentlenium.core.inject.FluentInjectorElementTest.before(FluentInjectorElementTest.java:42)

testFluentWebElementList(org.fluentlenium.core.inject.FluentInjectorElementTest)  Time elapsed: 0 sec  <<< ERROR!
java.lang.IllegalStateException: FluentControl is not initialized, WebDriver or Configuration issue
	at org.fluentlenium.core.inject.FluentInjectorElementTest.before(FluentInjectorElementTest.java:42)

testWebElementDriverWrapper(org.fluentlenium.core.inject.FluentInjectorElementTest)  Time elapsed: 0 sec  <<< ERROR!
java.lang.IllegalStateException: FluentControl is not initialized, WebDriver or Configuration issue
	at org.fluentlenium.core.inject.FluentInjectorElementTest.before(FluentInjectorElementTest.java:42)

Running org.fluentlenium.core.domain.FluentListSearchTest
Tests run: 6, Failures: 0, Errors: 6, Skipped: 0, Time elapsed: 0.003 sec <<< FAILURE! - in org.fluentlenium.core.domain.FluentListSearchTest
findFirstElement(org.fluentlenium.core.domain.FluentListSearchTest)  Time elapsed: 0.001 sec  <<< ERROR!
java.lang.IllegalStateException: FluentControl is not initialized, WebDriver or Configuration issue
	at org.fluentlenium.core.domain.FluentListSearchTest.before(FluentListSearchTest.java:47)

shouldThrowAnErrorWhenNoFirstPosition(org.fluentlenium.core.domain.FluentListSearchTest)  Time elapsed: 0 sec  <<< ERROR!
java.lang.IllegalStateException: FluentControl is not initialized, WebDriver or Configuration issue
	at org.fluentlenium.core.domain.FluentListSearchTest.before(FluentListSearchTest.java:47)

findElementByPosition(org.fluentlenium.core.domain.FluentListSearchTest)  Time elapsed: 0 sec  <<< ERROR!
java.lang.IllegalStateException: FluentControl is not initialized, WebDriver or Configuration issue
	at org.fluentlenium.core.domain.FluentListSearchTest.before(FluentListSearchTest.java:47)

shouldThrowAnErrorWhenWrongPosition(org.fluentlenium.core.domain.FluentListSearchTest)  Time elapsed: 0 sec  <<< ERROR!
java.lang.IllegalStateException: FluentControl is not initialized, WebDriver or Configuration issue
	at org.fluentlenium.core.domain.FluentListSearchTest.before(FluentListSearchTest.java:47)

findElementsIsSearched(org.fluentlenium.core.domain.FluentListSearchTest)  Time elapsed: 0 sec  <<< ERROR!
java.lang.IllegalStateException: FluentControl is not initialized, WebDriver or Configuration issue
	at org.fluentlenium.core.domain.FluentListSearchTest.before(FluentListSearchTest.java:47)

whenNoElementMatchingFillThenThrowsExceptions(org.fluentlenium.core.domain.FluentListSearchTest)  Time elapsed: 0 sec  <<< ERROR!
java.lang.IllegalStateException: FluentControl is not initialized, WebDriver or Configuration issue
	at org.fluentlenium.core.domain.FluentListSearchTest.before(FluentListSearchTest.java:47)

Running org.fluentlenium.core.ScreenshotTest
Tests run: 4, Failures: 0, Errors: 4, Skipped: 0, Time elapsed: 0.012 sec <<< FAILURE! - in org.fluentlenium.core.ScreenshotTest
whenBrowserDoesntAcceptScreenshotThenCustomError(org.fluentlenium.core.ScreenshotTest)  Time elapsed: 0.012 sec  <<< ERROR!
java.lang.Exception: Unexpected exception, expected<org.openqa.selenium.WebDriverException> but was<java.lang.IllegalStateException>
	at org.fluentlenium.core.ScreenshotTest.whenBrowserDoesntAcceptScreenshotThenCustomError(ScreenshotTest.java:29)

whenBrowserDoesAcceptScreenshotThenNoException(org.fluentlenium.core.ScreenshotTest)  Time elapsed: 0.012 sec  <<< ERROR!
java.lang.IllegalStateException: FluentControl is not initialized, WebDriver or Configuration issue
	at org.fluentlenium.core.ScreenshotTest.whenBrowserDoesAcceptScreenshotThenNoException(ScreenshotTest.java:36)

whenBrowserDoesntAcceptScreenshotThenCustomError(org.fluentlenium.core.ScreenshotTest)  Time elapsed: 0 sec  <<< ERROR!
java.lang.IllegalStateException: FluentControl is not initialized, WebDriver or Configuration issue
	at org.fluentlenium.core.ScreenshotTest.release(ScreenshotTest.java:42)

whenBrowserDoesAcceptScreenshotThenNoException(org.fluentlenium.core.ScreenshotTest)  Time elapsed: 0 sec  <<< ERROR!
java.lang.IllegalStateException: FluentControl is not initialized, WebDriver or Configuration issue
	at org.fluentlenium.core.ScreenshotTest.release(ScreenshotTest.java:42)

Running org.fluentlenium.core.inject.FluentInjectorHookTest
Tests run: 9, Failures: 0, Errors: 9, Skipped: 0, Time elapsed: 0.009 sec <<< FAILURE! - in org.fluentlenium.core.inject.FluentInjectorHookTest
testFluentWebElementExtendsContainer(org.fluentlenium.core.inject.FluentInjectorHookTest)  Time elapsed: 0 sec  <<< ERROR!
java.lang.IllegalStateException: FluentControl is not initialized, WebDriver or Configuration issue
	at org.fluentlenium.core.inject.FluentInjectorHookTest.before(FluentInjectorHookTest.java:54)

testFluentWebElementAnnotation(org.fluentlenium.core.inject.FluentInjectorHookTest)  Time elapsed: 0 sec  <<< ERROR!
java.lang.IllegalStateException: FluentControl is not initialized, WebDriver or Configuration issue
	at org.fluentlenium.core.inject.FluentInjectorHookTest.before(FluentInjectorHookTest.java:54)

testFluentWebElementAnnotationContainer(org.fluentlenium.core.inject.FluentInjectorHookTest)  Time elapsed: 0.001 sec  <<< ERROR!
java.lang.IllegalStateException: FluentControl is not initialized, WebDriver or Configuration issue
	at org.fluentlenium.core.inject.FluentInjectorHookTest.before(FluentInjectorHookTest.java:54)

testFluentList(org.fluentlenium.core.inject.FluentInjectorHookTest)  Time elapsed: 0.001 sec  <<< ERROR!
java.lang.IllegalStateException: FluentControl is not initialized, WebDriver or Configuration issue
	at org.fluentlenium.core.inject.FluentInjectorHookTest.before(FluentInjectorHookTest.java:54)

testFluentWebElement(org.fluentlenium.core.inject.FluentInjectorHookTest)  Time elapsed: 0.001 sec  <<< ERROR!
java.lang.IllegalStateException: FluentControl is not initialized, WebDriver or Configuration issue
	at org.fluentlenium.core.inject.FluentInjectorHookTest.before(FluentInjectorHookTest.java:54)

testFluentWebElementClass(org.fluentlenium.core.inject.FluentInjectorHookTest)  Time elapsed: 0.001 sec  <<< ERROR!
java.lang.IllegalStateException: FluentControl is not initialized, WebDriver or Configuration issue
	at org.fluentlenium.core.inject.FluentInjectorHookTest.before(FluentInjectorHookTest.java:54)

testWebElementWrapperList(org.fluentlenium.core.inject.FluentInjectorHookTest)  Time elapsed: 0 sec  <<< ERROR!
java.lang.IllegalStateException: FluentControl is not initialized, WebDriver or Configuration issue
	at org.fluentlenium.core.inject.FluentInjectorHookTest.before(FluentInjectorHookTest.java:54)

testWebElementWrapper(org.fluentlenium.core.inject.FluentInjectorHookTest)  Time elapsed: 0.001 sec  <<< ERROR!
java.lang.IllegalStateException: FluentControl is not initialized, WebDriver or Configuration issue
	at org.fluentlenium.core.inject.FluentInjectorHookTest.before(FluentInjectorHookTest.java:54)

testFluentWebElementOption(org.fluentlenium.core.inject.FluentInjectorHookTest)  Time elapsed: 0 sec  <<< ERROR!
java.lang.IllegalStateException: FluentControl is not initialized, WebDriver or Configuration issue
	at org.fluentlenium.core.inject.FluentInjectorHookTest.before(FluentInjectorHookTest.java:54)

Running org.fluentlenium.adapter.FluentAdapterTest
Tests run: 7, Failures: 0, Errors: 5, Skipped: 0, Time elapsed: 0.006 sec <<< FAILURE! - in org.fluentlenium.adapter.FluentAdapterTest
deletagesToWebDriverWhenInitialized(org.fluentlenium.adapter.FluentAdapterTest)  Time elapsed: 0.001 sec  <<< ERROR!
java.lang.IllegalStateException: FluentControl is not initialized, WebDriver or Configuration issue
	at org.fluentlenium.adapter.FluentAdapterTest.deletagesToWebDriverWhenInitialized(FluentAdapterTest.java:39)

registeringSameDriverMultipleTimeDoesntThrowException(org.fluentlenium.adapter.FluentAdapterTest)  Time elapsed: 0 sec  <<< ERROR!
java.lang.IllegalStateException: FluentControl is not initialized, WebDriver or Configuration issue
	at org.fluentlenium.adapter.FluentAdapterTest.registeringSameDriverMultipleTimeDoesntThrowException(FluentAdapterTest.java:48)

isDriverAvailableBehavesAsExpected(org.fluentlenium.adapter.FluentAdapterTest)  Time elapsed: 0 sec  <<< ERROR!
java.lang.IllegalStateException: FluentControl is not initialized, WebDriver or Configuration issue
	at org.fluentlenium.adapter.FluentAdapterTest.isDriverAvailableBehavesAsExpected(FluentAdapterTest.java:29)

registeringSameDriverDoesntThrowException(org.fluentlenium.adapter.FluentAdapterTest)  Time elapsed: 0.001 sec  <<< ERROR!
java.lang.IllegalStateException: FluentControl is not initialized, WebDriver or Configuration issue
	at org.fluentlenium.adapter.FluentAdapterTest.registeringSameDriverDoesntThrowException(FluentAdapterTest.java:64)

shouldNewWebDriverCreateNewInstances(org.fluentlenium.adapter.FluentAdapterTest)  Time elapsed: 0.001 sec  <<< ERROR!
java.lang.IllegalStateException: FluentControl is not initialized, WebDriver or Configuration issue
	at org.fluentlenium.adapter.FluentAdapterTest.shouldNewWebDriverCreateNewInstances(FluentAdapterTest.java:103)

Running org.fluentlenium.core.domain.FluentWebElementTest
Tests run: 36, Failures: 0, Errors: 36, Skipped: 0, Time elapsed: 0.023 sec <<< FAILURE! - in org.fluentlenium.core.domain.FluentWebElementTest
testNowFalse(org.fluentlenium.core.domain.FluentWebElementTest)  Time elapsed: 0.001 sec  <<< ERROR!
java.lang.IllegalStateException: FluentControl is not initialized, WebDriver or Configuration issue
	at org.fluentlenium.core.domain.FluentWebElementTest.before(FluentWebElementTest.java:61)

testGetTextContext(org.fluentlenium.core.domain.FluentWebElementTest)  Time elapsed: 0 sec  <<< ERROR!
java.lang.IllegalStateException: FluentControl is not initialized, WebDriver or Configuration issue
	at org.fluentlenium.core.domain.FluentWebElementTest.before(FluentWebElementTest.java:61)

testAsInvalidClass(org.fluentlenium.core.domain.FluentWebElementTest)  Time elapsed: 0.001 sec  <<< ERROR!
java.lang.IllegalStateException: FluentControl is not initialized, WebDriver or Configuration issue
	at org.fluentlenium.core.domain.FluentWebElementTest.before(FluentWebElementTest.java:61)

testConditions(org.fluentlenium.core.domain.FluentWebElementTest)  Time elapsed: 0 sec  <<< ERROR!
java.lang.IllegalStateException: FluentControl is not initialized, WebDriver or Configuration issue
	at org.fluentlenium.core.domain.FluentWebElementTest.before(FluentWebElementTest.java:61)

testGetValue(org.fluentlenium.core.domain.FluentWebElementTest)  Time elapsed: 0.001 sec  <<< ERROR!
java.lang.IllegalStateException: FluentControl is not initialized, WebDriver or Configuration issue
	at org.fluentlenium.core.domain.FluentWebElementTest.before(FluentWebElementTest.java:61)

testIsEnabled(org.fluentlenium.core.domain.FluentWebElementTest)  Time elapsed: 0 sec  <<< ERROR!
java.lang.IllegalStateException: FluentControl is not initialized, WebDriver or Configuration issue
	at org.fluentlenium.core.domain.FluentWebElementTest.before(FluentWebElementTest.java:61)

testIsClickable(org.fluentlenium.core.domain.FluentWebElementTest)  Time elapsed: 0.001 sec  <<< ERROR!
java.lang.IllegalStateException: FluentControl is not initialized, WebDriver or Configuration issue
	at org.fluentlenium.core.domain.FluentWebElementTest.before(FluentWebElementTest.java:61)

testGetElement(org.fluentlenium.core.domain.FluentWebElementTest)  Time elapsed: 0 sec  <<< ERROR!
java.lang.IllegalStateException: FluentControl is not initialized, WebDriver or Configuration issue
	at org.fluentlenium.core.domain.FluentWebElementTest.before(FluentWebElementTest.java:61)

testFillSelect(org.fluentlenium.core.domain.FluentWebElementTest)  Time elapsed: 0.001 sec  <<< ERROR!
java.lang.IllegalStateException: FluentControl is not initialized, WebDriver or Configuration issue
	at org.fluentlenium.core.domain.FluentWebElementTest.before(FluentWebElementTest.java:61)

testGetTagName(org.fluentlenium.core.domain.FluentWebElementTest)  Time elapsed: 0 sec  <<< ERROR!
java.lang.IllegalStateException: FluentControl is not initialized, WebDriver or Configuration issue
	at org.fluentlenium.core.domain.FluentWebElementTest.before(FluentWebElementTest.java:61)

testClear(org.fluentlenium.core.domain.FluentWebElementTest)  Time elapsed: 0.001 sec  <<< ERROR!
java.lang.IllegalStateException: FluentControl is not initialized, WebDriver or Configuration issue
	at org.fluentlenium.core.domain.FluentWebElementTest.before(FluentWebElementTest.java:61)

testClick(org.fluentlenium.core.domain.FluentWebElementTest)  Time elapsed: 0 sec  <<< ERROR!
java.lang.IllegalStateException: FluentControl is not initialized, WebDriver or Configuration issue
	at org.fluentlenium.core.domain.FluentWebElementTest.before(FluentWebElementTest.java:61)

testGetId(org.fluentlenium.core.domain.FluentWebElementTest)  Time elapsed: 0 sec  <<< ERROR!
java.lang.IllegalStateException: FluentControl is not initialized, WebDriver or Configuration issue
	at org.fluentlenium.core.domain.FluentWebElementTest.before(FluentWebElementTest.java:61)

testMouse(org.fluentlenium.core.domain.FluentWebElementTest)  Time elapsed: 0 sec  <<< ERROR!
java.lang.IllegalStateException: FluentControl is not initialized, WebDriver or Configuration issue
	at org.fluentlenium.core.domain.FluentWebElementTest.before(FluentWebElementTest.java:61)

testAxes(org.fluentlenium.core.domain.FluentWebElementTest)  Time elapsed: 0.001 sec  <<< ERROR!
java.lang.IllegalStateException: FluentControl is not initialized, WebDriver or Configuration issue
	at org.fluentlenium.core.domain.FluentWebElementTest.before(FluentWebElementTest.java:61)

testFill(org.fluentlenium.core.domain.FluentWebElementTest)  Time elapsed: 0.001 sec  <<< ERROR!
java.lang.IllegalStateException: FluentControl is not initialized, WebDriver or Configuration issue
	at org.fluentlenium.core.domain.FluentWebElementTest.before(FluentWebElementTest.java:61)

testFind(org.fluentlenium.core.domain.FluentWebElementTest)  Time elapsed: 0.001 sec  <<< ERROR!
java.lang.IllegalStateException: FluentControl is not initialized, WebDriver or Configuration issue
	at org.fluentlenium.core.domain.FluentWebElementTest.before(FluentWebElementTest.java:61)

testHtml(org.fluentlenium.core.domain.FluentWebElementTest)  Time elapsed: 0 sec  <<< ERROR!
java.lang.IllegalStateException: FluentControl is not initialized, WebDriver or Configuration issue
	at org.fluentlenium.core.domain.FluentWebElementTest.before(FluentWebElementTest.java:61)

testText(org.fluentlenium.core.domain.FluentWebElementTest)  Time elapsed: 0.001 sec  <<< ERROR!
java.lang.IllegalStateException: FluentControl is not initialized, WebDriver or Configuration issue
	at org.fluentlenium.core.domain.FluentWebElementTest.before(FluentWebElementTest.java:61)

testToString(org.fluentlenium.core.domain.FluentWebElementTest)  Time elapsed: 0 sec  <<< ERROR!
java.lang.IllegalStateException: FluentControl is not initialized, WebDriver or Configuration issue
	at org.fluentlenium.core.domain.FluentWebElementTest.before(FluentWebElementTest.java:61)

testAs(org.fluentlenium.core.domain.FluentWebElementTest)  Time elapsed: 0 sec  <<< ERROR!
java.lang.IllegalStateException: FluentControl is not initialized, WebDriver or Configuration issue
	at org.fluentlenium.core.domain.FluentWebElementTest.before(FluentWebElementTest.java:61)

testEl(org.fluentlenium.core.domain.FluentWebElementTest)  Time elapsed: 0.001 sec  <<< ERROR!
java.lang.IllegalStateException: FluentControl is not initialized, WebDriver or Configuration issue
	at org.fluentlenium.core.domain.FluentWebElementTest.before(FluentWebElementTest.java:61)

testGetName(org.fluentlenium.core.domain.FluentWebElementTest)  Time elapsed: 0 sec  <<< ERROR!
java.lang.IllegalStateException: FluentControl is not initialized, WebDriver or Configuration issue
	at org.fluentlenium.core.domain.FluentWebElementTest.before(FluentWebElementTest.java:61)

testGetSize(org.fluentlenium.core.domain.FluentWebElementTest)  Time elapsed: 0 sec  <<< ERROR!
java.lang.IllegalStateException: FluentControl is not initialized, WebDriver or Configuration issue
	at org.fluentlenium.core.domain.FluentWebElementTest.before(FluentWebElementTest.java:61)

testGetText(org.fluentlenium.core.domain.FluentWebElementTest)  Time elapsed: 0 sec  <<< ERROR!
java.lang.IllegalStateException: FluentControl is not initialized, WebDriver or Configuration issue
	at org.fluentlenium.core.domain.FluentWebElementTest.before(FluentWebElementTest.java:61)

testIsSelected(org.fluentlenium.core.domain.FluentWebElementTest)  Time elapsed: 0 sec  <<< ERROR!
java.lang.IllegalStateException: FluentControl is not initialized, WebDriver or Configuration issue
	at org.fluentlenium.core.domain.FluentWebElementTest.before(FluentWebElementTest.java:61)

testGetCssValue(org.fluentlenium.core.domain.FluentWebElementTest)  Time elapsed: 0 sec  <<< ERROR!
java.lang.IllegalStateException: FluentControl is not initialized, WebDriver or Configuration issue
	at org.fluentlenium.core.domain.FluentWebElementTest.before(FluentWebElementTest.java:61)

testFillSelectInvalidElement(org.fluentlenium.core.domain.FluentWebElementTest)  Time elapsed: 0 sec  <<< ERROR!
java.lang.IllegalStateException: FluentControl is not initialized, WebDriver or Configuration issue
	at org.fluentlenium.core.domain.FluentWebElementTest.before(FluentWebElementTest.java:61)

testIsStable(org.fluentlenium.core.domain.FluentWebElementTest)  Time elapsed: 0 sec  <<< ERROR!
java.lang.IllegalStateException: FluentControl is not initialized, WebDriver or Configuration issue
	at org.fluentlenium.core.domain.FluentWebElementTest.before(FluentWebElementTest.java:61)

testIsDisplayed(org.fluentlenium.core.domain.FluentWebElementTest)  Time elapsed: 0.001 sec  <<< ERROR!
java.lang.IllegalStateException: FluentControl is not initialized, WebDriver or Configuration issue
	at org.fluentlenium.core.domain.FluentWebElementTest.before(FluentWebElementTest.java:61)

testGetAttribute(org.fluentlenium.core.domain.FluentWebElementTest)  Time elapsed: 0 sec  <<< ERROR!
java.lang.IllegalStateException: FluentControl is not initialized, WebDriver or Configuration issue
	at org.fluentlenium.core.domain.FluentWebElementTest.before(FluentWebElementTest.java:61)

testKeyboard(org.fluentlenium.core.domain.FluentWebElementTest)  Time elapsed: 0 sec  <<< ERROR!
java.lang.IllegalStateException: FluentControl is not initialized, WebDriver or Configuration issue
	at org.fluentlenium.core.domain.FluentWebElementTest.before(FluentWebElementTest.java:61)

testSubmit(org.fluentlenium.core.domain.FluentWebElementTest)  Time elapsed: 0.001 sec  <<< ERROR!
java.lang.IllegalStateException: FluentControl is not initialized, WebDriver or Configuration issue
	at org.fluentlenium.core.domain.FluentWebElementTest.before(FluentWebElementTest.java:61)

testNowTrue(org.fluentlenium.core.domain.FluentWebElementTest)  Time elapsed: 0 sec  <<< ERROR!
java.lang.IllegalStateException: FluentControl is not initialized, WebDriver or Configuration issue
	at org.fluentlenium.core.domain.FluentWebElementTest.before(FluentWebElementTest.java:61)

testDoubleClick(org.fluentlenium.core.domain.FluentWebElementTest)  Time elapsed: 0.001 sec  <<< ERROR!
java.lang.IllegalStateException: FluentControl is not initialized, WebDriver or Configuration issue
	at org.fluentlenium.core.domain.FluentWebElementTest.before(FluentWebElementTest.java:61)

testContextClick(org.fluentlenium.core.domain.FluentWebElementTest)  Time elapsed: 0 sec  <<< ERROR!
java.lang.IllegalStateException: FluentControl is not initialized, WebDriver or Configuration issue
	at org.fluentlenium.core.domain.FluentWebElementTest.before(FluentWebElementTest.java:61)

Running org.fluentlenium.core.events.EventsTest
Tests run: 5, Failures: 0, Errors: 5, Skipped: 0, Time elapsed: 0.011 sec <<< FAILURE! - in org.fluentlenium.core.events.EventsTest
testNavigate(org.fluentlenium.core.events.EventsTest)  Time elapsed: 0.008 sec  <<< ERROR!
java.lang.IllegalStateException: FluentControl is not initialized, WebDriver or Configuration issue
	at org.fluentlenium.core.events.EventsTest.before(EventsTest.java:63)

testClickOn(org.fluentlenium.core.events.EventsTest)  Time elapsed: 0.001 sec  <<< ERROR!
java.lang.IllegalStateException: FluentControl is not initialized, WebDriver or Configuration issue
	at org.fluentlenium.core.events.EventsTest.before(EventsTest.java:63)

testChangeValueOf(org.fluentlenium.core.events.EventsTest)  Time elapsed: 0.001 sec  <<< ERROR!
java.lang.IllegalStateException: FluentControl is not initialized, WebDriver or Configuration issue
	at org.fluentlenium.core.events.EventsTest.before(EventsTest.java:63)

testAdapterHashcodeEquals(org.fluentlenium.core.events.EventsTest)  Time elapsed: 0.001 sec  <<< ERROR!
java.lang.IllegalStateException: FluentControl is not initialized, WebDriver or Configuration issue
	at org.fluentlenium.core.events.EventsTest.before(EventsTest.java:63)

testFindBy(org.fluentlenium.core.events.EventsTest)  Time elapsed: 0 sec  <<< ERROR!
java.lang.IllegalStateException: FluentControl is not initialized, WebDriver or Configuration issue
	at org.fluentlenium.core.events.EventsTest.before(EventsTest.java:63)

Running org.fluentlenium.core.search.SearchTest
Tests run: 11, Failures: 0, Errors: 11, Skipped: 0, Time elapsed: 0.009 sec <<< FAILURE! - in org.fluentlenium.core.search.SearchTest
findPostSelectorFilterWithFilterOnText(org.fluentlenium.core.search.SearchTest)  Time elapsed: 0.001 sec  <<< ERROR!
java.lang.IllegalStateException: FluentControl is not initialized, WebDriver or Configuration issue
	at org.fluentlenium.core.search.SearchTest.before(SearchTest.java:59)

findByPosition(org.fluentlenium.core.search.SearchTest)  Time elapsed: 0 sec  <<< ERROR!
java.lang.IllegalStateException: FluentControl is not initialized, WebDriver or Configuration issue
	at org.fluentlenium.core.search.SearchTest.before(SearchTest.java:59)

canLoopIntoFluentWebElementAfterASearch(org.fluentlenium.core.search.SearchTest)  Time elapsed: 0 sec  <<< ERROR!
java.lang.IllegalStateException: FluentControl is not initialized, WebDriver or Configuration issue
	at org.fluentlenium.core.search.SearchTest.before(SearchTest.java:59)

findCheckCssIsWellFormedWithPostSelector(org.fluentlenium.core.search.SearchTest)  Time elapsed: 0 sec  <<< ERROR!
java.lang.IllegalStateException: FluentControl is not initialized, WebDriver or Configuration issue
	at org.fluentlenium.core.search.SearchTest.before(SearchTest.java:59)

findPostSelectorFilterWithElementThatDontMatch(org.fluentlenium.core.search.SearchTest)  Time elapsed: 0.001 sec  <<< ERROR!
java.lang.IllegalStateException: FluentControl is not initialized, WebDriver or Configuration issue
	at org.fluentlenium.core.search.SearchTest.before(SearchTest.java:59)

findCheckCssIsWellFormed(org.fluentlenium.core.search.SearchTest)  Time elapsed: 0 sec  <<< ERROR!
java.lang.IllegalStateException: FluentControl is not initialized, WebDriver or Configuration issue
	at org.fluentlenium.core.search.SearchTest.before(SearchTest.java:59)

shouldThrowErrorWhenFirstNotFound(org.fluentlenium.core.search.SearchTest)  Time elapsed: 0 sec  <<< ERROR!
java.lang.IllegalStateException: FluentControl is not initialized, WebDriver or Configuration issue
	at org.fluentlenium.core.search.SearchTest.before(SearchTest.java:59)

shouldThrowErrorWhenPositionNotFound(org.fluentlenium.core.search.SearchTest)  Time elapsed: 0.001 sec  <<< ERROR!
java.lang.IllegalStateException: FluentControl is not initialized, WebDriver or Configuration issue
	at org.fluentlenium.core.search.SearchTest.before(SearchTest.java:59)

findCheckCssIsWellFormedWithPostSelectorAndByLocator(org.fluentlenium.core.search.SearchTest)  Time elapsed: 0 sec  <<< ERROR!
java.lang.IllegalStateException: FluentControl is not initialized, WebDriver or Configuration issue
	at org.fluentlenium.core.search.SearchTest.before(SearchTest.java:59)

findFirstShouldReturnFirst(org.fluentlenium.core.search.SearchTest)  Time elapsed: 0 sec  <<< ERROR!
java.lang.IllegalStateException: FluentControl is not initialized, WebDriver or Configuration issue
	at org.fluentlenium.core.search.SearchTest.before(SearchTest.java:59)

findPostSelectorFilterWithElementThatMatch(org.fluentlenium.core.search.SearchTest)  Time elapsed: 0.001 sec  <<< ERROR!
java.lang.IllegalStateException: FluentControl is not initialized, WebDriver or Configuration issue
	at org.fluentlenium.core.search.SearchTest.before(SearchTest.java:59)

Running org.fluentlenium.core.conditions.WebElementConditionsTest
Tests run: 12, Failures: 0, Errors: 12, Skipped: 0, Time elapsed: 0.009 sec <<< FAILURE! - in org.fluentlenium.core.conditions.WebElementConditionsTest
containsText(org.fluentlenium.core.conditions.WebElementConditionsTest)  Time elapsed: 0.001 sec  <<< ERROR!
java.lang.IllegalStateException: FluentControl is not initialized, WebDriver or Configuration issue
	at org.fluentlenium.core.conditions.WebElementConditionsTest.before(WebElementConditionsTest.java:37)

hasAttribute(org.fluentlenium.core.conditions.WebElementConditionsTest)  Time elapsed: 0.001 sec  <<< ERROR!
java.lang.IllegalStateException: FluentControl is not initialized, WebDriver or Configuration issue
	at org.fluentlenium.core.conditions.WebElementConditionsTest.before(WebElementConditionsTest.java:37)

isClickable(org.fluentlenium.core.conditions.WebElementConditionsTest)  Time elapsed: 0 sec  <<< ERROR!
java.lang.IllegalStateException: FluentControl is not initialized, WebDriver or Configuration issue
	at org.fluentlenium.core.conditions.WebElementConditionsTest.before(WebElementConditionsTest.java:37)

className(org.fluentlenium.core.conditions.WebElementConditionsTest)  Time elapsed: 0 sec  <<< ERROR!
java.lang.IllegalStateException: FluentControl is not initialized, WebDriver or Configuration issue
	at org.fluentlenium.core.conditions.WebElementConditionsTest.before(WebElementConditionsTest.java:37)

hasId(org.fluentlenium.core.conditions.WebElementConditionsTest)  Time elapsed: 0.001 sec  <<< ERROR!
java.lang.IllegalStateException: FluentControl is not initialized, WebDriver or Configuration issue
	at org.fluentlenium.core.conditions.WebElementConditionsTest.before(WebElementConditionsTest.java:37)

isSelected(org.fluentlenium.core.conditions.WebElementConditionsTest)  Time elapsed: 0.001 sec  <<< ERROR!
java.lang.IllegalStateException: FluentControl is not initialized, WebDriver or Configuration issue
	at org.fluentlenium.core.conditions.WebElementConditionsTest.before(WebElementConditionsTest.java:37)

hasName(org.fluentlenium.core.conditions.WebElementConditionsTest)  Time elapsed: 0 sec  <<< ERROR!
java.lang.IllegalStateException: FluentControl is not initialized, WebDriver or Configuration issue
	at org.fluentlenium.core.conditions.WebElementConditionsTest.before(WebElementConditionsTest.java:37)

hasText(org.fluentlenium.core.conditions.WebElementConditionsTest)  Time elapsed: 0 sec  <<< ERROR!
java.lang.IllegalStateException: FluentControl is not initialized, WebDriver or Configuration issue
	at org.fluentlenium.core.conditions.WebElementConditionsTest.before(WebElementConditionsTest.java:37)

isDisplayed(org.fluentlenium.core.conditions.WebElementConditionsTest)  Time elapsed: 0.001 sec  <<< ERROR!
java.lang.IllegalStateException: FluentControl is not initialized, WebDriver or Configuration issue
	at org.fluentlenium.core.conditions.WebElementConditionsTest.before(WebElementConditionsTest.java:37)

isVerified(org.fluentlenium.core.conditions.WebElementConditionsTest)  Time elapsed: 0 sec  <<< ERROR!
java.lang.IllegalStateException: FluentControl is not initialized, WebDriver or Configuration issue
	at org.fluentlenium.core.conditions.WebElementConditionsTest.before(WebElementConditionsTest.java:37)

isStale(org.fluentlenium.core.conditions.WebElementConditionsTest)  Time elapsed: 0 sec  <<< ERROR!
java.lang.IllegalStateException: FluentControl is not initialized, WebDriver or Configuration issue
	at org.fluentlenium.core.conditions.WebElementConditionsTest.before(WebElementConditionsTest.java:37)

isEnabled(org.fluentlenium.core.conditions.WebElementConditionsTest)  Time elapsed: 0.001 sec  <<< ERROR!
java.lang.IllegalStateException: FluentControl is not initialized, WebDriver or Configuration issue
	at org.fluentlenium.core.conditions.WebElementConditionsTest.before(WebElementConditionsTest.java:37)

Running org.fluentlenium.core.domain.FluentListImplTest
Tests run: 16, Failures: 0, Errors: 16, Skipped: 0, Time elapsed: 0.011 sec <<< FAILURE! - in org.fluentlenium.core.domain.FluentListImplTest
testNowFalse(org.fluentlenium.core.domain.FluentListImplTest)  Time elapsed: 0 sec  <<< ERROR!
java.lang.IllegalStateException: FluentControl is not initialized, WebDriver or Configuration issue
	at org.fluentlenium.core.domain.FluentListImplTest.before(FluentListImplTest.java:50)

testProperties(org.fluentlenium.core.domain.FluentListImplTest)  Time elapsed: 0.001 sec  <<< ERROR!
java.lang.IllegalStateException: FluentControl is not initialized, WebDriver or Configuration issue
	at org.fluentlenium.core.domain.FluentListImplTest.before(FluentListImplTest.java:50)

testOne(org.fluentlenium.core.domain.FluentListImplTest)  Time elapsed: 0 sec  <<< ERROR!
java.lang.IllegalStateException: FluentControl is not initialized, WebDriver or Configuration issue
	at org.fluentlenium.core.domain.FluentListImplTest.before(FluentListImplTest.java:50)

testClick(org.fluentlenium.core.domain.FluentListImplTest)  Time elapsed: 0 sec  <<< ERROR!
java.lang.IllegalStateException: FluentControl is not initialized, WebDriver or Configuration issue
	at org.fluentlenium.core.domain.FluentListImplTest.before(FluentListImplTest.java:50)

testFirst(org.fluentlenium.core.domain.FluentListImplTest)  Time elapsed: 0 sec  <<< ERROR!
java.lang.IllegalStateException: FluentControl is not initialized, WebDriver or Configuration issue
	at org.fluentlenium.core.domain.FluentListImplTest.before(FluentListImplTest.java:50)

testEach(org.fluentlenium.core.domain.FluentListImplTest)  Time elapsed: 0 sec  <<< ERROR!
java.lang.IllegalStateException: FluentControl is not initialized, WebDriver or Configuration issue
	at org.fluentlenium.core.domain.FluentListImplTest.before(FluentListImplTest.java:50)

testFind(org.fluentlenium.core.domain.FluentListImplTest)  Time elapsed: 0 sec  <<< ERROR!
java.lang.IllegalStateException: FluentControl is not initialized, WebDriver or Configuration issue
	at org.fluentlenium.core.domain.FluentListImplTest.before(FluentListImplTest.java:50)

testLast(org.fluentlenium.core.domain.FluentListImplTest)  Time elapsed: 0 sec  <<< ERROR!
java.lang.IllegalStateException: FluentControl is not initialized, WebDriver or Configuration issue
	at org.fluentlenium.core.domain.FluentListImplTest.before(FluentListImplTest.java:50)

testText(org.fluentlenium.core.domain.FluentListImplTest)  Time elapsed: 0.001 sec  <<< ERROR!
java.lang.IllegalStateException: FluentControl is not initialized, WebDriver or Configuration issue
	at org.fluentlenium.core.domain.FluentListImplTest.before(FluentListImplTest.java:50)

testAs(org.fluentlenium.core.domain.FluentListImplTest)  Time elapsed: 0 sec  <<< ERROR!
java.lang.IllegalStateException: FluentControl is not initialized, WebDriver or Configuration issue
	at org.fluentlenium.core.domain.FluentListImplTest.before(FluentListImplTest.java:50)

testClearAll(org.fluentlenium.core.domain.FluentListImplTest)  Time elapsed: 0 sec  <<< ERROR!
java.lang.IllegalStateException: FluentControl is not initialized, WebDriver or Configuration issue
	at org.fluentlenium.core.domain.FluentListImplTest.before(FluentListImplTest.java:50)

testSingle(org.fluentlenium.core.domain.FluentListImplTest)  Time elapsed: 0 sec  <<< ERROR!
java.lang.IllegalStateException: FluentControl is not initialized, WebDriver or Configuration issue
	at org.fluentlenium.core.domain.FluentListImplTest.before(FluentListImplTest.java:50)

testSubmit(org.fluentlenium.core.domain.FluentListImplTest)  Time elapsed: 0.001 sec  <<< ERROR!
java.lang.IllegalStateException: FluentControl is not initialized, WebDriver or Configuration issue
	at org.fluentlenium.core.domain.FluentListImplTest.before(FluentListImplTest.java:50)

testNowTrue(org.fluentlenium.core.domain.FluentListImplTest)  Time elapsed: 0.001 sec  <<< ERROR!
java.lang.IllegalStateException: FluentControl is not initialized, WebDriver or Configuration issue
	at org.fluentlenium.core.domain.FluentListImplTest.before(FluentListImplTest.java:50)

testDoubleClick(org.fluentlenium.core.domain.FluentListImplTest)  Time elapsed: 0 sec  <<< ERROR!
java.lang.IllegalStateException: FluentControl is not initialized, WebDriver or Configuration issue
	at org.fluentlenium.core.domain.FluentListImplTest.before(FluentListImplTest.java:50)

testContextClick(org.fluentlenium.core.domain.FluentListImplTest)  Time elapsed: 0.001 sec  <<< ERROR!
java.lang.IllegalStateException: FluentControl is not initialized, WebDriver or Configuration issue
	at org.fluentlenium.core.domain.FluentListImplTest.before(FluentListImplTest.java:50)

Running org.fluentlenium.adapter.FluentTestRunnerAdapterTest
Tests run: 5, Failures: 0, Errors: 4, Skipped: 0, Time elapsed: 0.136 sec <<< FAILURE! - in org.fluentlenium.adapter.FluentTestRunnerAdapterTest
testFailedWhenDriverAvailable(org.fluentlenium.adapter.FluentTestRunnerAdapterTest)  Time elapsed: 0.001 sec  <<< ERROR!
java.lang.IllegalStateException: FluentControl is not initialized, WebDriver or Configuration issue
	at org.fluentlenium.adapter.FluentTestRunnerAdapterTest.testFailedWhenDriverAvailable(FluentTestRunnerAdapterTest.java:84)

testFailedWhenNoDriverAvailable(org.fluentlenium.adapter.FluentTestRunnerAdapterTest)  Time elapsed: 0.001 sec  <<< ERROR!
java.lang.IllegalStateException: FluentControl is not initialized, WebDriver or Configuration issue
	at org.fluentlenium.adapter.FluentTestRunnerAdapterTest.testFailedWhenNoDriverAvailable(FluentTestRunnerAdapterTest.java:56)

testStartingFinish(org.fluentlenium.adapter.FluentTestRunnerAdapterTest)  Time elapsed: 0.048 sec  <<< ERROR!
java.lang.IllegalStateException: FluentControl is not initialized, WebDriver or Configuration issue
	at org.fluentlenium.adapter.FluentTestRunnerAdapterTest.testStartingFinish(FluentTestRunnerAdapterTest.java:39)

testStartingFinishWithName(org.fluentlenium.adapter.FluentTestRunnerAdapterTest)  Time elapsed: 0.081 sec  <<< ERROR!
java.lang.IllegalStateException: FluentControl is not initialized, WebDriver or Configuration issue
	at org.fluentlenium.adapter.FluentTestRunnerAdapterTest.testStartingFinishWithName(FluentTestRunnerAdapterTest.java:48)

Running org.fluentlenium.core.inject.FluentInjectorContainerTest
Tests run: 4, Failures: 0, Errors: 4, Skipped: 0, Time elapsed: 0.002 sec <<< FAILURE! - in org.fluentlenium.core.inject.FluentInjectorContainerTest
testInjectConstructorInitialise(org.fluentlenium.core.inject.FluentInjectorContainerTest)  Time elapsed: 0 sec  <<< ERROR!
java.lang.IllegalStateException: FluentControl is not initialized, WebDriver or Configuration issue
	at org.fluentlenium.core.inject.FluentInjectorContainerTest.before(FluentInjectorContainerTest.java:29)

testInjectInitialise(org.fluentlenium.core.inject.FluentInjectorContainerTest)  Time elapsed: 0.001 sec  <<< ERROR!
java.lang.IllegalStateException: FluentControl is not initialized, WebDriver or Configuration issue
	at org.fluentlenium.core.inject.FluentInjectorContainerTest.before(FluentInjectorContainerTest.java:29)

testInjectRecursiveContainers(org.fluentlenium.core.inject.FluentInjectorContainerTest)  Time elapsed: 0 sec  <<< ERROR!
java.lang.IllegalStateException: FluentControl is not initialized, WebDriver or Configuration issue
	at org.fluentlenium.core.inject.FluentInjectorContainerTest.before(FluentInjectorContainerTest.java:29)

testInjectChildContainer(org.fluentlenium.core.inject.FluentInjectorContainerTest)  Time elapsed: 0 sec  <<< ERROR!
java.lang.IllegalStateException: FluentControl is not initialized, WebDriver or Configuration issue
	at org.fluentlenium.core.inject.FluentInjectorContainerTest.before(FluentInjectorContainerTest.java:29)

Running org.fluentlenium.core.inject.FluentInjectorComponentTest
Tests run: 2, Failures: 0, Errors: 2, Skipped: 0, Time elapsed: 0.001 sec <<< FAILURE! - in org.fluentlenium.core.inject.FluentInjectorComponentTest
testHierarchy(org.fluentlenium.core.inject.FluentInjectorComponentTest)  Time elapsed: 0.001 sec  <<< ERROR!
java.lang.IllegalStateException: FluentControl is not initialized, WebDriver or Configuration issue
	at org.fluentlenium.core.inject.FluentInjectorComponentTest.before(FluentInjectorComponentTest.java:39)

testLazyness(org.fluentlenium.core.inject.FluentInjectorComponentTest)  Time elapsed: 0 sec  <<< ERROR!
java.lang.IllegalStateException: FluentControl is not initialized, WebDriver or Configuration issue
	at org.fluentlenium.core.inject.FluentInjectorComponentTest.before(FluentInjectorComponentTest.java:39)

Running org.fluentlenium.core.hook.BaseFluentHookTest
Tests run: 1, Failures: 0, Errors: 1, Skipped: 0, Time elapsed: 0.003 sec <<< FAILURE! - in org.fluentlenium.core.hook.BaseFluentHookTest
testFluentWebElement(org.fluentlenium.core.hook.BaseFluentHookTest)  Time elapsed: 0.003 sec  <<< ERROR!
java.lang.IllegalStateException: FluentControl is not initialized, WebDriver or Configuration issue
	at org.fluentlenium.core.hook.BaseFluentHookTest.before(BaseFluentHookTest.java:42)

Running org.fluentlenium.core.dom.DomTest
Tests run: 7, Failures: 0, Errors: 7, Skipped: 0, Time elapsed: 0.011 sec <<< FAILURE! - in org.fluentlenium.core.dom.DomTest
testDescendants(org.fluentlenium.core.dom.DomTest)  Time elapsed: 0.001 sec  <<< ERROR!
java.lang.IllegalStateException: FluentControl is not initialized, WebDriver or Configuration issue
	at org.fluentlenium.core.dom.DomTest.before(DomTest.java:37)

testPrecedingSiblings(org.fluentlenium.core.dom.DomTest)  Time elapsed: 0.001 sec  <<< ERROR!
java.lang.IllegalStateException: FluentControl is not initialized, WebDriver or Configuration issue
	at org.fluentlenium.core.dom.DomTest.before(DomTest.java:37)

testPrecedings(org.fluentlenium.core.dom.DomTest)  Time elapsed: 0.001 sec  <<< ERROR!
java.lang.IllegalStateException: FluentControl is not initialized, WebDriver or Configuration issue
	at org.fluentlenium.core.dom.DomTest.before(DomTest.java:37)

testAncestors(org.fluentlenium.core.dom.DomTest)  Time elapsed: 0.001 sec  <<< ERROR!
java.lang.IllegalStateException: FluentControl is not initialized, WebDriver or Configuration issue
	at org.fluentlenium.core.dom.DomTest.before(DomTest.java:37)

testFollowingSiblings(org.fluentlenium.core.dom.DomTest)  Time elapsed: 0.001 sec  <<< ERROR!
java.lang.IllegalStateException: FluentControl is not initialized, WebDriver or Configuration issue
	at org.fluentlenium.core.dom.DomTest.before(DomTest.java:37)

testFollowings(org.fluentlenium.core.dom.DomTest)  Time elapsed: 0 sec  <<< ERROR!
java.lang.IllegalStateException: FluentControl is not initialized, WebDriver or Configuration issue
	at org.fluentlenium.core.dom.DomTest.before(DomTest.java:37)

testParent(org.fluentlenium.core.dom.DomTest)  Time elapsed: 0.001 sec  <<< ERROR!
java.lang.IllegalStateException: FluentControl is not initialized, WebDriver or Configuration issue
	at org.fluentlenium.core.dom.DomTest.before(DomTest.java:37)

Running org.fluentlenium.core.action.FillSelectTest
Tests run: 3, Failures: 0, Errors: 3, Skipped: 0, Time elapsed: 0.002 sec <<< FAILURE! - in org.fluentlenium.core.action.FillSelectTest
testFillCss(org.fluentlenium.core.action.FillSelectTest)  Time elapsed: 0.001 sec  <<< ERROR!
java.lang.IllegalStateException: FluentControl is not initialized, WebDriver or Configuration issue
	at org.fluentlenium.core.action.FillSelectTest.before(FillSelectTest.java:54)

testFillElement(org.fluentlenium.core.action.FillSelectTest)  Time elapsed: 0.001 sec  <<< ERROR!
java.lang.IllegalStateException: FluentControl is not initialized, WebDriver or Configuration issue
	at org.fluentlenium.core.action.FillSelectTest.before(FillSelectTest.java:54)

testFillList(org.fluentlenium.core.action.FillSelectTest)  Time elapsed: 0 sec  <<< ERROR!
java.lang.IllegalStateException: FluentControl is not initialized, WebDriver or Configuration issue
	at org.fluentlenium.core.action.FillSelectTest.before(FillSelectTest.java:54)

Running org.fluentlenium.core.conditions.RectangleConditionsTest
Tests run: 9, Failures: 0, Errors: 9, Skipped: 0, Time elapsed: 0.011 sec <<< FAILURE! - in org.fluentlenium.core.conditions.RectangleConditionsTest
withPositionAndDimension(org.fluentlenium.core.conditions.RectangleConditionsTest)  Time elapsed: 0.002 sec  <<< ERROR!
java.lang.IllegalStateException: FluentControl is not initialized, WebDriver or Configuration issue
	at org.fluentlenium.core.conditions.RectangleConditionsTest.before(RectangleConditionsTest.java:58)

withPosition(org.fluentlenium.core.conditions.RectangleConditionsTest)  Time elapsed: 0 sec  <<< ERROR!
java.lang.IllegalStateException: FluentControl is not initialized, WebDriver or Configuration issue
	at org.fluentlenium.core.conditions.RectangleConditionsTest.before(RectangleConditionsTest.java:58)

withDimension(org.fluentlenium.core.conditions.RectangleConditionsTest)  Time elapsed: 0.001 sec  <<< ERROR!
java.lang.IllegalStateException: FluentControl is not initialized, WebDriver or Configuration issue
	at org.fluentlenium.core.conditions.RectangleConditionsTest.before(RectangleConditionsTest.java:58)

withX(org.fluentlenium.core.conditions.RectangleConditionsTest)  Time elapsed: 0.001 sec  <<< ERROR!
java.lang.IllegalStateException: FluentControl is not initialized, WebDriver or Configuration issue
	at org.fluentlenium.core.conditions.RectangleConditionsTest.before(RectangleConditionsTest.java:58)

withY(org.fluentlenium.core.conditions.RectangleConditionsTest)  Time elapsed: 0 sec  <<< ERROR!
java.lang.IllegalStateException: FluentControl is not initialized, WebDriver or Configuration issue
	at org.fluentlenium.core.conditions.RectangleConditionsTest.before(RectangleConditionsTest.java:58)

withWidth(org.fluentlenium.core.conditions.RectangleConditionsTest)  Time elapsed: 0.001 sec  <<< ERROR!
java.lang.IllegalStateException: FluentControl is not initialized, WebDriver or Configuration issue
	at org.fluentlenium.core.conditions.RectangleConditionsTest.before(RectangleConditionsTest.java:58)

notHasRectangleWithX(org.fluentlenium.core.conditions.RectangleConditionsTest)  Time elapsed: 0.001 sec  <<< ERROR!
java.lang.IllegalStateException: FluentControl is not initialized, WebDriver or Configuration issue
	at org.fluentlenium.core.conditions.RectangleConditionsTest.before(RectangleConditionsTest.java:58)

notWithX(org.fluentlenium.core.conditions.RectangleConditionsTest)  Time elapsed: 0.001 sec  <<< ERROR!
java.lang.IllegalStateException: FluentControl is not initialized, WebDriver or Configuration issue
	at org.fluentlenium.core.conditions.RectangleConditionsTest.before(RectangleConditionsTest.java:58)

withHeight(org.fluentlenium.core.conditions.RectangleConditionsTest)  Time elapsed: 0.001 sec  <<< ERROR!
java.lang.IllegalStateException: FluentControl is not initialized, WebDriver or Configuration issue
	at org.fluentlenium.core.conditions.RectangleConditionsTest.before(RectangleConditionsTest.java:58)

Running org.fluentlenium.adapter.IsolatedTestTest
Tests run: 1, Failures: 0, Errors: 1, Skipped: 0, Time elapsed: 0.003 sec <<< FAILURE! - in org.fluentlenium.adapter.IsolatedTestTest
testIsolated(org.fluentlenium.adapter.IsolatedTestTest)  Time elapsed: 0.003 sec  <<< ERROR!
java.lang.IllegalStateException: FluentControl is not initialized, WebDriver or Configuration issue
	at org.fluentlenium.adapter.IsolatedTestTest.testIsolated(IsolatedTestTest.java:63)

Running org.fluentlenium.core.action.FillTest
Tests run: 2, Failures: 0, Errors: 2, Skipped: 0, Time elapsed: 0.002 sec <<< FAILURE! - in org.fluentlenium.core.action.FillTest
testFillElement(org.fluentlenium.core.action.FillTest)  Time elapsed: 0.001 sec  <<< ERROR!
java.lang.IllegalStateException: FluentControl is not initialized, WebDriver or Configuration issue
	at org.fluentlenium.core.action.FillTest.before(FillTest.java:50)

testFillList(org.fluentlenium.core.action.FillTest)  Time elapsed: 0.001 sec  <<< ERROR!
java.lang.IllegalStateException: FluentControl is not initialized, WebDriver or Configuration issue
	at org.fluentlenium.core.action.FillTest.before(FillTest.java:50)

Running org.fluentlenium.core.inject.FluentInjectorListComponentTest
Tests run: 1, Failures: 0, Errors: 1, Skipped: 0, Time elapsed: 0.001 sec <<< FAILURE! - in org.fluentlenium.core.inject.FluentInjectorListComponentTest
testListComponent(org.fluentlenium.core.inject.FluentInjectorListComponentTest)  Time elapsed: 0.001 sec  <<< ERROR!
java.lang.IllegalStateException: FluentControl is not initialized, WebDriver or Configuration issue
	at org.fluentlenium.core.inject.FluentInjectorListComponentTest.before(FluentInjectorListComponentTest.java:36)

Running org.fluentlenium.core.hook.BaseHookTest
Tests run: 5, Failures: 0, Errors: 5, Skipped: 0, Time elapsed: 0.007 sec <<< FAILURE! - in org.fluentlenium.core.hook.BaseHookTest
testDelegatesLocator(org.fluentlenium.core.hook.BaseHookTest)  Time elapsed: 0.001 sec  <<< ERROR!
java.lang.IllegalStateException: FluentControl is not initialized, WebDriver or Configuration issue
	at org.fluentlenium.core.hook.BaseHookTest.before(BaseHookTest.java:43)

testNoOptionHook(org.fluentlenium.core.hook.BaseHookTest)  Time elapsed: 0.001 sec  <<< ERROR!
java.lang.IllegalStateException: FluentControl is not initialized, WebDriver or Configuration issue
	at org.fluentlenium.core.hook.BaseHookTest.before(BaseHookTest.java:43)

testGetters(org.fluentlenium.core.hook.BaseHookTest)  Time elapsed: 0.001 sec  <<< ERROR!
java.lang.IllegalStateException: FluentControl is not initialized, WebDriver or Configuration issue
	at org.fluentlenium.core.hook.BaseHookTest.before(BaseHookTest.java:43)

testDelegatesElement(org.fluentlenium.core.hook.BaseHookTest)  Time elapsed: 0.001 sec  <<< ERROR!
java.lang.IllegalStateException: FluentControl is not initialized, WebDriver or Configuration issue
	at org.fluentlenium.core.hook.BaseHookTest.before(BaseHookTest.java:43)

testNoOptionHookWithoutDefault(org.fluentlenium.core.hook.BaseHookTest)  Time elapsed: 0.001 sec  <<< ERROR!
java.lang.IllegalStateException: FluentControl is not initialized, WebDriver or Configuration issue
	at org.fluentlenium.core.hook.BaseHookTest.before(BaseHookTest.java:43)


Results :

Tests in error: 
  FluentAdapterTest.deletagesToWebDriverWhenInitialized:39 » IllegalState Fluent...
  FluentAdapterTest.isDriverAvailableBehavesAsExpected:29 » IllegalState FluentC...
  FluentAdapterTest.registeringSameDriverDoesntThrowException:64 » IllegalState ...
  FluentAdapterTest.registeringSameDriverMultipleTimeDoesntThrowException:48 » IllegalState
  FluentAdapterTest.shouldNewWebDriverCreateNewInstances:103 » IllegalState Flue...
  FluentTestRunnerAdapterTest.testFailedWhenDriverAvailable:84 » IllegalState Fl...
  FluentTestRunnerAdapterTest.testFailedWhenNoDriverAvailable:56 » IllegalState ...
  FluentTestRunnerAdapterTest.testStartingFinish:39 » IllegalState FluentControl...
  FluentTestRunnerAdapterTest.testStartingFinishWithName:48 » IllegalState Fluen...
  IsolatedTestTest.testIsolated:63 » IllegalState FluentControl is not initializ...
org.fluentlenium.core.ScreenshotTest.whenBrowserDoesAcceptScreenshotThenNoException(org.fluentlenium.core.ScreenshotTest)
  Run 1: ScreenshotTest.whenBrowserDoesAcceptScreenshotThenNoException:36 » IllegalState
  Run 2: ScreenshotTest.release:42 » IllegalState FluentControl is not initialized, Web...

org.fluentlenium.core.ScreenshotTest.whenBrowserDoesntAcceptScreenshotThenCustomError(org.fluentlenium.core.ScreenshotTest)
  Run 1: ScreenshotTest.whenBrowserDoesntAcceptScreenshotThenCustomError »  Unexpected ...
  Run 2: ScreenshotTest.release:42 » IllegalState FluentControl is not initialized, Web...

  FillSelectTest.before:54 » IllegalState FluentControl is not initialized, WebD...
  FillSelectTest.before:54 » IllegalState FluentControl is not initialized, WebD...
  FillSelectTest.before:54 » IllegalState FluentControl is not initialized, WebD...
  FillTest.before:50 » IllegalState FluentControl is not initialized, WebDriver ...
  FillTest.before:50 » IllegalState FluentControl is not initialized, WebDriver ...
  IntegerListConditionsTest.before:46 » IllegalState FluentControl is not initia...
  IntegerListConditionsTest.before:46 » IllegalState FluentControl is not initia...
  RectangleConditionsTest.before:58 » IllegalState FluentControl is not initiali...
  RectangleConditionsTest.before:58 » IllegalState FluentControl is not initiali...
  RectangleConditionsTest.before:58 » IllegalState FluentControl is not initiali...
  RectangleConditionsTest.before:58 » IllegalState FluentControl is not initiali...
  RectangleConditionsTest.before:58 » IllegalState FluentControl is not initiali...
  RectangleConditionsTest.before:58 » IllegalState FluentControl is not initiali...
  RectangleConditionsTest.before:58 » IllegalState FluentControl is not initiali...
  RectangleConditionsTest.before:58 » IllegalState FluentControl is not initiali...
  RectangleConditionsTest.before:58 » IllegalState FluentControl is not initiali...
  RectangleListConditionsTest.before:46 » IllegalState FluentControl is not init...
  RectangleListConditionsTest.before:46 » IllegalState FluentControl is not init...
  WebElementConditionsTest.before:37 » IllegalState FluentControl is not initial...
  WebElementConditionsTest.before:37 » IllegalState FluentControl is not initial...
  WebElementConditionsTest.before:37 » IllegalState FluentControl is not initial...
  WebElementConditionsTest.before:37 » IllegalState FluentControl is not initial...
  WebElementConditionsTest.before:37 » IllegalState FluentControl is not initial...
  WebElementConditionsTest.before:37 » IllegalState FluentControl is not initial...
  WebElementConditionsTest.before:37 » IllegalState FluentControl is not initial...
  WebElementConditionsTest.before:37 » IllegalState FluentControl is not initial...
  WebElementConditionsTest.before:37 » IllegalState FluentControl is not initial...
  WebElementConditionsTest.before:37 » IllegalState FluentControl is not initial...
  WebElementConditionsTest.before:37 » IllegalState FluentControl is not initial...
  WebElementConditionsTest.before:37 » IllegalState FluentControl is not initial...
  DomTest.before:37 » IllegalState FluentControl is not initialized, WebDriver o...
  DomTest.before:37 » IllegalState FluentControl is not initialized, WebDriver o...
  DomTest.before:37 » IllegalState FluentControl is not initialized, WebDriver o...
  DomTest.before:37 » IllegalState FluentControl is not initialized, WebDriver o...
  DomTest.before:37 » IllegalState FluentControl is not initialized, WebDriver o...
  DomTest.before:37 » IllegalState FluentControl is not initialized, WebDriver o...
  DomTest.before:37 » IllegalState FluentControl is not initialized, WebDriver o...
  FluentListImplTest.before:50 » IllegalState FluentControl is not initialized, ...
  FluentListImplTest.before:50 » IllegalState FluentControl is not initialized, ...
  FluentListImplTest.before:50 » IllegalState FluentControl is not initialized, ...
  FluentListImplTest.before:50 » IllegalState FluentControl is not initialized, ...
  FluentListImplTest.before:50 » IllegalState FluentControl is not initialized, ...
  FluentListImplTest.before:50 » IllegalState FluentControl is not initialized, ...
  FluentListImplTest.before:50 » IllegalState FluentControl is not initialized, ...
  FluentListImplTest.before:50 » IllegalState FluentControl is not initialized, ...
  FluentListImplTest.before:50 » IllegalState FluentControl is not initialized, ...
  FluentListImplTest.before:50 » IllegalState FluentControl is not initialized, ...
  FluentListImplTest.before:50 » IllegalState FluentControl is not initialized, ...
  FluentListImplTest.before:50 » IllegalState FluentControl is not initialized, ...
  FluentListImplTest.before:50 » IllegalState FluentControl is not initialized, ...
  FluentListImplTest.before:50 » IllegalState FluentControl is not initialized, ...
  FluentListImplTest.before:50 » IllegalState FluentControl is not initialized, ...
  FluentListImplTest.before:50 » IllegalState FluentControl is not initialized, ...
  FluentListSearchTest.before:47 » IllegalState FluentControl is not initialized...
  FluentListSearchTest.before:47 » IllegalState FluentControl is not initialized...
  FluentListSearchTest.before:47 » IllegalState FluentControl is not initialized...
  FluentListSearchTest.before:47 » IllegalState FluentControl is not initialized...
  FluentListSearchTest.before:47 » IllegalState FluentControl is not initialized...
  FluentListSearchTest.before:47 » IllegalState FluentControl is not initialized...
  FluentWebElementTest.before:61 » IllegalState FluentControl is not initialized...
  FluentWebElementTest.before:61 » IllegalState FluentControl is not initialized...
  FluentWebElementTest.before:61 » IllegalState FluentControl is not initialized...
  FluentWebElementTest.before:61 » IllegalState FluentControl is not initialized...
  FluentWebElementTest.before:61 » IllegalState FluentControl is not initialized...
  FluentWebElementTest.before:61 » IllegalState FluentControl is not initialized...
  FluentWebElementTest.before:61 » IllegalState FluentControl is not initialized...
  FluentWebElementTest.before:61 » IllegalState FluentControl is not initialized...
  FluentWebElementTest.before:61 » IllegalState FluentControl is not initialized...
  FluentWebElementTest.before:61 » IllegalState FluentControl is not initialized...
  FluentWebElementTest.before:61 » IllegalState FluentControl is not initialized...
  FluentWebElementTest.before:61 » IllegalState FluentControl is not initialized...
  FluentWebElementTest.before:61 » IllegalState FluentControl is not initialized...
  FluentWebElementTest.before:61 » IllegalState FluentControl is not initialized...
  FluentWebElementTest.before:61 » IllegalState FluentControl is not initialized...
  FluentWebElementTest.before:61 » IllegalState FluentControl is not initialized...
  FluentWebElementTest.before:61 » IllegalState FluentControl is not initialized...
  FluentWebElementTest.before:61 » IllegalState FluentControl is not initialized...
  FluentWebElementTest.before:61 » IllegalState FluentControl is not initialized...
  FluentWebElementTest.before:61 » IllegalState FluentControl is not initialized...
  FluentWebElementTest.before:61 » IllegalState FluentControl is not initialized...
  FluentWebElementTest.before:61 » IllegalState FluentControl is not initialized...
  FluentWebElementTest.before:61 » IllegalState FluentControl is not initialized...
  FluentWebElementTest.before:61 » IllegalState FluentControl is not initialized...
  FluentWebElementTest.before:61 » IllegalState FluentControl is not initialized...
  FluentWebElementTest.before:61 » IllegalState FluentControl is not initialized...
  FluentWebElementTest.before:61 » IllegalState FluentControl is not initialized...
  FluentWebElementTest.before:61 » IllegalState FluentControl is not initialized...
  FluentWebElementTest.before:61 » IllegalState FluentControl is not initialized...
  FluentWebElementTest.before:61 » IllegalState FluentControl is not initialized...
  FluentWebElementTest.before:61 » IllegalState FluentControl is not initialized...
  FluentWebElementTest.before:61 » IllegalState FluentControl is not initialized...
  FluentWebElementTest.before:61 » IllegalState FluentControl is not initialized...
  FluentWebElementTest.before:61 » IllegalState FluentControl is not initialized...
  FluentWebElementTest.before:61 » IllegalState FluentControl is not initialized...
  FluentWebElementTest.before:61 » IllegalState FluentControl is not initialized...
  EventsTest.before:63 » IllegalState FluentControl is not initialized, WebDrive...
  EventsTest.before:63 » IllegalState FluentControl is not initialized, WebDrive...
  EventsTest.before:63 » IllegalState FluentControl is not initialized, WebDrive...
  EventsTest.before:63 » IllegalState FluentControl is not initialized, WebDrive...
  EventsTest.before:63 » IllegalState FluentControl is not initialized, WebDrive...
  BaseFluentHookTest.before:42 » IllegalState FluentControl is not initialized, ...
  BaseHookTest.before:43 » IllegalState FluentControl is not initialized, WebDri...
  BaseHookTest.before:43 » IllegalState FluentControl is not initialized, WebDri...
  BaseHookTest.before:43 » IllegalState FluentControl is not initialized, WebDri...
  BaseHookTest.before:43 » IllegalState FluentControl is not initialized, WebDri...
  BaseHookTest.before:43 » IllegalState FluentControl is not initialized, WebDri...
  DefaultHookChainBuilderTest.before:47 » IllegalState FluentControl is not init...
  DefaultHookChainBuilderTest.before:47 » IllegalState FluentControl is not init...
  DefaultHookChainBuilderTest.before:47 » IllegalState FluentControl is not init...
  SearchHookTest.before:42 » IllegalState FluentControl is not initialized, WebD...
  SearchHookTest.before:42 » IllegalState FluentControl is not initialized, WebD...
  SearchHookTest.before:42 » IllegalState FluentControl is not initialized, WebD...
  SearchHookTest.before:42 » IllegalState FluentControl is not initialized, WebD...
  SearchHookTest.before:42 » IllegalState FluentControl is not initialized, WebD...
  SearchHookTest.before:42 » IllegalState FluentControl is not initialized, WebD...
  SearchHookTest.before:42 » IllegalState FluentControl is not initialized, WebD...
  SearchHookTest.before:42 » IllegalState FluentControl is not initialized, WebD...
  SearchHookTest.before:42 » IllegalState FluentControl is not initialized, WebD...
  SearchHookTest.before:42 » IllegalState FluentControl is not initialized, WebD...
  FluentInjectorComponentTest.before:39 » IllegalState FluentControl is not init...
  FluentInjectorComponentTest.before:39 » IllegalState FluentControl is not init...
  FluentInjectorContainerTest.before:29 » IllegalState FluentControl is not init...
  FluentInjectorContainerTest.before:29 » IllegalState FluentControl is not init...
  FluentInjectorContainerTest.before:29 » IllegalState FluentControl is not init...
  FluentInjectorContainerTest.before:29 » IllegalState FluentControl is not init...
  FluentInjectorElementTest.before:42 » IllegalState FluentControl is not initia...
  FluentInjectorElementTest.before:42 » IllegalState FluentControl is not initia...
  FluentInjectorElementTest.before:42 » IllegalState FluentControl is not initia...
  FluentInjectorElementTest.before:42 » IllegalState FluentControl is not initia...
  FluentInjectorElementTest.before:42 » IllegalState FluentControl is not initia...
  FluentInjectorElementTest.before:42 » IllegalState FluentControl is not initia...
  FluentInjectorElementTest.before:42 » IllegalState FluentControl is not initia...
  FluentInjectorElementTest.before:42 » IllegalState FluentControl is not initia...
  FluentInjectorElementTest.before:42 » IllegalState FluentControl is not initia...
  FluentInjectorElementTest.before:42 » IllegalState FluentControl is not initia...
  FluentInjectorElementTest.before:42 » IllegalState FluentControl is not initia...
  FluentInjectorHookTest.before:54 » IllegalState FluentControl is not initializ...
  FluentInjectorHookTest.before:54 » IllegalState FluentControl is not initializ...
  FluentInjectorHookTest.before:54 » IllegalState FluentControl is not initializ...
  FluentInjectorHookTest.before:54 » IllegalState FluentControl is not initializ...
  FluentInjectorHookTest.before:54 » IllegalState FluentControl is not initializ...
  FluentInjectorHookTest.before:54 » IllegalState FluentControl is not initializ...
  FluentInjectorHookTest.before:54 » IllegalState FluentControl is not initializ...
  FluentInjectorHookTest.before:54 » IllegalState FluentControl is not initializ...
  FluentInjectorHookTest.before:54 » IllegalState FluentControl is not initializ...
  FluentInjectorListComponentTest.before:36 » IllegalState FluentControl is not ...
  NoSuchElementMessageTest.before:40 » IllegalState FluentControl is not initial...
  NoSuchElementMessageTest.before:40 » IllegalState FluentControl is not initial...
  NoSuchElementMessageTest.before:40 » IllegalState FluentControl is not initial...
  NoSuchElementMessageTest.before:40 » IllegalState FluentControl is not initial...
  NoSuchElementMessageTest.before:40 » IllegalState FluentControl is not initial...
  NoSuchElementMessageTest.before:40 » IllegalState FluentControl is not initial...
  SearchTest.before:59 » IllegalState FluentControl is not initialized, WebDrive...
  SearchTest.before:59 » IllegalState FluentControl is not initialized, WebDrive...
  SearchTest.before:59 » IllegalState FluentControl is not initialized, WebDrive...
  SearchTest.before:59 » IllegalState FluentControl is not initialized, WebDrive...
  SearchTest.before:59 » IllegalState FluentControl is not initialized, WebDrive...
  SearchTest.before:59 » IllegalState FluentControl is not initialized, WebDrive...
  SearchTest.before:59 » IllegalState FluentControl is not initialized, WebDrive...
  SearchTest.before:59 » IllegalState FluentControl is not initialized, WebDrive...
  SearchTest.before:59 » IllegalState FluentControl is not initialized, WebDrive...
  SearchTest.before:59 » IllegalState FluentControl is not initialized, WebDrive...
  SearchTest.before:59 » IllegalState FluentControl is not initialized, WebDrive...

Tests run: 639, Failures: 0, Errors: 175, Skipped: 0

[INFO] ------------------------------------------------------------------------
[INFO] Reactor Summary:
[INFO] 
[INFO] FluentLenium ....................................... SUCCESS [  2.144 s]
[INFO] FluentLenium Core .................................. FAILURE [ 42.596 s]
[INFO] FluentLenium AssertJ ............................... SKIPPED
[INFO] FluentLenium JUnit ................................. SKIPPED
[INFO] FluentLenium TestNG ................................ SKIPPED
[INFO] FluentLenium Cucumber .............................. SKIPPED
[INFO] FluentLenium Spock ................................. SKIPPED
[INFO] ------------------------------------------------------------------------
[INFO] BUILD FAILURE
[INFO] ------------------------------------------------------------------------
[INFO] Total time: 45.610 s
[INFO] Finished at: 2021-12-26T01:41:47Z
[INFO] Final Memory: 57M/2751M
[INFO] ------------------------------------------------------------------------
[ERROR] Failed to execute goal org.apache.maven.plugins:maven-surefire-plugin:2.19.1:test (default-test) on project fluentlenium-core: There are test failures.
[ERROR] 
[ERROR] Please refer to /home/travis/build/failed/FluentLenium/FluentLenium/fluentlenium-core/target/surefire-reports for the individual test results.
[ERROR] -> [Help 1]
[ERROR] 
[ERROR] To see the full stack trace of the errors, re-run Maven with the -e switch.
[ERROR] Re-run Maven using the -X switch to enable full debug logging.
[ERROR] 
[ERROR] For more information about the errors and possible solutions, please read the following articles:
[ERROR] [Help 1] http://cwiki.apache.org/confluence/display/MAVEN/MojoFailureException
[ERROR] 
[ERROR] After correcting the problems, you can resume the build with the command
[ERROR]   mvn <goals> -rf :fluentlenium-core
travis_time:end:04d0c52f:start=1640482859972853537,finish=1640482907704878275,duration=47732024738,event=script[0K[31;1mThe command "mvn clean verify jacoco:report -Dhttps.protocols=TLSv1.2" exited with 1.[0m


Done. Your build exited with 1.
