travis_time:start:0f7e34ae[0Ktravis_time:end:0f7e34ae:start=1640430290784141462,finish=1640430290957287258,duration=173145796,event=no_world_writable_dirs[0Ktravis_time:start:06851a25[0Ktravis_time:end:06851a25:start=1640430290964122253,finish=1640430290968155696,duration=4033443,event=check_unsupported[0Ktravis_time:start:00083d71[0Ktravis_fold:start:system_info[0K[33;1mBuild system information[0m
Build language: java
Build group: stable
Build dist: precise
Build id: ''
Job id: ''
Runtime kernel version: 4.15.0-109-generic
[34m[1mBuild image provisioning date and time[0m
Thu Feb  5 15:09:33 UTC 2015
[34m[1mOperating System Details[0m
Distributor ID:	Ubuntu
Description:	Ubuntu 12.04.5 LTS
Release:	12.04
Codename:	precise
[34m[1mLinux Version[0m
3.13.0-29-generic
[34m[1mCookbooks Version[0m
a68419e https://github.com/travis-ci/travis-cookbooks/tree/a68419e
[34m[1mGCC version[0m
gcc (Ubuntu/Linaro 4.6.3-1ubuntu5) 4.6.3
Copyright (C) 2011 Free Software Foundation, Inc.
This is free software; see the source for copying conditions.  There is NO
warranty; not even for MERCHANTABILITY or FITNESS FOR A PARTICULAR PURPOSE.

[34m[1mLLVM version[0m
clang version 3.4 (tags/RELEASE_34/final)
Target: x86_64-unknown-linux-gnu
Thread model: posix
[34m[1mPre-installed Ruby versions[0m
ruby-1.9.3-p551
[34m[1mPre-installed Node.js versions[0m
v0.10.36
[34m[1mPre-installed Go versions[0m
1.4.1
[34m[1mRedis version[0m
redis-server 2.8.19
[34m[1mriak version[0m
2.0.2
[34m[1mMongoDB version[0m
MongoDB 2.4.12
[34m[1mCouchDB version[0m
couchdb 1.6.1
[34m[1mNeo4j version[0m
1.9.4
[34m[1mRabbitMQ Version[0m
3.4.3
[34m[1mElasticSearch version[0m
1.4.0
[34m[1mInstalled Sphinx versions[0m
2.0.10
2.1.9
2.2.6
[34m[1mDefault Sphinx version[0m
2.2.6
[34m[1mInstalled Firefox version[0m
firefox 31.0esr
[34m[1mPhantomJS version[0m
1.9.8
[34m[1mant -version[0m
Apache Ant(TM) version 1.8.2 compiled on December 3 2011
[34m[1mmvn -version[0m
Apache Maven 3.2.5 (12a6b3acb947671f09b81f49094c53f426d8cea1; 2014-12-14T17:29:23+00:00)
Maven home: /usr/local/maven
Java version: 1.7.0_76, vendor: Oracle Corporation
Java home: /usr/lib/jvm/java-7-oracle/jre
Default locale: en_US, platform encoding: ANSI_X3.4-1968
OS name: "linux", version: "3.13.0-29-generic", arch: "amd64", family: "unix"
travis_fold:end:system_info[0K
travis_time:end:00083d71:start=1640430290973475847,finish=1640430290983000808,duration=9524961,event=show_system_info[0Ktravis_time:start:0cb4a4e8[0Ktravis_time:end:0cb4a4e8:start=1640430290988775472,finish=1640430291006152481,duration=17377009,event=rm_riak_source[0Ktravis_time:start:01279669[0Ktravis_time:end:01279669:start=1640430291012139337,finish=1640430291021872947,duration=9733610,event=fix_rwky_redis[0Ktravis_time:start:09a68200[0K[31;1mTimeout waiting for network availability.[0m
travis_time:end:09a68200:start=1640430291027314945,finish=1640430311721867462,duration=20694552517,event=wait_for_network[0Ktravis_time:start:01a65ad8[0Ktravis_time:end:01a65ad8:start=1640430311727600831,finish=1640430318920596777,duration=7192995946,event=update_apt_keys[0Ktravis_time:start:2586b49f[0Ktravis_time:end:2586b49f:start=1640430318926642234,finish=1640430318994120343,duration=67478109,event=fix_hhvm_source[0Ktravis_time:start:1e891546[0Ktravis_time:end:1e891546:start=1640430319000859301,finish=1640430319006517795,duration=5658494,event=update_mongo_arch[0Ktravis_time:start:0f50c871[0Ktravis_time:end:0f50c871:start=1640430319012233678,finish=1640430319055569329,duration=43335651,event=fix_sudo_enabled_trusty[0Ktravis_time:start:0ddb989f[0Ktravis_time:end:0ddb989f:start=1640430319060532481,finish=1640430319073520276,duration=12987795,event=clean_up_path[0Ktravis_time:start:00c4fc50[0Ktravis_time:end:00c4fc50:start=1640430319078260880,finish=1640430319090839317,duration=12578437,event=fix_resolv_conf[0Ktravis_time:start:1d5d8ab1[0Ktravis_time:end:1d5d8ab1:start=1640430319096207808,finish=1640430319111682058,duration=15474250,event=fix_etc_hosts[0Ktravis_time:start:005d9e26[0Ktravis_time:end:005d9e26:start=1640430319117087169,finish=1640430319129327198,duration=12240029,event=fix_mvn_settings_xml[0Ktravis_time:start:1fe27ffe[0Ktravis_time:end:1fe27ffe:start=1640430319134948709,finish=1640430319149804840,duration=14856131,event=no_ipv6_localhost[0Ktravis_time:start:1be45cb8[0Ktravis_time:end:1be45cb8:start=1640430319155512916,finish=1640430319282155617,duration=126642701,event=fix_etc_mavenrc[0Ktravis_time:start:07919aea[0Ktravis_time:end:07919aea:start=1640430319287183475,finish=1640430319292602142,duration=5418667,event=fix_wwdr_certificate[0Ktravis_time:start:02937036[0Ktravis_time:end:02937036:start=1640430319297876737,finish=1640430319332414588,duration=34537851,event=put_localhost_first[0Ktravis_time:start:0a390a58[0Ktravis_time:end:0a390a58:start=1640430319337875810,finish=1640430319341610665,duration=3734855,event=home_paths[0Ktravis_time:start:01d2d7fc[0Ktravis_time:end:01d2d7fc:start=1640430319345985533,finish=1640430319372888067,duration=26902534,event=disable_initramfs[0Ktravis_time:start:03dd3320[0Ktravis_time:end:03dd3320:start=1640430319379282104,finish=1640430319399900115,duration=20618011,event=disable_ssh_roaming[0Ktravis_time:start:288f665d[0Ktravis_time:end:288f665d:start=1640430319405986073,finish=1640430319411159069,duration=5172996,event=debug_tools[0Ktravis_time:start:0d353ee2[0Ktravis_time:end:0d353ee2:start=1640430319417803019,finish=1640430319423668893,duration=5865874,event=uninstall_oclint[0Ktravis_time:start:186582db[0Ktravis_time:end:186582db:start=1640430319429528987,finish=1640430319435014854,duration=5485867,event=rvm_use[0Ktravis_time:start:0ab5192c[0Ktravis_time:end:0ab5192c:start=1640430319441590603,finish=1640430319455830331,duration=14239728,event=rm_etc_boto_cfg[0Ktravis_time:start:01022367[0Ktravis_time:end:01022367:start=1640430319460533843,finish=1640430319465298014,duration=4764171,event=rm_oraclejdk8_symlink[0Ktravis_time:start:032b1f12[0Ktravis_time:end:032b1f12:start=1640430319471702418,finish=1640430319520806258,duration=49103840,event=enable_i386[0Ktravis_time:start:015feb73[0Ktravis_time:end:015feb73:start=1640430319527991646,finish=1640430319535054419,duration=7062773,event=update_rubygems[0Ktravis_time:start:07291860[0Ktravis_time:end:07291860:start=1640430319540964960,finish=1640430319548906327,duration=7941367,event=ensure_path_components[0Ktravis_time:start:05027f40[0Ktravis_time:end:05027f40:start=1640430319554630797,finish=1640430319560124309,duration=5493512,event=redefine_curl[0Ktravis_time:start:320e4d18[0Ktravis_time:end:320e4d18:start=1640430319568277270,finish=1640430319572648345,duration=4371075,event=nonblock_pipe[0Ktravis_time:start:004d4078[0Ktravis_time:end:004d4078:start=1640430319577881732,finish=1640430322958550119,duration=3380668387,event=apt_get_update[0Ktravis_time:start:01d11f22[0Ktravis_time:end:01d11f22:start=1640430322964812520,finish=1640430322969365871,duration=4553351,event=deprecate_xcode_64[0Ktravis_time:start:2eb0b680[0Ktravis_time:end:2eb0b680:start=1640430322975113424,finish=1640430322982911625,duration=7798201,event=update_heroku[0Ktravis_time:start:0427d130[0Ktravis_time:end:0427d130:start=1640430322989150143,finish=1640430322994050824,duration=4900681,event=shell_session_update[0Ktravis_time:start:001c35f8[0Ktravis_fold:start:docker_mtu[0Ktee: /etc/docker/daemon.json: No such file or directory
docker: unrecognized service
travis_fold:end:docker_mtu[0Ktravis_time:end:001c35f8:start=1640430322999414778,finish=1640430323036622426,duration=37207648,event=set_docker_mtu[0Ktravis_time:start:07a85c96[0Ktravis_time:end:07a85c96:start=1640430323043680750,finish=1640430323060589906,duration=16909156,event=resolvconf[0K
travis_fold:start:install_jdk[0K[33;1mInstalling oraclejdk8[0m
$ jdk_switcher use "oraclejdk8"
Switching to Oracle JDK8 (java-8-oracle), JAVA_HOME will be set to /usr/lib/jvm/java-8-oracle
travis_fold:end:install_jdk[0Ktravis_time:start:22859068[0Ktravis_time:end:22859068:start=1640430323081079166,finish=1640430323085642759,duration=4563593,event=fix_ps4[0Ktravis_time:start:3d3ed1c7[0K
$ cd failed/spring-projects/spring-data-commons

travis_time:end:3d3ed1c7:start=1640430323091623238,finish=1640430323096492140,duration=4868902,event=checkout[0Ktravis_time:start:09dffe18[0K
[33;1mSetting environment variables from .travis.yml[0m
$ export PROFILE=spring42

travis_time:end:09dffe18:start=1640430323101427482,finish=1640430323511455293,duration=410027811,event=env[0Ktravis_fold:start:cache.1[0KSetting up build cache
$ export CASHER_DIR=${TRAVIS_HOME}/.casher
travis_time:start:02b3f241[0K$ Installing caching utilities

[31;1mThe command "eval curl -sf  -o $CASHER_DIR/bin/casher https:///files/casher " failed. Retrying, 2 of 3.[0m


[31;1mThe command "eval curl -sf  -o $CASHER_DIR/bin/casher https:///files/casher " failed. Retrying, 3 of 3.[0m


[31;1mThe command "eval curl -sf  -o $CASHER_DIR/bin/casher https:///files/casher " failed 3 times.[0m

travis_time:end:02b3f241:start=1640430334739663763,finish=1640430337828525963,duration=3088862200,event=setup_casher[0Ktravis_time:start:10794edc[0K$ Installing caching utilities from the Travis CI server (https:///files/casher) failed, failing over to using GitHub (https://raw.githubusercontent.com/travis-ci/casher/bash/bin/casher)
travis_time:end:10794edc:start=1640430337835824973,finish=1640430338107754202,duration=271929229,event=setup_casher[0Ktravis_time:start:3a23fc7c[0Ktravis_time:end:3a23fc7c:start=1640430338117218713,finish=1640430338122744013,duration=5525300,event=setup_casher[0Ktravis_time:start:0ac14d59[0KYAML safe loading is not available. Please upgrade psych to a version that supports safe loading (>= 2.0).
attempting to download cache archive[0m
[31;1mcould not download cache[0m
travis_time:end:0ac14d59:start=1640430338129572123,finish=1640430339463460332,duration=1333888209,event=setup_casher[0Ktravis_time:start:09287c57[0Ktravis_time:end:09287c57:start=1640430339471347494,finish=1640430339476634860,duration=5287366,event=setup_casher[0Ktravis_time:start:0aba332d[0KYAML safe loading is not available. Please upgrade psych to a version that supports safe loading (>= 2.0).
adding /home/travis/.m2 to cache[0m
travis_time:end:0aba332d:start=1640430339483752933,finish=1640430349364000904,duration=9880247971,event=setup_casher[0Ktravis_fold:end:cache.1[0K
$ java -Xmx32m -version
java version "1.8.0_31"
Java(TM) SE Runtime Environment (build 1.8.0_31-b13)
Java HotSpot(TM) 64-Bit Server VM (build 25.31-b07, mixed mode)
$ javac -J-Xmx32m -version
javac 1.8.0_31
travis_fold:start:install[0Ktravis_time:start:1a819e5c[0K$ true
travis_time:end:1a819e5c:start=1640430349725450855,finish=1640430349730425383,duration=4974528,event=install[0Ktravis_fold:end:install[0Ktravis_time:start:0152e617[0K$ mvn clean dependency:list test -P${PROFILE} -Dsort
Java HotSpot(TM) 64-Bit Server VM warning: ignoring option MaxPermSize=192m; support was removed in 8.0
[INFO] Scanning for projects...
Downloading: https://repository.apache.org/snapshots/org/springframework/data/build/spring-data-parent/1.8.0.BUILD-SNAPSHOT/maven-metadata.xml
Downloading: https://repo.spring.io/libs-snapshot/org/springframework/data/build/spring-data-parent/1.8.0.BUILD-SNAPSHOT/maven-metadata.xml
511/802 B   802/802 B               Downloaded: https://repo.spring.io/libs-snapshot/org/springframework/data/build/spring-data-parent/1.8.0.BUILD-SNAPSHOT/maven-metadata.xml (802 B at 0.9 KB/sec)
            Downloading: https://repository.apache.org/snapshots/org/springframework/data/build/spring-data-build/1.8.0.BUILD-SNAPSHOT/maven-metadata.xml
Downloading: https://repo.spring.io/libs-snapshot/org/springframework/data/build/spring-data-build/1.8.0.BUILD-SNAPSHOT/maven-metadata.xml
511/801 B   801/801 B               Downloaded: https://repo.spring.io/libs-snapshot/org/springframework/data/build/spring-data-build/1.8.0.BUILD-SNAPSHOT/maven-metadata.xml (801 B at 4.3 KB/sec)
            [INFO]                                                                         
[INFO] ------------------------------------------------------------------------
[INFO] Building Spring Data Core 1.12.0.DATACMNS-820-SNAPSHOT
[INFO] ------------------------------------------------------------------------
[INFO] 
[INFO] --- maven-clean-plugin:2.5:clean (default-clean) @ spring-data-commons ---
[INFO] 
[INFO] --- maven-dependency-plugin:2.10:list (default-cli) @ spring-data-commons ---
[INFO] 
[INFO] The following files have been resolved:
[INFO]    aopalliance:aopalliance:jar:1.0:compile
[INFO]    ch.qos.logback:logback-classic:jar:1.1.6:test
[INFO]    ch.qos.logback:logback-core:jar:1.1.6:test
[INFO]    com.fasterxml.jackson.core:jackson-annotations:jar:2.6.0:compile
[INFO]    com.fasterxml.jackson.core:jackson-core:jar:2.6.5:compile
[INFO]    com.fasterxml.jackson.core:jackson-databind:jar:2.6.5:compile
[INFO]    com.google.code.findbugs:annotations:jar:2.0.1:compile
[INFO]    com.google.code.findbugs:jsr305:jar:1.3.9:compile
[INFO]    com.google.guava:guava:jar:19.0:compile
[INFO]    com.infradna.tool:bridge-method-annotation:jar:1.13:compile
[INFO]    com.mysema.codegen:codegen:jar:0.6.8:compile
[INFO]    com.mysema.commons:mysema-commons-lang:jar:0.2.4:compile
[INFO]    com.querydsl:querydsl-apt:jar:4.1.0:provided
[INFO]    com.querydsl:querydsl-codegen:jar:4.1.0:compile
[INFO]    com.querydsl:querydsl-collections:jar:4.1.0:compile
[INFO]    com.querydsl:querydsl-core:jar:4.1.0:compile
[INFO]    com.sun.xml.bind:jaxb-impl:jar:2.2.3U1:test
[INFO]    javax.activation:activation:jar:1.1:test
[INFO]    javax.annotation:jsr250-api:jar:1.0:compile
[INFO]    javax.ejb:ejb-api:jar:3.0:compile
[INFO]    javax.el:el-api:jar:1.0:test
[INFO]    javax.enterprise:cdi-api:jar:1.0:provided
[INFO]    javax.inject:javax.inject:jar:1:compile
[INFO]    javax.servlet:javax.servlet-api:jar:3.0.1:provided
[INFO]    javax.transaction:javax.transaction-api:jar:1.2:test
[INFO]    javax.xml.bind:jaxb-api:jar:2.2.2:test
[INFO]    javax.xml.stream:stax-api:jar:1.0-2:test
[INFO]    joda-time:joda-time:jar:2.9.2:compile
[INFO]    junit:junit:jar:4.12:test
[INFO]    org.apache.geronimo.specs:geronimo-atinject_1.0_spec:jar:1.0:test
[INFO]    org.apache.geronimo.specs:geronimo-jcdi_1.0_spec:jar:1.0:test
[INFO]    org.apache.openwebbeans.test:cditest-owb:jar:1.2.8:test
[INFO]    org.apache.openwebbeans.test:cditest:jar:1.2.8:test
[INFO]    org.apache.openwebbeans:openwebbeans-impl:jar:1.2.8:test
[INFO]    org.apache.openwebbeans:openwebbeans-spi:jar:1.2.8:test
[INFO]    org.apache.xbean:xbean-asm5-shaded:jar:4.1:test
[INFO]    org.apache.xbean:xbean-finder-shaded:jar:4.1:test
[INFO]    org.codehaus.groovy:groovy-all:jar:2.4.4:test
[INFO]    org.eclipse.jdt.core.compiler:ecj:jar:4.3.1:compile
[INFO]    org.hamcrest:hamcrest-core:jar:1.3:test
[INFO]    org.hamcrest:hamcrest-library:jar:1.3:test
[INFO]    org.javassist:javassist:jar:3.18.2-GA:compile
[INFO]    org.jboss.interceptor:jboss-interceptor-api:jar:1.1:provided
[INFO]    org.mockito:mockito-core:jar:1.10.19:test
[INFO]    org.objenesis:objenesis:jar:2.1:test
[INFO]    org.projectlombok:lombok:jar:1.16.8:compile
[INFO]    org.reflections:reflections:jar:0.9.9:compile
[INFO]    org.scala-lang:scala-library:jar:2.11.7:compile
[INFO]    org.slf4j:jcl-over-slf4j:jar:1.7.19:runtime
[INFO]    org.slf4j:slf4j-api:jar:1.7.19:compile
[INFO]    org.springframework.hateoas:spring-hateoas:jar:0.19.0.RELEASE:compile
[INFO]    org.springframework:spring-aop:jar:4.2.5.RELEASE:compile
[INFO]    org.springframework:spring-beans:jar:4.2.5.RELEASE:compile
[INFO]    org.springframework:spring-context:jar:4.2.5.RELEASE:compile
[INFO]    org.springframework:spring-core:jar:4.2.5.RELEASE:compile
[INFO]    org.springframework:spring-expression:jar:4.2.5.RELEASE:compile
[INFO]    org.springframework:spring-oxm:jar:4.2.5.RELEASE:compile
[INFO]    org.springframework:spring-test:jar:4.2.5.RELEASE:test
[INFO]    org.springframework:spring-tx:jar:4.2.5.RELEASE:compile
[INFO]    org.springframework:spring-web:jar:4.2.5.RELEASE:compile
[INFO]    org.springframework:spring-webmvc:jar:4.2.5.RELEASE:compile
[INFO]    org.threeten:threetenbp:jar:1.3.1:compile
[INFO]    xmlunit:xmlunit:jar:1.6:test
[INFO] 
[INFO] 
[INFO] --- maven-enforcer-plugin:1.3.1:enforce (enforce-rules) @ spring-data-commons ---
[INFO] 
[INFO] --- maven-resources-plugin:2.6:resources (default-resources) @ spring-data-commons ---
[INFO] Using 'UTF-8' encoding to copy filtered resources.
[INFO] Copying 16 resources
[INFO] 
[INFO] --- maven-compiler-plugin:3.3:compile (default-compile) @ spring-data-commons ---
[INFO] Changes detected - recompiling the module!
[INFO] Compiling 352 source files to /home/travis/build/failed/spring-projects/spring-data-commons/target/classes
[INFO] /home/travis/build/failed/spring-projects/spring-data-commons/src/main/java/org/springframework/data/convert/JodaTimeConverters.java: Some input files use or override a deprecated API.
[INFO] /home/travis/build/failed/spring-projects/spring-data-commons/src/main/java/org/springframework/data/convert/JodaTimeConverters.java: Recompile with -Xlint:deprecation for details.
[INFO] 
[INFO] --- com.springsource.bundlor.maven:1.0.0.RELEASE:bundlor (bundlor) @ spring-data-commons ---
Manifest written to '/home/travis/build/failed/spring-projects/spring-data-commons/target/classes/META-INF/MANIFEST.MF'
[INFO] 
[INFO] --- apt-maven-plugin:1.1.3:test-process (default) @ spring-data-commons ---
[INFO] 
[INFO] --- maven-resources-plugin:2.6:testResources (default-testResources) @ spring-data-commons ---
[INFO] Using 'UTF-8' encoding to copy filtered resources.
[INFO] Copying 11 resources
[INFO] 
[INFO] --- maven-compiler-plugin:3.3:testCompile (default-testCompile) @ spring-data-commons ---
[INFO] Changes detected - recompiling the module!
[INFO] Compiling 216 source files to /home/travis/build/failed/spring-projects/spring-data-commons/target/test-classes
[INFO] /home/travis/build/failed/spring-projects/spring-data-commons/src/test/java/org/springframework/data/convert/BytecodeGeneratingEntityInstantiatorUnitTests.java: Some input files use or override a deprecated API.
[INFO] /home/travis/build/failed/spring-projects/spring-data-commons/src/test/java/org/springframework/data/convert/BytecodeGeneratingEntityInstantiatorUnitTests.java: Recompile with -Xlint:deprecation for details.
[INFO] 
[INFO] --- maven-surefire-plugin:2.19.1:test (default-test) @ spring-data-commons ---

-------------------------------------------------------
 T E S T S
-------------------------------------------------------
Running org.springframework.data.config.TypeFilterParserUnitTests
Tests run: 2, Failures: 0, Errors: 0, Skipped: 0, Time elapsed: 0.549 sec - in org.springframework.data.config.TypeFilterParserUnitTests
Running org.springframework.data.domain.jaxb.SpringDataJaxbUnitTests
Tests run: 3, Failures: 0, Errors: 0, Skipped: 0, Time elapsed: 0.367 sec - in org.springframework.data.domain.jaxb.SpringDataJaxbUnitTests
Running org.springframework.data.domain.RangeUnitTests
Tests run: 6, Failures: 0, Errors: 0, Skipped: 0, Time elapsed: 0 sec - in org.springframework.data.domain.RangeUnitTests
Running org.springframework.data.domain.DirectionUnitTests
Tests run: 2, Failures: 0, Errors: 0, Skipped: 0, Time elapsed: 0 sec - in org.springframework.data.domain.DirectionUnitTests
Running org.springframework.data.domain.PageRequestUnitTests
Tests run: 6, Failures: 0, Errors: 0, Skipped: 0, Time elapsed: 0 sec - in org.springframework.data.domain.PageRequestUnitTests
Running org.springframework.data.domain.PageImplUnitTests
Tests run: 14, Failures: 0, Errors: 0, Skipped: 0, Time elapsed: 0.001 sec - in org.springframework.data.domain.PageImplUnitTests
Running org.springframework.data.domain.SortUnitTests
Tests run: 14, Failures: 0, Errors: 0, Skipped: 0, Time elapsed: 0.006 sec - in org.springframework.data.domain.SortUnitTests
Running org.springframework.data.repository.config.DefaultRepositoryConfigurationUnitTests
Tests run: 1, Failures: 0, Errors: 0, Skipped: 0, Time elapsed: 0.005 sec - in org.springframework.data.repository.config.DefaultRepositoryConfigurationUnitTests
Running org.springframework.data.repository.config.AnnotationRepositoryConfigurationSourceUnitTests
Tests run: 9, Failures: 0, Errors: 0, Skipped: 0, Time elapsed: 0.193 sec - in org.springframework.data.repository.config.AnnotationRepositoryConfigurationSourceUnitTests
Running org.springframework.data.repository.config.RepositoryBeanDefinitionRegistrarSupportUnitTests
Tests run: 2, Failures: 0, Errors: 0, Skipped: 0, Time elapsed: 0.28 sec - in org.springframework.data.repository.config.RepositoryBeanDefinitionRegistrarSupportUnitTests
Running org.springframework.data.repository.config.ResourceReaderRepositoryPopulatorBeanDefinitionParserIntegrationTests
Tests run: 2, Failures: 0, Errors: 0, Skipped: 0, Time elapsed: 0.565 sec - in org.springframework.data.repository.config.ResourceReaderRepositoryPopulatorBeanDefinitionParserIntegrationTests
Running org.springframework.data.repository.config.RepositoryBeanNameGeneratorUnitTests
Tests run: 2, Failures: 0, Errors: 0, Skipped: 0, Time elapsed: 0.002 sec - in org.springframework.data.repository.config.RepositoryBeanNameGeneratorUnitTests
Running org.springframework.data.repository.config.RepositoryConfigurationExtensionSupportUnitTests
Tests run: 4, Failures: 0, Errors: 0, Skipped: 0, Time elapsed: 0.015 sec - in org.springframework.data.repository.config.RepositoryConfigurationExtensionSupportUnitTests
Running org.springframework.data.repository.config.RepositoryComponentProviderUnitTests
Tests run: 3, Failures: 0, Errors: 0, Skipped: 0, Time elapsed: 0.228 sec - in org.springframework.data.repository.config.RepositoryComponentProviderUnitTests
Running org.springframework.data.repository.config.XmlRepositoryConfigurationSourceUnitTests
Tests run: 1, Failures: 0, Errors: 0, Skipped: 0, Time elapsed: 0.069 sec - in org.springframework.data.repository.config.XmlRepositoryConfigurationSourceUnitTests
Running org.springframework.data.repository.config.RepositoryBeanDefinitionRegistrarSupportIntegrationTests
Tests run: 3, Failures: 0, Errors: 0, Skipped: 0, Time elapsed: 1.081 sec - in org.springframework.data.repository.config.RepositoryBeanDefinitionRegistrarSupportIntegrationTests
Running org.springframework.data.repository.init.Jackson2ResourceReaderIntegrationTests
Tests run: 1, Failures: 0, Errors: 0, Skipped: 0, Time elapsed: 0.077 sec - in org.springframework.data.repository.init.Jackson2ResourceReaderIntegrationTests
Running org.springframework.data.repository.init.ResourceReaderRepositoryInitializerUnitTests
Tests run: 3, Failures: 0, Errors: 0, Skipped: 0, Time elapsed: 0.291 sec - in org.springframework.data.repository.init.ResourceReaderRepositoryInitializerUnitTests
Running org.springframework.data.repository.cdi.CdiRepositoryBeanUnitTests
Tests run: 8, Failures: 0, Errors: 0, Skipped: 0, Time elapsed: 0.021 sec - in org.springframework.data.repository.cdi.CdiRepositoryBeanUnitTests
Running org.springframework.data.repository.cdi.WebbeansCdiRepositoryExtensionSupportIntegrationTests
Dec 25, 2021 11:06:17 AM org.apache.webbeans.lifecycle.AbstractLifeCycle bootstrapApplication
INFO: OpenWebBeans Container is starting...
Dec 25, 2021 11:06:17 AM org.apache.webbeans.corespi.scanner.AbstractMetaDataDiscovery addWebBeansXmlLocation
INFO: added beans.xml marker: file:/home/travis/build/failed/spring-projects/spring-data-commons/target/test-classes/META-INF/beans.xml
Dec 25, 2021 11:06:18 AM org.apache.webbeans.config.BeansDeployer validateInjectionPoints
INFO: All injection points were validated successfully.
Dec 25, 2021 11:06:18 AM org.apache.webbeans.lifecycle.AbstractLifeCycle bootstrapApplication
INFO: OpenWebBeans Container has started, it took [802] ms.
Tests run: 2, Failures: 0, Errors: 0, Skipped: 0, Time elapsed: 0.905 sec - in org.springframework.data.repository.cdi.WebbeansCdiRepositoryExtensionSupportIntegrationTests
Running org.springframework.data.repository.support.DomainClassConverterIntegrationTests
Tests run: 1, Failures: 0, Errors: 0, Skipped: 0, Time elapsed: 0.018 sec - in org.springframework.data.repository.support.DomainClassConverterIntegrationTests
Running org.springframework.data.repository.support.CrudRepositoryInvokerUnitTests
Tests run: 9, Failures: 0, Errors: 0, Skipped: 0, Time elapsed: 0.06 sec - in org.springframework.data.repository.support.CrudRepositoryInvokerUnitTests
Running org.springframework.data.repository.support.ReflectionRepositoryInvokerUnitTests
Tests run: 15, Failures: 0, Errors: 0, Skipped: 0, Time elapsed: 0.187 sec - in org.springframework.data.repository.support.ReflectionRepositoryInvokerUnitTests
Running org.springframework.data.repository.support.DomainClassPropertyEditorRegistrarUnitTests
Tests run: 2, Failures: 0, Errors: 0, Skipped: 0, Time elapsed: 0.036 sec - in org.springframework.data.repository.support.DomainClassPropertyEditorRegistrarUnitTests
Running org.springframework.data.repository.support.DomainClassPropertyEditorUnitTests
Tests run: 6, Failures: 0, Errors: 0, Skipped: 0, Time elapsed: 0.032 sec - in org.springframework.data.repository.support.DomainClassPropertyEditorUnitTests
Running org.springframework.data.repository.support.MethodParametersUnitTests
Tests run: 2, Failures: 0, Errors: 0, Skipped: 0, Time elapsed: 0 sec - in org.springframework.data.repository.support.MethodParametersUnitTests
Running org.springframework.data.repository.support.RepositoriesIntegrationTests
Tests run: 2, Failures: 0, Errors: 0, Skipped: 0, Time elapsed: 0.016 sec - in org.springframework.data.repository.support.RepositoriesIntegrationTests
Running org.springframework.data.repository.support.DefaultRepositoryInvokerFactoryIntegrationTests
Tests run: 5, Failures: 0, Errors: 0, Skipped: 0, Time elapsed: 0.024 sec - in org.springframework.data.repository.support.DefaultRepositoryInvokerFactoryIntegrationTests
Running org.springframework.data.repository.support.PaginginAndSortingRepositoryInvokerUnitTests
Tests run: 4, Failures: 0, Errors: 0, Skipped: 0, Time elapsed: 0.032 sec - in org.springframework.data.repository.support.PaginginAndSortingRepositoryInvokerUnitTests
Running org.springframework.data.repository.support.DomainClassConverterUnitTests
Tests run: 10, Failures: 0, Errors: 0, Skipped: 0, Time elapsed: 0.098 sec - in org.springframework.data.repository.support.DomainClassConverterUnitTests
Running org.springframework.data.repository.support.AnnotationAttributeUnitTests
Tests run: 3, Failures: 0, Errors: 0, Skipped: 0, Time elapsed: 0 sec - in org.springframework.data.repository.support.AnnotationAttributeUnitTests
Running org.springframework.data.repository.support.RepositoriesUnitTests
Tests run: 7, Failures: 0, Errors: 0, Skipped: 0, Time elapsed: 0.052 sec - in org.springframework.data.repository.support.RepositoriesUnitTests
Running org.springframework.data.repository.query.ResultProcessorUnitTests
Tests run: 9, Failures: 0, Errors: 3, Skipped: 0, Time elapsed: 0.09 sec <<< FAILURE! - in org.springframework.data.repository.query.ResultProcessorUnitTests
createsListOfProjectionsFromEntity(org.springframework.data.repository.query.ResultProcessorUnitTests)  Time elapsed: 0.019 sec  <<< ERROR!
java.lang.NullPointerException
	at org.springframework.data.repository.query.ResultProcessorUnitTests.createsListOfProjectionsFromEntity(ResultProcessorUnitTests.java:120)

createsDynamicProjectionFromEntity(org.springframework.data.repository.query.ResultProcessorUnitTests)  Time elapsed: 0.052 sec  <<< ERROR!
java.lang.NullPointerException
	at org.springframework.data.repository.query.ResultProcessorUnitTests.createsDynamicProjectionFromEntity(ResultProcessorUnitTests.java:148)

createsPageOfProjectionsFromEntity(org.springframework.data.repository.query.ResultProcessorUnitTests)  Time elapsed: 0.002 sec  <<< ERROR!
java.lang.NullPointerException
	at org.springframework.data.repository.query.ResultProcessorUnitTests.createsPageOfProjectionsFromEntity(ResultProcessorUnitTests.java:135)

Running org.springframework.data.repository.query.parser.PartTreeUnitTests
Tests run: 66, Failures: 0, Errors: 0, Skipped: 0, Time elapsed: 0.155 sec - in org.springframework.data.repository.query.parser.PartTreeUnitTests
Running org.springframework.data.repository.query.parser.OrderBySourceUnitTests
Tests run: 6, Failures: 0, Errors: 0, Skipped: 0, Time elapsed: 0.004 sec - in org.springframework.data.repository.query.parser.OrderBySourceUnitTests
Running org.springframework.data.repository.query.ReturnedTypeUnitTests
Tests run: 7, Failures: 0, Errors: 0, Skipped: 0, Time elapsed: 0.044 sec - in org.springframework.data.repository.query.ReturnedTypeUnitTests
Running org.springframework.data.repository.query.QueryMethodUnitTests
Tests run: 15, Failures: 0, Errors: 0, Skipped: 0, Time elapsed: 0.016 sec - in org.springframework.data.repository.query.QueryMethodUnitTests
Running org.springframework.data.repository.query.SimpleParameterAccessorUnitTests
Tests run: 9, Failures: 0, Errors: 0, Skipped: 0, Time elapsed: 0.016 sec - in org.springframework.data.repository.query.SimpleParameterAccessorUnitTests
Running org.springframework.data.repository.query.ParametersUnitTests
Tests run: 12, Failures: 0, Errors: 0, Skipped: 0, Time elapsed: 0.006 sec - in org.springframework.data.repository.query.ParametersUnitTests
Running org.springframework.data.repository.query.ExtensionAwareEvaluationContextProviderUnitTests
Tests run: 12, Failures: 0, Errors: 0, Skipped: 0, Time elapsed: 0.042 sec - in org.springframework.data.repository.query.ExtensionAwareEvaluationContextProviderUnitTests
Running org.springframework.data.repository.query.ParametersParameterAccessorUnitTests
Tests run: 3, Failures: 0, Errors: 0, Skipped: 0, Time elapsed: 0.001 sec - in org.springframework.data.repository.query.ParametersParameterAccessorUnitTests
Running org.springframework.data.repository.core.support.TransactionRepositoryFactoryBeanSupportUnitTests
Tests run: 1, Failures: 0, Errors: 0, Skipped: 0, Time elapsed: 0.014 sec - in org.springframework.data.repository.core.support.TransactionRepositoryFactoryBeanSupportUnitTests
Running org.springframework.data.repository.core.support.CustomAnnotationTransactionAttributeSourceUnitTests
Tests run: 1, Failures: 0, Errors: 0, Skipped: 0, Time elapsed: 0.01 sec - in org.springframework.data.repository.core.support.CustomAnnotationTransactionAttributeSourceUnitTests
Running org.springframework.data.repository.core.support.PersistableEntityInformationUnitTests
Tests run: 3, Failures: 0, Errors: 0, Skipped: 0, Time elapsed: 0 sec - in org.springframework.data.repository.core.support.PersistableEntityInformationUnitTests
Running org.springframework.data.repository.core.support.TransactionRepositoryProxyPostProcessorUnitTests
Tests run: 6, Failures: 0, Errors: 0, Skipped: 0, Time elapsed: 0.032 sec - in org.springframework.data.repository.core.support.TransactionRepositoryProxyPostProcessorUnitTests
Running org.springframework.data.repository.core.support.DefaultRepositoryMetadataUnitTests
Tests run: 12, Failures: 0, Errors: 0, Skipped: 0, Time elapsed: 0.004 sec - in org.springframework.data.repository.core.support.DefaultRepositoryMetadataUnitTests
Running org.springframework.data.repository.core.support.RepositoryInterfaceAwareBeanPostProcessorIntegrationTests
Tests run: 2, Failures: 0, Errors: 0, Skipped: 0, Time elapsed: 0.011 sec - in org.springframework.data.repository.core.support.RepositoryInterfaceAwareBeanPostProcessorIntegrationTests
Running org.springframework.data.repository.core.support.QueryExecutorMethodInterceptorUnitTests
Tests run: 2, Failures: 0, Errors: 0, Skipped: 0, Time elapsed: 0.015 sec - in org.springframework.data.repository.core.support.QueryExecutorMethodInterceptorUnitTests
Running org.springframework.data.repository.core.support.PersistentEntityInformationUnitTests
Tests run: 2, Failures: 0, Errors: 0, Skipped: 0, Time elapsed: 0.006 sec - in org.springframework.data.repository.core.support.PersistentEntityInformationUnitTests
Running org.springframework.data.repository.core.support.PersistenceExceptionTranslationRepositoryProxyPostProcessorUnitTests
Tests run: 2, Failures: 0, Errors: 0, Skipped: 0, Time elapsed: 0.007 sec - in org.springframework.data.repository.core.support.PersistenceExceptionTranslationRepositoryProxyPostProcessorUnitTests
Running org.springframework.data.repository.core.support.AnnotationRepositoryMetadataUnitTests
Tests run: 2, Failures: 0, Errors: 0, Skipped: 0, Time elapsed: 0.001 sec - in org.springframework.data.repository.core.support.AnnotationRepositoryMetadataUnitTests
Running org.springframework.data.repository.core.support.DefaultRepositoryInformationUnitTests
Tests run: 12, Failures: 0, Errors: 0, Skipped: 0, Time elapsed: 0.032 sec - in org.springframework.data.repository.core.support.DefaultRepositoryInformationUnitTests
Running org.springframework.data.repository.core.support.RepositoryFactoryBeanSupportUnitTests
Tests run: 2, Failures: 0, Errors: 0, Skipped: 0, Time elapsed: 0.011 sec - in org.springframework.data.repository.core.support.RepositoryFactoryBeanSupportUnitTests
Running org.springframework.data.repository.core.support.ReflectionEntityInformationUnitTests
Tests run: 3, Failures: 0, Errors: 0, Skipped: 0, Time elapsed: 0 sec - in org.springframework.data.repository.core.support.ReflectionEntityInformationUnitTests
Running org.springframework.data.repository.core.support.RepositoryFactorySupportUnitTests
Tests run: 16, Failures: 0, Errors: 0, Skipped: 0, Time elapsed: 1.772 sec - in org.springframework.data.repository.core.support.RepositoryFactorySupportUnitTests
Running org.springframework.data.repository.core.support.QueryExecutionResultHandlerUnitTests
Tests run: 5, Failures: 0, Errors: 0, Skipped: 0, Time elapsed: 0.001 sec - in org.springframework.data.repository.core.support.QueryExecutionResultHandlerUnitTests
Running org.springframework.data.repository.core.support.RepositoryInterfaceAwareBeanPostProcessorUnitTests
Tests run: 4, Failures: 0, Errors: 0, Skipped: 0, Time elapsed: 0.021 sec - in org.springframework.data.repository.core.support.RepositoryInterfaceAwareBeanPostProcessorUnitTests
Running org.springframework.data.repository.core.support.DefaultCrudMethodsUnitTests
Tests run: 11, Failures: 0, Errors: 0, Skipped: 0, Time elapsed: 0.006 sec - in org.springframework.data.repository.core.support.DefaultCrudMethodsUnitTests
Running org.springframework.data.repository.core.support.AbstractEntityInformationUnitTests
Tests run: 5, Failures: 0, Errors: 0, Skipped: 0, Time elapsed: 0.001 sec - in org.springframework.data.repository.core.support.AbstractEntityInformationUnitTests
Running org.springframework.data.repository.core.support.AbstractRepositoryMetadataUnitTests
Tests run: 8, Failures: 0, Errors: 0, Skipped: 0, Time elapsed: 0.002 sec - in org.springframework.data.repository.core.support.AbstractRepositoryMetadataUnitTests
Running org.springframework.data.repository.util.QueryExecutionConvertersUnitTests
Tests run: 11, Failures: 0, Errors: 0, Skipped: 0, Time elapsed: 0.004 sec - in org.springframework.data.repository.util.QueryExecutionConvertersUnitTests
Running org.springframework.data.repository.util.ClassUtilsUnitTests
Tests run: 3, Failures: 0, Errors: 0, Skipped: 0, Time elapsed: 0.001 sec - in org.springframework.data.repository.util.ClassUtilsUnitTests
Running org.springframework.data.web.config.PageableResourcesAssemblerIntegrationTests
Tests run: 3, Failures: 0, Errors: 0, Skipped: 1, Time elapsed: 0.315 sec - in org.springframework.data.web.config.PageableResourcesAssemblerIntegrationTests
Running org.springframework.data.web.config.SpringDataWebConfigurationUnitTests
Tests run: 1, Failures: 0, Errors: 0, Skipped: 0, Time elapsed: 0.087 sec - in org.springframework.data.web.config.SpringDataWebConfigurationUnitTests
Running org.springframework.data.web.config.EnableSpringDataWebSupportIntegrationTests
Tests run: 8, Failures: 0, Errors: 0, Skipped: 0, Time elapsed: 2.997 sec - in org.springframework.data.web.config.EnableSpringDataWebSupportIntegrationTests
Running org.springframework.data.web.MapDataBinderUnitTests
Tests run: 4, Failures: 0, Errors: 0, Skipped: 0, Time elapsed: 0.016 sec - in org.springframework.data.web.MapDataBinderUnitTests
Running org.springframework.data.web.querydsl.QuerydslPredicateArgumentResolverUnitTests
Tests run: 14, Failures: 0, Errors: 0, Skipped: 0, Time elapsed: 0.039 sec - in org.springframework.data.web.querydsl.QuerydslPredicateArgumentResolverUnitTests
Running org.springframework.data.web.PagedResourcesAssemblerArgumentResolverUnitTests
Tests run: 10, Failures: 0, Errors: 0, Skipped: 0, Time elapsed: 0.017 sec - in org.springframework.data.web.PagedResourcesAssemblerArgumentResolverUnitTests
Running org.springframework.data.web.PagedResourcesAssemblerUnitTests
Tests run: 18, Failures: 0, Errors: 0, Skipped: 0, Time elapsed: 0.015 sec - in org.springframework.data.web.PagedResourcesAssemblerUnitTests
Running org.springframework.data.web.HateoasSortHandlerMethodArgumentResolverUnitTests
Tests run: 24, Failures: 0, Errors: 0, Skipped: 0, Time elapsed: 0.013 sec - in org.springframework.data.web.HateoasSortHandlerMethodArgumentResolverUnitTests
Running org.springframework.data.web.SortHandlerMethodArgumentResolverUnitTests
Tests run: 21, Failures: 0, Errors: 0, Skipped: 0, Time elapsed: 0.003 sec - in org.springframework.data.web.SortHandlerMethodArgumentResolverUnitTests
Running org.springframework.data.web.PageableHandlerMethodArgumentResolverUnitTests
Tests run: 28, Failures: 0, Errors: 0, Skipped: 0, Time elapsed: 0.006 sec - in org.springframework.data.web.PageableHandlerMethodArgumentResolverUnitTests
Running org.springframework.data.web.HateoasPageableHandlerMethodArgumentResolverUnitTests
Tests run: 34, Failures: 0, Errors: 0, Skipped: 0, Time elapsed: 0.006 sec - in org.springframework.data.web.HateoasPageableHandlerMethodArgumentResolverUnitTests
Running org.springframework.data.mapping.model.CamelCaseAbbreviatingFieldNamingStrategyUnitTests
Tests run: 1, Failures: 0, Errors: 0, Skipped: 0, Time elapsed: 0.007 sec - in org.springframework.data.mapping.model.CamelCaseAbbreviatingFieldNamingStrategyUnitTests
Running org.springframework.data.mapping.model.AbstractPersistentPropertyUnitTests
Tests run: 17, Failures: 0, Errors: 0, Skipped: 0, Time elapsed: 0.01 sec - in org.springframework.data.mapping.model.AbstractPersistentPropertyUnitTests
Running org.springframework.data.mapping.model.SpelExpressionParameterProviderUnitTests
Tests run: 5, Failures: 0, Errors: 0, Skipped: 0, Time elapsed: 0.019 sec - in org.springframework.data.mapping.model.SpelExpressionParameterProviderUnitTests
Running org.springframework.data.mapping.model.PersistentEntityParameterValueProviderUnitTests
Tests run: 2, Failures: 0, Errors: 0, Skipped: 0, Time elapsed: 0 sec - in org.springframework.data.mapping.model.PersistentEntityParameterValueProviderUnitTests
Running org.springframework.data.mapping.model.SnakeCaseFieldNamingStrategyUnitTests
Tests run: 1, Failures: 0, Errors: 0, Skipped: 0, Time elapsed: 0 sec - in org.springframework.data.mapping.model.SnakeCaseFieldNamingStrategyUnitTests
Running org.springframework.data.mapping.model.ConvertingPropertyAccessorUnitTests
Tests run: 8, Failures: 0, Errors: 0, Skipped: 0, Time elapsed: 0.003 sec - in org.springframework.data.mapping.model.ConvertingPropertyAccessorUnitTests
Running org.springframework.data.mapping.model.AnnotationBasedPersistentPropertyUnitTests
Tests run: 17, Failures: 0, Errors: 0, Skipped: 0, Time elapsed: 0.026 sec - in org.springframework.data.mapping.model.AnnotationBasedPersistentPropertyUnitTests
Running org.springframework.data.mapping.model.IdPropertyIdentifierAccessorUnitTests
Tests run: 3, Failures: 0, Errors: 0, Skipped: 0, Time elapsed: 0.003 sec - in org.springframework.data.mapping.model.IdPropertyIdentifierAccessorUnitTests
Running org.springframework.data.mapping.model.BasicPersistentEntityUnitTests
Tests run: 13, Failures: 0, Errors: 0, Skipped: 0, Time elapsed: 0.013 sec - in org.springframework.data.mapping.model.BasicPersistentEntityUnitTests
Running org.springframework.data.mapping.SimpleTypeHolderUnitTests
Tests run: 10, Failures: 0, Errors: 0, Skipped: 0, Time elapsed: 0.001 sec - in org.springframework.data.mapping.SimpleTypeHolderUnitTests
Running org.springframework.data.mapping.context.PersistentEntitiesUnitTests
Tests run: 3, Failures: 0, Errors: 0, Skipped: 0, Time elapsed: 0.009 sec - in org.springframework.data.mapping.context.PersistentEntitiesUnitTests
Running org.springframework.data.mapping.context.DefaultPersistenPropertyPathUnitTests
Tests run: 12, Failures: 0, Errors: 0, Skipped: 0, Time elapsed: 0.013 sec - in org.springframework.data.mapping.context.DefaultPersistenPropertyPathUnitTests
Running org.springframework.data.mapping.context.PropertyMatchUnitTests
Tests run: 5, Failures: 0, Errors: 0, Skipped: 0, Time elapsed: 0.01 sec - in org.springframework.data.mapping.context.PropertyMatchUnitTests
Running org.springframework.data.mapping.context.AbstractMappingContextIntegrationTests
Tests run: 4, Failures: 0, Errors: 0, Skipped: 0, Time elapsed: 1.457 sec - in org.springframework.data.mapping.context.AbstractMappingContextIntegrationTests
Running org.springframework.data.mapping.context.AbstractMappingContextUnitTests
Tests run: 17, Failures: 0, Errors: 0, Skipped: 0, Time elapsed: 0.068 sec - in org.springframework.data.mapping.context.AbstractMappingContextUnitTests
Running org.springframework.data.mapping.context.MappingContextEventUnitTests
Tests run: 3, Failures: 0, Errors: 0, Skipped: 0, Time elapsed: 0.008 sec - in org.springframework.data.mapping.context.MappingContextEventUnitTests
Running org.springframework.data.mapping.context.MappingContextIsNewStrategyFactoryUnitTests
Tests run: 3, Failures: 0, Errors: 0, Skipped: 0, Time elapsed: 0.005 sec - in org.springframework.data.mapping.context.MappingContextIsNewStrategyFactoryUnitTests
Running org.springframework.data.mapping.PreferredConstructorDiscovererUnitTests
Tests run: 5, Failures: 0, Errors: 0, Skipped: 0, Time elapsed: 0.002 sec - in org.springframework.data.mapping.PreferredConstructorDiscovererUnitTests
Running org.springframework.data.mapping.PropertyReferenceExceptionUnitTests
Tests run: 4, Failures: 0, Errors: 0, Skipped: 0, Time elapsed: 0.012 sec - in org.springframework.data.mapping.PropertyReferenceExceptionUnitTests
Running org.springframework.data.mapping.ParameterUnitTests
Tests run: 5, Failures: 0, Errors: 0, Skipped: 0, Time elapsed: 0 sec - in org.springframework.data.mapping.ParameterUnitTests
Running org.springframework.data.mapping.MappingMetadataTests
Tests run: 2, Failures: 0, Errors: 0, Skipped: 0, Time elapsed: 0.014 sec - in org.springframework.data.mapping.MappingMetadataTests
Running org.springframework.data.mapping.PropertyPathUnitTests
Tests run: 32, Failures: 0, Errors: 0, Skipped: 0, Time elapsed: 0.043 sec - in org.springframework.data.mapping.PropertyPathUnitTests
Running org.springframework.data.convert.ThreeTenBackPortConvertersUnitTests
Tests run: 9, Failures: 0, Errors: 0, Skipped: 0, Time elapsed: 0.067 sec - in org.springframework.data.convert.ThreeTenBackPortConvertersUnitTests
Running org.springframework.data.convert.ClassGeneratingEntityInstantiatorUnitTests
Tests run: 12, Failures: 0, Errors: 0, Skipped: 0, Time elapsed: 0.026 sec - in org.springframework.data.convert.ClassGeneratingEntityInstantiatorUnitTests
Running org.springframework.data.convert.MappingContextTypeInformationMapperUnitTests
Tests run: 6, Failures: 0, Errors: 0, Skipped: 0, Time elapsed: 0.039 sec - in org.springframework.data.convert.MappingContextTypeInformationMapperUnitTests
Running org.springframework.data.convert.ConfigurableTypeInformationMapperUnitTests
Tests run: 4, Failures: 0, Errors: 0, Skipped: 0, Time elapsed: 0.003 sec - in org.springframework.data.convert.ConfigurableTypeInformationMapperUnitTests
Running org.springframework.data.convert.ReflectionEntityInstantiatorUnitTests
Tests run: 6, Failures: 0, Errors: 0, Skipped: 0, Time elapsed: 0.007 sec - in org.springframework.data.convert.ReflectionEntityInstantiatorUnitTests
Running org.springframework.data.convert.SimpleTypeInformationMapperUnitTests
Tests run: 5, Failures: 0, Errors: 0, Skipped: 0, Time elapsed: 0.002 sec - in org.springframework.data.convert.SimpleTypeInformationMapperUnitTests
Running org.springframework.data.convert.BytecodeGeneratingEntityInstantiatorUnitTests
Tests run: 12, Failures: 0, Errors: 0, Skipped: 0, Time elapsed: 0.022 sec - in org.springframework.data.convert.BytecodeGeneratingEntityInstantiatorUnitTests
Running org.springframework.data.convert.EntityInstantiatorsUnitTests
Tests run: 4, Failures: 0, Errors: 0, Skipped: 0, Time elapsed: 0.02 sec - in org.springframework.data.convert.EntityInstantiatorsUnitTests
Running org.springframework.data.convert.Jsr310ConvertersUnitTests
Tests run: 9, Failures: 0, Errors: 0, Skipped: 0, Time elapsed: 0.021 sec - in org.springframework.data.convert.Jsr310ConvertersUnitTests
Running org.springframework.data.convert.DefaultTypeMapperUnitTests
Tests run: 3, Failures: 0, Errors: 0, Skipped: 0, Time elapsed: 0.011 sec - in org.springframework.data.convert.DefaultTypeMapperUnitTests
Running org.springframework.data.geo.GeoResultsUnitTests
Tests run: 2, Failures: 0, Errors: 0, Skipped: 0, Time elapsed: 0.039 sec - in org.springframework.data.geo.GeoResultsUnitTests
Running org.springframework.data.geo.GeoModuleIntegrationTests
Tests run: 5, Failures: 0, Errors: 0, Skipped: 0, Time elapsed: 0.106 sec - in org.springframework.data.geo.GeoModuleIntegrationTests
Running org.springframework.data.geo.PolygonUnitTests
Tests run: 5, Failures: 0, Errors: 0, Skipped: 0, Time elapsed: 0.007 sec - in org.springframework.data.geo.PolygonUnitTests
Running org.springframework.data.geo.DistanceUnitTests
Tests run: 12, Failures: 0, Errors: 0, Skipped: 0, Time elapsed: 0.002 sec - in org.springframework.data.geo.DistanceUnitTests
Running org.springframework.data.geo.CircleUnitTests
Tests run: 5, Failures: 0, Errors: 0, Skipped: 0, Time elapsed: 0.001 sec - in org.springframework.data.geo.CircleUnitTests
Running org.springframework.data.geo.GeoResultUnitTests
Tests run: 4, Failures: 0, Errors: 0, Skipped: 0, Time elapsed: 0.001 sec - in org.springframework.data.geo.GeoResultUnitTests
Running org.springframework.data.geo.PointUnitTests
Tests run: 4, Failures: 0, Errors: 0, Skipped: 0, Time elapsed: 0.001 sec - in org.springframework.data.geo.PointUnitTests
Running org.springframework.data.geo.format.PointFormatterUnitTests
Tests run: 11, Failures: 0, Errors: 0, Skipped: 0, Time elapsed: 0.01 sec - in org.springframework.data.geo.format.PointFormatterUnitTests
Running org.springframework.data.geo.format.DistanceFormatterUnitTests
Tests run: 19, Failures: 0, Errors: 0, Skipped: 0, Time elapsed: 0.007 sec - in org.springframework.data.geo.format.DistanceFormatterUnitTests
Running org.springframework.data.geo.BoxUnitTests
Tests run: 4, Failures: 0, Errors: 0, Skipped: 0, Time elapsed: 0.001 sec - in org.springframework.data.geo.BoxUnitTests
Running org.springframework.data.querydsl.QuerydslRepositoryInvokerAdapterUnitTests
Tests run: 3, Failures: 0, Errors: 0, Skipped: 0, Time elapsed: 0.013 sec - in org.springframework.data.querydsl.QuerydslRepositoryInvokerAdapterUnitTests
Running org.springframework.data.querydsl.SimpleEntityPathResolverUnitTests
Tests run: 3, Failures: 0, Errors: 0, Skipped: 0, Time elapsed: 0.001 sec - in org.springframework.data.querydsl.SimpleEntityPathResolverUnitTests
Running org.springframework.data.querydsl.QPageRequestUnitTests
Tests run: 7, Failures: 0, Errors: 0, Skipped: 0, Time elapsed: 0.002 sec - in org.springframework.data.querydsl.QPageRequestUnitTests
Running org.springframework.data.querydsl.binding.QuerydslBindingsFactoryUnitTests
Tests run: 3, Failures: 0, Errors: 0, Skipped: 0, Time elapsed: 0.012 sec - in org.springframework.data.querydsl.binding.QuerydslBindingsFactoryUnitTests
Running org.springframework.data.querydsl.binding.QuerydslBindingsUnitTests
Tests run: 21, Failures: 0, Errors: 0, Skipped: 0, Time elapsed: 0.007 sec - in org.springframework.data.querydsl.binding.QuerydslBindingsUnitTests
Running org.springframework.data.querydsl.binding.QuerydslDefaultBindingUnitTests
Tests run: 5, Failures: 0, Errors: 0, Skipped: 0, Time elapsed: 0.001 sec - in org.springframework.data.querydsl.binding.QuerydslDefaultBindingUnitTests
Running org.springframework.data.querydsl.binding.QuerydslPredicateBuilderUnitTests
Tests run: 10, Failures: 0, Errors: 0, Skipped: 0, Time elapsed: 0.89 sec - in org.springframework.data.querydsl.binding.QuerydslPredicateBuilderUnitTests
Running org.springframework.data.querydsl.QSortUnitTests
Tests run: 13, Failures: 0, Errors: 0, Skipped: 0, Time elapsed: 0.017 sec - in org.springframework.data.querydsl.QSortUnitTests
Running org.springframework.data.support.CachingIsNewStrategyFactoryUnitTests
Tests run: 2, Failures: 0, Errors: 0, Skipped: 0, Time elapsed: 0.005 sec - in org.springframework.data.support.CachingIsNewStrategyFactoryUnitTests
Running org.springframework.data.support.PersistableIsNewStrategyUnitTests
Tests run: 2, Failures: 0, Errors: 0, Skipped: 0, Time elapsed: 0 sec - in org.springframework.data.support.PersistableIsNewStrategyUnitTests
Running org.springframework.data.auditing.DefaultAuditableBeanWrapperFactoryUnitTests
Tests run: 5, Failures: 0, Errors: 0, Skipped: 0, Time elapsed: 0.011 sec - in org.springframework.data.auditing.DefaultAuditableBeanWrapperFactoryUnitTests
Running org.springframework.data.auditing.ReflectionAuditingBeanWrapperUnitTests
Tests run: 4, Failures: 0, Errors: 0, Skipped: 0, Time elapsed: 0.024 sec - in org.springframework.data.auditing.ReflectionAuditingBeanWrapperUnitTests
Running org.springframework.data.auditing.AuditingHandlerUnitTests
Tests run: 6, Failures: 0, Errors: 0, Skipped: 0, Time elapsed: 0.014 sec - in org.springframework.data.auditing.AuditingHandlerUnitTests
Running org.springframework.data.auditing.IsNewAwareAuditingHandlerUnitTests
Tests run: 11, Failures: 0, Errors: 0, Skipped: 0, Time elapsed: 0.011 sec - in org.springframework.data.auditing.IsNewAwareAuditingHandlerUnitTests
Running org.springframework.data.auditing.MappingAuditableBeanWrapperFactoryUnitTests
Tests run: 10, Failures: 0, Errors: 0, Skipped: 0, Time elapsed: 0.018 sec - in org.springframework.data.auditing.MappingAuditableBeanWrapperFactoryUnitTests
Running org.springframework.data.auditing.config.AuditingBeanDefinitionRegistrarSupportUnitTests
Tests run: 1, Failures: 0, Errors: 0, Skipped: 0, Time elapsed: 0.002 sec - in org.springframework.data.auditing.config.AuditingBeanDefinitionRegistrarSupportUnitTests
Running org.springframework.data.auditing.AnnotationAuditingMetadataUnitTests
Tests run: 4, Failures: 0, Errors: 0, Skipped: 0, Time elapsed: 0.001 sec - in org.springframework.data.auditing.AnnotationAuditingMetadataUnitTests
Running org.springframework.data.util.ParsingUtilsUnitTests
Tests run: 2, Failures: 0, Errors: 0, Skipped: 0, Time elapsed: 0 sec - in org.springframework.data.util.ParsingUtilsUnitTests
Running org.springframework.data.util.DataCmns511Tests
Tests run: 1, Failures: 0, Errors: 0, Skipped: 0, Time elapsed: 0.001 sec - in org.springframework.data.util.DataCmns511Tests
Running org.springframework.data.util.TupleUnitTests
Tests run: 5, Failures: 0, Errors: 0, Skipped: 0, Time elapsed: 0.001 sec - in org.springframework.data.util.TupleUnitTests
Running org.springframework.data.util.AnnotationDetectionFieldCallbackUnitTests
Tests run: 3, Failures: 0, Errors: 0, Skipped: 0, Time elapsed: 0 sec - in org.springframework.data.util.AnnotationDetectionFieldCallbackUnitTests
Running org.springframework.data.util.VersionUnitTests
Tests run: 13, Failures: 0, Errors: 0, Skipped: 0, Time elapsed: 0.002 sec - in org.springframework.data.util.VersionUnitTests
Running org.springframework.data.util.ClassTypeInformationUnitTests
Tests run: 27, Failures: 0, Errors: 0, Skipped: 0, Time elapsed: 0.011 sec - in org.springframework.data.util.ClassTypeInformationUnitTests
Running org.springframework.data.util.AnnotatedTypeScannerUnitTests
Tests run: 1, Failures: 0, Errors: 0, Skipped: 0, Time elapsed: 0.111 sec - in org.springframework.data.util.AnnotatedTypeScannerUnitTests
Running org.springframework.data.util.AnnotationDetectionMethodCallbackUnitTests
Tests run: 2, Failures: 0, Errors: 0, Skipped: 0, Time elapsed: 0.001 sec - in org.springframework.data.util.AnnotationDetectionMethodCallbackUnitTests
Running org.springframework.data.util.ParameterizedTypeUnitTests
Tests run: 7, Failures: 0, Errors: 0, Skipped: 0, Time elapsed: 0.007 sec - in org.springframework.data.util.ParameterizedTypeUnitTests
Running org.springframework.data.util.ReflectionUtilsUnitTests
Tests run: 10, Failures: 0, Errors: 0, Skipped: 0, Time elapsed: 0.002 sec - in org.springframework.data.util.ReflectionUtilsUnitTests
Running org.springframework.data.util.TypeDiscovererUnitTests
Tests run: 11, Failures: 0, Errors: 0, Skipped: 0, Time elapsed: 0.043 sec - in org.springframework.data.util.TypeDiscovererUnitTests
Running org.springframework.data.util.StreamUtilsTests
Tests run: 1, Failures: 0, Errors: 0, Skipped: 0, Time elapsed: 0.011 sec - in org.springframework.data.util.StreamUtilsTests
Running org.springframework.data.util.DirectFieldAccessFallbackBeanWrapperUnitTests
Tests run: 4, Failures: 0, Errors: 0, Skipped: 0, Time elapsed: 0.002 sec - in org.springframework.data.util.DirectFieldAccessFallbackBeanWrapperUnitTests
Running org.springframework.data.projection.SpelAwareProxyProjectionFactoryUnitTests
Tests run: 5, Failures: 0, Errors: 0, Skipped: 0, Time elapsed: 0.013 sec - in org.springframework.data.projection.SpelAwareProxyProjectionFactoryUnitTests
Running org.springframework.data.projection.MapAccessingMethodInterceptorUnitTests
Tests run: 6, Failures: 0, Errors: 0, Skipped: 0, Time elapsed: 0.018 sec - in org.springframework.data.projection.MapAccessingMethodInterceptorUnitTests
Running org.springframework.data.projection.SpelEvaluatingMethodInterceptorUnitTests
Tests run: 5, Failures: 0, Errors: 0, Skipped: 0, Time elapsed: 0.014 sec - in org.springframework.data.projection.SpelEvaluatingMethodInterceptorUnitTests
Running org.springframework.data.projection.ProxyProjectionFactoryUnitTests
Tests run: 16, Failures: 0, Errors: 4, Skipped: 0, Time elapsed: 0.021 sec <<< FAILURE! - in org.springframework.data.projection.ProxyProjectionFactoryUnitTests
doesNotProjectPrimitiveArray(org.springframework.data.projection.ProxyProjectionFactoryUnitTests)  Time elapsed: 0.004 sec  <<< ERROR!
java.lang.NullPointerException
	at org.springframework.data.projection.ProxyProjectionFactoryUnitTests.doesNotProjectPrimitiveArray(ProxyProjectionFactoryUnitTests.java:203)

createsProjectingProxy(org.springframework.data.projection.ProxyProjectionFactoryUnitTests)  Time elapsed: 0.001 sec  <<< ERROR!
java.lang.NullPointerException
	at org.springframework.data.projection.ProxyProjectionFactoryUnitTests.createsProjectingProxy(ProxyProjectionFactoryUnitTests.java:90)

projectsNonPrimitiveArray(org.springframework.data.projection.ProxyProjectionFactoryUnitTests)  Time elapsed: 0.001 sec  <<< ERROR!
java.lang.NullPointerException
	at org.springframework.data.projection.ProxyProjectionFactoryUnitTests.projectsNonPrimitiveArray(ProxyProjectionFactoryUnitTests.java:221)

convertsPrimitiveValues(org.springframework.data.projection.ProxyProjectionFactoryUnitTests)  Time elapsed: 0.001 sec  <<< ERROR!
java.lang.NullPointerException
	at org.springframework.data.projection.ProxyProjectionFactoryUnitTests.convertsPrimitiveValues(ProxyProjectionFactoryUnitTests.java:235)

Running org.springframework.data.projection.ProjectingMethodInterceptorUnitTests
Tests run: 9, Failures: 0, Errors: 0, Skipped: 0, Time elapsed: 0.017 sec - in org.springframework.data.projection.ProjectingMethodInterceptorUnitTests
Running org.springframework.data.projection.DefaultProjectionInformationUnitTests
Tests run: 2, Failures: 0, Errors: 0, Skipped: 0, Time elapsed: 0.003 sec - in org.springframework.data.projection.DefaultProjectionInformationUnitTests
Running org.springframework.data.projection.PropertyAccessingMethodInterceptorUnitTests
Tests run: 4, Failures: 0, Errors: 2, Skipped: 0, Time elapsed: 0.006 sec <<< FAILURE! - in org.springframework.data.projection.PropertyAccessingMethodInterceptorUnitTests
triggersPropertyAccessOnTarget(org.springframework.data.projection.PropertyAccessingMethodInterceptorUnitTests)  Time elapsed: 0.001 sec  <<< ERROR!
java.lang.NullPointerException
	at org.springframework.data.projection.PropertyAccessingMethodInterceptorUnitTests.triggersPropertyAccessOnTarget(PropertyAccessingMethodInterceptorUnitTests.java:52)

throwsAppropriateExceptionIfThePropertyCannotBeFound(org.springframework.data.projection.PropertyAccessingMethodInterceptorUnitTests)  Time elapsed: 0.001 sec  <<< ERROR!
java.lang.Exception: Unexpected exception, expected<org.springframework.beans.NotReadablePropertyException> but was<java.lang.NullPointerException>
	at org.springframework.data.projection.PropertyAccessingMethodInterceptorUnitTests.throwsAppropriateExceptionIfThePropertyCannotBeFound(PropertyAccessingMethodInterceptorUnitTests.java:62)

Running org.springframework.data.transaction.ChainedTransactionManagerTests
Tests run: 7, Failures: 0, Errors: 0, Skipped: 0, Time elapsed: 0.003 sec - in org.springframework.data.transaction.ChainedTransactionManagerTests
Running org.springframework.data.annotation.TypeAliasUnitTests
Tests run: 1, Failures: 0, Errors: 0, Skipped: 0, Time elapsed: 0.004 sec - in org.springframework.data.annotation.TypeAliasUnitTests
Running org.springframework.data.history.RevisionsUnitTests
Tests run: 5, Failures: 0, Errors: 0, Skipped: 0, Time elapsed: 0.006 sec - in org.springframework.data.history.RevisionsUnitTests
Running org.springframework.data.history.RevisionUnitTests
Tests run: 4, Failures: 0, Errors: 0, Skipped: 0, Time elapsed: 0.001 sec - in org.springframework.data.history.RevisionUnitTests
Running org.springframework.data.authentication.UserCredentialsUnitTests
Tests run: 8, Failures: 0, Errors: 0, Skipped: 0, Time elapsed: 0.001 sec - in org.springframework.data.authentication.UserCredentialsUnitTests

Results :

Tests in error: 
  PropertyAccessingMethodInterceptorUnitTests.throwsAppropriateExceptionIfThePropertyCannotBeFound » 
  PropertyAccessingMethodInterceptorUnitTests.triggersPropertyAccessOnTarget:52 » NullPointer
  ProxyProjectionFactoryUnitTests.convertsPrimitiveValues:235 » NullPointer
  ProxyProjectionFactoryUnitTests.createsProjectingProxy:90 » NullPointer
  ProxyProjectionFactoryUnitTests.doesNotProjectPrimitiveArray:203 » NullPointer
  ProxyProjectionFactoryUnitTests.projectsNonPrimitiveArray:221 » NullPointer
  ResultProcessorUnitTests.createsDynamicProjectionFromEntity:148 » NullPointer
  ResultProcessorUnitTests.createsListOfProjectionsFromEntity:120 » NullPointer
  ResultProcessorUnitTests.createsPageOfProjectionsFromEntity:135 » NullPointer

Tests run: 1153, Failures: 0, Errors: 9, Skipped: 1

[INFO] ------------------------------------------------------------------------
[INFO] BUILD FAILURE
[INFO] ------------------------------------------------------------------------
[INFO] Total time: 43.106 s
[INFO] Finished at: 2021-12-25T11:06:34+00:00
[INFO] Final Memory: 34M/438M
[INFO] ------------------------------------------------------------------------
[WARNING] The requested profile "spring42" could not be activated because it does not exist.
[ERROR] Failed to execute goal org.apache.maven.plugins:maven-surefire-plugin:2.19.1:test (default-test) on project spring-data-commons: There are test failures.
[ERROR] 
[ERROR] Please refer to /home/travis/build/failed/spring-projects/spring-data-commons/target/surefire-reports for the individual test results.
[ERROR] -> [Help 1]
[ERROR] 
[ERROR] To see the full stack trace of the errors, re-run Maven with the -e switch.
[ERROR] Re-run Maven using the -X switch to enable full debug logging.
[ERROR] 
[ERROR] For more information about the errors and possible solutions, please read the following articles:
[ERROR] [Help 1] http://cwiki.apache.org/confluence/display/MAVEN/MojoFailureException
travis_time:end:0152e617:start=1640430349737845306,finish=1640430394632580490,duration=44894735184,event=script[0K[31;1mThe command "mvn clean dependency:list test -P${PROFILE} -Dsort" exited with 1.[0m
travis_fold:start:cache.2[0Kstore build cache
travis_time:start:2edb11db[0Ktravis_time:end:2edb11db:start=1640430394640608971,finish=1640430394645889846,duration=5280875,event=cache[0Ktravis_time:start:17dfd914[0KYAML safe loading is not available. Please upgrade psych to a version that supports safe loading (>= 2.0).
[32;1mchanges detected, packing new archive[0m
[32;1muploading /[0m
[31;1mfailed to upload cache[0m
travis_time:end:17dfd914:start=1640430394652442008,finish=1640430398735739490,duration=4083297482,event=cache[0Ktravis_fold:end:cache.2[0K

Done. Your build exited with 1.
